[roslaunch][INFO] 2018-07-06 11:01:10,218: Checking log directory for disk usage. This may take awhile.
Press Ctrl-C to interrupt
[roslaunch][INFO] 2018-07-06 11:01:10,221: Done checking log file disk usage. Usage is <1GB.
[roslaunch][INFO] 2018-07-06 11:01:10,221: roslaunch starting with args ['roscore', '--core']
[roslaunch][INFO] 2018-07-06 11:01:10,221: roslaunch env is {'ROS_DISTRO': 'indigo', 'LESSOPEN': '| /usr/bin/lesspipe %s', 'SSH_CLIENT': '129.22.143.235 45816 22', 'CPATH': '/home/mdas/ros_ws/devel/include:/opt/ros/indigo/include', 'LOGNAME': 'mdas', 'USER': 'mdas', 'PATH': '/opt/ros/indigo/bin:/usr/local/sbin:/usr/local/bin:/usr/sbin:/usr/bin:/sbin:/bin:/usr/games:/usr/local/games', 'HOME': '/home/mdas', 'CMAKE_PREFIX_PATH': '/home/mdas/ros_ws/devel:/opt/ros/indigo', 'LD_LIBRARY_PATH': '/home/mdas/ros_ws/devel/lib:/opt/ros/indigo/lib', 'LANG': 'en_US.UTF-8', 'TERM': 'screen', 'SHELL': '/bin/bash', 'SHLVL': '2', 'QT_QPA_PLATFORMTHEME': 'appmenu-qt5', 'WINDOW': '0', 'ROS_LOG_FILENAME': '/home/mdas/.ros/log/6ae8b25c-812d-11e8-91b6-f44d306c96a4/roslaunch-mdas-Meerkat-9027.log', 'ROS_ETC_DIR': '/opt/ros/indigo/etc/ros', 'XDG_RUNTIME_DIR': '/run/user/1000', 'PYTHONPATH': '/home/mdas/ros_ws/devel/lib/python2.7/dist-packages:/opt/ros/indigo/lib/python2.7/dist-packages', 'ROS_ROOT': '/opt/ros/indigo/share/ros', 'PKG_CONFIG_PATH': '/home/mdas/ros_ws/devel/lib/pkgconfig:/opt/ros/indigo/lib/pkgconfig', 'ROS_PACKAGE_PATH': '/home/mdas/ros_ws/src:/opt/ros/indigo/share:/opt/ros/indigo/stacks', 'ROS_WORKSPACE': '/home/mdas/ros_ws', 'XDG_SESSION_ID': '4', 'STY': '8825.pts-6.mdas-Meerkat', '_': '/opt/ros/indigo/bin/roscore', 'TERMCAP': 'SC|screen|VT 100/ANSI X3.64 virtual terminal:\\\n\t:DO=\\E[%dB:LE=\\E[%dD:RI=\\E[%dC:UP=\\E[%dA:bs:bt=\\E[Z:\\\n\t:cd=\\E[J:ce=\\E[K:cl=\\E[H\\E[J:cm=\\E[%i%d;%dH:ct=\\E[3g:\\\n\t:do=^J:nd=\\E[C:pt:rc=\\E8:rs=\\Ec:sc=\\E7:st=\\EH:up=\\EM:\\\n\t:le=^H:bl=^G:cr=^M:it#8:ho=\\E[H:nw=\\EE:ta=^I:is=\\E)0:\\\n\t:li#56:co#205:am:xn:xv:LP:sr=\\EM:al=\\E[L:AL=\\E[%dL:\\\n\t:cs=\\E[%i%d;%dr:dl=\\E[M:DL=\\E[%dM:dc=\\E[P:DC=\\E[%dP:\\\n\t:im=\\E[4h:ei=\\E[4l:mi:IC=\\E[%d@:ks=\\E[?1h\\E=:\\\n\t:ke=\\E[?1l\\E>:vi=\\E[?25l:ve=\\E[34h\\E[?25h:vs=\\E[34l:\\\n\t:ti=\\E[?1049h:te=\\E[?1049l:us=\\E[4m:ue=\\E[24m:so=\\E[3m:\\\n\t:se=\\E[23m:mb=\\E[5m:md=\\E[1m:mr=\\E[7m:me=\\E[m:ms:\\\n\t:Co#8:pa#64:AF=\\E[3%dm:AB=\\E[4%dm:op=\\E[39;49m:AX:\\\n\t:vb=\\Eg:G0:as=\\E(0:ae=\\E(B:\\\n\t:ac=\\140\\140aaffggjjkkllmmnnooppqqrrssttuuvvwwxxyyzz{{||}}~~..--++,,hhII00:\\\n\t:po=\\E[5i:pf=\\E[4i:Km=\\E[M:k0=\\E[10~:k1=\\EOP:k2=\\EOQ:\\\n\t:k3=\\EOR:k4=\\EOS:k5=\\E[15~:k6=\\E[17~:k7=\\E[18~:\\\n\t:k8=\\E[19~:k9=\\E[20~:k;=\\E[21~:F1=\\E[23~:F2=\\E[24~:\\\n\t:F3=\\E[1;2P:F4=\\E[1;2Q:F5=\\E[1;2R:F6=\\E[1;2S:\\\n\t:F7=\\E[15;2~:F8=\\E[17;2~:F9=\\E[18;2~:FA=\\E[19;2~:kb=\x7f:\\\n\t:K2=\\EOE:kB=\\E[Z:kF=\\E[1;2B:kR=\\E[1;2A:*4=\\E[3;2~:\\\n\t:*7=\\E[1;2F:#2=\\E[1;2H:#3=\\E[2;2~:#4=\\E[1;2D:%c=\\E[6;2~:\\\n\t:%e=\\E[5;2~:%i=\\E[1;2C:kh=\\E[1~:@1=\\E[1~:kH=\\E[4~:\\\n\t:@7=\\E[4~:kN=\\E[6~:kP=\\E[5~:kI=\\E[2~:kD=\\E[3~:ku=\\EOA:\\\n\t:kd=\\EOB:kr=\\EOC:kl=\\EOD:km:', 'SSH_CONNECTION': '129.22.143.235 45816 129.22.149.227 22', 'LESSCLOSE': '/usr/bin/lesspipe %s %s', 'SSH_TTY': '/dev/pts/6', 'PWD': '/home/mdas/MDAS-GPS', 'ROS_MASTER_URI': 'http://localhost:11311', 'MAIL': '/var/mail/mdas', 'LS_COLORS': 'rs=0:di=01;34:ln=01;36:mh=00:pi=40;33:so=01;35:do=01;35:bd=40;33;01:cd=40;33;01:or=40;31;01:su=37;41:sg=30;43:ca=30;41:tw=30;42:ow=34;42:st=37;44:ex=01;32:*.tar=01;31:*.tgz=01;31:*.arj=01;31:*.taz=01;31:*.lzh=01;31:*.lzma=01;31:*.tlz=01;31:*.txz=01;31:*.zip=01;31:*.z=01;31:*.Z=01;31:*.dz=01;31:*.gz=01;31:*.lz=01;31:*.xz=01;31:*.bz2=01;31:*.bz=01;31:*.tbz=01;31:*.tbz2=01;31:*.tz=01;31:*.deb=01;31:*.rpm=01;31:*.jar=01;31:*.war=01;31:*.ear=01;31:*.sar=01;31:*.rar=01;31:*.ace=01;31:*.zoo=01;31:*.cpio=01;31:*.7z=01;31:*.rz=01;31:*.jpg=01;35:*.jpeg=01;35:*.gif=01;35:*.bmp=01;35:*.pbm=01;35:*.pgm=01;35:*.ppm=01;35:*.tga=01;35:*.xbm=01;35:*.xpm=01;35:*.tif=01;35:*.tiff=01;35:*.png=01;35:*.svg=01;35:*.svgz=01;35:*.mng=01;35:*.pcx=01;35:*.mov=01;35:*.mpg=01;35:*.mpeg=01;35:*.m2v=01;35:*.mkv=01;35:*.webm=01;35:*.ogm=01;35:*.mp4=01;35:*.m4v=01;35:*.mp4v=01;35:*.vob=01;35:*.qt=01;35:*.nuv=01;35:*.wmv=01;35:*.asf=01;35:*.rm=01;35:*.rmvb=01;35:*.flc=01;35:*.avi=01;35:*.fli=01;35:*.flv=01;35:*.gl=01;35:*.dl=01;35:*.xcf=01;35:*.xwd=01;35:*.yuv=01;35:*.cgm=01;35:*.emf=01;35:*.axv=01;35:*.anx=01;35:*.ogv=01;35:*.ogx=01;35:*.aac=00;36:*.au=00;36:*.flac=00;36:*.mid=00;36:*.midi=00;36:*.mka=00;36:*.mp3=00;36:*.mpc=00;36:*.ogg=00;36:*.ra=00;36:*.wav=00;36:*.axa=00;36:*.oga=00;36:*.spx=00;36:*.xspf=00;36:'}
[roslaunch][INFO] 2018-07-06 11:01:10,221: starting in server mode
[roslaunch.parent][INFO] 2018-07-06 11:01:10,221: starting roslaunch parent run
[roslaunch][INFO] 2018-07-06 11:01:10,221: loading roscore config file /opt/ros/indigo/etc/ros/roscore.xml
[roslaunch][INFO] 2018-07-06 11:01:10,283: Added core node of type [rosout/rosout] in namespace [/]
[roslaunch.pmon][INFO] 2018-07-06 11:01:10,283: start_process_monitor: creating ProcessMonitor
[roslaunch.pmon][INFO] 2018-07-06 11:01:10,283: created process monitor <ProcessMonitor(ProcessMonitor-1, initial daemon)>
[roslaunch.pmon][INFO] 2018-07-06 11:01:10,284: start_process_monitor: ProcessMonitor started
[roslaunch.parent][INFO] 2018-07-06 11:01:10,284: starting parent XML-RPC server
[roslaunch.server][INFO] 2018-07-06 11:01:10,284: starting roslaunch XML-RPC server
[roslaunch.server][INFO] 2018-07-06 11:01:10,284: waiting for roslaunch XML-RPC server to initialize
[xmlrpc][INFO] 2018-07-06 11:01:10,284: XML-RPC server binding to 0.0.0.0:0
[xmlrpc][INFO] 2018-07-06 11:01:10,284: Started XML-RPC server [http://mdas-Meerkat:36435/]
[xmlrpc][INFO] 2018-07-06 11:01:10,284: xml rpc node: starting XML-RPC server
[roslaunch][INFO] 2018-07-06 11:01:10,295: started roslaunch server http://mdas-Meerkat:36435/
[roslaunch.parent][INFO] 2018-07-06 11:01:10,295: ... parent XML-RPC server started
[roslaunch][INFO] 2018-07-06 11:01:10,296: master.is_running[http://mdas-Meerkat:11311/]
[roslaunch][INFO] 2018-07-06 11:01:10,296: auto-starting new master
[roslaunch][INFO] 2018-07-06 11:01:10,296: create_master_process: rosmaster, /opt/ros/indigo/share/ros, 11311, 3, None
[roslaunch][INFO] 2018-07-06 11:01:10,296: process[master]: launching with args [['rosmaster', '--core', '-p', '11311', '-w', '3']]
[roslaunch.pmon][INFO] 2018-07-06 11:01:10,296: ProcessMonitor.register[master]
[roslaunch.pmon][INFO] 2018-07-06 11:01:10,296: ProcessMonitor.register[master] complete
[roslaunch][INFO] 2018-07-06 11:01:10,297: process[master]: starting os process
[roslaunch][INFO] 2018-07-06 11:01:10,297: process[master]: start w/ args [['rosmaster', '--core', '-p', '11311', '-w', '3', '__log:=/home/mdas/.ros/log/6ae8b25c-812d-11e8-91b6-f44d306c96a4/master.log']]
[roslaunch][INFO] 2018-07-06 11:01:10,297: process[master]: cwd will be [/home/mdas/.ros]
[roslaunch][INFO] 2018-07-06 11:01:10,298: process[master]: started with pid [9039]
[roslaunch][INFO] 2018-07-06 11:01:10,298: master.is_running[http://mdas-Meerkat:11311/]
[roslaunch][INFO] 2018-07-06 11:01:10,399: master.is_running[http://mdas-Meerkat:11311/]
[roslaunch][INFO] 2018-07-06 11:01:10,401: master.is_running[http://mdas-Meerkat:11311/]
[roslaunch][INFO] 2018-07-06 11:01:10,402: ROS_MASTER_URI=http://mdas-Meerkat:11311/
[roslaunch][INFO] 2018-07-06 11:01:10,404: setting /run_id to 6ae8b25c-812d-11e8-91b6-f44d306c96a4
[roslaunch][INFO] 2018-07-06 11:01:10,405: setting /roslaunch/uris/host_mdas_meerkat__36435' to http://mdas-Meerkat:36435/
[roslaunch][INFO] 2018-07-06 11:01:10,408: ... preparing to launch node of type [rosout/rosout]
[roslaunch][INFO] 2018-07-06 11:01:10,408: create_node_process: package[rosout] type[rosout] machine[Machine(name[] env_loader[None] address[localhost] ssh_port[22] user[None] assignable[True] timeout[10.0])] master_uri[http://mdas-Meerkat:11311/]
[roslaunch][INFO] 2018-07-06 11:01:10,408: process[rosout-1]: env[{'ROS_DISTRO': 'indigo', 'LESSOPEN': '| /usr/bin/lesspipe %s', 'SSH_CLIENT': '129.22.143.235 45816 22', 'CPATH': '/home/mdas/ros_ws/devel/include:/opt/ros/indigo/include', 'LOGNAME': 'mdas', 'USER': 'mdas', 'PATH': '/opt/ros/indigo/bin:/usr/local/sbin:/usr/local/bin:/usr/sbin:/usr/bin:/sbin:/bin:/usr/games:/usr/local/games', 'HOME': '/home/mdas', 'CMAKE_PREFIX_PATH': '/home/mdas/ros_ws/devel:/opt/ros/indigo', 'ROS_LOG_FILENAME': '/home/mdas/.ros/log/6ae8b25c-812d-11e8-91b6-f44d306c96a4/roslaunch-mdas-Meerkat-9027.log', 'LANG': 'en_US.UTF-8', 'TERM': 'screen', 'SHELL': '/bin/bash', 'SHLVL': '2', 'QT_QPA_PLATFORMTHEME': 'appmenu-qt5', 'PWD': '/home/mdas/MDAS-GPS', 'LD_LIBRARY_PATH': '/home/mdas/ros_ws/devel/lib:/opt/ros/indigo/lib', 'ROS_MASTER_URI': 'http://mdas-Meerkat:11311/', 'XDG_RUNTIME_DIR': '/run/user/1000', 'PYTHONPATH': '/home/mdas/ros_ws/devel/lib/python2.7/dist-packages:/opt/ros/indigo/lib/python2.7/dist-packages', 'ROS_ROOT': '/opt/ros/indigo/share/ros', 'PKG_CONFIG_PATH': '/home/mdas/ros_ws/devel/lib/pkgconfig:/opt/ros/indigo/lib/pkgconfig', 'ROS_PACKAGE_PATH': '/home/mdas/ros_ws/src:/opt/ros/indigo/share:/opt/ros/indigo/stacks', 'ROS_WORKSPACE': '/home/mdas/ros_ws', 'XDG_SESSION_ID': '4', 'STY': '8825.pts-6.mdas-Meerkat', '_': '/opt/ros/indigo/bin/roscore', 'TERMCAP': 'SC|screen|VT 100/ANSI X3.64 virtual terminal:\\\n\t:DO=\\E[%dB:LE=\\E[%dD:RI=\\E[%dC:UP=\\E[%dA:bs:bt=\\E[Z:\\\n\t:cd=\\E[J:ce=\\E[K:cl=\\E[H\\E[J:cm=\\E[%i%d;%dH:ct=\\E[3g:\\\n\t:do=^J:nd=\\E[C:pt:rc=\\E8:rs=\\Ec:sc=\\E7:st=\\EH:up=\\EM:\\\n\t:le=^H:bl=^G:cr=^M:it#8:ho=\\E[H:nw=\\EE:ta=^I:is=\\E)0:\\\n\t:li#56:co#205:am:xn:xv:LP:sr=\\EM:al=\\E[L:AL=\\E[%dL:\\\n\t:cs=\\E[%i%d;%dr:dl=\\E[M:DL=\\E[%dM:dc=\\E[P:DC=\\E[%dP:\\\n\t:im=\\E[4h:ei=\\E[4l:mi:IC=\\E[%d@:ks=\\E[?1h\\E=:\\\n\t:ke=\\E[?1l\\E>:vi=\\E[?25l:ve=\\E[34h\\E[?25h:vs=\\E[34l:\\\n\t:ti=\\E[?1049h:te=\\E[?1049l:us=\\E[4m:ue=\\E[24m:so=\\E[3m:\\\n\t:se=\\E[23m:mb=\\E[5m:md=\\E[1m:mr=\\E[7m:me=\\E[m:ms:\\\n\t:Co#8:pa#64:AF=\\E[3%dm:AB=\\E[4%dm:op=\\E[39;49m:AX:\\\n\t:vb=\\Eg:G0:as=\\E(0:ae=\\E(B:\\\n\t:ac=\\140\\140aaffggjjkkllmmnnooppqqrrssttuuvvwwxxyyzz{{||}}~~..--++,,hhII00:\\\n\t:po=\\E[5i:pf=\\E[4i:Km=\\E[M:k0=\\E[10~:k1=\\EOP:k2=\\EOQ:\\\n\t:k3=\\EOR:k4=\\EOS:k5=\\E[15~:k6=\\E[17~:k7=\\E[18~:\\\n\t:k8=\\E[19~:k9=\\E[20~:k;=\\E[21~:F1=\\E[23~:F2=\\E[24~:\\\n\t:F3=\\E[1;2P:F4=\\E[1;2Q:F5=\\E[1;2R:F6=\\E[1;2S:\\\n\t:F7=\\E[15;2~:F8=\\E[17;2~:F9=\\E[18;2~:FA=\\E[19;2~:kb=\x7f:\\\n\t:K2=\\EOE:kB=\\E[Z:kF=\\E[1;2B:kR=\\E[1;2A:*4=\\E[3;2~:\\\n\t:*7=\\E[1;2F:#2=\\E[1;2H:#3=\\E[2;2~:#4=\\E[1;2D:%c=\\E[6;2~:\\\n\t:%e=\\E[5;2~:%i=\\E[1;2C:kh=\\E[1~:@1=\\E[1~:kH=\\E[4~:\\\n\t:@7=\\E[4~:kN=\\E[6~:kP=\\E[5~:kI=\\E[2~:kD=\\E[3~:ku=\\EOA:\\\n\t:kd=\\EOB:kr=\\EOC:kl=\\EOD:km:', 'LS_COLORS': 'rs=0:di=01;34:ln=01;36:mh=00:pi=40;33:so=01;35:do=01;35:bd=40;33;01:cd=40;33;01:or=40;31;01:su=37;41:sg=30;43:ca=30;41:tw=30;42:ow=34;42:st=37;44:ex=01;32:*.tar=01;31:*.tgz=01;31:*.arj=01;31:*.taz=01;31:*.lzh=01;31:*.lzma=01;31:*.tlz=01;31:*.txz=01;31:*.zip=01;31:*.z=01;31:*.Z=01;31:*.dz=01;31:*.gz=01;31:*.lz=01;31:*.xz=01;31:*.bz2=01;31:*.bz=01;31:*.tbz=01;31:*.tbz2=01;31:*.tz=01;31:*.deb=01;31:*.rpm=01;31:*.jar=01;31:*.war=01;31:*.ear=01;31:*.sar=01;31:*.rar=01;31:*.ace=01;31:*.zoo=01;31:*.cpio=01;31:*.7z=01;31:*.rz=01;31:*.jpg=01;35:*.jpeg=01;35:*.gif=01;35:*.bmp=01;35:*.pbm=01;35:*.pgm=01;35:*.ppm=01;35:*.tga=01;35:*.xbm=01;35:*.xpm=01;35:*.tif=01;35:*.tiff=01;35:*.png=01;35:*.svg=01;35:*.svgz=01;35:*.mng=01;35:*.pcx=01;35:*.mov=01;35:*.mpg=01;35:*.mpeg=01;35:*.m2v=01;35:*.mkv=01;35:*.webm=01;35:*.ogm=01;35:*.mp4=01;35:*.m4v=01;35:*.mp4v=01;35:*.vob=01;35:*.qt=01;35:*.nuv=01;35:*.wmv=01;35:*.asf=01;35:*.rm=01;35:*.rmvb=01;35:*.flc=01;35:*.avi=01;35:*.fli=01;35:*.flv=01;35:*.gl=01;35:*.dl=01;35:*.xcf=01;35:*.xwd=01;35:*.yuv=01;35:*.cgm=01;35:*.emf=01;35:*.axv=01;35:*.anx=01;35:*.ogv=01;35:*.ogx=01;35:*.aac=00;36:*.au=00;36:*.flac=00;36:*.mid=00;36:*.midi=00;36:*.mka=00;36:*.mp3=00;36:*.mpc=00;36:*.ogg=00;36:*.ra=00;36:*.wav=00;36:*.axa=00;36:*.oga=00;36:*.spx=00;36:*.xspf=00;36:', 'LESSCLOSE': '/usr/bin/lesspipe %s %s', 'SSH_TTY': '/dev/pts/6', 'WINDOW': '0', 'ROS_ETC_DIR': '/opt/ros/indigo/etc/ros', 'MAIL': '/var/mail/mdas', 'SSH_CONNECTION': '129.22.143.235 45816 129.22.149.227 22'}]
[roslaunch][INFO] 2018-07-06 11:01:10,470: process[rosout-1]: args[[u'/opt/ros/indigo/lib/rosout/rosout', u'__name:=rosout']]
[roslaunch][INFO] 2018-07-06 11:01:10,470: ... created process [rosout-1]
[roslaunch.pmon][INFO] 2018-07-06 11:01:10,470: ProcessMonitor.register[rosout-1]
[roslaunch.pmon][INFO] 2018-07-06 11:01:10,470: ProcessMonitor.register[rosout-1] complete
[roslaunch][INFO] 2018-07-06 11:01:10,470: ... registered process [rosout-1]
[roslaunch][INFO] 2018-07-06 11:01:10,470: process[rosout-1]: starting os process
[roslaunch][INFO] 2018-07-06 11:01:10,470: process[rosout-1]: start w/ args [[u'/opt/ros/indigo/lib/rosout/rosout', u'__name:=rosout', u'__log:=/home/mdas/.ros/log/6ae8b25c-812d-11e8-91b6-f44d306c96a4/rosout-1.log']]
[roslaunch][INFO] 2018-07-06 11:01:10,470: process[rosout-1]: cwd will be [/home/mdas/.ros]
[roslaunch][INFO] 2018-07-06 11:01:10,472: process[rosout-1]: started with pid [9052]
[roslaunch][INFO] 2018-07-06 11:01:10,472: ... successfully launched [rosout-1]
[roslaunch][INFO] 2018-07-06 11:01:10,472: load_parameters starting ...
[roslaunch][INFO] 2018-07-06 11:01:10,474: ... load_parameters complete
[roslaunch][INFO] 2018-07-06 11:01:10,474: launch_nodes: launching local nodes ...
[roslaunch][INFO] 2018-07-06 11:01:10,474: ... launch_nodes complete
[roslaunch.pmon][INFO] 2018-07-06 11:01:10,474: registrations completed <ProcessMonitor(ProcessMonitor-1, started daemon 139746803656448)>
[roslaunch.parent][INFO] 2018-07-06 11:01:10,474: ... roslaunch parent running, waiting for process exit
[roslaunch][INFO] 2018-07-06 11:01:10,474: spin
[roslaunch.pmon][INFO] 2018-07-06 11:06:17,452: ProcessMonitor.shutdown <ProcessMonitor(ProcessMonitor-1, started daemon 139746803656448)>
[roslaunch.pmon][INFO] 2018-07-06 11:06:17,468: ProcessMonitor._post_run <ProcessMonitor(ProcessMonitor-1, started daemon 139746803656448)>
[roslaunch.pmon][INFO] 2018-07-06 11:06:17,468: ProcessMonitor._post_run <ProcessMonitor(ProcessMonitor-1, started daemon 139746803656448)>: remaining procs are [<roslaunch.nodeprocess.LocalProcess object at 0x7f19569864d0>, <roslaunch.nodeprocess.LocalProcess object at 0x7f1956986650>]
[roslaunch.pmon][INFO] 2018-07-06 11:06:17,469: ProcessMonitor exit: killing rosout-1
[roslaunch][INFO] 2018-07-06 11:06:17,469: [rosout-1] killing on exit
[roslaunch][INFO] 2018-07-06 11:06:17,469: process[rosout-1]: killing os process with pid[9052] pgid[9052]
[roslaunch][INFO] 2018-07-06 11:06:17,469: [rosout-1] sending SIGINT to pgid [9052]
[roslaunch][INFO] 2018-07-06 11:06:17,469: [rosout-1] sent SIGINT to pgid [9052]
[roslaunch][INFO] 2018-07-06 11:06:17,670: process[rosout-1]: SIGINT killed with return value 0
[roslaunch.pmon][INFO] 2018-07-06 11:06:17,670: ProcessMonitor exit: killing master
[roslaunch][INFO] 2018-07-06 11:06:17,670: [master] killing on exit
[roslaunch][INFO] 2018-07-06 11:06:17,670: process[master]: killing os process with pid[9039] pgid[9039]
[roslaunch][INFO] 2018-07-06 11:06:17,670: [master] sending SIGINT to pgid [9039]
[roslaunch][INFO] 2018-07-06 11:06:17,670: [master] sent SIGINT to pgid [9039]
[roslaunch][INFO] 2018-07-06 11:06:17,871: process[master]: SIGINT killed with return value 0
[roslaunch.pmon][INFO] 2018-07-06 11:06:17,871: ProcessMonitor exit: cleaning up data structures and signals
[roslaunch.pmon][INFO] 2018-07-06 11:06:17,871: ProcessMonitor exit: pmon has shutdown
[roslaunch][INFO] 2018-07-06 11:06:17,917: process monitor is done spinning, initiating full shutdown
[roslaunch][INFO] 2018-07-06 11:06:17,917: runner.stop()
[roslaunch][INFO] 2018-07-06 11:06:17,918: shutting down processing monitor...
[roslaunch][INFO] 2018-07-06 11:06:17,918: shutting down processing monitor <ProcessMonitor(ProcessMonitor-1, stopped daemon 139746803656448)>
[roslaunch.pmon][INFO] 2018-07-06 11:06:17,918: ProcessMonitor.shutdown <ProcessMonitor(ProcessMonitor-1, stopped daemon 139746803656448)>
[roslaunch][INFO] 2018-07-06 11:06:17,918: ... shutting down processing monitor complete
[roslaunch][INFO] 2018-07-06 11:06:17,918: done
[roslaunch.pmon][INFO] 2018-07-06 11:06:17,918: ProcessMonitor.shutdown <ProcessMonitor(ProcessMonitor-1, stopped daemon 139746803656448)>
[rospy.core][INFO] 2018-07-06 11:06:17,919: signal_shutdown [atexit]
