[rosmaster.main][INFO] 2018-07-06 12:41:39,343: initialization complete, waiting for shutdown
[rosmaster.main][INFO] 2018-07-06 12:41:39,344: Starting ROS Master Node
[xmlrpc][INFO] 2018-07-06 12:41:39,344: XML-RPC server binding to 0.0.0.0:11311
[xmlrpc][INFO] 2018-07-06 12:41:39,344: Started XML-RPC server [http://mdas-Meerkat:11311/]
[xmlrpc][INFO] 2018-07-06 12:41:39,344: xml rpc node: starting XML-RPC server
[rosmaster.master][INFO] 2018-07-06 12:41:39,344: Master initialized: port[11311], uri[http://mdas-Meerkat:11311/]
[rosmaster.master][INFO] 2018-07-06 12:41:39,372: +PARAM [/run_id] by /roslaunch
[rosmaster.master][INFO] 2018-07-06 12:41:39,373: +PARAM [/roslaunch/uris/host_mdas_meerkat__35843] by /roslaunch
[rosmaster.master][INFO] 2018-07-06 12:41:39,429: +PARAM [/novatel_node/psrpos_default_logs_period] by /roslaunch
[rosmaster.master][INFO] 2018-07-06 12:41:39,429: +PARAM [/rosdistro] by /roslaunch
[rosmaster.master][INFO] 2018-07-06 12:41:39,429: +PARAM [/novatel_node/baudrate] by /roslaunch
[rosmaster.master][INFO] 2018-07-06 12:41:39,429: +PARAM [/novatel_node/log_commands] by /roslaunch
[rosmaster.master][INFO] 2018-07-06 12:41:39,429: +PARAM [/rosversion] by /roslaunch
[rosmaster.master][INFO] 2018-07-06 12:41:39,429: +PARAM [/novatel_node/psrpos_topic] by /roslaunch
[rosmaster.master][INFO] 2018-07-06 12:41:39,429: +PARAM [/novatel_node/odom_topic] by /roslaunch
[rosmaster.master][INFO] 2018-07-06 12:41:39,429: +PARAM [/novatel_node/port] by /roslaunch
[rosmaster.master][INFO] 2018-07-06 12:41:39,429: +PARAM [/novatel_node/span_default_logs_period] by /roslaunch
[rosmaster.master][INFO] 2018-07-06 12:41:39,430: +PARAM [/novatel_node/ephem_log] by /roslaunch
[rosmaster.master][INFO] 2018-07-06 12:41:39,430: +PARAM [/novatel_node/range_default_logs_period] by /roslaunch
[rosmaster.master][INFO] 2018-07-06 12:41:39,430: +PARAM [/novatel_node/gps_default_logs_period] by /roslaunch
[rosmaster.master][INFO] 2018-07-06 12:41:39,433: +SERVICE [/rosout/get_loggers] /rosout http://mdas-Meerkat:35933/
[rosmaster.master][INFO] 2018-07-06 12:41:39,437: +SERVICE [/rosout/set_logger_level] /rosout http://mdas-Meerkat:35933/
[rosmaster.master][INFO] 2018-07-06 12:41:39,438: +PUB [/rosout_agg] /rosout http://mdas-Meerkat:35933/
[rosmaster.master][INFO] 2018-07-06 12:41:39,440: +PUB [/rosout] /novatel_node http://mdas-Meerkat:35451/
[rosmaster.master][INFO] 2018-07-06 12:41:39,441: +SUB [/rosout] /rosout http://mdas-Meerkat:35933/
[rosmaster.master][INFO] 2018-07-06 12:41:39,441: +SERVICE [/novatel_node/get_loggers] /novatel_node http://mdas-Meerkat:35451/
[rosmaster.master][INFO] 2018-07-06 12:41:39,442: +SERVICE [/novatel_node/set_logger_level] /novatel_node http://mdas-Meerkat:35451/
[rosmaster.master][INFO] 2018-07-06 12:41:39,451: +PUB [/gps_odom] /novatel_node http://mdas-Meerkat:35451/
[rosmaster.master][INFO] 2018-07-06 12:41:39,451: +PUB [/gps_fix] /novatel_node http://mdas-Meerkat:35451/
[rosmaster.master][INFO] 2018-07-06 12:41:39,452: +PUB [/ephemeris] /novatel_node http://mdas-Meerkat:35451/
[rosmaster.master][INFO] 2018-07-06 12:41:39,452: +PUB [/range] /novatel_node http://mdas-Meerkat:35451/
[rosmaster.master][INFO] 2018-07-06 12:41:39,452: +PUB [/gps_fix_psr] /novatel_node http://mdas-Meerkat:35451/
[rosmaster.master][INFO] 2018-07-06 12:41:39,453: +PUB [/novatel_node/gps_fix_ecef] /novatel_node http://mdas-Meerkat:35451/
[rosmaster.master][INFO] 2018-07-06 12:42:17,966: +PUB [/rosout] /rostopic_2972_1530895337843 http://mdas-Meerkat:39351/
[rosmaster.master][INFO] 2018-07-06 12:42:17,976: +SERVICE [/rostopic_2972_1530895337843/get_loggers] /rostopic_2972_1530895337843 http://mdas-Meerkat:39351/
[rosmaster.master][INFO] 2018-07-06 12:42:17,978: publisherUpdate[/rosout] -> http://mdas-Meerkat:35933/
[rosmaster.master][INFO] 2018-07-06 12:42:17,981: +SERVICE [/rostopic_2972_1530895337843/set_logger_level] /rostopic_2972_1530895337843 http://mdas-Meerkat:39351/
[rosmaster.master][INFO] 2018-07-06 12:42:18,022: +SUB [/gps_fix] /rostopic_2972_1530895337843 http://mdas-Meerkat:39351/
[rosmaster.master][INFO] 2018-07-06 12:43:46,621: -SUB [/gps_fix] /rostopic_2972_1530895337843 http://mdas-Meerkat:39351/
[rosmaster.master][INFO] 2018-07-06 12:43:46,621: -PUB [/rosout] /rostopic_2972_1530895337843 http://mdas-Meerkat:39351/
[rosmaster.master][INFO] 2018-07-06 12:43:46,622: -SERVICE [/rostopic_2972_1530895337843/set_logger_level] /rostopic_2972_1530895337843 rosrpc://mdas-Meerkat:41291
[rosmaster.master][INFO] 2018-07-06 12:43:46,622: -SERVICE [/rostopic_2972_1530895337843/get_loggers] /rostopic_2972_1530895337843 rosrpc://mdas-Meerkat:41291
[rosmaster.master][INFO] 2018-07-06 12:43:46,646: publisherUpdate[/rosout] -> http://mdas-Meerkat:35933/
[rosmaster.master][INFO] 2018-07-06 12:44:14,544: -PUB [/rosout] /novatel_node http://mdas-Meerkat:35451/
[rosmaster.master][INFO] 2018-07-06 12:44:14,545: -PUB [/gps_odom] /novatel_node http://mdas-Meerkat:35451/
[rosmaster.master][INFO] 2018-07-06 12:44:14,545: -PUB [/gps_fix] /novatel_node http://mdas-Meerkat:35451/
[rosmaster.master][INFO] 2018-07-06 12:44:14,546: -PUB [/ephemeris] /novatel_node http://mdas-Meerkat:35451/
[rosmaster.master][INFO] 2018-07-06 12:44:14,546: -PUB [/range] /novatel_node http://mdas-Meerkat:35451/
[rosmaster.master][INFO] 2018-07-06 12:44:14,547: -PUB [/gps_fix_psr] /novatel_node http://mdas-Meerkat:35451/
[rosmaster.master][INFO] 2018-07-06 12:44:14,547: -PUB [/novatel_node/gps_fix_ecef] /novatel_node http://mdas-Meerkat:35451/
[rosmaster.master][INFO] 2018-07-06 12:44:14,547: -SERVICE [/novatel_node/get_loggers] /novatel_node rosrpc://mdas-Meerkat:47821
[rosmaster.master][INFO] 2018-07-06 12:44:14,548: -SERVICE [/novatel_node/set_logger_level] /novatel_node rosrpc://mdas-Meerkat:47821
[rosmaster.master][INFO] 2018-07-06 12:44:14,614: publisherUpdate[/rosout] -> http://mdas-Meerkat:35933/
[rosmaster.master][INFO] 2018-07-06 12:44:15,217: -PUB [/rosout_agg] /rosout http://mdas-Meerkat:35933/
[rosmaster.master][INFO] 2018-07-06 12:44:15,217: -SUB [/rosout] /rosout http://mdas-Meerkat:35933/
[rosmaster.master][INFO] 2018-07-06 12:44:15,217: -SERVICE [/rosout/get_loggers] /rosout rosrpc://mdas-Meerkat:40421
[rosmaster.master][INFO] 2018-07-06 12:44:15,218: -SERVICE [/rosout/set_logger_level] /rosout rosrpc://mdas-Meerkat:40421
[rosmaster.main][INFO] 2018-07-06 12:44:15,307: keyboard interrupt, will exit
[rosmaster.main][INFO] 2018-07-06 12:44:15,307: stopping master...
[rospy.core][INFO] 2018-07-06 12:44:15,308: signal_shutdown [atexit]
