[roslaunch][INFO] 2017-11-04 10:28:32,300: Checking log directory for disk usage. This may take awhile.
Press Ctrl-C to interrupt
[roslaunch][INFO] 2017-11-04 10:28:32,307: Done checking log file disk usage. Usage is <1GB.
[roslaunch][INFO] 2017-11-04 10:28:32,307: roslaunch starting with args ['/opt/ros/indigo/bin/roslaunch', 'launchers', 'full_launch.launch']
[roslaunch][INFO] 2017-11-04 10:28:32,307: roslaunch env is {'ROS_DISTRO': 'indigo', 'LESSOPEN': '| /usr/bin/lesspipe %s', 'SSH_CLIENT': '192.168.1.110 49162 22', 'CPATH': '/home/mdas/ros_ws/devel/include:/opt/ros/indigo/include', 'LOGNAME': 'mdas', 'USER': 'mdas', 'PATH': '/opt/ros/indigo/bin:/usr/local/sbin:/usr/local/bin:/usr/sbin:/usr/bin:/sbin:/bin:/usr/games:/usr/local/games', 'HOME': '/home/mdas', 'CMAKE_PREFIX_PATH': '/home/mdas/ros_ws/devel:/opt/ros/indigo', 'LD_LIBRARY_PATH': '/home/mdas/ros_ws/devel/lib:/opt/ros/indigo/lib', 'LANG': 'en_US.UTF-8', 'TERM': 'xterm-256color', 'SHELL': '/bin/bash', 'SHLVL': '1', 'QT_QPA_PLATFORMTHEME': 'appmenu-qt5', 'ROS_LOG_FILENAME': '/home/mdas/.ros/log/6f193ada-c16c-11e7-b524-f44d306c96a4/roslaunch-mdas-Meerkat-2816.log', 'ROS_ETC_DIR': '/opt/ros/indigo/etc/ros', 'XDG_RUNTIME_DIR': '/run/user/1000', 'PYTHONPATH': '/home/mdas/ros_ws/devel/lib/python2.7/dist-packages:/opt/ros/indigo/lib/python2.7/dist-packages', 'ROS_ROOT': '/opt/ros/indigo/share/ros', 'PKG_CONFIG_PATH': '/home/mdas/ros_ws/devel/lib/pkgconfig:/opt/ros/indigo/lib/pkgconfig', 'ROS_PACKAGE_PATH': '/home/mdas/ros_ws/src:/opt/ros/indigo/share:/opt/ros/indigo/stacks', 'ROS_WORKSPACE': '/home/mdas/ros_ws', 'XDG_SESSION_ID': '1', '_': '/opt/ros/indigo/bin/roslaunch', 'SSH_CONNECTION': '192.168.1.110 49162 192.168.1.113 22', 'LESSCLOSE': '/usr/bin/lesspipe %s %s', 'SSH_TTY': '/dev/pts/9', 'PWD': '/home/mdas', 'ROS_MASTER_URI': 'http://localhost:11311', 'MAIL': '/var/mail/mdas', 'LS_COLORS': 'rs=0:di=01;34:ln=01;36:mh=00:pi=40;33:so=01;35:do=01;35:bd=40;33;01:cd=40;33;01:or=40;31;01:su=37;41:sg=30;43:ca=30;41:tw=30;42:ow=34;42:st=37;44:ex=01;32:*.tar=01;31:*.tgz=01;31:*.arj=01;31:*.taz=01;31:*.lzh=01;31:*.lzma=01;31:*.tlz=01;31:*.txz=01;31:*.zip=01;31:*.z=01;31:*.Z=01;31:*.dz=01;31:*.gz=01;31:*.lz=01;31:*.xz=01;31:*.bz2=01;31:*.bz=01;31:*.tbz=01;31:*.tbz2=01;31:*.tz=01;31:*.deb=01;31:*.rpm=01;31:*.jar=01;31:*.war=01;31:*.ear=01;31:*.sar=01;31:*.rar=01;31:*.ace=01;31:*.zoo=01;31:*.cpio=01;31:*.7z=01;31:*.rz=01;31:*.jpg=01;35:*.jpeg=01;35:*.gif=01;35:*.bmp=01;35:*.pbm=01;35:*.pgm=01;35:*.ppm=01;35:*.tga=01;35:*.xbm=01;35:*.xpm=01;35:*.tif=01;35:*.tiff=01;35:*.png=01;35:*.svg=01;35:*.svgz=01;35:*.mng=01;35:*.pcx=01;35:*.mov=01;35:*.mpg=01;35:*.mpeg=01;35:*.m2v=01;35:*.mkv=01;35:*.webm=01;35:*.ogm=01;35:*.mp4=01;35:*.m4v=01;35:*.mp4v=01;35:*.vob=01;35:*.qt=01;35:*.nuv=01;35:*.wmv=01;35:*.asf=01;35:*.rm=01;35:*.rmvb=01;35:*.flc=01;35:*.avi=01;35:*.fli=01;35:*.flv=01;35:*.gl=01;35:*.dl=01;35:*.xcf=01;35:*.xwd=01;35:*.yuv=01;35:*.cgm=01;35:*.emf=01;35:*.axv=01;35:*.anx=01;35:*.ogv=01;35:*.ogx=01;35:*.aac=00;36:*.au=00;36:*.flac=00;36:*.mid=00;36:*.midi=00;36:*.mka=00;36:*.mp3=00;36:*.mpc=00;36:*.ogg=00;36:*.ra=00;36:*.wav=00;36:*.axa=00;36:*.oga=00;36:*.spx=00;36:*.xspf=00;36:'}
[roslaunch][INFO] 2017-11-04 10:28:32,307: starting in server mode
[roslaunch.parent][INFO] 2017-11-04 10:28:32,307: starting roslaunch parent run
[roslaunch][INFO] 2017-11-04 10:28:32,307: loading roscore config file /opt/ros/indigo/etc/ros/roscore.xml
[roslaunch][INFO] 2017-11-04 10:28:32,370: Added core node of type [rosout/rosout] in namespace [/]
[roslaunch.config][INFO] 2017-11-04 10:28:32,370: loading config file /home/mdas/ros_ws/src/launchers/full_launch.launch
[roslaunch][INFO] 2017-11-04 10:28:32,421: Added node of type [sicktoolbox_wrapper/sicklms] in namespace [/]
[roslaunch][INFO] 2017-11-04 10:28:32,423: Added node of type [novatel/novatel_node] in namespace [/]
[roslaunch][INFO] 2017-11-04 10:28:32,424: ... selected machine [] for node of type [sicktoolbox_wrapper/sicklms]
[roslaunch][INFO] 2017-11-04 10:28:32,424: ... selected machine [] for node of type [novatel/novatel_node]
[roslaunch.pmon][INFO] 2017-11-04 10:28:32,424: start_process_monitor: creating ProcessMonitor
[roslaunch.pmon][INFO] 2017-11-04 10:28:32,424: created process monitor <ProcessMonitor(ProcessMonitor-1, initial daemon)>
[roslaunch.pmon][INFO] 2017-11-04 10:28:32,425: start_process_monitor: ProcessMonitor started
[roslaunch.parent][INFO] 2017-11-04 10:28:32,425: starting parent XML-RPC server
[roslaunch.server][INFO] 2017-11-04 10:28:32,425: starting roslaunch XML-RPC server
[roslaunch.server][INFO] 2017-11-04 10:28:32,425: waiting for roslaunch XML-RPC server to initialize
[xmlrpc][INFO] 2017-11-04 10:28:32,425: XML-RPC server binding to 0.0.0.0:0
[xmlrpc][INFO] 2017-11-04 10:28:32,425: Started XML-RPC server [http://mdas-Meerkat:39229/]
[xmlrpc][INFO] 2017-11-04 10:28:32,425: xml rpc node: starting XML-RPC server
[roslaunch][INFO] 2017-11-04 10:28:32,436: started roslaunch server http://mdas-Meerkat:39229/
[roslaunch.parent][INFO] 2017-11-04 10:28:32,436: ... parent XML-RPC server started
[roslaunch][INFO] 2017-11-04 10:28:32,437: master.is_running[http://localhost:11311]
[roslaunch][INFO] 2017-11-04 10:28:32,437: auto-starting new master
[roslaunch][INFO] 2017-11-04 10:28:32,437: create_master_process: rosmaster, /opt/ros/indigo/share/ros, 11311, 3, None
[roslaunch][INFO] 2017-11-04 10:28:32,437: process[master]: launching with args [['rosmaster', '--core', '-p', '11311', '-w', '3']]
[roslaunch.pmon][INFO] 2017-11-04 10:28:32,437: ProcessMonitor.register[master]
[roslaunch.pmon][INFO] 2017-11-04 10:28:32,437: ProcessMonitor.register[master] complete
[roslaunch][INFO] 2017-11-04 10:28:32,437: process[master]: starting os process
[roslaunch][INFO] 2017-11-04 10:28:32,437: process[master]: start w/ args [['rosmaster', '--core', '-p', '11311', '-w', '3', '__log:=/home/mdas/.ros/log/6f193ada-c16c-11e7-b524-f44d306c96a4/master.log']]
[roslaunch][INFO] 2017-11-04 10:28:32,437: process[master]: cwd will be [/home/mdas/.ros]
[roslaunch][INFO] 2017-11-04 10:28:32,439: process[master]: started with pid [2828]
[roslaunch][INFO] 2017-11-04 10:28:32,439: master.is_running[http://localhost:11311]
[roslaunch][INFO] 2017-11-04 10:28:32,540: master.is_running[http://localhost:11311]
[roslaunch][INFO] 2017-11-04 10:28:32,541: master.is_running[http://localhost:11311]
[roslaunch][INFO] 2017-11-04 10:28:32,542: ROS_MASTER_URI=http://localhost:11311
[roslaunch][INFO] 2017-11-04 10:28:32,543: setting /run_id to 6f193ada-c16c-11e7-b524-f44d306c96a4
[roslaunch][INFO] 2017-11-04 10:28:32,544: setting /roslaunch/uris/host_mdas_meerkat__39229' to http://mdas-Meerkat:39229/
[roslaunch][INFO] 2017-11-04 10:28:32,545: ... preparing to launch node of type [rosout/rosout]
[roslaunch][INFO] 2017-11-04 10:28:32,545: create_node_process: package[rosout] type[rosout] machine[Machine(name[] env_loader[None] address[localhost] ssh_port[22] user[None] assignable[True] timeout[10.0])] master_uri[http://localhost:11311]
[roslaunch][INFO] 2017-11-04 10:28:32,545: process[rosout-1]: env[{'ROS_DISTRO': 'indigo', 'LESSOPEN': '| /usr/bin/lesspipe %s', 'SSH_CLIENT': '192.168.1.110 49162 22', 'CPATH': '/home/mdas/ros_ws/devel/include:/opt/ros/indigo/include', 'LOGNAME': 'mdas', 'USER': 'mdas', 'PATH': '/opt/ros/indigo/bin:/usr/local/sbin:/usr/local/bin:/usr/sbin:/usr/bin:/sbin:/bin:/usr/games:/usr/local/games', 'HOME': '/home/mdas', 'CMAKE_PREFIX_PATH': '/home/mdas/ros_ws/devel:/opt/ros/indigo', 'ROS_LOG_FILENAME': '/home/mdas/.ros/log/6f193ada-c16c-11e7-b524-f44d306c96a4/roslaunch-mdas-Meerkat-2816.log', 'LANG': 'en_US.UTF-8', 'TERM': 'xterm-256color', 'SHELL': '/bin/bash', 'SHLVL': '1', 'QT_QPA_PLATFORMTHEME': 'appmenu-qt5', 'LD_LIBRARY_PATH': '/home/mdas/ros_ws/devel/lib:/opt/ros/indigo/lib', 'ROS_MASTER_URI': 'http://localhost:11311', 'XDG_RUNTIME_DIR': '/run/user/1000', 'PYTHONPATH': '/home/mdas/ros_ws/devel/lib/python2.7/dist-packages:/opt/ros/indigo/lib/python2.7/dist-packages', 'ROS_ROOT': '/opt/ros/indigo/share/ros', 'PKG_CONFIG_PATH': '/home/mdas/ros_ws/devel/lib/pkgconfig:/opt/ros/indigo/lib/pkgconfig', 'ROS_PACKAGE_PATH': '/home/mdas/ros_ws/src:/opt/ros/indigo/share:/opt/ros/indigo/stacks', 'ROS_WORKSPACE': '/home/mdas/ros_ws', 'XDG_SESSION_ID': '1', '_': '/opt/ros/indigo/bin/roslaunch', 'LS_COLORS': 'rs=0:di=01;34:ln=01;36:mh=00:pi=40;33:so=01;35:do=01;35:bd=40;33;01:cd=40;33;01:or=40;31;01:su=37;41:sg=30;43:ca=30;41:tw=30;42:ow=34;42:st=37;44:ex=01;32:*.tar=01;31:*.tgz=01;31:*.arj=01;31:*.taz=01;31:*.lzh=01;31:*.lzma=01;31:*.tlz=01;31:*.txz=01;31:*.zip=01;31:*.z=01;31:*.Z=01;31:*.dz=01;31:*.gz=01;31:*.lz=01;31:*.xz=01;31:*.bz2=01;31:*.bz=01;31:*.tbz=01;31:*.tbz2=01;31:*.tz=01;31:*.deb=01;31:*.rpm=01;31:*.jar=01;31:*.war=01;31:*.ear=01;31:*.sar=01;31:*.rar=01;31:*.ace=01;31:*.zoo=01;31:*.cpio=01;31:*.7z=01;31:*.rz=01;31:*.jpg=01;35:*.jpeg=01;35:*.gif=01;35:*.bmp=01;35:*.pbm=01;35:*.pgm=01;35:*.ppm=01;35:*.tga=01;35:*.xbm=01;35:*.xpm=01;35:*.tif=01;35:*.tiff=01;35:*.png=01;35:*.svg=01;35:*.svgz=01;35:*.mng=01;35:*.pcx=01;35:*.mov=01;35:*.mpg=01;35:*.mpeg=01;35:*.m2v=01;35:*.mkv=01;35:*.webm=01;35:*.ogm=01;35:*.mp4=01;35:*.m4v=01;35:*.mp4v=01;35:*.vob=01;35:*.qt=01;35:*.nuv=01;35:*.wmv=01;35:*.asf=01;35:*.rm=01;35:*.rmvb=01;35:*.flc=01;35:*.avi=01;35:*.fli=01;35:*.flv=01;35:*.gl=01;35:*.dl=01;35:*.xcf=01;35:*.xwd=01;35:*.yuv=01;35:*.cgm=01;35:*.emf=01;35:*.axv=01;35:*.anx=01;35:*.ogv=01;35:*.ogx=01;35:*.aac=00;36:*.au=00;36:*.flac=00;36:*.mid=00;36:*.midi=00;36:*.mka=00;36:*.mp3=00;36:*.mpc=00;36:*.ogg=00;36:*.ra=00;36:*.wav=00;36:*.axa=00;36:*.oga=00;36:*.spx=00;36:*.xspf=00;36:', 'LESSCLOSE': '/usr/bin/lesspipe %s %s', 'SSH_TTY': '/dev/pts/9', 'PWD': '/home/mdas', 'ROS_ETC_DIR': '/opt/ros/indigo/etc/ros', 'MAIL': '/var/mail/mdas', 'SSH_CONNECTION': '192.168.1.110 49162 192.168.1.113 22'}]
[roslaunch][INFO] 2017-11-04 10:28:32,597: process[rosout-1]: args[[u'/opt/ros/indigo/lib/rosout/rosout', u'__name:=rosout']]
[roslaunch][INFO] 2017-11-04 10:28:32,597: ... created process [rosout-1]
[roslaunch.pmon][INFO] 2017-11-04 10:28:32,597: ProcessMonitor.register[rosout-1]
[roslaunch.pmon][INFO] 2017-11-04 10:28:32,597: ProcessMonitor.register[rosout-1] complete
[roslaunch][INFO] 2017-11-04 10:28:32,597: ... registered process [rosout-1]
[roslaunch][INFO] 2017-11-04 10:28:32,597: process[rosout-1]: starting os process
[roslaunch][INFO] 2017-11-04 10:28:32,597: process[rosout-1]: start w/ args [[u'/opt/ros/indigo/lib/rosout/rosout', u'__name:=rosout', u'__log:=/home/mdas/.ros/log/6f193ada-c16c-11e7-b524-f44d306c96a4/rosout-1.log']]
[roslaunch][INFO] 2017-11-04 10:28:32,597: process[rosout-1]: cwd will be [/home/mdas/.ros]
[roslaunch][INFO] 2017-11-04 10:28:32,599: process[rosout-1]: started with pid [2841]
[roslaunch][INFO] 2017-11-04 10:28:32,599: ... successfully launched [rosout-1]
[roslaunch][INFO] 2017-11-04 10:28:32,599: load_parameters starting ...
[roslaunch][INFO] 2017-11-04 10:28:32,603: ... load_parameters complete
[roslaunch][INFO] 2017-11-04 10:28:32,604: launch_nodes: launching local nodes ...
[roslaunch][INFO] 2017-11-04 10:28:32,604: ... preparing to launch node of type [sicktoolbox_wrapper/sicklms]
[roslaunch][INFO] 2017-11-04 10:28:32,604: create_node_process: package[sicktoolbox_wrapper] type[sicklms] machine[Machine(name[] env_loader[None] address[localhost] ssh_port[22] user[None] assignable[True] timeout[10.0])] master_uri[http://localhost:11311]
[roslaunch][INFO] 2017-11-04 10:28:32,604: process[base_laser1-2]: env[{'ROS_DISTRO': 'indigo', 'LESSOPEN': '| /usr/bin/lesspipe %s', 'SSH_CLIENT': '192.168.1.110 49162 22', 'CPATH': '/home/mdas/ros_ws/devel/include:/opt/ros/indigo/include', 'LOGNAME': 'mdas', 'USER': 'mdas', 'PATH': '/opt/ros/indigo/bin:/usr/local/sbin:/usr/local/bin:/usr/sbin:/usr/bin:/sbin:/bin:/usr/games:/usr/local/games', 'HOME': '/home/mdas', 'CMAKE_PREFIX_PATH': '/home/mdas/ros_ws/devel:/opt/ros/indigo', 'ROS_LOG_FILENAME': '/home/mdas/.ros/log/6f193ada-c16c-11e7-b524-f44d306c96a4/roslaunch-mdas-Meerkat-2816.log', 'LANG': 'en_US.UTF-8', 'TERM': 'xterm-256color', 'SHELL': '/bin/bash', 'SHLVL': '1', 'QT_QPA_PLATFORMTHEME': 'appmenu-qt5', 'LD_LIBRARY_PATH': '/home/mdas/ros_ws/devel/lib:/opt/ros/indigo/lib', 'ROS_MASTER_URI': 'http://localhost:11311', 'XDG_RUNTIME_DIR': '/run/user/1000', 'PYTHONPATH': '/home/mdas/ros_ws/devel/lib/python2.7/dist-packages:/opt/ros/indigo/lib/python2.7/dist-packages', 'ROS_ROOT': '/opt/ros/indigo/share/ros', 'PKG_CONFIG_PATH': '/home/mdas/ros_ws/devel/lib/pkgconfig:/opt/ros/indigo/lib/pkgconfig', 'ROS_PACKAGE_PATH': '/home/mdas/ros_ws/src:/opt/ros/indigo/share:/opt/ros/indigo/stacks', 'ROS_WORKSPACE': '/home/mdas/ros_ws', 'XDG_SESSION_ID': '1', '_': '/opt/ros/indigo/bin/roslaunch', 'LS_COLORS': 'rs=0:di=01;34:ln=01;36:mh=00:pi=40;33:so=01;35:do=01;35:bd=40;33;01:cd=40;33;01:or=40;31;01:su=37;41:sg=30;43:ca=30;41:tw=30;42:ow=34;42:st=37;44:ex=01;32:*.tar=01;31:*.tgz=01;31:*.arj=01;31:*.taz=01;31:*.lzh=01;31:*.lzma=01;31:*.tlz=01;31:*.txz=01;31:*.zip=01;31:*.z=01;31:*.Z=01;31:*.dz=01;31:*.gz=01;31:*.lz=01;31:*.xz=01;31:*.bz2=01;31:*.bz=01;31:*.tbz=01;31:*.tbz2=01;31:*.tz=01;31:*.deb=01;31:*.rpm=01;31:*.jar=01;31:*.war=01;31:*.ear=01;31:*.sar=01;31:*.rar=01;31:*.ace=01;31:*.zoo=01;31:*.cpio=01;31:*.7z=01;31:*.rz=01;31:*.jpg=01;35:*.jpeg=01;35:*.gif=01;35:*.bmp=01;35:*.pbm=01;35:*.pgm=01;35:*.ppm=01;35:*.tga=01;35:*.xbm=01;35:*.xpm=01;35:*.tif=01;35:*.tiff=01;35:*.png=01;35:*.svg=01;35:*.svgz=01;35:*.mng=01;35:*.pcx=01;35:*.mov=01;35:*.mpg=01;35:*.mpeg=01;35:*.m2v=01;35:*.mkv=01;35:*.webm=01;35:*.ogm=01;35:*.mp4=01;35:*.m4v=01;35:*.mp4v=01;35:*.vob=01;35:*.qt=01;35:*.nuv=01;35:*.wmv=01;35:*.asf=01;35:*.rm=01;35:*.rmvb=01;35:*.flc=01;35:*.avi=01;35:*.fli=01;35:*.flv=01;35:*.gl=01;35:*.dl=01;35:*.xcf=01;35:*.xwd=01;35:*.yuv=01;35:*.cgm=01;35:*.emf=01;35:*.axv=01;35:*.anx=01;35:*.ogv=01;35:*.ogx=01;35:*.aac=00;36:*.au=00;36:*.flac=00;36:*.mid=00;36:*.midi=00;36:*.mka=00;36:*.mp3=00;36:*.mpc=00;36:*.ogg=00;36:*.ra=00;36:*.wav=00;36:*.axa=00;36:*.oga=00;36:*.spx=00;36:*.xspf=00;36:', 'LESSCLOSE': '/usr/bin/lesspipe %s %s', 'SSH_TTY': '/dev/pts/9', 'PWD': '/home/mdas', 'ROS_ETC_DIR': '/opt/ros/indigo/etc/ros', 'MAIL': '/var/mail/mdas', 'SSH_CONNECTION': '192.168.1.110 49162 192.168.1.113 22'}]
[roslaunch][INFO] 2017-11-04 10:28:32,608: process[base_laser1-2]: args[[u'/home/mdas/ros_ws/devel/lib/sicktoolbox_wrapper/sicklms', u'scan:=/sensor_msgs/LaserScan', u'__name:=base_laser1']]
[roslaunch][INFO] 2017-11-04 10:28:32,608: ... created process [base_laser1-2]
[roslaunch.pmon][INFO] 2017-11-04 10:28:32,608: ProcessMonitor.register[base_laser1-2]
[roslaunch.pmon][INFO] 2017-11-04 10:28:32,608: ProcessMonitor.register[base_laser1-2] complete
[roslaunch][INFO] 2017-11-04 10:28:32,608: ... registered process [base_laser1-2]
[roslaunch][INFO] 2017-11-04 10:28:32,608: process[base_laser1-2]: starting os process
[roslaunch][INFO] 2017-11-04 10:28:32,608: process[base_laser1-2]: start w/ args [[u'/home/mdas/ros_ws/devel/lib/sicktoolbox_wrapper/sicklms', u'scan:=/sensor_msgs/LaserScan', u'__name:=base_laser1', u'__log:=/home/mdas/.ros/log/6f193ada-c16c-11e7-b524-f44d306c96a4/base_laser1-2.log']]
[roslaunch][INFO] 2017-11-04 10:28:32,608: process[base_laser1-2]: cwd will be [/home/mdas/.ros]
[roslaunch][INFO] 2017-11-04 10:28:32,611: process[base_laser1-2]: started with pid [2844]
[roslaunch][INFO] 2017-11-04 10:28:32,611: ... successfully launched [base_laser1-2]
[roslaunch][INFO] 2017-11-04 10:28:32,611: ... preparing to launch node of type [novatel/novatel_node]
[roslaunch][INFO] 2017-11-04 10:28:32,611: create_node_process: package[novatel] type[novatel_node] machine[Machine(name[] env_loader[None] address[localhost] ssh_port[22] user[None] assignable[True] timeout[10.0])] master_uri[http://localhost:11311]
[roslaunch][INFO] 2017-11-04 10:28:32,611: process[novatel_node-3]: env[{'ROS_DISTRO': 'indigo', 'LESSOPEN': '| /usr/bin/lesspipe %s', 'SSH_CLIENT': '192.168.1.110 49162 22', 'CPATH': '/home/mdas/ros_ws/devel/include:/opt/ros/indigo/include', 'LOGNAME': 'mdas', 'USER': 'mdas', 'PATH': '/opt/ros/indigo/bin:/usr/local/sbin:/usr/local/bin:/usr/sbin:/usr/bin:/sbin:/bin:/usr/games:/usr/local/games', 'HOME': '/home/mdas', 'CMAKE_PREFIX_PATH': '/home/mdas/ros_ws/devel:/opt/ros/indigo', 'ROS_LOG_FILENAME': '/home/mdas/.ros/log/6f193ada-c16c-11e7-b524-f44d306c96a4/roslaunch-mdas-Meerkat-2816.log', 'LANG': 'en_US.UTF-8', 'TERM': 'xterm-256color', 'SHELL': '/bin/bash', 'SHLVL': '1', 'QT_QPA_PLATFORMTHEME': 'appmenu-qt5', 'LD_LIBRARY_PATH': '/home/mdas/ros_ws/devel/lib:/opt/ros/indigo/lib', 'ROS_MASTER_URI': 'http://localhost:11311', 'XDG_RUNTIME_DIR': '/run/user/1000', 'PYTHONPATH': '/home/mdas/ros_ws/devel/lib/python2.7/dist-packages:/opt/ros/indigo/lib/python2.7/dist-packages', 'ROS_ROOT': '/opt/ros/indigo/share/ros', 'PKG_CONFIG_PATH': '/home/mdas/ros_ws/devel/lib/pkgconfig:/opt/ros/indigo/lib/pkgconfig', 'ROS_PACKAGE_PATH': '/home/mdas/ros_ws/src:/opt/ros/indigo/share:/opt/ros/indigo/stacks', 'ROS_WORKSPACE': '/home/mdas/ros_ws', 'XDG_SESSION_ID': '1', '_': '/opt/ros/indigo/bin/roslaunch', 'LS_COLORS': 'rs=0:di=01;34:ln=01;36:mh=00:pi=40;33:so=01;35:do=01;35:bd=40;33;01:cd=40;33;01:or=40;31;01:su=37;41:sg=30;43:ca=30;41:tw=30;42:ow=34;42:st=37;44:ex=01;32:*.tar=01;31:*.tgz=01;31:*.arj=01;31:*.taz=01;31:*.lzh=01;31:*.lzma=01;31:*.tlz=01;31:*.txz=01;31:*.zip=01;31:*.z=01;31:*.Z=01;31:*.dz=01;31:*.gz=01;31:*.lz=01;31:*.xz=01;31:*.bz2=01;31:*.bz=01;31:*.tbz=01;31:*.tbz2=01;31:*.tz=01;31:*.deb=01;31:*.rpm=01;31:*.jar=01;31:*.war=01;31:*.ear=01;31:*.sar=01;31:*.rar=01;31:*.ace=01;31:*.zoo=01;31:*.cpio=01;31:*.7z=01;31:*.rz=01;31:*.jpg=01;35:*.jpeg=01;35:*.gif=01;35:*.bmp=01;35:*.pbm=01;35:*.pgm=01;35:*.ppm=01;35:*.tga=01;35:*.xbm=01;35:*.xpm=01;35:*.tif=01;35:*.tiff=01;35:*.png=01;35:*.svg=01;35:*.svgz=01;35:*.mng=01;35:*.pcx=01;35:*.mov=01;35:*.mpg=01;35:*.mpeg=01;35:*.m2v=01;35:*.mkv=01;35:*.webm=01;35:*.ogm=01;35:*.mp4=01;35:*.m4v=01;35:*.mp4v=01;35:*.vob=01;35:*.qt=01;35:*.nuv=01;35:*.wmv=01;35:*.asf=01;35:*.rm=01;35:*.rmvb=01;35:*.flc=01;35:*.avi=01;35:*.fli=01;35:*.flv=01;35:*.gl=01;35:*.dl=01;35:*.xcf=01;35:*.xwd=01;35:*.yuv=01;35:*.cgm=01;35:*.emf=01;35:*.axv=01;35:*.anx=01;35:*.ogv=01;35:*.ogx=01;35:*.aac=00;36:*.au=00;36:*.flac=00;36:*.mid=00;36:*.midi=00;36:*.mka=00;36:*.mp3=00;36:*.mpc=00;36:*.ogg=00;36:*.ra=00;36:*.wav=00;36:*.axa=00;36:*.oga=00;36:*.spx=00;36:*.xspf=00;36:', 'LESSCLOSE': '/usr/bin/lesspipe %s %s', 'SSH_TTY': '/dev/pts/9', 'PWD': '/home/mdas', 'ROS_ETC_DIR': '/opt/ros/indigo/etc/ros', 'MAIL': '/var/mail/mdas', 'SSH_CONNECTION': '192.168.1.110 49162 192.168.1.113 22'}]
[roslaunch][INFO] 2017-11-04 10:28:32,615: process[novatel_node-3]: args[[u'/home/mdas/ros_ws/devel/lib/novatel/novatel_node', u'__name:=novatel_node']]
[roslaunch][INFO] 2017-11-04 10:28:32,615: ... created process [novatel_node-3]
[roslaunch.pmon][INFO] 2017-11-04 10:28:32,615: ProcessMonitor.register[novatel_node-3]
[roslaunch.pmon][INFO] 2017-11-04 10:28:32,616: ProcessMonitor.register[novatel_node-3] complete
[roslaunch][INFO] 2017-11-04 10:28:32,616: ... registered process [novatel_node-3]
[roslaunch][INFO] 2017-11-04 10:28:32,616: process[novatel_node-3]: starting os process
[roslaunch][INFO] 2017-11-04 10:28:32,616: process[novatel_node-3]: start w/ args [[u'/home/mdas/ros_ws/devel/lib/novatel/novatel_node', u'__name:=novatel_node', u'__log:=/home/mdas/.ros/log/6f193ada-c16c-11e7-b524-f44d306c96a4/novatel_node-3.log']]
[roslaunch][INFO] 2017-11-04 10:28:32,616: process[novatel_node-3]: cwd will be [/home/mdas/.ros]
[roslaunch][INFO] 2017-11-04 10:28:32,618: process[novatel_node-3]: started with pid [2845]
[roslaunch][INFO] 2017-11-04 10:28:32,618: ... successfully launched [novatel_node-3]
[roslaunch][INFO] 2017-11-04 10:28:32,618: ... launch_nodes complete
[roslaunch.pmon][INFO] 2017-11-04 10:28:32,618: registrations completed <ProcessMonitor(ProcessMonitor-1, started daemon 140284263868160)>
[roslaunch.parent][INFO] 2017-11-04 10:28:32,618: ... roslaunch parent running, waiting for process exit
[roslaunch][INFO] 2017-11-04 10:28:32,618: spin
[roslaunch][ERROR] 2017-11-04 10:28:32,826: ================================================================================REQUIRED process [novatel_node-3] has died!
process has died [pid 2845, exit code -11, cmd /home/mdas/ros_ws/devel/lib/novatel/novatel_node __name:=novatel_node __log:=/home/mdas/.ros/log/6f193ada-c16c-11e7-b524-f44d306c96a4/novatel_node-3.log].
log file: /home/mdas/.ros/log/6f193ada-c16c-11e7-b524-f44d306c96a4/novatel_node-3*.log
Initiating shutdown!
================================================================================
[roslaunch.pmon][INFO] 2017-11-04 10:28:32,927: ProcessMonitor._post_run <ProcessMonitor(ProcessMonitor-1, started daemon 140284263868160)>
[roslaunch.pmon][INFO] 2017-11-04 10:28:32,928: ProcessMonitor._post_run <ProcessMonitor(ProcessMonitor-1, started daemon 140284263868160)>: remaining procs are [<roslaunch.nodeprocess.LocalProcess object at 0x7f967a788a10>, <roslaunch.nodeprocess.LocalProcess object at 0x7f967a79c090>, <roslaunch.nodeprocess.LocalProcess object at 0x7f9679da1e90>, <roslaunch.nodeprocess.LocalProcess object at 0x7f9679da1e50>]
[roslaunch.pmon][INFO] 2017-11-04 10:28:32,929: ProcessMonitor exit: killing novatel_node-3
[roslaunch][INFO] 2017-11-04 10:28:32,931: [novatel_node-3] killing on exit
[roslaunch.pmon][INFO] 2017-11-04 10:28:32,932: ProcessMonitor exit: killing base_laser1-2
[roslaunch][INFO] 2017-11-04 10:28:32,933: [base_laser1-2] killing on exit
[roslaunch][INFO] 2017-11-04 10:28:32,935: process[base_laser1-2]: killing os process with pid[2844] pgid[2844]
[roslaunch][INFO] 2017-11-04 10:28:32,936: [base_laser1-2] sending SIGINT to pgid [2844]
[roslaunch][INFO] 2017-11-04 10:28:32,937: [base_laser1-2] sent SIGINT to pgid [2844]
[roslaunch][INFO] 2017-11-04 10:28:32,938: process[base_laser1-2]: SIGINT killed with return value 2
[roslaunch.pmon][INFO] 2017-11-04 10:28:32,939: ProcessMonitor exit: killing rosout-1
[roslaunch][INFO] 2017-11-04 10:28:32,939: [rosout-1] killing on exit
[roslaunch][INFO] 2017-11-04 10:28:32,939: process[rosout-1]: killing os process with pid[2841] pgid[2841]
[roslaunch][INFO] 2017-11-04 10:28:32,940: [rosout-1] sending SIGINT to pgid [2841]
[roslaunch][INFO] 2017-11-04 10:28:32,940: [rosout-1] sent SIGINT to pgid [2841]
[roslaunch][INFO] 2017-11-04 10:28:33,241: process[rosout-1]: SIGINT killed with return value 0
[roslaunch.pmon][INFO] 2017-11-04 10:28:33,241: ProcessMonitor exit: killing master
[roslaunch][INFO] 2017-11-04 10:28:33,241: [master] killing on exit
[roslaunch][INFO] 2017-11-04 10:28:33,241: process[master]: killing os process with pid[2828] pgid[2828]
[roslaunch][INFO] 2017-11-04 10:28:33,241: [master] sending SIGINT to pgid [2828]
[roslaunch][INFO] 2017-11-04 10:28:33,241: [master] sent SIGINT to pgid [2828]
[roslaunch][INFO] 2017-11-04 10:28:33,442: process[master]: SIGINT killed with return value 0
[roslaunch.pmon][INFO] 2017-11-04 10:28:33,443: ProcessMonitor exit: cleaning up data structures and signals
[roslaunch.pmon][INFO] 2017-11-04 10:28:33,443: ProcessMonitor exit: pmon has shutdown
[roslaunch][INFO] 2017-11-04 10:28:33,521: process monitor is done spinning, initiating full shutdown
[roslaunch][INFO] 2017-11-04 10:28:33,521: runner.stop()
[roslaunch][INFO] 2017-11-04 10:28:33,522: shutting down processing monitor...
[roslaunch][INFO] 2017-11-04 10:28:33,522: shutting down processing monitor <ProcessMonitor(ProcessMonitor-1, stopped daemon 140284263868160)>
[roslaunch.pmon][INFO] 2017-11-04 10:28:33,522: ProcessMonitor.shutdown <ProcessMonitor(ProcessMonitor-1, stopped daemon 140284263868160)>
[roslaunch][INFO] 2017-11-04 10:28:33,522: ... shutting down processing monitor complete
[roslaunch][INFO] 2017-11-04 10:28:33,523: done
[roslaunch.pmon][INFO] 2017-11-04 10:28:33,523: ProcessMonitor.shutdown <ProcessMonitor(ProcessMonitor-1, stopped daemon 140284263868160)>
[rospy.core][INFO] 2017-11-04 10:28:33,524: signal_shutdown [atexit]
