[roslaunch][INFO] 2017-11-04 12:40:10,224: Checking log directory for disk usage. This may take awhile.
Press Ctrl-C to interrupt
[roslaunch][INFO] 2017-11-04 12:40:10,226: Done checking log file disk usage. Usage is <1GB.
[roslaunch][INFO] 2017-11-04 12:40:10,226: roslaunch starting with args ['/opt/ros/indigo/bin/roslaunch', 'launchers', 'start_lidar.launch']
[roslaunch][INFO] 2017-11-04 12:40:10,226: roslaunch env is {'MANDATORY_PATH': '/usr/share/gconf/ubuntu.mandatory.path', 'ROS_DISTRO': 'indigo', 'ROS_LOG_FILENAME': '/home/mdas/.ros/log/d2a28ff4-c17e-11e7-a997-f44d306c96a4/roslaunch-mdas-Meerkat-4525.log', 'XDG_GREETER_DATA_DIR': '/var/lib/lightdm-data/mdas', 'GNOME_DESKTOP_SESSION_ID': 'this-is-deprecated', 'XDG_CURRENT_DESKTOP': 'Unity', 'LESSOPEN': '| /usr/bin/lesspipe %s', 'PKG_CONFIG_PATH': '/home/mdas/ros_ws/devel/lib/pkgconfig:/opt/ros/indigo/lib/pkgconfig', 'CPATH': '/home/mdas/ros_ws/devel/include:/opt/ros/indigo/include', 'LOGNAME': 'mdas', 'WINDOWID': '20971531', 'PATH': '/opt/ros/indigo/bin:/usr/local/sbin:/usr/local/bin:/usr/sbin:/usr/bin:/sbin:/bin:/usr/games:/usr/local/games', 'XDG_VTNR': '7', 'GNOME_KEYRING_CONTROL': '/run/user/1000/keyring-2kqsVg', 'CMAKE_PREFIX_PATH': '/home/mdas/ros_ws/devel:/opt/ros/indigo', 'LD_LIBRARY_PATH': '/home/mdas/ros_ws/devel/lib:/opt/ros/indigo/lib', 'LANG': 'en_US.UTF-8', 'TERM': 'xterm', 'SHELL': '/bin/bash', 'XDG_SESSION_PATH': '/org/freedesktop/DisplayManager/Session0', 'XAUTHORITY': '/home/mdas/.Xauthority', 'LANGUAGE': 'en_US', 'SESSION_MANAGER': 'local/mdas-Meerkat:@/tmp/.ICE-unix/1813,unix/mdas-Meerkat:/tmp/.ICE-unix/1813', 'SHLVL': '1', 'LESSCLOSE': '/usr/bin/lesspipe %s %s', 'QT_QPA_PLATFORMTHEME': 'appmenu-qt5', 'JOB': 'dbus', 'TEXTDOMAIN': 'im-config', 'QT4_IM_MODULE': 'xim', 'CLUTTER_IM_MODULE': 'xim', 'SESSION': 'ubuntu', 'SESSIONTYPE': 'gnome-session', 'XMODIFIERS': '@im=ibus', 'ROS_ETC_DIR': '/opt/ros/indigo/etc/ros', 'GPG_AGENT_INFO': '/run/user/1000/keyring-2kqsVg/gpg:0:1', 'HOME': '/home/mdas', 'SELINUX_INIT': 'YES', 'COMPIZ_BIN_PATH': '/usr/bin/', 'XDG_RUNTIME_DIR': '/run/user/1000', 'INSTANCE': '', 'PYTHONPATH': '/home/mdas/ros_ws/devel/lib/python2.7/dist-packages:/opt/ros/indigo/lib/python2.7/dist-packages', 'COMPIZ_CONFIG_PROFILE': 'ubuntu', 'SSH_AUTH_SOCK': '/run/user/1000/keyring-2kqsVg/ssh', 'VTE_VERSION': '3409', 'ROS_ROOT': '/opt/ros/indigo/share/ros', 'GDMSESSION': 'ubuntu', 'IM_CONFIG_PHASE': '1', 'TEXTDOMAINDIR': '/usr/share/locale/', 'GNOME_KEYRING_PID': '1659', 'XDG_SEAT_PATH': '/org/freedesktop/DisplayManager/Seat0', 'ROS_PACKAGE_PATH': '/home/mdas/ros_ws/src:/opt/ros/indigo/share:/opt/ros/indigo/stacks', 'ROS_WORKSPACE': '/home/mdas/ros_ws', 'XDG_SESSION_ID': 'c2', 'DBUS_SESSION_BUS_ADDRESS': 'unix:abstract=/tmp/dbus-RJpylQ43cE', '_': '/opt/ros/indigo/bin/roslaunch', 'DEFAULTS_PATH': '/usr/share/gconf/ubuntu.default.path', 'GTK_IM_MODULE': 'ibus', 'DESKTOP_SESSION': 'ubuntu', 'UPSTART_SESSION': 'unix:abstract=/com/ubuntu/upstart-session/1000/1661', 'XDG_CONFIG_DIRS': '/etc/xdg/xdg-ubuntu:/usr/share/upstart/xdg:/etc/xdg', 'GTK_MODULES': 'overlay-scrollbar:unity-gtk-module', 'XDG_SEAT': 'seat0', 'OLDPWD': '/home/mdas', 'GDM_LANG': 'en_US', 'XDG_DATA_DIRS': '/usr/share/ubuntu:/usr/share/gnome:/usr/local/share/:/usr/share/', 'PWD': '/home/mdas/ros_ws', 'QT_IM_MODULE': 'ibus', 'ROS_MASTER_URI': 'http://localhost:11311', 'COLORTERM': 'gnome-terminal', 'DISPLAY': ':0', 'XDG_MENU_PREFIX': 'gnome-', 'LS_COLORS': 'rs=0:di=01;34:ln=01;36:mh=00:pi=40;33:so=01;35:do=01;35:bd=40;33;01:cd=40;33;01:or=40;31;01:su=37;41:sg=30;43:ca=30;41:tw=30;42:ow=34;42:st=37;44:ex=01;32:*.tar=01;31:*.tgz=01;31:*.arj=01;31:*.taz=01;31:*.lzh=01;31:*.lzma=01;31:*.tlz=01;31:*.txz=01;31:*.zip=01;31:*.z=01;31:*.Z=01;31:*.dz=01;31:*.gz=01;31:*.lz=01;31:*.xz=01;31:*.bz2=01;31:*.bz=01;31:*.tbz=01;31:*.tbz2=01;31:*.tz=01;31:*.deb=01;31:*.rpm=01;31:*.jar=01;31:*.war=01;31:*.ear=01;31:*.sar=01;31:*.rar=01;31:*.ace=01;31:*.zoo=01;31:*.cpio=01;31:*.7z=01;31:*.rz=01;31:*.jpg=01;35:*.jpeg=01;35:*.gif=01;35:*.bmp=01;35:*.pbm=01;35:*.pgm=01;35:*.ppm=01;35:*.tga=01;35:*.xbm=01;35:*.xpm=01;35:*.tif=01;35:*.tiff=01;35:*.png=01;35:*.svg=01;35:*.svgz=01;35:*.mng=01;35:*.pcx=01;35:*.mov=01;35:*.mpg=01;35:*.mpeg=01;35:*.m2v=01;35:*.mkv=01;35:*.webm=01;35:*.ogm=01;35:*.mp4=01;35:*.m4v=01;35:*.mp4v=01;35:*.vob=01;35:*.qt=01;35:*.nuv=01;35:*.wmv=01;35:*.asf=01;35:*.rm=01;35:*.rmvb=01;35:*.flc=01;35:*.avi=01;35:*.fli=01;35:*.flv=01;35:*.gl=01;35:*.dl=01;35:*.xcf=01;35:*.xwd=01;35:*.yuv=01;35:*.cgm=01;35:*.emf=01;35:*.axv=01;35:*.anx=01;35:*.ogv=01;35:*.ogx=01;35:*.aac=00;36:*.au=00;36:*.flac=00;36:*.mid=00;36:*.midi=00;36:*.mka=00;36:*.mp3=00;36:*.mpc=00;36:*.ogg=00;36:*.ra=00;36:*.wav=00;36:*.axa=00;36:*.oga=00;36:*.spx=00;36:*.xspf=00;36:', 'USER': 'mdas'}
[roslaunch][INFO] 2017-11-04 12:40:10,226: starting in server mode
[roslaunch.parent][INFO] 2017-11-04 12:40:10,226: starting roslaunch parent run
[roslaunch][INFO] 2017-11-04 12:40:10,227: loading roscore config file /opt/ros/indigo/etc/ros/roscore.xml
[roslaunch][INFO] 2017-11-04 12:40:10,291: Added core node of type [rosout/rosout] in namespace [/]
[roslaunch.config][INFO] 2017-11-04 12:40:10,291: loading config file /home/mdas/ros_ws/src/launchers/launch/start_lidar.launch
[roslaunch][INFO] 2017-11-04 12:40:10,292: Added node of type [sicktoolbox_wrapper/sicklms] in namespace [/]
[roslaunch][INFO] 2017-11-04 12:40:10,292: ... selected machine [] for node of type [sicktoolbox_wrapper/sicklms]
[roslaunch.pmon][INFO] 2017-11-04 12:40:10,292: start_process_monitor: creating ProcessMonitor
[roslaunch.pmon][INFO] 2017-11-04 12:40:10,292: created process monitor <ProcessMonitor(ProcessMonitor-1, initial daemon)>
[roslaunch.pmon][INFO] 2017-11-04 12:40:10,292: start_process_monitor: ProcessMonitor started
[roslaunch.parent][INFO] 2017-11-04 12:40:10,292: starting parent XML-RPC server
[roslaunch.server][INFO] 2017-11-04 12:40:10,293: starting roslaunch XML-RPC server
[roslaunch.server][INFO] 2017-11-04 12:40:10,293: waiting for roslaunch XML-RPC server to initialize
[xmlrpc][INFO] 2017-11-04 12:40:10,293: XML-RPC server binding to 0.0.0.0:0
[xmlrpc][INFO] 2017-11-04 12:40:10,293: Started XML-RPC server [http://mdas-Meerkat:36389/]
[xmlrpc][INFO] 2017-11-04 12:40:10,293: xml rpc node: starting XML-RPC server
[roslaunch][INFO] 2017-11-04 12:40:10,304: started roslaunch server http://mdas-Meerkat:36389/
[roslaunch.parent][INFO] 2017-11-04 12:40:10,304: ... parent XML-RPC server started
[roslaunch][INFO] 2017-11-04 12:40:10,305: master.is_running[http://localhost:11311]
[roslaunch][INFO] 2017-11-04 12:40:10,305: auto-starting new master
[roslaunch][INFO] 2017-11-04 12:40:10,305: create_master_process: rosmaster, /opt/ros/indigo/share/ros, 11311, 3, None
[roslaunch][INFO] 2017-11-04 12:40:10,305: process[master]: launching with args [['rosmaster', '--core', '-p', '11311', '-w', '3']]
[roslaunch.pmon][INFO] 2017-11-04 12:40:10,305: ProcessMonitor.register[master]
[roslaunch.pmon][INFO] 2017-11-04 12:40:10,305: ProcessMonitor.register[master] complete
[roslaunch][INFO] 2017-11-04 12:40:10,305: process[master]: starting os process
[roslaunch][INFO] 2017-11-04 12:40:10,305: process[master]: start w/ args [['rosmaster', '--core', '-p', '11311', '-w', '3', '__log:=/home/mdas/.ros/log/d2a28ff4-c17e-11e7-a997-f44d306c96a4/master.log']]
[roslaunch][INFO] 2017-11-04 12:40:10,305: process[master]: cwd will be [/home/mdas/.ros]
[roslaunch][INFO] 2017-11-04 12:40:10,307: process[master]: started with pid [4537]
[roslaunch][INFO] 2017-11-04 12:40:10,307: master.is_running[http://localhost:11311]
[roslaunch][INFO] 2017-11-04 12:40:10,408: master.is_running[http://localhost:11311]
[roslaunch][INFO] 2017-11-04 12:40:10,409: master.is_running[http://localhost:11311]
[roslaunch][INFO] 2017-11-04 12:40:10,410: ROS_MASTER_URI=http://localhost:11311
[roslaunch][INFO] 2017-11-04 12:40:10,411: setting /run_id to d2a28ff4-c17e-11e7-a997-f44d306c96a4
[roslaunch][INFO] 2017-11-04 12:40:10,412: setting /roslaunch/uris/host_mdas_meerkat__36389' to http://mdas-Meerkat:36389/
[roslaunch][INFO] 2017-11-04 12:40:10,413: ... preparing to launch node of type [rosout/rosout]
[roslaunch][INFO] 2017-11-04 12:40:10,413: create_node_process: package[rosout] type[rosout] machine[Machine(name[] env_loader[None] address[localhost] ssh_port[22] user[None] assignable[True] timeout[10.0])] master_uri[http://localhost:11311]
[roslaunch][INFO] 2017-11-04 12:40:10,413: process[rosout-1]: env[{'QT_QPA_PLATFORMTHEME': 'appmenu-qt5', 'ROS_DISTRO': 'indigo', 'XDG_GREETER_DATA_DIR': '/var/lib/lightdm-data/mdas', 'GNOME_DESKTOP_SESSION_ID': 'this-is-deprecated', 'XDG_CURRENT_DESKTOP': 'Unity', 'XDG_SEAT_PATH': '/org/freedesktop/DisplayManager/Seat0', 'CPATH': '/home/mdas/ros_ws/devel/include:/opt/ros/indigo/include', 'LOGNAME': 'mdas', 'XDG_SEAT': 'seat0', 'PATH': '/opt/ros/indigo/bin:/usr/local/sbin:/usr/local/bin:/usr/sbin:/usr/bin:/sbin:/bin:/usr/games:/usr/local/games', 'XDG_VTNR': '7', 'GNOME_KEYRING_CONTROL': '/run/user/1000/keyring-2kqsVg', 'CMAKE_PREFIX_PATH': '/home/mdas/ros_ws/devel:/opt/ros/indigo', 'LD_LIBRARY_PATH': '/home/mdas/ros_ws/devel/lib:/opt/ros/indigo/lib', 'LANG': 'en_US.UTF-8', 'TERM': 'xterm', 'SHELL': '/bin/bash', 'XDG_SESSION_PATH': '/org/freedesktop/DisplayManager/Session0', 'XAUTHORITY': '/home/mdas/.Xauthority', 'LANGUAGE': 'en_US', 'SESSION_MANAGER': 'local/mdas-Meerkat:@/tmp/.ICE-unix/1813,unix/mdas-Meerkat:/tmp/.ICE-unix/1813', 'SHLVL': '1', 'MANDATORY_PATH': '/usr/share/gconf/ubuntu.mandatory.path', 'CLUTTER_IM_MODULE': 'xim', 'ROS_LOG_FILENAME': '/home/mdas/.ros/log/d2a28ff4-c17e-11e7-a997-f44d306c96a4/roslaunch-mdas-Meerkat-4525.log', 'TEXTDOMAIN': 'im-config', 'JOB': 'dbus', 'WINDOWID': '20971531', 'SESSIONTYPE': 'gnome-session', 'XMODIFIERS': '@im=ibus', 'ROS_MASTER_URI': 'http://localhost:11311', 'GPG_AGENT_INFO': '/run/user/1000/keyring-2kqsVg/gpg:0:1', 'HOME': '/home/mdas', 'QT4_IM_MODULE': 'xim', 'SELINUX_INIT': 'YES', 'SSH_AUTH_SOCK': '/run/user/1000/keyring-2kqsVg/ssh', 'XDG_RUNTIME_DIR': '/run/user/1000', 'GTK_IM_MODULE': 'ibus', 'PYTHONPATH': '/home/mdas/ros_ws/devel/lib/python2.7/dist-packages:/opt/ros/indigo/lib/python2.7/dist-packages', 'COMPIZ_CONFIG_PROFILE': 'ubuntu', 'COMPIZ_BIN_PATH': '/usr/bin/', 'VTE_VERSION': '3409', 'ROS_ROOT': '/opt/ros/indigo/share/ros', 'GDMSESSION': 'ubuntu', 'IM_CONFIG_PHASE': '1', 'TEXTDOMAINDIR': '/usr/share/locale/', 'XDG_DATA_DIRS': '/usr/share/ubuntu:/usr/share/gnome:/usr/local/share/:/usr/share/', 'PKG_CONFIG_PATH': '/home/mdas/ros_ws/devel/lib/pkgconfig:/opt/ros/indigo/lib/pkgconfig', 'ROS_PACKAGE_PATH': '/home/mdas/ros_ws/src:/opt/ros/indigo/share:/opt/ros/indigo/stacks', 'LESSOPEN': '| /usr/bin/lesspipe %s', 'XDG_SESSION_ID': 'c2', 'DBUS_SESSION_BUS_ADDRESS': 'unix:abstract=/tmp/dbus-RJpylQ43cE', '_': '/opt/ros/indigo/bin/roslaunch', 'DEFAULTS_PATH': '/usr/share/gconf/ubuntu.default.path', 'SESSION': 'ubuntu', 'DESKTOP_SESSION': 'ubuntu', 'UPSTART_SESSION': 'unix:abstract=/com/ubuntu/upstart-session/1000/1661', 'LESSCLOSE': '/usr/bin/lesspipe %s %s', 'GNOME_KEYRING_PID': '1659', 'OLDPWD': '/home/mdas', 'LS_COLORS': 'rs=0:di=01;34:ln=01;36:mh=00:pi=40;33:so=01;35:do=01;35:bd=40;33;01:cd=40;33;01:or=40;31;01:su=37;41:sg=30;43:ca=30;41:tw=30;42:ow=34;42:st=37;44:ex=01;32:*.tar=01;31:*.tgz=01;31:*.arj=01;31:*.taz=01;31:*.lzh=01;31:*.lzma=01;31:*.tlz=01;31:*.txz=01;31:*.zip=01;31:*.z=01;31:*.Z=01;31:*.dz=01;31:*.gz=01;31:*.lz=01;31:*.xz=01;31:*.bz2=01;31:*.bz=01;31:*.tbz=01;31:*.tbz2=01;31:*.tz=01;31:*.deb=01;31:*.rpm=01;31:*.jar=01;31:*.war=01;31:*.ear=01;31:*.sar=01;31:*.rar=01;31:*.ace=01;31:*.zoo=01;31:*.cpio=01;31:*.7z=01;31:*.rz=01;31:*.jpg=01;35:*.jpeg=01;35:*.gif=01;35:*.bmp=01;35:*.pbm=01;35:*.pgm=01;35:*.ppm=01;35:*.tga=01;35:*.xbm=01;35:*.xpm=01;35:*.tif=01;35:*.tiff=01;35:*.png=01;35:*.svg=01;35:*.svgz=01;35:*.mng=01;35:*.pcx=01;35:*.mov=01;35:*.mpg=01;35:*.mpeg=01;35:*.m2v=01;35:*.mkv=01;35:*.webm=01;35:*.ogm=01;35:*.mp4=01;35:*.m4v=01;35:*.mp4v=01;35:*.vob=01;35:*.qt=01;35:*.nuv=01;35:*.wmv=01;35:*.asf=01;35:*.rm=01;35:*.rmvb=01;35:*.flc=01;35:*.avi=01;35:*.fli=01;35:*.flv=01;35:*.gl=01;35:*.dl=01;35:*.xcf=01;35:*.xwd=01;35:*.yuv=01;35:*.cgm=01;35:*.emf=01;35:*.axv=01;35:*.anx=01;35:*.ogv=01;35:*.ogx=01;35:*.aac=00;36:*.au=00;36:*.flac=00;36:*.mid=00;36:*.midi=00;36:*.mka=00;36:*.mp3=00;36:*.mpc=00;36:*.ogg=00;36:*.ra=00;36:*.wav=00;36:*.axa=00;36:*.oga=00;36:*.spx=00;36:*.xspf=00;36:', 'GDM_LANG': 'en_US', 'GTK_MODULES': 'overlay-scrollbar:unity-gtk-module', 'INSTANCE': '', 'PWD': '/home/mdas/ros_ws', 'QT_IM_MODULE': 'ibus', 'ROS_ETC_DIR': '/opt/ros/indigo/etc/ros', 'COLORTERM': 'gnome-terminal', 'DISPLAY': ':0', 'XDG_MENU_PREFIX': 'gnome-', 'ROS_WORKSPACE': '/home/mdas/ros_ws', 'XDG_CONFIG_DIRS': '/etc/xdg/xdg-ubuntu:/usr/share/upstart/xdg:/etc/xdg', 'USER': 'mdas'}]
[roslaunch][INFO] 2017-11-04 12:40:10,467: process[rosout-1]: args[[u'/opt/ros/indigo/lib/rosout/rosout', u'__name:=rosout']]
[roslaunch][INFO] 2017-11-04 12:40:10,467: ... created process [rosout-1]
[roslaunch.pmon][INFO] 2017-11-04 12:40:10,467: ProcessMonitor.register[rosout-1]
[roslaunch.pmon][INFO] 2017-11-04 12:40:10,467: ProcessMonitor.register[rosout-1] complete
[roslaunch][INFO] 2017-11-04 12:40:10,467: ... registered process [rosout-1]
[roslaunch][INFO] 2017-11-04 12:40:10,467: process[rosout-1]: starting os process
[roslaunch][INFO] 2017-11-04 12:40:10,467: process[rosout-1]: start w/ args [[u'/opt/ros/indigo/lib/rosout/rosout', u'__name:=rosout', u'__log:=/home/mdas/.ros/log/d2a28ff4-c17e-11e7-a997-f44d306c96a4/rosout-1.log']]
[roslaunch][INFO] 2017-11-04 12:40:10,468: process[rosout-1]: cwd will be [/home/mdas/.ros]
[roslaunch][INFO] 2017-11-04 12:40:10,469: process[rosout-1]: started with pid [4550]
[roslaunch][INFO] 2017-11-04 12:40:10,469: ... successfully launched [rosout-1]
[roslaunch][INFO] 2017-11-04 12:40:10,469: load_parameters starting ...
[roslaunch][INFO] 2017-11-04 12:40:10,472: ... load_parameters complete
[roslaunch][INFO] 2017-11-04 12:40:10,472: launch_nodes: launching local nodes ...
[roslaunch][INFO] 2017-11-04 12:40:10,473: ... preparing to launch node of type [sicktoolbox_wrapper/sicklms]
[roslaunch][INFO] 2017-11-04 12:40:10,473: create_node_process: package[sicktoolbox_wrapper] type[sicklms] machine[Machine(name[] env_loader[None] address[localhost] ssh_port[22] user[None] assignable[True] timeout[10.0])] master_uri[http://localhost:11311]
[roslaunch][INFO] 2017-11-04 12:40:10,473: process[base_laser1-2]: env[{'QT_QPA_PLATFORMTHEME': 'appmenu-qt5', 'ROS_DISTRO': 'indigo', 'XDG_GREETER_DATA_DIR': '/var/lib/lightdm-data/mdas', 'GNOME_DESKTOP_SESSION_ID': 'this-is-deprecated', 'XDG_CURRENT_DESKTOP': 'Unity', 'XDG_SEAT_PATH': '/org/freedesktop/DisplayManager/Seat0', 'CPATH': '/home/mdas/ros_ws/devel/include:/opt/ros/indigo/include', 'LOGNAME': 'mdas', 'XDG_SEAT': 'seat0', 'PATH': '/opt/ros/indigo/bin:/usr/local/sbin:/usr/local/bin:/usr/sbin:/usr/bin:/sbin:/bin:/usr/games:/usr/local/games', 'XDG_VTNR': '7', 'GNOME_KEYRING_CONTROL': '/run/user/1000/keyring-2kqsVg', 'CMAKE_PREFIX_PATH': '/home/mdas/ros_ws/devel:/opt/ros/indigo', 'LD_LIBRARY_PATH': '/home/mdas/ros_ws/devel/lib:/opt/ros/indigo/lib', 'LANG': 'en_US.UTF-8', 'TERM': 'xterm', 'SHELL': '/bin/bash', 'XDG_SESSION_PATH': '/org/freedesktop/DisplayManager/Session0', 'XAUTHORITY': '/home/mdas/.Xauthority', 'LANGUAGE': 'en_US', 'SESSION_MANAGER': 'local/mdas-Meerkat:@/tmp/.ICE-unix/1813,unix/mdas-Meerkat:/tmp/.ICE-unix/1813', 'SHLVL': '1', 'MANDATORY_PATH': '/usr/share/gconf/ubuntu.mandatory.path', 'CLUTTER_IM_MODULE': 'xim', 'ROS_LOG_FILENAME': '/home/mdas/.ros/log/d2a28ff4-c17e-11e7-a997-f44d306c96a4/roslaunch-mdas-Meerkat-4525.log', 'TEXTDOMAIN': 'im-config', 'JOB': 'dbus', 'WINDOWID': '20971531', 'SESSIONTYPE': 'gnome-session', 'XMODIFIERS': '@im=ibus', 'ROS_MASTER_URI': 'http://localhost:11311', 'GPG_AGENT_INFO': '/run/user/1000/keyring-2kqsVg/gpg:0:1', 'HOME': '/home/mdas', 'QT4_IM_MODULE': 'xim', 'SELINUX_INIT': 'YES', 'SSH_AUTH_SOCK': '/run/user/1000/keyring-2kqsVg/ssh', 'XDG_RUNTIME_DIR': '/run/user/1000', 'GTK_IM_MODULE': 'ibus', 'PYTHONPATH': '/home/mdas/ros_ws/devel/lib/python2.7/dist-packages:/opt/ros/indigo/lib/python2.7/dist-packages', 'COMPIZ_CONFIG_PROFILE': 'ubuntu', 'COMPIZ_BIN_PATH': '/usr/bin/', 'VTE_VERSION': '3409', 'ROS_ROOT': '/opt/ros/indigo/share/ros', 'GDMSESSION': 'ubuntu', 'IM_CONFIG_PHASE': '1', 'TEXTDOMAINDIR': '/usr/share/locale/', 'XDG_DATA_DIRS': '/usr/share/ubuntu:/usr/share/gnome:/usr/local/share/:/usr/share/', 'PKG_CONFIG_PATH': '/home/mdas/ros_ws/devel/lib/pkgconfig:/opt/ros/indigo/lib/pkgconfig', 'ROS_PACKAGE_PATH': '/home/mdas/ros_ws/src:/opt/ros/indigo/share:/opt/ros/indigo/stacks', 'LESSOPEN': '| /usr/bin/lesspipe %s', 'XDG_SESSION_ID': 'c2', 'DBUS_SESSION_BUS_ADDRESS': 'unix:abstract=/tmp/dbus-RJpylQ43cE', '_': '/opt/ros/indigo/bin/roslaunch', 'DEFAULTS_PATH': '/usr/share/gconf/ubuntu.default.path', 'SESSION': 'ubuntu', 'DESKTOP_SESSION': 'ubuntu', 'UPSTART_SESSION': 'unix:abstract=/com/ubuntu/upstart-session/1000/1661', 'LESSCLOSE': '/usr/bin/lesspipe %s %s', 'GNOME_KEYRING_PID': '1659', 'OLDPWD': '/home/mdas', 'LS_COLORS': 'rs=0:di=01;34:ln=01;36:mh=00:pi=40;33:so=01;35:do=01;35:bd=40;33;01:cd=40;33;01:or=40;31;01:su=37;41:sg=30;43:ca=30;41:tw=30;42:ow=34;42:st=37;44:ex=01;32:*.tar=01;31:*.tgz=01;31:*.arj=01;31:*.taz=01;31:*.lzh=01;31:*.lzma=01;31:*.tlz=01;31:*.txz=01;31:*.zip=01;31:*.z=01;31:*.Z=01;31:*.dz=01;31:*.gz=01;31:*.lz=01;31:*.xz=01;31:*.bz2=01;31:*.bz=01;31:*.tbz=01;31:*.tbz2=01;31:*.tz=01;31:*.deb=01;31:*.rpm=01;31:*.jar=01;31:*.war=01;31:*.ear=01;31:*.sar=01;31:*.rar=01;31:*.ace=01;31:*.zoo=01;31:*.cpio=01;31:*.7z=01;31:*.rz=01;31:*.jpg=01;35:*.jpeg=01;35:*.gif=01;35:*.bmp=01;35:*.pbm=01;35:*.pgm=01;35:*.ppm=01;35:*.tga=01;35:*.xbm=01;35:*.xpm=01;35:*.tif=01;35:*.tiff=01;35:*.png=01;35:*.svg=01;35:*.svgz=01;35:*.mng=01;35:*.pcx=01;35:*.mov=01;35:*.mpg=01;35:*.mpeg=01;35:*.m2v=01;35:*.mkv=01;35:*.webm=01;35:*.ogm=01;35:*.mp4=01;35:*.m4v=01;35:*.mp4v=01;35:*.vob=01;35:*.qt=01;35:*.nuv=01;35:*.wmv=01;35:*.asf=01;35:*.rm=01;35:*.rmvb=01;35:*.flc=01;35:*.avi=01;35:*.fli=01;35:*.flv=01;35:*.gl=01;35:*.dl=01;35:*.xcf=01;35:*.xwd=01;35:*.yuv=01;35:*.cgm=01;35:*.emf=01;35:*.axv=01;35:*.anx=01;35:*.ogv=01;35:*.ogx=01;35:*.aac=00;36:*.au=00;36:*.flac=00;36:*.mid=00;36:*.midi=00;36:*.mka=00;36:*.mp3=00;36:*.mpc=00;36:*.ogg=00;36:*.ra=00;36:*.wav=00;36:*.axa=00;36:*.oga=00;36:*.spx=00;36:*.xspf=00;36:', 'GDM_LANG': 'en_US', 'GTK_MODULES': 'overlay-scrollbar:unity-gtk-module', 'INSTANCE': '', 'PWD': '/home/mdas/ros_ws', 'QT_IM_MODULE': 'ibus', 'ROS_ETC_DIR': '/opt/ros/indigo/etc/ros', 'COLORTERM': 'gnome-terminal', 'DISPLAY': ':0', 'XDG_MENU_PREFIX': 'gnome-', 'ROS_WORKSPACE': '/home/mdas/ros_ws', 'XDG_CONFIG_DIRS': '/etc/xdg/xdg-ubuntu:/usr/share/upstart/xdg:/etc/xdg', 'USER': 'mdas'}]
[roslaunch][INFO] 2017-11-04 12:40:10,474: process[base_laser1-2]: args[[u'/home/mdas/ros_ws/devel/lib/sicktoolbox_wrapper/sicklms', u'scan:=/sensor_msgs/LaserScan', u'__name:=base_laser1']]
[roslaunch][INFO] 2017-11-04 12:40:10,474: ... created process [base_laser1-2]
[roslaunch.pmon][INFO] 2017-11-04 12:40:10,474: ProcessMonitor.register[base_laser1-2]
[roslaunch.pmon][INFO] 2017-11-04 12:40:10,474: ProcessMonitor.register[base_laser1-2] complete
[roslaunch][INFO] 2017-11-04 12:40:10,474: ... registered process [base_laser1-2]
[roslaunch][INFO] 2017-11-04 12:40:10,474: process[base_laser1-2]: starting os process
[roslaunch][INFO] 2017-11-04 12:40:10,474: process[base_laser1-2]: start w/ args [[u'/home/mdas/ros_ws/devel/lib/sicktoolbox_wrapper/sicklms', u'scan:=/sensor_msgs/LaserScan', u'__name:=base_laser1', u'__log:=/home/mdas/.ros/log/d2a28ff4-c17e-11e7-a997-f44d306c96a4/base_laser1-2.log']]
[roslaunch][INFO] 2017-11-04 12:40:10,474: process[base_laser1-2]: cwd will be [/home/mdas/.ros]
[roslaunch][INFO] 2017-11-04 12:40:10,476: process[base_laser1-2]: started with pid [4553]
[roslaunch][INFO] 2017-11-04 12:40:10,476: ... successfully launched [base_laser1-2]
[roslaunch][INFO] 2017-11-04 12:40:10,476: ... launch_nodes complete
[roslaunch.pmon][INFO] 2017-11-04 12:40:10,476: registrations completed <ProcessMonitor(ProcessMonitor-1, started daemon 140616008320768)>
[roslaunch.parent][INFO] 2017-11-04 12:40:10,477: ... roslaunch parent running, waiting for process exit
[roslaunch][INFO] 2017-11-04 12:40:10,477: spin
[roslaunch][ERROR] 2017-11-04 12:40:10,794: [base_laser1-2] process has died [pid 4553, exit code 2, cmd /home/mdas/ros_ws/devel/lib/sicktoolbox_wrapper/sicklms scan:=/sensor_msgs/LaserScan __name:=base_laser1 __log:=/home/mdas/.ros/log/d2a28ff4-c17e-11e7-a997-f44d306c96a4/base_laser1-2.log].
log file: /home/mdas/.ros/log/d2a28ff4-c17e-11e7-a997-f44d306c96a4/base_laser1-2*.log
[roslaunch][INFO] 2017-11-04 12:40:10,795: [base_laser1-2] restarting process
[roslaunch][INFO] 2017-11-04 12:40:10,796: process[base_laser1-2]: restarting os process
[roslaunch][INFO] 2017-11-04 12:40:10,796: process[base_laser1-2]: start w/ args [[u'/home/mdas/ros_ws/devel/lib/sicktoolbox_wrapper/sicklms', u'scan:=/sensor_msgs/LaserScan', u'__name:=base_laser1', u'__log:=/home/mdas/.ros/log/d2a28ff4-c17e-11e7-a997-f44d306c96a4/base_laser1-2.log']]
[roslaunch][INFO] 2017-11-04 12:40:10,797: process[base_laser1-2]: cwd will be [/home/mdas/.ros]
[roslaunch][INFO] 2017-11-04 12:40:10,804: process[base_laser1-2]: started with pid [4608]
[roslaunch][ERROR] 2017-11-04 12:40:11,206: [base_laser1-2] process has died [pid 4608, exit code 2, cmd /home/mdas/ros_ws/devel/lib/sicktoolbox_wrapper/sicklms scan:=/sensor_msgs/LaserScan __name:=base_laser1 __log:=/home/mdas/.ros/log/d2a28ff4-c17e-11e7-a997-f44d306c96a4/base_laser1-2.log].
log file: /home/mdas/.ros/log/d2a28ff4-c17e-11e7-a997-f44d306c96a4/base_laser1-2*.log
[roslaunch][INFO] 2017-11-04 12:40:11,207: [base_laser1-2] restarting process
[roslaunch][INFO] 2017-11-04 12:40:11,208: process[base_laser1-2]: restarting os process
[roslaunch][INFO] 2017-11-04 12:40:11,208: process[base_laser1-2]: start w/ args [[u'/home/mdas/ros_ws/devel/lib/sicktoolbox_wrapper/sicklms', u'scan:=/sensor_msgs/LaserScan', u'__name:=base_laser1', u'__log:=/home/mdas/.ros/log/d2a28ff4-c17e-11e7-a997-f44d306c96a4/base_laser1-2.log']]
[roslaunch][INFO] 2017-11-04 12:40:11,209: process[base_laser1-2]: cwd will be [/home/mdas/.ros]
[roslaunch][INFO] 2017-11-04 12:40:11,216: process[base_laser1-2]: started with pid [4649]
[roslaunch][ERROR] 2017-11-04 12:40:11,518: [base_laser1-2] process has died [pid 4649, exit code 2, cmd /home/mdas/ros_ws/devel/lib/sicktoolbox_wrapper/sicklms scan:=/sensor_msgs/LaserScan __name:=base_laser1 __log:=/home/mdas/.ros/log/d2a28ff4-c17e-11e7-a997-f44d306c96a4/base_laser1-2.log].
log file: /home/mdas/.ros/log/d2a28ff4-c17e-11e7-a997-f44d306c96a4/base_laser1-2*.log
[roslaunch][INFO] 2017-11-04 12:40:11,519: [base_laser1-2] restarting process
[roslaunch][INFO] 2017-11-04 12:40:11,519: process[base_laser1-2]: restarting os process
[roslaunch][INFO] 2017-11-04 12:40:11,520: process[base_laser1-2]: start w/ args [[u'/home/mdas/ros_ws/devel/lib/sicktoolbox_wrapper/sicklms', u'scan:=/sensor_msgs/LaserScan', u'__name:=base_laser1', u'__log:=/home/mdas/.ros/log/d2a28ff4-c17e-11e7-a997-f44d306c96a4/base_laser1-2.log']]
[roslaunch][INFO] 2017-11-04 12:40:11,520: process[base_laser1-2]: cwd will be [/home/mdas/.ros]
[roslaunch][INFO] 2017-11-04 12:40:11,527: process[base_laser1-2]: started with pid [4690]
[roslaunch][ERROR] 2017-11-04 12:40:11,930: [base_laser1-2] process has died [pid 4690, exit code 2, cmd /home/mdas/ros_ws/devel/lib/sicktoolbox_wrapper/sicklms scan:=/sensor_msgs/LaserScan __name:=base_laser1 __log:=/home/mdas/.ros/log/d2a28ff4-c17e-11e7-a997-f44d306c96a4/base_laser1-2.log].
log file: /home/mdas/.ros/log/d2a28ff4-c17e-11e7-a997-f44d306c96a4/base_laser1-2*.log
[roslaunch][INFO] 2017-11-04 12:40:11,931: [base_laser1-2] restarting process
[roslaunch][INFO] 2017-11-04 12:40:11,931: process[base_laser1-2]: restarting os process
[roslaunch][INFO] 2017-11-04 12:40:11,932: process[base_laser1-2]: start w/ args [[u'/home/mdas/ros_ws/devel/lib/sicktoolbox_wrapper/sicklms', u'scan:=/sensor_msgs/LaserScan', u'__name:=base_laser1', u'__log:=/home/mdas/.ros/log/d2a28ff4-c17e-11e7-a997-f44d306c96a4/base_laser1-2.log']]
[roslaunch][INFO] 2017-11-04 12:40:11,933: process[base_laser1-2]: cwd will be [/home/mdas/.ros]
[roslaunch][INFO] 2017-11-04 12:40:11,939: process[base_laser1-2]: started with pid [4731]
[roslaunch][ERROR] 2017-11-04 12:40:12,343: [base_laser1-2] process has died [pid 4731, exit code 2, cmd /home/mdas/ros_ws/devel/lib/sicktoolbox_wrapper/sicklms scan:=/sensor_msgs/LaserScan __name:=base_laser1 __log:=/home/mdas/.ros/log/d2a28ff4-c17e-11e7-a997-f44d306c96a4/base_laser1-2.log].
log file: /home/mdas/.ros/log/d2a28ff4-c17e-11e7-a997-f44d306c96a4/base_laser1-2*.log
[roslaunch][INFO] 2017-11-04 12:40:12,343: [base_laser1-2] restarting process
[roslaunch][INFO] 2017-11-04 12:40:12,344: process[base_laser1-2]: restarting os process
[roslaunch][INFO] 2017-11-04 12:40:12,345: process[base_laser1-2]: start w/ args [[u'/home/mdas/ros_ws/devel/lib/sicktoolbox_wrapper/sicklms', u'scan:=/sensor_msgs/LaserScan', u'__name:=base_laser1', u'__log:=/home/mdas/.ros/log/d2a28ff4-c17e-11e7-a997-f44d306c96a4/base_laser1-2.log']]
[roslaunch][INFO] 2017-11-04 12:40:12,345: process[base_laser1-2]: cwd will be [/home/mdas/.ros]
[roslaunch][INFO] 2017-11-04 12:40:12,352: process[base_laser1-2]: started with pid [4772]
[roslaunch][ERROR] 2017-11-04 12:40:12,655: [base_laser1-2] process has died [pid 4772, exit code 2, cmd /home/mdas/ros_ws/devel/lib/sicktoolbox_wrapper/sicklms scan:=/sensor_msgs/LaserScan __name:=base_laser1 __log:=/home/mdas/.ros/log/d2a28ff4-c17e-11e7-a997-f44d306c96a4/base_laser1-2.log].
log file: /home/mdas/.ros/log/d2a28ff4-c17e-11e7-a997-f44d306c96a4/base_laser1-2*.log
[roslaunch][INFO] 2017-11-04 12:40:12,655: [base_laser1-2] restarting process
[roslaunch][INFO] 2017-11-04 12:40:12,656: process[base_laser1-2]: restarting os process
[roslaunch][INFO] 2017-11-04 12:40:12,657: process[base_laser1-2]: start w/ args [[u'/home/mdas/ros_ws/devel/lib/sicktoolbox_wrapper/sicklms', u'scan:=/sensor_msgs/LaserScan', u'__name:=base_laser1', u'__log:=/home/mdas/.ros/log/d2a28ff4-c17e-11e7-a997-f44d306c96a4/base_laser1-2.log']]
[roslaunch][INFO] 2017-11-04 12:40:12,657: process[base_laser1-2]: cwd will be [/home/mdas/.ros]
[roslaunch][INFO] 2017-11-04 12:40:12,664: process[base_laser1-2]: started with pid [4813]
[roslaunch][ERROR] 2017-11-04 12:40:13,067: [base_laser1-2] process has died [pid 4813, exit code 2, cmd /home/mdas/ros_ws/devel/lib/sicktoolbox_wrapper/sicklms scan:=/sensor_msgs/LaserScan __name:=base_laser1 __log:=/home/mdas/.ros/log/d2a28ff4-c17e-11e7-a997-f44d306c96a4/base_laser1-2.log].
log file: /home/mdas/.ros/log/d2a28ff4-c17e-11e7-a997-f44d306c96a4/base_laser1-2*.log
[roslaunch][INFO] 2017-11-04 12:40:13,068: [base_laser1-2] restarting process
[roslaunch][INFO] 2017-11-04 12:40:13,069: process[base_laser1-2]: restarting os process
[roslaunch][INFO] 2017-11-04 12:40:13,069: process[base_laser1-2]: start w/ args [[u'/home/mdas/ros_ws/devel/lib/sicktoolbox_wrapper/sicklms', u'scan:=/sensor_msgs/LaserScan', u'__name:=base_laser1', u'__log:=/home/mdas/.ros/log/d2a28ff4-c17e-11e7-a997-f44d306c96a4/base_laser1-2.log']]
[roslaunch][INFO] 2017-11-04 12:40:13,070: process[base_laser1-2]: cwd will be [/home/mdas/.ros]
[roslaunch][INFO] 2017-11-04 12:40:13,077: process[base_laser1-2]: started with pid [4854]
[roslaunch.pmon][INFO] 2017-11-04 12:40:13,179: ProcessMonitor.shutdown <ProcessMonitor(ProcessMonitor-1, started daemon 140616008320768)>
[roslaunch.pmon][INFO] 2017-11-04 12:40:13,179: ProcessMonitor._post_run <ProcessMonitor(ProcessMonitor-1, started daemon 140616008320768)>
[roslaunch.pmon][INFO] 2017-11-04 12:40:13,180: ProcessMonitor._post_run <ProcessMonitor(ProcessMonitor-1, started daemon 140616008320768)>: remaining procs are [<roslaunch.nodeprocess.LocalProcess object at 0x7fe3b75d9c90>, <roslaunch.nodeprocess.LocalProcess object at 0x7fe3b75d9fd0>, <roslaunch.nodeprocess.LocalProcess object at 0x7fe3b7efee90>]
[roslaunch.pmon][INFO] 2017-11-04 12:40:13,180: ProcessMonitor exit: killing base_laser1-2
[roslaunch][INFO] 2017-11-04 12:40:13,180: [base_laser1-2] killing on exit
[roslaunch][INFO] 2017-11-04 12:40:13,181: process[base_laser1-2]: killing os process with pid[4854] pgid[4854]
[roslaunch][INFO] 2017-11-04 12:40:13,181: [base_laser1-2] sending SIGINT to pgid [4854]
[roslaunch][INFO] 2017-11-04 12:40:13,181: [base_laser1-2] sent SIGINT to pgid [4854]
[roslaunch][INFO] 2017-11-04 12:40:13,583: process[base_laser1-2]: SIGINT killed with return value 2
[roslaunch.pmon][INFO] 2017-11-04 12:40:13,584: ProcessMonitor exit: killing rosout-1
[roslaunch][INFO] 2017-11-04 12:40:13,584: [rosout-1] killing on exit
[roslaunch][INFO] 2017-11-04 12:40:13,585: process[rosout-1]: killing os process with pid[4550] pgid[4550]
[roslaunch][INFO] 2017-11-04 12:40:13,585: [rosout-1] sending SIGINT to pgid [4550]
[roslaunch][INFO] 2017-11-04 12:40:13,586: [rosout-1] sent SIGINT to pgid [4550]
[roslaunch][INFO] 2017-11-04 12:40:13,786: process[rosout-1]: SIGINT killed with return value 0
[roslaunch.pmon][INFO] 2017-11-04 12:40:13,787: ProcessMonitor exit: killing master
[roslaunch][INFO] 2017-11-04 12:40:13,787: [master] killing on exit
[roslaunch][INFO] 2017-11-04 12:40:13,787: process[master]: killing os process with pid[4537] pgid[4537]
[roslaunch][INFO] 2017-11-04 12:40:13,787: [master] sending SIGINT to pgid [4537]
[roslaunch][INFO] 2017-11-04 12:40:13,787: [master] sent SIGINT to pgid [4537]
[roslaunch][INFO] 2017-11-04 12:40:13,988: process[master]: SIGINT killed with return value 0
[roslaunch.pmon][INFO] 2017-11-04 12:40:13,989: ProcessMonitor exit: cleaning up data structures and signals
[roslaunch.pmon][INFO] 2017-11-04 12:40:13,989: ProcessMonitor exit: pmon has shutdown
[roslaunch][INFO] 2017-11-04 12:40:13,997: process monitor is done spinning, initiating full shutdown
[roslaunch][INFO] 2017-11-04 12:40:13,998: runner.stop()
[roslaunch][INFO] 2017-11-04 12:40:13,998: shutting down processing monitor...
[roslaunch][INFO] 2017-11-04 12:40:13,998: shutting down processing monitor <ProcessMonitor(ProcessMonitor-1, stopped daemon 140616008320768)>
[roslaunch.pmon][INFO] 2017-11-04 12:40:13,999: ProcessMonitor.shutdown <ProcessMonitor(ProcessMonitor-1, stopped daemon 140616008320768)>
[roslaunch][INFO] 2017-11-04 12:40:13,999: ... shutting down processing monitor complete
[roslaunch][INFO] 2017-11-04 12:40:13,999: done
[roslaunch.pmon][INFO] 2017-11-04 12:40:14,000: ProcessMonitor.shutdown <ProcessMonitor(ProcessMonitor-1, stopped daemon 140616008320768)>
[rospy.core][INFO] 2017-11-04 12:40:14,000: signal_shutdown [atexit]
