[roslaunch][INFO] 2017-11-29 12:14:53,087: Checking log directory for disk usage. This may take awhile.
Press Ctrl-C to interrupt
[roslaunch][INFO] 2017-11-29 12:14:53,089: Done checking log file disk usage. Usage is <1GB.
[roslaunch][INFO] 2017-11-29 12:14:53,090: roslaunch starting with args ['/opt/ros/indigo/bin/roslaunch', 'launchers', 'full_launch.launch']
[roslaunch][INFO] 2017-11-29 12:14:53,090: roslaunch env is {'MANDATORY_PATH': '/usr/share/gconf/ubuntu.mandatory.path', 'ROS_DISTRO': 'indigo', 'ROS_LOG_FILENAME': '/home/mdas/.ros/log/d071d394-d528-11e7-bed5-f44d306c96a4/roslaunch-mdas-Meerkat-4779.log', 'XDG_GREETER_DATA_DIR': '/var/lib/lightdm-data/mdas', 'GNOME_DESKTOP_SESSION_ID': 'this-is-deprecated', 'XDG_CURRENT_DESKTOP': 'Unity', 'LESSOPEN': '| /usr/bin/lesspipe %s', 'PKG_CONFIG_PATH': '/home/mdas/ros_ws/devel/lib/pkgconfig:/opt/ros/indigo/lib/pkgconfig', 'CPATH': '/home/mdas/ros_ws/devel/include:/opt/ros/indigo/include', 'LOGNAME': 'mdas', 'WINDOWID': '60817419', 'PATH': '/opt/ros/indigo/bin:/usr/local/sbin:/usr/local/bin:/usr/sbin:/usr/bin:/sbin:/bin:/usr/games:/usr/local/games', 'XDG_VTNR': '7', 'GNOME_KEYRING_CONTROL': '/run/user/1000/keyring-z3lf6K', 'CMAKE_PREFIX_PATH': '/home/mdas/ros_ws/devel:/opt/ros/indigo', 'LD_LIBRARY_PATH': '/home/mdas/ros_ws/devel/lib:/opt/ros/indigo/lib', 'LANG': 'en_US.UTF-8', 'TERM': 'xterm', 'SHELL': '/bin/bash', 'XDG_SESSION_PATH': '/org/freedesktop/DisplayManager/Session0', 'XAUTHORITY': '/home/mdas/.Xauthority', 'LANGUAGE': 'en_US', 'SESSION_MANAGER': 'local/mdas-Meerkat:@/tmp/.ICE-unix/1830,unix/mdas-Meerkat:/tmp/.ICE-unix/1830', 'SHLVL': '1', 'LESSCLOSE': '/usr/bin/lesspipe %s %s', 'QT_QPA_PLATFORMTHEME': 'appmenu-qt5', 'JOB': 'dbus', 'TEXTDOMAIN': 'im-config', 'QT4_IM_MODULE': 'xim', 'CLUTTER_IM_MODULE': 'xim', 'SESSION': 'ubuntu', 'SESSIONTYPE': 'gnome-session', 'XMODIFIERS': '@im=ibus', 'ROS_ETC_DIR': '/opt/ros/indigo/etc/ros', 'GPG_AGENT_INFO': '/run/user/1000/keyring-z3lf6K/gpg:0:1', 'HOME': '/home/mdas', 'SELINUX_INIT': 'YES', 'COMPIZ_BIN_PATH': '/usr/bin/', 'XDG_RUNTIME_DIR': '/run/user/1000', 'INSTANCE': '', 'PYTHONPATH': '/home/mdas/ros_ws/devel/lib/python2.7/dist-packages:/opt/ros/indigo/lib/python2.7/dist-packages', 'COMPIZ_CONFIG_PROFILE': 'ubuntu', 'SSH_AUTH_SOCK': '/run/user/1000/keyring-z3lf6K/ssh', 'VTE_VERSION': '3409', 'ROS_ROOT': '/opt/ros/indigo/share/ros', 'GDMSESSION': 'ubuntu', 'IM_CONFIG_PHASE': '1', 'TEXTDOMAINDIR': '/usr/share/locale/', 'GNOME_KEYRING_PID': '1679', 'XDG_SEAT_PATH': '/org/freedesktop/DisplayManager/Seat0', 'ROS_PACKAGE_PATH': '/home/mdas/ros_ws/src:/opt/ros/indigo/share:/opt/ros/indigo/stacks', 'ROS_WORKSPACE': '/home/mdas/ros_ws', 'XDG_SESSION_ID': 'c2', 'DBUS_SESSION_BUS_ADDRESS': 'unix:abstract=/tmp/dbus-0245Vr9C5W', '_': '/opt/ros/indigo/bin/roslaunch', 'DEFAULTS_PATH': '/usr/share/gconf/ubuntu.default.path', 'GTK_IM_MODULE': 'ibus', 'DESKTOP_SESSION': 'ubuntu', 'UPSTART_SESSION': 'unix:abstract=/com/ubuntu/upstart-session/1000/1681', 'XDG_CONFIG_DIRS': '/etc/xdg/xdg-ubuntu:/usr/share/upstart/xdg:/etc/xdg', 'GTK_MODULES': 'overlay-scrollbar:unity-gtk-module', 'XDG_SEAT': 'seat0', 'GDM_LANG': 'en_US', 'XDG_DATA_DIRS': '/usr/share/ubuntu:/usr/share/gnome:/usr/local/share/:/usr/share/', 'PWD': '/home/mdas', 'QT_IM_MODULE': 'ibus', 'ROS_MASTER_URI': 'http://localhost:11311', 'COLORTERM': 'gnome-terminal', 'DISPLAY': ':0', 'XDG_MENU_PREFIX': 'gnome-', 'LS_COLORS': 'rs=0:di=01;34:ln=01;36:mh=00:pi=40;33:so=01;35:do=01;35:bd=40;33;01:cd=40;33;01:or=40;31;01:su=37;41:sg=30;43:ca=30;41:tw=30;42:ow=34;42:st=37;44:ex=01;32:*.tar=01;31:*.tgz=01;31:*.arj=01;31:*.taz=01;31:*.lzh=01;31:*.lzma=01;31:*.tlz=01;31:*.txz=01;31:*.zip=01;31:*.z=01;31:*.Z=01;31:*.dz=01;31:*.gz=01;31:*.lz=01;31:*.xz=01;31:*.bz2=01;31:*.bz=01;31:*.tbz=01;31:*.tbz2=01;31:*.tz=01;31:*.deb=01;31:*.rpm=01;31:*.jar=01;31:*.war=01;31:*.ear=01;31:*.sar=01;31:*.rar=01;31:*.ace=01;31:*.zoo=01;31:*.cpio=01;31:*.7z=01;31:*.rz=01;31:*.jpg=01;35:*.jpeg=01;35:*.gif=01;35:*.bmp=01;35:*.pbm=01;35:*.pgm=01;35:*.ppm=01;35:*.tga=01;35:*.xbm=01;35:*.xpm=01;35:*.tif=01;35:*.tiff=01;35:*.png=01;35:*.svg=01;35:*.svgz=01;35:*.mng=01;35:*.pcx=01;35:*.mov=01;35:*.mpg=01;35:*.mpeg=01;35:*.m2v=01;35:*.mkv=01;35:*.webm=01;35:*.ogm=01;35:*.mp4=01;35:*.m4v=01;35:*.mp4v=01;35:*.vob=01;35:*.qt=01;35:*.nuv=01;35:*.wmv=01;35:*.asf=01;35:*.rm=01;35:*.rmvb=01;35:*.flc=01;35:*.avi=01;35:*.fli=01;35:*.flv=01;35:*.gl=01;35:*.dl=01;35:*.xcf=01;35:*.xwd=01;35:*.yuv=01;35:*.cgm=01;35:*.emf=01;35:*.axv=01;35:*.anx=01;35:*.ogv=01;35:*.ogx=01;35:*.aac=00;36:*.au=00;36:*.flac=00;36:*.mid=00;36:*.midi=00;36:*.mka=00;36:*.mp3=00;36:*.mpc=00;36:*.ogg=00;36:*.ra=00;36:*.wav=00;36:*.axa=00;36:*.oga=00;36:*.spx=00;36:*.xspf=00;36:', 'USER': 'mdas'}
[roslaunch][INFO] 2017-11-29 12:14:53,090: starting in server mode
[roslaunch.parent][INFO] 2017-11-29 12:14:53,090: starting roslaunch parent run
[roslaunch][INFO] 2017-11-29 12:14:53,090: loading roscore config file /opt/ros/indigo/etc/ros/roscore.xml
[roslaunch][INFO] 2017-11-29 12:14:53,156: Added core node of type [rosout/rosout] in namespace [/]
[roslaunch.config][INFO] 2017-11-29 12:14:53,156: loading config file /home/mdas/ros_ws/src/launchers/full_launch.launch
[roslaunch][INFO] 2017-11-29 12:14:53,208: Added node of type [sicktoolbox_wrapper/sicklms] in namespace [/]
[roslaunch][INFO] 2017-11-29 12:14:53,209: Added node of type [usb_cam/usb_cam_node] in namespace [/]
[roslaunch][INFO] 2017-11-29 12:14:53,210: Added node of type [novatel/novatel_node] in namespace [/]
[roslaunch][INFO] 2017-11-29 12:14:53,211: ... selected machine [] for node of type [sicktoolbox_wrapper/sicklms]
[roslaunch][INFO] 2017-11-29 12:14:53,211: ... selected machine [] for node of type [usb_cam/usb_cam_node]
[roslaunch][INFO] 2017-11-29 12:14:53,211: ... selected machine [] for node of type [novatel/novatel_node]
[roslaunch.pmon][INFO] 2017-11-29 12:14:53,211: start_process_monitor: creating ProcessMonitor
[roslaunch.pmon][INFO] 2017-11-29 12:14:53,211: created process monitor <ProcessMonitor(ProcessMonitor-1, initial daemon)>
[roslaunch.pmon][INFO] 2017-11-29 12:14:53,211: start_process_monitor: ProcessMonitor started
[roslaunch.parent][INFO] 2017-11-29 12:14:53,212: starting parent XML-RPC server
[roslaunch.server][INFO] 2017-11-29 12:14:53,212: starting roslaunch XML-RPC server
[roslaunch.server][INFO] 2017-11-29 12:14:53,212: waiting for roslaunch XML-RPC server to initialize
[xmlrpc][INFO] 2017-11-29 12:14:53,212: XML-RPC server binding to 0.0.0.0:0
[xmlrpc][INFO] 2017-11-29 12:14:53,212: Started XML-RPC server [http://mdas-Meerkat:34191/]
[xmlrpc][INFO] 2017-11-29 12:14:53,212: xml rpc node: starting XML-RPC server
[roslaunch][INFO] 2017-11-29 12:14:53,223: started roslaunch server http://mdas-Meerkat:34191/
[roslaunch.parent][INFO] 2017-11-29 12:14:53,223: ... parent XML-RPC server started
[roslaunch][INFO] 2017-11-29 12:14:53,224: master.is_running[http://localhost:11311]
[roslaunch][INFO] 2017-11-29 12:14:53,224: auto-starting new master
[roslaunch][INFO] 2017-11-29 12:14:53,224: create_master_process: rosmaster, /opt/ros/indigo/share/ros, 11311, 3, None
[roslaunch][INFO] 2017-11-29 12:14:53,224: process[master]: launching with args [['rosmaster', '--core', '-p', '11311', '-w', '3']]
[roslaunch.pmon][INFO] 2017-11-29 12:14:53,224: ProcessMonitor.register[master]
[roslaunch.pmon][INFO] 2017-11-29 12:14:53,224: ProcessMonitor.register[master] complete
[roslaunch][INFO] 2017-11-29 12:14:53,224: process[master]: starting os process
[roslaunch][INFO] 2017-11-29 12:14:53,224: process[master]: start w/ args [['rosmaster', '--core', '-p', '11311', '-w', '3', '__log:=/home/mdas/.ros/log/d071d394-d528-11e7-bed5-f44d306c96a4/master.log']]
[roslaunch][INFO] 2017-11-29 12:14:53,224: process[master]: cwd will be [/home/mdas/.ros]
[roslaunch][INFO] 2017-11-29 12:14:53,226: process[master]: started with pid [4791]
[roslaunch][INFO] 2017-11-29 12:14:53,226: master.is_running[http://localhost:11311]
[roslaunch][INFO] 2017-11-29 12:14:53,327: master.is_running[http://localhost:11311]
[roslaunch][INFO] 2017-11-29 12:14:53,329: master.is_running[http://localhost:11311]
[roslaunch][INFO] 2017-11-29 12:14:53,329: ROS_MASTER_URI=http://localhost:11311
[roslaunch][INFO] 2017-11-29 12:14:53,330: setting /run_id to d071d394-d528-11e7-bed5-f44d306c96a4
[roslaunch][INFO] 2017-11-29 12:14:53,331: setting /roslaunch/uris/host_mdas_meerkat__34191' to http://mdas-Meerkat:34191/
[roslaunch][INFO] 2017-11-29 12:14:53,332: ... preparing to launch node of type [rosout/rosout]
[roslaunch][INFO] 2017-11-29 12:14:53,332: create_node_process: package[rosout] type[rosout] machine[Machine(name[] env_loader[None] address[localhost] ssh_port[22] user[None] assignable[True] timeout[10.0])] master_uri[http://localhost:11311]
[roslaunch][INFO] 2017-11-29 12:14:53,333: process[rosout-1]: env[{'QT_QPA_PLATFORMTHEME': 'appmenu-qt5', 'ROS_DISTRO': 'indigo', 'XDG_GREETER_DATA_DIR': '/var/lib/lightdm-data/mdas', 'GNOME_DESKTOP_SESSION_ID': 'this-is-deprecated', 'XDG_CURRENT_DESKTOP': 'Unity', 'XDG_SEAT_PATH': '/org/freedesktop/DisplayManager/Seat0', 'CPATH': '/home/mdas/ros_ws/devel/include:/opt/ros/indigo/include', 'LOGNAME': 'mdas', 'XDG_SEAT': 'seat0', 'PATH': '/opt/ros/indigo/bin:/usr/local/sbin:/usr/local/bin:/usr/sbin:/usr/bin:/sbin:/bin:/usr/games:/usr/local/games', 'XDG_VTNR': '7', 'GNOME_KEYRING_CONTROL': '/run/user/1000/keyring-z3lf6K', 'CMAKE_PREFIX_PATH': '/home/mdas/ros_ws/devel:/opt/ros/indigo', 'LD_LIBRARY_PATH': '/home/mdas/ros_ws/devel/lib:/opt/ros/indigo/lib', 'LANG': 'en_US.UTF-8', 'TERM': 'xterm', 'SHELL': '/bin/bash', 'XDG_SESSION_PATH': '/org/freedesktop/DisplayManager/Session0', 'XAUTHORITY': '/home/mdas/.Xauthority', 'LANGUAGE': 'en_US', 'SESSION_MANAGER': 'local/mdas-Meerkat:@/tmp/.ICE-unix/1830,unix/mdas-Meerkat:/tmp/.ICE-unix/1830', 'SHLVL': '1', 'MANDATORY_PATH': '/usr/share/gconf/ubuntu.mandatory.path', 'CLUTTER_IM_MODULE': 'xim', 'ROS_LOG_FILENAME': '/home/mdas/.ros/log/d071d394-d528-11e7-bed5-f44d306c96a4/roslaunch-mdas-Meerkat-4779.log', 'TEXTDOMAIN': 'im-config', 'JOB': 'dbus', 'WINDOWID': '60817419', 'SESSIONTYPE': 'gnome-session', 'XMODIFIERS': '@im=ibus', 'ROS_MASTER_URI': 'http://localhost:11311', 'GPG_AGENT_INFO': '/run/user/1000/keyring-z3lf6K/gpg:0:1', 'HOME': '/home/mdas', 'QT4_IM_MODULE': 'xim', 'SELINUX_INIT': 'YES', 'SSH_AUTH_SOCK': '/run/user/1000/keyring-z3lf6K/ssh', 'XDG_RUNTIME_DIR': '/run/user/1000', 'GTK_IM_MODULE': 'ibus', 'PYTHONPATH': '/home/mdas/ros_ws/devel/lib/python2.7/dist-packages:/opt/ros/indigo/lib/python2.7/dist-packages', 'COMPIZ_CONFIG_PROFILE': 'ubuntu', 'COMPIZ_BIN_PATH': '/usr/bin/', 'VTE_VERSION': '3409', 'ROS_ROOT': '/opt/ros/indigo/share/ros', 'GDMSESSION': 'ubuntu', 'IM_CONFIG_PHASE': '1', 'TEXTDOMAINDIR': '/usr/share/locale/', 'XDG_DATA_DIRS': '/usr/share/ubuntu:/usr/share/gnome:/usr/local/share/:/usr/share/', 'PKG_CONFIG_PATH': '/home/mdas/ros_ws/devel/lib/pkgconfig:/opt/ros/indigo/lib/pkgconfig', 'ROS_PACKAGE_PATH': '/home/mdas/ros_ws/src:/opt/ros/indigo/share:/opt/ros/indigo/stacks', 'LESSOPEN': '| /usr/bin/lesspipe %s', 'XDG_SESSION_ID': 'c2', 'DBUS_SESSION_BUS_ADDRESS': 'unix:abstract=/tmp/dbus-0245Vr9C5W', '_': '/opt/ros/indigo/bin/roslaunch', 'DEFAULTS_PATH': '/usr/share/gconf/ubuntu.default.path', 'SESSION': 'ubuntu', 'DESKTOP_SESSION': 'ubuntu', 'UPSTART_SESSION': 'unix:abstract=/com/ubuntu/upstart-session/1000/1681', 'LESSCLOSE': '/usr/bin/lesspipe %s %s', 'GNOME_KEYRING_PID': '1679', 'LS_COLORS': 'rs=0:di=01;34:ln=01;36:mh=00:pi=40;33:so=01;35:do=01;35:bd=40;33;01:cd=40;33;01:or=40;31;01:su=37;41:sg=30;43:ca=30;41:tw=30;42:ow=34;42:st=37;44:ex=01;32:*.tar=01;31:*.tgz=01;31:*.arj=01;31:*.taz=01;31:*.lzh=01;31:*.lzma=01;31:*.tlz=01;31:*.txz=01;31:*.zip=01;31:*.z=01;31:*.Z=01;31:*.dz=01;31:*.gz=01;31:*.lz=01;31:*.xz=01;31:*.bz2=01;31:*.bz=01;31:*.tbz=01;31:*.tbz2=01;31:*.tz=01;31:*.deb=01;31:*.rpm=01;31:*.jar=01;31:*.war=01;31:*.ear=01;31:*.sar=01;31:*.rar=01;31:*.ace=01;31:*.zoo=01;31:*.cpio=01;31:*.7z=01;31:*.rz=01;31:*.jpg=01;35:*.jpeg=01;35:*.gif=01;35:*.bmp=01;35:*.pbm=01;35:*.pgm=01;35:*.ppm=01;35:*.tga=01;35:*.xbm=01;35:*.xpm=01;35:*.tif=01;35:*.tiff=01;35:*.png=01;35:*.svg=01;35:*.svgz=01;35:*.mng=01;35:*.pcx=01;35:*.mov=01;35:*.mpg=01;35:*.mpeg=01;35:*.m2v=01;35:*.mkv=01;35:*.webm=01;35:*.ogm=01;35:*.mp4=01;35:*.m4v=01;35:*.mp4v=01;35:*.vob=01;35:*.qt=01;35:*.nuv=01;35:*.wmv=01;35:*.asf=01;35:*.rm=01;35:*.rmvb=01;35:*.flc=01;35:*.avi=01;35:*.fli=01;35:*.flv=01;35:*.gl=01;35:*.dl=01;35:*.xcf=01;35:*.xwd=01;35:*.yuv=01;35:*.cgm=01;35:*.emf=01;35:*.axv=01;35:*.anx=01;35:*.ogv=01;35:*.ogx=01;35:*.aac=00;36:*.au=00;36:*.flac=00;36:*.mid=00;36:*.midi=00;36:*.mka=00;36:*.mp3=00;36:*.mpc=00;36:*.ogg=00;36:*.ra=00;36:*.wav=00;36:*.axa=00;36:*.oga=00;36:*.spx=00;36:*.xspf=00;36:', 'GDM_LANG': 'en_US', 'GTK_MODULES': 'overlay-scrollbar:unity-gtk-module', 'INSTANCE': '', 'PWD': '/home/mdas', 'QT_IM_MODULE': 'ibus', 'ROS_ETC_DIR': '/opt/ros/indigo/etc/ros', 'COLORTERM': 'gnome-terminal', 'DISPLAY': ':0', 'XDG_MENU_PREFIX': 'gnome-', 'ROS_WORKSPACE': '/home/mdas/ros_ws', 'XDG_CONFIG_DIRS': '/etc/xdg/xdg-ubuntu:/usr/share/upstart/xdg:/etc/xdg', 'USER': 'mdas'}]
[roslaunch][INFO] 2017-11-29 12:14:53,386: process[rosout-1]: args[[u'/opt/ros/indigo/lib/rosout/rosout', u'__name:=rosout']]
[roslaunch][INFO] 2017-11-29 12:14:53,386: ... created process [rosout-1]
[roslaunch.pmon][INFO] 2017-11-29 12:14:53,386: ProcessMonitor.register[rosout-1]
[roslaunch.pmon][INFO] 2017-11-29 12:14:53,386: ProcessMonitor.register[rosout-1] complete
[roslaunch][INFO] 2017-11-29 12:14:53,387: ... registered process [rosout-1]
[roslaunch][INFO] 2017-11-29 12:14:53,387: process[rosout-1]: starting os process
[roslaunch][INFO] 2017-11-29 12:14:53,387: process[rosout-1]: start w/ args [[u'/opt/ros/indigo/lib/rosout/rosout', u'__name:=rosout', u'__log:=/home/mdas/.ros/log/d071d394-d528-11e7-bed5-f44d306c96a4/rosout-1.log']]
[roslaunch][INFO] 2017-11-29 12:14:53,387: process[rosout-1]: cwd will be [/home/mdas/.ros]
[roslaunch][INFO] 2017-11-29 12:14:53,389: process[rosout-1]: started with pid [4804]
[roslaunch][INFO] 2017-11-29 12:14:53,389: ... successfully launched [rosout-1]
[roslaunch][INFO] 2017-11-29 12:14:53,389: load_parameters starting ...
[roslaunch][INFO] 2017-11-29 12:14:53,396: ... load_parameters complete
[roslaunch][INFO] 2017-11-29 12:14:53,396: launch_nodes: launching local nodes ...
[roslaunch][INFO] 2017-11-29 12:14:53,396: ... preparing to launch node of type [sicktoolbox_wrapper/sicklms]
[roslaunch][INFO] 2017-11-29 12:14:53,396: create_node_process: package[sicktoolbox_wrapper] type[sicklms] machine[Machine(name[] env_loader[None] address[localhost] ssh_port[22] user[None] assignable[True] timeout[10.0])] master_uri[http://localhost:11311]
[roslaunch][INFO] 2017-11-29 12:14:53,396: process[base_laser1-2]: env[{'QT_QPA_PLATFORMTHEME': 'appmenu-qt5', 'ROS_DISTRO': 'indigo', 'XDG_GREETER_DATA_DIR': '/var/lib/lightdm-data/mdas', 'GNOME_DESKTOP_SESSION_ID': 'this-is-deprecated', 'XDG_CURRENT_DESKTOP': 'Unity', 'XDG_SEAT_PATH': '/org/freedesktop/DisplayManager/Seat0', 'CPATH': '/home/mdas/ros_ws/devel/include:/opt/ros/indigo/include', 'LOGNAME': 'mdas', 'XDG_SEAT': 'seat0', 'PATH': '/opt/ros/indigo/bin:/usr/local/sbin:/usr/local/bin:/usr/sbin:/usr/bin:/sbin:/bin:/usr/games:/usr/local/games', 'XDG_VTNR': '7', 'GNOME_KEYRING_CONTROL': '/run/user/1000/keyring-z3lf6K', 'CMAKE_PREFIX_PATH': '/home/mdas/ros_ws/devel:/opt/ros/indigo', 'LD_LIBRARY_PATH': '/home/mdas/ros_ws/devel/lib:/opt/ros/indigo/lib', 'LANG': 'en_US.UTF-8', 'TERM': 'xterm', 'SHELL': '/bin/bash', 'XDG_SESSION_PATH': '/org/freedesktop/DisplayManager/Session0', 'XAUTHORITY': '/home/mdas/.Xauthority', 'LANGUAGE': 'en_US', 'SESSION_MANAGER': 'local/mdas-Meerkat:@/tmp/.ICE-unix/1830,unix/mdas-Meerkat:/tmp/.ICE-unix/1830', 'SHLVL': '1', 'MANDATORY_PATH': '/usr/share/gconf/ubuntu.mandatory.path', 'CLUTTER_IM_MODULE': 'xim', 'ROS_LOG_FILENAME': '/home/mdas/.ros/log/d071d394-d528-11e7-bed5-f44d306c96a4/roslaunch-mdas-Meerkat-4779.log', 'TEXTDOMAIN': 'im-config', 'JOB': 'dbus', 'WINDOWID': '60817419', 'SESSIONTYPE': 'gnome-session', 'XMODIFIERS': '@im=ibus', 'ROS_MASTER_URI': 'http://localhost:11311', 'GPG_AGENT_INFO': '/run/user/1000/keyring-z3lf6K/gpg:0:1', 'HOME': '/home/mdas', 'QT4_IM_MODULE': 'xim', 'SELINUX_INIT': 'YES', 'SSH_AUTH_SOCK': '/run/user/1000/keyring-z3lf6K/ssh', 'XDG_RUNTIME_DIR': '/run/user/1000', 'GTK_IM_MODULE': 'ibus', 'PYTHONPATH': '/home/mdas/ros_ws/devel/lib/python2.7/dist-packages:/opt/ros/indigo/lib/python2.7/dist-packages', 'COMPIZ_CONFIG_PROFILE': 'ubuntu', 'COMPIZ_BIN_PATH': '/usr/bin/', 'VTE_VERSION': '3409', 'ROS_ROOT': '/opt/ros/indigo/share/ros', 'GDMSESSION': 'ubuntu', 'IM_CONFIG_PHASE': '1', 'TEXTDOMAINDIR': '/usr/share/locale/', 'XDG_DATA_DIRS': '/usr/share/ubuntu:/usr/share/gnome:/usr/local/share/:/usr/share/', 'PKG_CONFIG_PATH': '/home/mdas/ros_ws/devel/lib/pkgconfig:/opt/ros/indigo/lib/pkgconfig', 'ROS_PACKAGE_PATH': '/home/mdas/ros_ws/src:/opt/ros/indigo/share:/opt/ros/indigo/stacks', 'LESSOPEN': '| /usr/bin/lesspipe %s', 'XDG_SESSION_ID': 'c2', 'DBUS_SESSION_BUS_ADDRESS': 'unix:abstract=/tmp/dbus-0245Vr9C5W', '_': '/opt/ros/indigo/bin/roslaunch', 'DEFAULTS_PATH': '/usr/share/gconf/ubuntu.default.path', 'SESSION': 'ubuntu', 'DESKTOP_SESSION': 'ubuntu', 'UPSTART_SESSION': 'unix:abstract=/com/ubuntu/upstart-session/1000/1681', 'LESSCLOSE': '/usr/bin/lesspipe %s %s', 'GNOME_KEYRING_PID': '1679', 'LS_COLORS': 'rs=0:di=01;34:ln=01;36:mh=00:pi=40;33:so=01;35:do=01;35:bd=40;33;01:cd=40;33;01:or=40;31;01:su=37;41:sg=30;43:ca=30;41:tw=30;42:ow=34;42:st=37;44:ex=01;32:*.tar=01;31:*.tgz=01;31:*.arj=01;31:*.taz=01;31:*.lzh=01;31:*.lzma=01;31:*.tlz=01;31:*.txz=01;31:*.zip=01;31:*.z=01;31:*.Z=01;31:*.dz=01;31:*.gz=01;31:*.lz=01;31:*.xz=01;31:*.bz2=01;31:*.bz=01;31:*.tbz=01;31:*.tbz2=01;31:*.tz=01;31:*.deb=01;31:*.rpm=01;31:*.jar=01;31:*.war=01;31:*.ear=01;31:*.sar=01;31:*.rar=01;31:*.ace=01;31:*.zoo=01;31:*.cpio=01;31:*.7z=01;31:*.rz=01;31:*.jpg=01;35:*.jpeg=01;35:*.gif=01;35:*.bmp=01;35:*.pbm=01;35:*.pgm=01;35:*.ppm=01;35:*.tga=01;35:*.xbm=01;35:*.xpm=01;35:*.tif=01;35:*.tiff=01;35:*.png=01;35:*.svg=01;35:*.svgz=01;35:*.mng=01;35:*.pcx=01;35:*.mov=01;35:*.mpg=01;35:*.mpeg=01;35:*.m2v=01;35:*.mkv=01;35:*.webm=01;35:*.ogm=01;35:*.mp4=01;35:*.m4v=01;35:*.mp4v=01;35:*.vob=01;35:*.qt=01;35:*.nuv=01;35:*.wmv=01;35:*.asf=01;35:*.rm=01;35:*.rmvb=01;35:*.flc=01;35:*.avi=01;35:*.fli=01;35:*.flv=01;35:*.gl=01;35:*.dl=01;35:*.xcf=01;35:*.xwd=01;35:*.yuv=01;35:*.cgm=01;35:*.emf=01;35:*.axv=01;35:*.anx=01;35:*.ogv=01;35:*.ogx=01;35:*.aac=00;36:*.au=00;36:*.flac=00;36:*.mid=00;36:*.midi=00;36:*.mka=00;36:*.mp3=00;36:*.mpc=00;36:*.ogg=00;36:*.ra=00;36:*.wav=00;36:*.axa=00;36:*.oga=00;36:*.spx=00;36:*.xspf=00;36:', 'GDM_LANG': 'en_US', 'GTK_MODULES': 'overlay-scrollbar:unity-gtk-module', 'INSTANCE': '', 'PWD': '/home/mdas', 'QT_IM_MODULE': 'ibus', 'ROS_ETC_DIR': '/opt/ros/indigo/etc/ros', 'COLORTERM': 'gnome-terminal', 'DISPLAY': ':0', 'XDG_MENU_PREFIX': 'gnome-', 'ROS_WORKSPACE': '/home/mdas/ros_ws', 'XDG_CONFIG_DIRS': '/etc/xdg/xdg-ubuntu:/usr/share/upstart/xdg:/etc/xdg', 'USER': 'mdas'}]
[roslaunch][INFO] 2017-11-29 12:14:53,399: process[base_laser1-2]: args[[u'/home/mdas/ros_ws/devel/lib/sicktoolbox_wrapper/sicklms', u'scan:=/sensor_msgs/LaserScan', u'__name:=base_laser1']]
[roslaunch][INFO] 2017-11-29 12:14:53,399: ... created process [base_laser1-2]
[roslaunch.pmon][INFO] 2017-11-29 12:14:53,399: ProcessMonitor.register[base_laser1-2]
[roslaunch.pmon][INFO] 2017-11-29 12:14:53,399: ProcessMonitor.register[base_laser1-2] complete
[roslaunch][INFO] 2017-11-29 12:14:53,399: ... registered process [base_laser1-2]
[roslaunch][INFO] 2017-11-29 12:14:53,399: process[base_laser1-2]: starting os process
[roslaunch][INFO] 2017-11-29 12:14:53,399: process[base_laser1-2]: start w/ args [[u'/home/mdas/ros_ws/devel/lib/sicktoolbox_wrapper/sicklms', u'scan:=/sensor_msgs/LaserScan', u'__name:=base_laser1', u'__log:=/home/mdas/.ros/log/d071d394-d528-11e7-bed5-f44d306c96a4/base_laser1-2.log']]
[roslaunch][INFO] 2017-11-29 12:14:53,399: process[base_laser1-2]: cwd will be [/home/mdas/.ros]
[roslaunch][INFO] 2017-11-29 12:14:53,402: process[base_laser1-2]: started with pid [4821]
[roslaunch][INFO] 2017-11-29 12:14:53,402: ... successfully launched [base_laser1-2]
[roslaunch][INFO] 2017-11-29 12:14:53,402: ... preparing to launch node of type [usb_cam/usb_cam_node]
[roslaunch][INFO] 2017-11-29 12:14:53,402: create_node_process: package[usb_cam] type[usb_cam_node] machine[Machine(name[] env_loader[None] address[localhost] ssh_port[22] user[None] assignable[True] timeout[10.0])] master_uri[http://localhost:11311]
[roslaunch][INFO] 2017-11-29 12:14:53,402: process[usb_cam_1-3]: env[{'QT_QPA_PLATFORMTHEME': 'appmenu-qt5', 'ROS_DISTRO': 'indigo', 'XDG_GREETER_DATA_DIR': '/var/lib/lightdm-data/mdas', 'GNOME_DESKTOP_SESSION_ID': 'this-is-deprecated', 'XDG_CURRENT_DESKTOP': 'Unity', 'XDG_SEAT_PATH': '/org/freedesktop/DisplayManager/Seat0', 'CPATH': '/home/mdas/ros_ws/devel/include:/opt/ros/indigo/include', 'LOGNAME': 'mdas', 'XDG_SEAT': 'seat0', 'PATH': '/opt/ros/indigo/bin:/usr/local/sbin:/usr/local/bin:/usr/sbin:/usr/bin:/sbin:/bin:/usr/games:/usr/local/games', 'XDG_VTNR': '7', 'GNOME_KEYRING_CONTROL': '/run/user/1000/keyring-z3lf6K', 'CMAKE_PREFIX_PATH': '/home/mdas/ros_ws/devel:/opt/ros/indigo', 'LD_LIBRARY_PATH': '/home/mdas/ros_ws/devel/lib:/opt/ros/indigo/lib', 'LANG': 'en_US.UTF-8', 'TERM': 'xterm', 'SHELL': '/bin/bash', 'XDG_SESSION_PATH': '/org/freedesktop/DisplayManager/Session0', 'XAUTHORITY': '/home/mdas/.Xauthority', 'LANGUAGE': 'en_US', 'SESSION_MANAGER': 'local/mdas-Meerkat:@/tmp/.ICE-unix/1830,unix/mdas-Meerkat:/tmp/.ICE-unix/1830', 'SHLVL': '1', 'MANDATORY_PATH': '/usr/share/gconf/ubuntu.mandatory.path', 'CLUTTER_IM_MODULE': 'xim', 'ROS_LOG_FILENAME': '/home/mdas/.ros/log/d071d394-d528-11e7-bed5-f44d306c96a4/roslaunch-mdas-Meerkat-4779.log', 'TEXTDOMAIN': 'im-config', 'JOB': 'dbus', 'WINDOWID': '60817419', 'SESSIONTYPE': 'gnome-session', 'XMODIFIERS': '@im=ibus', 'ROS_MASTER_URI': 'http://localhost:11311', 'GPG_AGENT_INFO': '/run/user/1000/keyring-z3lf6K/gpg:0:1', 'HOME': '/home/mdas', 'QT4_IM_MODULE': 'xim', 'SELINUX_INIT': 'YES', 'SSH_AUTH_SOCK': '/run/user/1000/keyring-z3lf6K/ssh', 'XDG_RUNTIME_DIR': '/run/user/1000', 'GTK_IM_MODULE': 'ibus', 'PYTHONPATH': '/home/mdas/ros_ws/devel/lib/python2.7/dist-packages:/opt/ros/indigo/lib/python2.7/dist-packages', 'COMPIZ_CONFIG_PROFILE': 'ubuntu', 'COMPIZ_BIN_PATH': '/usr/bin/', 'VTE_VERSION': '3409', 'ROS_ROOT': '/opt/ros/indigo/share/ros', 'GDMSESSION': 'ubuntu', 'IM_CONFIG_PHASE': '1', 'TEXTDOMAINDIR': '/usr/share/locale/', 'XDG_DATA_DIRS': '/usr/share/ubuntu:/usr/share/gnome:/usr/local/share/:/usr/share/', 'PKG_CONFIG_PATH': '/home/mdas/ros_ws/devel/lib/pkgconfig:/opt/ros/indigo/lib/pkgconfig', 'ROS_PACKAGE_PATH': '/home/mdas/ros_ws/src:/opt/ros/indigo/share:/opt/ros/indigo/stacks', 'LESSOPEN': '| /usr/bin/lesspipe %s', 'XDG_SESSION_ID': 'c2', 'DBUS_SESSION_BUS_ADDRESS': 'unix:abstract=/tmp/dbus-0245Vr9C5W', '_': '/opt/ros/indigo/bin/roslaunch', 'DEFAULTS_PATH': '/usr/share/gconf/ubuntu.default.path', 'SESSION': 'ubuntu', 'DESKTOP_SESSION': 'ubuntu', 'UPSTART_SESSION': 'unix:abstract=/com/ubuntu/upstart-session/1000/1681', 'LESSCLOSE': '/usr/bin/lesspipe %s %s', 'GNOME_KEYRING_PID': '1679', 'LS_COLORS': 'rs=0:di=01;34:ln=01;36:mh=00:pi=40;33:so=01;35:do=01;35:bd=40;33;01:cd=40;33;01:or=40;31;01:su=37;41:sg=30;43:ca=30;41:tw=30;42:ow=34;42:st=37;44:ex=01;32:*.tar=01;31:*.tgz=01;31:*.arj=01;31:*.taz=01;31:*.lzh=01;31:*.lzma=01;31:*.tlz=01;31:*.txz=01;31:*.zip=01;31:*.z=01;31:*.Z=01;31:*.dz=01;31:*.gz=01;31:*.lz=01;31:*.xz=01;31:*.bz2=01;31:*.bz=01;31:*.tbz=01;31:*.tbz2=01;31:*.tz=01;31:*.deb=01;31:*.rpm=01;31:*.jar=01;31:*.war=01;31:*.ear=01;31:*.sar=01;31:*.rar=01;31:*.ace=01;31:*.zoo=01;31:*.cpio=01;31:*.7z=01;31:*.rz=01;31:*.jpg=01;35:*.jpeg=01;35:*.gif=01;35:*.bmp=01;35:*.pbm=01;35:*.pgm=01;35:*.ppm=01;35:*.tga=01;35:*.xbm=01;35:*.xpm=01;35:*.tif=01;35:*.tiff=01;35:*.png=01;35:*.svg=01;35:*.svgz=01;35:*.mng=01;35:*.pcx=01;35:*.mov=01;35:*.mpg=01;35:*.mpeg=01;35:*.m2v=01;35:*.mkv=01;35:*.webm=01;35:*.ogm=01;35:*.mp4=01;35:*.m4v=01;35:*.mp4v=01;35:*.vob=01;35:*.qt=01;35:*.nuv=01;35:*.wmv=01;35:*.asf=01;35:*.rm=01;35:*.rmvb=01;35:*.flc=01;35:*.avi=01;35:*.fli=01;35:*.flv=01;35:*.gl=01;35:*.dl=01;35:*.xcf=01;35:*.xwd=01;35:*.yuv=01;35:*.cgm=01;35:*.emf=01;35:*.axv=01;35:*.anx=01;35:*.ogv=01;35:*.ogx=01;35:*.aac=00;36:*.au=00;36:*.flac=00;36:*.mid=00;36:*.midi=00;36:*.mka=00;36:*.mp3=00;36:*.mpc=00;36:*.ogg=00;36:*.ra=00;36:*.wav=00;36:*.axa=00;36:*.oga=00;36:*.spx=00;36:*.xspf=00;36:', 'GDM_LANG': 'en_US', 'GTK_MODULES': 'overlay-scrollbar:unity-gtk-module', 'INSTANCE': '', 'PWD': '/home/mdas', 'QT_IM_MODULE': 'ibus', 'ROS_ETC_DIR': '/opt/ros/indigo/etc/ros', 'COLORTERM': 'gnome-terminal', 'DISPLAY': ':0', 'XDG_MENU_PREFIX': 'gnome-', 'ROS_WORKSPACE': '/home/mdas/ros_ws', 'XDG_CONFIG_DIRS': '/etc/xdg/xdg-ubuntu:/usr/share/upstart/xdg:/etc/xdg', 'USER': 'mdas'}]
[roslaunch][INFO] 2017-11-29 12:14:53,404: process[usb_cam_1-3]: args[[u'/home/mdas/ros_ws/devel/lib/usb_cam/usb_cam_node', u'__name:=usb_cam_1']]
[roslaunch][INFO] 2017-11-29 12:14:53,404: ... created process [usb_cam_1-3]
[roslaunch.pmon][INFO] 2017-11-29 12:14:53,405: ProcessMonitor.register[usb_cam_1-3]
[roslaunch.pmon][INFO] 2017-11-29 12:14:53,405: ProcessMonitor.register[usb_cam_1-3] complete
[roslaunch][INFO] 2017-11-29 12:14:53,405: ... registered process [usb_cam_1-3]
[roslaunch][INFO] 2017-11-29 12:14:53,405: process[usb_cam_1-3]: starting os process
[roslaunch][INFO] 2017-11-29 12:14:53,405: process[usb_cam_1-3]: start w/ args [[u'/home/mdas/ros_ws/devel/lib/usb_cam/usb_cam_node', u'__name:=usb_cam_1', u'__log:=/home/mdas/.ros/log/d071d394-d528-11e7-bed5-f44d306c96a4/usb_cam_1-3.log']]
[roslaunch][INFO] 2017-11-29 12:14:53,405: process[usb_cam_1-3]: cwd will be [/home/mdas/.ros]
[roslaunch][INFO] 2017-11-29 12:14:53,408: process[usb_cam_1-3]: started with pid [4822]
[roslaunch][INFO] 2017-11-29 12:14:53,409: ... successfully launched [usb_cam_1-3]
[roslaunch][INFO] 2017-11-29 12:14:53,409: ... preparing to launch node of type [novatel/novatel_node]
[roslaunch][INFO] 2017-11-29 12:14:53,409: create_node_process: package[novatel] type[novatel_node] machine[Machine(name[] env_loader[None] address[localhost] ssh_port[22] user[None] assignable[True] timeout[10.0])] master_uri[http://localhost:11311]
[roslaunch][INFO] 2017-11-29 12:14:53,409: process[novatel_node-4]: env[{'QT_QPA_PLATFORMTHEME': 'appmenu-qt5', 'ROS_DISTRO': 'indigo', 'XDG_GREETER_DATA_DIR': '/var/lib/lightdm-data/mdas', 'GNOME_DESKTOP_SESSION_ID': 'this-is-deprecated', 'XDG_CURRENT_DESKTOP': 'Unity', 'XDG_SEAT_PATH': '/org/freedesktop/DisplayManager/Seat0', 'CPATH': '/home/mdas/ros_ws/devel/include:/opt/ros/indigo/include', 'LOGNAME': 'mdas', 'XDG_SEAT': 'seat0', 'PATH': '/opt/ros/indigo/bin:/usr/local/sbin:/usr/local/bin:/usr/sbin:/usr/bin:/sbin:/bin:/usr/games:/usr/local/games', 'XDG_VTNR': '7', 'GNOME_KEYRING_CONTROL': '/run/user/1000/keyring-z3lf6K', 'CMAKE_PREFIX_PATH': '/home/mdas/ros_ws/devel:/opt/ros/indigo', 'LD_LIBRARY_PATH': '/home/mdas/ros_ws/devel/lib:/opt/ros/indigo/lib', 'LANG': 'en_US.UTF-8', 'TERM': 'xterm', 'SHELL': '/bin/bash', 'XDG_SESSION_PATH': '/org/freedesktop/DisplayManager/Session0', 'XAUTHORITY': '/home/mdas/.Xauthority', 'LANGUAGE': 'en_US', 'SESSION_MANAGER': 'local/mdas-Meerkat:@/tmp/.ICE-unix/1830,unix/mdas-Meerkat:/tmp/.ICE-unix/1830', 'SHLVL': '1', 'MANDATORY_PATH': '/usr/share/gconf/ubuntu.mandatory.path', 'CLUTTER_IM_MODULE': 'xim', 'ROS_LOG_FILENAME': '/home/mdas/.ros/log/d071d394-d528-11e7-bed5-f44d306c96a4/roslaunch-mdas-Meerkat-4779.log', 'TEXTDOMAIN': 'im-config', 'JOB': 'dbus', 'WINDOWID': '60817419', 'SESSIONTYPE': 'gnome-session', 'XMODIFIERS': '@im=ibus', 'ROS_MASTER_URI': 'http://localhost:11311', 'GPG_AGENT_INFO': '/run/user/1000/keyring-z3lf6K/gpg:0:1', 'HOME': '/home/mdas', 'QT4_IM_MODULE': 'xim', 'SELINUX_INIT': 'YES', 'SSH_AUTH_SOCK': '/run/user/1000/keyring-z3lf6K/ssh', 'XDG_RUNTIME_DIR': '/run/user/1000', 'GTK_IM_MODULE': 'ibus', 'PYTHONPATH': '/home/mdas/ros_ws/devel/lib/python2.7/dist-packages:/opt/ros/indigo/lib/python2.7/dist-packages', 'COMPIZ_CONFIG_PROFILE': 'ubuntu', 'COMPIZ_BIN_PATH': '/usr/bin/', 'VTE_VERSION': '3409', 'ROS_ROOT': '/opt/ros/indigo/share/ros', 'GDMSESSION': 'ubuntu', 'IM_CONFIG_PHASE': '1', 'TEXTDOMAINDIR': '/usr/share/locale/', 'XDG_DATA_DIRS': '/usr/share/ubuntu:/usr/share/gnome:/usr/local/share/:/usr/share/', 'PKG_CONFIG_PATH': '/home/mdas/ros_ws/devel/lib/pkgconfig:/opt/ros/indigo/lib/pkgconfig', 'ROS_PACKAGE_PATH': '/home/mdas/ros_ws/src:/opt/ros/indigo/share:/opt/ros/indigo/stacks', 'LESSOPEN': '| /usr/bin/lesspipe %s', 'XDG_SESSION_ID': 'c2', 'DBUS_SESSION_BUS_ADDRESS': 'unix:abstract=/tmp/dbus-0245Vr9C5W', '_': '/opt/ros/indigo/bin/roslaunch', 'DEFAULTS_PATH': '/usr/share/gconf/ubuntu.default.path', 'SESSION': 'ubuntu', 'DESKTOP_SESSION': 'ubuntu', 'UPSTART_SESSION': 'unix:abstract=/com/ubuntu/upstart-session/1000/1681', 'LESSCLOSE': '/usr/bin/lesspipe %s %s', 'GNOME_KEYRING_PID': '1679', 'LS_COLORS': 'rs=0:di=01;34:ln=01;36:mh=00:pi=40;33:so=01;35:do=01;35:bd=40;33;01:cd=40;33;01:or=40;31;01:su=37;41:sg=30;43:ca=30;41:tw=30;42:ow=34;42:st=37;44:ex=01;32:*.tar=01;31:*.tgz=01;31:*.arj=01;31:*.taz=01;31:*.lzh=01;31:*.lzma=01;31:*.tlz=01;31:*.txz=01;31:*.zip=01;31:*.z=01;31:*.Z=01;31:*.dz=01;31:*.gz=01;31:*.lz=01;31:*.xz=01;31:*.bz2=01;31:*.bz=01;31:*.tbz=01;31:*.tbz2=01;31:*.tz=01;31:*.deb=01;31:*.rpm=01;31:*.jar=01;31:*.war=01;31:*.ear=01;31:*.sar=01;31:*.rar=01;31:*.ace=01;31:*.zoo=01;31:*.cpio=01;31:*.7z=01;31:*.rz=01;31:*.jpg=01;35:*.jpeg=01;35:*.gif=01;35:*.bmp=01;35:*.pbm=01;35:*.pgm=01;35:*.ppm=01;35:*.tga=01;35:*.xbm=01;35:*.xpm=01;35:*.tif=01;35:*.tiff=01;35:*.png=01;35:*.svg=01;35:*.svgz=01;35:*.mng=01;35:*.pcx=01;35:*.mov=01;35:*.mpg=01;35:*.mpeg=01;35:*.m2v=01;35:*.mkv=01;35:*.webm=01;35:*.ogm=01;35:*.mp4=01;35:*.m4v=01;35:*.mp4v=01;35:*.vob=01;35:*.qt=01;35:*.nuv=01;35:*.wmv=01;35:*.asf=01;35:*.rm=01;35:*.rmvb=01;35:*.flc=01;35:*.avi=01;35:*.fli=01;35:*.flv=01;35:*.gl=01;35:*.dl=01;35:*.xcf=01;35:*.xwd=01;35:*.yuv=01;35:*.cgm=01;35:*.emf=01;35:*.axv=01;35:*.anx=01;35:*.ogv=01;35:*.ogx=01;35:*.aac=00;36:*.au=00;36:*.flac=00;36:*.mid=00;36:*.midi=00;36:*.mka=00;36:*.mp3=00;36:*.mpc=00;36:*.ogg=00;36:*.ra=00;36:*.wav=00;36:*.axa=00;36:*.oga=00;36:*.spx=00;36:*.xspf=00;36:', 'GDM_LANG': 'en_US', 'GTK_MODULES': 'overlay-scrollbar:unity-gtk-module', 'INSTANCE': '', 'PWD': '/home/mdas', 'QT_IM_MODULE': 'ibus', 'ROS_ETC_DIR': '/opt/ros/indigo/etc/ros', 'COLORTERM': 'gnome-terminal', 'DISPLAY': ':0', 'XDG_MENU_PREFIX': 'gnome-', 'ROS_WORKSPACE': '/home/mdas/ros_ws', 'XDG_CONFIG_DIRS': '/etc/xdg/xdg-ubuntu:/usr/share/upstart/xdg:/etc/xdg', 'USER': 'mdas'}]
[roslaunch][INFO] 2017-11-29 12:14:53,411: process[novatel_node-4]: args[[u'/home/mdas/ros_ws/devel/lib/novatel/novatel_node', u'__name:=novatel_node']]
[roslaunch][INFO] 2017-11-29 12:14:53,411: ... created process [novatel_node-4]
[roslaunch.pmon][INFO] 2017-11-29 12:14:53,411: ProcessMonitor.register[novatel_node-4]
[roslaunch.pmon][INFO] 2017-11-29 12:14:53,411: ProcessMonitor.register[novatel_node-4] complete
[roslaunch][INFO] 2017-11-29 12:14:53,411: ... registered process [novatel_node-4]
[roslaunch][INFO] 2017-11-29 12:14:53,411: process[novatel_node-4]: starting os process
[roslaunch][INFO] 2017-11-29 12:14:53,411: process[novatel_node-4]: start w/ args [[u'/home/mdas/ros_ws/devel/lib/novatel/novatel_node', u'__name:=novatel_node', u'__log:=/home/mdas/.ros/log/d071d394-d528-11e7-bed5-f44d306c96a4/novatel_node-4.log']]
[roslaunch][INFO] 2017-11-29 12:14:53,411: process[novatel_node-4]: cwd will be [/home/mdas/.ros]
[roslaunch][INFO] 2017-11-29 12:14:53,417: process[novatel_node-4]: started with pid [4830]
[roslaunch][INFO] 2017-11-29 12:14:53,418: ... successfully launched [novatel_node-4]
[roslaunch][INFO] 2017-11-29 12:14:53,418: ... launch_nodes complete
[roslaunch.pmon][INFO] 2017-11-29 12:14:53,418: registrations completed <ProcessMonitor(ProcessMonitor-1, started daemon 139726846039808)>
[roslaunch.parent][INFO] 2017-11-29 12:14:53,418: ... roslaunch parent running, waiting for process exit
[roslaunch][INFO] 2017-11-29 12:14:53,418: spin
[roslaunch.pmon][INFO] 2017-11-29 12:15:22,525: ProcessMonitor.shutdown <ProcessMonitor(ProcessMonitor-1, started daemon 139726846039808)>
[roslaunch.pmon][INFO] 2017-11-29 12:15:22,579: ProcessMonitor._post_run <ProcessMonitor(ProcessMonitor-1, started daemon 139726846039808)>
[roslaunch.pmon][INFO] 2017-11-29 12:15:22,579: ProcessMonitor._post_run <ProcessMonitor(ProcessMonitor-1, started daemon 139726846039808)>: remaining procs are [<roslaunch.nodeprocess.LocalProcess object at 0x7f14b1299e10>, <roslaunch.nodeprocess.LocalProcess object at 0x7f14b1315390>, <roslaunch.nodeprocess.LocalProcess object at 0x7f14b0024350>, <roslaunch.nodeprocess.LocalProcess object at 0x7f14b0024490>, <roslaunch.nodeprocess.LocalProcess object at 0x7f14b00242d0>]
[roslaunch.pmon][INFO] 2017-11-29 12:15:22,580: ProcessMonitor exit: killing novatel_node-4
[roslaunch][INFO] 2017-11-29 12:15:22,580: [novatel_node-4] killing on exit
[roslaunch][INFO] 2017-11-29 12:15:22,580: process[novatel_node-4]: killing os process with pid[4830] pgid[4830]
[roslaunch][INFO] 2017-11-29 12:15:22,580: [novatel_node-4] sending SIGINT to pgid [4830]
[roslaunch.pmon][INFO] 2017-11-29 12:15:22,580: ProcessMonitor exit: killing usb_cam_1-3
[roslaunch][INFO] 2017-11-29 12:15:22,580: [novatel_node-4] sent SIGINT to pgid [4830]
[roslaunch.pmon][INFO] 2017-11-29 12:15:22,580: ProcessMonitor exit: killing base_laser1-2
[roslaunch][INFO] 2017-11-29 12:15:22,580: [usb_cam_1-3] killing on exit
[roslaunch][INFO] 2017-11-29 12:15:22,580: [base_laser1-2] killing on exit
[roslaunch][INFO] 2017-11-29 12:15:22,581: process[usb_cam_1-3]: killing os process with pid[4822] pgid[4822]
[roslaunch][INFO] 2017-11-29 12:15:22,581: process[base_laser1-2]: killing os process with pid[4821] pgid[4821]
[roslaunch][INFO] 2017-11-29 12:15:22,581: [usb_cam_1-3] sending SIGINT to pgid [4822]
[roslaunch][INFO] 2017-11-29 12:15:22,581: [base_laser1-2] sending SIGINT to pgid [4821]
[roslaunch][INFO] 2017-11-29 12:15:22,581: [usb_cam_1-3] sent SIGINT to pgid [4822]
[roslaunch][INFO] 2017-11-29 12:15:22,581: [base_laser1-2] sent SIGINT to pgid [4821]
[roslaunch][INFO] 2017-11-29 12:15:22,982: process[usb_cam_1-3]: SIGINT killed with return value 1
[roslaunch][INFO] 2017-11-29 12:15:23,082: process[base_laser1-2]: SIGINT killed with return value 0
[roslaunch][INFO] 2017-11-29 12:15:23,783: process[novatel_node-4]: SIGINT killed with return value 0
[roslaunch.pmon][INFO] 2017-11-29 12:15:23,784: ProcessMonitor exit: killing rosout-1
[roslaunch][INFO] 2017-11-29 12:15:23,784: [rosout-1] killing on exit
[roslaunch][INFO] 2017-11-29 12:15:23,784: process[rosout-1]: killing os process with pid[4804] pgid[4804]
[roslaunch][INFO] 2017-11-29 12:15:23,785: [rosout-1] sending SIGINT to pgid [4804]
[roslaunch][INFO] 2017-11-29 12:15:23,785: [rosout-1] sent SIGINT to pgid [4804]
[roslaunch][INFO] 2017-11-29 12:15:23,985: process[rosout-1]: SIGINT killed with return value 0
[roslaunch.pmon][INFO] 2017-11-29 12:15:23,986: ProcessMonitor exit: killing master
[roslaunch][INFO] 2017-11-29 12:15:23,986: [master] killing on exit
[roslaunch][INFO] 2017-11-29 12:15:23,986: process[master]: killing os process with pid[4791] pgid[4791]
[roslaunch][INFO] 2017-11-29 12:15:23,986: [master] sending SIGINT to pgid [4791]
[roslaunch][INFO] 2017-11-29 12:15:23,986: [master] sent SIGINT to pgid [4791]
[roslaunch][INFO] 2017-11-29 12:15:24,187: process[master]: SIGINT killed with return value 0
[roslaunch.pmon][INFO] 2017-11-29 12:15:24,187: ProcessMonitor exit: cleaning up data structures and signals
[roslaunch.pmon][INFO] 2017-11-29 12:15:24,188: ProcessMonitor exit: pmon has shutdown
[roslaunch][INFO] 2017-11-29 12:15:24,194: process monitor is done spinning, initiating full shutdown
[roslaunch][INFO] 2017-11-29 12:15:24,194: runner.stop()
[roslaunch][INFO] 2017-11-29 12:15:24,195: shutting down processing monitor...
[roslaunch][INFO] 2017-11-29 12:15:24,195: shutting down processing monitor <ProcessMonitor(ProcessMonitor-1, stopped daemon 139726846039808)>
[roslaunch.pmon][INFO] 2017-11-29 12:15:24,195: ProcessMonitor.shutdown <ProcessMonitor(ProcessMonitor-1, stopped daemon 139726846039808)>
[roslaunch][INFO] 2017-11-29 12:15:24,195: ... shutting down processing monitor complete
[roslaunch][INFO] 2017-11-29 12:15:24,196: done
[roslaunch.pmon][INFO] 2017-11-29 12:15:24,196: ProcessMonitor.shutdown <ProcessMonitor(ProcessMonitor-1, stopped daemon 139726846039808)>
[rospy.core][INFO] 2017-11-29 12:15:24,196: signal_shutdown [atexit]
