

1509817318.268147867  Node Startup
1509817318.303683157 INFO [/home/mdas/ros_ws/src/packages/novatel/src/novatel_node.cpp:55(handleInfoMessages) [topics: /rosout, /gps_odom, /gps_fix, /ephemeris, /range, /gps_fix_psr, /novatel_node/gps_fix_ecef] Serial port: /dev/sensor-gps opened successfully.

1509817319.304064912 INFO [/home/mdas/ros_ws/src/packages/novatel/src/novatel_node.cpp:55(handleInfoMessages) [topics: /rosout, /gps_odom, /gps_fix, /ephemeris, /range, /gps_fix_psr, /novatel_node/gps_fix_ecef] Searching for Novatel receiver...

1509817319.952531368 INFO [/home/mdas/ros_ws/src/packages/novatel/src/novatel_node.cpp:55(handleInfoMessages) [topics: /rosout, /gps_odom, /gps_fix, /ephemeris, /range, /gps_fix_psr, /novatel_node/gps_fix_ecef] Found Novatel receiver.
	Model: "WAASHPB"
	Serial Number: "SAS06209044"
	Hardware version: "LBg2-3.04-X2T"
	Software version: "2.312"

Receiver capabilities:
	L2: -
	Raw measurements: -
	RTK: -
	SPAN: -
	GLONASS: -

1509817319.953073881 INFO [/home/mdas/ros_ws/src/packages/novatel/src/novatel_node.cpp:491(run) [topics: /rosout, /gps_odom, /gps_fix, /ephemeris, /range, /gps_fix_psr, /novatel_node/gps_fix_ecef] Requesting default GPS messages: BESTUTMB, BESTVELB
1509817319.953322817 INFO [/home/mdas/ros_ws/src/packages/novatel/src/novatel_node.cpp:55(handleInfoMessages) [topics: /rosout, /gps_odom, /gps_fix, /ephemeris, /range, /gps_fix_psr, /novatel_node/gps_fix_ecef] Started read thread.
1509817319.953468868 INFO [/home/mdas/ros_ws/src/packages/novatel/src/novatel_node.cpp:55(handleInfoMessages) [topics: /rosout, /gps_odom, /gps_fix, /ephemeris, /range, /gps_fix_psr, /novatel_node/gps_fix_ecef] LOG BESTUTMB ONTIME 1.00

1509817320.699045673 INFO [/home/mdas/ros_ws/src/packages/novatel/src/novatel_node.cpp:55(handleInfoMessages) [topics: /rosout, /gps_odom, /gps_fix, /ephemeris, /range, /gps_fix_psr, /novatel_node/gps_fix_ecef] RECEIVED AN ACK.
1509817320.699407383 INFO [/home/mdas/ros_ws/src/packages/novatel/src/novatel_node.cpp:55(handleInfoMessages) [topics: /rosout, /gps_odom, /gps_fix, /ephemeris, /range, /gps_fix_psr, /novatel_node/gps_fix_ecef] Ack received for requested log: BESTUTMB ONTIME 1.00
1509817320.699596988 INFO [/home/mdas/ros_ws/src/packages/novatel/src/novatel_node.cpp:55(handleInfoMessages) [topics: /rosout, /gps_odom, /gps_fix, /ephemeris, /range, /gps_fix_psr, /novatel_node/gps_fix_ecef] LOG BESTVELB ONTIME 1.00

1509817321.433628631 INFO [/home/mdas/ros_ws/src/packages/novatel/src/novatel_node.cpp:55(handleInfoMessages) [topics: /rosout, /gps_odom, /gps_fix, /ephemeris, /range, /gps_fix_psr, /novatel_node/gps_fix_ecef] RECEIVED AN ACK.
1509817321.433768233 INFO [/home/mdas/ros_ws/src/packages/novatel/src/novatel_node.cpp:55(handleInfoMessages) [topics: /rosout, /gps_odom, /gps_fix, /ephemeris, /range, /gps_fix_psr, /novatel_node/gps_fix_ecef] Ack received for requested log: BESTVELB ONTIME 1.00
1509817321.433908256 INFO [/home/mdas/ros_ws/src/packages/novatel/src/novatel_node.cpp:55(handleInfoMessages) [topics: /rosout, /gps_odom, /gps_fix, /ephemeris, /range, /gps_fix_psr, /novatel_node/gps_fix_ecef] LOG PSRPOSB ONTIME 1.00

1509817322.169497935 INFO [/home/mdas/ros_ws/src/packages/novatel/src/novatel_node.cpp:55(handleInfoMessages) [topics: /rosout, /gps_odom, /gps_fix, /ephemeris, /range, /gps_fix_psr, /novatel_node/gps_fix_ecef] RECEIVED AN ACK.
1509817322.169694242 INFO [/home/mdas/ros_ws/src/packages/novatel/src/novatel_node.cpp:55(handleInfoMessages) [topics: /rosout, /gps_odom, /gps_fix, /ephemeris, /range, /gps_fix_psr, /novatel_node/gps_fix_ecef] Ack received for requested log: PSRPOSB ONTIME 1.00
1509817330.602872514 INFO [/home/mdas/ros_ws/src/sicktoolbox_wrapper/ros/sicklms/sicklms.cpp:253(main) [topics: /rosout, /diagnostics, /sensor_msgs/LaserScan] Setting variant to (0, 1.000000)
1509817330.603088222 WARN [/home/mdas/ros_ws/src/sicktoolbox_wrapper/ros/sicklms/sicklms.cpp:266(main) [topics: /rosout, /diagnostics, /sensor_msgs/LaserScan] Unable to set scan angle. Using 180 instead of 0.
1509817330.603164906 WARN [/home/mdas/ros_ws/src/sicktoolbox_wrapper/ros/sicklms/sicklms.cpp:270(main) [topics: /rosout, /diagnostics, /sensor_msgs/LaserScan] Unable to set resolution. Using 5.000000e-01 instead of 1.000000e+00.
1509817330.603262644 INFO [/home/mdas/ros_ws/src/sicktoolbox_wrapper/ros/sicklms/sicklms.cpp:283(main) [topics: /rosout, /diagnostics, /sensor_msgs/LaserScan] Measuring units setup not requested or identical to actual ('Centimeters (cm)')
1509817351.449492009 INFO [/tmp/binarydeb/ros-indigo-rviz-1.11.18/src/rviz/ogre_helpers/render_system.cpp:438(RenderWindow* rviz::RenderSystem::makeRenderWindow) [topics: /rosout] Stereo is NOT SUPPORTED
1509817361.540604615 WARN [/tmp/binarydeb/ros-indigo-kdl-parser-1.11.14/src/kdl_parser.cpp:197(treeFromUrdfModel) [topics: /rosout] The root link base_link has an inertia specified in the URDF, but KDL does not support a root link with an inertia.  As a workaround, you can add an extra dummy link to your URDF.
1509817361.576835367 WARN [/home/mdas/ros_ws/src/packages/high_level_control/sentry/odom_tf/src/odom_tf_fncs.cpp:26(OdomTf) [topics: /rosout, /tf] "odom" passed to lookupTransform argument target_frame does not exist. ; retrying!...
1509817361.578124937 INFO [/home/mdas/ros_ws/src/packages/high_level_control/sentry/mapping_and_control/src/pub_des_state.cpp:61(initializeServices) [topics: /rosout, /tf, /desState, /desPsi, /motion_mode] Initializing Services
1509817362.077458809 WARN [/home/mdas/ros_ws/src/packages/high_level_control/sentry/odom_tf/src/odom_tf_fncs.cpp:26(OdomTf) [topics: /rosout, /tf] Could not find a connection between 'odom' and 'base_link' because they are not part of the same tree.Tf has two or more unconnected trees.; retrying!...
1509817362.577672863 WARN [/home/mdas/ros_ws/src/packages/high_level_control/sentry/odom_tf/src/odom_tf_fncs.cpp:26(OdomTf) [topics: /rosout, /tf] Could not find a connection between 'odom' and 'base_link' because they are not part of the same tree.Tf has two or more unconnected trees.; retrying!...
1509817363.077854242 WARN [/home/mdas/ros_ws/src/packages/high_level_control/sentry/odom_tf/src/odom_tf_fncs.cpp:26(OdomTf) [topics: /rosout, /tf] Could not find a connection between 'odom' and 'base_link' because they are not part of the same tree.Tf has two or more unconnected trees.; retrying!...
1509817363.578270720 WARN [/home/mdas/ros_ws/src/packages/high_level_control/sentry/odom_tf/src/odom_tf_fncs.cpp:26(OdomTf) [topics: /rosout, /tf] Could not find a connection between 'odom' and 'base_link' because they are not part of the same tree.Tf has two or more unconnected trees.; retrying!...
1509817364.078523158 WARN [/home/mdas/ros_ws/src/packages/high_level_control/sentry/odom_tf/src/odom_tf_fncs.cpp:26(OdomTf) [topics: /rosout, /tf] Could not find a connection between 'odom' and 'base_link' because they are not part of the same tree.Tf has two or more unconnected trees.; retrying!...
1509817364.578748799 WARN [/home/mdas/ros_ws/src/packages/high_level_control/sentry/odom_tf/src/odom_tf_fncs.cpp:26(OdomTf) [topics: /rosout, /tf] Could not find a connection between 'odom' and 'base_link' because they are not part of the same tree.Tf has two or more unconnected trees.; retrying!...
1509817365.079132005 WARN [/home/mdas/ros_ws/src/packages/high_level_control/sentry/odom_tf/src/odom_tf_fncs.cpp:26(OdomTf) [topics: /rosout, /tf] Could not find a connection between 'odom' and 'base_link' because they are not part of the same tree.Tf has two or more unconnected trees.; retrying!...
1509817365.579317781 WARN [/home/mdas/ros_ws/src/packages/high_level_control/sentry/odom_tf/src/odom_tf_fncs.cpp:26(OdomTf) [topics: /rosout, /tf] Could not find a connection between 'odom' and 'base_link' because they are not part of the same tree.Tf has two or more unconnected trees.; retrying!...
1509817366.079480962 WARN [/home/mdas/ros_ws/src/packages/high_level_control/sentry/odom_tf/src/odom_tf_fncs.cpp:26(OdomTf) [topics: /rosout, /tf] Could not find a connection between 'odom' and 'base_link' because they are not part of the same tree.Tf has two or more unconnected trees.; retrying!...
1509817366.579703126 WARN [/home/mdas/ros_ws/src/packages/high_level_control/sentry/odom_tf/src/odom_tf_fncs.cpp:26(OdomTf) [topics: /rosout, /tf] Could not find a connection between 'odom' and 'base_link' because they are not part of the same tree.Tf has two or more unconnected trees.; retrying!...
1509817366.678255286 WARN [/tmp/binarydeb/ros-indigo-costmap-2d-1.12.13/src/costmap_2d_ros.cpp:93(Costmap2DROS::Costmap2DROS) [topics: /rosout, /cmd_vel, /move_base/current_goal, /move_base/goal] Timed out waiting for transform from base_link to map to become available before running costmap, tf error: Could not find a connection between 'map' and 'base_link' because they are not part of the same tree.Tf has two or more unconnected trees.. canTransform returned after 0.100752 timeout was 0.1.
1509817367.079959489 WARN [/home/mdas/ros_ws/src/packages/high_level_control/sentry/odom_tf/src/odom_tf_fncs.cpp:26(OdomTf) [topics: /rosout, /tf] Could not find a connection between 'odom' and 'base_link' because they are not part of the same tree.Tf has two or more unconnected trees.; retrying!...
1509817367.580134659 WARN [/home/mdas/ros_ws/src/packages/high_level_control/sentry/odom_tf/src/odom_tf_fncs.cpp:26(OdomTf) [topics: /rosout, /tf] Could not find a connection between 'odom' and 'base_link' because they are not part of the same tree.Tf has two or more unconnected trees.; retrying!...
1509817368.080343544 WARN [/home/mdas/ros_ws/src/packages/high_level_control/sentry/odom_tf/src/odom_tf_fncs.cpp:26(OdomTf) [topics: /rosout, /tf] Could not find a connection between 'odom' and 'base_link' because they are not part of the same tree.Tf has two or more unconnected trees.; retrying!...
1509817368.580554818 WARN [/home/mdas/ros_ws/src/packages/high_level_control/sentry/odom_tf/src/odom_tf_fncs.cpp:26(OdomTf) [topics: /rosout, /tf] Could not find a connection between 'odom' and 'base_link' because they are not part of the same tree.Tf has two or more unconnected trees.; retrying!...
1509817369.080762213 WARN [/home/mdas/ros_ws/src/packages/high_level_control/sentry/odom_tf/src/odom_tf_fncs.cpp:26(OdomTf) [topics: /rosout, /tf] Could not find a connection between 'odom' and 'base_link' because they are not part of the same tree.Tf has two or more unconnected trees.; retrying!...
1509817369.581018050 WARN [/home/mdas/ros_ws/src/packages/high_level_control/sentry/odom_tf/src/odom_tf_fncs.cpp:26(OdomTf) [topics: /rosout, /tf] Could not find a connection between 'odom' and 'base_link' because they are not part of the same tree.Tf has two or more unconnected trees.; retrying!...
1509817370.081191639 WARN [/home/mdas/ros_ws/src/packages/high_level_control/sentry/odom_tf/src/odom_tf_fncs.cpp:26(OdomTf) [topics: /rosout, /tf] Could not find a connection between 'odom' and 'base_link' because they are not part of the same tree.Tf has two or more unconnected trees.; retrying!...
1509817370.581512767 WARN [/home/mdas/ros_ws/src/packages/high_level_control/sentry/odom_tf/src/odom_tf_fncs.cpp:26(OdomTf) [topics: /rosout, /tf] Could not find a connection between 'odom' and 'base_link' because they are not part of the same tree.Tf has two or more unconnected trees.; retrying!...
1509817371.081684175 WARN [/home/mdas/ros_ws/src/packages/high_level_control/sentry/odom_tf/src/odom_tf_fncs.cpp:26(OdomTf) [topics: /rosout, /tf] Could not find a connection between 'odom' and 'base_link' because they are not part of the same tree.Tf has two or more unconnected trees.; retrying!...
1509817371.582133372 WARN [/home/mdas/ros_ws/src/packages/high_level_control/sentry/odom_tf/src/odom_tf_fncs.cpp:26(OdomTf) [topics: /rosout, /tf] Could not find a connection between 'odom' and 'base_link' because they are not part of the same tree.Tf has two or more unconnected trees.; retrying!...
1509817371.723584281 WARN [/tmp/binarydeb/ros-indigo-costmap-2d-1.12.13/src/costmap_2d_ros.cpp:93(Costmap2DROS::Costmap2DROS) [topics: /rosout, /cmd_vel, /move_base/current_goal, /move_base/goal] Timed out waiting for transform from base_link to map to become available before running costmap, tf error: Could not find a connection between 'map' and 'base_link' because they are not part of the same tree.Tf has two or more unconnected trees.. canTransform returned after 0.100883 timeout was 0.1.
1509817372.082366472 WARN [/home/mdas/ros_ws/src/packages/high_level_control/sentry/odom_tf/src/odom_tf_fncs.cpp:26(OdomTf) [topics: /rosout, /tf] Could not find a connection between 'odom' and 'base_link' because they are not part of the same tree.Tf has two or more unconnected trees.; retrying!...
1509817372.582538025 WARN [/home/mdas/ros_ws/src/packages/high_level_control/sentry/odom_tf/src/odom_tf_fncs.cpp:26(OdomTf) [topics: /rosout, /tf] Could not find a connection between 'odom' and 'base_link' because they are not part of the same tree.Tf has two or more unconnected trees.; retrying!...
1509817373.082731412 WARN [/home/mdas/ros_ws/src/packages/high_level_control/sentry/odom_tf/src/odom_tf_fncs.cpp:26(OdomTf) [topics: /rosout, /tf] Could not find a connection between 'odom' and 'base_link' because they are not part of the same tree.Tf has two or more unconnected trees.; retrying!...
1509817373.582920207 WARN [/home/mdas/ros_ws/src/packages/high_level_control/sentry/odom_tf/src/odom_tf_fncs.cpp:26(OdomTf) [topics: /rosout, /tf] Could not find a connection between 'odom' and 'base_link' because they are not part of the same tree.Tf has two or more unconnected trees.; retrying!...
1509817374.083109997 WARN [/home/mdas/ros_ws/src/packages/high_level_control/sentry/odom_tf/src/odom_tf_fncs.cpp:26(OdomTf) [topics: /rosout, /tf] Could not find a connection between 'odom' and 'base_link' because they are not part of the same tree.Tf has two or more unconnected trees.; retrying!...
1509817374.583405721 WARN [/home/mdas/ros_ws/src/packages/high_level_control/sentry/odom_tf/src/odom_tf_fncs.cpp:26(OdomTf) [topics: /rosout, /tf] Could not find a connection between 'odom' and 'base_link' because they are not part of the same tree.Tf has two or more unconnected trees.; retrying!...
1509817375.083577570 WARN [/home/mdas/ros_ws/src/packages/high_level_control/sentry/odom_tf/src/odom_tf_fncs.cpp:26(OdomTf) [topics: /rosout, /tf] Could not find a connection between 'odom' and 'base_link' because they are not part of the same tree.Tf has two or more unconnected trees.; retrying!...
1509817375.583763700 WARN [/home/mdas/ros_ws/src/packages/high_level_control/sentry/odom_tf/src/odom_tf_fncs.cpp:26(OdomTf) [topics: /rosout, /tf] Could not find a connection between 'odom' and 'base_link' because they are not part of the same tree.Tf has two or more unconnected trees.; retrying!...
1509817376.083944186 WARN [/home/mdas/ros_ws/src/packages/high_level_control/sentry/odom_tf/src/odom_tf_fncs.cpp:26(OdomTf) [topics: /rosout, /tf] Could not find a connection between 'odom' and 'base_link' because they are not part of the same tree.Tf has two or more unconnected trees.; retrying!...
1509817376.584102723 WARN [/home/mdas/ros_ws/src/packages/high_level_control/sentry/odom_tf/src/odom_tf_fncs.cpp:26(OdomTf) [topics: /rosout, /tf] Could not find a connection between 'odom' and 'base_link' because they are not part of the same tree.Tf has two or more unconnected trees.; retrying!...
1509817376.620174117 WARN [/opt/ros/indigo/include/tf/message_filter.h:496(MessageFilter<M>::checkFailures) [topics: /rosout, /tf, /slam_gmapping/entropy, /map, /map_metadata] MessageFilter [target=odom ]: Dropped 100.00% of messages so far. Please turn the [ros.gmapping.message_notifier] rosconsole logger to DEBUG for more information.
1509817376.770925301 WARN [/tmp/binarydeb/ros-indigo-costmap-2d-1.12.13/src/costmap_2d_ros.cpp:93(Costmap2DROS::Costmap2DROS) [topics: /rosout, /cmd_vel, /move_base/current_goal, /move_base/goal] Timed out waiting for transform from base_link to map to become available before running costmap, tf error: Could not find a connection between 'map' and 'base_link' because they are not part of the same tree.Tf has two or more unconnected trees.. canTransform returned after 0.100751 timeout was 0.1.
1509817377.084296050 WARN [/home/mdas/ros_ws/src/packages/high_level_control/sentry/odom_tf/src/odom_tf_fncs.cpp:26(OdomTf) [topics: /rosout, /tf] Could not find a connection between 'odom' and 'base_link' because they are not part of the same tree.Tf has two or more unconnected trees.; retrying!...
1509817377.584465677 WARN [/home/mdas/ros_ws/src/packages/high_level_control/sentry/odom_tf/src/odom_tf_fncs.cpp:26(OdomTf) [topics: /rosout, /tf] Could not find a connection between 'odom' and 'base_link' because they are not part of the same tree.Tf has two or more unconnected trees.; retrying!...
1509817378.084662300 WARN [/home/mdas/ros_ws/src/packages/high_level_control/sentry/odom_tf/src/odom_tf_fncs.cpp:26(OdomTf) [topics: /rosout, /tf] Could not find a connection between 'odom' and 'base_link' because they are not part of the same tree.Tf has two or more unconnected trees.; retrying!...
1509817378.584916082 WARN [/home/mdas/ros_ws/src/packages/high_level_control/sentry/odom_tf/src/odom_tf_fncs.cpp:26(OdomTf) [topics: /rosout, /tf] Could not find a connection between 'odom' and 'base_link' because they are not part of the same tree.Tf has two or more unconnected trees.; retrying!...
1509817379.085178833 WARN [/home/mdas/ros_ws/src/packages/high_level_control/sentry/odom_tf/src/odom_tf_fncs.cpp:26(OdomTf) [topics: /rosout, /tf] Could not find a connection between 'odom' and 'base_link' because they are not part of the same tree.Tf has two or more unconnected trees.; retrying!...
1509817379.585389218 WARN [/home/mdas/ros_ws/src/packages/high_level_control/sentry/odom_tf/src/odom_tf_fncs.cpp:26(OdomTf) [topics: /rosout, /tf] Could not find a connection between 'odom' and 'base_link' because they are not part of the same tree.Tf has two or more unconnected trees.; retrying!...
1509817380.085555549 WARN [/home/mdas/ros_ws/src/packages/high_level_control/sentry/odom_tf/src/odom_tf_fncs.cpp:26(OdomTf) [topics: /rosout, /tf] Could not find a connection between 'odom' and 'base_link' because they are not part of the same tree.Tf has two or more unconnected trees.; retrying!...
1509817380.585742367 WARN [/home/mdas/ros_ws/src/packages/high_level_control/sentry/odom_tf/src/odom_tf_fncs.cpp:26(OdomTf) [topics: /rosout, /tf] Could not find a connection between 'odom' and 'base_link' because they are not part of the same tree.Tf has two or more unconnected trees.; retrying!...
1509817381.085997382 WARN [/home/mdas/ros_ws/src/packages/high_level_control/sentry/odom_tf/src/odom_tf_fncs.cpp:26(OdomTf) [topics: /rosout, /tf] Could not find a connection between 'odom' and 'base_link' because they are not part of the same tree.Tf has two or more unconnected trees.; retrying!...
1509817381.586211701 WARN [/home/mdas/ros_ws/src/packages/high_level_control/sentry/odom_tf/src/odom_tf_fncs.cpp:26(OdomTf) [topics: /rosout, /tf] Could not find a connection between 'odom' and 'base_link' because they are not part of the same tree.Tf has two or more unconnected trees.; retrying!...
1509817381.816498361 WARN [/tmp/binarydeb/ros-indigo-costmap-2d-1.12.13/src/costmap_2d_ros.cpp:93(Costmap2DROS::Costmap2DROS) [topics: /rosout, /cmd_vel, /move_base/current_goal, /move_base/goal] Timed out waiting for transform from base_link to map to become available before running costmap, tf error: Could not find a connection between 'map' and 'base_link' because they are not part of the same tree.Tf has two or more unconnected trees.. canTransform returned after 0.101022 timeout was 0.1.
1509817382.086423957 WARN [/home/mdas/ros_ws/src/packages/high_level_control/sentry/odom_tf/src/odom_tf_fncs.cpp:26(OdomTf) [topics: /rosout, /tf] Could not find a connection between 'odom' and 'base_link' because they are not part of the same tree.Tf has two or more unconnected trees.; retrying!...
1509817382.586863969 WARN [/home/mdas/ros_ws/src/packages/high_level_control/sentry/odom_tf/src/odom_tf_fncs.cpp:26(OdomTf) [topics: /rosout, /tf] Could not find a connection between 'odom' and 'base_link' because they are not part of the same tree.Tf has two or more unconnected trees.; retrying!...
1509817383.087122354 WARN [/home/mdas/ros_ws/src/packages/high_level_control/sentry/odom_tf/src/odom_tf_fncs.cpp:26(OdomTf) [topics: /rosout, /tf] Could not find a connection between 'odom' and 'base_link' because they are not part of the same tree.Tf has two or more unconnected trees.; retrying!...
1509817383.587281631 WARN [/home/mdas/ros_ws/src/packages/high_level_control/sentry/odom_tf/src/odom_tf_fncs.cpp:26(OdomTf) [topics: /rosout, /tf] Could not find a connection between 'odom' and 'base_link' because they are not part of the same tree.Tf has two or more unconnected trees.; retrying!...
1509817384.087474171 WARN [/home/mdas/ros_ws/src/packages/high_level_control/sentry/odom_tf/src/odom_tf_fncs.cpp:26(OdomTf) [topics: /rosout, /tf] Could not find a connection between 'odom' and 'base_link' because they are not part of the same tree.Tf has two or more unconnected trees.; retrying!...
1509817384.587694214 WARN [/home/mdas/ros_ws/src/packages/high_level_control/sentry/odom_tf/src/odom_tf_fncs.cpp:26(OdomTf) [topics: /rosout, /tf] Could not find a connection between 'odom' and 'base_link' because they are not part of the same tree.Tf has two or more unconnected trees.; retrying!...
1509817385.087879995 WARN [/home/mdas/ros_ws/src/packages/high_level_control/sentry/odom_tf/src/odom_tf_fncs.cpp:26(OdomTf) [topics: /rosout, /tf] Could not find a connection between 'odom' and 'base_link' because they are not part of the same tree.Tf has two or more unconnected trees.; retrying!...
1509817385.588089091 WARN [/home/mdas/ros_ws/src/packages/high_level_control/sentry/odom_tf/src/odom_tf_fncs.cpp:26(OdomTf) [topics: /rosout, /tf] Could not find a connection between 'odom' and 'base_link' because they are not part of the same tree.Tf has two or more unconnected trees.; retrying!...
1509817386.088288114 WARN [/home/mdas/ros_ws/src/packages/high_level_control/sentry/odom_tf/src/odom_tf_fncs.cpp:26(OdomTf) [topics: /rosout, /tf] Could not find a connection between 'odom' and 'base_link' because they are not part of the same tree.Tf has two or more unconnected trees.; retrying!...
1509817386.588509550 WARN [/home/mdas/ros_ws/src/packages/high_level_control/sentry/odom_tf/src/odom_tf_fncs.cpp:26(OdomTf) [topics: /rosout, /tf] Could not find a connection between 'odom' and 'base_link' because they are not part of the same tree.Tf has two or more unconnected trees.; retrying!...
1509817386.871661238 WARN [/tmp/binarydeb/ros-indigo-costmap-2d-1.12.13/src/costmap_2d_ros.cpp:93(Costmap2DROS::Costmap2DROS) [topics: /rosout, /cmd_vel, /move_base/current_goal, /move_base/goal] Timed out waiting for transform from base_link to map to become available before running costmap, tf error: Could not find a connection between 'map' and 'base_link' because they are not part of the same tree.Tf has two or more unconnected trees.. canTransform returned after 0.100969 timeout was 0.1.
1509817387.088742944 WARN [/home/mdas/ros_ws/src/packages/high_level_control/sentry/odom_tf/src/odom_tf_fncs.cpp:26(OdomTf) [topics: /rosout, /tf] Could not find a connection between 'odom' and 'base_link' because they are not part of the same tree.Tf has two or more unconnected trees.; retrying!...
1509817387.588946573 WARN [/home/mdas/ros_ws/src/packages/high_level_control/sentry/odom_tf/src/odom_tf_fncs.cpp:26(OdomTf) [topics: /rosout, /tf] Could not find a connection between 'odom' and 'base_link' because they are not part of the same tree.Tf has two or more unconnected trees.; retrying!...
1509817388.089149177 WARN [/home/mdas/ros_ws/src/packages/high_level_control/sentry/odom_tf/src/odom_tf_fncs.cpp:26(OdomTf) [topics: /rosout, /tf] Could not find a connection between 'odom' and 'base_link' because they are not part of the same tree.Tf has two or more unconnected trees.; retrying!...
1509817388.589349028 WARN [/home/mdas/ros_ws/src/packages/high_level_control/sentry/odom_tf/src/odom_tf_fncs.cpp:26(OdomTf) [topics: /rosout, /tf] Could not find a connection between 'odom' and 'base_link' because they are not part of the same tree.Tf has two or more unconnected trees.; retrying!...
1509817389.089549711 WARN [/home/mdas/ros_ws/src/packages/high_level_control/sentry/odom_tf/src/odom_tf_fncs.cpp:26(OdomTf) [topics: /rosout, /tf] Could not find a connection between 'odom' and 'base_link' because they are not part of the same tree.Tf has two or more unconnected trees.; retrying!...
1509817389.589714594 WARN [/home/mdas/ros_ws/src/packages/high_level_control/sentry/odom_tf/src/odom_tf_fncs.cpp:26(OdomTf) [topics: /rosout, /tf] Could not find a connection between 'odom' and 'base_link' because they are not part of the same tree.Tf has two or more unconnected trees.; retrying!...
1509817390.089867820 WARN [/home/mdas/ros_ws/src/packages/high_level_control/sentry/odom_tf/src/odom_tf_fncs.cpp:26(OdomTf) [topics: /rosout, /tf] Could not find a connection between 'odom' and 'base_link' because they are not part of the same tree.Tf has two or more unconnected trees.; retrying!...
1509817390.590053182 WARN [/home/mdas/ros_ws/src/packages/high_level_control/sentry/odom_tf/src/odom_tf_fncs.cpp:26(OdomTf) [topics: /rosout, /tf] Could not find a connection between 'odom' and 'base_link' because they are not part of the same tree.Tf has two or more unconnected trees.; retrying!...
1509817391.090334779 WARN [/home/mdas/ros_ws/src/packages/high_level_control/sentry/odom_tf/src/odom_tf_fncs.cpp:26(OdomTf) [topics: /rosout, /tf] Could not find a connection between 'odom' and 'base_link' because they are not part of the same tree.Tf has two or more unconnected trees.; retrying!...
1509817391.590609569 WARN [/home/mdas/ros_ws/src/packages/high_level_control/sentry/odom_tf/src/odom_tf_fncs.cpp:26(OdomTf) [topics: /rosout, /tf] Could not find a connection between 'odom' and 'base_link' because they are not part of the same tree.Tf has two or more unconnected trees.; retrying!...
1509817391.922471702 WARN [/tmp/binarydeb/ros-indigo-costmap-2d-1.12.13/src/costmap_2d_ros.cpp:93(Costmap2DROS::Costmap2DROS) [topics: /rosout, /cmd_vel, /move_base/current_goal, /move_base/goal] Timed out waiting for transform from base_link to map to become available before running costmap, tf error: Could not find a connection between 'map' and 'base_link' because they are not part of the same tree.Tf has two or more unconnected trees.. canTransform returned after 0.101032 timeout was 0.1.
1509817392.090790614 WARN [/home/mdas/ros_ws/src/packages/high_level_control/sentry/odom_tf/src/odom_tf_fncs.cpp:26(OdomTf) [topics: /rosout, /tf] Could not find a connection between 'odom' and 'base_link' because they are not part of the same tree.Tf has two or more unconnected trees.; retrying!...
1509817392.591017039 WARN [/home/mdas/ros_ws/src/packages/high_level_control/sentry/odom_tf/src/odom_tf_fncs.cpp:26(OdomTf) [topics: /rosout, /tf] Could not find a connection between 'odom' and 'base_link' because they are not part of the same tree.Tf has two or more unconnected trees.; retrying!...
1509817393.091218466 WARN [/home/mdas/ros_ws/src/packages/high_level_control/sentry/odom_tf/src/odom_tf_fncs.cpp:26(OdomTf) [topics: /rosout, /tf] Could not find a connection between 'odom' and 'base_link' because they are not part of the same tree.Tf has two or more unconnected trees.; retrying!...
1509817393.591443493 WARN [/home/mdas/ros_ws/src/packages/high_level_control/sentry/odom_tf/src/odom_tf_fncs.cpp:26(OdomTf) [topics: /rosout, /tf] Could not find a connection between 'odom' and 'base_link' because they are not part of the same tree.Tf has two or more unconnected trees.; retrying!...
1509817394.091821860 WARN [/home/mdas/ros_ws/src/packages/high_level_control/sentry/odom_tf/src/odom_tf_fncs.cpp:26(OdomTf) [topics: /rosout, /tf] Could not find a connection between 'odom' and 'base_link' because they are not part of the same tree.Tf has two or more unconnected trees.; retrying!...
1509817394.592173621 WARN [/home/mdas/ros_ws/src/packages/high_level_control/sentry/odom_tf/src/odom_tf_fncs.cpp:26(OdomTf) [topics: /rosout, /tf] Could not find a connection between 'odom' and 'base_link' because they are not part of the same tree.Tf has two or more unconnected trees.; retrying!...
1509817395.092320521 WARN [/home/mdas/ros_ws/src/packages/high_level_control/sentry/odom_tf/src/odom_tf_fncs.cpp:26(OdomTf) [topics: /rosout, /tf] Could not find a connection between 'odom' and 'base_link' because they are not part of the same tree.Tf has two or more unconnected trees.; retrying!...
1509817395.592518462 WARN [/home/mdas/ros_ws/src/packages/high_level_control/sentry/odom_tf/src/odom_tf_fncs.cpp:26(OdomTf) [topics: /rosout, /tf] Could not find a connection between 'odom' and 'base_link' because they are not part of the same tree.Tf has two or more unconnected trees.; retrying!...
1509817396.092650824 WARN [/home/mdas/ros_ws/src/packages/high_level_control/sentry/odom_tf/src/odom_tf_fncs.cpp:26(OdomTf) [topics: /rosout, /tf] Could not find a connection between 'odom' and 'base_link' because they are not part of the same tree.Tf has two or more unconnected trees.; retrying!...
1509817396.592852096 WARN [/home/mdas/ros_ws/src/packages/high_level_control/sentry/odom_tf/src/odom_tf_fncs.cpp:26(OdomTf) [topics: /rosout, /tf] Could not find a connection between 'odom' and 'base_link' because they are not part of the same tree.Tf has two or more unconnected trees.; retrying!...
1509817396.970292008 WARN [/tmp/binarydeb/ros-indigo-costmap-2d-1.12.13/src/costmap_2d_ros.cpp:93(Costmap2DROS::Costmap2DROS) [topics: /rosout, /cmd_vel, /move_base/current_goal, /move_base/goal] Timed out waiting for transform from base_link to map to become available before running costmap, tf error: Could not find a connection between 'map' and 'base_link' because they are not part of the same tree.Tf has two or more unconnected trees.. canTransform returned after 0.10092 timeout was 0.1.
1509817397.093253176 WARN [/home/mdas/ros_ws/src/packages/high_level_control/sentry/odom_tf/src/odom_tf_fncs.cpp:26(OdomTf) [topics: /rosout, /tf] Could not find a connection between 'odom' and 'base_link' because they are not part of the same tree.Tf has two or more unconnected trees.; retrying!...
1509817397.593507830 WARN [/home/mdas/ros_ws/src/packages/high_level_control/sentry/odom_tf/src/odom_tf_fncs.cpp:26(OdomTf) [topics: /rosout, /tf] Could not find a connection between 'odom' and 'base_link' because they are not part of the same tree.Tf has two or more unconnected trees.; retrying!...
1509817398.093683894 WARN [/home/mdas/ros_ws/src/packages/high_level_control/sentry/odom_tf/src/odom_tf_fncs.cpp:26(OdomTf) [topics: /rosout, /tf] Could not find a connection between 'odom' and 'base_link' because they are not part of the same tree.Tf has two or more unconnected trees.; retrying!...
1509817398.593888647 WARN [/home/mdas/ros_ws/src/packages/high_level_control/sentry/odom_tf/src/odom_tf_fncs.cpp:26(OdomTf) [topics: /rosout, /tf] Could not find a connection between 'odom' and 'base_link' because they are not part of the same tree.Tf has two or more unconnected trees.; retrying!...
1509817399.094086968 WARN [/home/mdas/ros_ws/src/packages/high_level_control/sentry/odom_tf/src/odom_tf_fncs.cpp:26(OdomTf) [topics: /rosout, /tf] Could not find a connection between 'odom' and 'base_link' because they are not part of the same tree.Tf has two or more unconnected trees.; retrying!...
1509817399.594287077 WARN [/home/mdas/ros_ws/src/packages/high_level_control/sentry/odom_tf/src/odom_tf_fncs.cpp:26(OdomTf) [topics: /rosout, /tf] Could not find a connection between 'odom' and 'base_link' because they are not part of the same tree.Tf has two or more unconnected trees.; retrying!...
1509817400.094491548 WARN [/home/mdas/ros_ws/src/packages/high_level_control/sentry/odom_tf/src/odom_tf_fncs.cpp:26(OdomTf) [topics: /rosout, /tf] Could not find a connection between 'odom' and 'base_link' because they are not part of the same tree.Tf has two or more unconnected trees.; retrying!...
1509817400.594700225 WARN [/home/mdas/ros_ws/src/packages/high_level_control/sentry/odom_tf/src/odom_tf_fncs.cpp:26(OdomTf) [topics: /rosout, /tf] Could not find a connection between 'odom' and 'base_link' because they are not part of the same tree.Tf has two or more unconnected trees.; retrying!...
1509817401.095013933 WARN [/home/mdas/ros_ws/src/packages/high_level_control/sentry/odom_tf/src/odom_tf_fncs.cpp:26(OdomTf) [topics: /rosout, /tf] Could not find a connection between 'odom' and 'base_link' because they are not part of the same tree.Tf has two or more unconnected trees.; retrying!...
1509817401.595208268 WARN [/home/mdas/ros_ws/src/packages/high_level_control/sentry/odom_tf/src/odom_tf_fncs.cpp:26(OdomTf) [topics: /rosout, /tf] Could not find a connection between 'odom' and 'base_link' because they are not part of the same tree.Tf has two or more unconnected trees.; retrying!...
1509817402.021211968 WARN [/tmp/binarydeb/ros-indigo-costmap-2d-1.12.13/src/costmap_2d_ros.cpp:93(Costmap2DROS::Costmap2DROS) [topics: /rosout, /cmd_vel, /move_base/current_goal, /move_base/goal] Timed out waiting for transform from base_link to map to become available before running costmap, tf error: Could not find a connection between 'map' and 'base_link' because they are not part of the same tree.Tf has two or more unconnected trees.. canTransform returned after 0.101098 timeout was 0.1.
1509817402.095634390 WARN [/home/mdas/ros_ws/src/packages/high_level_control/sentry/odom_tf/src/odom_tf_fncs.cpp:26(OdomTf) [topics: /rosout, /tf] Could not find a connection between 'odom' and 'base_link' because they are not part of the same tree.Tf has two or more unconnected trees.; retrying!...
1509817402.595878633 WARN [/home/mdas/ros_ws/src/packages/high_level_control/sentry/odom_tf/src/odom_tf_fncs.cpp:26(OdomTf) [topics: /rosout, /tf] Could not find a connection between 'odom' and 'base_link' because they are not part of the same tree.Tf has two or more unconnected trees.; retrying!...
1509817403.096046923 WARN [/home/mdas/ros_ws/src/packages/high_level_control/sentry/odom_tf/src/odom_tf_fncs.cpp:26(OdomTf) [topics: /rosout, /tf] Could not find a connection between 'odom' and 'base_link' because they are not part of the same tree.Tf has two or more unconnected trees.; retrying!...
1509817403.596221251 WARN [/home/mdas/ros_ws/src/packages/high_level_control/sentry/odom_tf/src/odom_tf_fncs.cpp:26(OdomTf) [topics: /rosout, /tf] Could not find a connection between 'odom' and 'base_link' because they are not part of the same tree.Tf has two or more unconnected trees.; retrying!...
1509817404.096408201 WARN [/home/mdas/ros_ws/src/packages/high_level_control/sentry/odom_tf/src/odom_tf_fncs.cpp:26(OdomTf) [topics: /rosout, /tf] Could not find a connection between 'odom' and 'base_link' because they are not part of the same tree.Tf has two or more unconnected trees.; retrying!...
1509817404.596576423 WARN [/home/mdas/ros_ws/src/packages/high_level_control/sentry/odom_tf/src/odom_tf_fncs.cpp:26(OdomTf) [topics: /rosout, /tf] Could not find a connection between 'odom' and 'base_link' because they are not part of the same tree.Tf has two or more unconnected trees.; retrying!...
1509817405.096723718 WARN [/home/mdas/ros_ws/src/packages/high_level_control/sentry/odom_tf/src/odom_tf_fncs.cpp:26(OdomTf) [topics: /rosout, /tf] Could not find a connection between 'odom' and 'base_link' because they are not part of the same tree.Tf has two or more unconnected trees.; retrying!...
1509817405.596888968 WARN [/home/mdas/ros_ws/src/packages/high_level_control/sentry/odom_tf/src/odom_tf_fncs.cpp:26(OdomTf) [topics: /rosout, /tf] Could not find a connection between 'odom' and 'base_link' because they are not part of the same tree.Tf has two or more unconnected trees.; retrying!...
1509817406.097030616 WARN [/home/mdas/ros_ws/src/packages/high_level_control/sentry/odom_tf/src/odom_tf_fncs.cpp:26(OdomTf) [topics: /rosout, /tf] Could not find a connection between 'odom' and 'base_link' because they are not part of the same tree.Tf has two or more unconnected trees.; retrying!...
1509817406.597211016 WARN [/home/mdas/ros_ws/src/packages/high_level_control/sentry/odom_tf/src/odom_tf_fncs.cpp:26(OdomTf) [topics: /rosout, /tf] Could not find a connection between 'odom' and 'base_link' because they are not part of the same tree.Tf has two or more unconnected trees.; retrying!...
1509817407.073578142 WARN [/tmp/binarydeb/ros-indigo-costmap-2d-1.12.13/src/costmap_2d_ros.cpp:93(Costmap2DROS::Costmap2DROS) [topics: /rosout, /cmd_vel, /move_base/current_goal, /move_base/goal] Timed out waiting for transform from base_link to map to become available before running costmap, tf error: Could not find a connection between 'map' and 'base_link' because they are not part of the same tree.Tf has two or more unconnected trees.. canTransform returned after 0.100901 timeout was 0.1.
1509817407.097383625 WARN [/home/mdas/ros_ws/src/packages/high_level_control/sentry/odom_tf/src/odom_tf_fncs.cpp:26(OdomTf) [topics: /rosout, /tf] Could not find a connection between 'odom' and 'base_link' because they are not part of the same tree.Tf has two or more unconnected trees.; retrying!...
1509817407.597618233 WARN [/home/mdas/ros_ws/src/packages/high_level_control/sentry/odom_tf/src/odom_tf_fncs.cpp:26(OdomTf) [topics: /rosout, /tf] Could not find a connection between 'odom' and 'base_link' because they are not part of the same tree.Tf has two or more unconnected trees.; retrying!...
1509817408.097877525 WARN [/home/mdas/ros_ws/src/packages/high_level_control/sentry/odom_tf/src/odom_tf_fncs.cpp:26(OdomTf) [topics: /rosout, /tf] Could not find a connection between 'odom' and 'base_link' because they are not part of the same tree.Tf has two or more unconnected trees.; retrying!...
1509817408.598117652 WARN [/home/mdas/ros_ws/src/packages/high_level_control/sentry/odom_tf/src/odom_tf_fncs.cpp:26(OdomTf) [topics: /rosout, /tf] Could not find a connection between 'odom' and 'base_link' because they are not part of the same tree.Tf has two or more unconnected trees.; retrying!...
1509817409.098308613 WARN [/home/mdas/ros_ws/src/packages/high_level_control/sentry/odom_tf/src/odom_tf_fncs.cpp:26(OdomTf) [topics: /rosout, /tf] Could not find a connection between 'odom' and 'base_link' because they are not part of the same tree.Tf has two or more unconnected trees.; retrying!...
1509817409.598644042 WARN [/home/mdas/ros_ws/src/packages/high_level_control/sentry/odom_tf/src/odom_tf_fncs.cpp:26(OdomTf) [topics: /rosout, /tf] Could not find a connection between 'odom' and 'base_link' because they are not part of the same tree.Tf has two or more unconnected trees.; retrying!...
1509817410.098842273 WARN [/home/mdas/ros_ws/src/packages/high_level_control/sentry/odom_tf/src/odom_tf_fncs.cpp:26(OdomTf) [topics: /rosout, /tf] Could not find a connection between 'odom' and 'base_link' because they are not part of the same tree.Tf has two or more unconnected trees.; retrying!...
1509817410.599045868 WARN [/home/mdas/ros_ws/src/packages/high_level_control/sentry/odom_tf/src/odom_tf_fncs.cpp:26(OdomTf) [topics: /rosout, /tf] Could not find a connection between 'odom' and 'base_link' because they are not part of the same tree.Tf has two or more unconnected trees.; retrying!...
1509817411.099259414 WARN [/home/mdas/ros_ws/src/packages/high_level_control/sentry/odom_tf/src/odom_tf_fncs.cpp:26(OdomTf) [topics: /rosout, /tf] Could not find a connection between 'odom' and 'base_link' because they are not part of the same tree.Tf has two or more unconnected trees.; retrying!...
1509817411.599399451 WARN [/home/mdas/ros_ws/src/packages/high_level_control/sentry/odom_tf/src/odom_tf_fncs.cpp:26(OdomTf) [topics: /rosout, /tf] Could not find a connection between 'odom' and 'base_link' because they are not part of the same tree.Tf has two or more unconnected trees.; retrying!...
1509817412.099546504 WARN [/home/mdas/ros_ws/src/packages/high_level_control/sentry/odom_tf/src/odom_tf_fncs.cpp:26(OdomTf) [topics: /rosout, /tf] Could not find a connection between 'odom' and 'base_link' because they are not part of the same tree.Tf has two or more unconnected trees.; retrying!...
1509817412.121507380 WARN [/tmp/binarydeb/ros-indigo-costmap-2d-1.12.13/src/costmap_2d_ros.cpp:93(Costmap2DROS::Costmap2DROS) [topics: /rosout, /cmd_vel, /move_base/current_goal, /move_base/goal] Timed out waiting for transform from base_link to map to become available before running costmap, tf error: Could not find a connection between 'map' and 'base_link' because they are not part of the same tree.Tf has two or more unconnected trees.. canTransform returned after 0.100859 timeout was 0.1.
1509817412.599798953 WARN [/home/mdas/ros_ws/src/packages/high_level_control/sentry/odom_tf/src/odom_tf_fncs.cpp:26(OdomTf) [topics: /rosout, /tf] Could not find a connection between 'odom' and 'base_link' because they are not part of the same tree.Tf has two or more unconnected trees.; retrying!...
1509817413.100009154 WARN [/home/mdas/ros_ws/src/packages/high_level_control/sentry/odom_tf/src/odom_tf_fncs.cpp:26(OdomTf) [topics: /rosout, /tf] Could not find a connection between 'odom' and 'base_link' because they are not part of the same tree.Tf has two or more unconnected trees.; retrying!...
1509817413.600226125 WARN [/home/mdas/ros_ws/src/packages/high_level_control/sentry/odom_tf/src/odom_tf_fncs.cpp:26(OdomTf) [topics: /rosout, /tf] Could not find a connection between 'odom' and 'base_link' because they are not part of the same tree.Tf has two or more unconnected trees.; retrying!...
1509817414.100435738 WARN [/home/mdas/ros_ws/src/packages/high_level_control/sentry/odom_tf/src/odom_tf_fncs.cpp:26(OdomTf) [topics: /rosout, /tf] Could not find a connection between 'odom' and 'base_link' because they are not part of the same tree.Tf has two or more unconnected trees.; retrying!...
1509817414.600657385 WARN [/home/mdas/ros_ws/src/packages/high_level_control/sentry/odom_tf/src/odom_tf_fncs.cpp:26(OdomTf) [topics: /rosout, /tf] Could not find a connection between 'odom' and 'base_link' because they are not part of the same tree.Tf has two or more unconnected trees.; retrying!...
1509817415.100898945 WARN [/home/mdas/ros_ws/src/packages/high_level_control/sentry/odom_tf/src/odom_tf_fncs.cpp:26(OdomTf) [topics: /rosout, /tf] Could not find a connection between 'odom' and 'base_link' because they are not part of the same tree.Tf has two or more unconnected trees.; retrying!...
1509817415.601091091 WARN [/home/mdas/ros_ws/src/packages/high_level_control/sentry/odom_tf/src/odom_tf_fncs.cpp:26(OdomTf) [topics: /rosout, /tf] Could not find a connection between 'odom' and 'base_link' because they are not part of the same tree.Tf has two or more unconnected trees.; retrying!...
1509817416.101384417 WARN [/home/mdas/ros_ws/src/packages/high_level_control/sentry/odom_tf/src/odom_tf_fncs.cpp:26(OdomTf) [topics: /rosout, /tf] Could not find a connection between 'odom' and 'base_link' because they are not part of the same tree.Tf has two or more unconnected trees.; retrying!...
1509817416.601566195 WARN [/home/mdas/ros_ws/src/packages/high_level_control/sentry/odom_tf/src/odom_tf_fncs.cpp:26(OdomTf) [topics: /rosout, /tf] Could not find a connection between 'odom' and 'base_link' because they are not part of the same tree.Tf has two or more unconnected trees.; retrying!...
1509817417.101788477 WARN [/home/mdas/ros_ws/src/packages/high_level_control/sentry/odom_tf/src/odom_tf_fncs.cpp:26(OdomTf) [topics: /rosout, /tf] Could not find a connection between 'odom' and 'base_link' because they are not part of the same tree.Tf has two or more unconnected trees.; retrying!...
1509817417.170707233 WARN [/tmp/binarydeb/ros-indigo-costmap-2d-1.12.13/src/costmap_2d_ros.cpp:93(Costmap2DROS::Costmap2DROS) [topics: /rosout, /cmd_vel, /move_base/current_goal, /move_base/goal] Timed out waiting for transform from base_link to map to become available before running costmap, tf error: Could not find a connection between 'map' and 'base_link' because they are not part of the same tree.Tf has two or more unconnected trees.. canTransform returned after 0.101106 timeout was 0.1.
1509817417.602006863 WARN [/home/mdas/ros_ws/src/packages/high_level_control/sentry/odom_tf/src/odom_tf_fncs.cpp:26(OdomTf) [topics: /rosout, /tf] Could not find a connection between 'odom' and 'base_link' because they are not part of the same tree.Tf has two or more unconnected trees.; retrying!...
1509817418.102192733 WARN [/home/mdas/ros_ws/src/packages/high_level_control/sentry/odom_tf/src/odom_tf_fncs.cpp:26(OdomTf) [topics: /rosout, /tf] Could not find a connection between 'odom' and 'base_link' because they are not part of the same tree.Tf has two or more unconnected trees.; retrying!...
1509817418.602397725 WARN [/home/mdas/ros_ws/src/packages/high_level_control/sentry/odom_tf/src/odom_tf_fncs.cpp:26(OdomTf) [topics: /rosout, /tf] Could not find a connection between 'odom' and 'base_link' because they are not part of the same tree.Tf has two or more unconnected trees.; retrying!...
1509817419.102951614 WARN [/home/mdas/ros_ws/src/packages/high_level_control/sentry/odom_tf/src/odom_tf_fncs.cpp:26(OdomTf) [topics: /rosout, /tf] Could not find a connection between 'odom' and 'base_link' because they are not part of the same tree.Tf has two or more unconnected trees.; retrying!...
1509817419.603178000 WARN [/home/mdas/ros_ws/src/packages/high_level_control/sentry/odom_tf/src/odom_tf_fncs.cpp:26(OdomTf) [topics: /rosout, /tf] Could not find a connection between 'odom' and 'base_link' because they are not part of the same tree.Tf has two or more unconnected trees.; retrying!...
1509817420.103401578 WARN [/home/mdas/ros_ws/src/packages/high_level_control/sentry/odom_tf/src/odom_tf_fncs.cpp:26(OdomTf) [topics: /rosout, /tf] Could not find a connection between 'odom' and 'base_link' because they are not part of the same tree.Tf has two or more unconnected trees.; retrying!...
1509817420.603560151 WARN [/home/mdas/ros_ws/src/packages/high_level_control/sentry/odom_tf/src/odom_tf_fncs.cpp:26(OdomTf) [topics: /rosout, /tf] Could not find a connection between 'odom' and 'base_link' because they are not part of the same tree.Tf has two or more unconnected trees.; retrying!...
1509817421.103804023 WARN [/home/mdas/ros_ws/src/packages/high_level_control/sentry/odom_tf/src/odom_tf_fncs.cpp:26(OdomTf) [topics: /rosout, /tf] Could not find a connection between 'odom' and 'base_link' because they are not part of the same tree.Tf has two or more unconnected trees.; retrying!...
1509817421.604073709 WARN [/home/mdas/ros_ws/src/packages/high_level_control/sentry/odom_tf/src/odom_tf_fncs.cpp:26(OdomTf) [topics: /rosout, /tf] Could not find a connection between 'odom' and 'base_link' because they are not part of the same tree.Tf has two or more unconnected trees.; retrying!...
1509817422.104419399 WARN [/home/mdas/ros_ws/src/packages/high_level_control/sentry/odom_tf/src/odom_tf_fncs.cpp:26(OdomTf) [topics: /rosout, /tf] Could not find a connection between 'odom' and 'base_link' because they are not part of the same tree.Tf has two or more unconnected trees.; retrying!...
1509817422.219203968 WARN [/tmp/binarydeb/ros-indigo-costmap-2d-1.12.13/src/costmap_2d_ros.cpp:93(Costmap2DROS::Costmap2DROS) [topics: /rosout, /cmd_vel, /move_base/current_goal, /move_base/goal] Timed out waiting for transform from base_link to map to become available before running costmap, tf error: Could not find a connection between 'map' and 'base_link' because they are not part of the same tree.Tf has two or more unconnected trees.. canTransform returned after 0.101276 timeout was 0.1.
1509817422.604763609 WARN [/home/mdas/ros_ws/src/packages/high_level_control/sentry/odom_tf/src/odom_tf_fncs.cpp:26(OdomTf) [topics: /rosout, /tf] Could not find a connection between 'odom' and 'base_link' because they are not part of the same tree.Tf has two or more unconnected trees.; retrying!...
1509817423.105034473 WARN [/home/mdas/ros_ws/src/packages/high_level_control/sentry/odom_tf/src/odom_tf_fncs.cpp:26(OdomTf) [topics: /rosout, /tf] Could not find a connection between 'odom' and 'base_link' because they are not part of the same tree.Tf has two or more unconnected trees.; retrying!...
1509817423.605220068 WARN [/home/mdas/ros_ws/src/packages/high_level_control/sentry/odom_tf/src/odom_tf_fncs.cpp:26(OdomTf) [topics: /rosout, /tf] Could not find a connection between 'odom' and 'base_link' because they are not part of the same tree.Tf has two or more unconnected trees.; retrying!...
1509817424.105466760 WARN [/home/mdas/ros_ws/src/packages/high_level_control/sentry/odom_tf/src/odom_tf_fncs.cpp:26(OdomTf) [topics: /rosout, /tf] Could not find a connection between 'odom' and 'base_link' because they are not part of the same tree.Tf has two or more unconnected trees.; retrying!...
1509817424.605640019 WARN [/home/mdas/ros_ws/src/packages/high_level_control/sentry/odom_tf/src/odom_tf_fncs.cpp:26(OdomTf) [topics: /rosout, /tf] Could not find a connection between 'odom' and 'base_link' because they are not part of the same tree.Tf has two or more unconnected trees.; retrying!...
1509817425.105870331 WARN [/home/mdas/ros_ws/src/packages/high_level_control/sentry/odom_tf/src/odom_tf_fncs.cpp:26(OdomTf) [topics: /rosout, /tf] Could not find a connection between 'odom' and 'base_link' because they are not part of the same tree.Tf has two or more unconnected trees.; retrying!...
1509817425.606045378 WARN [/home/mdas/ros_ws/src/packages/high_level_control/sentry/odom_tf/src/odom_tf_fncs.cpp:26(OdomTf) [topics: /rosout, /tf] Could not find a connection between 'odom' and 'base_link' because they are not part of the same tree.Tf has two or more unconnected trees.; retrying!...
1509817426.106221700 WARN [/home/mdas/ros_ws/src/packages/high_level_control/sentry/odom_tf/src/odom_tf_fncs.cpp:26(OdomTf) [topics: /rosout, /tf] Could not find a connection between 'odom' and 'base_link' because they are not part of the same tree.Tf has two or more unconnected trees.; retrying!...
1509817426.606415671 WARN [/home/mdas/ros_ws/src/packages/high_level_control/sentry/odom_tf/src/odom_tf_fncs.cpp:26(OdomTf) [topics: /rosout, /tf] Could not find a connection between 'odom' and 'base_link' because they are not part of the same tree.Tf has two or more unconnected trees.; retrying!...
1509817427.106594696 WARN [/home/mdas/ros_ws/src/packages/high_level_control/sentry/odom_tf/src/odom_tf_fncs.cpp:26(OdomTf) [topics: /rosout, /tf] Could not find a connection between 'odom' and 'base_link' because they are not part of the same tree.Tf has two or more unconnected trees.; retrying!...
1509817427.269017924 WARN [/tmp/binarydeb/ros-indigo-costmap-2d-1.12.13/src/costmap_2d_ros.cpp:93(Costmap2DROS::Costmap2DROS) [topics: /rosout, /cmd_vel, /move_base/current_goal, /move_base/goal] Timed out waiting for transform from base_link to map to become available before running costmap, tf error: Could not find a connection between 'map' and 'base_link' because they are not part of the same tree.Tf has two or more unconnected trees.. canTransform returned after 0.100814 timeout was 0.1.
1509817427.606890369 WARN [/home/mdas/ros_ws/src/packages/high_level_control/sentry/odom_tf/src/odom_tf_fncs.cpp:26(OdomTf) [topics: /rosout, /tf] Could not find a connection between 'odom' and 'base_link' because they are not part of the same tree.Tf has two or more unconnected trees.; retrying!...
1509817428.107128651 WARN [/home/mdas/ros_ws/src/packages/high_level_control/sentry/odom_tf/src/odom_tf_fncs.cpp:26(OdomTf) [topics: /rosout, /tf] Could not find a connection between 'odom' and 'base_link' because they are not part of the same tree.Tf has two or more unconnected trees.; retrying!...
1509817428.607355883 WARN [/home/mdas/ros_ws/src/packages/high_level_control/sentry/odom_tf/src/odom_tf_fncs.cpp:26(OdomTf) [topics: /rosout, /tf] Could not find a connection between 'odom' and 'base_link' because they are not part of the same tree.Tf has two or more unconnected trees.; retrying!...
1509817429.107733561 WARN [/home/mdas/ros_ws/src/packages/high_level_control/sentry/odom_tf/src/odom_tf_fncs.cpp:26(OdomTf) [topics: /rosout, /tf] Could not find a connection between 'odom' and 'base_link' because they are not part of the same tree.Tf has two or more unconnected trees.; retrying!...
1509817429.608125202 WARN [/home/mdas/ros_ws/src/packages/high_level_control/sentry/odom_tf/src/odom_tf_fncs.cpp:26(OdomTf) [topics: /rosout, /tf] Could not find a connection between 'odom' and 'base_link' because they are not part of the same tree.Tf has two or more unconnected trees.; retrying!...
1509817430.108465597 WARN [/home/mdas/ros_ws/src/packages/high_level_control/sentry/odom_tf/src/odom_tf_fncs.cpp:26(OdomTf) [topics: /rosout, /tf] Could not find a connection between 'odom' and 'base_link' because they are not part of the same tree.Tf has two or more unconnected trees.; retrying!...
1509817430.608885187 WARN [/home/mdas/ros_ws/src/packages/high_level_control/sentry/odom_tf/src/odom_tf_fncs.cpp:26(OdomTf) [topics: /rosout, /tf] Could not find a connection between 'odom' and 'base_link' because they are not part of the same tree.Tf has two or more unconnected trees.; retrying!...
1509817431.109439892 WARN [/home/mdas/ros_ws/src/packages/high_level_control/sentry/odom_tf/src/odom_tf_fncs.cpp:26(OdomTf) [topics: /rosout, /tf] Could not find a connection between 'odom' and 'base_link' because they are not part of the same tree.Tf has two or more unconnected trees.; retrying!...
1509817431.609960361 WARN [/home/mdas/ros_ws/src/packages/high_level_control/sentry/odom_tf/src/odom_tf_fncs.cpp:26(OdomTf) [topics: /rosout, /tf] Could not find a connection between 'odom' and 'base_link' because they are not part of the same tree.Tf has two or more unconnected trees.; retrying!...
1509817432.110188646 WARN [/home/mdas/ros_ws/src/packages/high_level_control/sentry/odom_tf/src/odom_tf_fncs.cpp:26(OdomTf) [topics: /rosout, /tf] Could not find a connection between 'odom' and 'base_link' because they are not part of the same tree.Tf has two or more unconnected trees.; retrying!...
1509817432.318439888 WARN [/tmp/binarydeb/ros-indigo-costmap-2d-1.12.13/src/costmap_2d_ros.cpp:93(Costmap2DROS::Costmap2DROS) [topics: /rosout, /cmd_vel, /move_base/current_goal, /move_base/goal] Timed out waiting for transform from base_link to map to become available before running costmap, tf error: Could not find a connection between 'map' and 'base_link' because they are not part of the same tree.Tf has two or more unconnected trees.. canTransform returned after 0.101107 timeout was 0.1.
1509817432.610551741 WARN [/home/mdas/ros_ws/src/packages/high_level_control/sentry/odom_tf/src/odom_tf_fncs.cpp:26(OdomTf) [topics: /rosout, /tf] Could not find a connection between 'odom' and 'base_link' because they are not part of the same tree.Tf has two or more unconnected trees.; retrying!...
1509817433.110919324 WARN [/home/mdas/ros_ws/src/packages/high_level_control/sentry/odom_tf/src/odom_tf_fncs.cpp:26(OdomTf) [topics: /rosout, /tf] Could not find a connection between 'odom' and 'base_link' because they are not part of the same tree.Tf has two or more unconnected trees.; retrying!...
1509817433.611118584 WARN [/home/mdas/ros_ws/src/packages/high_level_control/sentry/odom_tf/src/odom_tf_fncs.cpp:26(OdomTf) [topics: /rosout, /tf] Could not find a connection between 'odom' and 'base_link' because they are not part of the same tree.Tf has two or more unconnected trees.; retrying!...
1509817434.111315490 WARN [/home/mdas/ros_ws/src/packages/high_level_control/sentry/odom_tf/src/odom_tf_fncs.cpp:26(OdomTf) [topics: /rosout, /tf] Could not find a connection between 'odom' and 'base_link' because they are not part of the same tree.Tf has two or more unconnected trees.; retrying!...
1509817434.611534595 WARN [/home/mdas/ros_ws/src/packages/high_level_control/sentry/odom_tf/src/odom_tf_fncs.cpp:26(OdomTf) [topics: /rosout, /tf] Could not find a connection between 'odom' and 'base_link' because they are not part of the same tree.Tf has two or more unconnected trees.; retrying!...
1509817435.111728406 WARN [/home/mdas/ros_ws/src/packages/high_level_control/sentry/odom_tf/src/odom_tf_fncs.cpp:26(OdomTf) [topics: /rosout, /tf] Could not find a connection between 'odom' and 'base_link' because they are not part of the same tree.Tf has two or more unconnected trees.; retrying!...
1509817435.611889180 WARN [/home/mdas/ros_ws/src/packages/high_level_control/sentry/odom_tf/src/odom_tf_fncs.cpp:26(OdomTf) [topics: /rosout, /tf] Could not find a connection between 'odom' and 'base_link' because they are not part of the same tree.Tf has two or more unconnected trees.; retrying!...
1509817436.112031558 WARN [/home/mdas/ros_ws/src/packages/high_level_control/sentry/odom_tf/src/odom_tf_fncs.cpp:26(OdomTf) [topics: /rosout, /tf] Could not find a connection between 'odom' and 'base_link' because they are not part of the same tree.Tf has two or more unconnected trees.; retrying!...
1509817436.612272326 WARN [/home/mdas/ros_ws/src/packages/high_level_control/sentry/odom_tf/src/odom_tf_fncs.cpp:26(OdomTf) [topics: /rosout, /tf] Could not find a connection between 'odom' and 'base_link' because they are not part of the same tree.Tf has two or more unconnected trees.; retrying!...
1509817436.620428156 WARN [/opt/ros/indigo/include/tf/message_filter.h:496(MessageFilter<M>::checkFailures) [topics: /rosout, /tf, /slam_gmapping/entropy, /map, /map_metadata] MessageFilter [target=odom ]: Dropped 100.00% of messages so far. Please turn the [ros.gmapping.message_notifier] rosconsole logger to DEBUG for more information.
1509817437.112475284 WARN [/home/mdas/ros_ws/src/packages/high_level_control/sentry/odom_tf/src/odom_tf_fncs.cpp:26(OdomTf) [topics: /rosout, /tf] Could not find a connection between 'odom' and 'base_link' because they are not part of the same tree.Tf has two or more unconnected trees.; retrying!...
1509817437.366448128 WARN [/tmp/binarydeb/ros-indigo-costmap-2d-1.12.13/src/costmap_2d_ros.cpp:93(Costmap2DROS::Costmap2DROS) [topics: /rosout, /cmd_vel, /move_base/current_goal, /move_base/goal] Timed out waiting for transform from base_link to map to become available before running costmap, tf error: Could not find a connection between 'map' and 'base_link' because they are not part of the same tree.Tf has two or more unconnected trees.. canTransform returned after 0.100792 timeout was 0.1.
1509817437.612734054 WARN [/home/mdas/ros_ws/src/packages/high_level_control/sentry/odom_tf/src/odom_tf_fncs.cpp:26(OdomTf) [topics: /rosout, /tf] Could not find a connection between 'odom' and 'base_link' because they are not part of the same tree.Tf has two or more unconnected trees.; retrying!...
1509817438.113297926 WARN [/home/mdas/ros_ws/src/packages/high_level_control/sentry/odom_tf/src/odom_tf_fncs.cpp:26(OdomTf) [topics: /rosout, /tf] Could not find a connection between 'odom' and 'base_link' because they are not part of the same tree.Tf has two or more unconnected trees.; retrying!...
1509817438.613625794 WARN [/home/mdas/ros_ws/src/packages/high_level_control/sentry/odom_tf/src/odom_tf_fncs.cpp:26(OdomTf) [topics: /rosout, /tf] Could not find a connection between 'odom' and 'base_link' because they are not part of the same tree.Tf has two or more unconnected trees.; retrying!...
1509817439.113780751 WARN [/home/mdas/ros_ws/src/packages/high_level_control/sentry/odom_tf/src/odom_tf_fncs.cpp:26(OdomTf) [topics: /rosout, /tf] Could not find a connection between 'odom' and 'base_link' because they are not part of the same tree.Tf has two or more unconnected trees.; retrying!...
1509817439.614175603 WARN [/home/mdas/ros_ws/src/packages/high_level_control/sentry/odom_tf/src/odom_tf_fncs.cpp:26(OdomTf) [topics: /rosout, /tf] Could not find a connection between 'odom' and 'base_link' because they are not part of the same tree.Tf has two or more unconnected trees.; retrying!...
1509817440.114445515 WARN [/home/mdas/ros_ws/src/packages/high_level_control/sentry/odom_tf/src/odom_tf_fncs.cpp:26(OdomTf) [topics: /rosout, /tf] Could not find a connection between 'odom' and 'base_link' because they are not part of the same tree.Tf has two or more unconnected trees.; retrying!...
1509817440.614951559 WARN [/home/mdas/ros_ws/src/packages/high_level_control/sentry/odom_tf/src/odom_tf_fncs.cpp:26(OdomTf) [topics: /rosout, /tf] Could not find a connection between 'odom' and 'base_link' because they are not part of the same tree.Tf has two or more unconnected trees.; retrying!...
1509817441.115264086 WARN [/home/mdas/ros_ws/src/packages/high_level_control/sentry/odom_tf/src/odom_tf_fncs.cpp:26(OdomTf) [topics: /rosout, /tf] Could not find a connection between 'odom' and 'base_link' because they are not part of the same tree.Tf has two or more unconnected trees.; retrying!...
1509817441.615438968 WARN [/home/mdas/ros_ws/src/packages/high_level_control/sentry/odom_tf/src/odom_tf_fncs.cpp:26(OdomTf) [topics: /rosout, /tf] Could not find a connection between 'odom' and 'base_link' because they are not part of the same tree.Tf has two or more unconnected trees.; retrying!...
1509817442.115629804 WARN [/home/mdas/ros_ws/src/packages/high_level_control/sentry/odom_tf/src/odom_tf_fncs.cpp:26(OdomTf) [topics: /rosout, /tf] Could not find a connection between 'odom' and 'base_link' because they are not part of the same tree.Tf has two or more unconnected trees.; retrying!...
1509817442.414778387 WARN [/tmp/binarydeb/ros-indigo-costmap-2d-1.12.13/src/costmap_2d_ros.cpp:93(Costmap2DROS::Costmap2DROS) [topics: /rosout, /cmd_vel, /move_base/current_goal, /move_base/goal] Timed out waiting for transform from base_link to map to become available before running costmap, tf error: Could not find a connection between 'map' and 'base_link' because they are not part of the same tree.Tf has two or more unconnected trees.. canTransform returned after 0.100826 timeout was 0.1.
1509817442.615822892 WARN [/home/mdas/ros_ws/src/packages/high_level_control/sentry/odom_tf/src/odom_tf_fncs.cpp:26(OdomTf) [topics: /rosout, /tf] Could not find a connection between 'odom' and 'base_link' because they are not part of the same tree.Tf has two or more unconnected trees.; retrying!...
1509817443.116016948 WARN [/home/mdas/ros_ws/src/packages/high_level_control/sentry/odom_tf/src/odom_tf_fncs.cpp:26(OdomTf) [topics: /rosout, /tf] Could not find a connection between 'odom' and 'base_link' because they are not part of the same tree.Tf has two or more unconnected trees.; retrying!...
1509817443.616202010 WARN [/home/mdas/ros_ws/src/packages/high_level_control/sentry/odom_tf/src/odom_tf_fncs.cpp:26(OdomTf) [topics: /rosout, /tf] Could not find a connection between 'odom' and 'base_link' because they are not part of the same tree.Tf has two or more unconnected trees.; retrying!...
1509817444.116404785 WARN [/home/mdas/ros_ws/src/packages/high_level_control/sentry/odom_tf/src/odom_tf_fncs.cpp:26(OdomTf) [topics: /rosout, /tf] Could not find a connection between 'odom' and 'base_link' because they are not part of the same tree.Tf has two or more unconnected trees.; retrying!...
1509817444.616611207 WARN [/home/mdas/ros_ws/src/packages/high_level_control/sentry/odom_tf/src/odom_tf_fncs.cpp:26(OdomTf) [topics: /rosout, /tf] Could not find a connection between 'odom' and 'base_link' because they are not part of the same tree.Tf has two or more unconnected trees.; retrying!...
1509817445.116844245 WARN [/home/mdas/ros_ws/src/packages/high_level_control/sentry/odom_tf/src/odom_tf_fncs.cpp:26(OdomTf) [topics: /rosout, /tf] Could not find a connection between 'odom' and 'base_link' because they are not part of the same tree.Tf has two or more unconnected trees.; retrying!...
1509817445.617037282 WARN [/home/mdas/ros_ws/src/packages/high_level_control/sentry/odom_tf/src/odom_tf_fncs.cpp:26(OdomTf) [topics: /rosout, /tf] Could not find a connection between 'odom' and 'base_link' because they are not part of the same tree.Tf has two or more unconnected trees.; retrying!...
1509817446.117230325 WARN [/home/mdas/ros_ws/src/packages/high_level_control/sentry/odom_tf/src/odom_tf_fncs.cpp:26(OdomTf) [topics: /rosout, /tf] Could not find a connection between 'odom' and 'base_link' because they are not part of the same tree.Tf has two or more unconnected trees.; retrying!...
1509817446.617409497 WARN [/home/mdas/ros_ws/src/packages/high_level_control/sentry/odom_tf/src/odom_tf_fncs.cpp:26(OdomTf) [topics: /rosout, /tf] Could not find a connection between 'odom' and 'base_link' because they are not part of the same tree.Tf has two or more unconnected trees.; retrying!...
1509817447.117711851 WARN [/home/mdas/ros_ws/src/packages/high_level_control/sentry/odom_tf/src/odom_tf_fncs.cpp:26(OdomTf) [topics: /rosout, /tf] Could not find a connection between 'odom' and 'base_link' because they are not part of the same tree.Tf has two or more unconnected trees.; retrying!...
1509817447.464880367 WARN [/tmp/binarydeb/ros-indigo-costmap-2d-1.12.13/src/costmap_2d_ros.cpp:93(Costmap2DROS::Costmap2DROS) [topics: /rosout, /cmd_vel, /move_base/current_goal, /move_base/goal] Timed out waiting for transform from base_link to map to become available before running costmap, tf error: Could not find a connection between 'map' and 'base_link' because they are not part of the same tree.Tf has two or more unconnected trees.. canTransform returned after 0.100913 timeout was 0.1.
1509817447.617943868 WARN [/home/mdas/ros_ws/src/packages/high_level_control/sentry/odom_tf/src/odom_tf_fncs.cpp:26(OdomTf) [topics: /rosout, /tf] Could not find a connection between 'odom' and 'base_link' because they are not part of the same tree.Tf has two or more unconnected trees.; retrying!...
1509817448.118248523 WARN [/home/mdas/ros_ws/src/packages/high_level_control/sentry/odom_tf/src/odom_tf_fncs.cpp:26(OdomTf) [topics: /rosout, /tf] Could not find a connection between 'odom' and 'base_link' because they are not part of the same tree.Tf has two or more unconnected trees.; retrying!...
1509817448.618461995 WARN [/home/mdas/ros_ws/src/packages/high_level_control/sentry/odom_tf/src/odom_tf_fncs.cpp:26(OdomTf) [topics: /rosout, /tf] Could not find a connection between 'odom' and 'base_link' because they are not part of the same tree.Tf has two or more unconnected trees.; retrying!...
1509817449.118623297 WARN [/home/mdas/ros_ws/src/packages/high_level_control/sentry/odom_tf/src/odom_tf_fncs.cpp:26(OdomTf) [topics: /rosout, /tf] Could not find a connection between 'odom' and 'base_link' because they are not part of the same tree.Tf has two or more unconnected trees.; retrying!...
1509817449.618826472 WARN [/home/mdas/ros_ws/src/packages/high_level_control/sentry/odom_tf/src/odom_tf_fncs.cpp:26(OdomTf) [topics: /rosout, /tf] Could not find a connection between 'odom' and 'base_link' because they are not part of the same tree.Tf has two or more unconnected trees.; retrying!...
1509817450.119019588 WARN [/home/mdas/ros_ws/src/packages/high_level_control/sentry/odom_tf/src/odom_tf_fncs.cpp:26(OdomTf) [topics: /rosout, /tf] Could not find a connection between 'odom' and 'base_link' because they are not part of the same tree.Tf has two or more unconnected trees.; retrying!...
1509817450.619367274 WARN [/home/mdas/ros_ws/src/packages/high_level_control/sentry/odom_tf/src/odom_tf_fncs.cpp:26(OdomTf) [topics: /rosout, /tf] Could not find a connection between 'odom' and 'base_link' because they are not part of the same tree.Tf has two or more unconnected trees.; retrying!...
1509817451.119546035 WARN [/home/mdas/ros_ws/src/packages/high_level_control/sentry/odom_tf/src/odom_tf_fncs.cpp:26(OdomTf) [topics: /rosout, /tf] Could not find a connection between 'odom' and 'base_link' because they are not part of the same tree.Tf has two or more unconnected trees.; retrying!...
1509817451.619808020 WARN [/home/mdas/ros_ws/src/packages/high_level_control/sentry/odom_tf/src/odom_tf_fncs.cpp:26(OdomTf) [topics: /rosout, /tf] Could not find a connection between 'odom' and 'base_link' because they are not part of the same tree.Tf has two or more unconnected trees.; retrying!...
1509817452.120131038 WARN [/home/mdas/ros_ws/src/packages/high_level_control/sentry/odom_tf/src/odom_tf_fncs.cpp:26(OdomTf) [topics: /rosout, /tf] Could not find a connection between 'odom' and 'base_link' because they are not part of the same tree.Tf has two or more unconnected trees.; retrying!...
1509817452.512951441 WARN [/tmp/binarydeb/ros-indigo-costmap-2d-1.12.13/src/costmap_2d_ros.cpp:93(Costmap2DROS::Costmap2DROS) [topics: /rosout, /cmd_vel, /move_base/current_goal, /move_base/goal] Timed out waiting for transform from base_link to map to become available before running costmap, tf error: Could not find a connection between 'map' and 'base_link' because they are not part of the same tree.Tf has two or more unconnected trees.. canTransform returned after 0.10091 timeout was 0.1.
1509817452.620297207 WARN [/home/mdas/ros_ws/src/packages/high_level_control/sentry/odom_tf/src/odom_tf_fncs.cpp:26(OdomTf) [topics: /rosout, /tf] Could not find a connection between 'odom' and 'base_link' because they are not part of the same tree.Tf has two or more unconnected trees.; retrying!...
1509817453.120425845 WARN [/home/mdas/ros_ws/src/packages/high_level_control/sentry/odom_tf/src/odom_tf_fncs.cpp:26(OdomTf) [topics: /rosout, /tf] Could not find a connection between 'odom' and 'base_link' because they are not part of the same tree.Tf has two or more unconnected trees.; retrying!...
1509817453.620594231 WARN [/home/mdas/ros_ws/src/packages/high_level_control/sentry/odom_tf/src/odom_tf_fncs.cpp:26(OdomTf) [topics: /rosout, /tf] Could not find a connection between 'odom' and 'base_link' because they are not part of the same tree.Tf has two or more unconnected trees.; retrying!...
1509817454.120751683 WARN [/home/mdas/ros_ws/src/packages/high_level_control/sentry/odom_tf/src/odom_tf_fncs.cpp:26(OdomTf) [topics: /rosout, /tf] Could not find a connection between 'odom' and 'base_link' because they are not part of the same tree.Tf has two or more unconnected trees.; retrying!...
1509817454.621012789 WARN [/home/mdas/ros_ws/src/packages/high_level_control/sentry/odom_tf/src/odom_tf_fncs.cpp:26(OdomTf) [topics: /rosout, /tf] Could not find a connection between 'odom' and 'base_link' because they are not part of the same tree.Tf has two or more unconnected trees.; retrying!...
1509817455.121245321 WARN [/home/mdas/ros_ws/src/packages/high_level_control/sentry/odom_tf/src/odom_tf_fncs.cpp:26(OdomTf) [topics: /rosout, /tf] Could not find a connection between 'odom' and 'base_link' because they are not part of the same tree.Tf has two or more unconnected trees.; retrying!...
1509817455.621507442 WARN [/home/mdas/ros_ws/src/packages/high_level_control/sentry/odom_tf/src/odom_tf_fncs.cpp:26(OdomTf) [topics: /rosout, /tf] Could not find a connection between 'odom' and 'base_link' because they are not part of the same tree.Tf has two or more unconnected trees.; retrying!...
1509817456.121763127 WARN [/home/mdas/ros_ws/src/packages/high_level_control/sentry/odom_tf/src/odom_tf_fncs.cpp:26(OdomTf) [topics: /rosout, /tf] Could not find a connection between 'odom' and 'base_link' because they are not part of the same tree.Tf has two or more unconnected trees.; retrying!...
