[roslaunch][INFO] 2017-11-10 11:03:49,633: Checking log directory for disk usage. This may take awhile.
Press Ctrl-C to interrupt
[roslaunch][INFO] 2017-11-10 11:03:49,636: Done checking log file disk usage. Usage is <1GB.
[roslaunch][INFO] 2017-11-10 11:03:49,636: roslaunch starting with args ['/opt/ros/indigo/bin/roslaunch', 'novatel', 'novatel_for_psr.launch']
[roslaunch][INFO] 2017-11-10 11:03:49,636: roslaunch env is {'ROS_DISTRO': 'indigo', 'LESSOPEN': '| /usr/bin/lesspipe %s', 'SSH_CLIENT': '192.168.1.110 60442 22', 'CPATH': '/home/mdas/ros_ws/devel/include:/opt/ros/indigo/include', 'LOGNAME': 'mdas', 'USER': 'mdas', 'PATH': '/opt/ros/indigo/bin:/usr/local/sbin:/usr/local/bin:/usr/sbin:/usr/bin:/sbin:/bin:/usr/games:/usr/local/games', 'HOME': '/home/mdas', 'CMAKE_PREFIX_PATH': '/home/mdas/ros_ws/devel:/opt/ros/indigo', 'LD_LIBRARY_PATH': '/home/mdas/ros_ws/devel/lib:/opt/ros/indigo/lib', 'LANG': 'en_US.UTF-8', 'TERM': 'xterm-256color', 'SHELL': '/bin/bash', 'SHLVL': '1', 'QT_QPA_PLATFORMTHEME': 'appmenu-qt5', 'ROS_LOG_FILENAME': '/home/mdas/.ros/log/bd61469c-c630-11e7-b8db-f44d306c96a4/roslaunch-mdas-Meerkat-6330.log', 'ROS_ETC_DIR': '/opt/ros/indigo/etc/ros', 'XDG_RUNTIME_DIR': '/run/user/1000', 'PYTHONPATH': '/home/mdas/ros_ws/devel/lib/python2.7/dist-packages:/opt/ros/indigo/lib/python2.7/dist-packages', 'ROS_ROOT': '/opt/ros/indigo/share/ros', 'PKG_CONFIG_PATH': '/home/mdas/ros_ws/devel/lib/pkgconfig:/opt/ros/indigo/lib/pkgconfig', 'ROS_PACKAGE_PATH': '/home/mdas/ros_ws/src:/opt/ros/indigo/share:/opt/ros/indigo/stacks', 'ROS_WORKSPACE': '/home/mdas/ros_ws', 'XDG_SESSION_ID': '5', '_': '/opt/ros/indigo/bin/roslaunch', 'SSH_CONNECTION': '192.168.1.110 60442 192.168.1.113 22', 'LESSCLOSE': '/usr/bin/lesspipe %s %s', 'SSH_TTY': '/dev/pts/15', 'PWD': '/home/mdas', 'ROS_MASTER_URI': 'http://localhost:11311', 'MAIL': '/var/mail/mdas', 'LS_COLORS': 'rs=0:di=01;34:ln=01;36:mh=00:pi=40;33:so=01;35:do=01;35:bd=40;33;01:cd=40;33;01:or=40;31;01:su=37;41:sg=30;43:ca=30;41:tw=30;42:ow=34;42:st=37;44:ex=01;32:*.tar=01;31:*.tgz=01;31:*.arj=01;31:*.taz=01;31:*.lzh=01;31:*.lzma=01;31:*.tlz=01;31:*.txz=01;31:*.zip=01;31:*.z=01;31:*.Z=01;31:*.dz=01;31:*.gz=01;31:*.lz=01;31:*.xz=01;31:*.bz2=01;31:*.bz=01;31:*.tbz=01;31:*.tbz2=01;31:*.tz=01;31:*.deb=01;31:*.rpm=01;31:*.jar=01;31:*.war=01;31:*.ear=01;31:*.sar=01;31:*.rar=01;31:*.ace=01;31:*.zoo=01;31:*.cpio=01;31:*.7z=01;31:*.rz=01;31:*.jpg=01;35:*.jpeg=01;35:*.gif=01;35:*.bmp=01;35:*.pbm=01;35:*.pgm=01;35:*.ppm=01;35:*.tga=01;35:*.xbm=01;35:*.xpm=01;35:*.tif=01;35:*.tiff=01;35:*.png=01;35:*.svg=01;35:*.svgz=01;35:*.mng=01;35:*.pcx=01;35:*.mov=01;35:*.mpg=01;35:*.mpeg=01;35:*.m2v=01;35:*.mkv=01;35:*.webm=01;35:*.ogm=01;35:*.mp4=01;35:*.m4v=01;35:*.mp4v=01;35:*.vob=01;35:*.qt=01;35:*.nuv=01;35:*.wmv=01;35:*.asf=01;35:*.rm=01;35:*.rmvb=01;35:*.flc=01;35:*.avi=01;35:*.fli=01;35:*.flv=01;35:*.gl=01;35:*.dl=01;35:*.xcf=01;35:*.xwd=01;35:*.yuv=01;35:*.cgm=01;35:*.emf=01;35:*.axv=01;35:*.anx=01;35:*.ogv=01;35:*.ogx=01;35:*.aac=00;36:*.au=00;36:*.flac=00;36:*.mid=00;36:*.midi=00;36:*.mka=00;36:*.mp3=00;36:*.mpc=00;36:*.ogg=00;36:*.ra=00;36:*.wav=00;36:*.axa=00;36:*.oga=00;36:*.spx=00;36:*.xspf=00;36:'}
[roslaunch][INFO] 2017-11-10 11:03:49,636: starting in server mode
[roslaunch.parent][INFO] 2017-11-10 11:03:49,636: starting roslaunch parent run
[roslaunch][INFO] 2017-11-10 11:03:49,636: loading roscore config file /opt/ros/indigo/etc/ros/roscore.xml
[roslaunch][INFO] 2017-11-10 11:03:49,697: Added core node of type [rosout/rosout] in namespace [/]
[roslaunch.config][INFO] 2017-11-10 11:03:49,697: loading config file /home/mdas/ros_ws/src/packages/novatel/launch/novatel_for_psr.launch
[roslaunch][INFO] 2017-11-10 11:03:49,698: Added node of type [novatel/novatel_node] in namespace [/]
[roslaunch][INFO] 2017-11-10 11:03:49,698: ... selected machine [] for node of type [novatel/novatel_node]
[roslaunch.pmon][INFO] 2017-11-10 11:03:49,699: start_process_monitor: creating ProcessMonitor
[roslaunch.pmon][INFO] 2017-11-10 11:03:49,699: created process monitor <ProcessMonitor(ProcessMonitor-1, initial daemon)>
[roslaunch.pmon][INFO] 2017-11-10 11:03:49,699: start_process_monitor: ProcessMonitor started
[roslaunch.parent][INFO] 2017-11-10 11:03:49,699: starting parent XML-RPC server
[roslaunch.server][INFO] 2017-11-10 11:03:49,699: starting roslaunch XML-RPC server
[roslaunch.server][INFO] 2017-11-10 11:03:49,699: waiting for roslaunch XML-RPC server to initialize
[xmlrpc][INFO] 2017-11-10 11:03:49,699: XML-RPC server binding to 0.0.0.0:0
[xmlrpc][INFO] 2017-11-10 11:03:49,700: Started XML-RPC server [http://mdas-Meerkat:46013/]
[xmlrpc][INFO] 2017-11-10 11:03:49,700: xml rpc node: starting XML-RPC server
[roslaunch][INFO] 2017-11-10 11:03:49,711: started roslaunch server http://mdas-Meerkat:46013/
[roslaunch.parent][INFO] 2017-11-10 11:03:49,711: ... parent XML-RPC server started
[roslaunch][INFO] 2017-11-10 11:03:49,711: master.is_running[http://localhost:11311]
[roslaunch][INFO] 2017-11-10 11:03:49,712: auto-starting new master
[roslaunch][INFO] 2017-11-10 11:03:49,712: create_master_process: rosmaster, /opt/ros/indigo/share/ros, 11311, 3, None
[roslaunch][INFO] 2017-11-10 11:03:49,712: process[master]: launching with args [['rosmaster', '--core', '-p', '11311', '-w', '3']]
[roslaunch.pmon][INFO] 2017-11-10 11:03:49,712: ProcessMonitor.register[master]
[roslaunch.pmon][INFO] 2017-11-10 11:03:49,712: ProcessMonitor.register[master] complete
[roslaunch][INFO] 2017-11-10 11:03:49,712: process[master]: starting os process
[roslaunch][INFO] 2017-11-10 11:03:49,712: process[master]: start w/ args [['rosmaster', '--core', '-p', '11311', '-w', '3', '__log:=/home/mdas/.ros/log/bd61469c-c630-11e7-b8db-f44d306c96a4/master.log']]
[roslaunch][INFO] 2017-11-10 11:03:49,712: process[master]: cwd will be [/home/mdas/.ros]
[roslaunch][INFO] 2017-11-10 11:03:49,713: process[master]: started with pid [6342]
[roslaunch][INFO] 2017-11-10 11:03:49,714: master.is_running[http://localhost:11311]
[roslaunch][INFO] 2017-11-10 11:03:49,814: master.is_running[http://localhost:11311]
[roslaunch][INFO] 2017-11-10 11:03:49,816: master.is_running[http://localhost:11311]
[roslaunch][INFO] 2017-11-10 11:03:49,816: ROS_MASTER_URI=http://localhost:11311
[roslaunch][INFO] 2017-11-10 11:03:49,817: setting /run_id to bd61469c-c630-11e7-b8db-f44d306c96a4
[roslaunch][INFO] 2017-11-10 11:03:49,818: setting /roslaunch/uris/host_mdas_meerkat__46013' to http://mdas-Meerkat:46013/
[roslaunch][INFO] 2017-11-10 11:03:49,819: ... preparing to launch node of type [rosout/rosout]
[roslaunch][INFO] 2017-11-10 11:03:49,819: create_node_process: package[rosout] type[rosout] machine[Machine(name[] env_loader[None] address[localhost] ssh_port[22] user[None] assignable[True] timeout[10.0])] master_uri[http://localhost:11311]
[roslaunch][INFO] 2017-11-10 11:03:49,819: process[rosout-1]: env[{'ROS_DISTRO': 'indigo', 'LESSOPEN': '| /usr/bin/lesspipe %s', 'SSH_CLIENT': '192.168.1.110 60442 22', 'CPATH': '/home/mdas/ros_ws/devel/include:/opt/ros/indigo/include', 'LOGNAME': 'mdas', 'USER': 'mdas', 'PATH': '/opt/ros/indigo/bin:/usr/local/sbin:/usr/local/bin:/usr/sbin:/usr/bin:/sbin:/bin:/usr/games:/usr/local/games', 'HOME': '/home/mdas', 'CMAKE_PREFIX_PATH': '/home/mdas/ros_ws/devel:/opt/ros/indigo', 'ROS_LOG_FILENAME': '/home/mdas/.ros/log/bd61469c-c630-11e7-b8db-f44d306c96a4/roslaunch-mdas-Meerkat-6330.log', 'LANG': 'en_US.UTF-8', 'TERM': 'xterm-256color', 'SHELL': '/bin/bash', 'SHLVL': '1', 'QT_QPA_PLATFORMTHEME': 'appmenu-qt5', 'LD_LIBRARY_PATH': '/home/mdas/ros_ws/devel/lib:/opt/ros/indigo/lib', 'ROS_MASTER_URI': 'http://localhost:11311', 'XDG_RUNTIME_DIR': '/run/user/1000', 'PYTHONPATH': '/home/mdas/ros_ws/devel/lib/python2.7/dist-packages:/opt/ros/indigo/lib/python2.7/dist-packages', 'ROS_ROOT': '/opt/ros/indigo/share/ros', 'PKG_CONFIG_PATH': '/home/mdas/ros_ws/devel/lib/pkgconfig:/opt/ros/indigo/lib/pkgconfig', 'ROS_PACKAGE_PATH': '/home/mdas/ros_ws/src:/opt/ros/indigo/share:/opt/ros/indigo/stacks', 'ROS_WORKSPACE': '/home/mdas/ros_ws', 'XDG_SESSION_ID': '5', '_': '/opt/ros/indigo/bin/roslaunch', 'LS_COLORS': 'rs=0:di=01;34:ln=01;36:mh=00:pi=40;33:so=01;35:do=01;35:bd=40;33;01:cd=40;33;01:or=40;31;01:su=37;41:sg=30;43:ca=30;41:tw=30;42:ow=34;42:st=37;44:ex=01;32:*.tar=01;31:*.tgz=01;31:*.arj=01;31:*.taz=01;31:*.lzh=01;31:*.lzma=01;31:*.tlz=01;31:*.txz=01;31:*.zip=01;31:*.z=01;31:*.Z=01;31:*.dz=01;31:*.gz=01;31:*.lz=01;31:*.xz=01;31:*.bz2=01;31:*.bz=01;31:*.tbz=01;31:*.tbz2=01;31:*.tz=01;31:*.deb=01;31:*.rpm=01;31:*.jar=01;31:*.war=01;31:*.ear=01;31:*.sar=01;31:*.rar=01;31:*.ace=01;31:*.zoo=01;31:*.cpio=01;31:*.7z=01;31:*.rz=01;31:*.jpg=01;35:*.jpeg=01;35:*.gif=01;35:*.bmp=01;35:*.pbm=01;35:*.pgm=01;35:*.ppm=01;35:*.tga=01;35:*.xbm=01;35:*.xpm=01;35:*.tif=01;35:*.tiff=01;35:*.png=01;35:*.svg=01;35:*.svgz=01;35:*.mng=01;35:*.pcx=01;35:*.mov=01;35:*.mpg=01;35:*.mpeg=01;35:*.m2v=01;35:*.mkv=01;35:*.webm=01;35:*.ogm=01;35:*.mp4=01;35:*.m4v=01;35:*.mp4v=01;35:*.vob=01;35:*.qt=01;35:*.nuv=01;35:*.wmv=01;35:*.asf=01;35:*.rm=01;35:*.rmvb=01;35:*.flc=01;35:*.avi=01;35:*.fli=01;35:*.flv=01;35:*.gl=01;35:*.dl=01;35:*.xcf=01;35:*.xwd=01;35:*.yuv=01;35:*.cgm=01;35:*.emf=01;35:*.axv=01;35:*.anx=01;35:*.ogv=01;35:*.ogx=01;35:*.aac=00;36:*.au=00;36:*.flac=00;36:*.mid=00;36:*.midi=00;36:*.mka=00;36:*.mp3=00;36:*.mpc=00;36:*.ogg=00;36:*.ra=00;36:*.wav=00;36:*.axa=00;36:*.oga=00;36:*.spx=00;36:*.xspf=00;36:', 'LESSCLOSE': '/usr/bin/lesspipe %s %s', 'SSH_TTY': '/dev/pts/15', 'PWD': '/home/mdas', 'ROS_ETC_DIR': '/opt/ros/indigo/etc/ros', 'MAIL': '/var/mail/mdas', 'SSH_CONNECTION': '192.168.1.110 60442 192.168.1.113 22'}]
[roslaunch][INFO] 2017-11-10 11:03:49,868: process[rosout-1]: args[[u'/opt/ros/indigo/lib/rosout/rosout', u'__name:=rosout']]
[roslaunch][INFO] 2017-11-10 11:03:49,869: ... created process [rosout-1]
[roslaunch.pmon][INFO] 2017-11-10 11:03:49,869: ProcessMonitor.register[rosout-1]
[roslaunch.pmon][INFO] 2017-11-10 11:03:49,869: ProcessMonitor.register[rosout-1] complete
[roslaunch][INFO] 2017-11-10 11:03:49,869: ... registered process [rosout-1]
[roslaunch][INFO] 2017-11-10 11:03:49,869: process[rosout-1]: starting os process
[roslaunch][INFO] 2017-11-10 11:03:49,869: process[rosout-1]: start w/ args [[u'/opt/ros/indigo/lib/rosout/rosout', u'__name:=rosout', u'__log:=/home/mdas/.ros/log/bd61469c-c630-11e7-b8db-f44d306c96a4/rosout-1.log']]
[roslaunch][INFO] 2017-11-10 11:03:49,869: process[rosout-1]: cwd will be [/home/mdas/.ros]
[roslaunch][INFO] 2017-11-10 11:03:49,870: process[rosout-1]: started with pid [6355]
[roslaunch][INFO] 2017-11-10 11:03:49,871: ... successfully launched [rosout-1]
[roslaunch][INFO] 2017-11-10 11:03:49,871: load_parameters starting ...
[roslaunch][INFO] 2017-11-10 11:03:49,877: ... load_parameters complete
[roslaunch][INFO] 2017-11-10 11:03:49,877: launch_nodes: launching local nodes ...
[roslaunch][INFO] 2017-11-10 11:03:49,877: ... preparing to launch node of type [novatel/novatel_node]
[roslaunch][INFO] 2017-11-10 11:03:49,877: create_node_process: package[novatel] type[novatel_node] machine[Machine(name[] env_loader[None] address[localhost] ssh_port[22] user[None] assignable[True] timeout[10.0])] master_uri[http://localhost:11311]
[roslaunch][INFO] 2017-11-10 11:03:49,877: process[novatel_node-2]: env[{'ROS_DISTRO': 'indigo', 'LESSOPEN': '| /usr/bin/lesspipe %s', 'SSH_CLIENT': '192.168.1.110 60442 22', 'CPATH': '/home/mdas/ros_ws/devel/include:/opt/ros/indigo/include', 'LOGNAME': 'mdas', 'USER': 'mdas', 'PATH': '/opt/ros/indigo/bin:/usr/local/sbin:/usr/local/bin:/usr/sbin:/usr/bin:/sbin:/bin:/usr/games:/usr/local/games', 'HOME': '/home/mdas', 'CMAKE_PREFIX_PATH': '/home/mdas/ros_ws/devel:/opt/ros/indigo', 'ROS_LOG_FILENAME': '/home/mdas/.ros/log/bd61469c-c630-11e7-b8db-f44d306c96a4/roslaunch-mdas-Meerkat-6330.log', 'LANG': 'en_US.UTF-8', 'TERM': 'xterm-256color', 'SHELL': '/bin/bash', 'SHLVL': '1', 'QT_QPA_PLATFORMTHEME': 'appmenu-qt5', 'LD_LIBRARY_PATH': '/home/mdas/ros_ws/devel/lib:/opt/ros/indigo/lib', 'ROS_MASTER_URI': 'http://localhost:11311', 'XDG_RUNTIME_DIR': '/run/user/1000', 'PYTHONPATH': '/home/mdas/ros_ws/devel/lib/python2.7/dist-packages:/opt/ros/indigo/lib/python2.7/dist-packages', 'ROS_ROOT': '/opt/ros/indigo/share/ros', 'PKG_CONFIG_PATH': '/home/mdas/ros_ws/devel/lib/pkgconfig:/opt/ros/indigo/lib/pkgconfig', 'ROS_PACKAGE_PATH': '/home/mdas/ros_ws/src:/opt/ros/indigo/share:/opt/ros/indigo/stacks', 'ROS_WORKSPACE': '/home/mdas/ros_ws', 'XDG_SESSION_ID': '5', '_': '/opt/ros/indigo/bin/roslaunch', 'LS_COLORS': 'rs=0:di=01;34:ln=01;36:mh=00:pi=40;33:so=01;35:do=01;35:bd=40;33;01:cd=40;33;01:or=40;31;01:su=37;41:sg=30;43:ca=30;41:tw=30;42:ow=34;42:st=37;44:ex=01;32:*.tar=01;31:*.tgz=01;31:*.arj=01;31:*.taz=01;31:*.lzh=01;31:*.lzma=01;31:*.tlz=01;31:*.txz=01;31:*.zip=01;31:*.z=01;31:*.Z=01;31:*.dz=01;31:*.gz=01;31:*.lz=01;31:*.xz=01;31:*.bz2=01;31:*.bz=01;31:*.tbz=01;31:*.tbz2=01;31:*.tz=01;31:*.deb=01;31:*.rpm=01;31:*.jar=01;31:*.war=01;31:*.ear=01;31:*.sar=01;31:*.rar=01;31:*.ace=01;31:*.zoo=01;31:*.cpio=01;31:*.7z=01;31:*.rz=01;31:*.jpg=01;35:*.jpeg=01;35:*.gif=01;35:*.bmp=01;35:*.pbm=01;35:*.pgm=01;35:*.ppm=01;35:*.tga=01;35:*.xbm=01;35:*.xpm=01;35:*.tif=01;35:*.tiff=01;35:*.png=01;35:*.svg=01;35:*.svgz=01;35:*.mng=01;35:*.pcx=01;35:*.mov=01;35:*.mpg=01;35:*.mpeg=01;35:*.m2v=01;35:*.mkv=01;35:*.webm=01;35:*.ogm=01;35:*.mp4=01;35:*.m4v=01;35:*.mp4v=01;35:*.vob=01;35:*.qt=01;35:*.nuv=01;35:*.wmv=01;35:*.asf=01;35:*.rm=01;35:*.rmvb=01;35:*.flc=01;35:*.avi=01;35:*.fli=01;35:*.flv=01;35:*.gl=01;35:*.dl=01;35:*.xcf=01;35:*.xwd=01;35:*.yuv=01;35:*.cgm=01;35:*.emf=01;35:*.axv=01;35:*.anx=01;35:*.ogv=01;35:*.ogx=01;35:*.aac=00;36:*.au=00;36:*.flac=00;36:*.mid=00;36:*.midi=00;36:*.mka=00;36:*.mp3=00;36:*.mpc=00;36:*.ogg=00;36:*.ra=00;36:*.wav=00;36:*.axa=00;36:*.oga=00;36:*.spx=00;36:*.xspf=00;36:', 'LESSCLOSE': '/usr/bin/lesspipe %s %s', 'SSH_TTY': '/dev/pts/15', 'PWD': '/home/mdas', 'ROS_ETC_DIR': '/opt/ros/indigo/etc/ros', 'MAIL': '/var/mail/mdas', 'SSH_CONNECTION': '192.168.1.110 60442 192.168.1.113 22'}]
[roslaunch][INFO] 2017-11-10 11:03:49,878: process[novatel_node-2]: args[[u'/home/mdas/ros_ws/devel/lib/novatel/novatel_node', u'__name:=novatel_node']]
[roslaunch][INFO] 2017-11-10 11:03:49,878: ... created process [novatel_node-2]
[roslaunch.pmon][INFO] 2017-11-10 11:03:49,878: ProcessMonitor.register[novatel_node-2]
[roslaunch.pmon][INFO] 2017-11-10 11:03:49,878: ProcessMonitor.register[novatel_node-2] complete
[roslaunch][INFO] 2017-11-10 11:03:49,878: ... registered process [novatel_node-2]
[roslaunch][INFO] 2017-11-10 11:03:49,878: process[novatel_node-2]: starting os process
[roslaunch][INFO] 2017-11-10 11:03:49,878: process[novatel_node-2]: start w/ args [[u'/home/mdas/ros_ws/devel/lib/novatel/novatel_node', u'__name:=novatel_node', u'__log:=/home/mdas/.ros/log/bd61469c-c630-11e7-b8db-f44d306c96a4/novatel_node-2.log']]
[roslaunch][INFO] 2017-11-10 11:03:49,878: process[novatel_node-2]: cwd will be [/home/mdas/.ros]
[roslaunch][INFO] 2017-11-10 11:03:49,880: process[novatel_node-2]: started with pid [6369]
[roslaunch][INFO] 2017-11-10 11:03:49,880: ... successfully launched [novatel_node-2]
[roslaunch][INFO] 2017-11-10 11:03:49,880: ... launch_nodes complete
[roslaunch.pmon][INFO] 2017-11-10 11:03:49,880: registrations completed <ProcessMonitor(ProcessMonitor-1, started daemon 140239654692608)>
[roslaunch.parent][INFO] 2017-11-10 11:03:49,880: ... roslaunch parent running, waiting for process exit
[roslaunch][INFO] 2017-11-10 11:03:49,880: spin
[roslaunch.pmon][INFO] 2017-11-10 11:05:01,299: ProcessMonitor.shutdown <ProcessMonitor(ProcessMonitor-1, started daemon 140239654692608)>
[roslaunch.pmon][INFO] 2017-11-10 11:05:01,396: ProcessMonitor._post_run <ProcessMonitor(ProcessMonitor-1, started daemon 140239654692608)>
[roslaunch.pmon][INFO] 2017-11-10 11:05:01,396: ProcessMonitor._post_run <ProcessMonitor(ProcessMonitor-1, started daemon 140239654692608)>: remaining procs are [<roslaunch.nodeprocess.LocalProcess object at 0x7f8c16f11a90>, <roslaunch.nodeprocess.LocalProcess object at 0x7f8c16f11e90>, <roslaunch.nodeprocess.LocalProcess object at 0x7f8c16f11f10>]
[roslaunch.pmon][INFO] 2017-11-10 11:05:01,397: ProcessMonitor exit: killing novatel_node-2
[roslaunch][INFO] 2017-11-10 11:05:01,398: [novatel_node-2] killing on exit
[roslaunch][INFO] 2017-11-10 11:05:01,399: process[novatel_node-2]: killing os process with pid[6369] pgid[6369]
[roslaunch][INFO] 2017-11-10 11:05:01,400: [novatel_node-2] sending SIGINT to pgid [6369]
[roslaunch][INFO] 2017-11-10 11:05:01,400: [novatel_node-2] sent SIGINT to pgid [6369]
[roslaunch][INFO] 2017-11-10 11:05:02,605: process[novatel_node-2]: SIGINT killed with return value 0
[roslaunch.pmon][INFO] 2017-11-10 11:05:02,606: ProcessMonitor exit: killing rosout-1
[roslaunch][INFO] 2017-11-10 11:05:02,607: [rosout-1] killing on exit
[roslaunch][INFO] 2017-11-10 11:05:02,607: process[rosout-1]: killing os process with pid[6355] pgid[6355]
[roslaunch][INFO] 2017-11-10 11:05:02,607: [rosout-1] sending SIGINT to pgid [6355]
[roslaunch][INFO] 2017-11-10 11:05:02,608: [rosout-1] sent SIGINT to pgid [6355]
[roslaunch][INFO] 2017-11-10 11:05:02,808: process[rosout-1]: SIGINT killed with return value 0
[roslaunch.pmon][INFO] 2017-11-10 11:05:02,809: ProcessMonitor exit: killing master
[roslaunch][INFO] 2017-11-10 11:05:02,809: [master] killing on exit
[roslaunch][INFO] 2017-11-10 11:05:02,809: process[master]: killing os process with pid[6342] pgid[6342]
[roslaunch][INFO] 2017-11-10 11:05:02,810: [master] sending SIGINT to pgid [6342]
[roslaunch][INFO] 2017-11-10 11:05:02,810: [master] sent SIGINT to pgid [6342]
[roslaunch][INFO] 2017-11-10 11:05:03,011: process[master]: SIGINT killed with return value 0
[roslaunch.pmon][INFO] 2017-11-10 11:05:03,012: ProcessMonitor exit: cleaning up data structures and signals
[roslaunch.pmon][INFO] 2017-11-10 11:05:03,012: ProcessMonitor exit: pmon has shutdown
[roslaunch][INFO] 2017-11-10 11:05:03,021: process monitor is done spinning, initiating full shutdown
[roslaunch][INFO] 2017-11-10 11:05:03,021: runner.stop()
[roslaunch][INFO] 2017-11-10 11:05:03,022: shutting down processing monitor...
[roslaunch][INFO] 2017-11-10 11:05:03,022: shutting down processing monitor <ProcessMonitor(ProcessMonitor-1, stopped daemon 140239654692608)>
[roslaunch.pmon][INFO] 2017-11-10 11:05:03,022: ProcessMonitor.shutdown <ProcessMonitor(ProcessMonitor-1, stopped daemon 140239654692608)>
[roslaunch][INFO] 2017-11-10 11:05:03,022: ... shutting down processing monitor complete
[roslaunch][INFO] 2017-11-10 11:05:03,023: done
[roslaunch.pmon][INFO] 2017-11-10 11:05:03,023: ProcessMonitor.shutdown <ProcessMonitor(ProcessMonitor-1, stopped daemon 140239654692608)>
[rospy.core][INFO] 2017-11-10 11:05:03,023: signal_shutdown [atexit]
