[roslaunch][INFO] 2018-07-06 12:44:41,709: Checking log directory for disk usage. This may take awhile.
Press Ctrl-C to interrupt
[roslaunch][INFO] 2018-07-06 12:44:41,712: Done checking log file disk usage. Usage is <1GB.
[roslaunch][INFO] 2018-07-06 12:44:41,712: roslaunch starting with args ['/opt/ros/indigo/bin/roslaunch', 'novatel', 'novatel_for_psr.launch']
[roslaunch][INFO] 2018-07-06 12:44:41,712: roslaunch env is {'LC_NUMERIC': 'en_US.UTF-8', 'ROS_DISTRO': 'indigo', 'LESSOPEN': '| /usr/bin/lesspipe %s', 'SSH_CLIENT': '192.168.1.130 37630 22', 'CPATH': '/home/mdas/ros_ws/devel/include:/opt/ros/indigo/include', 'LOGNAME': 'mdas', 'USER': 'mdas', 'HOME': '/home/mdas', 'LC_PAPER': 'en_US.UTF-8', 'PATH': '/opt/ros/indigo/bin:/usr/local/sbin:/usr/local/bin:/usr/sbin:/usr/bin:/sbin:/bin:/usr/games:/usr/local/games', 'CMAKE_PREFIX_PATH': '/home/mdas/ros_ws/devel:/opt/ros/indigo', 'LD_LIBRARY_PATH': '/home/mdas/ros_ws/devel/lib:/opt/ros/indigo/lib', 'LANG': 'en_US.UTF-8', 'TERM': 'screen', 'SHELL': '/bin/bash', 'LC_MONETARY': 'en_US.UTF-8', 'QT_QPA_PLATFORMTHEME': 'appmenu-qt5', 'WINDOW': '0', 'ROS_LOG_FILENAME': '/home/mdas/.ros/log/e13ed716-813b-11e8-8014-f44d306c96a4/roslaunch-mdas-Meerkat-3430.log', 'ROS_ETC_DIR': '/opt/ros/indigo/etc/ros', 'XDG_RUNTIME_DIR': '/run/user/1000', 'LC_IDENTIFICATION': 'en_US.UTF-8', 'LC_ADDRESS': 'en_US.UTF-8', 'PYTHONPATH': '/home/mdas/ros_ws/devel/lib/python2.7/dist-packages:/opt/ros/indigo/lib/python2.7/dist-packages', 'SHLVL': '2', 'ROS_ROOT': '/opt/ros/indigo/share/ros', 'PKG_CONFIG_PATH': '/home/mdas/ros_ws/devel/lib/pkgconfig:/opt/ros/indigo/lib/pkgconfig', 'ROS_PACKAGE_PATH': '/home/mdas/ros_ws/src:/opt/ros/indigo/share:/opt/ros/indigo/stacks', 'ROS_WORKSPACE': '/home/mdas/ros_ws', 'XDG_SESSION_ID': '1', 'STY': '3228.novatel', '_': '/opt/ros/indigo/bin/roslaunch', 'TERMCAP': 'SC|screen|VT 100/ANSI X3.64 virtual terminal:\\\n\t:DO=\\E[%dB:LE=\\E[%dD:RI=\\E[%dC:UP=\\E[%dA:bs:bt=\\E[Z:\\\n\t:cd=\\E[J:ce=\\E[K:cl=\\E[H\\E[J:cm=\\E[%i%d;%dH:ct=\\E[3g:\\\n\t:do=^J:nd=\\E[C:pt:rc=\\E8:rs=\\Ec:sc=\\E7:st=\\EH:up=\\EM:\\\n\t:le=^H:bl=^G:cr=^M:it#8:ho=\\E[H:nw=\\EE:ta=^I:is=\\E)0:\\\n\t:li#43:co#168:am:xn:xv:LP:sr=\\EM:al=\\E[L:AL=\\E[%dL:\\\n\t:cs=\\E[%i%d;%dr:dl=\\E[M:DL=\\E[%dM:dc=\\E[P:DC=\\E[%dP:\\\n\t:im=\\E[4h:ei=\\E[4l:mi:IC=\\E[%d@:ks=\\E[?1h\\E=:\\\n\t:ke=\\E[?1l\\E>:vi=\\E[?25l:ve=\\E[34h\\E[?25h:vs=\\E[34l:\\\n\t:ti=\\E[?1049h:te=\\E[?1049l:us=\\E[4m:ue=\\E[24m:so=\\E[3m:\\\n\t:se=\\E[23m:mb=\\E[5m:md=\\E[1m:mr=\\E[7m:me=\\E[m:ms:\\\n\t:Co#8:pa#64:AF=\\E[3%dm:AB=\\E[4%dm:op=\\E[39;49m:AX:\\\n\t:vb=\\Eg:G0:as=\\E(0:ae=\\E(B:\\\n\t:ac=\\140\\140aaffggjjkkllmmnnooppqqrrssttuuvvwwxxyyzz{{||}}~~..--++,,hhII00:\\\n\t:po=\\E[5i:pf=\\E[4i:Km=\\E[M:k0=\\E[10~:k1=\\EOP:k2=\\EOQ:\\\n\t:k3=\\EOR:k4=\\EOS:k5=\\E[15~:k6=\\E[17~:k7=\\E[18~:\\\n\t:k8=\\E[19~:k9=\\E[20~:k;=\\E[21~:F1=\\E[23~:F2=\\E[24~:\\\n\t:F3=\\E[1;2P:F4=\\E[1;2Q:F5=\\E[1;2R:F6=\\E[1;2S:\\\n\t:F7=\\E[15;2~:F8=\\E[17;2~:F9=\\E[18;2~:FA=\\E[19;2~:kb=\x7f:\\\n\t:K2=\\EOE:kB=\\E[Z:kF=\\E[1;2B:kR=\\E[1;2A:*4=\\E[3;2~:\\\n\t:*7=\\E[1;2F:#2=\\E[1;2H:#3=\\E[2;2~:#4=\\E[1;2D:%c=\\E[6;2~:\\\n\t:%e=\\E[5;2~:%i=\\E[1;2C:kh=\\E[1~:@1=\\E[1~:kH=\\E[4~:\\\n\t:@7=\\E[4~:kN=\\E[6~:kP=\\E[5~:kI=\\E[2~:kD=\\E[3~:ku=\\EOA:\\\n\t:kd=\\EOB:kr=\\EOC:kl=\\EOD:km:', 'SSH_CONNECTION': '192.168.1.130 37630 192.168.1.113 22', 'LESSCLOSE': '/usr/bin/lesspipe %s %s', 'SSH_TTY': '/dev/pts/7', 'LC_TELEPHONE': 'en_US.UTF-8', 'LC_MEASUREMENT': 'en_US.UTF-8', 'PWD': '/home/mdas/ros_ws/src/packages/novatel/launch', 'ROS_MASTER_URI': 'http://localhost:11311', 'LC_NAME': 'en_US.UTF-8', 'MAIL': '/var/mail/mdas', 'LC_TIME': 'en_US.UTF-8', 'LS_COLORS': 'rs=0:di=01;34:ln=01;36:mh=00:pi=40;33:so=01;35:do=01;35:bd=40;33;01:cd=40;33;01:or=40;31;01:su=37;41:sg=30;43:ca=30;41:tw=30;42:ow=34;42:st=37;44:ex=01;32:*.tar=01;31:*.tgz=01;31:*.arj=01;31:*.taz=01;31:*.lzh=01;31:*.lzma=01;31:*.tlz=01;31:*.txz=01;31:*.zip=01;31:*.z=01;31:*.Z=01;31:*.dz=01;31:*.gz=01;31:*.lz=01;31:*.xz=01;31:*.bz2=01;31:*.bz=01;31:*.tbz=01;31:*.tbz2=01;31:*.tz=01;31:*.deb=01;31:*.rpm=01;31:*.jar=01;31:*.war=01;31:*.ear=01;31:*.sar=01;31:*.rar=01;31:*.ace=01;31:*.zoo=01;31:*.cpio=01;31:*.7z=01;31:*.rz=01;31:*.jpg=01;35:*.jpeg=01;35:*.gif=01;35:*.bmp=01;35:*.pbm=01;35:*.pgm=01;35:*.ppm=01;35:*.tga=01;35:*.xbm=01;35:*.xpm=01;35:*.tif=01;35:*.tiff=01;35:*.png=01;35:*.svg=01;35:*.svgz=01;35:*.mng=01;35:*.pcx=01;35:*.mov=01;35:*.mpg=01;35:*.mpeg=01;35:*.m2v=01;35:*.mkv=01;35:*.webm=01;35:*.ogm=01;35:*.mp4=01;35:*.m4v=01;35:*.mp4v=01;35:*.vob=01;35:*.qt=01;35:*.nuv=01;35:*.wmv=01;35:*.asf=01;35:*.rm=01;35:*.rmvb=01;35:*.flc=01;35:*.avi=01;35:*.fli=01;35:*.flv=01;35:*.gl=01;35:*.dl=01;35:*.xcf=01;35:*.xwd=01;35:*.yuv=01;35:*.cgm=01;35:*.emf=01;35:*.axv=01;35:*.anx=01;35:*.ogv=01;35:*.ogx=01;35:*.aac=00;36:*.au=00;36:*.flac=00;36:*.mid=00;36:*.midi=00;36:*.mka=00;36:*.mp3=00;36:*.mpc=00;36:*.ogg=00;36:*.ra=00;36:*.wav=00;36:*.axa=00;36:*.oga=00;36:*.spx=00;36:*.xspf=00;36:'}
[roslaunch][INFO] 2018-07-06 12:44:41,712: starting in server mode
[roslaunch.parent][INFO] 2018-07-06 12:44:41,712: starting roslaunch parent run
[roslaunch][INFO] 2018-07-06 12:44:41,712: loading roscore config file /opt/ros/indigo/etc/ros/roscore.xml
[roslaunch][INFO] 2018-07-06 12:44:41,773: Added core node of type [rosout/rosout] in namespace [/]
[roslaunch.config][INFO] 2018-07-06 12:44:41,774: loading config file /home/mdas/ros_ws/src/packages/novatel/launch/novatel_for_psr.launch
[roslaunch][INFO] 2018-07-06 12:44:41,774: Added node of type [novatel/novatel_node] in namespace [/]
[roslaunch][INFO] 2018-07-06 12:44:41,775: ... selected machine [] for node of type [novatel/novatel_node]
[roslaunch.pmon][INFO] 2018-07-06 12:44:41,775: start_process_monitor: creating ProcessMonitor
[roslaunch.pmon][INFO] 2018-07-06 12:44:41,775: created process monitor <ProcessMonitor(ProcessMonitor-1, initial daemon)>
[roslaunch.pmon][INFO] 2018-07-06 12:44:41,775: start_process_monitor: ProcessMonitor started
[roslaunch.parent][INFO] 2018-07-06 12:44:41,775: starting parent XML-RPC server
[roslaunch.server][INFO] 2018-07-06 12:44:41,775: starting roslaunch XML-RPC server
[roslaunch.server][INFO] 2018-07-06 12:44:41,775: waiting for roslaunch XML-RPC server to initialize
[xmlrpc][INFO] 2018-07-06 12:44:41,776: XML-RPC server binding to 0.0.0.0:0
[xmlrpc][INFO] 2018-07-06 12:44:41,776: Started XML-RPC server [http://mdas-Meerkat:45765/]
[xmlrpc][INFO] 2018-07-06 12:44:41,776: xml rpc node: starting XML-RPC server
[roslaunch][INFO] 2018-07-06 12:44:41,787: started roslaunch server http://mdas-Meerkat:45765/
[roslaunch.parent][INFO] 2018-07-06 12:44:41,787: ... parent XML-RPC server started
[roslaunch][INFO] 2018-07-06 12:44:41,787: master.is_running[http://localhost:11311]
[roslaunch][INFO] 2018-07-06 12:44:41,788: auto-starting new master
[roslaunch][INFO] 2018-07-06 12:44:41,788: create_master_process: rosmaster, /opt/ros/indigo/share/ros, 11311, 3, None
[roslaunch][INFO] 2018-07-06 12:44:41,788: process[master]: launching with args [['rosmaster', '--core', '-p', '11311', '-w', '3']]
[roslaunch.pmon][INFO] 2018-07-06 12:44:41,788: ProcessMonitor.register[master]
[roslaunch.pmon][INFO] 2018-07-06 12:44:41,788: ProcessMonitor.register[master] complete
[roslaunch][INFO] 2018-07-06 12:44:41,788: process[master]: starting os process
[roslaunch][INFO] 2018-07-06 12:44:41,788: process[master]: start w/ args [['rosmaster', '--core', '-p', '11311', '-w', '3', '__log:=/home/mdas/.ros/log/e13ed716-813b-11e8-8014-f44d306c96a4/master.log']]
[roslaunch][INFO] 2018-07-06 12:44:41,788: process[master]: cwd will be [/home/mdas/.ros]
[roslaunch][INFO] 2018-07-06 12:44:41,789: process[master]: started with pid [3442]
[roslaunch][INFO] 2018-07-06 12:44:41,789: master.is_running[http://localhost:11311]
[roslaunch][INFO] 2018-07-06 12:44:41,890: master.is_running[http://localhost:11311]
[roslaunch][INFO] 2018-07-06 12:44:41,892: master.is_running[http://localhost:11311]
[roslaunch][INFO] 2018-07-06 12:44:41,892: ROS_MASTER_URI=http://localhost:11311
[roslaunch][INFO] 2018-07-06 12:44:41,893: setting /run_id to e13ed716-813b-11e8-8014-f44d306c96a4
[roslaunch][INFO] 2018-07-06 12:44:41,894: setting /roslaunch/uris/host_mdas_meerkat__45765' to http://mdas-Meerkat:45765/
[roslaunch][INFO] 2018-07-06 12:44:41,895: ... preparing to launch node of type [rosout/rosout]
[roslaunch][INFO] 2018-07-06 12:44:41,895: create_node_process: package[rosout] type[rosout] machine[Machine(name[] env_loader[None] address[localhost] ssh_port[22] user[None] assignable[True] timeout[10.0])] master_uri[http://localhost:11311]
[roslaunch][INFO] 2018-07-06 12:44:41,895: process[rosout-1]: env[{'LC_NUMERIC': 'en_US.UTF-8', 'ROS_DISTRO': 'indigo', 'LC_MEASUREMENT': 'en_US.UTF-8', 'LESSOPEN': '| /usr/bin/lesspipe %s', 'SSH_CLIENT': '192.168.1.130 37630 22', 'CPATH': '/home/mdas/ros_ws/devel/include:/opt/ros/indigo/include', 'LOGNAME': 'mdas', 'USER': 'mdas', 'HOME': '/home/mdas', 'LC_PAPER': 'en_US.UTF-8', 'PATH': '/opt/ros/indigo/bin:/usr/local/sbin:/usr/local/bin:/usr/sbin:/usr/bin:/sbin:/bin:/usr/games:/usr/local/games', 'CMAKE_PREFIX_PATH': '/home/mdas/ros_ws/devel:/opt/ros/indigo', 'ROS_LOG_FILENAME': '/home/mdas/.ros/log/e13ed716-813b-11e8-8014-f44d306c96a4/roslaunch-mdas-Meerkat-3430.log', 'LANG': 'en_US.UTF-8', 'TERM': 'screen', 'SHELL': '/bin/bash', 'LC_MONETARY': 'en_US.UTF-8', 'QT_QPA_PLATFORMTHEME': 'appmenu-qt5', 'PWD': '/home/mdas/ros_ws/src/packages/novatel/launch', 'LD_LIBRARY_PATH': '/home/mdas/ros_ws/devel/lib:/opt/ros/indigo/lib', 'ROS_MASTER_URI': 'http://localhost:11311', 'XDG_RUNTIME_DIR': '/run/user/1000', 'TERMCAP': 'SC|screen|VT 100/ANSI X3.64 virtual terminal:\\\n\t:DO=\\E[%dB:LE=\\E[%dD:RI=\\E[%dC:UP=\\E[%dA:bs:bt=\\E[Z:\\\n\t:cd=\\E[J:ce=\\E[K:cl=\\E[H\\E[J:cm=\\E[%i%d;%dH:ct=\\E[3g:\\\n\t:do=^J:nd=\\E[C:pt:rc=\\E8:rs=\\Ec:sc=\\E7:st=\\EH:up=\\EM:\\\n\t:le=^H:bl=^G:cr=^M:it#8:ho=\\E[H:nw=\\EE:ta=^I:is=\\E)0:\\\n\t:li#43:co#168:am:xn:xv:LP:sr=\\EM:al=\\E[L:AL=\\E[%dL:\\\n\t:cs=\\E[%i%d;%dr:dl=\\E[M:DL=\\E[%dM:dc=\\E[P:DC=\\E[%dP:\\\n\t:im=\\E[4h:ei=\\E[4l:mi:IC=\\E[%d@:ks=\\E[?1h\\E=:\\\n\t:ke=\\E[?1l\\E>:vi=\\E[?25l:ve=\\E[34h\\E[?25h:vs=\\E[34l:\\\n\t:ti=\\E[?1049h:te=\\E[?1049l:us=\\E[4m:ue=\\E[24m:so=\\E[3m:\\\n\t:se=\\E[23m:mb=\\E[5m:md=\\E[1m:mr=\\E[7m:me=\\E[m:ms:\\\n\t:Co#8:pa#64:AF=\\E[3%dm:AB=\\E[4%dm:op=\\E[39;49m:AX:\\\n\t:vb=\\Eg:G0:as=\\E(0:ae=\\E(B:\\\n\t:ac=\\140\\140aaffggjjkkllmmnnooppqqrrssttuuvvwwxxyyzz{{||}}~~..--++,,hhII00:\\\n\t:po=\\E[5i:pf=\\E[4i:Km=\\E[M:k0=\\E[10~:k1=\\EOP:k2=\\EOQ:\\\n\t:k3=\\EOR:k4=\\EOS:k5=\\E[15~:k6=\\E[17~:k7=\\E[18~:\\\n\t:k8=\\E[19~:k9=\\E[20~:k;=\\E[21~:F1=\\E[23~:F2=\\E[24~:\\\n\t:F3=\\E[1;2P:F4=\\E[1;2Q:F5=\\E[1;2R:F6=\\E[1;2S:\\\n\t:F7=\\E[15;2~:F8=\\E[17;2~:F9=\\E[18;2~:FA=\\E[19;2~:kb=\x7f:\\\n\t:K2=\\EOE:kB=\\E[Z:kF=\\E[1;2B:kR=\\E[1;2A:*4=\\E[3;2~:\\\n\t:*7=\\E[1;2F:#2=\\E[1;2H:#3=\\E[2;2~:#4=\\E[1;2D:%c=\\E[6;2~:\\\n\t:%e=\\E[5;2~:%i=\\E[1;2C:kh=\\E[1~:@1=\\E[1~:kH=\\E[4~:\\\n\t:@7=\\E[4~:kN=\\E[6~:kP=\\E[5~:kI=\\E[2~:kD=\\E[3~:ku=\\EOA:\\\n\t:kd=\\EOB:kr=\\EOC:kl=\\EOD:km:', 'LC_ADDRESS': 'en_US.UTF-8', 'PYTHONPATH': '/home/mdas/ros_ws/devel/lib/python2.7/dist-packages:/opt/ros/indigo/lib/python2.7/dist-packages', 'ROS_ROOT': '/opt/ros/indigo/share/ros', 'PKG_CONFIG_PATH': '/home/mdas/ros_ws/devel/lib/pkgconfig:/opt/ros/indigo/lib/pkgconfig', 'ROS_PACKAGE_PATH': '/home/mdas/ros_ws/src:/opt/ros/indigo/share:/opt/ros/indigo/stacks', 'ROS_WORKSPACE': '/home/mdas/ros_ws', 'XDG_SESSION_ID': '1', 'STY': '3228.novatel', '_': '/opt/ros/indigo/bin/roslaunch', 'LC_IDENTIFICATION': 'en_US.UTF-8', 'LS_COLORS': 'rs=0:di=01;34:ln=01;36:mh=00:pi=40;33:so=01;35:do=01;35:bd=40;33;01:cd=40;33;01:or=40;31;01:su=37;41:sg=30;43:ca=30;41:tw=30;42:ow=34;42:st=37;44:ex=01;32:*.tar=01;31:*.tgz=01;31:*.arj=01;31:*.taz=01;31:*.lzh=01;31:*.lzma=01;31:*.tlz=01;31:*.txz=01;31:*.zip=01;31:*.z=01;31:*.Z=01;31:*.dz=01;31:*.gz=01;31:*.lz=01;31:*.xz=01;31:*.bz2=01;31:*.bz=01;31:*.tbz=01;31:*.tbz2=01;31:*.tz=01;31:*.deb=01;31:*.rpm=01;31:*.jar=01;31:*.war=01;31:*.ear=01;31:*.sar=01;31:*.rar=01;31:*.ace=01;31:*.zoo=01;31:*.cpio=01;31:*.7z=01;31:*.rz=01;31:*.jpg=01;35:*.jpeg=01;35:*.gif=01;35:*.bmp=01;35:*.pbm=01;35:*.pgm=01;35:*.ppm=01;35:*.tga=01;35:*.xbm=01;35:*.xpm=01;35:*.tif=01;35:*.tiff=01;35:*.png=01;35:*.svg=01;35:*.svgz=01;35:*.mng=01;35:*.pcx=01;35:*.mov=01;35:*.mpg=01;35:*.mpeg=01;35:*.m2v=01;35:*.mkv=01;35:*.webm=01;35:*.ogm=01;35:*.mp4=01;35:*.m4v=01;35:*.mp4v=01;35:*.vob=01;35:*.qt=01;35:*.nuv=01;35:*.wmv=01;35:*.asf=01;35:*.rm=01;35:*.rmvb=01;35:*.flc=01;35:*.avi=01;35:*.fli=01;35:*.flv=01;35:*.gl=01;35:*.dl=01;35:*.xcf=01;35:*.xwd=01;35:*.yuv=01;35:*.cgm=01;35:*.emf=01;35:*.axv=01;35:*.anx=01;35:*.ogv=01;35:*.ogx=01;35:*.aac=00;36:*.au=00;36:*.flac=00;36:*.mid=00;36:*.midi=00;36:*.mka=00;36:*.mp3=00;36:*.mpc=00;36:*.ogg=00;36:*.ra=00;36:*.wav=00;36:*.axa=00;36:*.oga=00;36:*.spx=00;36:*.xspf=00;36:', 'LESSCLOSE': '/usr/bin/lesspipe %s %s', 'SSH_TTY': '/dev/pts/7', 'LC_TELEPHONE': 'en_US.UTF-8', 'SHLVL': '2', 'WINDOW': '0', 'ROS_ETC_DIR': '/opt/ros/indigo/etc/ros', 'LC_NAME': 'en_US.UTF-8', 'MAIL': '/var/mail/mdas', 'LC_TIME': 'en_US.UTF-8', 'SSH_CONNECTION': '192.168.1.130 37630 192.168.1.113 22'}]
[roslaunch][INFO] 2018-07-06 12:44:41,945: process[rosout-1]: args[[u'/opt/ros/indigo/lib/rosout/rosout', u'__name:=rosout']]
[roslaunch][INFO] 2018-07-06 12:44:41,945: ... created process [rosout-1]
[roslaunch.pmon][INFO] 2018-07-06 12:44:41,945: ProcessMonitor.register[rosout-1]
[roslaunch.pmon][INFO] 2018-07-06 12:44:41,945: ProcessMonitor.register[rosout-1] complete
[roslaunch][INFO] 2018-07-06 12:44:41,945: ... registered process [rosout-1]
[roslaunch][INFO] 2018-07-06 12:44:41,945: process[rosout-1]: starting os process
[roslaunch][INFO] 2018-07-06 12:44:41,945: process[rosout-1]: start w/ args [[u'/opt/ros/indigo/lib/rosout/rosout', u'__name:=rosout', u'__log:=/home/mdas/.ros/log/e13ed716-813b-11e8-8014-f44d306c96a4/rosout-1.log']]
[roslaunch][INFO] 2018-07-06 12:44:41,945: process[rosout-1]: cwd will be [/home/mdas/.ros]
[roslaunch][INFO] 2018-07-06 12:44:41,947: process[rosout-1]: started with pid [3455]
[roslaunch][INFO] 2018-07-06 12:44:41,947: ... successfully launched [rosout-1]
[roslaunch][INFO] 2018-07-06 12:44:41,947: load_parameters starting ...
[roslaunch][INFO] 2018-07-06 12:44:41,951: ... load_parameters complete
[roslaunch][INFO] 2018-07-06 12:44:41,951: launch_nodes: launching local nodes ...
[roslaunch][INFO] 2018-07-06 12:44:41,951: ... preparing to launch node of type [novatel/novatel_node]
[roslaunch][INFO] 2018-07-06 12:44:41,951: create_node_process: package[novatel] type[novatel_node] machine[Machine(name[] env_loader[None] address[localhost] ssh_port[22] user[None] assignable[True] timeout[10.0])] master_uri[http://localhost:11311]
[roslaunch][INFO] 2018-07-06 12:44:41,951: process[novatel_node-2]: env[{'LC_NUMERIC': 'en_US.UTF-8', 'ROS_DISTRO': 'indigo', 'LC_MEASUREMENT': 'en_US.UTF-8', 'LESSOPEN': '| /usr/bin/lesspipe %s', 'SSH_CLIENT': '192.168.1.130 37630 22', 'CPATH': '/home/mdas/ros_ws/devel/include:/opt/ros/indigo/include', 'LOGNAME': 'mdas', 'USER': 'mdas', 'HOME': '/home/mdas', 'LC_PAPER': 'en_US.UTF-8', 'PATH': '/opt/ros/indigo/bin:/usr/local/sbin:/usr/local/bin:/usr/sbin:/usr/bin:/sbin:/bin:/usr/games:/usr/local/games', 'CMAKE_PREFIX_PATH': '/home/mdas/ros_ws/devel:/opt/ros/indigo', 'ROS_LOG_FILENAME': '/home/mdas/.ros/log/e13ed716-813b-11e8-8014-f44d306c96a4/roslaunch-mdas-Meerkat-3430.log', 'LANG': 'en_US.UTF-8', 'TERM': 'screen', 'SHELL': '/bin/bash', 'LC_MONETARY': 'en_US.UTF-8', 'QT_QPA_PLATFORMTHEME': 'appmenu-qt5', 'PWD': '/home/mdas/ros_ws/src/packages/novatel/launch', 'LD_LIBRARY_PATH': '/home/mdas/ros_ws/devel/lib:/opt/ros/indigo/lib', 'ROS_MASTER_URI': 'http://localhost:11311', 'XDG_RUNTIME_DIR': '/run/user/1000', 'TERMCAP': 'SC|screen|VT 100/ANSI X3.64 virtual terminal:\\\n\t:DO=\\E[%dB:LE=\\E[%dD:RI=\\E[%dC:UP=\\E[%dA:bs:bt=\\E[Z:\\\n\t:cd=\\E[J:ce=\\E[K:cl=\\E[H\\E[J:cm=\\E[%i%d;%dH:ct=\\E[3g:\\\n\t:do=^J:nd=\\E[C:pt:rc=\\E8:rs=\\Ec:sc=\\E7:st=\\EH:up=\\EM:\\\n\t:le=^H:bl=^G:cr=^M:it#8:ho=\\E[H:nw=\\EE:ta=^I:is=\\E)0:\\\n\t:li#43:co#168:am:xn:xv:LP:sr=\\EM:al=\\E[L:AL=\\E[%dL:\\\n\t:cs=\\E[%i%d;%dr:dl=\\E[M:DL=\\E[%dM:dc=\\E[P:DC=\\E[%dP:\\\n\t:im=\\E[4h:ei=\\E[4l:mi:IC=\\E[%d@:ks=\\E[?1h\\E=:\\\n\t:ke=\\E[?1l\\E>:vi=\\E[?25l:ve=\\E[34h\\E[?25h:vs=\\E[34l:\\\n\t:ti=\\E[?1049h:te=\\E[?1049l:us=\\E[4m:ue=\\E[24m:so=\\E[3m:\\\n\t:se=\\E[23m:mb=\\E[5m:md=\\E[1m:mr=\\E[7m:me=\\E[m:ms:\\\n\t:Co#8:pa#64:AF=\\E[3%dm:AB=\\E[4%dm:op=\\E[39;49m:AX:\\\n\t:vb=\\Eg:G0:as=\\E(0:ae=\\E(B:\\\n\t:ac=\\140\\140aaffggjjkkllmmnnooppqqrrssttuuvvwwxxyyzz{{||}}~~..--++,,hhII00:\\\n\t:po=\\E[5i:pf=\\E[4i:Km=\\E[M:k0=\\E[10~:k1=\\EOP:k2=\\EOQ:\\\n\t:k3=\\EOR:k4=\\EOS:k5=\\E[15~:k6=\\E[17~:k7=\\E[18~:\\\n\t:k8=\\E[19~:k9=\\E[20~:k;=\\E[21~:F1=\\E[23~:F2=\\E[24~:\\\n\t:F3=\\E[1;2P:F4=\\E[1;2Q:F5=\\E[1;2R:F6=\\E[1;2S:\\\n\t:F7=\\E[15;2~:F8=\\E[17;2~:F9=\\E[18;2~:FA=\\E[19;2~:kb=\x7f:\\\n\t:K2=\\EOE:kB=\\E[Z:kF=\\E[1;2B:kR=\\E[1;2A:*4=\\E[3;2~:\\\n\t:*7=\\E[1;2F:#2=\\E[1;2H:#3=\\E[2;2~:#4=\\E[1;2D:%c=\\E[6;2~:\\\n\t:%e=\\E[5;2~:%i=\\E[1;2C:kh=\\E[1~:@1=\\E[1~:kH=\\E[4~:\\\n\t:@7=\\E[4~:kN=\\E[6~:kP=\\E[5~:kI=\\E[2~:kD=\\E[3~:ku=\\EOA:\\\n\t:kd=\\EOB:kr=\\EOC:kl=\\EOD:km:', 'LC_ADDRESS': 'en_US.UTF-8', 'PYTHONPATH': '/home/mdas/ros_ws/devel/lib/python2.7/dist-packages:/opt/ros/indigo/lib/python2.7/dist-packages', 'ROS_ROOT': '/opt/ros/indigo/share/ros', 'PKG_CONFIG_PATH': '/home/mdas/ros_ws/devel/lib/pkgconfig:/opt/ros/indigo/lib/pkgconfig', 'ROS_PACKAGE_PATH': '/home/mdas/ros_ws/src:/opt/ros/indigo/share:/opt/ros/indigo/stacks', 'ROS_WORKSPACE': '/home/mdas/ros_ws', 'XDG_SESSION_ID': '1', 'STY': '3228.novatel', '_': '/opt/ros/indigo/bin/roslaunch', 'LC_IDENTIFICATION': 'en_US.UTF-8', 'LS_COLORS': 'rs=0:di=01;34:ln=01;36:mh=00:pi=40;33:so=01;35:do=01;35:bd=40;33;01:cd=40;33;01:or=40;31;01:su=37;41:sg=30;43:ca=30;41:tw=30;42:ow=34;42:st=37;44:ex=01;32:*.tar=01;31:*.tgz=01;31:*.arj=01;31:*.taz=01;31:*.lzh=01;31:*.lzma=01;31:*.tlz=01;31:*.txz=01;31:*.zip=01;31:*.z=01;31:*.Z=01;31:*.dz=01;31:*.gz=01;31:*.lz=01;31:*.xz=01;31:*.bz2=01;31:*.bz=01;31:*.tbz=01;31:*.tbz2=01;31:*.tz=01;31:*.deb=01;31:*.rpm=01;31:*.jar=01;31:*.war=01;31:*.ear=01;31:*.sar=01;31:*.rar=01;31:*.ace=01;31:*.zoo=01;31:*.cpio=01;31:*.7z=01;31:*.rz=01;31:*.jpg=01;35:*.jpeg=01;35:*.gif=01;35:*.bmp=01;35:*.pbm=01;35:*.pgm=01;35:*.ppm=01;35:*.tga=01;35:*.xbm=01;35:*.xpm=01;35:*.tif=01;35:*.tiff=01;35:*.png=01;35:*.svg=01;35:*.svgz=01;35:*.mng=01;35:*.pcx=01;35:*.mov=01;35:*.mpg=01;35:*.mpeg=01;35:*.m2v=01;35:*.mkv=01;35:*.webm=01;35:*.ogm=01;35:*.mp4=01;35:*.m4v=01;35:*.mp4v=01;35:*.vob=01;35:*.qt=01;35:*.nuv=01;35:*.wmv=01;35:*.asf=01;35:*.rm=01;35:*.rmvb=01;35:*.flc=01;35:*.avi=01;35:*.fli=01;35:*.flv=01;35:*.gl=01;35:*.dl=01;35:*.xcf=01;35:*.xwd=01;35:*.yuv=01;35:*.cgm=01;35:*.emf=01;35:*.axv=01;35:*.anx=01;35:*.ogv=01;35:*.ogx=01;35:*.aac=00;36:*.au=00;36:*.flac=00;36:*.mid=00;36:*.midi=00;36:*.mka=00;36:*.mp3=00;36:*.mpc=00;36:*.ogg=00;36:*.ra=00;36:*.wav=00;36:*.axa=00;36:*.oga=00;36:*.spx=00;36:*.xspf=00;36:', 'LESSCLOSE': '/usr/bin/lesspipe %s %s', 'SSH_TTY': '/dev/pts/7', 'LC_TELEPHONE': 'en_US.UTF-8', 'SHLVL': '2', 'WINDOW': '0', 'ROS_ETC_DIR': '/opt/ros/indigo/etc/ros', 'LC_NAME': 'en_US.UTF-8', 'MAIL': '/var/mail/mdas', 'LC_TIME': 'en_US.UTF-8', 'SSH_CONNECTION': '192.168.1.130 37630 192.168.1.113 22'}]
[roslaunch][INFO] 2018-07-06 12:44:41,952: process[novatel_node-2]: args[[u'/home/mdas/ros_ws/devel/lib/novatel/novatel_node', u'__name:=novatel_node']]
[roslaunch][INFO] 2018-07-06 12:44:41,952: ... created process [novatel_node-2]
[roslaunch.pmon][INFO] 2018-07-06 12:44:41,952: ProcessMonitor.register[novatel_node-2]
[roslaunch.pmon][INFO] 2018-07-06 12:44:41,952: ProcessMonitor.register[novatel_node-2] complete
[roslaunch][INFO] 2018-07-06 12:44:41,952: ... registered process [novatel_node-2]
[roslaunch][INFO] 2018-07-06 12:44:41,952: process[novatel_node-2]: starting os process
[roslaunch][INFO] 2018-07-06 12:44:41,952: process[novatel_node-2]: start w/ args [[u'/home/mdas/ros_ws/devel/lib/novatel/novatel_node', u'__name:=novatel_node', u'__log:=/home/mdas/.ros/log/e13ed716-813b-11e8-8014-f44d306c96a4/novatel_node-2.log']]
[roslaunch][INFO] 2018-07-06 12:44:41,952: process[novatel_node-2]: cwd will be [/home/mdas/.ros]
[roslaunch][INFO] 2018-07-06 12:44:41,954: process[novatel_node-2]: started with pid [3462]
[roslaunch][INFO] 2018-07-06 12:44:41,954: ... successfully launched [novatel_node-2]
[roslaunch][INFO] 2018-07-06 12:44:41,954: ... launch_nodes complete
[roslaunch.pmon][INFO] 2018-07-06 12:44:41,954: registrations completed <ProcessMonitor(ProcessMonitor-1, started daemon 139631920178944)>
[roslaunch.parent][INFO] 2018-07-06 12:44:41,955: ... roslaunch parent running, waiting for process exit
[roslaunch][INFO] 2018-07-06 12:44:41,955: spin
[roslaunch][ERROR] 2018-07-06 12:56:31,709: ================================================================================REQUIRED process [novatel_node-2] has died!
process has finished cleanly
log file: /home/mdas/.ros/log/e13ed716-813b-11e8-8014-f44d306c96a4/novatel_node-2*.log
Initiating shutdown!
================================================================================
[roslaunch.pmon][INFO] 2018-07-06 12:56:31,810: ProcessMonitor._post_run <ProcessMonitor(ProcessMonitor-1, started daemon 139631920178944)>
[roslaunch.pmon][INFO] 2018-07-06 12:56:31,811: ProcessMonitor._post_run <ProcessMonitor(ProcessMonitor-1, started daemon 139631920178944)>: remaining procs are [<roslaunch.nodeprocess.LocalProcess object at 0x7efe97b43a90>, <roslaunch.nodeprocess.LocalProcess object at 0x7efe97b43e90>, <roslaunch.nodeprocess.LocalProcess object at 0x7efe957fe950>]
[roslaunch.pmon][INFO] 2018-07-06 12:56:31,812: ProcessMonitor exit: killing novatel_node-2
[roslaunch][INFO] 2018-07-06 12:56:31,813: [novatel_node-2] killing on exit
[roslaunch.pmon][INFO] 2018-07-06 12:56:31,816: ProcessMonitor exit: killing rosout-1
[roslaunch][INFO] 2018-07-06 12:56:31,817: [rosout-1] killing on exit
[roslaunch][INFO] 2018-07-06 12:56:31,817: process[rosout-1]: killing os process with pid[3455] pgid[3455]
[roslaunch][INFO] 2018-07-06 12:56:31,817: [rosout-1] sending SIGINT to pgid [3455]
[roslaunch][INFO] 2018-07-06 12:56:31,818: [rosout-1] sent SIGINT to pgid [3455]
[roslaunch][INFO] 2018-07-06 12:56:31,918: process[rosout-1]: SIGINT killed with return value 0
[roslaunch.pmon][INFO] 2018-07-06 12:56:31,918: ProcessMonitor exit: killing master
[roslaunch][INFO] 2018-07-06 12:56:31,918: [master] killing on exit
[roslaunch][INFO] 2018-07-06 12:56:31,919: process[master]: killing os process with pid[3442] pgid[3442]
[roslaunch][INFO] 2018-07-06 12:56:31,919: [master] sending SIGINT to pgid [3442]
[roslaunch][INFO] 2018-07-06 12:56:31,919: [master] sent SIGINT to pgid [3442]
[roslaunch][INFO] 2018-07-06 12:56:32,119: process[master]: SIGINT killed with return value 0
[roslaunch.pmon][INFO] 2018-07-06 12:56:32,120: ProcessMonitor exit: cleaning up data structures and signals
[roslaunch.pmon][INFO] 2018-07-06 12:56:32,120: ProcessMonitor exit: pmon has shutdown
[roslaunch][INFO] 2018-07-06 12:56:32,181: process monitor is done spinning, initiating full shutdown
[roslaunch][INFO] 2018-07-06 12:56:32,181: runner.stop()
[roslaunch][INFO] 2018-07-06 12:56:32,182: shutting down processing monitor...
[roslaunch][INFO] 2018-07-06 12:56:32,182: shutting down processing monitor <ProcessMonitor(ProcessMonitor-1, stopped daemon 139631920178944)>
[roslaunch.pmon][INFO] 2018-07-06 12:56:32,182: ProcessMonitor.shutdown <ProcessMonitor(ProcessMonitor-1, stopped daemon 139631920178944)>
[roslaunch][INFO] 2018-07-06 12:56:32,182: ... shutting down processing monitor complete
[roslaunch][INFO] 2018-07-06 12:56:32,182: done
[roslaunch.pmon][INFO] 2018-07-06 12:56:32,182: ProcessMonitor.shutdown <ProcessMonitor(ProcessMonitor-1, stopped daemon 139631920178944)>
[rospy.core][INFO] 2018-07-06 12:56:32,183: signal_shutdown [atexit]
