[roslaunch][INFO] 2017-11-09 15:33:08,312: Checking log directory for disk usage. This may take awhile.
Press Ctrl-C to interrupt
[roslaunch][INFO] 2017-11-09 15:33:08,315: Done checking log file disk usage. Usage is <1GB.
[roslaunch][INFO] 2017-11-09 15:33:08,315: roslaunch starting with args ['roscore', '--core']
[roslaunch][INFO] 2017-11-09 15:33:08,315: roslaunch env is {'MANDATORY_PATH': '/usr/share/gconf/ubuntu.mandatory.path', 'ROS_DISTRO': 'indigo', 'ROS_LOG_FILENAME': '/home/mdas/.ros/log/cb21f1c2-c58c-11e7-96d5-f44d306c96a4/roslaunch-mdas-Meerkat-6403.log', 'XDG_GREETER_DATA_DIR': '/var/lib/lightdm-data/mdas', 'GNOME_DESKTOP_SESSION_ID': 'this-is-deprecated', 'XDG_CURRENT_DESKTOP': 'Unity', 'LESSOPEN': '| /usr/bin/lesspipe %s', 'PKG_CONFIG_PATH': '/home/mdas/ros_ws/devel/lib/pkgconfig:/opt/ros/indigo/lib/pkgconfig', 'CPATH': '/home/mdas/ros_ws/devel/include:/opt/ros/indigo/include', 'LOGNAME': 'mdas', 'WINDOWID': '33554443', 'PATH': '/opt/ros/indigo/bin:/usr/local/sbin:/usr/local/bin:/usr/sbin:/usr/bin:/sbin:/bin:/usr/games:/usr/local/games', 'XDG_VTNR': '7', 'GNOME_KEYRING_CONTROL': '/run/user/1000/keyring-kJarhu', 'CMAKE_PREFIX_PATH': '/home/mdas/ros_ws/devel:/opt/ros/indigo', 'LD_LIBRARY_PATH': '/home/mdas/ros_ws/devel/lib:/opt/ros/indigo/lib', 'LANG': 'en_US.UTF-8', 'TERM': 'xterm', 'SHELL': '/bin/bash', 'XDG_SESSION_PATH': '/org/freedesktop/DisplayManager/Session0', 'XAUTHORITY': '/home/mdas/.Xauthority', 'LANGUAGE': 'en_US', 'SESSION_MANAGER': 'local/mdas-Meerkat:@/tmp/.ICE-unix/1846,unix/mdas-Meerkat:/tmp/.ICE-unix/1846', 'SHLVL': '1', 'LESSCLOSE': '/usr/bin/lesspipe %s %s', 'QT_QPA_PLATFORMTHEME': 'appmenu-qt5', 'JOB': 'dbus', 'TEXTDOMAIN': 'im-config', 'QT4_IM_MODULE': 'xim', 'CLUTTER_IM_MODULE': 'xim', 'SESSION': 'ubuntu', 'SESSIONTYPE': 'gnome-session', 'XMODIFIERS': '@im=ibus', 'ROS_ETC_DIR': '/opt/ros/indigo/etc/ros', 'GPG_AGENT_INFO': '/run/user/1000/keyring-kJarhu/gpg:0:1', 'HOME': '/home/mdas', 'SELINUX_INIT': 'YES', 'COMPIZ_BIN_PATH': '/usr/bin/', 'XDG_RUNTIME_DIR': '/run/user/1000', 'INSTANCE': '', 'PYTHONPATH': '/home/mdas/ros_ws/devel/lib/python2.7/dist-packages:/opt/ros/indigo/lib/python2.7/dist-packages', 'COMPIZ_CONFIG_PROFILE': 'ubuntu', 'SSH_AUTH_SOCK': '/run/user/1000/keyring-kJarhu/ssh', 'VTE_VERSION': '3409', 'ROS_ROOT': '/opt/ros/indigo/share/ros', 'GDMSESSION': 'ubuntu', 'IM_CONFIG_PHASE': '1', 'TEXTDOMAINDIR': '/usr/share/locale/', 'GNOME_KEYRING_PID': '1689', 'XDG_SEAT_PATH': '/org/freedesktop/DisplayManager/Seat0', 'ROS_PACKAGE_PATH': '/home/mdas/ros_ws/src:/opt/ros/indigo/share:/opt/ros/indigo/stacks', 'ROS_WORKSPACE': '/home/mdas/ros_ws', 'XDG_SESSION_ID': 'c2', 'DBUS_SESSION_BUS_ADDRESS': 'unix:abstract=/tmp/dbus-GkgdDYprgt', '_': '/opt/ros/indigo/bin/roscore', 'DEFAULTS_PATH': '/usr/share/gconf/ubuntu.default.path', 'GTK_IM_MODULE': 'ibus', 'DESKTOP_SESSION': 'ubuntu', 'UPSTART_SESSION': 'unix:abstract=/com/ubuntu/upstart-session/1000/1693', 'XDG_CONFIG_DIRS': '/etc/xdg/xdg-ubuntu:/usr/share/upstart/xdg:/etc/xdg', 'GTK_MODULES': 'overlay-scrollbar:unity-gtk-module', 'XDG_SEAT': 'seat0', 'GDM_LANG': 'en_US', 'XDG_DATA_DIRS': '/usr/share/ubuntu:/usr/share/gnome:/usr/local/share/:/usr/share/', 'PWD': '/home/mdas', 'QT_IM_MODULE': 'ibus', 'ROS_MASTER_URI': 'http://localhost:11311', 'COLORTERM': 'gnome-terminal', 'DISPLAY': ':0', 'XDG_MENU_PREFIX': 'gnome-', 'LS_COLORS': 'rs=0:di=01;34:ln=01;36:mh=00:pi=40;33:so=01;35:do=01;35:bd=40;33;01:cd=40;33;01:or=40;31;01:su=37;41:sg=30;43:ca=30;41:tw=30;42:ow=34;42:st=37;44:ex=01;32:*.tar=01;31:*.tgz=01;31:*.arj=01;31:*.taz=01;31:*.lzh=01;31:*.lzma=01;31:*.tlz=01;31:*.txz=01;31:*.zip=01;31:*.z=01;31:*.Z=01;31:*.dz=01;31:*.gz=01;31:*.lz=01;31:*.xz=01;31:*.bz2=01;31:*.bz=01;31:*.tbz=01;31:*.tbz2=01;31:*.tz=01;31:*.deb=01;31:*.rpm=01;31:*.jar=01;31:*.war=01;31:*.ear=01;31:*.sar=01;31:*.rar=01;31:*.ace=01;31:*.zoo=01;31:*.cpio=01;31:*.7z=01;31:*.rz=01;31:*.jpg=01;35:*.jpeg=01;35:*.gif=01;35:*.bmp=01;35:*.pbm=01;35:*.pgm=01;35:*.ppm=01;35:*.tga=01;35:*.xbm=01;35:*.xpm=01;35:*.tif=01;35:*.tiff=01;35:*.png=01;35:*.svg=01;35:*.svgz=01;35:*.mng=01;35:*.pcx=01;35:*.mov=01;35:*.mpg=01;35:*.mpeg=01;35:*.m2v=01;35:*.mkv=01;35:*.webm=01;35:*.ogm=01;35:*.mp4=01;35:*.m4v=01;35:*.mp4v=01;35:*.vob=01;35:*.qt=01;35:*.nuv=01;35:*.wmv=01;35:*.asf=01;35:*.rm=01;35:*.rmvb=01;35:*.flc=01;35:*.avi=01;35:*.fli=01;35:*.flv=01;35:*.gl=01;35:*.dl=01;35:*.xcf=01;35:*.xwd=01;35:*.yuv=01;35:*.cgm=01;35:*.emf=01;35:*.axv=01;35:*.anx=01;35:*.ogv=01;35:*.ogx=01;35:*.aac=00;36:*.au=00;36:*.flac=00;36:*.mid=00;36:*.midi=00;36:*.mka=00;36:*.mp3=00;36:*.mpc=00;36:*.ogg=00;36:*.ra=00;36:*.wav=00;36:*.axa=00;36:*.oga=00;36:*.spx=00;36:*.xspf=00;36:', 'USER': 'mdas'}
[roslaunch][INFO] 2017-11-09 15:33:08,315: starting in server mode
[roslaunch.parent][INFO] 2017-11-09 15:33:08,315: starting roslaunch parent run
[roslaunch][INFO] 2017-11-09 15:33:08,315: loading roscore config file /opt/ros/indigo/etc/ros/roscore.xml
[roslaunch][INFO] 2017-11-09 15:33:08,382: Added core node of type [rosout/rosout] in namespace [/]
[roslaunch.pmon][INFO] 2017-11-09 15:33:08,382: start_process_monitor: creating ProcessMonitor
[roslaunch.pmon][INFO] 2017-11-09 15:33:08,382: created process monitor <ProcessMonitor(ProcessMonitor-1, initial daemon)>
[roslaunch.pmon][INFO] 2017-11-09 15:33:08,382: start_process_monitor: ProcessMonitor started
[roslaunch.parent][INFO] 2017-11-09 15:33:08,382: starting parent XML-RPC server
[roslaunch.server][INFO] 2017-11-09 15:33:08,382: starting roslaunch XML-RPC server
[roslaunch.server][INFO] 2017-11-09 15:33:08,382: waiting for roslaunch XML-RPC server to initialize
[xmlrpc][INFO] 2017-11-09 15:33:08,382: XML-RPC server binding to 0.0.0.0:0
[xmlrpc][INFO] 2017-11-09 15:33:08,383: Started XML-RPC server [http://mdas-Meerkat:41863/]
[xmlrpc][INFO] 2017-11-09 15:33:08,383: xml rpc node: starting XML-RPC server
[roslaunch][INFO] 2017-11-09 15:33:08,393: started roslaunch server http://mdas-Meerkat:41863/
[roslaunch.parent][INFO] 2017-11-09 15:33:08,393: ... parent XML-RPC server started
[roslaunch][INFO] 2017-11-09 15:33:08,394: master.is_running[http://mdas-Meerkat:11311/]
[roslaunch][ERROR] 2017-11-09 15:33:08,394: roscore cannot run as another roscore/master is already running. 
Please kill other roscore/master processes before relaunching.
The ROS_MASTER_URI is http://mdas-Meerkat:11311/
[roslaunch][ERROR] 2017-11-09 15:33:08,394: The traceback for the exception was written to the log file
[roslaunch][ERROR] 2017-11-09 15:33:08,395: Traceback (most recent call last):
  File "/opt/ros/indigo/lib/python2.7/dist-packages/roslaunch/__init__.py", line 307, in main
    p.start()
  File "/opt/ros/indigo/lib/python2.7/dist-packages/roslaunch/parent.py", line 279, in start
    self.runner.launch()
  File "/opt/ros/indigo/lib/python2.7/dist-packages/roslaunch/launch.py", line 654, in launch
    self._setup()
  File "/opt/ros/indigo/lib/python2.7/dist-packages/roslaunch/launch.py", line 630, in _setup
    self._launch_master()
  File "/opt/ros/indigo/lib/python2.7/dist-packages/roslaunch/launch.py", line 391, in _launch_master
    raise RLException("roscore cannot run as another roscore/master is already running. \nPlease kill other roscore/master processes before relaunching.\nThe ROS_MASTER_URI is %s"%(m.uri))
RLException: roscore cannot run as another roscore/master is already running. 
Please kill other roscore/master processes before relaunching.
The ROS_MASTER_URI is http://mdas-Meerkat:11311/

[rospy.core][INFO] 2017-11-09 15:33:08,395: signal_shutdown [atexit]
