[roslaunch][INFO] 2018-07-06 10:55:21,752: Checking log directory for disk usage. This may take awhile.
Press Ctrl-C to interrupt
[roslaunch][INFO] 2018-07-06 10:55:21,768: Done checking log file disk usage. Usage is <1GB.
[roslaunch][INFO] 2018-07-06 10:55:21,769: roslaunch starting with args ['roscore', '--core']
[roslaunch][INFO] 2018-07-06 10:55:21,769: roslaunch env is {'ROS_DISTRO': 'indigo', 'LESSOPEN': '| /usr/bin/lesspipe %s', 'SSH_CLIENT': '129.22.143.235 45778 22', 'CPATH': '/home/mdas/ros_ws/devel/include:/opt/ros/indigo/include', 'LOGNAME': 'mdas', 'USER': 'mdas', 'PATH': '/opt/ros/indigo/bin:/usr/local/sbin:/usr/local/bin:/usr/sbin:/usr/bin:/sbin:/bin:/usr/games:/usr/local/games', 'HOME': '/home/mdas', 'CMAKE_PREFIX_PATH': '/home/mdas/ros_ws/devel:/opt/ros/indigo', 'LD_LIBRARY_PATH': '/home/mdas/ros_ws/devel/lib:/opt/ros/indigo/lib', 'LANG': 'en_US.UTF-8', 'TERM': 'xterm', 'SHELL': '/bin/bash', 'SHLVL': '1', 'QT_QPA_PLATFORMTHEME': 'appmenu-qt5', 'ROS_LOG_FILENAME': '/home/mdas/.ros/log/9b2961c4-812c-11e8-987a-f44d306c96a4/roslaunch-mdas-Meerkat-7584.log', 'ROS_ETC_DIR': '/opt/ros/indigo/etc/ros', 'XDG_RUNTIME_DIR': '/run/user/1000', 'PYTHONPATH': '/home/mdas/ros_ws/devel/lib/python2.7/dist-packages:/opt/ros/indigo/lib/python2.7/dist-packages', 'ROS_ROOT': '/opt/ros/indigo/share/ros', 'PKG_CONFIG_PATH': '/home/mdas/ros_ws/devel/lib/pkgconfig:/opt/ros/indigo/lib/pkgconfig', 'ROS_PACKAGE_PATH': '/home/mdas/ros_ws/src:/opt/ros/indigo/share:/opt/ros/indigo/stacks', 'ROS_WORKSPACE': '/home/mdas/ros_ws', 'XDG_SESSION_ID': '1', '_': '/opt/ros/indigo/bin/roscore', 'SSH_CONNECTION': '129.22.143.235 45778 129.22.149.227 22', 'LESSCLOSE': '/usr/bin/lesspipe %s %s', 'SSH_TTY': '/dev/pts/6', 'OLDPWD': '/home/mdas', 'PWD': '/home/mdas/MDAS-GPS', 'ROS_MASTER_URI': 'http://localhost:11311', 'MAIL': '/var/mail/mdas', 'LS_COLORS': 'rs=0:di=01;34:ln=01;36:mh=00:pi=40;33:so=01;35:do=01;35:bd=40;33;01:cd=40;33;01:or=40;31;01:su=37;41:sg=30;43:ca=30;41:tw=30;42:ow=34;42:st=37;44:ex=01;32:*.tar=01;31:*.tgz=01;31:*.arj=01;31:*.taz=01;31:*.lzh=01;31:*.lzma=01;31:*.tlz=01;31:*.txz=01;31:*.zip=01;31:*.z=01;31:*.Z=01;31:*.dz=01;31:*.gz=01;31:*.lz=01;31:*.xz=01;31:*.bz2=01;31:*.bz=01;31:*.tbz=01;31:*.tbz2=01;31:*.tz=01;31:*.deb=01;31:*.rpm=01;31:*.jar=01;31:*.war=01;31:*.ear=01;31:*.sar=01;31:*.rar=01;31:*.ace=01;31:*.zoo=01;31:*.cpio=01;31:*.7z=01;31:*.rz=01;31:*.jpg=01;35:*.jpeg=01;35:*.gif=01;35:*.bmp=01;35:*.pbm=01;35:*.pgm=01;35:*.ppm=01;35:*.tga=01;35:*.xbm=01;35:*.xpm=01;35:*.tif=01;35:*.tiff=01;35:*.png=01;35:*.svg=01;35:*.svgz=01;35:*.mng=01;35:*.pcx=01;35:*.mov=01;35:*.mpg=01;35:*.mpeg=01;35:*.m2v=01;35:*.mkv=01;35:*.webm=01;35:*.ogm=01;35:*.mp4=01;35:*.m4v=01;35:*.mp4v=01;35:*.vob=01;35:*.qt=01;35:*.nuv=01;35:*.wmv=01;35:*.asf=01;35:*.rm=01;35:*.rmvb=01;35:*.flc=01;35:*.avi=01;35:*.fli=01;35:*.flv=01;35:*.gl=01;35:*.dl=01;35:*.xcf=01;35:*.xwd=01;35:*.yuv=01;35:*.cgm=01;35:*.emf=01;35:*.axv=01;35:*.anx=01;35:*.ogv=01;35:*.ogx=01;35:*.aac=00;36:*.au=00;36:*.flac=00;36:*.mid=00;36:*.midi=00;36:*.mka=00;36:*.mp3=00;36:*.mpc=00;36:*.ogg=00;36:*.ra=00;36:*.wav=00;36:*.axa=00;36:*.oga=00;36:*.spx=00;36:*.xspf=00;36:'}
[roslaunch][INFO] 2018-07-06 10:55:21,769: starting in server mode
[roslaunch.parent][INFO] 2018-07-06 10:55:21,769: starting roslaunch parent run
[roslaunch][INFO] 2018-07-06 10:55:21,769: loading roscore config file /opt/ros/indigo/etc/ros/roscore.xml
[roslaunch][INFO] 2018-07-06 10:55:21,833: Added core node of type [rosout/rosout] in namespace [/]
[roslaunch.pmon][INFO] 2018-07-06 10:55:21,833: start_process_monitor: creating ProcessMonitor
[roslaunch.pmon][INFO] 2018-07-06 10:55:21,833: created process monitor <ProcessMonitor(ProcessMonitor-1, initial daemon)>
[roslaunch.pmon][INFO] 2018-07-06 10:55:21,833: start_process_monitor: ProcessMonitor started
[roslaunch.parent][INFO] 2018-07-06 10:55:21,833: starting parent XML-RPC server
[roslaunch.server][INFO] 2018-07-06 10:55:21,833: starting roslaunch XML-RPC server
[roslaunch.server][INFO] 2018-07-06 10:55:21,834: waiting for roslaunch XML-RPC server to initialize
[xmlrpc][INFO] 2018-07-06 10:55:21,834: XML-RPC server binding to 0.0.0.0:0
[xmlrpc][INFO] 2018-07-06 10:55:21,834: Started XML-RPC server [http://mdas-Meerkat:41093/]
[xmlrpc][INFO] 2018-07-06 10:55:21,834: xml rpc node: starting XML-RPC server
[roslaunch][INFO] 2018-07-06 10:55:21,845: started roslaunch server http://mdas-Meerkat:41093/
[roslaunch.parent][INFO] 2018-07-06 10:55:21,845: ... parent XML-RPC server started
[roslaunch][INFO] 2018-07-06 10:55:21,846: master.is_running[http://mdas-Meerkat:11311/]
[roslaunch][INFO] 2018-07-06 10:55:21,848: auto-starting new master
[roslaunch][INFO] 2018-07-06 10:55:21,848: create_master_process: rosmaster, /opt/ros/indigo/share/ros, 11311, 3, None
[roslaunch][INFO] 2018-07-06 10:55:21,848: process[master]: launching with args [['rosmaster', '--core', '-p', '11311', '-w', '3']]
[roslaunch.pmon][INFO] 2018-07-06 10:55:21,848: ProcessMonitor.register[master]
[roslaunch.pmon][INFO] 2018-07-06 10:55:21,848: ProcessMonitor.register[master] complete
[roslaunch][INFO] 2018-07-06 10:55:21,848: process[master]: starting os process
[roslaunch][INFO] 2018-07-06 10:55:21,848: process[master]: start w/ args [['rosmaster', '--core', '-p', '11311', '-w', '3', '__log:=/home/mdas/.ros/log/9b2961c4-812c-11e8-987a-f44d306c96a4/master.log']]
[roslaunch][INFO] 2018-07-06 10:55:21,848: process[master]: cwd will be [/home/mdas/.ros]
[roslaunch][INFO] 2018-07-06 10:55:21,850: process[master]: started with pid [7596]
[roslaunch][INFO] 2018-07-06 10:55:21,850: master.is_running[http://mdas-Meerkat:11311/]
[roslaunch][INFO] 2018-07-06 10:55:21,951: master.is_running[http://mdas-Meerkat:11311/]
[roslaunch][INFO] 2018-07-06 10:55:21,952: master.is_running[http://mdas-Meerkat:11311/]
[roslaunch][INFO] 2018-07-06 10:55:21,953: ROS_MASTER_URI=http://mdas-Meerkat:11311/
[roslaunch][INFO] 2018-07-06 10:55:21,954: setting /run_id to 9b2961c4-812c-11e8-987a-f44d306c96a4
[roslaunch][INFO] 2018-07-06 10:55:21,955: setting /roslaunch/uris/host_mdas_meerkat__41093' to http://mdas-Meerkat:41093/
[roslaunch][INFO] 2018-07-06 10:55:21,956: ... preparing to launch node of type [rosout/rosout]
[roslaunch][INFO] 2018-07-06 10:55:21,956: create_node_process: package[rosout] type[rosout] machine[Machine(name[] env_loader[None] address[localhost] ssh_port[22] user[None] assignable[True] timeout[10.0])] master_uri[http://mdas-Meerkat:11311/]
[roslaunch][INFO] 2018-07-06 10:55:21,956: process[rosout-1]: env[{'ROS_DISTRO': 'indigo', 'LESSOPEN': '| /usr/bin/lesspipe %s', 'SSH_CLIENT': '129.22.143.235 45778 22', 'CPATH': '/home/mdas/ros_ws/devel/include:/opt/ros/indigo/include', 'LOGNAME': 'mdas', 'USER': 'mdas', 'PATH': '/opt/ros/indigo/bin:/usr/local/sbin:/usr/local/bin:/usr/sbin:/usr/bin:/sbin:/bin:/usr/games:/usr/local/games', 'HOME': '/home/mdas', 'CMAKE_PREFIX_PATH': '/home/mdas/ros_ws/devel:/opt/ros/indigo', 'ROS_LOG_FILENAME': '/home/mdas/.ros/log/9b2961c4-812c-11e8-987a-f44d306c96a4/roslaunch-mdas-Meerkat-7584.log', 'LANG': 'en_US.UTF-8', 'TERM': 'xterm', 'SHELL': '/bin/bash', 'SHLVL': '1', 'QT_QPA_PLATFORMTHEME': 'appmenu-qt5', 'LD_LIBRARY_PATH': '/home/mdas/ros_ws/devel/lib:/opt/ros/indigo/lib', 'ROS_MASTER_URI': 'http://mdas-Meerkat:11311/', 'XDG_RUNTIME_DIR': '/run/user/1000', 'PYTHONPATH': '/home/mdas/ros_ws/devel/lib/python2.7/dist-packages:/opt/ros/indigo/lib/python2.7/dist-packages', 'ROS_ROOT': '/opt/ros/indigo/share/ros', 'PKG_CONFIG_PATH': '/home/mdas/ros_ws/devel/lib/pkgconfig:/opt/ros/indigo/lib/pkgconfig', 'ROS_PACKAGE_PATH': '/home/mdas/ros_ws/src:/opt/ros/indigo/share:/opt/ros/indigo/stacks', 'ROS_WORKSPACE': '/home/mdas/ros_ws', 'XDG_SESSION_ID': '1', '_': '/opt/ros/indigo/bin/roscore', 'LS_COLORS': 'rs=0:di=01;34:ln=01;36:mh=00:pi=40;33:so=01;35:do=01;35:bd=40;33;01:cd=40;33;01:or=40;31;01:su=37;41:sg=30;43:ca=30;41:tw=30;42:ow=34;42:st=37;44:ex=01;32:*.tar=01;31:*.tgz=01;31:*.arj=01;31:*.taz=01;31:*.lzh=01;31:*.lzma=01;31:*.tlz=01;31:*.txz=01;31:*.zip=01;31:*.z=01;31:*.Z=01;31:*.dz=01;31:*.gz=01;31:*.lz=01;31:*.xz=01;31:*.bz2=01;31:*.bz=01;31:*.tbz=01;31:*.tbz2=01;31:*.tz=01;31:*.deb=01;31:*.rpm=01;31:*.jar=01;31:*.war=01;31:*.ear=01;31:*.sar=01;31:*.rar=01;31:*.ace=01;31:*.zoo=01;31:*.cpio=01;31:*.7z=01;31:*.rz=01;31:*.jpg=01;35:*.jpeg=01;35:*.gif=01;35:*.bmp=01;35:*.pbm=01;35:*.pgm=01;35:*.ppm=01;35:*.tga=01;35:*.xbm=01;35:*.xpm=01;35:*.tif=01;35:*.tiff=01;35:*.png=01;35:*.svg=01;35:*.svgz=01;35:*.mng=01;35:*.pcx=01;35:*.mov=01;35:*.mpg=01;35:*.mpeg=01;35:*.m2v=01;35:*.mkv=01;35:*.webm=01;35:*.ogm=01;35:*.mp4=01;35:*.m4v=01;35:*.mp4v=01;35:*.vob=01;35:*.qt=01;35:*.nuv=01;35:*.wmv=01;35:*.asf=01;35:*.rm=01;35:*.rmvb=01;35:*.flc=01;35:*.avi=01;35:*.fli=01;35:*.flv=01;35:*.gl=01;35:*.dl=01;35:*.xcf=01;35:*.xwd=01;35:*.yuv=01;35:*.cgm=01;35:*.emf=01;35:*.axv=01;35:*.anx=01;35:*.ogv=01;35:*.ogx=01;35:*.aac=00;36:*.au=00;36:*.flac=00;36:*.mid=00;36:*.midi=00;36:*.mka=00;36:*.mp3=00;36:*.mpc=00;36:*.ogg=00;36:*.ra=00;36:*.wav=00;36:*.axa=00;36:*.oga=00;36:*.spx=00;36:*.xspf=00;36:', 'LESSCLOSE': '/usr/bin/lesspipe %s %s', 'SSH_TTY': '/dev/pts/6', 'OLDPWD': '/home/mdas', 'PWD': '/home/mdas/MDAS-GPS', 'ROS_ETC_DIR': '/opt/ros/indigo/etc/ros', 'MAIL': '/var/mail/mdas', 'SSH_CONNECTION': '129.22.143.235 45778 129.22.149.227 22'}]
[roslaunch][INFO] 2018-07-06 10:55:22,009: process[rosout-1]: args[[u'/opt/ros/indigo/lib/rosout/rosout', u'__name:=rosout']]
[roslaunch][INFO] 2018-07-06 10:55:22,009: ... created process [rosout-1]
[roslaunch.pmon][INFO] 2018-07-06 10:55:22,009: ProcessMonitor.register[rosout-1]
[roslaunch.pmon][INFO] 2018-07-06 10:55:22,009: ProcessMonitor.register[rosout-1] complete
[roslaunch][INFO] 2018-07-06 10:55:22,009: ... registered process [rosout-1]
[roslaunch][INFO] 2018-07-06 10:55:22,009: process[rosout-1]: starting os process
[roslaunch][INFO] 2018-07-06 10:55:22,010: process[rosout-1]: start w/ args [[u'/opt/ros/indigo/lib/rosout/rosout', u'__name:=rosout', u'__log:=/home/mdas/.ros/log/9b2961c4-812c-11e8-987a-f44d306c96a4/rosout-1.log']]
[roslaunch][INFO] 2018-07-06 10:55:22,010: process[rosout-1]: cwd will be [/home/mdas/.ros]
[roslaunch][INFO] 2018-07-06 10:55:22,012: process[rosout-1]: started with pid [7609]
[roslaunch][INFO] 2018-07-06 10:55:22,012: ... successfully launched [rosout-1]
[roslaunch][INFO] 2018-07-06 10:55:22,012: load_parameters starting ...
[roslaunch][INFO] 2018-07-06 10:55:22,014: ... load_parameters complete
[roslaunch][INFO] 2018-07-06 10:55:22,014: launch_nodes: launching local nodes ...
[roslaunch][INFO] 2018-07-06 10:55:22,014: ... launch_nodes complete
[roslaunch.pmon][INFO] 2018-07-06 10:55:22,014: registrations completed <ProcessMonitor(ProcessMonitor-1, started daemon 140182315452160)>
[roslaunch.parent][INFO] 2018-07-06 10:55:22,014: ... roslaunch parent running, waiting for process exit
[roslaunch][INFO] 2018-07-06 10:55:22,014: spin
[roslaunch.pmon][INFO] 2018-07-06 10:55:24,730: ProcessMonitor.shutdown <ProcessMonitor(ProcessMonitor-1, started daemon 140182315452160)>
[roslaunch.pmon][INFO] 2018-07-06 10:55:24,746: ProcessMonitor._post_run <ProcessMonitor(ProcessMonitor-1, started daemon 140182315452160)>
[roslaunch.pmon][INFO] 2018-07-06 10:55:24,747: ProcessMonitor._post_run <ProcessMonitor(ProcessMonitor-1, started daemon 140182315452160)>: remaining procs are [<roslaunch.nodeprocess.LocalProcess object at 0x7f7ebd1f0490>, <roslaunch.nodeprocess.LocalProcess object at 0x7f7ebd1f0810>]
[roslaunch.pmon][INFO] 2018-07-06 10:55:24,752: ProcessMonitor exit: killing rosout-1
[roslaunch][INFO] 2018-07-06 10:55:24,752: [rosout-1] killing on exit
[roslaunch][INFO] 2018-07-06 10:55:24,753: process[rosout-1]: killing os process with pid[7609] pgid[7609]
[roslaunch][INFO] 2018-07-06 10:55:24,753: [rosout-1] sending SIGINT to pgid [7609]
[roslaunch][INFO] 2018-07-06 10:55:24,753: [rosout-1] sent SIGINT to pgid [7609]
[roslaunch][INFO] 2018-07-06 10:55:24,954: process[rosout-1]: SIGINT killed with return value 0
[roslaunch.pmon][INFO] 2018-07-06 10:55:24,955: ProcessMonitor exit: killing master
[roslaunch][INFO] 2018-07-06 10:55:24,955: [master] killing on exit
[roslaunch][INFO] 2018-07-06 10:55:24,955: process[master]: killing os process with pid[7596] pgid[7596]
[roslaunch][INFO] 2018-07-06 10:55:24,956: [master] sending SIGINT to pgid [7596]
[roslaunch][INFO] 2018-07-06 10:55:24,956: [master] sent SIGINT to pgid [7596]
[roslaunch][INFO] 2018-07-06 10:55:25,157: process[master]: SIGINT killed with return value 0
[roslaunch.pmon][INFO] 2018-07-06 10:55:25,158: ProcessMonitor exit: cleaning up data structures and signals
[roslaunch.pmon][INFO] 2018-07-06 10:55:25,158: ProcessMonitor exit: pmon has shutdown
[roslaunch][INFO] 2018-07-06 10:55:25,198: process monitor is done spinning, initiating full shutdown
[roslaunch][INFO] 2018-07-06 10:55:25,198: runner.stop()
[roslaunch][INFO] 2018-07-06 10:55:25,199: shutting down processing monitor...
[roslaunch][INFO] 2018-07-06 10:55:25,199: shutting down processing monitor <ProcessMonitor(ProcessMonitor-1, stopped daemon 140182315452160)>
[roslaunch.pmon][INFO] 2018-07-06 10:55:25,199: ProcessMonitor.shutdown <ProcessMonitor(ProcessMonitor-1, stopped daemon 140182315452160)>
[roslaunch][INFO] 2018-07-06 10:55:25,199: ... shutting down processing monitor complete
[roslaunch][INFO] 2018-07-06 10:55:25,200: done
[roslaunch.pmon][INFO] 2018-07-06 10:55:25,200: ProcessMonitor.shutdown <ProcessMonitor(ProcessMonitor-1, stopped daemon 140182315452160)>
[rospy.core][INFO] 2018-07-06 10:55:25,201: signal_shutdown [atexit]
