[0m[ INFO] [1509817961.301610011]: main: instantiating an object of type OdomTf[0m
[0m[ INFO] [1509817961.304371418]: in class constructor of DemoTfListener[0m
[0m[ INFO] [1509817961.327635406]: waiting for tf between base_link and odom...[0m
[33m[ WARN] [1509817961.327763906]: "odom" passed to lookupTransform argument target_frame does not exist. ; retrying!...[0m
[33m[ WARN] [1509817961.828102114]: Could not find a connection between 'odom' and 'base_link' because they are not part of the same tree.Tf has two or more unconnected trees.; retrying!...[0m
[33m[ WARN] [1509817962.328562762]: Could not find a connection between 'odom' and 'base_link' because they are not part of the same tree.Tf has two or more unconnected trees.; retrying!...[0m
[33m[ WARN] [1509817962.829071455]: Could not find a connection between 'odom' and 'base_link' because they are not part of the same tree.Tf has two or more unconnected trees.; retrying!...[0m
[33m[ WARN] [1509817963.329607547]: Could not find a connection between 'odom' and 'base_link' because they are not part of the same tree.Tf has two or more unconnected trees.; retrying!...[0m
[33m[ WARN] [1509817963.830164993]: Could not find a connection between 'odom' and 'base_link' because they are not part of the same tree.Tf has two or more unconnected trees.; retrying!...[0m
[33m[ WARN] [1509817964.330729156]: Could not find a connection between 'odom' and 'base_link' because they are not part of the same tree.Tf has two or more unconnected trees.; retrying!...[0m
[33m[ WARN] [1509817964.831312692]: Could not find a connection between 'odom' and 'base_link' because they are not part of the same tree.Tf has two or more unconnected trees.; retrying!...[0m
[33m[ WARN] [1509817965.331900673]: Could not find a connection between 'odom' and 'base_link' because they are not part of the same tree.Tf has two or more unconnected trees.; retrying!...[0m
[33m[ WARN] [1509817965.832440956]: Could not find a connection between 'odom' and 'base_link' because they are not part of the same tree.Tf has two or more unconnected trees.; retrying!...[0m
[33m[ WARN] [1509817966.332956368]: Could not find a connection between 'odom' and 'base_link' because they are not part of the same tree.Tf has two or more unconnected trees.; retrying!...[0m
[33m[ WARN] [1509817966.833552692]: Could not find a connection between 'odom' and 'base_link' because they are not part of the same tree.Tf has two or more unconnected trees.; retrying!...[0m
[33m[ WARN] [1509817967.334142620]: Could not find a connection between 'odom' and 'base_link' because they are not part of the same tree.Tf has two or more unconnected trees.; retrying!...[0m
[33m[ WARN] [1509817967.834803355]: Could not find a connection between 'odom' and 'base_link' because they are not part of the same tree.Tf has two or more unconnected trees.; retrying!...[0m
[33m[ WARN] [1509817968.335198467]: Could not find a connection between 'odom' and 'base_link' because they are not part of the same tree.Tf has two or more unconnected trees.; retrying!...[0m
[33m[ WARN] [1509817968.835732916]: Could not find a connection between 'odom' and 'base_link' because they are not part of the same tree.Tf has two or more unconnected trees.; retrying!...[0m
[33m[ WARN] [1509817969.336165329]: Could not find a connection between 'odom' and 'base_link' because they are not part of the same tree.Tf has two or more unconnected trees.; retrying!...[0m
[33m[ WARN] [1509817969.836606473]: Could not find a connection between 'odom' and 'base_link' because they are not part of the same tree.Tf has two or more unconnected trees.; retrying!...[0m
[33m[ WARN] [1509817970.337084308]: Could not find a connection between 'odom' and 'base_link' because they are not part of the same tree.Tf has two or more unconnected trees.; retrying!...[0m
[33m[ WARN] [1509817970.837490866]: Could not find a connection between 'odom' and 'base_link' because they are not part of the same tree.Tf has two or more unconnected trees.; retrying!...[0m
[33m[ WARN] [1509817971.338039009]: Could not find a connection between 'odom' and 'base_link' because they are not part of the same tree.Tf has two or more unconnected trees.; retrying!...[0m
[33m[ WARN] [1509817971.838707463]: Could not find a connection between 'odom' and 'base_link' because they are not part of the same tree.Tf has two or more unconnected trees.; retrying!...[0m
[33m[ WARN] [1509817972.339278755]: Could not find a connection between 'odom' and 'base_link' because they are not part of the same tree.Tf has two or more unconnected trees.; retrying!...[0m
[33m[ WARN] [1509817972.839833934]: Could not find a connection between 'odom' and 'base_link' because they are not part of the same tree.Tf has two or more unconnected trees.; retrying!...[0m
[33m[ WARN] [1509817973.340356404]: Could not find a connection between 'odom' and 'base_link' because they are not part of the same tree.Tf has two or more unconnected trees.; retrying!...[0m
[33m[ WARN] [1509817973.840971038]: Could not find a connection between 'odom' and 'base_link' because they are not part of the same tree.Tf has two or more unconnected trees.; retrying!...[0m
[33m[ WARN] [1509817974.341490804]: Could not find a connection between 'odom' and 'base_link' because they are not part of the same tree.Tf has two or more unconnected trees.; retrying!...[0m
[33m[ WARN] [1509817974.842024041]: Could not find a connection between 'odom' and 'base_link' because they are not part of the same tree.Tf has two or more unconnected trees.; retrying!...[0m
[33m[ WARN] [1509817975.342560003]: Could not find a connection between 'odom' and 'base_link' because they are not part of the same tree.Tf has two or more unconnected trees.; retrying!...[0m
[33m[ WARN] [1509817975.843122521]: Could not find a connection between 'odom' and 'base_link' because they are not part of the same tree.Tf has two or more unconnected trees.; retrying!...[0m
[33m[ WARN] [1509817976.343756245]: Could not find a connection between 'odom' and 'base_link' because they are not part of the same tree.Tf has two or more unconnected trees.; retrying!...[0m
[33m[ WARN] [1509817976.844243216]: Could not find a connection between 'odom' and 'base_link' because they are not part of the same tree.Tf has two or more unconnected trees.; retrying!...[0m
[33m[ WARN] [1509817977.344961832]: Could not find a connection between 'odom' and 'base_link' because they are not part of the same tree.Tf has two or more unconnected trees.; retrying!...[0m
[33m[ WARN] [1509817977.845410824]: Could not find a connection between 'odom' and 'base_link' because they are not part of the same tree.Tf has two or more unconnected trees.; retrying!...[0m
[33m[ WARN] [1509817978.345707643]: Could not find a connection between 'odom' and 'base_link' because they are not part of the same tree.Tf has two or more unconnected trees.; retrying!...[0m
[33m[ WARN] [1509817978.846186007]: Could not find a connection between 'odom' and 'base_link' because they are not part of the same tree.Tf has two or more unconnected trees.; retrying!...[0m
[33m[ WARN] [1509817979.346539586]: Could not find a connection between 'odom' and 'base_link' because they are not part of the same tree.Tf has two or more unconnected trees.; retrying!...[0m
[33m[ WARN] [1509817979.847039586]: Could not find a connection between 'odom' and 'base_link' because they are not part of the same tree.Tf has two or more unconnected trees.; retrying!...[0m
[33m[ WARN] [1509817980.347437739]: Could not find a connection between 'odom' and 'base_link' because they are not part of the same tree.Tf has two or more unconnected trees.; retrying!...[0m
[33m[ WARN] [1509817980.847975799]: Could not find a connection between 'odom' and 'base_link' because they are not part of the same tree.Tf has two or more unconnected trees.; retrying!...[0m
[33m[ WARN] [1509817981.348403838]: Could not find a connection between 'odom' and 'base_link' because they are not part of the same tree.Tf has two or more unconnected trees.; retrying!...[0m
[33m[ WARN] [1509817981.848852548]: Could not find a connection between 'odom' and 'base_link' because they are not part of the same tree.Tf has two or more unconnected trees.; retrying!...[0m
[33m[ WARN] [1509817982.349302048]: Could not find a connection between 'odom' and 'base_link' because they are not part of the same tree.Tf has two or more unconnected trees.; retrying!...[0m
[33m[ WARN] [1509817982.849736593]: Could not find a connection between 'odom' and 'base_link' because they are not part of the same tree.Tf has two or more unconnected trees.; retrying!...[0m
[33m[ WARN] [1509817983.350171823]: Could not find a connection between 'odom' and 'base_link' because they are not part of the same tree.Tf has two or more unconnected trees.; retrying!...[0m
[33m[ WARN] [1509817983.850683469]: Could not find a connection between 'odom' and 'base_link' because they are not part of the same tree.Tf has two or more unconnected trees.; retrying!...[0m
[33m[ WARN] [1509817984.351109185]: Could not find a connection between 'odom' and 'base_link' because they are not part of the same tree.Tf has two or more unconnected trees.; retrying!...[0m
[33m[ WARN] [1509817984.851721027]: Could not find a connection between 'odom' and 'base_link' because they are not part of the same tree.Tf has two or more unconnected trees.; retrying!...[0m
[33m[ WARN] [1509817985.352224873]: Could not find a connection between 'odom' and 'base_link' because they are not part of the same tree.Tf has two or more unconnected trees.; retrying!...[0m
[33m[ WARN] [1509817985.852806465]: Could not find a connection between 'odom' and 'base_link' because they are not part of the same tree.Tf has two or more unconnected trees.; retrying!...[0m
[33m[ WARN] [1509817986.353327868]: Could not find a connection between 'odom' and 'base_link' because they are not part of the same tree.Tf has two or more unconnected trees.; retrying!...[0m
[33m[ WARN] [1509817986.853735060]: Could not find a connection between 'odom' and 'base_link' because they are not part of the same tree.Tf has two or more unconnected trees.; retrying!...[0m
[33m[ WARN] [1509817987.354094692]: Could not find a connection between 'odom' and 'base_link' because they are not part of the same tree.Tf has two or more unconnected trees.; retrying!...[0m
[33m[ WARN] [1509817987.854471406]: Could not find a connection between 'odom' and 'base_link' because they are not part of the same tree.Tf has two or more unconnected trees.; retrying!...[0m
[33m[ WARN] [1509817988.354863911]: Could not find a connection between 'odom' and 'base_link' because they are not part of the same tree.Tf has two or more unconnected trees.; retrying!...[0m
[33m[ WARN] [1509817988.855306757]: Could not find a connection between 'odom' and 'base_link' because they are not part of the same tree.Tf has two or more unconnected trees.; retrying!...[0m
[33m[ WARN] [1509817989.355833370]: Could not find a connection between 'odom' and 'base_link' because they are not part of the same tree.Tf has two or more unconnected trees.; retrying!...[0m
[33m[ WARN] [1509817989.856224321]: Could not find a connection between 'odom' and 'base_link' because they are not part of the same tree.Tf has two or more unconnected trees.; retrying!...[0m
[33m[ WARN] [1509817990.356526295]: Could not find a connection between 'odom' and 'base_link' because they are not part of the same tree.Tf has two or more unconnected trees.; retrying!...[0m
[33m[ WARN] [1509817990.856942547]: Could not find a connection between 'odom' and 'base_link' because they are not part of the same tree.Tf has two or more unconnected trees.; retrying!...[0m
[33m[ WARN] [1509817991.357319420]: Could not find a connection between 'odom' and 'base_link' because they are not part of the same tree.Tf has two or more unconnected trees.; retrying!...[0m
[33m[ WARN] [1509817991.857872880]: Could not find a connection between 'odom' and 'base_link' because they are not part of the same tree.Tf has two or more unconnected trees.; retrying!...[0m
[33m[ WARN] [1509817992.358289197]: Could not find a connection between 'odom' and 'base_link' because they are not part of the same tree.Tf has two or more unconnected trees.; retrying!...[0m
[33m[ WARN] [1509817992.858741870]: Could not find a connection between 'odom' and 'base_link' because they are not part of the same tree.Tf has two or more unconnected trees.; retrying!...[0m
[33m[ WARN] [1509817993.359258549]: Could not find a connection between 'odom' and 'base_link' because they are not part of the same tree.Tf has two or more unconnected trees.; retrying!...[0m
[33m[ WARN] [1509817993.859822042]: Could not find a connection between 'odom' and 'base_link' because they are not part of the same tree.Tf has two or more unconnected trees.; retrying!...[0m
[33m[ WARN] [1509817994.360393734]: Could not find a connection between 'odom' and 'base_link' because they are not part of the same tree.Tf has two or more unconnected trees.; retrying!...[0m
[33m[ WARN] [1509817994.860937554]: Could not find a connection between 'odom' and 'base_link' because they are not part of the same tree.Tf has two or more unconnected trees.; retrying!...[0m
[33m[ WARN] [1509817995.361458561]: Could not find a connection between 'odom' and 'base_link' because they are not part of the same tree.Tf has two or more unconnected trees.; retrying!...[0m
[33m[ WARN] [1509817995.862082479]: Could not find a connection between 'odom' and 'base_link' because they are not part of the same tree.Tf has two or more unconnected trees.; retrying!...[0m
[33m[ WARN] [1509817996.362610408]: Could not find a connection between 'odom' and 'base_link' because they are not part of the same tree.Tf has two or more unconnected trees.; retrying!...[0m
[33m[ WARN] [1509817996.863195970]: Could not find a connection between 'odom' and 'base_link' because they are not part of the same tree.Tf has two or more unconnected trees.; retrying!...[0m
[33m[ WARN] [1509817997.363699536]: Could not find a connection between 'odom' and 'base_link' because they are not part of the same tree.Tf has two or more unconnected trees.; retrying!...[0m
[33m[ WARN] [1509817997.864178395]: Could not find a connection between 'odom' and 'base_link' because they are not part of the same tree.Tf has two or more unconnected trees.; retrying!...[0m
[33m[ WARN] [1509817998.364768166]: Could not find a connection between 'odom' and 'base_link' because they are not part of the same tree.Tf has two or more unconnected trees.; retrying!...[0m
[33m[ WARN] [1509817998.865241670]: Could not find a connection between 'odom' and 'base_link' because they are not part of the same tree.Tf has two or more unconnected trees.; retrying!...[0m
[33m[ WARN] [1509817999.365595120]: Could not find a connection between 'odom' and 'base_link' because they are not part of the same tree.Tf has two or more unconnected trees.; retrying!...[0m
[33m[ WARN] [1509817999.866066120]: Could not find a connection between 'odom' and 'base_link' because they are not part of the same tree.Tf has two or more unconnected trees.; retrying!...[0m
[33m[ WARN] [1509818000.366423310]: Could not find a connection between 'odom' and 'base_link' because they are not part of the same tree.Tf has two or more unconnected trees.; retrying!...[0m
[33m[ WARN] [1509818000.866772207]: Could not find a connection between 'odom' and 'base_link' because they are not part of the same tree.Tf has two or more unconnected trees.; retrying!...[0m
[33m[ WARN] [1509818001.367171824]: Could not find a connection between 'odom' and 'base_link' because they are not part of the same tree.Tf has two or more unconnected trees.; retrying!...[0m
[33m[ WARN] [1509818001.867566139]: Could not find a connection between 'odom' and 'base_link' because they are not part of the same tree.Tf has two or more unconnected trees.; retrying!...[0m
[33m[ WARN] [1509818002.367904240]: Could not find a connection between 'odom' and 'base_link' because they are not part of the same tree.Tf has two or more unconnected trees.; retrying!...[0m
[33m[ WARN] [1509818002.868300341]: Could not find a connection between 'odom' and 'base_link' because they are not part of the same tree.Tf has two or more unconnected trees.; retrying!...[0m
[33m[ WARN] [1509818003.368846345]: Could not find a connection between 'odom' and 'base_link' because they are not part of the same tree.Tf has two or more unconnected trees.; retrying!...[0m
[33m[ WARN] [1509818003.869226390]: Could not find a connection between 'odom' and 'base_link' because they are not part of the same tree.Tf has two or more unconnected trees.; retrying!...[0m
[33m[ WARN] [1509818004.369752656]: Could not find a connection between 'odom' and 'base_link' because they are not part of the same tree.Tf has two or more unconnected trees.; retrying!...[0m
[33m[ WARN] [1509818004.870268918]: Could not find a connection between 'odom' and 'base_link' because they are not part of the same tree.Tf has two or more unconnected trees.; retrying!...[0m
[33m[ WARN] [1509818005.370675802]: Could not find a connection between 'odom' and 'base_link' because they are not part of the same tree.Tf has two or more unconnected trees.; retrying!...[0m
[33m[ WARN] [1509818005.871166037]: Could not find a connection between 'odom' and 'base_link' because they are not part of the same tree.Tf has two or more unconnected trees.; retrying!...[0m
[33m[ WARN] [1509818006.371717256]: Could not find a connection between 'odom' and 'base_link' because they are not part of the same tree.Tf has two or more unconnected trees.; retrying!...[0m
[33m[ WARN] [1509818006.872184085]: Could not find a connection between 'odom' and 'base_link' because they are not part of the same tree.Tf has two or more unconnected trees.; retrying!...[0m
[33m[ WARN] [1509818007.372610297]: Could not find a connection between 'odom' and 'base_link' because they are not part of the same tree.Tf has two or more unconnected trees.; retrying!...[0m
[33m[ WARN] [1509818007.873189851]: Could not find a connection between 'odom' and 'base_link' because they are not part of the same tree.Tf has two or more unconnected trees.; retrying!...[0m
[33m[ WARN] [1509818008.373780914]: Could not find a connection between 'odom' and 'base_link' because they are not part of the same tree.Tf has two or more unconnected trees.; retrying!...[0m
[33m[ WARN] [1509818008.874200347]: Could not find a connection between 'odom' and 'base_link' because they are not part of the same tree.Tf has two or more unconnected trees.; retrying!...[0m
[33m[ WARN] [1509818009.374876452]: Could not find a connection between 'odom' and 'base_link' because they are not part of the same tree.Tf has two or more unconnected trees.; retrying!...[0m
[33m[ WARN] [1509818009.875341361]: Could not find a connection between 'odom' and 'base_link' because they are not part of the same tree.Tf has two or more unconnected trees.; retrying!...[0m
[33m[ WARN] [1509818010.375749143]: Could not find a connection between 'odom' and 'base_link' because they are not part of the same tree.Tf has two or more unconnected trees.; retrying!...[0m
[33m[ WARN] [1509818010.876127467]: Could not find a connection between 'odom' and 'base_link' because they are not part of the same tree.Tf has two or more unconnected trees.; retrying!...[0m
[33m[ WARN] [1509818011.376523708]: Could not find a connection between 'odom' and 'base_link' because they are not part of the same tree.Tf has two or more unconnected trees.; retrying!...[0m
[33m[ WARN] [1509818011.876946005]: Could not find a connection between 'odom' and 'base_link' because they are not part of the same tree.Tf has two or more unconnected trees.; retrying!...[0m
[33m[ WARN] [1509818012.377370400]: Could not find a connection between 'odom' and 'base_link' because they are not part of the same tree.Tf has two or more unconnected trees.; retrying!...[0m
[33m[ WARN] [1509818012.877735097]: Could not find a connection between 'odom' and 'base_link' because they are not part of the same tree.Tf has two or more unconnected trees.; retrying!...[0m
[33m[ WARN] [1509818013.378120913]: Could not find a connection between 'odom' and 'base_link' because they are not part of the same tree.Tf has two or more unconnected trees.; retrying!...[0m
[33m[ WARN] [1509818013.878757464]: Could not find a connection between 'odom' and 'base_link' because they are not part of the same tree.Tf has two or more unconnected trees.; retrying!...[0m
[33m[ WARN] [1509818014.379302658]: Could not find a connection between 'odom' and 'base_link' because they are not part of the same tree.Tf has two or more unconnected trees.; retrying!...[0m
[33m[ WARN] [1509818014.879887920]: Could not find a connection between 'odom' and 'base_link' because they are not part of the same tree.Tf has two or more unconnected trees.; retrying!...[0m
[33m[ WARN] [1509818015.380440487]: Could not find a connection between 'odom' and 'base_link' because they are not part of the same tree.Tf has two or more unconnected trees.; retrying!...[0m
[33m[ WARN] [1509818015.880882418]: Could not find a connection between 'odom' and 'base_link' because they are not part of the same tree.Tf has two or more unconnected trees.; retrying!...[0m
[33m[ WARN] [1509818016.381478981]: Could not find a connection between 'odom' and 'base_link' because they are not part of the same tree.Tf has two or more unconnected trees.; retrying!...[0m
[33m[ WARN] [1509818016.882051845]: Could not find a connection between 'odom' and 'base_link' because they are not part of the same tree.Tf has two or more unconnected trees.; retrying!...[0m
[33m[ WARN] [1509818017.382631121]: Could not find a connection between 'odom' and 'base_link' because they are not part of the same tree.Tf has two or more unconnected trees.; retrying!...[0m
[33m[ WARN] [1509818017.883045453]: Could not find a connection between 'odom' and 'base_link' because they are not part of the same tree.Tf has two or more unconnected trees.; retrying!...[0m
[33m[ WARN] [1509818018.383474766]: Could not find a connection between 'odom' and 'base_link' because they are not part of the same tree.Tf has two or more unconnected trees.; retrying!...[0m
[33m[ WARN] [1509818018.883935546]: Could not find a connection between 'odom' and 'base_link' because they are not part of the same tree.Tf has two or more unconnected trees.; retrying!...[0m
[33m[ WARN] [1509818019.384398945]: Could not find a connection between 'odom' and 'base_link' because they are not part of the same tree.Tf has two or more unconnected trees.; retrying!...[0m
[33m[ WARN] [1509818019.884996495]: Could not find a connection between 'odom' and 'base_link' because they are not part of the same tree.Tf has two or more unconnected trees.; retrying!...[0m
[33m[ WARN] [1509818020.385502200]: Could not find a connection between 'odom' and 'base_link' because they are not part of the same tree.Tf has two or more unconnected trees.; retrying!...[0m
[33m[ WARN] [1509818020.885863879]: Could not find a connection between 'odom' and 'base_link' because they are not part of the same tree.Tf has two or more unconnected trees.; retrying!...[0m
[33m[ WARN] [1509818021.386307752]: Could not find a connection between 'odom' and 'base_link' because they are not part of the same tree.Tf has two or more unconnected trees.; retrying!...[0m
[33m[ WARN] [1509818021.886719695]: Could not find a connection between 'odom' and 'base_link' because they are not part of the same tree.Tf has two or more unconnected trees.; retrying!...[0m
[33m[ WARN] [1509818022.387201572]: Could not find a connection between 'odom' and 'base_link' because they are not part of the same tree.Tf has two or more unconnected trees.; retrying!...[0m
[33m[ WARN] [1509818022.887649120]: Could not find a connection between 'odom' and 'base_link' because they are not part of the same tree.Tf has two or more unconnected trees.; retrying!...[0m
[33m[ WARN] [1509818023.388103111]: Could not find a connection between 'odom' and 'base_link' because they are not part of the same tree.Tf has two or more unconnected trees.; retrying!...[0m
[33m[ WARN] [1509818023.888772966]: Could not find a connection between 'odom' and 'base_link' because they are not part of the same tree.Tf has two or more unconnected trees.; retrying!...[0m
[33m[ WARN] [1509818024.389528659]: Could not find a connection between 'odom' and 'base_link' because they are not part of the same tree.Tf has two or more unconnected trees.; retrying!...[0m
[33m[ WARN] [1509818024.890060449]: Could not find a connection between 'odom' and 'base_link' because they are not part of the same tree.Tf has two or more unconnected trees.; retrying!...[0m
[33m[ WARN] [1509818025.390614354]: Could not find a connection between 'odom' and 'base_link' because they are not part of the same tree.Tf has two or more unconnected trees.; retrying!...[0m
[33m[ WARN] [1509818025.891155349]: Could not find a connection between 'odom' and 'base_link' because they are not part of the same tree.Tf has two or more unconnected trees.; retrying!...[0m
[33m[ WARN] [1509818026.391688269]: Could not find a connection between 'odom' and 'base_link' because they are not part of the same tree.Tf has two or more unconnected trees.; retrying!...[0m
[33m[ WARN] [1509818026.892238942]: Could not find a connection between 'odom' and 'base_link' because they are not part of the same tree.Tf has two or more unconnected trees.; retrying!...[0m
[33m[ WARN] [1509818027.392728361]: Could not find a connection between 'odom' and 'base_link' because they are not part of the same tree.Tf has two or more unconnected trees.; retrying!...[0m
[33m[ WARN] [1509818027.893198523]: Could not find a connection between 'odom' and 'base_link' because they are not part of the same tree.Tf has two or more unconnected trees.; retrying!...[0m
[33m[ WARN] [1509818028.393760519]: Could not find a connection between 'odom' and 'base_link' because they are not part of the same tree.Tf has two or more unconnected trees.; retrying!...[0m
[33m[ WARN] [1509818028.894337374]: Could not find a connection between 'odom' and 'base_link' because they are not part of the same tree.Tf has two or more unconnected trees.; retrying!...[0m
[33m[ WARN] [1509818029.394982032]: Could not find a connection between 'odom' and 'base_link' because they are not part of the same tree.Tf has two or more unconnected trees.; retrying!...[0m
[33m[ WARN] [1509818029.895341763]: Could not find a connection between 'odom' and 'base_link' because they are not part of the same tree.Tf has two or more unconnected trees.; retrying!...[0m
[33m[ WARN] [1509818030.395823210]: Could not find a connection between 'odom' and 'base_link' because they are not part of the same tree.Tf has two or more unconnected trees.; retrying!...[0m
[33m[ WARN] [1509818030.896204797]: Could not find a connection between 'odom' and 'base_link' because they are not part of the same tree.Tf has two or more unconnected trees.; retrying!...[0m
[33m[ WARN] [1509818031.396582360]: Could not find a connection between 'odom' and 'base_link' because they are not part of the same tree.Tf has two or more unconnected trees.; retrying!...[0m
[33m[ WARN] [1509818031.896997789]: Could not find a connection between 'odom' and 'base_link' because they are not part of the same tree.Tf has two or more unconnected trees.; retrying!...[0m
[33m[ WARN] [1509818032.397423048]: Could not find a connection between 'odom' and 'base_link' because they are not part of the same tree.Tf has two or more unconnected trees.; retrying!...[0m
[33m[ WARN] [1509818032.897964785]: Could not find a connection between 'odom' and 'base_link' because they are not part of the same tree.Tf has two or more unconnected trees.; retrying!...[0m
[33m[ WARN] [1509818033.398502176]: Could not find a connection between 'odom' and 'base_link' because they are not part of the same tree.Tf has two or more unconnected trees.; retrying!...[0m
[33m[ WARN] [1509818033.899052683]: Could not find a connection between 'odom' and 'base_link' because they are not part of the same tree.Tf has two or more unconnected trees.; retrying!...[0m
[33m[ WARN] [1509818034.399602813]: Could not find a connection between 'odom' and 'base_link' because they are not part of the same tree.Tf has two or more unconnected trees.; retrying!...[0m
[33m[ WARN] [1509818034.900246552]: Could not find a connection between 'odom' and 'base_link' because they are not part of the same tree.Tf has two or more unconnected trees.; retrying!...[0m
[33m[ WARN] [1509818035.400612248]: Could not find a connection between 'odom' and 'base_link' because they are not part of the same tree.Tf has two or more unconnected trees.; retrying!...[0m
[33m[ WARN] [1509818035.901260030]: Could not find a connection between 'odom' and 'base_link' because they are not part of the same tree.Tf has two or more unconnected trees.; retrying!...[0m
[33m[ WARN] [1509818036.401832120]: Could not find a connection between 'odom' and 'base_link' because they are not part of the same tree.Tf has two or more unconnected trees.; retrying!...[0m
[33m[ WARN] [1509818036.902409997]: Could not find a connection between 'odom' and 'base_link' because they are not part of the same tree.Tf has two or more unconnected trees.; retrying!...[0m
[33m[ WARN] [1509818037.402969804]: Could not find a connection between 'odom' and 'base_link' because they are not part of the same tree.Tf has two or more unconnected trees.; retrying!...[0m
[33m[ WARN] [1509818037.903405167]: Could not find a connection between 'odom' and 'base_link' because they are not part of the same tree.Tf has two or more unconnected trees.; retrying!...[0m
[33m[ WARN] [1509818038.403809860]: Could not find a connection between 'odom' and 'base_link' because they are not part of the same tree.Tf has two or more unconnected trees.; retrying!...[0m
[33m[ WARN] [1509818038.904343633]: Could not find a connection between 'odom' and 'base_link' because they are not part of the same tree.Tf has two or more unconnected trees.; retrying!...[0m
[33m[ WARN] [1509818039.404885754]: Could not find a connection between 'odom' and 'base_link' because they are not part of the same tree.Tf has two or more unconnected trees.; retrying!...[0m
[33m[ WARN] [1509818039.905371613]: Could not find a connection between 'odom' and 'base_link' because they are not part of the same tree.Tf has two or more unconnected trees.; retrying!...[0m
[33m[ WARN] [1509818040.405813674]: Could not find a connection between 'odom' and 'base_link' because they are not part of the same tree.Tf has two or more unconnected trees.; retrying!...[0m
[33m[ WARN] [1509818040.906201246]: Could not find a connection between 'odom' and 'base_link' because they are not part of the same tree.Tf has two or more unconnected trees.; retrying!...[0m
[33m[ WARN] [1509818041.406638275]: Could not find a connection between 'odom' and 'base_link' because they are not part of the same tree.Tf has two or more unconnected trees.; retrying!...[0m
[33m[ WARN] [1509818041.907094938]: Could not find a connection between 'odom' and 'base_link' because they are not part of the same tree.Tf has two or more unconnected trees.; retrying!...[0m
[33m[ WARN] [1509818042.407656175]: Could not find a connection between 'odom' and 'base_link' because they are not part of the same tree.Tf has two or more unconnected trees.; retrying!...[0m
[33m[ WARN] [1509818042.908051472]: Could not find a connection between 'odom' and 'base_link' because they are not part of the same tree.Tf has two or more unconnected trees.; retrying!...[0m
[33m[ WARN] [1509818043.408440624]: Could not find a connection between 'odom' and 'base_link' because they are not part of the same tree.Tf has two or more unconnected trees.; retrying!...[0m
[33m[ WARN] [1509818043.908890171]: Could not find a connection between 'odom' and 'base_link' because they are not part of the same tree.Tf has two or more unconnected trees.; retrying!...[0m
[33m[ WARN] [1509818044.409427129]: Could not find a connection between 'odom' and 'base_link' because they are not part of the same tree.Tf has two or more unconnected trees.; retrying!...[0m
[33m[ WARN] [15098180