[roslaunch][INFO] 2017-11-04 10:32:15,923: Checking log directory for disk usage. This may take awhile.
Press Ctrl-C to interrupt
[roslaunch][INFO] 2017-11-04 10:32:15,925: Done checking log file disk usage. Usage is <1GB.
[roslaunch][INFO] 2017-11-04 10:32:15,926: roslaunch starting with args ['/opt/ros/indigo/bin/roslaunch', 'gazebo_ros', 'empty_world.launch']
[roslaunch][INFO] 2017-11-04 10:32:15,926: roslaunch env is {'ROS_DISTRO': 'indigo', 'LESSOPEN': '| /usr/bin/lesspipe %s', 'SSH_CLIENT': '192.168.1.110 49162 22', 'CPATH': '/home/mdas/ros_ws/devel/include:/opt/ros/indigo/include', 'LOGNAME': 'mdas', 'USER': 'mdas', 'PATH': '/opt/ros/indigo/bin:/usr/local/sbin:/usr/local/bin:/usr/sbin:/usr/bin:/sbin:/bin:/usr/games:/usr/local/games', 'HOME': '/home/mdas', 'CMAKE_PREFIX_PATH': '/home/mdas/ros_ws/devel:/opt/ros/indigo', 'LD_LIBRARY_PATH': '/home/mdas/ros_ws/devel/lib:/opt/ros/indigo/lib', 'LANG': 'en_US.UTF-8', 'TERM': 'xterm-256color', 'SHELL': '/bin/bash', 'SHLVL': '1', 'QT_QPA_PLATFORMTHEME': 'appmenu-qt5', 'ROS_LOG_FILENAME': '/home/mdas/.ros/log/f4653a18-c16c-11e7-b4d0-f44d306c96a4/roslaunch-mdas-Meerkat-2959.log', 'ROS_ETC_DIR': '/opt/ros/indigo/etc/ros', 'XDG_RUNTIME_DIR': '/run/user/1000', 'PYTHONPATH': '/home/mdas/ros_ws/devel/lib/python2.7/dist-packages:/opt/ros/indigo/lib/python2.7/dist-packages', 'ROS_ROOT': '/opt/ros/indigo/share/ros', 'PKG_CONFIG_PATH': '/home/mdas/ros_ws/devel/lib/pkgconfig:/opt/ros/indigo/lib/pkgconfig', 'ROS_PACKAGE_PATH': '/home/mdas/ros_ws/src:/opt/ros/indigo/share:/opt/ros/indigo/stacks', 'ROS_WORKSPACE': '/home/mdas/ros_ws', 'XDG_SESSION_ID': '1', '_': '/opt/ros/indigo/bin/roslaunch', 'SSH_CONNECTION': '192.168.1.110 49162 192.168.1.113 22', 'LESSCLOSE': '/usr/bin/lesspipe %s %s', 'SSH_TTY': '/dev/pts/9', 'PWD': '/home/mdas', 'ROS_MASTER_URI': 'http://localhost:11311', 'MAIL': '/var/mail/mdas', 'LS_COLORS': 'rs=0:di=01;34:ln=01;36:mh=00:pi=40;33:so=01;35:do=01;35:bd=40;33;01:cd=40;33;01:or=40;31;01:su=37;41:sg=30;43:ca=30;41:tw=30;42:ow=34;42:st=37;44:ex=01;32:*.tar=01;31:*.tgz=01;31:*.arj=01;31:*.taz=01;31:*.lzh=01;31:*.lzma=01;31:*.tlz=01;31:*.txz=01;31:*.zip=01;31:*.z=01;31:*.Z=01;31:*.dz=01;31:*.gz=01;31:*.lz=01;31:*.xz=01;31:*.bz2=01;31:*.bz=01;31:*.tbz=01;31:*.tbz2=01;31:*.tz=01;31:*.deb=01;31:*.rpm=01;31:*.jar=01;31:*.war=01;31:*.ear=01;31:*.sar=01;31:*.rar=01;31:*.ace=01;31:*.zoo=01;31:*.cpio=01;31:*.7z=01;31:*.rz=01;31:*.jpg=01;35:*.jpeg=01;35:*.gif=01;35:*.bmp=01;35:*.pbm=01;35:*.pgm=01;35:*.ppm=01;35:*.tga=01;35:*.xbm=01;35:*.xpm=01;35:*.tif=01;35:*.tiff=01;35:*.png=01;35:*.svg=01;35:*.svgz=01;35:*.mng=01;35:*.pcx=01;35:*.mov=01;35:*.mpg=01;35:*.mpeg=01;35:*.m2v=01;35:*.mkv=01;35:*.webm=01;35:*.ogm=01;35:*.mp4=01;35:*.m4v=01;35:*.mp4v=01;35:*.vob=01;35:*.qt=01;35:*.nuv=01;35:*.wmv=01;35:*.asf=01;35:*.rm=01;35:*.rmvb=01;35:*.flc=01;35:*.avi=01;35:*.fli=01;35:*.flv=01;35:*.gl=01;35:*.dl=01;35:*.xcf=01;35:*.xwd=01;35:*.yuv=01;35:*.cgm=01;35:*.emf=01;35:*.axv=01;35:*.anx=01;35:*.ogv=01;35:*.ogx=01;35:*.aac=00;36:*.au=00;36:*.flac=00;36:*.mid=00;36:*.midi=00;36:*.mka=00;36:*.mp3=00;36:*.mpc=00;36:*.ogg=00;36:*.ra=00;36:*.wav=00;36:*.axa=00;36:*.oga=00;36:*.spx=00;36:*.xspf=00;36:'}
[roslaunch][INFO] 2017-11-04 10:32:15,926: starting in server mode
[roslaunch.parent][INFO] 2017-11-04 10:32:15,926: starting roslaunch parent run
[roslaunch][INFO] 2017-11-04 10:32:15,926: loading roscore config file /opt/ros/indigo/etc/ros/roscore.xml
[roslaunch][INFO] 2017-11-04 10:32:15,987: Added core node of type [rosout/rosout] in namespace [/]
[roslaunch.config][INFO] 2017-11-04 10:32:15,987: loading config file /opt/ros/indigo/share/gazebo_ros/launch/empty_world.launch
[roslaunch][INFO] 2017-11-04 10:32:15,991: Added node of type [gazebo_ros/gzserver] in namespace [/]
[roslaunch][INFO] 2017-11-04 10:32:15,991: Added node of type [gazebo_ros/gzclient] in namespace [/]
[roslaunch][INFO] 2017-11-04 10:32:15,991: ... selected machine [] for node of type [gazebo_ros/gzserver]
[roslaunch][INFO] 2017-11-04 10:32:15,991: ... selected machine [] for node of type [gazebo_ros/gzclient]
[roslaunch.pmon][INFO] 2017-11-04 10:32:15,992: start_process_monitor: creating ProcessMonitor
[roslaunch.pmon][INFO] 2017-11-04 10:32:15,992: created process monitor <ProcessMonitor(ProcessMonitor-1, initial daemon)>
[roslaunch.pmon][INFO] 2017-11-04 10:32:15,992: start_process_monitor: ProcessMonitor started
[roslaunch.parent][INFO] 2017-11-04 10:32:15,992: starting parent XML-RPC server
[roslaunch.server][INFO] 2017-11-04 10:32:15,992: starting roslaunch XML-RPC server
[roslaunch.server][INFO] 2017-11-04 10:32:15,992: waiting for roslaunch XML-RPC server to initialize
[xmlrpc][INFO] 2017-11-04 10:32:15,992: XML-RPC server binding to 0.0.0.0:0
[xmlrpc][INFO] 2017-11-04 10:32:15,992: Started XML-RPC server [http://mdas-Meerkat:43495/]
[xmlrpc][INFO] 2017-11-04 10:32:15,992: xml rpc node: starting XML-RPC server
[roslaunch][INFO] 2017-11-04 10:32:16,004: started roslaunch server http://mdas-Meerkat:43495/
[roslaunch.parent][INFO] 2017-11-04 10:32:16,004: ... parent XML-RPC server started
[roslaunch][INFO] 2017-11-04 10:32:16,004: master.is_running[http://localhost:11311]
[roslaunch][INFO] 2017-11-04 10:32:16,004: auto-starting new master
[roslaunch][INFO] 2017-11-04 10:32:16,004: create_master_process: rosmaster, /opt/ros/indigo/share/ros, 11311, 3, None
[roslaunch][INFO] 2017-11-04 10:32:16,004: process[master]: launching with args [['rosmaster', '--core', '-p', '11311', '-w', '3']]
[roslaunch.pmon][INFO] 2017-11-04 10:32:16,005: ProcessMonitor.register[master]
[roslaunch.pmon][INFO] 2017-11-04 10:32:16,005: ProcessMonitor.register[master] complete
[roslaunch][INFO] 2017-11-04 10:32:16,005: process[master]: starting os process
[roslaunch][INFO] 2017-11-04 10:32:16,005: process[master]: start w/ args [['rosmaster', '--core', '-p', '11311', '-w', '3', '__log:=/home/mdas/.ros/log/f4653a18-c16c-11e7-b4d0-f44d306c96a4/master.log']]
[roslaunch][INFO] 2017-11-04 10:32:16,005: process[master]: cwd will be [/home/mdas/.ros]
[roslaunch][INFO] 2017-11-04 10:32:16,006: process[master]: started with pid [2971]
[roslaunch][INFO] 2017-11-04 10:32:16,006: master.is_running[http://localhost:11311]
[roslaunch][INFO] 2017-11-04 10:32:16,107: master.is_running[http://localhost:11311]
[roslaunch][INFO] 2017-11-04 10:32:16,108: master.is_running[http://localhost:11311]
[roslaunch][INFO] 2017-11-04 10:32:16,109: ROS_MASTER_URI=http://localhost:11311
[roslaunch][INFO] 2017-11-04 10:32:16,110: setting /run_id to f4653a18-c16c-11e7-b4d0-f44d306c96a4
[roslaunch][INFO] 2017-11-04 10:32:16,111: setting /roslaunch/uris/host_mdas_meerkat__43495' to http://mdas-Meerkat:43495/
[roslaunch][INFO] 2017-11-04 10:32:16,112: ... preparing to launch node of type [rosout/rosout]
[roslaunch][INFO] 2017-11-04 10:32:16,112: create_node_process: package[rosout] type[rosout] machine[Machine(name[] env_loader[None] address[localhost] ssh_port[22] user[None] assignable[True] timeout[10.0])] master_uri[http://localhost:11311]
[roslaunch][INFO] 2017-11-04 10:32:16,112: process[rosout-1]: env[{'ROS_DISTRO': 'indigo', 'LESSOPEN': '| /usr/bin/lesspipe %s', 'SSH_CLIENT': '192.168.1.110 49162 22', 'CPATH': '/home/mdas/ros_ws/devel/include:/opt/ros/indigo/include', 'LOGNAME': 'mdas', 'USER': 'mdas', 'PATH': '/opt/ros/indigo/bin:/usr/local/sbin:/usr/local/bin:/usr/sbin:/usr/bin:/sbin:/bin:/usr/games:/usr/local/games', 'HOME': '/home/mdas', 'CMAKE_PREFIX_PATH': '/home/mdas/ros_ws/devel:/opt/ros/indigo', 'ROS_LOG_FILENAME': '/home/mdas/.ros/log/f4653a18-c16c-11e7-b4d0-f44d306c96a4/roslaunch-mdas-Meerkat-2959.log', 'LANG': 'en_US.UTF-8', 'TERM': 'xterm-256color', 'SHELL': '/bin/bash', 'SHLVL': '1', 'QT_QPA_PLATFORMTHEME': 'appmenu-qt5', 'LD_LIBRARY_PATH': '/home/mdas/ros_ws/devel/lib:/opt/ros/indigo/lib', 'ROS_MASTER_URI': 'http://localhost:11311', 'XDG_RUNTIME_DIR': '/run/user/1000', 'PYTHONPATH': '/home/mdas/ros_ws/devel/lib/python2.7/dist-packages:/opt/ros/indigo/lib/python2.7/dist-packages', 'ROS_ROOT': '/opt/ros/indigo/share/ros', 'PKG_CONFIG_PATH': '/home/mdas/ros_ws/devel/lib/pkgconfig:/opt/ros/indigo/lib/pkgconfig', 'ROS_PACKAGE_PATH': '/home/mdas/ros_ws/src:/opt/ros/indigo/share:/opt/ros/indigo/stacks', 'ROS_WORKSPACE': '/home/mdas/ros_ws', 'XDG_SESSION_ID': '1', '_': '/opt/ros/indigo/bin/roslaunch', 'LS_COLORS': 'rs=0:di=01;34:ln=01;36:mh=00:pi=40;33:so=01;35:do=01;35:bd=40;33;01:cd=40;33;01:or=40;31;01:su=37;41:sg=30;43:ca=30;41:tw=30;42:ow=34;42:st=37;44:ex=01;32:*.tar=01;31:*.tgz=01;31:*.arj=01;31:*.taz=01;31:*.lzh=01;31:*.lzma=01;31:*.tlz=01;31:*.txz=01;31:*.zip=01;31:*.z=01;31:*.Z=01;31:*.dz=01;31:*.gz=01;31:*.lz=01;31:*.xz=01;31:*.bz2=01;31:*.bz=01;31:*.tbz=01;31:*.tbz2=01;31:*.tz=01;31:*.deb=01;31:*.rpm=01;31:*.jar=01;31:*.war=01;31:*.ear=01;31:*.sar=01;31:*.rar=01;31:*.ace=01;31:*.zoo=01;31:*.cpio=01;31:*.7z=01;31:*.rz=01;31:*.jpg=01;35:*.jpeg=01;35:*.gif=01;35:*.bmp=01;35:*.pbm=01;35:*.pgm=01;35:*.ppm=01;35:*.tga=01;35:*.xbm=01;35:*.xpm=01;35:*.tif=01;35:*.tiff=01;35:*.png=01;35:*.svg=01;35:*.svgz=01;35:*.mng=01;35:*.pcx=01;35:*.mov=01;35:*.mpg=01;35:*.mpeg=01;35:*.m2v=01;35:*.mkv=01;35:*.webm=01;35:*.ogm=01;35:*.mp4=01;35:*.m4v=01;35:*.mp4v=01;35:*.vob=01;35:*.qt=01;35:*.nuv=01;35:*.wmv=01;35:*.asf=01;35:*.rm=01;35:*.rmvb=01;35:*.flc=01;35:*.avi=01;35:*.fli=01;35:*.flv=01;35:*.gl=01;35:*.dl=01;35:*.xcf=01;35:*.xwd=01;35:*.yuv=01;35:*.cgm=01;35:*.emf=01;35:*.axv=01;35:*.anx=01;35:*.ogv=01;35:*.ogx=01;35:*.aac=00;36:*.au=00;36:*.flac=00;36:*.mid=00;36:*.midi=00;36:*.mka=00;36:*.mp3=00;36:*.mpc=00;36:*.ogg=00;36:*.ra=00;36:*.wav=00;36:*.axa=00;36:*.oga=00;36:*.spx=00;36:*.xspf=00;36:', 'LESSCLOSE': '/usr/bin/lesspipe %s %s', 'SSH_TTY': '/dev/pts/9', 'PWD': '/home/mdas', 'ROS_ETC_DIR': '/opt/ros/indigo/etc/ros', 'MAIL': '/var/mail/mdas', 'SSH_CONNECTION': '192.168.1.110 49162 192.168.1.113 22'}]
[roslaunch][INFO] 2017-11-04 10:32:16,161: process[rosout-1]: args[[u'/opt/ros/indigo/lib/rosout/rosout', u'__name:=rosout']]
[roslaunch][INFO] 2017-11-04 10:32:16,161: ... created process [rosout-1]
[roslaunch.pmon][INFO] 2017-11-04 10:32:16,162: ProcessMonitor.register[rosout-1]
[roslaunch.pmon][INFO] 2017-11-04 10:32:16,162: ProcessMonitor.register[rosout-1] complete
[roslaunch][INFO] 2017-11-04 10:32:16,162: ... registered process [rosout-1]
[roslaunch][INFO] 2017-11-04 10:32:16,162: process[rosout-1]: starting os process
[roslaunch][INFO] 2017-11-04 10:32:16,162: process[rosout-1]: start w/ args [[u'/opt/ros/indigo/lib/rosout/rosout', u'__name:=rosout', u'__log:=/home/mdas/.ros/log/f4653a18-c16c-11e7-b4d0-f44d306c96a4/rosout-1.log']]
[roslaunch][INFO] 2017-11-04 10:32:16,162: process[rosout-1]: cwd will be [/home/mdas/.ros]
[roslaunch][INFO] 2017-11-04 10:32:16,163: process[rosout-1]: started with pid [2984]
[roslaunch][INFO] 2017-11-04 10:32:16,164: ... successfully launched [rosout-1]
[roslaunch][INFO] 2017-11-04 10:32:16,164: load_parameters starting ...
[roslaunch][INFO] 2017-11-04 10:32:16,166: ... load_parameters complete
[roslaunch][INFO] 2017-11-04 10:32:16,166: launch_nodes: launching local nodes ...
[roslaunch][INFO] 2017-11-04 10:32:16,166: ... preparing to launch node of type [gazebo_ros/gzserver]
[roslaunch][INFO] 2017-11-04 10:32:16,166: create_node_process: package[gazebo_ros] type[gzserver] machine[Machine(name[] env_loader[None] address[localhost] ssh_port[22] user[None] assignable[True] timeout[10.0])] master_uri[http://localhost:11311]
[roslaunch][INFO] 2017-11-04 10:32:16,167: process[gazebo-2]: env[{'ROS_DISTRO': 'indigo', 'LESSOPEN': '| /usr/bin/lesspipe %s', 'SSH_CLIENT': '192.168.1.110 49162 22', 'CPATH': '/home/mdas/ros_ws/devel/include:/opt/ros/indigo/include', 'LOGNAME': 'mdas', 'USER': 'mdas', 'PATH': '/opt/ros/indigo/bin:/usr/local/sbin:/usr/local/bin:/usr/sbin:/usr/bin:/sbin:/bin:/usr/games:/usr/local/games', 'HOME': '/home/mdas', 'CMAKE_PREFIX_PATH': '/home/mdas/ros_ws/devel:/opt/ros/indigo', 'ROS_LOG_FILENAME': '/home/mdas/.ros/log/f4653a18-c16c-11e7-b4d0-f44d306c96a4/roslaunch-mdas-Meerkat-2959.log', 'LANG': 'en_US.UTF-8', 'TERM': 'xterm-256color', 'SHELL': '/bin/bash', 'SHLVL': '1', 'QT_QPA_PLATFORMTHEME': 'appmenu-qt5', 'LD_LIBRARY_PATH': '/home/mdas/ros_ws/devel/lib:/opt/ros/indigo/lib', 'ROS_MASTER_URI': 'http://localhost:11311', 'XDG_RUNTIME_DIR': '/run/user/1000', 'PYTHONPATH': '/home/mdas/ros_ws/devel/lib/python2.7/dist-packages:/opt/ros/indigo/lib/python2.7/dist-packages', 'ROS_ROOT': '/opt/ros/indigo/share/ros', 'PKG_CONFIG_PATH': '/home/mdas/ros_ws/devel/lib/pkgconfig:/opt/ros/indigo/lib/pkgconfig', 'ROS_PACKAGE_PATH': '/home/mdas/ros_ws/src:/opt/ros/indigo/share:/opt/ros/indigo/stacks', 'ROS_WORKSPACE': '/home/mdas/ros_ws', 'XDG_SESSION_ID': '1', '_': '/opt/ros/indigo/bin/roslaunch', 'LS_COLORS': 'rs=0:di=01;34:ln=01;36:mh=00:pi=40;33:so=01;35:do=01;35:bd=40;33;01:cd=40;33;01:or=40;31;01:su=37;41:sg=30;43:ca=30;41:tw=30;42:ow=34;42:st=37;44:ex=01;32:*.tar=01;31:*.tgz=01;31:*.arj=01;31:*.taz=01;31:*.lzh=01;31:*.lzma=01;31:*.tlz=01;31:*.txz=01;31:*.zip=01;31:*.z=01;31:*.Z=01;31:*.dz=01;31:*.gz=01;31:*.lz=01;31:*.xz=01;31:*.bz2=01;31:*.bz=01;31:*.tbz=01;31:*.tbz2=01;31:*.tz=01;31:*.deb=01;31:*.rpm=01;31:*.jar=01;31:*.war=01;31:*.ear=01;31:*.sar=01;31:*.rar=01;31:*.ace=01;31:*.zoo=01;31:*.cpio=01;31:*.7z=01;31:*.rz=01;31:*.jpg=01;35:*.jpeg=01;35:*.gif=01;35:*.bmp=01;35:*.pbm=01;35:*.pgm=01;35:*.ppm=01;35:*.tga=01;35:*.xbm=01;35:*.xpm=01;35:*.tif=01;35:*.tiff=01;35:*.png=01;35:*.svg=01;35:*.svgz=01;35:*.mng=01;35:*.pcx=01;35:*.mov=01;35:*.mpg=01;35:*.mpeg=01;35:*.m2v=01;35:*.mkv=01;35:*.webm=01;35:*.ogm=01;35:*.mp4=01;35:*.m4v=01;35:*.mp4v=01;35:*.vob=01;35:*.qt=01;35:*.nuv=01;35:*.wmv=01;35:*.asf=01;35:*.rm=01;35:*.rmvb=01;35:*.flc=01;35:*.avi=01;35:*.fli=01;35:*.flv=01;35:*.gl=01;35:*.dl=01;35:*.xcf=01;35:*.xwd=01;35:*.yuv=01;35:*.cgm=01;35:*.emf=01;35:*.axv=01;35:*.anx=01;35:*.ogv=01;35:*.ogx=01;35:*.aac=00;36:*.au=00;36:*.flac=00;36:*.mid=00;36:*.midi=00;36:*.mka=00;36:*.mp3=00;36:*.mpc=00;36:*.ogg=00;36:*.ra=00;36:*.wav=00;36:*.axa=00;36:*.oga=00;36:*.spx=00;36:*.xspf=00;36:', 'LESSCLOSE': '/usr/bin/lesspipe %s %s', 'SSH_TTY': '/dev/pts/9', 'PWD': '/home/mdas', 'ROS_ETC_DIR': '/opt/ros/indigo/etc/ros', 'MAIL': '/var/mail/mdas', 'SSH_CONNECTION': '192.168.1.110 49162 192.168.1.113 22'}]
[roslaunch][INFO] 2017-11-04 10:32:16,167: process[gazebo-2]: args[[u'/opt/ros/indigo/lib/gazebo_ros/gzserver', '-e', 'ode', 'worlds/empty.world', u'__name:=gazebo']]
[roslaunch][INFO] 2017-11-04 10:32:16,167: ... created process [gazebo-2]
[roslaunch.pmon][INFO] 2017-11-04 10:32:16,167: ProcessMonitor.register[gazebo-2]
[roslaunch.pmon][INFO] 2017-11-04 10:32:16,167: ProcessMonitor.register[gazebo-2] complete
[roslaunch][INFO] 2017-11-04 10:32:16,167: ... registered process [gazebo-2]
[roslaunch][INFO] 2017-11-04 10:32:16,167: process[gazebo-2]: starting os process
[roslaunch][INFO] 2017-11-04 10:32:16,167: process[gazebo-2]: start w/ args [[u'/opt/ros/indigo/lib/gazebo_ros/gzserver', '-e', 'ode', 'worlds/empty.world', u'__name:=gazebo', u'__log:=/home/mdas/.ros/log/f4653a18-c16c-11e7-b4d0-f44d306c96a4/gazebo-2.log']]
[roslaunch][INFO] 2017-11-04 10:32:16,168: process[gazebo-2]: cwd will be [/home/mdas/.ros]
[roslaunch][INFO] 2017-11-04 10:32:16,171: process[gazebo-2]: started with pid [2987]
[roslaunch][INFO] 2017-11-04 10:32:16,171: ... successfully launched [gazebo-2]
[roslaunch][INFO] 2017-11-04 10:32:16,171: ... preparing to launch node of type [gazebo_ros/gzclient]
[roslaunch][INFO] 2017-11-04 10:32:16,171: create_node_process: package[gazebo_ros] type[gzclient] machine[Machine(name[] env_loader[None] address[localhost] ssh_port[22] user[None] assignable[True] timeout[10.0])] master_uri[http://localhost:11311]
[roslaunch][INFO] 2017-11-04 10:32:16,171: process[gazebo_gui-3]: env[{'ROS_DISTRO': 'indigo', 'LESSOPEN': '| /usr/bin/lesspipe %s', 'SSH_CLIENT': '192.168.1.110 49162 22', 'CPATH': '/home/mdas/ros_ws/devel/include:/opt/ros/indigo/include', 'LOGNAME': 'mdas', 'USER': 'mdas', 'PATH': '/opt/ros/indigo/bin:/usr/local/sbin:/usr/local/bin:/usr/sbin:/usr/bin:/sbin:/bin:/usr/games:/usr/local/games', 'HOME': '/home/mdas', 'CMAKE_PREFIX_PATH': '/home/mdas/ros_ws/devel:/opt/ros/indigo', 'ROS_LOG_FILENAME': '/home/mdas/.ros/log/f4653a18-c16c-11e7-b4d0-f44d306c96a4/roslaunch-mdas-Meerkat-2959.log', 'LANG': 'en_US.UTF-8', 'TERM': 'xterm-256color', 'SHELL': '/bin/bash', 'SHLVL': '1', 'QT_QPA_PLATFORMTHEME': 'appmenu-qt5', 'LD_LIBRARY_PATH': '/home/mdas/ros_ws/devel/lib:/opt/ros/indigo/lib', 'ROS_MASTER_URI': 'http://localhost:11311', 'XDG_RUNTIME_DIR': '/run/user/1000', 'PYTHONPATH': '/home/mdas/ros_ws/devel/lib/python2.7/dist-packages:/opt/ros/indigo/lib/python2.7/dist-packages', 'ROS_ROOT': '/opt/ros/indigo/share/ros', 'PKG_CONFIG_PATH': '/home/mdas/ros_ws/devel/lib/pkgconfig:/opt/ros/indigo/lib/pkgconfig', 'ROS_PACKAGE_PATH': '/home/mdas/ros_ws/src:/opt/ros/indigo/share:/opt/ros/indigo/stacks', 'ROS_WORKSPACE': '/home/mdas/ros_ws', 'XDG_SESSION_ID': '1', '_': '/opt/ros/indigo/bin/roslaunch', 'LS_COLORS': 'rs=0:di=01;34:ln=01;36:mh=00:pi=40;33:so=01;35:do=01;35:bd=40;33;01:cd=40;33;01:or=40;31;01:su=37;41:sg=30;43:ca=30;41:tw=30;42:ow=34;42:st=37;44:ex=01;32:*.tar=01;31:*.tgz=01;31:*.arj=01;31:*.taz=01;31:*.lzh=01;31:*.lzma=01;31:*.tlz=01;31:*.txz=01;31:*.zip=01;31:*.z=01;31:*.Z=01;31:*.dz=01;31:*.gz=01;31:*.lz=01;31:*.xz=01;31:*.bz2=01;31:*.bz=01;31:*.tbz=01;31:*.tbz2=01;31:*.tz=01;31:*.deb=01;31:*.rpm=01;31:*.jar=01;31:*.war=01;31:*.ear=01;31:*.sar=01;31:*.rar=01;31:*.ace=01;31:*.zoo=01;31:*.cpio=01;31:*.7z=01;31:*.rz=01;31:*.jpg=01;35:*.jpeg=01;35:*.gif=01;35:*.bmp=01;35:*.pbm=01;35:*.pgm=01;35:*.ppm=01;35:*.tga=01;35:*.xbm=01;35:*.xpm=01;35:*.tif=01;35:*.tiff=01;35:*.png=01;35:*.svg=01;35:*.svgz=01;35:*.mng=01;35:*.pcx=01;35:*.mov=01;35:*.mpg=01;35:*.mpeg=01;35:*.m2v=01;35:*.mkv=01;35:*.webm=01;35:*.ogm=01;35:*.mp4=01;35:*.m4v=01;35:*.mp4v=01;35:*.vob=01;35:*.qt=01;35:*.nuv=01;35:*.wmv=01;35:*.asf=01;35:*.rm=01;35:*.rmvb=01;35:*.flc=01;35:*.avi=01;35:*.fli=01;35:*.flv=01;35:*.gl=01;35:*.dl=01;35:*.xcf=01;35:*.xwd=01;35:*.yuv=01;35:*.cgm=01;35:*.emf=01;35:*.axv=01;35:*.anx=01;35:*.ogv=01;35:*.ogx=01;35:*.aac=00;36:*.au=00;36:*.flac=00;36:*.mid=00;36:*.midi=00;36:*.mka=00;36:*.mp3=00;36:*.mpc=00;36:*.ogg=00;36:*.ra=00;36:*.wav=00;36:*.axa=00;36:*.oga=00;36:*.spx=00;36:*.xspf=00;36:', 'LESSCLOSE': '/usr/bin/lesspipe %s %s', 'SSH_TTY': '/dev/pts/9', 'PWD': '/home/mdas', 'ROS_ETC_DIR': '/opt/ros/indigo/etc/ros', 'MAIL': '/var/mail/mdas', 'SSH_CONNECTION': '192.168.1.110 49162 192.168.1.113 22'}]
[roslaunch][INFO] 2017-11-04 10:32:16,172: process[gazebo_gui-3]: args[[u'/opt/ros/indigo/lib/gazebo_ros/gzclient', u'__name:=gazebo_gui']]
[roslaunch][INFO] 2017-11-04 10:32:16,172: ... created process [gazebo_gui-3]
[roslaunch.pmon][INFO] 2017-11-04 10:32:16,172: ProcessMonitor.register[gazebo_gui-3]
[roslaunch.pmon][INFO] 2017-11-04 10:32:16,172: ProcessMonitor.register[gazebo_gui-3] complete
[roslaunch][INFO] 2017-11-04 10:32:16,172: ... registered process [gazebo_gui-3]
[roslaunch][INFO] 2017-11-04 10:32:16,172: process[gazebo_gui-3]: starting os process
[roslaunch][INFO] 2017-11-04 10:32:16,172: process[gazebo_gui-3]: start w/ args [[u'/opt/ros/indigo/lib/gazebo_ros/gzclient', u'__name:=gazebo_gui', u'__log:=/home/mdas/.ros/log/f4653a18-c16c-11e7-b4d0-f44d306c96a4/gazebo_gui-3.log']]
[roslaunch][INFO] 2017-11-04 10:32:16,172: process[gazebo_gui-3]: cwd will be [/home/mdas/.ros]
[roslaunch][INFO] 2017-11-04 10:32:16,178: process[gazebo_gui-3]: started with pid [2998]
[roslaunch][INFO] 2017-11-04 10:32:16,178: ... successfully launched [gazebo_gui-3]
[roslaunch][INFO] 2017-11-04 10:32:16,178: ... launch_nodes complete
[roslaunch.pmon][INFO] 2017-11-04 10:32:16,178: registrations completed <ProcessMonitor(ProcessMonitor-1, started daemon 140379778705152)>
[roslaunch.parent][INFO] 2017-11-04 10:32:16,178: ... roslaunch parent running, waiting for process exit
[roslaunch][INFO] 2017-11-04 10:32:16,178: spin
[roslaunch][ERROR] 2017-11-04 10:32:17,595: [gazebo_gui-3] process has died [pid 2998, exit code 1, cmd /opt/ros/indigo/lib/gazebo_ros/gzclient __name:=gazebo_gui __log:=/home/mdas/.ros/log/f4653a18-c16c-11e7-b4d0-f44d306c96a4/gazebo_gui-3.log].
log file: /home/mdas/.ros/log/f4653a18-c16c-11e7-b4d0-f44d306c96a4/gazebo_gui-3*.log
[roslaunch.pmon][INFO] 2017-11-04 10:32:17,596: ProcessMonitor.unregister[gazebo_gui-3] starting
[roslaunch.pmon][INFO] 2017-11-04 10:32:17,596: ProcessMonitor.unregister[gazebo_gui-3] complete
[roslaunch.pmon][INFO] 2017-11-04 10:32:36,031: ProcessMonitor.shutdown <ProcessMonitor(ProcessMonitor-1, started daemon 140379778705152)>
[roslaunch.pmon][INFO] 2017-11-04 10:32:36,034: ProcessMonitor._post_run <ProcessMonitor(ProcessMonitor-1, started daemon 140379778705152)>
[roslaunch.pmon][INFO] 2017-11-04 10:32:36,035: ProcessMonitor._post_run <ProcessMonitor(ProcessMonitor-1, started daemon 140379778705152)>: remaining procs are [<roslaunch.nodeprocess.LocalProcess object at 0x7facb6fbdb50>, <roslaunch.nodeprocess.LocalProcess object at 0x7facb6fbde90>, <roslaunch.nodeprocess.LocalProcess object at 0x7facb6fbddd0>]
[roslaunch.pmon][INFO] 2017-11-04 10:32:36,036: ProcessMonitor exit: killing gazebo-2
[roslaunch][INFO] 2017-11-04 10:32:36,036: [gazebo-2] killing on exit
[roslaunch][INFO] 2017-11-04 10:32:36,037: process[gazebo-2]: killing os process with pid[2987] pgid[2987]
[roslaunch][INFO] 2017-11-04 10:32:36,038: [gazebo-2] sending SIGINT to pgid [2987]
[roslaunch][INFO] 2017-11-04 10:32:36,038: [gazebo-2] sent SIGINT to pgid [2987]
[roslaunch][INFO] 2017-11-04 10:32:36,640: process[gazebo-2]: SIGINT killed with return value -2
[roslaunch.pmon][INFO] 2017-11-04 10:32:36,641: ProcessMonitor exit: killing rosout-1
[roslaunch][INFO] 2017-11-04 10:32:36,641: [rosout-1] killing on exit
[roslaunch][INFO] 2017-11-04 10:32:36,641: process[rosout-1]: killing os process with pid[2984] pgid[2984]
[roslaunch][INFO] 2017-11-04 10:32:36,642: [rosout-1] sending SIGINT to pgid [2984]
[roslaunch][INFO] 2017-11-04 10:32:36,642: [rosout-1] sent SIGINT to pgid [2984]
[roslaunch][INFO] 2017-11-04 10:32:36,843: process[rosout-1]: SIGINT killed with return value 0
[roslaunch.pmon][INFO] 2017-11-04 10:32:36,843: ProcessMonitor exit: killing master
[roslaunch][INFO] 2017-11-04 10:32:36,843: [master] killing on exit
[roslaunch][INFO] 2017-11-04 10:32:36,843: process[master]: killing os process with pid[2971] pgid[2971]
[roslaunch][INFO] 2017-11-04 10:32:36,843: [master] sending SIGINT to pgid [2971]
[roslaunch][INFO] 2017-11-04 10:32:36,843: [master] sent SIGINT to pgid [2971]
[roslaunch][INFO] 2017-11-04 10:32:37,044: process[master]: SIGINT killed with return value 0
[roslaunch.pmon][INFO] 2017-11-04 10:32:37,045: ProcessMonitor exit: cleaning up data structures and signals
[roslaunch.pmon][INFO] 2017-11-04 10:32:37,045: ProcessMonitor exit: pmon has shutdown
[roslaunch][INFO] 2017-11-04 10:32:37,050: process monitor is done spinning, initiating full shutdown
[roslaunch][INFO] 2017-11-04 10:32:37,050: runner.stop()
[roslaunch][INFO] 2017-11-04 10:32:37,050: shutting down processing monitor...
[roslaunch][INFO] 2017-11-04 10:32:37,051: shutting down processing monitor <ProcessMonitor(ProcessMonitor-1, stopped daemon 140379778705152)>
[roslaunch.pmon][INFO] 2017-11-04 10:32:37,051: ProcessMonitor.shutdown <ProcessMonitor(ProcessMonitor-1, stopped daemon 140379778705152)>
[roslaunch][INFO] 2017-11-04 10:32:37,051: ... shutting down processing monitor complete
[roslaunch][INFO] 2017-11-04 10:32:37,051: done
[roslaunch.pmon][INFO] 2017-11-04 10:32:37,052: ProcessMonitor.shutdown <ProcessMonitor(ProcessMonitor-1, stopped daemon 140379778705152)>
[rospy.core][INFO] 2017-11-04 10:32:37,052: signal_shutdown [atexit]
