[roslaunch][INFO] 2017-11-04 14:05:21,364: Checking log directory for disk usage. This may take awhile.
Press Ctrl-C to interrupt
[roslaunch][INFO] 2017-11-04 14:05:21,373: Done checking log file disk usage. Usage is <1GB.
[roslaunch][INFO] 2017-11-04 14:05:21,373: roslaunch starting with args ['/opt/ros/indigo/bin/roslaunch', 'launchers', 'full_launch.launch']
[roslaunch][INFO] 2017-11-04 14:05:21,373: roslaunch env is {'ROS_DISTRO': 'indigo', 'LESSOPEN': '| /usr/bin/lesspipe %s', 'SSH_CLIENT': '192.168.1.143 47920 22', 'CPATH': '/home/mdas/ros_ws/devel/include:/opt/ros/indigo/include', 'LOGNAME': 'mdas', 'USER': 'mdas', 'PATH': '/opt/ros/indigo/bin:/usr/local/sbin:/usr/local/bin:/usr/sbin:/usr/bin:/sbin:/bin:/usr/games:/usr/local/games', 'HOME': '/home/mdas', 'CMAKE_PREFIX_PATH': '/home/mdas/ros_ws/devel:/opt/ros/indigo', 'LD_LIBRARY_PATH': '/home/mdas/ros_ws/devel/lib:/opt/ros/indigo/lib', 'LANG': 'en_US.UTF-8', 'TERM': 'xterm', 'SHELL': '/bin/bash', 'SHLVL': '1', 'QT_QPA_PLATFORMTHEME': 'appmenu-qt5', 'ROS_LOG_FILENAME': '/home/mdas/.ros/log/b91acc5c-c18a-11e7-a5c8-f44d306c96a4/roslaunch-mdas-Meerkat-2212.log', 'ROS_ETC_DIR': '/opt/ros/indigo/etc/ros', 'XDG_RUNTIME_DIR': '/run/user/1000', 'PYTHONPATH': '/home/mdas/ros_ws/devel/lib/python2.7/dist-packages:/opt/ros/indigo/lib/python2.7/dist-packages', 'ROS_ROOT': '/opt/ros/indigo/share/ros', 'PKG_CONFIG_PATH': '/home/mdas/ros_ws/devel/lib/pkgconfig:/opt/ros/indigo/lib/pkgconfig', 'ROS_PACKAGE_PATH': '/home/mdas/ros_ws/src:/opt/ros/indigo/share:/opt/ros/indigo/stacks', 'ROS_WORKSPACE': '/home/mdas/ros_ws', 'XDG_SESSION_ID': '2', '_': '/opt/ros/indigo/bin/roslaunch', 'SSH_CONNECTION': '192.168.1.143 47920 192.168.1.113 22', 'LESSCLOSE': '/usr/bin/lesspipe %s %s', 'SSH_TTY': '/dev/pts/7', 'PWD': '/home/mdas', 'ROS_MASTER_URI': 'http://localhost:11311', 'MAIL': '/var/mail/mdas', 'LS_COLORS': 'rs=0:di=01;34:ln=01;36:mh=00:pi=40;33:so=01;35:do=01;35:bd=40;33;01:cd=40;33;01:or=40;31;01:su=37;41:sg=30;43:ca=30;41:tw=30;42:ow=34;42:st=37;44:ex=01;32:*.tar=01;31:*.tgz=01;31:*.arj=01;31:*.taz=01;31:*.lzh=01;31:*.lzma=01;31:*.tlz=01;31:*.txz=01;31:*.zip=01;31:*.z=01;31:*.Z=01;31:*.dz=01;31:*.gz=01;31:*.lz=01;31:*.xz=01;31:*.bz2=01;31:*.bz=01;31:*.tbz=01;31:*.tbz2=01;31:*.tz=01;31:*.deb=01;31:*.rpm=01;31:*.jar=01;31:*.war=01;31:*.ear=01;31:*.sar=01;31:*.rar=01;31:*.ace=01;31:*.zoo=01;31:*.cpio=01;31:*.7z=01;31:*.rz=01;31:*.jpg=01;35:*.jpeg=01;35:*.gif=01;35:*.bmp=01;35:*.pbm=01;35:*.pgm=01;35:*.ppm=01;35:*.tga=01;35:*.xbm=01;35:*.xpm=01;35:*.tif=01;35:*.tiff=01;35:*.png=01;35:*.svg=01;35:*.svgz=01;35:*.mng=01;35:*.pcx=01;35:*.mov=01;35:*.mpg=01;35:*.mpeg=01;35:*.m2v=01;35:*.mkv=01;35:*.webm=01;35:*.ogm=01;35:*.mp4=01;35:*.m4v=01;35:*.mp4v=01;35:*.vob=01;35:*.qt=01;35:*.nuv=01;35:*.wmv=01;35:*.asf=01;35:*.rm=01;35:*.rmvb=01;35:*.flc=01;35:*.avi=01;35:*.fli=01;35:*.flv=01;35:*.gl=01;35:*.dl=01;35:*.xcf=01;35:*.xwd=01;35:*.yuv=01;35:*.cgm=01;35:*.emf=01;35:*.axv=01;35:*.anx=01;35:*.ogv=01;35:*.ogx=01;35:*.aac=00;36:*.au=00;36:*.flac=00;36:*.mid=00;36:*.midi=00;36:*.mka=00;36:*.mp3=00;36:*.mpc=00;36:*.ogg=00;36:*.ra=00;36:*.wav=00;36:*.axa=00;36:*.oga=00;36:*.spx=00;36:*.xspf=00;36:'}
[roslaunch][INFO] 2017-11-04 14:05:21,373: starting in server mode
[roslaunch.parent][INFO] 2017-11-04 14:05:21,373: starting roslaunch parent run
[roslaunch][INFO] 2017-11-04 14:05:21,374: loading roscore config file /opt/ros/indigo/etc/ros/roscore.xml
[roslaunch][INFO] 2017-11-04 14:05:21,435: Added core node of type [rosout/rosout] in namespace [/]
[roslaunch.config][INFO] 2017-11-04 14:05:21,435: loading config file /home/mdas/ros_ws/src/launchers/full_launch.launch
[roslaunch][INFO] 2017-11-04 14:05:21,487: Added node of type [sicktoolbox_wrapper/sicklms] in namespace [/]
[roslaunch][INFO] 2017-11-04 14:05:21,489: Added node of type [usb_cam/usb_cam_node] in namespace [/]
[roslaunch][INFO] 2017-11-04 14:05:21,490: Added node of type [usb_cam/usb_cam_node] in namespace [/]
[roslaunch][INFO] 2017-11-04 14:05:21,491: Added node of type [novatel/novatel_node] in namespace [/]
[roslaunch][INFO] 2017-11-04 14:05:21,491: ... selected machine [] for node of type [sicktoolbox_wrapper/sicklms]
[roslaunch][INFO] 2017-11-04 14:05:21,491: ... selected machine [] for node of type [usb_cam/usb_cam_node]
[roslaunch][INFO] 2017-11-04 14:05:21,491: ... selected machine [] for node of type [usb_cam/usb_cam_node]
[roslaunch][INFO] 2017-11-04 14:05:21,491: ... selected machine [] for node of type [novatel/novatel_node]
[roslaunch.pmon][INFO] 2017-11-04 14:05:21,492: start_process_monitor: creating ProcessMonitor
[roslaunch.pmon][INFO] 2017-11-04 14:05:21,492: created process monitor <ProcessMonitor(ProcessMonitor-1, initial daemon)>
[roslaunch.pmon][INFO] 2017-11-04 14:05:21,492: start_process_monitor: ProcessMonitor started
[roslaunch.parent][INFO] 2017-11-04 14:05:21,492: starting parent XML-RPC server
[roslaunch.server][INFO] 2017-11-04 14:05:21,492: starting roslaunch XML-RPC server
[roslaunch.server][INFO] 2017-11-04 14:05:21,493: waiting for roslaunch XML-RPC server to initialize
[xmlrpc][INFO] 2017-11-04 14:05:21,493: XML-RPC server binding to 0.0.0.0:0
[xmlrpc][INFO] 2017-11-04 14:05:21,493: Started XML-RPC server [http://mdas-Meerkat:32855/]
[xmlrpc][INFO] 2017-11-04 14:05:21,493: xml rpc node: starting XML-RPC server
[roslaunch][INFO] 2017-11-04 14:05:21,504: started roslaunch server http://mdas-Meerkat:32855/
[roslaunch.parent][INFO] 2017-11-04 14:05:21,504: ... parent XML-RPC server started
[roslaunch][INFO] 2017-11-04 14:05:21,505: master.is_running[http://localhost:11311]
[roslaunch][INFO] 2017-11-04 14:05:21,505: auto-starting new master
[roslaunch][INFO] 2017-11-04 14:05:21,505: create_master_process: rosmaster, /opt/ros/indigo/share/ros, 11311, 3, None
[roslaunch][INFO] 2017-11-04 14:05:21,505: process[master]: launching with args [['rosmaster', '--core', '-p', '11311', '-w', '3']]
[roslaunch.pmon][INFO] 2017-11-04 14:05:21,505: ProcessMonitor.register[master]
[roslaunch.pmon][INFO] 2017-11-04 14:05:21,505: ProcessMonitor.register[master] complete
[roslaunch][INFO] 2017-11-04 14:05:21,505: process[master]: starting os process
[roslaunch][INFO] 2017-11-04 14:05:21,505: process[master]: start w/ args [['rosmaster', '--core', '-p', '11311', '-w', '3', '__log:=/home/mdas/.ros/log/b91acc5c-c18a-11e7-a5c8-f44d306c96a4/master.log']]
[roslaunch][INFO] 2017-11-04 14:05:21,505: process[master]: cwd will be [/home/mdas/.ros]
[roslaunch][INFO] 2017-11-04 14:05:21,507: process[master]: started with pid [2224]
[roslaunch][INFO] 2017-11-04 14:05:21,507: master.is_running[http://localhost:11311]
[roslaunch][INFO] 2017-11-04 14:05:21,607: master.is_running[http://localhost:11311]
[roslaunch][INFO] 2017-11-04 14:05:21,609: master.is_running[http://localhost:11311]
[roslaunch][INFO] 2017-11-04 14:05:21,609: ROS_MASTER_URI=http://localhost:11311
[roslaunch][INFO] 2017-11-04 14:05:21,610: setting /run_id to b91acc5c-c18a-11e7-a5c8-f44d306c96a4
[roslaunch][INFO] 2017-11-04 14:05:21,611: setting /roslaunch/uris/host_mdas_meerkat__32855' to http://mdas-Meerkat:32855/
[roslaunch][INFO] 2017-11-04 14:05:21,612: ... preparing to launch node of type [rosout/rosout]
[roslaunch][INFO] 2017-11-04 14:05:21,612: create_node_process: package[rosout] type[rosout] machine[Machine(name[] env_loader[None] address[localhost] ssh_port[22] user[None] assignable[True] timeout[10.0])] master_uri[http://localhost:11311]
[roslaunch][INFO] 2017-11-04 14:05:21,613: process[rosout-1]: env[{'ROS_DISTRO': 'indigo', 'LESSOPEN': '| /usr/bin/lesspipe %s', 'SSH_CLIENT': '192.168.1.143 47920 22', 'CPATH': '/home/mdas/ros_ws/devel/include:/opt/ros/indigo/include', 'LOGNAME': 'mdas', 'USER': 'mdas', 'PATH': '/opt/ros/indigo/bin:/usr/local/sbin:/usr/local/bin:/usr/sbin:/usr/bin:/sbin:/bin:/usr/games:/usr/local/games', 'HOME': '/home/mdas', 'CMAKE_PREFIX_PATH': '/home/mdas/ros_ws/devel:/opt/ros/indigo', 'ROS_LOG_FILENAME': '/home/mdas/.ros/log/b91acc5c-c18a-11e7-a5c8-f44d306c96a4/roslaunch-mdas-Meerkat-2212.log', 'LANG': 'en_US.UTF-8', 'TERM': 'xterm', 'SHELL': '/bin/bash', 'SHLVL': '1', 'QT_QPA_PLATFORMTHEME': 'appmenu-qt5', 'LD_LIBRARY_PATH': '/home/mdas/ros_ws/devel/lib:/opt/ros/indigo/lib', 'ROS_MASTER_URI': 'http://localhost:11311', 'XDG_RUNTIME_DIR': '/run/user/1000', 'PYTHONPATH': '/home/mdas/ros_ws/devel/lib/python2.7/dist-packages:/opt/ros/indigo/lib/python2.7/dist-packages', 'ROS_ROOT': '/opt/ros/indigo/share/ros', 'PKG_CONFIG_PATH': '/home/mdas/ros_ws/devel/lib/pkgconfig:/opt/ros/indigo/lib/pkgconfig', 'ROS_PACKAGE_PATH': '/home/mdas/ros_ws/src:/opt/ros/indigo/share:/opt/ros/indigo/stacks', 'ROS_WORKSPACE': '/home/mdas/ros_ws', 'XDG_SESSION_ID': '2', '_': '/opt/ros/indigo/bin/roslaunch', 'LS_COLORS': 'rs=0:di=01;34:ln=01;36:mh=00:pi=40;33:so=01;35:do=01;35:bd=40;33;01:cd=40;33;01:or=40;31;01:su=37;41:sg=30;43:ca=30;41:tw=30;42:ow=34;42:st=37;44:ex=01;32:*.tar=01;31:*.tgz=01;31:*.arj=01;31:*.taz=01;31:*.lzh=01;31:*.lzma=01;31:*.tlz=01;31:*.txz=01;31:*.zip=01;31:*.z=01;31:*.Z=01;31:*.dz=01;31:*.gz=01;31:*.lz=01;31:*.xz=01;31:*.bz2=01;31:*.bz=01;31:*.tbz=01;31:*.tbz2=01;31:*.tz=01;31:*.deb=01;31:*.rpm=01;31:*.jar=01;31:*.war=01;31:*.ear=01;31:*.sar=01;31:*.rar=01;31:*.ace=01;31:*.zoo=01;31:*.cpio=01;31:*.7z=01;31:*.rz=01;31:*.jpg=01;35:*.jpeg=01;35:*.gif=01;35:*.bmp=01;35:*.pbm=01;35:*.pgm=01;35:*.ppm=01;35:*.tga=01;35:*.xbm=01;35:*.xpm=01;35:*.tif=01;35:*.tiff=01;35:*.png=01;35:*.svg=01;35:*.svgz=01;35:*.mng=01;35:*.pcx=01;35:*.mov=01;35:*.mpg=01;35:*.mpeg=01;35:*.m2v=01;35:*.mkv=01;35:*.webm=01;35:*.ogm=01;35:*.mp4=01;35:*.m4v=01;35:*.mp4v=01;35:*.vob=01;35:*.qt=01;35:*.nuv=01;35:*.wmv=01;35:*.asf=01;35:*.rm=01;35:*.rmvb=01;35:*.flc=01;35:*.avi=01;35:*.fli=01;35:*.flv=01;35:*.gl=01;35:*.dl=01;35:*.xcf=01;35:*.xwd=01;35:*.yuv=01;35:*.cgm=01;35:*.emf=01;35:*.axv=01;35:*.anx=01;35:*.ogv=01;35:*.ogx=01;35:*.aac=00;36:*.au=00;36:*.flac=00;36:*.mid=00;36:*.midi=00;36:*.mka=00;36:*.mp3=00;36:*.mpc=00;36:*.ogg=00;36:*.ra=00;36:*.wav=00;36:*.axa=00;36:*.oga=00;36:*.spx=00;36:*.xspf=00;36:', 'LESSCLOSE': '/usr/bin/lesspipe %s %s', 'SSH_TTY': '/dev/pts/7', 'PWD': '/home/mdas', 'ROS_ETC_DIR': '/opt/ros/indigo/etc/ros', 'MAIL': '/var/mail/mdas', 'SSH_CONNECTION': '192.168.1.143 47920 192.168.1.113 22'}]
[roslaunch][INFO] 2017-11-04 14:05:21,664: process[rosout-1]: args[[u'/opt/ros/indigo/lib/rosout/rosout', u'__name:=rosout']]
[roslaunch][INFO] 2017-11-04 14:05:21,664: ... created process [rosout-1]
[roslaunch.pmon][INFO] 2017-11-04 14:05:21,664: ProcessMonitor.register[rosout-1]
[roslaunch.pmon][INFO] 2017-11-04 14:05:21,664: ProcessMonitor.register[rosout-1] complete
[roslaunch][INFO] 2017-11-04 14:05:21,664: ... registered process [rosout-1]
[roslaunch][INFO] 2017-11-04 14:05:21,664: process[rosout-1]: starting os process
[roslaunch][INFO] 2017-11-04 14:05:21,664: process[rosout-1]: start w/ args [[u'/opt/ros/indigo/lib/rosout/rosout', u'__name:=rosout', u'__log:=/home/mdas/.ros/log/b91acc5c-c18a-11e7-a5c8-f44d306c96a4/rosout-1.log']]
[roslaunch][INFO] 2017-11-04 14:05:21,664: process[rosout-1]: cwd will be [/home/mdas/.ros]
[roslaunch][INFO] 2017-11-04 14:05:21,666: process[rosout-1]: started with pid [2237]
[roslaunch][INFO] 2017-11-04 14:05:21,666: ... successfully launched [rosout-1]
[roslaunch][INFO] 2017-11-04 14:05:21,667: load_parameters starting ...
[roslaunch][INFO] 2017-11-04 14:05:21,673: ... load_parameters complete
[roslaunch][INFO] 2017-11-04 14:05:21,673: launch_nodes: launching local nodes ...
[roslaunch][INFO] 2017-11-04 14:05:21,673: ... preparing to launch node of type [sicktoolbox_wrapper/sicklms]
[roslaunch][INFO] 2017-11-04 14:05:21,673: create_node_process: package[sicktoolbox_wrapper] type[sicklms] machine[Machine(name[] env_loader[None] address[localhost] ssh_port[22] user[None] assignable[True] timeout[10.0])] master_uri[http://localhost:11311]
[roslaunch][INFO] 2017-11-04 14:05:21,673: process[base_laser1-2]: env[{'ROS_DISTRO': 'indigo', 'LESSOPEN': '| /usr/bin/lesspipe %s', 'SSH_CLIENT': '192.168.1.143 47920 22', 'CPATH': '/home/mdas/ros_ws/devel/include:/opt/ros/indigo/include', 'LOGNAME': 'mdas', 'USER': 'mdas', 'PATH': '/opt/ros/indigo/bin:/usr/local/sbin:/usr/local/bin:/usr/sbin:/usr/bin:/sbin:/bin:/usr/games:/usr/local/games', 'HOME': '/home/mdas', 'CMAKE_PREFIX_PATH': '/home/mdas/ros_ws/devel:/opt/ros/indigo', 'ROS_LOG_FILENAME': '/home/mdas/.ros/log/b91acc5c-c18a-11e7-a5c8-f44d306c96a4/roslaunch-mdas-Meerkat-2212.log', 'LANG': 'en_US.UTF-8', 'TERM': 'xterm', 'SHELL': '/bin/bash', 'SHLVL': '1', 'QT_QPA_PLATFORMTHEME': 'appmenu-qt5', 'LD_LIBRARY_PATH': '/home/mdas/ros_ws/devel/lib:/opt/ros/indigo/lib', 'ROS_MASTER_URI': 'http://localhost:11311', 'XDG_RUNTIME_DIR': '/run/user/1000', 'PYTHONPATH': '/home/mdas/ros_ws/devel/lib/python2.7/dist-packages:/opt/ros/indigo/lib/python2.7/dist-packages', 'ROS_ROOT': '/opt/ros/indigo/share/ros', 'PKG_CONFIG_PATH': '/home/mdas/ros_ws/devel/lib/pkgconfig:/opt/ros/indigo/lib/pkgconfig', 'ROS_PACKAGE_PATH': '/home/mdas/ros_ws/src:/opt/ros/indigo/share:/opt/ros/indigo/stacks', 'ROS_WORKSPACE': '/home/mdas/ros_ws', 'XDG_SESSION_ID': '2', '_': '/opt/ros/indigo/bin/roslaunch', 'LS_COLORS': 'rs=0:di=01;34:ln=01;36:mh=00:pi=40;33:so=01;35:do=01;35:bd=40;33;01:cd=40;33;01:or=40;31;01:su=37;41:sg=30;43:ca=30;41:tw=30;42:ow=34;42:st=37;44:ex=01;32:*.tar=01;31:*.tgz=01;31:*.arj=01;31:*.taz=01;31:*.lzh=01;31:*.lzma=01;31:*.tlz=01;31:*.txz=01;31:*.zip=01;31:*.z=01;31:*.Z=01;31:*.dz=01;31:*.gz=01;31:*.lz=01;31:*.xz=01;31:*.bz2=01;31:*.bz=01;31:*.tbz=01;31:*.tbz2=01;31:*.tz=01;31:*.deb=01;31:*.rpm=01;31:*.jar=01;31:*.war=01;31:*.ear=01;31:*.sar=01;31:*.rar=01;31:*.ace=01;31:*.zoo=01;31:*.cpio=01;31:*.7z=01;31:*.rz=01;31:*.jpg=01;35:*.jpeg=01;35:*.gif=01;35:*.bmp=01;35:*.pbm=01;35:*.pgm=01;35:*.ppm=01;35:*.tga=01;35:*.xbm=01;35:*.xpm=01;35:*.tif=01;35:*.tiff=01;35:*.png=01;35:*.svg=01;35:*.svgz=01;35:*.mng=01;35:*.pcx=01;35:*.mov=01;35:*.mpg=01;35:*.mpeg=01;35:*.m2v=01;35:*.mkv=01;35:*.webm=01;35:*.ogm=01;35:*.mp4=01;35:*.m4v=01;35:*.mp4v=01;35:*.vob=01;35:*.qt=01;35:*.nuv=01;35:*.wmv=01;35:*.asf=01;35:*.rm=01;35:*.rmvb=01;35:*.flc=01;35:*.avi=01;35:*.fli=01;35:*.flv=01;35:*.gl=01;35:*.dl=01;35:*.xcf=01;35:*.xwd=01;35:*.yuv=01;35:*.cgm=01;35:*.emf=01;35:*.axv=01;35:*.anx=01;35:*.ogv=01;35:*.ogx=01;35:*.aac=00;36:*.au=00;36:*.flac=00;36:*.mid=00;36:*.midi=00;36:*.mka=00;36:*.mp3=00;36:*.mpc=00;36:*.ogg=00;36:*.ra=00;36:*.wav=00;36:*.axa=00;36:*.oga=00;36:*.spx=00;36:*.xspf=00;36:', 'LESSCLOSE': '/usr/bin/lesspipe %s %s', 'SSH_TTY': '/dev/pts/7', 'PWD': '/home/mdas', 'ROS_ETC_DIR': '/opt/ros/indigo/etc/ros', 'MAIL': '/var/mail/mdas', 'SSH_CONNECTION': '192.168.1.143 47920 192.168.1.113 22'}]
[roslaunch][INFO] 2017-11-04 14:05:21,677: process[base_laser1-2]: args[[u'/home/mdas/ros_ws/devel/lib/sicktoolbox_wrapper/sicklms', u'scan:=/sensor_msgs/LaserScan', u'__name:=base_laser1']]
[roslaunch][INFO] 2017-11-04 14:05:21,677: ... created process [base_laser1-2]
[roslaunch.pmon][INFO] 2017-11-04 14:05:21,677: ProcessMonitor.register[base_laser1-2]
[roslaunch.pmon][INFO] 2017-11-04 14:05:21,677: ProcessMonitor.register[base_laser1-2] complete
[roslaunch][INFO] 2017-11-04 14:05:21,678: ... registered process [base_laser1-2]
[roslaunch][INFO] 2017-11-04 14:05:21,678: process[base_laser1-2]: starting os process
[roslaunch][INFO] 2017-11-04 14:05:21,678: process[base_laser1-2]: start w/ args [[u'/home/mdas/ros_ws/devel/lib/sicktoolbox_wrapper/sicklms', u'scan:=/sensor_msgs/LaserScan', u'__name:=base_laser1', u'__log:=/home/mdas/.ros/log/b91acc5c-c18a-11e7-a5c8-f44d306c96a4/base_laser1-2.log']]
[roslaunch][INFO] 2017-11-04 14:05:21,678: process[base_laser1-2]: cwd will be [/home/mdas/.ros]
[roslaunch][INFO] 2017-11-04 14:05:21,680: process[base_laser1-2]: started with pid [2240]
[roslaunch][INFO] 2017-11-04 14:05:21,681: ... successfully launched [base_laser1-2]
[roslaunch][INFO] 2017-11-04 14:05:21,681: ... preparing to launch node of type [usb_cam/usb_cam_node]
[roslaunch][INFO] 2017-11-04 14:05:21,681: create_node_process: package[usb_cam] type[usb_cam_node] machine[Machine(name[] env_loader[None] address[localhost] ssh_port[22] user[None] assignable[True] timeout[10.0])] master_uri[http://localhost:11311]
[roslaunch][INFO] 2017-11-04 14:05:21,681: process[usb_cam_1-3]: env[{'ROS_DISTRO': 'indigo', 'LESSOPEN': '| /usr/bin/lesspipe %s', 'SSH_CLIENT': '192.168.1.143 47920 22', 'CPATH': '/home/mdas/ros_ws/devel/include:/opt/ros/indigo/include', 'LOGNAME': 'mdas', 'USER': 'mdas', 'PATH': '/opt/ros/indigo/bin:/usr/local/sbin:/usr/local/bin:/usr/sbin:/usr/bin:/sbin:/bin:/usr/games:/usr/local/games', 'HOME': '/home/mdas', 'CMAKE_PREFIX_PATH': '/home/mdas/ros_ws/devel:/opt/ros/indigo', 'ROS_LOG_FILENAME': '/home/mdas/.ros/log/b91acc5c-c18a-11e7-a5c8-f44d306c96a4/roslaunch-mdas-Meerkat-2212.log', 'LANG': 'en_US.UTF-8', 'TERM': 'xterm', 'SHELL': '/bin/bash', 'SHLVL': '1', 'QT_QPA_PLATFORMTHEME': 'appmenu-qt5', 'LD_LIBRARY_PATH': '/home/mdas/ros_ws/devel/lib:/opt/ros/indigo/lib', 'ROS_MASTER_URI': 'http://localhost:11311', 'XDG_RUNTIME_DIR': '/run/user/1000', 'PYTHONPATH': '/home/mdas/ros_ws/devel/lib/python2.7/dist-packages:/opt/ros/indigo/lib/python2.7/dist-packages', 'ROS_ROOT': '/opt/ros/indigo/share/ros', 'PKG_CONFIG_PATH': '/home/mdas/ros_ws/devel/lib/pkgconfig:/opt/ros/indigo/lib/pkgconfig', 'ROS_PACKAGE_PATH': '/home/mdas/ros_ws/src:/opt/ros/indigo/share:/opt/ros/indigo/stacks', 'ROS_WORKSPACE': '/home/mdas/ros_ws', 'XDG_SESSION_ID': '2', '_': '/opt/ros/indigo/bin/roslaunch', 'LS_COLORS': 'rs=0:di=01;34:ln=01;36:mh=00:pi=40;33:so=01;35:do=01;35:bd=40;33;01:cd=40;33;01:or=40;31;01:su=37;41:sg=30;43:ca=30;41:tw=30;42:ow=34;42:st=37;44:ex=01;32:*.tar=01;31:*.tgz=01;31:*.arj=01;31:*.taz=01;31:*.lzh=01;31:*.lzma=01;31:*.tlz=01;31:*.txz=01;31:*.zip=01;31:*.z=01;31:*.Z=01;31:*.dz=01;31:*.gz=01;31:*.lz=01;31:*.xz=01;31:*.bz2=01;31:*.bz=01;31:*.tbz=01;31:*.tbz2=01;31:*.tz=01;31:*.deb=01;31:*.rpm=01;31:*.jar=01;31:*.war=01;31:*.ear=01;31:*.sar=01;31:*.rar=01;31:*.ace=01;31:*.zoo=01;31:*.cpio=01;31:*.7z=01;31:*.rz=01;31:*.jpg=01;35:*.jpeg=01;35:*.gif=01;35:*.bmp=01;35:*.pbm=01;35:*.pgm=01;35:*.ppm=01;35:*.tga=01;35:*.xbm=01;35:*.xpm=01;35:*.tif=01;35:*.tiff=01;35:*.png=01;35:*.svg=01;35:*.svgz=01;35:*.mng=01;35:*.pcx=01;35:*.mov=01;35:*.mpg=01;35:*.mpeg=01;35:*.m2v=01;35:*.mkv=01;35:*.webm=01;35:*.ogm=01;35:*.mp4=01;35:*.m4v=01;35:*.mp4v=01;35:*.vob=01;35:*.qt=01;35:*.nuv=01;35:*.wmv=01;35:*.asf=01;35:*.rm=01;35:*.rmvb=01;35:*.flc=01;35:*.avi=01;35:*.fli=01;35:*.flv=01;35:*.gl=01;35:*.dl=01;35:*.xcf=01;35:*.xwd=01;35:*.yuv=01;35:*.cgm=01;35:*.emf=01;35:*.axv=01;35:*.anx=01;35:*.ogv=01;35:*.ogx=01;35:*.aac=00;36:*.au=00;36:*.flac=00;36:*.mid=00;36:*.midi=00;36:*.mka=00;36:*.mp3=00;36:*.mpc=00;36:*.ogg=00;36:*.ra=00;36:*.wav=00;36:*.axa=00;36:*.oga=00;36:*.spx=00;36:*.xspf=00;36:', 'LESSCLOSE': '/usr/bin/lesspipe %s %s', 'SSH_TTY': '/dev/pts/7', 'PWD': '/home/mdas', 'ROS_ETC_DIR': '/opt/ros/indigo/etc/ros', 'MAIL': '/var/mail/mdas', 'SSH_CONNECTION': '192.168.1.143 47920 192.168.1.113 22'}]
[roslaunch][INFO] 2017-11-04 14:05:21,684: process[usb_cam_1-3]: args[[u'/home/mdas/ros_ws/devel/lib/usb_cam/usb_cam_node', u'__name:=usb_cam_1']]
[roslaunch][INFO] 2017-11-04 14:05:21,684: ... created process [usb_cam_1-3]
[roslaunch.pmon][INFO] 2017-11-04 14:05:21,684: ProcessMonitor.register[usb_cam_1-3]
[roslaunch.pmon][INFO] 2017-11-04 14:05:21,684: ProcessMonitor.register[usb_cam_1-3] complete
[roslaunch][INFO] 2017-11-04 14:05:21,684: ... registered process [usb_cam_1-3]
[roslaunch][INFO] 2017-11-04 14:05:21,684: process[usb_cam_1-3]: starting os process
[roslaunch][INFO] 2017-11-04 14:05:21,684: process[usb_cam_1-3]: start w/ args [[u'/home/mdas/ros_ws/devel/lib/usb_cam/usb_cam_node', u'__name:=usb_cam_1', u'__log:=/home/mdas/.ros/log/b91acc5c-c18a-11e7-a5c8-f44d306c96a4/usb_cam_1-3.log']]
[roslaunch][INFO] 2017-11-04 14:05:21,684: process[usb_cam_1-3]: cwd will be [/home/mdas/.ros]
[roslaunch][INFO] 2017-11-04 14:05:21,687: process[usb_cam_1-3]: started with pid [2241]
[roslaunch][INFO] 2017-11-04 14:05:21,688: ... successfully launched [usb_cam_1-3]
[roslaunch][INFO] 2017-11-04 14:05:21,688: ... preparing to launch node of type [usb_cam/usb_cam_node]
[roslaunch][INFO] 2017-11-04 14:05:21,688: create_node_process: package[usb_cam] type[usb_cam_node] machine[Machine(name[] env_loader[None] address[localhost] ssh_port[22] user[None] assignable[True] timeout[10.0])] master_uri[http://localhost:11311]
[roslaunch][INFO] 2017-11-04 14:05:21,688: process[usb_cam_2-4]: env[{'ROS_DISTRO': 'indigo', 'LESSOPEN': '| /usr/bin/lesspipe %s', 'SSH_CLIENT': '192.168.1.143 47920 22', 'CPATH': '/home/mdas/ros_ws/devel/include:/opt/ros/indigo/include', 'LOGNAME': 'mdas', 'USER': 'mdas', 'PATH': '/opt/ros/indigo/bin:/usr/local/sbin:/usr/local/bin:/usr/sbin:/usr/bin:/sbin:/bin:/usr/games:/usr/local/games', 'HOME': '/home/mdas', 'CMAKE_PREFIX_PATH': '/home/mdas/ros_ws/devel:/opt/ros/indigo', 'ROS_LOG_FILENAME': '/home/mdas/.ros/log/b91acc5c-c18a-11e7-a5c8-f44d306c96a4/roslaunch-mdas-Meerkat-2212.log', 'LANG': 'en_US.UTF-8', 'TERM': 'xterm', 'SHELL': '/bin/bash', 'SHLVL': '1', 'QT_QPA_PLATFORMTHEME': 'appmenu-qt5', 'LD_LIBRARY_PATH': '/home/mdas/ros_ws/devel/lib:/opt/ros/indigo/lib', 'ROS_MASTER_URI': 'http://localhost:11311', 'XDG_RUNTIME_DIR': '/run/user/1000', 'PYTHONPATH': '/home/mdas/ros_ws/devel/lib/python2.7/dist-packages:/opt/ros/indigo/lib/python2.7/dist-packages', 'ROS_ROOT': '/opt/ros/indigo/share/ros', 'PKG_CONFIG_PATH': '/home/mdas/ros_ws/devel/lib/pkgconfig:/opt/ros/indigo/lib/pkgconfig', 'ROS_PACKAGE_PATH': '/home/mdas/ros_ws/src:/opt/ros/indigo/share:/opt/ros/indigo/stacks', 'ROS_WORKSPACE': '/home/mdas/ros_ws', 'XDG_SESSION_ID': '2', '_': '/opt/ros/indigo/bin/roslaunch', 'LS_COLORS': 'rs=0:di=01;34:ln=01;36:mh=00:pi=40;33:so=01;35:do=01;35:bd=40;33;01:cd=40;33;01:or=40;31;01:su=37;41:sg=30;43:ca=30;41:tw=30;42:ow=34;42:st=37;44:ex=01;32:*.tar=01;31:*.tgz=01;31:*.arj=01;31:*.taz=01;31:*.lzh=01;31:*.lzma=01;31:*.tlz=01;31:*.txz=01;31:*.zip=01;31:*.z=01;31:*.Z=01;31:*.dz=01;31:*.gz=01;31:*.lz=01;31:*.xz=01;31:*.bz2=01;31:*.bz=01;31:*.tbz=01;31:*.tbz2=01;31:*.tz=01;31:*.deb=01;31:*.rpm=01;31:*.jar=01;31:*.war=01;31:*.ear=01;31:*.sar=01;31:*.rar=01;31:*.ace=01;31:*.zoo=01;31:*.cpio=01;31:*.7z=01;31:*.rz=01;31:*.jpg=01;35:*.jpeg=01;35:*.gif=01;35:*.bmp=01;35:*.pbm=01;35:*.pgm=01;35:*.ppm=01;35:*.tga=01;35:*.xbm=01;35:*.xpm=01;35:*.tif=01;35:*.tiff=01;35:*.png=01;35:*.svg=01;35:*.svgz=01;35:*.mng=01;35:*.pcx=01;35:*.mov=01;35:*.mpg=01;35:*.mpeg=01;35:*.m2v=01;35:*.mkv=01;35:*.webm=01;35:*.ogm=01;35:*.mp4=01;35:*.m4v=01;35:*.mp4v=01;35:*.vob=01;35:*.qt=01;35:*.nuv=01;35:*.wmv=01;35:*.asf=01;35:*.rm=01;35:*.rmvb=01;35:*.flc=01;35:*.avi=01;35:*.fli=01;35:*.flv=01;35:*.gl=01;35:*.dl=01;35:*.xcf=01;35:*.xwd=01;35:*.yuv=01;35:*.cgm=01;35:*.emf=01;35:*.axv=01;35:*.anx=01;35:*.ogv=01;35:*.ogx=01;35:*.aac=00;36:*.au=00;36:*.flac=00;36:*.mid=00;36:*.midi=00;36:*.mka=00;36:*.mp3=00;36:*.mpc=00;36:*.ogg=00;36:*.ra=00;36:*.wav=00;36:*.axa=00;36:*.oga=00;36:*.spx=00;36:*.xspf=00;36:', 'LESSCLOSE': '/usr/bin/lesspipe %s %s', 'SSH_TTY': '/dev/pts/7', 'PWD': '/home/mdas', 'ROS_ETC_DIR': '/opt/ros/indigo/etc/ros', 'MAIL': '/var/mail/mdas', 'SSH_CONNECTION': '192.168.1.143 47920 192.168.1.113 22'}]
[roslaunch][INFO] 2017-11-04 14:05:21,689: process[usb_cam_2-4]: args[[u'/home/mdas/ros_ws/devel/lib/usb_cam/usb_cam_node', u'__name:=usb_cam_2']]
[roslaunch][INFO] 2017-11-04 14:05:21,689: ... created process [usb_cam_2-4]
[roslaunch.pmon][INFO] 2017-11-04 14:05:21,689: ProcessMonitor.register[usb_cam_2-4]
[roslaunch.pmon][INFO] 2017-11-04 14:05:21,689: ProcessMonitor.register[usb_cam_2-4] complete
[roslaunch][INFO] 2017-11-04 14:05:21,689: ... registered process [usb_cam_2-4]
[roslaunch][INFO] 2017-11-04 14:05:21,689: process[usb_cam_2-4]: starting os process
[roslaunch][INFO] 2017-11-04 14:05:21,689: process[usb_cam_2-4]: start w/ args [[u'/home/mdas/ros_ws/devel/lib/usb_cam/usb_cam_node', u'__name:=usb_cam_2', u'__log:=/home/mdas/.ros/log/b91acc5c-c18a-11e7-a5c8-f44d306c96a4/usb_cam_2-4.log']]
[roslaunch][INFO] 2017-11-04 14:05:21,689: process[usb_cam_2-4]: cwd will be [/home/mdas/.ros]
[roslaunch][INFO] 2017-11-04 14:05:21,691: process[usb_cam_2-4]: started with pid [2242]
[roslaunch][INFO] 2017-11-04 14:05:21,691: ... successfully launched [usb_cam_2-4]
[roslaunch][INFO] 2017-11-04 14:05:21,691: ... preparing to launch node of type [novatel/novatel_node]
[roslaunch][INFO] 2017-11-04 14:05:21,691: create_node_process: package[novatel] type[novatel_node] machine[Machine(name[] env_loader[None] address[localhost] ssh_port[22] user[None] assignable[True] timeout[10.0])] master_uri[http://localhost:11311]
[roslaunch][INFO] 2017-11-04 14:05:21,691: process[novatel_node-5]: env[{'ROS_DISTRO': 'indigo', 'LESSOPEN': '| /usr/bin/lesspipe %s', 'SSH_CLIENT': '192.168.1.143 47920 22', 'CPATH': '/home/mdas/ros_ws/devel/include:/opt/ros/indigo/include', 'LOGNAME': 'mdas', 'USER': 'mdas', 'PATH': '/opt/ros/indigo/bin:/usr/local/sbin:/usr/local/bin:/usr/sbin:/usr/bin:/sbin:/bin:/usr/games:/usr/local/games', 'HOME': '/home/mdas', 'CMAKE_PREFIX_PATH': '/home/mdas/ros_ws/devel:/opt/ros/indigo', 'ROS_LOG_FILENAME': '/home/mdas/.ros/log/b91acc5c-c18a-11e7-a5c8-f44d306c96a4/roslaunch-mdas-Meerkat-2212.log', 'LANG': 'en_US.UTF-8', 'TERM': 'xterm', 'SHELL': '/bin/bash', 'SHLVL': '1', 'QT_QPA_PLATFORMTHEME': 'appmenu-qt5', 'LD_LIBRARY_PATH': '/home/mdas/ros_ws/devel/lib:/opt/ros/indigo/lib', 'ROS_MASTER_URI': 'http://localhost:11311', 'XDG_RUNTIME_DIR': '/run/user/1000', 'PYTHONPATH': '/home/mdas/ros_ws/devel/lib/python2.7/dist-packages:/opt/ros/indigo/lib/python2.7/dist-packages', 'ROS_ROOT': '/opt/ros/indigo/share/ros', 'PKG_CONFIG_PATH': '/home/mdas/ros_ws/devel/lib/pkgconfig:/opt/ros/indigo/lib/pkgconfig', 'ROS_PACKAGE_PATH': '/home/mdas/ros_ws/src:/opt/ros/indigo/share:/opt/ros/indigo/stacks', 'ROS_WORKSPACE': '/home/mdas/ros_ws', 'XDG_SESSION_ID': '2', '_': '/opt/ros/indigo/bin/roslaunch', 'LS_COLORS': 'rs=0:di=01;34:ln=01;36:mh=00:pi=40;33:so=01;35:do=01;35:bd=40;33;01:cd=40;33;01:or=40;31;01:su=37;41:sg=30;43:ca=30;41:tw=30;42:ow=34;42:st=37;44:ex=01;32:*.tar=01;31:*.tgz=01;31:*.arj=01;31:*.taz=01;31:*.lzh=01;31:*.lzma=01;31:*.tlz=01;31:*.txz=01;31:*.zip=01;31:*.z=01;31:*.Z=01;31:*.dz=01;31:*.gz=01;31:*.lz=01;31:*.xz=01;31:*.bz2=01;31:*.bz=01;31:*.tbz=01;31:*.tbz2=01;31:*.tz=01;31:*.deb=01;31:*.rpm=01;31:*.jar=01;31:*.war=01;31:*.ear=01;31:*.sar=01;31:*.rar=01;31:*.ace=01;31:*.zoo=01;31:*.cpio=01;31:*.7z=01;31:*.rz=01;31:*.jpg=01;35:*.jpeg=01;35:*.gif=01;35:*.bmp=01;35:*.pbm=01;35:*.pgm=01;35:*.ppm=01;35:*.tga=01;35:*.xbm=01;35:*.xpm=01;35:*.tif=01;35:*.tiff=01;35:*.png=01;35:*.svg=01;35:*.svgz=01;35:*.mng=01;35:*.pcx=01;35:*.mov=01;35:*.mpg=01;35:*.mpeg=01;35:*.m2v=01;35:*.mkv=01;35:*.webm=01;35:*.ogm=01;35:*.mp4=01;35:*.m4v=01;35:*.mp4v=01;35:*.vob=01;35:*.qt=01;35:*.nuv=01;35:*.wmv=01;35:*.asf=01;35:*.rm=01;35:*.rmvb=01;35:*.flc=01;35:*.avi=01;35:*.fli=01;35:*.flv=01;35:*.gl=01;35:*.dl=01;35:*.xcf=01;35:*.xwd=01;35:*.yuv=01;35:*.cgm=01;35:*.emf=01;35:*.axv=01;35:*.anx=01;35:*.ogv=01;35:*.ogx=01;35:*.aac=00;36:*.au=00;36:*.flac=00;36:*.mid=00;36:*.midi=00;36:*.mka=00;36:*.mp3=00;36:*.mpc=00;36:*.ogg=00;36:*.ra=00;36:*.wav=00;36:*.axa=00;36:*.oga=00;36:*.spx=00;36:*.xspf=00;36:', 'LESSCLOSE': '/usr/bin/lesspipe %s %s', 'SSH_TTY': '/dev/pts/7', 'PWD': '/home/mdas', 'ROS_ETC_DIR': '/opt/ros/indigo/etc/ros', 'MAIL': '/var/mail/mdas', 'SSH_CONNECTION': '192.168.1.143 47920 192.168.1.113 22'}]
[roslaunch][INFO] 2017-11-04 14:05:21,696: process[novatel_node-5]: args[[u'/home/mdas/ros_ws/devel/lib/novatel/novatel_node', u'__name:=novatel_node']]
[roslaunch][INFO] 2017-11-04 14:05:21,696: ... created process [novatel_node-5]
[roslaunch.pmon][INFO] 2017-11-04 14:05:21,696: ProcessMonitor.register[novatel_node-5]
[roslaunch.pmon][INFO] 2017-11-04 14:05:21,696: ProcessMonitor.register[novatel_node-5] complete
[roslaunch][INFO] 2017-11-04 14:05:21,696: ... registered process [novatel_node-5]
[roslaunch][INFO] 2017-11-04 14:05:21,696: process[novatel_node-5]: starting os process
[roslaunch][INFO] 2017-11-04 14:05:21,696: process[novatel_node-5]: start w/ args [[u'/home/mdas/ros_ws/devel/lib/novatel/novatel_node', u'__name:=novatel_node', u'__log:=/home/mdas/.ros/log/b91acc5c-c18a-11e7-a5c8-f44d306c96a4/novatel_node-5.log']]
[roslaunch][INFO] 2017-11-04 14:05:21,696: process[novatel_node-5]: cwd will be [/home/mdas/.ros]
[roslaunch][INFO] 2017-11-04 14:05:21,698: process[novatel_node-5]: started with pid [2251]
[roslaunch][INFO] 2017-11-04 14:05:21,699: ... successfully launched [novatel_node-5]
[roslaunch][INFO] 2017-11-04 14:05:21,699: ... launch_nodes complete
[roslaunch.pmon][INFO] 2017-11-04 14:05:21,699: registrations completed <ProcessMonitor(ProcessMonitor-1, started daemon 140379133130496)>
[roslaunch.parent][INFO] 2017-11-04 14:05:21,699: ... roslaunch parent running, waiting for process exit
[roslaunch][INFO] 2017-11-04 14:05:21,699: spin
[roslaunch][ERROR] 2017-11-04 14:05:22,194: [usb_cam_1-3] process has died [pid 2241, exit code 1, cmd /home/mdas/ros_ws/devel/lib/usb_cam/usb_cam_node __name:=usb_cam_1 __log:=/home/mdas/.ros/log/b91acc5c-c18a-11e7-a5c8-f44d306c96a4/usb_cam_1-3.log].
log file: /home/mdas/.ros/log/b91acc5c-c18a-11e7-a5c8-f44d306c96a4/usb_cam_1-3*.log
[roslaunch][ERROR] 2017-11-04 14:05:22,195: [usb_cam_2-4] process has died [pid 2242, exit code 1, cmd /home/mdas/ros_ws/devel/lib/usb_cam/usb_cam_node __name:=usb_cam_2 __log:=/home/mdas/.ros/log/b91acc5c-c18a-11e7-a5c8-f44d306c96a4/usb_cam_2-4.log].
log file: /home/mdas/.ros/log/b91acc5c-c18a-11e7-a5c8-f44d306c96a4/usb_cam_2-4*.log
[roslaunch.pmon][INFO] 2017-11-04 14:05:22,195: ProcessMonitor.unregister[usb_cam_1-3] starting
[roslaunch.pmon][INFO] 2017-11-04 14:05:22,196: ProcessMonitor.unregister[usb_cam_1-3] complete
[roslaunch.pmon][INFO] 2017-11-04 14:05:22,196: ProcessMonitor.unregister[usb_cam_2-4] starting
[roslaunch.pmon][INFO] 2017-11-04 14:05:22,196: ProcessMonitor.unregister[usb_cam_2-4] complete
[roslaunch.pmon][INFO] 2017-11-04 14:12:48,442: ProcessMonitor.shutdown <ProcessMonitor(ProcessMonitor-1, started daemon 140379133130496)>
[roslaunch.pmon][INFO] 2017-11-04 14:12:48,508: ProcessMonitor._post_run <ProcessMonitor(ProcessMonitor-1, started daemon 140379133130496)>
[roslaunch.pmon][INFO] 2017-11-04 14:12:48,508: ProcessMonitor._post_run <ProcessMonitor(ProcessMonitor-1, started daemon 140379133130496)>: remaining procs are [<roslaunch.nodeprocess.LocalProcess object at 0x7fac911eb350>, <roslaunch.nodeprocess.LocalProcess object at 0x7fac911f5250>, <roslaunch.nodeprocess.LocalProcess object at 0x7fac907fd150>, <roslaunch.nodeprocess.LocalProcess object at 0x7fac907fd510>]
[roslaunch.pmon][INFO] 2017-11-04 14:12:48,508: ProcessMonitor exit: killing novatel_node-5
[roslaunch][INFO] 2017-11-04 14:12:48,508: [novatel_node-5] killing on exit
[roslaunch][INFO] 2017-11-04 14:12:48,508: process[novatel_node-5]: killing os process with pid[2251] pgid[2251]
[roslaunch][INFO] 2017-11-04 14:12:48,509: [novatel_node-5] sending SIGINT to pgid [2251]
[roslaunch][INFO] 2017-11-04 14:12:48,509: [novatel_node-5] sent SIGINT to pgid [2251]
[roslaunch.pmon][INFO] 2017-11-04 14:12:48,509: ProcessMonitor exit: killing base_laser1-2
[roslaunch][INFO] 2017-11-04 14:12:48,509: [base_laser1-2] killing on exit
[roslaunch][INFO] 2017-11-04 14:12:48,509: process[base_laser1-2]: killing os process with pid[2240] pgid[2240]
[roslaunch][INFO] 2017-11-04 14:12:48,509: [base_laser1-2] sending SIGINT to pgid [2240]
[roslaunch][INFO] 2017-11-04 14:12:48,509: [base_laser1-2] sent SIGINT to pgid [2240]
[roslaunch][INFO] 2017-11-04 14:12:49,110: process[base_laser1-2]: SIGINT killed with return value 0
[roslaunch][INFO] 2017-11-04 14:12:49,210: process[novatel_node-5]: SIGINT killed with return value 0
[roslaunch.pmon][INFO] 2017-11-04 14:12:49,211: ProcessMonitor exit: killing rosout-1
[roslaunch][INFO] 2017-11-04 14:12:49,212: [rosout-1] killing on exit
[roslaunch][INFO] 2017-11-04 14:12:49,212: process[rosout-1]: killing os process with pid[2237] pgid[2237]
[roslaunch][INFO] 2017-11-04 14:12:49,212: [rosout-1] sending SIGINT to pgid [2237]
[roslaunch][INFO] 2017-11-04 14:12:49,213: [rosout-1] sent SIGINT to pgid [2237]
[roslaunch][INFO] 2017-11-04 14:12:49,513: process[rosout-1]: SIGINT killed with return value 0
[roslaunch.pmon][INFO] 2017-11-04 14:12:49,514: ProcessMonitor exit: killing master
[roslaunch][INFO] 2017-11-04 14:12:49,514: [master] killing on exit
[roslaunch][INFO] 2017-11-04 14:12:49,514: process[master]: killing os process with pid[2224] pgid[2224]
[roslaunch][INFO] 2017-11-04 14:12:49,514: [master] sending SIGINT to pgid [2224]
[roslaunch][INFO] 2017-11-04 14:12:49,514: [master] sent SIGINT to pgid [2224]
[roslaunch][INFO] 2017-11-04 14:12:49,715: process[master]: SIGINT killed with return value 0
[roslaunch.pmon][INFO] 2017-11-04 14:12:49,716: ProcessMonitor exit: cleaning up data structures and signals
[roslaunch.pmon][INFO] 2017-11-04 14:12:49,716: ProcessMonitor exit: pmon has shutdown
[roslaunch][INFO] 2017-11-04 14:12:49,760: process monitor is done spinning, initiating full shutdown
[roslaunch][INFO] 2017-11-04 14:12:49,760: runner.stop()
[roslaunch][INFO] 2017-11-04 14:12:49,761: shutting down processing monitor...
[roslaunch][INFO] 2017-11-04 14:12:49,761: shutting down processing monitor <ProcessMonitor(ProcessMonitor-1, stopped daemon 140379133130496)>
[roslaunch.pmon][INFO] 2017-11-04 14:12:49,761: ProcessMonitor.shutdown <ProcessMonitor(ProcessMonitor-1, stopped daemon 140379133130496)>
[roslaunch][INFO] 2017-11-04 14:12:49,761: ... shutting down processing monitor complete
[roslaunch][INFO] 2017-11-04 14:12:49,762: done
[roslaunch.pmon][INFO] 2017-11-04 14:12:49,762: ProcessMonitor.shutdown <ProcessMonitor(ProcessMonitor-1, stopped daemon 140379133130496)>
[rospy.core][INFO] 2017-11-04 14:12:49,763: signal_shutdown [atexit]
