[roslaunch][INFO] 2017-11-08 13:21:23,597: Checking log directory for disk usage. This may take awhile.
Press Ctrl-C to interrupt
[roslaunch][INFO] 2017-11-08 13:21:23,599: Done checking log file disk usage. Usage is <1GB.
[roslaunch][INFO] 2017-11-08 13:21:23,599: roslaunch starting with args ['/opt/ros/indigo/bin/roslaunch', 'usb_cam', 'usb_cam-1.launch']
[roslaunch][INFO] 2017-11-08 13:21:23,599: roslaunch env is {'ROS_DISTRO': 'indigo', 'LESSOPEN': '| /usr/bin/lesspipe %s', 'SSH_CLIENT': '192.168.1.15 43410 22', 'CPATH': '/home/mdas/ros_ws/devel/include:/opt/ros/indigo/include', 'LOGNAME': 'mdas', 'USER': 'mdas', 'PATH': '/opt/ros/indigo/bin:/usr/local/sbin:/usr/local/bin:/usr/sbin:/usr/bin:/sbin:/bin:/usr/games:/usr/local/games', 'HOME': '/home/mdas', 'CMAKE_PREFIX_PATH': '/home/mdas/ros_ws/devel:/opt/ros/indigo', 'LD_LIBRARY_PATH': '/home/mdas/ros_ws/devel/lib:/opt/ros/indigo/lib', 'LANG': 'en_US.UTF-8', 'TERM': 'xterm', 'SHELL': '/bin/bash', 'SHLVL': '1', 'QT_QPA_PLATFORMTHEME': 'appmenu-qt5', 'ROS_LOG_FILENAME': '/home/mdas/.ros/log/a04cbd32-c4b1-11e7-93cb-f44d306c96a4/roslaunch-mdas-Meerkat-3751.log', 'ROS_ETC_DIR': '/opt/ros/indigo/etc/ros', 'XDG_RUNTIME_DIR': '/run/user/1000', 'PYTHONPATH': '/home/mdas/ros_ws/devel/lib/python2.7/dist-packages:/opt/ros/indigo/lib/python2.7/dist-packages', 'ROS_ROOT': '/opt/ros/indigo/share/ros', 'PKG_CONFIG_PATH': '/home/mdas/ros_ws/devel/lib/pkgconfig:/opt/ros/indigo/lib/pkgconfig', 'ROS_PACKAGE_PATH': '/home/mdas/ros_ws/src:/opt/ros/indigo/share:/opt/ros/indigo/stacks', 'ROS_WORKSPACE': '/home/mdas/ros_ws', 'XDG_SESSION_ID': '3', '_': '/opt/ros/indigo/bin/roslaunch', 'SSH_CONNECTION': '192.168.1.15 43410 192.168.1.113 22', 'LESSCLOSE': '/usr/bin/lesspipe %s %s', 'SSH_TTY': '/dev/pts/9', 'OLDPWD': '/home/mdas/ros_ws/src/packages/usb_cams', 'PWD': '/home/mdas/ros_ws/src/packages/usb_cams/launch', 'ROS_MASTER_URI': 'http://localhost:11311', 'MAIL': '/var/mail/mdas', 'LS_COLORS': 'rs=0:di=01;34:ln=01;36:mh=00:pi=40;33:so=01;35:do=01;35:bd=40;33;01:cd=40;33;01:or=40;31;01:su=37;41:sg=30;43:ca=30;41:tw=30;42:ow=34;42:st=37;44:ex=01;32:*.tar=01;31:*.tgz=01;31:*.arj=01;31:*.taz=01;31:*.lzh=01;31:*.lzma=01;31:*.tlz=01;31:*.txz=01;31:*.zip=01;31:*.z=01;31:*.Z=01;31:*.dz=01;31:*.gz=01;31:*.lz=01;31:*.xz=01;31:*.bz2=01;31:*.bz=01;31:*.tbz=01;31:*.tbz2=01;31:*.tz=01;31:*.deb=01;31:*.rpm=01;31:*.jar=01;31:*.war=01;31:*.ear=01;31:*.sar=01;31:*.rar=01;31:*.ace=01;31:*.zoo=01;31:*.cpio=01;31:*.7z=01;31:*.rz=01;31:*.jpg=01;35:*.jpeg=01;35:*.gif=01;35:*.bmp=01;35:*.pbm=01;35:*.pgm=01;35:*.ppm=01;35:*.tga=01;35:*.xbm=01;35:*.xpm=01;35:*.tif=01;35:*.tiff=01;35:*.png=01;35:*.svg=01;35:*.svgz=01;35:*.mng=01;35:*.pcx=01;35:*.mov=01;35:*.mpg=01;35:*.mpeg=01;35:*.m2v=01;35:*.mkv=01;35:*.webm=01;35:*.ogm=01;35:*.mp4=01;35:*.m4v=01;35:*.mp4v=01;35:*.vob=01;35:*.qt=01;35:*.nuv=01;35:*.wmv=01;35:*.asf=01;35:*.rm=01;35:*.rmvb=01;35:*.flc=01;35:*.avi=01;35:*.fli=01;35:*.flv=01;35:*.gl=01;35:*.dl=01;35:*.xcf=01;35:*.xwd=01;35:*.yuv=01;35:*.cgm=01;35:*.emf=01;35:*.axv=01;35:*.anx=01;35:*.ogv=01;35:*.ogx=01;35:*.aac=00;36:*.au=00;36:*.flac=00;36:*.mid=00;36:*.midi=00;36:*.mka=00;36:*.mp3=00;36:*.mpc=00;36:*.ogg=00;36:*.ra=00;36:*.wav=00;36:*.axa=00;36:*.oga=00;36:*.spx=00;36:*.xspf=00;36:'}
[roslaunch][INFO] 2017-11-08 13:21:23,599: starting in server mode
[roslaunch.parent][INFO] 2017-11-08 13:21:23,599: starting roslaunch parent run
[roslaunch][INFO] 2017-11-08 13:21:23,600: loading roscore config file /opt/ros/indigo/etc/ros/roscore.xml
[roslaunch][INFO] 2017-11-08 13:21:23,660: Added core node of type [rosout/rosout] in namespace [/]
[roslaunch.config][INFO] 2017-11-08 13:21:23,660: loading config file /home/mdas/ros_ws/src/packages/usb_cams/launch/usb_cam-1.launch
[roslaunch][INFO] 2017-11-08 13:21:23,661: Added node of type [usb_cam/usb_cam_node] in namespace [/]
[roslaunch][INFO] 2017-11-08 13:21:23,661: ... selected machine [] for node of type [usb_cam/usb_cam_node]
[roslaunch.pmon][INFO] 2017-11-08 13:21:23,662: start_process_monitor: creating ProcessMonitor
[roslaunch.pmon][INFO] 2017-11-08 13:21:23,662: created process monitor <ProcessMonitor(ProcessMonitor-1, initial daemon)>
[roslaunch.pmon][INFO] 2017-11-08 13:21:23,662: start_process_monitor: ProcessMonitor started
[roslaunch.parent][INFO] 2017-11-08 13:21:23,662: starting parent XML-RPC server
[roslaunch.server][INFO] 2017-11-08 13:21:23,662: starting roslaunch XML-RPC server
[roslaunch.server][INFO] 2017-11-08 13:21:23,662: waiting for roslaunch XML-RPC server to initialize
[xmlrpc][INFO] 2017-11-08 13:21:23,662: XML-RPC server binding to 0.0.0.0:0
[xmlrpc][INFO] 2017-11-08 13:21:23,662: Started XML-RPC server [http://mdas-Meerkat:35611/]
[xmlrpc][INFO] 2017-11-08 13:21:23,663: xml rpc node: starting XML-RPC server
[roslaunch][INFO] 2017-11-08 13:21:23,674: started roslaunch server http://mdas-Meerkat:35611/
[roslaunch.parent][INFO] 2017-11-08 13:21:23,674: ... parent XML-RPC server started
[roslaunch][INFO] 2017-11-08 13:21:23,674: master.is_running[http://localhost:11311]
[roslaunch][INFO] 2017-11-08 13:21:23,674: auto-starting new master
[roslaunch][INFO] 2017-11-08 13:21:23,675: create_master_process: rosmaster, /opt/ros/indigo/share/ros, 11311, 3, None
[roslaunch][INFO] 2017-11-08 13:21:23,675: process[master]: launching with args [['rosmaster', '--core', '-p', '11311', '-w', '3']]
[roslaunch.pmon][INFO] 2017-11-08 13:21:23,675: ProcessMonitor.register[master]
[roslaunch.pmon][INFO] 2017-11-08 13:21:23,675: ProcessMonitor.register[master] complete
[roslaunch][INFO] 2017-11-08 13:21:23,675: process[master]: starting os process
[roslaunch][INFO] 2017-11-08 13:21:23,675: process[master]: start w/ args [['rosmaster', '--core', '-p', '11311', '-w', '3', '__log:=/home/mdas/.ros/log/a04cbd32-c4b1-11e7-93cb-f44d306c96a4/master.log']]
[roslaunch][INFO] 2017-11-08 13:21:23,675: process[master]: cwd will be [/home/mdas/.ros]
[roslaunch][INFO] 2017-11-08 13:21:23,676: process[master]: started with pid [3763]
[roslaunch][INFO] 2017-11-08 13:21:23,676: master.is_running[http://localhost:11311]
[roslaunch][INFO] 2017-11-08 13:21:23,777: master.is_running[http://localhost:11311]
[roslaunch][INFO] 2017-11-08 13:21:23,778: master.is_running[http://localhost:11311]
[roslaunch][INFO] 2017-11-08 13:21:23,779: ROS_MASTER_URI=http://localhost:11311
[roslaunch][INFO] 2017-11-08 13:21:23,780: setting /run_id to a04cbd32-c4b1-11e7-93cb-f44d306c96a4
[roslaunch][INFO] 2017-11-08 13:21:23,781: setting /roslaunch/uris/host_mdas_meerkat__35611' to http://mdas-Meerkat:35611/
[roslaunch][INFO] 2017-11-08 13:21:23,782: ... preparing to launch node of type [rosout/rosout]
[roslaunch][INFO] 2017-11-08 13:21:23,782: create_node_process: package[rosout] type[rosout] machine[Machine(name[] env_loader[None] address[localhost] ssh_port[22] user[None] assignable[True] timeout[10.0])] master_uri[http://localhost:11311]
[roslaunch][INFO] 2017-11-08 13:21:23,782: process[rosout-1]: env[{'ROS_DISTRO': 'indigo', 'LESSOPEN': '| /usr/bin/lesspipe %s', 'SSH_CLIENT': '192.168.1.15 43410 22', 'CPATH': '/home/mdas/ros_ws/devel/include:/opt/ros/indigo/include', 'LOGNAME': 'mdas', 'USER': 'mdas', 'PATH': '/opt/ros/indigo/bin:/usr/local/sbin:/usr/local/bin:/usr/sbin:/usr/bin:/sbin:/bin:/usr/games:/usr/local/games', 'HOME': '/home/mdas', 'CMAKE_PREFIX_PATH': '/home/mdas/ros_ws/devel:/opt/ros/indigo', 'ROS_LOG_FILENAME': '/home/mdas/.ros/log/a04cbd32-c4b1-11e7-93cb-f44d306c96a4/roslaunch-mdas-Meerkat-3751.log', 'LANG': 'en_US.UTF-8', 'TERM': 'xterm', 'SHELL': '/bin/bash', 'SHLVL': '1', 'QT_QPA_PLATFORMTHEME': 'appmenu-qt5', 'LD_LIBRARY_PATH': '/home/mdas/ros_ws/devel/lib:/opt/ros/indigo/lib', 'ROS_MASTER_URI': 'http://localhost:11311', 'XDG_RUNTIME_DIR': '/run/user/1000', 'PYTHONPATH': '/home/mdas/ros_ws/devel/lib/python2.7/dist-packages:/opt/ros/indigo/lib/python2.7/dist-packages', 'ROS_ROOT': '/opt/ros/indigo/share/ros', 'PKG_CONFIG_PATH': '/home/mdas/ros_ws/devel/lib/pkgconfig:/opt/ros/indigo/lib/pkgconfig', 'ROS_PACKAGE_PATH': '/home/mdas/ros_ws/src:/opt/ros/indigo/share:/opt/ros/indigo/stacks', 'ROS_WORKSPACE': '/home/mdas/ros_ws', 'XDG_SESSION_ID': '3', '_': '/opt/ros/indigo/bin/roslaunch', 'LS_COLORS': 'rs=0:di=01;34:ln=01;36:mh=00:pi=40;33:so=01;35:do=01;35:bd=40;33;01:cd=40;33;01:or=40;31;01:su=37;41:sg=30;43:ca=30;41:tw=30;42:ow=34;42:st=37;44:ex=01;32:*.tar=01;31:*.tgz=01;31:*.arj=01;31:*.taz=01;31:*.lzh=01;31:*.lzma=01;31:*.tlz=01;31:*.txz=01;31:*.zip=01;31:*.z=01;31:*.Z=01;31:*.dz=01;31:*.gz=01;31:*.lz=01;31:*.xz=01;31:*.bz2=01;31:*.bz=01;31:*.tbz=01;31:*.tbz2=01;31:*.tz=01;31:*.deb=01;31:*.rpm=01;31:*.jar=01;31:*.war=01;31:*.ear=01;31:*.sar=01;31:*.rar=01;31:*.ace=01;31:*.zoo=01;31:*.cpio=01;31:*.7z=01;31:*.rz=01;31:*.jpg=01;35:*.jpeg=01;35:*.gif=01;35:*.bmp=01;35:*.pbm=01;35:*.pgm=01;35:*.ppm=01;35:*.tga=01;35:*.xbm=01;35:*.xpm=01;35:*.tif=01;35:*.tiff=01;35:*.png=01;35:*.svg=01;35:*.svgz=01;35:*.mng=01;35:*.pcx=01;35:*.mov=01;35:*.mpg=01;35:*.mpeg=01;35:*.m2v=01;35:*.mkv=01;35:*.webm=01;35:*.ogm=01;35:*.mp4=01;35:*.m4v=01;35:*.mp4v=01;35:*.vob=01;35:*.qt=01;35:*.nuv=01;35:*.wmv=01;35:*.asf=01;35:*.rm=01;35:*.rmvb=01;35:*.flc=01;35:*.avi=01;35:*.fli=01;35:*.flv=01;35:*.gl=01;35:*.dl=01;35:*.xcf=01;35:*.xwd=01;35:*.yuv=01;35:*.cgm=01;35:*.emf=01;35:*.axv=01;35:*.anx=01;35:*.ogv=01;35:*.ogx=01;35:*.aac=00;36:*.au=00;36:*.flac=00;36:*.mid=00;36:*.midi=00;36:*.mka=00;36:*.mp3=00;36:*.mpc=00;36:*.ogg=00;36:*.ra=00;36:*.wav=00;36:*.axa=00;36:*.oga=00;36:*.spx=00;36:*.xspf=00;36:', 'LESSCLOSE': '/usr/bin/lesspipe %s %s', 'SSH_TTY': '/dev/pts/9', 'OLDPWD': '/home/mdas/ros_ws/src/packages/usb_cams', 'PWD': '/home/mdas/ros_ws/src/packages/usb_cams/launch', 'ROS_ETC_DIR': '/opt/ros/indigo/etc/ros', 'MAIL': '/var/mail/mdas', 'SSH_CONNECTION': '192.168.1.15 43410 192.168.1.113 22'}]
[roslaunch][INFO] 2017-11-08 13:21:23,831: process[rosout-1]: args[[u'/opt/ros/indigo/lib/rosout/rosout', u'__name:=rosout']]
[roslaunch][INFO] 2017-11-08 13:21:23,831: ... created process [rosout-1]
[roslaunch.pmon][INFO] 2017-11-08 13:21:23,831: ProcessMonitor.register[rosout-1]
[roslaunch.pmon][INFO] 2017-11-08 13:21:23,831: ProcessMonitor.register[rosout-1] complete
[roslaunch][INFO] 2017-11-08 13:21:23,831: ... registered process [rosout-1]
[roslaunch][INFO] 2017-11-08 13:21:23,831: process[rosout-1]: starting os process
[roslaunch][INFO] 2017-11-08 13:21:23,832: process[rosout-1]: start w/ args [[u'/opt/ros/indigo/lib/rosout/rosout', u'__name:=rosout', u'__log:=/home/mdas/.ros/log/a04cbd32-c4b1-11e7-93cb-f44d306c96a4/rosout-1.log']]
[roslaunch][INFO] 2017-11-08 13:21:23,832: process[rosout-1]: cwd will be [/home/mdas/.ros]
[roslaunch][INFO] 2017-11-08 13:21:23,833: process[rosout-1]: started with pid [3776]
[roslaunch][INFO] 2017-11-08 13:21:23,833: ... successfully launched [rosout-1]
[roslaunch][INFO] 2017-11-08 13:21:23,834: load_parameters starting ...
[roslaunch][INFO] 2017-11-08 13:21:23,837: ... load_parameters complete
[roslaunch][INFO] 2017-11-08 13:21:23,837: launch_nodes: launching local nodes ...
[roslaunch][INFO] 2017-11-08 13:21:23,837: ... preparing to launch node of type [usb_cam/usb_cam_node]
[roslaunch][INFO] 2017-11-08 13:21:23,838: create_node_process: package[usb_cam] type[usb_cam_node] machine[Machine(name[] env_loader[None] address[localhost] ssh_port[22] user[None] assignable[True] timeout[10.0])] master_uri[http://localhost:11311]
[roslaunch][INFO] 2017-11-08 13:21:23,838: process[usb_cam_1-2]: env[{'ROS_DISTRO': 'indigo', 'LESSOPEN': '| /usr/bin/lesspipe %s', 'SSH_CLIENT': '192.168.1.15 43410 22', 'CPATH': '/home/mdas/ros_ws/devel/include:/opt/ros/indigo/include', 'LOGNAME': 'mdas', 'USER': 'mdas', 'PATH': '/opt/ros/indigo/bin:/usr/local/sbin:/usr/local/bin:/usr/sbin:/usr/bin:/sbin:/bin:/usr/games:/usr/local/games', 'HOME': '/home/mdas', 'CMAKE_PREFIX_PATH': '/home/mdas/ros_ws/devel:/opt/ros/indigo', 'ROS_LOG_FILENAME': '/home/mdas/.ros/log/a04cbd32-c4b1-11e7-93cb-f44d306c96a4/roslaunch-mdas-Meerkat-3751.log', 'LANG': 'en_US.UTF-8', 'TERM': 'xterm', 'SHELL': '/bin/bash', 'SHLVL': '1', 'QT_QPA_PLATFORMTHEME': 'appmenu-qt5', 'LD_LIBRARY_PATH': '/home/mdas/ros_ws/devel/lib:/opt/ros/indigo/lib', 'ROS_MASTER_URI': 'http://localhost:11311', 'XDG_RUNTIME_DIR': '/run/user/1000', 'PYTHONPATH': '/home/mdas/ros_ws/devel/lib/python2.7/dist-packages:/opt/ros/indigo/lib/python2.7/dist-packages', 'ROS_ROOT': '/opt/ros/indigo/share/ros', 'PKG_CONFIG_PATH': '/home/mdas/ros_ws/devel/lib/pkgconfig:/opt/ros/indigo/lib/pkgconfig', 'ROS_PACKAGE_PATH': '/home/mdas/ros_ws/src:/opt/ros/indigo/share:/opt/ros/indigo/stacks', 'ROS_WORKSPACE': '/home/mdas/ros_ws', 'XDG_SESSION_ID': '3', '_': '/opt/ros/indigo/bin/roslaunch', 'LS_COLORS': 'rs=0:di=01;34:ln=01;36:mh=00:pi=40;33:so=01;35:do=01;35:bd=40;33;01:cd=40;33;01:or=40;31;01:su=37;41:sg=30;43:ca=30;41:tw=30;42:ow=34;42:st=37;44:ex=01;32:*.tar=01;31:*.tgz=01;31:*.arj=01;31:*.taz=01;31:*.lzh=01;31:*.lzma=01;31:*.tlz=01;31:*.txz=01;31:*.zip=01;31:*.z=01;31:*.Z=01;31:*.dz=01;31:*.gz=01;31:*.lz=01;31:*.xz=01;31:*.bz2=01;31:*.bz=01;31:*.tbz=01;31:*.tbz2=01;31:*.tz=01;31:*.deb=01;31:*.rpm=01;31:*.jar=01;31:*.war=01;31:*.ear=01;31:*.sar=01;31:*.rar=01;31:*.ace=01;31:*.zoo=01;31:*.cpio=01;31:*.7z=01;31:*.rz=01;31:*.jpg=01;35:*.jpeg=01;35:*.gif=01;35:*.bmp=01;35:*.pbm=01;35:*.pgm=01;35:*.ppm=01;35:*.tga=01;35:*.xbm=01;35:*.xpm=01;35:*.tif=01;35:*.tiff=01;35:*.png=01;35:*.svg=01;35:*.svgz=01;35:*.mng=01;35:*.pcx=01;35:*.mov=01;35:*.mpg=01;35:*.mpeg=01;35:*.m2v=01;35:*.mkv=01;35:*.webm=01;35:*.ogm=01;35:*.mp4=01;35:*.m4v=01;35:*.mp4v=01;35:*.vob=01;35:*.qt=01;35:*.nuv=01;35:*.wmv=01;35:*.asf=01;35:*.rm=01;35:*.rmvb=01;35:*.flc=01;35:*.avi=01;35:*.fli=01;35:*.flv=01;35:*.gl=01;35:*.dl=01;35:*.xcf=01;35:*.xwd=01;35:*.yuv=01;35:*.cgm=01;35:*.emf=01;35:*.axv=01;35:*.anx=01;35:*.ogv=01;35:*.ogx=01;35:*.aac=00;36:*.au=00;36:*.flac=00;36:*.mid=00;36:*.midi=00;36:*.mka=00;36:*.mp3=00;36:*.mpc=00;36:*.ogg=00;36:*.ra=00;36:*.wav=00;36:*.axa=00;36:*.oga=00;36:*.spx=00;36:*.xspf=00;36:', 'LESSCLOSE': '/usr/bin/lesspipe %s %s', 'SSH_TTY': '/dev/pts/9', 'OLDPWD': '/home/mdas/ros_ws/src/packages/usb_cams', 'PWD': '/home/mdas/ros_ws/src/packages/usb_cams/launch', 'ROS_ETC_DIR': '/opt/ros/indigo/etc/ros', 'MAIL': '/var/mail/mdas', 'SSH_CONNECTION': '192.168.1.15 43410 192.168.1.113 22'}]
[roslaunch][INFO] 2017-11-08 13:21:23,839: process[usb_cam_1-2]: args[[u'/home/mdas/ros_ws/devel/lib/usb_cam/usb_cam_node', u'__name:=usb_cam_1']]
[roslaunch][INFO] 2017-11-08 13:21:23,839: ... created process [usb_cam_1-2]
[roslaunch.pmon][INFO] 2017-11-08 13:21:23,839: ProcessMonitor.register[usb_cam_1-2]
[roslaunch.pmon][INFO] 2017-11-08 13:21:23,839: ProcessMonitor.register[usb_cam_1-2] complete
[roslaunch][INFO] 2017-11-08 13:21:23,839: ... registered process [usb_cam_1-2]
[roslaunch][INFO] 2017-11-08 13:21:23,839: process[usb_cam_1-2]: starting os process
[roslaunch][INFO] 2017-11-08 13:21:23,839: process[usb_cam_1-2]: start w/ args [[u'/home/mdas/ros_ws/devel/lib/usb_cam/usb_cam_node', u'__name:=usb_cam_1', u'__log:=/home/mdas/.ros/log/a04cbd32-c4b1-11e7-93cb-f44d306c96a4/usb_cam_1-2.log']]
[roslaunch][INFO] 2017-11-08 13:21:23,839: process[usb_cam_1-2]: cwd will be [/home/mdas/.ros]
[roslaunch][INFO] 2017-11-08 13:21:23,841: process[usb_cam_1-2]: started with pid [3783]
[roslaunch][INFO] 2017-11-08 13:21:23,841: ... successfully launched [usb_cam_1-2]
[roslaunch][INFO] 2017-11-08 13:21:23,841: ... launch_nodes complete
[roslaunch.pmon][INFO] 2017-11-08 13:21:23,841: registrations completed <ProcessMonitor(ProcessMonitor-1, started daemon 139740254004992)>
[roslaunch.parent][INFO] 2017-11-08 13:21:23,841: ... roslaunch parent running, waiting for process exit
[roslaunch][INFO] 2017-11-08 13:21:23,841: spin
[roslaunch][ERROR] 2017-11-08 13:21:24,365: [usb_cam_1-2] process has died [pid 3783, exit code 1, cmd /home/mdas/ros_ws/devel/lib/usb_cam/usb_cam_node __name:=usb_cam_1 __log:=/home/mdas/.ros/log/a04cbd32-c4b1-11e7-93cb-f44d306c96a4/usb_cam_1-2.log].
log file: /home/mdas/.ros/log/a04cbd32-c4b1-11e7-93cb-f44d306c96a4/usb_cam_1-2*.log
[roslaunch.pmon][INFO] 2017-11-08 13:21:24,365: ProcessMonitor.unregister[usb_cam_1-2] starting
[roslaunch.pmon][INFO] 2017-11-08 13:21:24,366: ProcessMonitor.unregister[usb_cam_1-2] complete
[roslaunch.pmon][INFO] 2017-11-08 13:21:32,203: ProcessMonitor.shutdown <ProcessMonitor(ProcessMonitor-1, started daemon 139740254004992)>
[roslaunch.pmon][INFO] 2017-11-08 13:21:32,300: ProcessMonitor._post_run <ProcessMonitor(ProcessMonitor-1, started daemon 139740254004992)>
[roslaunch.pmon][INFO] 2017-11-08 13:21:32,301: ProcessMonitor._post_run <ProcessMonitor(ProcessMonitor-1, started daemon 139740254004992)>: remaining procs are [<roslaunch.nodeprocess.LocalProcess object at 0x7f17d0575c10>, <roslaunch.nodeprocess.LocalProcess object at 0x7f17d0575e90>]
[roslaunch.pmon][INFO] 2017-11-08 13:21:32,307: ProcessMonitor exit: killing rosout-1
[roslaunch][INFO] 2017-11-08 13:21:32,307: [rosout-1] killing on exit
[roslaunch][INFO] 2017-11-08 13:21:32,308: process[rosout-1]: killing os process with pid[3776] pgid[3776]
[roslaunch][INFO] 2017-11-08 13:21:32,308: [rosout-1] sending SIGINT to pgid [3776]
[roslaunch][INFO] 2017-11-08 13:21:32,308: [rosout-1] sent SIGINT to pgid [3776]
[roslaunch][INFO] 2017-11-08 13:21:32,509: process[rosout-1]: SIGINT killed with return value 0
[roslaunch.pmon][INFO] 2017-11-08 13:21:32,509: ProcessMonitor exit: killing master
[roslaunch][INFO] 2017-11-08 13:21:32,509: [master] killing on exit
[roslaunch][INFO] 2017-11-08 13:21:32,509: process[master]: killing os process with pid[3763] pgid[3763]
[roslaunch][INFO] 2017-11-08 13:21:32,509: [master] sending SIGINT to pgid [3763]
[roslaunch][INFO] 2017-11-08 13:21:32,509: [master] sent SIGINT to pgid [3763]
[roslaunch][INFO] 2017-11-08 13:21:32,710: process[master]: SIGINT killed with return value 0
[roslaunch.pmon][INFO] 2017-11-08 13:21:32,711: ProcessMonitor exit: cleaning up data structures and signals
[roslaunch.pmon][INFO] 2017-11-08 13:21:32,711: ProcessMonitor exit: pmon has shutdown
[roslaunch][INFO] 2017-11-08 13:21:32,720: process monitor is done spinning, initiating full shutdown
[roslaunch][INFO] 2017-11-08 13:21:32,721: runner.stop()
[roslaunch][INFO] 2017-11-08 13:21:32,721: shutting down processing monitor...
[roslaunch][INFO] 2017-11-08 13:21:32,722: shutting down processing monitor <ProcessMonitor(ProcessMonitor-1, stopped daemon 139740254004992)>
[roslaunch.pmon][INFO] 2017-11-08 13:21:32,722: ProcessMonitor.shutdown <ProcessMonitor(ProcessMonitor-1, stopped daemon 139740254004992)>
[roslaunch][INFO] 2017-11-08 13:21:32,722: ... shutting down processing monitor complete
[roslaunch][INFO] 2017-11-08 13:21:32,722: done
[roslaunch.pmon][INFO] 2017-11-08 13:21:32,723: ProcessMonitor.shutdown <ProcessMonitor(ProcessMonitor-1, stopped daemon 139740254004992)>
[rospy.core][INFO] 2017-11-08 13:21:32,723: signal_shutdown [atexit]
