

1509819807.709565927  Node Startup
1509819807.757573273 WARN [/tmp/binarydeb/ros-indigo-kdl-parser-1.11.14/src/kdl_parser.cpp:197(treeFromUrdfModel) [topics: /rosout] The root link base_link has an inertia specified in the URDF, but KDL does not support a root link with an inertia.  As a workaround, you can add an extra dummy link to your URDF.
1509819807.799168750 INFO [/home/mdas/ros_ws/src/packages/high_level_control/sentry/mapping_and_control/src/pub_des_state.cpp:61(initializeServices) [topics: /rosout, /tf, /desState, /desPsi, /motion_mode] Initializing Services
1509819807.796942361 WARN [/home/mdas/ros_ws/src/packages/high_level_control/sentry/odom_tf/src/odom_tf_fncs.cpp:26(OdomTf) [topics: /rosout, /tf] "odom" passed to lookupTransform argument target_frame does not exist. ; retrying!...
1509819808.297298055 WARN [/home/mdas/ros_ws/src/packages/high_level_control/sentry/odom_tf/src/odom_tf_fncs.cpp:26(OdomTf) [topics: /rosout, /tf] Could not find a connection between 'odom' and 'base_link' because they are not part of the same tree.Tf has two or more unconnected trees.; retrying!...
1509819808.797780914 WARN [/home/mdas/ros_ws/src/packages/high_level_control/sentry/odom_tf/src/odom_tf_fncs.cpp:26(OdomTf) [topics: /rosout, /tf] Could not find a connection between 'odom' and 'base_link' because they are not part of the same tree.Tf has two or more unconnected trees.; retrying!...
1509819809.298108815 WARN [/home/mdas/ros_ws/src/packages/high_level_control/sentry/odom_tf/src/odom_tf_fncs.cpp:26(OdomTf) [topics: /rosout, /tf] Could not find a connection between 'odom' and 'base_link' because they are not part of the same tree.Tf has two or more unconnected trees.; retrying!...
1509819809.798413029 WARN [/home/mdas/ros_ws/src/packages/high_level_control/sentry/odom_tf/src/odom_tf_fncs.cpp:26(OdomTf) [topics: /rosout, /tf] Could not find a connection between 'odom' and 'base_link' because they are not part of the same tree.Tf has two or more unconnected trees.; retrying!...
1509819810.298752590 WARN [/home/mdas/ros_ws/src/packages/high_level_control/sentry/odom_tf/src/odom_tf_fncs.cpp:26(OdomTf) [topics: /rosout, /tf] Could not find a connection between 'odom' and 'base_link' because they are not part of the same tree.Tf has two or more unconnected trees.; retrying!...
1509819810.799083276 WARN [/home/mdas/ros_ws/src/packages/high_level_control/sentry/odom_tf/src/odom_tf_fncs.cpp:26(OdomTf) [topics: /rosout, /tf] Could not find a connection between 'odom' and 'base_link' because they are not part of the same tree.Tf has two or more unconnected trees.; retrying!...
1509819811.299481961 WARN [/home/mdas/ros_ws/src/packages/high_level_control/sentry/odom_tf/src/odom_tf_fncs.cpp:26(OdomTf) [topics: /rosout, /tf] Could not find a connection between 'odom' and 'base_link' because they are not part of the same tree.Tf has two or more unconnected trees.; retrying!...
1509819811.799727084 WARN [/home/mdas/ros_ws/src/packages/high_level_control/sentry/odom_tf/src/odom_tf_fncs.cpp:26(OdomTf) [topics: /rosout, /tf] Could not find a connection between 'odom' and 'base_link' because they are not part of the same tree.Tf has two or more unconnected trees.; retrying!...
1509819812.300048891 WARN [/home/mdas/ros_ws/src/packages/high_level_control/sentry/odom_tf/src/odom_tf_fncs.cpp:26(OdomTf) [topics: /rosout, /tf] Could not find a connection between 'odom' and 'base_link' because they are not part of the same tree.Tf has two or more unconnected trees.; retrying!...
1509819812.800434975 WARN [/home/mdas/ros_ws/src/packages/high_level_control/sentry/odom_tf/src/odom_tf_fncs.cpp:26(OdomTf) [topics: /rosout, /tf] Could not find a connection between 'odom' and 'base_link' because they are not part of the same tree.Tf has two or more unconnected trees.; retrying!...
1509819812.912574127 WARN [/tmp/binarydeb/ros-indigo-costmap-2d-1.12.13/src/costmap_2d_ros.cpp:93(Costmap2DROS::Costmap2DROS) [topics: /rosout, /cmd_vel, /move_base/current_goal, /move_base/goal] Timed out waiting for transform from base_link to map to become available before running costmap, tf error: Could not find a connection between 'map' and 'base_link' because they are not part of the same tree.Tf has two or more unconnected trees.. canTransform returned after 0.101208 timeout was 0.1.
1509819813.301001629 WARN [/home/mdas/ros_ws/src/packages/high_level_control/sentry/odom_tf/src/odom_tf_fncs.cpp:26(OdomTf) [topics: /rosout, /tf] Could not find a connection between 'odom' and 'base_link' because they are not part of the same tree.Tf has two or more unconnected trees.; retrying!...
1509819813.801580472 WARN [/home/mdas/ros_ws/src/packages/high_level_control/sentry/odom_tf/src/odom_tf_fncs.cpp:26(OdomTf) [topics: /rosout, /tf] Could not find a connection between 'odom' and 'base_link' because they are not part of the same tree.Tf has two or more unconnected trees.; retrying!...
1509819814.301901022 WARN [/home/mdas/ros_ws/src/packages/high_level_control/sentry/odom_tf/src/odom_tf_fncs.cpp:26(OdomTf) [topics: /rosout, /tf] Could not find a connection between 'odom' and 'base_link' because they are not part of the same tree.Tf has two or more unconnected trees.; retrying!...
1509819814.802111189 WARN [/home/mdas/ros_ws/src/packages/high_level_control/sentry/odom_tf/src/odom_tf_fncs.cpp:26(OdomTf) [topics: /rosout, /tf] Could not find a connection between 'odom' and 'base_link' because they are not part of the same tree.Tf has two or more unconnected trees.; retrying!...
1509819815.302416553 WARN [/home/mdas/ros_ws/src/packages/high_level_control/sentry/odom_tf/src/odom_tf_fncs.cpp:26(OdomTf) [topics: /rosout, /tf] Could not find a connection between 'odom' and 'base_link' because they are not part of the same tree.Tf has two or more unconnected trees.; retrying!...
1509819815.803107641 WARN [/home/mdas/ros_ws/src/packages/high_level_control/sentry/odom_tf/src/odom_tf_fncs.cpp:26(OdomTf) [topics: /rosout, /tf] Could not find a connection between 'odom' and 'base_link' because they are not part of the same tree.Tf has two or more unconnected trees.; retrying!...
1509819815.763492099 INFO [/home/mdas/ros_ws/src/packages/novatel/src/novatel_node.cpp:55(handleInfoMessages) [topics: /rosout, /gps_odom, /gps_fix, /ephemeris, /range, /gps_fix_psr, /novatel_node/gps_fix_ecef] Serial port: /dev/sensor-gps opened successfully.

1509819815.807212058 INFO [/home/mdas/ros_ws/src/packages/usb_cams/nodes/usb_cam_node.cpp:138(UsbCamNode::UsbCamNode) [topics: /rosout, /usb_cam_1/image_raw, /usb_cam_1/camera_info] Starting 'head_camera' (/dev/video0) at 640x480 via mmap (yuyv) at 10 FPS
1509819816.303501905 WARN [/home/mdas/ros_ws/src/packages/high_level_control/sentry/odom_tf/src/odom_tf_fncs.cpp:26(OdomTf) [topics: /rosout, /tf] Could not find a connection between 'odom' and 'base_link' because they are not part of the same tree.Tf has two or more unconnected trees.; retrying!...
1509819816.730856812 WARN [/home/mdas/ros_ws/src/packages/usb_cams/src/usb_cam.cpp:1206(UsbCam::set_v4l_parameter) [topics: /rosout, /usb_cam_1/image_raw, /usb_cam_1/camera_info] sh: 1: v4l2-ctl: not found

1509819816.732322152 WARN [/home/mdas/ros_ws/src/packages/usb_cams/src/usb_cam.cpp:1206(UsbCam::set_v4l_parameter) [topics: /rosout, /usb_cam_1/image_raw, /usb_cam_1/camera_info] sh: 1: v4l2-ctl: not found

1509819816.763652479 INFO [/home/mdas/ros_ws/src/packages/novatel/src/novatel_node.cpp:55(handleInfoMessages) [topics: /rosout, /gps_odom, /gps_fix, /ephemeris, /range, /gps_fix_psr, /novatel_node/gps_fix_ecef] Searching for Novatel receiver...

1509819816.803671563 WARN [/home/mdas/ros_ws/src/packages/high_level_control/sentry/odom_tf/src/odom_tf_fncs.cpp:26(OdomTf) [topics: /rosout, /tf] Could not find a connection between 'odom' and 'base_link' because they are not part of the same tree.Tf has two or more unconnected trees.; retrying!...
1509819817.303842997 WARN [/home/mdas/ros_ws/src/packages/high_level_control/sentry/odom_tf/src/odom_tf_fncs.cpp:26(OdomTf) [topics: /rosout, /tf] Could not find a connection between 'odom' and 'base_link' because they are not part of the same tree.Tf has two or more unconnected trees.; retrying!...
1509819817.362139139 INFO [/home/mdas/ros_ws/src/packages/novatel/src/novatel_node.cpp:55(handleInfoMessages) [topics: /rosout, /gps_odom, /gps_fix, /ephemeris, /range, /gps_fix_psr, /novatel_node/gps_fix_ecef] Found Novatel receiver.
	Model: "WAASHPB"
	Serial Number: "SAS06209044"
	Hardware version: "LBg2-3.04-X2T"
	Software version: "2.312"

Receiver capabilities:
	L2: -
	Raw measurements: -
	RTK: -
	SPAN: -
	GLONASS: -

1509819817.362336013 INFO [/home/mdas/ros_ws/src/packages/novatel/src/novatel_node.cpp:491(run) [topics: /rosout, /gps_odom, /gps_fix, /ephemeris, /range, /gps_fix_psr, /novatel_node/gps_fix_ecef] Requesting default GPS messages: BESTUTMB, BESTVELB
1509819817.362441787 INFO [/home/mdas/ros_ws/src/packages/novatel/src/novatel_node.cpp:55(handleInfoMessages) [topics: /rosout, /gps_odom, /gps_fix, /ephemeris, /range, /gps_fix_psr, /novatel_node/gps_fix_ecef] Started read thread.
1509819817.362535791 INFO [/home/mdas/ros_ws/src/packages/novatel/src/novatel_node.cpp:55(handleInfoMessages) [topics: /rosout, /gps_odom, /gps_fix, /ephemeris, /range, /gps_fix_psr, /novatel_node/gps_fix_ecef] LOG BESTUTMB ONTIME 1.00

1509819817.804121025 WARN [/home/mdas/ros_ws/src/packages/high_level_control/sentry/odom_tf/src/odom_tf_fncs.cpp:26(OdomTf) [topics: /rosout, /tf] Could not find a connection between 'odom' and 'base_link' because they are not part of the same tree.Tf has two or more unconnected trees.; retrying!...
1509819817.966919444 WARN [/tmp/binarydeb/ros-indigo-costmap-2d-1.12.13/src/costmap_2d_ros.cpp:93(Costmap2DROS::Costmap2DROS) [topics: /rosout, /cmd_vel, /move_base/current_goal, /move_base/goal] Timed out waiting for transform from base_link to map to become available before running costmap, tf error: Could not find a connection between 'map' and 'base_link' because they are not part of the same tree.Tf has two or more unconnected trees.. canTransform returned after 0.101015 timeout was 0.1.
1509819818.103717350 ERROR [/home/mdas/ros_ws/src/packages/novatel/src/novatel_node.cpp:57(handleErrorMessages) [topics: /rosout, /gps_odom, /gps_fix, /ephemeris, /range, /gps_fix_psr, /novatel_node/gps_fix_ecef] Error reading from serial port: SerialException device reports readiness to read but returned no data (device disconnected?) failed.
1509819818.304403162 WARN [/home/mdas/ros_ws/src/packages/high_level_control/sentry/odom_tf/src/odom_tf_fncs.cpp:26(OdomTf) [topics: /rosout, /tf] Could not find a connection between 'odom' and 'base_link' because they are not part of the same tree.Tf has two or more unconnected trees.; retrying!...
1509819818.804645652 WARN [/home/mdas/ros_ws/src/packages/high_level_control/sentry/odom_tf/src/odom_tf_fncs.cpp:26(OdomTf) [topics: /rosout, /tf] Could not find a connection between 'odom' and 'base_link' because they are not part of the same tree.Tf has two or more unconnected trees.; retrying!...
1509819819.304932329 WARN [/home/mdas/ros_ws/src/packages/high_level_control/sentry/odom_tf/src/odom_tf_fncs.cpp:26(OdomTf) [topics: /rosout, /tf] Could not find a connection between 'odom' and 'base_link' because they are not part of the same tree.Tf has two or more unconnected trees.; retrying!...
1509819819.362795085 ERROR [/home/mdas/ros_ws/src/packages/novatel/src/novatel_node.cpp:57(handleErrorMessages) [topics: /rosout, /gps_odom, /gps_fix, /ephemeris, /range, /gps_fix_psr, /novatel_node/gps_fix_ecef] No acknowledgement received for log: BESTUTMB ONTIME 1.00
1509819819.362903751 INFO [/home/mdas/ros_ws/src/packages/novatel/src/novatel_node.cpp:55(handleInfoMessages) [topics: /rosout, /gps_odom, /gps_fix, /ephemeris, /range, /gps_fix_psr, /novatel_node/gps_fix_ecef] LOG BESTUTMB ONTIME 1.00

1509819819.805193477 WARN [/home/mdas/ros_ws/src/packages/high_level_control/sentry/odom_tf/src/odom_tf_fncs.cpp:26(OdomTf) [topics: /rosout, /tf] Could not find a connection between 'odom' and 'base_link' because they are not part of the same tree.Tf has two or more unconnected trees.; retrying!...
1509819819.868118861 INFO [/home/mdas/ros_ws/src/packages/novatel/src/novatel_node.cpp:55(handleInfoMessages) [topics: /rosout, /gps_odom, /gps_fix, /ephemeris, /range, /gps_fix_psr, /novatel_node/gps_fix_ecef] RECEIVED AN ACK.
1509819819.868269775 INFO [/home/mdas/ros_ws/src/packages/novatel/src/novatel_node.cpp:55(handleInfoMessages) [topics: /rosout, /gps_odom, /gps_fix, /ephemeris, /range, /gps_fix_psr, /novatel_node/gps_fix_ecef] Ack received for requested log: BESTUTMB ONTIME 1.00
1509819819.868347402 INFO [/home/mdas/ros_ws/src/packages/novatel/src/novatel_node.cpp:55(handleInfoMessages) [topics: /rosout, /gps_odom, /gps_fix, /ephemeris, /range, /gps_fix_psr, /novatel_node/gps_fix_ecef] LOG BESTVELB ONTIME 1.00

1509819820.305387975 WARN [/home/mdas/ros_ws/src/packages/high_level_control/sentry/odom_tf/src/odom_tf_fncs.cpp:26(OdomTf) [topics: /rosout, /tf] Could not find a connection between 'odom' and 'base_link' because they are not part of the same tree.Tf has two or more unconnected trees.; retrying!...
1509819820.603457828 INFO [/home/mdas/ros_ws/src/packages/novatel/src/novatel_node.cpp:55(handleInfoMessages) [topics: /rosout, /gps_odom, /gps_fix, /ephemeris, /range, /gps_fix_psr, /novatel_node/gps_fix_ecef] RECEIVED AN ACK.
1509819820.603669381 INFO [/home/mdas/ros_ws/src/packages/novatel/src/novatel_node.cpp:55(handleInfoMessages) [topics: /rosout, /gps_odom, /gps_fix, /ephemeris, /range, /gps_fix_psr, /novatel_node/gps_fix_ecef] Ack received for requested log: BESTVELB ONTIME 1.00
1509819820.603817865 INFO [/home/mdas/ros_ws/src/packages/novatel/src/novatel_node.cpp:55(handleInfoMessages) [topics: /rosout, /gps_odom, /gps_fix, /ephemeris, /range, /gps_fix_psr, /novatel_node/gps_fix_ecef] LOG PSRPOSB ONTIME 1.00

1509819820.629523567 WARN [/home/mdas/ros_ws/src/packages/usb_cams/src/usb_cam.cpp:1206(UsbCam::set_v4l_parameter) [topics: /rosout, /usb_cam_1/image_raw, /usb_cam_1/camera_info] sh: 1: v4l2-ctl: not found

1509819820.805629344 WARN [/home/mdas/ros_ws/src/packages/high_level_control/sentry/odom_tf/src/odom_tf_fncs.cpp:26(OdomTf) [topics: /rosout, /tf] Could not find a connection between 'odom' and 'base_link' because they are not part of the same tree.Tf has two or more unconnected trees.; retrying!...
1509819821.305853579 WARN [/home/mdas/ros_ws/src/packages/high_level_control/sentry/odom_tf/src/odom_tf_fncs.cpp:26(OdomTf) [topics: /rosout, /tf] Could not find a connection between 'odom' and 'base_link' because they are not part of the same tree.Tf has two or more unconnected trees.; retrying!...
1509819821.333152188 INFO [/home/mdas/ros_ws/src/packages/novatel/src/novatel_node.cpp:55(handleInfoMessages) [topics: /rosout, /gps_odom, /gps_fix, /ephemeris, /range, /gps_fix_psr, /novatel_node/gps_fix_ecef] RECEIVED AN ACK.
1509819821.333556627 INFO [/home/mdas/ros_ws/src/packages/novatel/src/novatel_node.cpp:55(handleInfoMessages) [topics: /rosout, /gps_odom, /gps_fix, /ephemeris, /range, /gps_fix_psr, /novatel_node/gps_fix_ecef] Ack received for requested log: PSRPOSB ONTIME 1.00
1509819821.806071002 WARN [/home/mdas/ros_ws/src/packages/high_level_control/sentry/odom_tf/src/odom_tf_fncs.cpp:26(OdomTf) [topics: /rosout, /tf] Could not find a connection between 'odom' and 'base_link' because they are not part of the same tree.Tf has two or more unconnected trees.; retrying!...
1509819822.306308453 WARN [/home/mdas/ros_ws/src/packages/high_level_control/sentry/odom_tf/src/odom_tf_fncs.cpp:26(OdomTf) [topics: /rosout, /tf] Could not find a connection between 'odom' and 'base_link' because they are not part of the same tree.Tf has two or more unconnected trees.; retrying!...
1509819822.806493330 WARN [/home/mdas/ros_ws/src/packages/high_level_control/sentry/odom_tf/src/odom_tf_fncs.cpp:26(OdomTf) [topics: /rosout, /tf] Could not find a connection between 'odom' and 'base_link' because they are not part of the same tree.Tf has two or more unconnected trees.; retrying!...
1509819823.016942576 WARN [/tmp/binarydeb/ros-indigo-costmap-2d-1.12.13/src/costmap_2d_ros.cpp:93(Costmap2DROS::Costmap2DROS) [topics: /rosout, /cmd_vel, /move_base/current_goal, /move_base/goal] Timed out waiting for transform from base_link to map to become available before running costmap, tf error: Could not find a connection between 'map' and 'base_link' because they are not part of the same tree.Tf has two or more unconnected trees.. canTransform returned after 0.100786 timeout was 0.1.
1509819823.306701054 WARN [/home/mdas/ros_ws/src/packages/high_level_control/sentry/odom_tf/src/odom_tf_fncs.cpp:26(OdomTf) [topics: /rosout, /tf] Could not find a connection between 'odom' and 'base_link' because they are not part of the same tree.Tf has two or more unconnected trees.; retrying!...
1509819823.806891421 WARN [/home/mdas/ros_ws/src/packages/high_level_control/sentry/odom_tf/src/odom_tf_fncs.cpp:26(OdomTf) [topics: /rosout, /tf] Could not find a connection between 'odom' and 'base_link' because they are not part of the same tree.Tf has two or more unconnected trees.; retrying!...
1509819824.307067187 WARN [/home/mdas/ros_ws/src/packages/high_level_control/sentry/odom_tf/src/odom_tf_fncs.cpp:26(OdomTf) [topics: /rosout, /tf] Could not find a connection between 'odom' and 'base_link' because they are not part of the same tree.Tf has two or more unconnected trees.; retrying!...
1509819824.807285265 WARN [/home/mdas/ros_ws/src/packages/high_level_control/sentry/odom_tf/src/odom_tf_fncs.cpp:26(OdomTf) [topics: /rosout, /tf] Could not find a connection between 'odom' and 'base_link' because they are not part of the same tree.Tf has two or more unconnected trees.; retrying!...
1509819825.307682614 WARN [/home/mdas/ros_ws/src/packages/high_level_control/sentry/odom_tf/src/odom_tf_fncs.cpp:26(OdomTf) [topics: /rosout, /tf] Could not find a connection between 'odom' and 'base_link' because they are not part of the same tree.Tf has two or more unconnected trees.; retrying!...
1509819825.706794343 INFO [/home/mdas/ros_ws/src/sicktoolbox_wrapper/ros/sicklms/sicklms.cpp:253(main) [topics: /rosout, /diagnostics, /sensor_msgs/LaserScan] Setting variant to (0, 1.000000)
1509819825.706886077 WARN [/home/mdas/ros_ws/src/sicktoolbox_wrapper/ros/sicklms/sicklms.cpp:266(main) [topics: /rosout, /diagnostics, /sensor_msgs/LaserScan] Unable to set scan angle. Using 180 instead of 0.
1509819825.706907153 WARN [/home/mdas/ros_ws/src/sicktoolbox_wrapper/ros/sicklms/sicklms.cpp:270(main) [topics: /rosout, /diagnostics, /sensor_msgs/LaserScan] Unable to set resolution. Using 5.000000e-01 instead of 1.000000e+00.
1509819825.706935308 INFO [/home/mdas/ros_ws/src/sicktoolbox_wrapper/ros/sicklms/sicklms.cpp:283(main) [topics: /rosout, /diagnostics, /sensor_msgs/LaserScan] Measuring units setup not requested or identical to actual ('Centimeters (cm)')
1509819825.807961092 WARN [/home/mdas/ros_ws/src/packages/high_level_control/sentry/odom_tf/src/odom_tf_fncs.cpp:26(OdomTf) [topics: /rosout, /tf] Could not find a connection between 'odom' and 'base_link' because they are not part of the same tree.Tf has two or more unconnected trees.; retrying!...
1509819825.866202817 ERROR [/home/mdas/ros_ws/src/packages/novatel/src/novatel_node.cpp:57(handleErrorMessages) [topics: /rosout, /gps_odom, /gps_fix, /ephemeris, /range, /gps_fix_psr, /novatel_node/gps_fix_ecef] Error reading from serial port: SerialException device reports readiness to read but returned no data (device disconnected?) failed.
1509819825.904872087 WARN [/opt/ros/indigo/include/tf/message_filter.h:496(MessageFilter<M>::checkFailures) [topics: /rosout, /tf, /slam_gmapping/entropy, /map, /map_metadata] MessageFilter [target=odom ]: Dropped 100.00% of messages so far. Please turn the [ros.gmapping.message_notifier] rosconsole logger to DEBUG for more information.
1509819826.308147974 WARN [/home/mdas/ros_ws/src/packages/high_level_control/sentry/odom_tf/src/odom_tf_fncs.cpp:26(OdomTf) [topics: /rosout, /tf] Could not find a connection between 'odom' and 'base_link' because they are not part of the same tree.Tf has two or more unconnected trees.; retrying!...
1509819826.808326811 WARN [/home/mdas/ros_ws/src/packages/high_level_control/sentry/odom_tf/src/odom_tf_fncs.cpp:26(OdomTf) [topics: /rosout, /tf] Could not find a connection between 'odom' and 'base_link' because they are not part of the same tree.Tf has two or more unconnected trees.; retrying!...
1509819827.308509774 WARN [/home/mdas/ros_ws/src/packages/high_level_control/sentry/odom_tf/src/odom_tf_fncs.cpp:26(OdomTf) [topics: /rosout, /tf] Could not find a connection between 'odom' and 'base_link' because they are not part of the same tree.Tf has two or more unconnected trees.; retrying!...
1509819827.808672511 WARN [/home/mdas/ros_ws/src/packages/high_level_control/sentry/odom_tf/src/odom_tf_fncs.cpp:26(OdomTf) [topics: /rosout, /tf] Could not find a connection between 'odom' and 'base_link' because they are not part of the same tree.Tf has two or more unconnected trees.; retrying!...
1509819827.865837778 ERROR [/home/mdas/ros_ws/src/packages/novatel/src/novatel_node.cpp:57(handleErrorMessages) [topics: /rosout, /gps_odom, /gps_fix, /ephemeris, /range, /gps_fix_psr, /novatel_node/gps_fix_ecef] Error reading from serial port: SerialException device reports readiness to read but returned no data (device disconnected?) failed.
1509819828.059223450 WARN [/tmp/binarydeb/ros-indigo-costmap-2d-1.12.13/src/costmap_2d_ros.cpp:93(Costmap2DROS::Costmap2DROS) [topics: /rosout, /cmd_vel, /move_base/current_goal, /move_base/goal] Timed out waiting for transform from base_link to map to become available before running costmap, tf error: Could not find a connection between 'map' and 'base_link' because they are not part of the same tree.Tf has two or more unconnected trees.. canTransform returned after 0.100729 timeout was 0.1.
1509819828.308934856 WARN [/home/mdas/ros_ws/src/packages/high_level_control/sentry/odom_tf/src/odom_tf_fncs.cpp:26(OdomTf) [topics: /rosout, /tf] Could not find a connection between 'odom' and 'base_link' because they are not part of the same tree.Tf has two or more unconnected trees.; retrying!...
1509819828.655856813 INFO [/tmp/binarydeb/ros-indigo-rviz-1.11.18/src/rviz/ogre_helpers/render_system.cpp:438(RenderWindow* rviz::RenderSystem::makeRenderWindow) [topics: /rosout] Stereo is NOT SUPPORTED
1509819828.809099103 WARN [/home/mdas/ros_ws/src/packages/high_level_control/sentry/odom_tf/src/odom_tf_fncs.cpp:26(OdomTf) [topics: /rosout, /tf] Could not find a connection between 'odom' and 'base_link' because they are not part of the same tree.Tf has two or more unconnected trees.; retrying!...
1509819828.864839891 ERROR [/home/mdas/ros_ws/src/packages/novatel/src/novatel_node.cpp:57(handleErrorMessages) [topics: /rosout, /gps_odom, /gps_fix, /ephemeris, /range, /gps_fix_psr, /novatel_node/gps_fix_ecef] Error reading from serial port: SerialException device reports readiness to read but returned no data (device disconnected?) failed.
1509819829.309254007 WARN [/home/mdas/ros_ws/src/packages/high_level_control/sentry/odom_tf/src/odom_tf_fncs.cpp:26(OdomTf) [topics: /rosout, /tf] Could not find a connection between 'odom' and 'base_link' because they are not part of the same tree.Tf has two or more unconnected trees.; retrying!...
1509819829.809463050 WARN [/home/mdas/ros_ws/src/packages/high_level_control/sentry/odom_tf/src/odom_tf_fncs.cpp:26(OdomTf) [topics: /rosout, /tf] Could not find a connection between 'odom' and 'base_link' because they are not part of the same tree.Tf has two or more unconnected trees.; retrying!...
1509819829.865632902 ERROR [/home/mdas/ros_ws/src/packages/novatel/src/novatel_node.cpp:57(handleErrorMessages) [topics: /rosout, /gps_odom, /gps_fix, /ephemeris, /range, /gps_fix_psr, /novatel_node/gps_fix_ecef] Error reading from serial port: SerialException device reports readiness to read but returned no data (device disconnected?) failed.
1509819830.309642450 WARN [/home/mdas/ros_ws/src/packages/high_level_control/sentry/odom_tf/src/odom_tf_fncs.cpp:26(OdomTf) [topics: /rosout, /tf] Could not find a connection between 'odom' and 'base_link' because they are not part of the same tree.Tf has two or more unconnected trees.; retrying!...
1509819830.809811979 WARN [/home/mdas/ros_ws/src/packages/high_level_control/sentry/odom_tf/src/odom_tf_fncs.cpp:26(OdomTf) [topics: /rosout, /tf] Could not find a connection between 'odom' and 'base_link' because they are not part of the same tree.Tf has two or more unconnected trees.; retrying!...
1509819831.310043096 WARN [/home/mdas/ros_ws/src/packages/high_level_control/sentry/odom_tf/src/odom_tf_fncs.cpp:26(OdomTf) [topics: /rosout, /tf] Could not find a connection between 'odom' and 'base_link' because they are not part of the same tree.Tf has two or more unconnected trees.; retrying!...
1509819831.810268305 WARN [/home/mdas/ros_ws/src/packages/high_level_control/sentry/odom_tf/src/odom_tf_fncs.cpp:26(OdomTf) [topics: /rosout, /tf] Could not find a connection between 'odom' and 'base_link' because they are not part of the same tree.Tf has two or more unconnected trees.; retrying!...
1509819832.310514626 WARN [/home/mdas/ros_ws/src/packages/high_level_control/sentry/odom_tf/src/odom_tf_fncs.cpp:26(OdomTf) [topics: /rosout, /tf] Could not find a connection between 'odom' and 'base_link' because they are not part of the same tree.Tf has two or more unconnected trees.; retrying!...
1509819832.810701742 WARN [/home/mdas/ros_ws/src/packages/high_level_control/sentry/odom_tf/src/odom_tf_fncs.cpp:26(OdomTf) [topics: /rosout, /tf] Could not find a connection between 'odom' and 'base_link' because they are not part of the same tree.Tf has two or more unconnected trees.; retrying!...
1509819832.865351982 ERROR [/home/mdas/ros_ws/src/packages/novatel/src/novatel_node.cpp:57(handleErrorMessages) [topics: /rosout, /gps_odom, /gps_fix, /ephemeris, /range, /gps_fix_psr, /novatel_node/gps_fix_ecef] Error reading from serial port: SerialException device reports readiness to read but returned no data (device disconnected?) failed.
1509819833.106107745 WARN [/tmp/binarydeb/ros-indigo-costmap-2d-1.12.13/src/costmap_2d_ros.cpp:93(Costmap2DROS::Costmap2DROS) [topics: /rosout, /cmd_vel, /move_base/current_goal, /move_base/goal] Timed out waiting for transform from base_link to map to become available before running costmap, tf error: Could not find a connection between 'map' and 'base_link' because they are not part of the same tree.Tf has two or more unconnected trees.. canTransform returned after 0.100731 timeout was 0.1.
1509819833.311059019 WARN [/home/mdas/ros_ws/src/packages/high_level_control/sentry/odom_tf/src/odom_tf_fncs.cpp:26(OdomTf) [topics: /rosout, /tf] Could not find a connection between 'odom' and 'base_link' because they are not part of the same tree.Tf has two or more unconnected trees.; retrying!...
1509819833.811501868 WARN [/home/mdas/ros_ws/src/packages/high_level_control/sentry/odom_tf/src/odom_tf_fncs.cpp:26(OdomTf) [topics: /rosout, /tf] Could not find a connection between 'odom' and 'base_link' because they are not part of the same tree.Tf has two or more unconnected trees.; retrying!...
1509819834.311723921 WARN [/home/mdas/ros_ws/src/packages/high_level_control/sentry/odom_tf/src/odom_tf_fncs.cpp:26(OdomTf) [topics: /rosout, /tf] Could not find a connection between 'odom' and 'base_link' because they are not part of the same tree.Tf has two or more unconnected trees.; retrying!...
1509819834.812051189 WARN [/home/mdas/ros_ws/src/packages/high_level_control/sentry/odom_tf/src/odom_tf_fncs.cpp:26(OdomTf) [topics: /rosout, /tf] Could not find a connection between 'odom' and 'base_link' because they are not part of the same tree.Tf has two or more unconnected trees.; retrying!...
1509819835.312215776 WARN [/home/mdas/ros_ws/src/packages/high_level_control/sentry/odom_tf/src/odom_tf_fncs.cpp:26(OdomTf) [topics: /rosout, /tf] Could not find a connection between 'odom' and 'base_link' because they are not part of the same tree.Tf has two or more unconnected trees.; retrying!...
1509819835.812425432 WARN [/home/mdas/ros_ws/src/packages/high_level_control/sentry/odom_tf/src/odom_tf_fncs.cpp:26(OdomTf) [topics: /rosout, /tf] Could not find a connection between 'odom' and 'base_link' because they are not part of the same tree.Tf has two or more unconnected trees.; retrying!...
