[rosmaster.main][INFO] 2017-11-04 14:22:35,811: initialization complete, waiting for shutdown
[rosmaster.main][INFO] 2017-11-04 14:22:35,811: Starting ROS Master Node
[xmlrpc][INFO] 2017-11-04 14:22:35,811: XML-RPC server binding to 0.0.0.0:11311
[xmlrpc][INFO] 2017-11-04 14:22:35,811: Started XML-RPC server [http://mdas-Meerkat:11311/]
[xmlrpc][INFO] 2017-11-04 14:22:35,812: xml rpc node: starting XML-RPC server
[rosmaster.master][INFO] 2017-11-04 14:22:35,812: Master initialized: port[11311], uri[http://mdas-Meerkat:11311/]
[rosmaster.master][INFO] 2017-11-04 14:22:35,843: +PARAM [/run_id] by /roslaunch
[rosmaster.master][INFO] 2017-11-04 14:22:35,846: +PARAM [/roslaunch/uris/host_mdas_meerkat__42091] by /roslaunch
[rosmaster.master][INFO] 2017-11-04 14:22:35,923: +PARAM [/usb_cam_1/image_width] by /roslaunch
[rosmaster.master][INFO] 2017-11-04 14:22:35,923: +PARAM [/usb_cam_1/video_device] by /roslaunch
[rosmaster.master][INFO] 2017-11-04 14:22:35,923: +PARAM [/base_laser1/baud] by /roslaunch
[rosmaster.master][INFO] 2017-11-04 14:22:35,923: +PARAM [/novatel_node/psrpos_topic] by /roslaunch
[rosmaster.master][INFO] 2017-11-04 14:22:35,923: +PARAM [/novatel_node/port] by /roslaunch
[rosmaster.master][INFO] 2017-11-04 14:22:35,923: +PARAM [/base_laser1/frame_id] by /roslaunch
[rosmaster.master][INFO] 2017-11-04 14:22:35,923: +PARAM [/novatel_node/ephem_log] by /roslaunch
[rosmaster.master][INFO] 2017-11-04 14:22:35,923: +PARAM [/novatel_node/baudrate] by /roslaunch
[rosmaster.master][INFO] 2017-11-04 14:22:35,923: +PARAM [/usb_cam_1/framerate] by /roslaunch
[rosmaster.master][INFO] 2017-11-04 14:22:35,924: +PARAM [/base_laser1/resolution] by /roslaunch
[rosmaster.master][INFO] 2017-11-04 14:22:35,924: +PARAM [/novatel_node/range_default_logs_period] by /roslaunch
[rosmaster.master][INFO] 2017-11-04 14:22:35,924: +PARAM [/rosdistro] by /roslaunch
[rosmaster.master][INFO] 2017-11-04 14:22:35,924: +PARAM [/usb_cam_1/pixel_format] by /roslaunch
[rosmaster.master][INFO] 2017-11-04 14:22:35,924: +PARAM [/novatel_node/log_commands] by /roslaunch
[rosmaster.master][INFO] 2017-11-04 14:22:35,924: +PARAM [/rosversion] by /roslaunch
[rosmaster.master][INFO] 2017-11-04 14:22:35,924: +PARAM [/novatel_node/gps_default_logs_period] by /roslaunch
[rosmaster.master][INFO] 2017-11-04 14:22:35,924: +PARAM [/novatel_node/psrpos_default_logs_period] by /roslaunch
[rosmaster.master][INFO] 2017-11-04 14:22:35,924: +PARAM [/usb_cam_1/camera_frame_id] by /roslaunch
[rosmaster.master][INFO] 2017-11-04 14:22:35,924: +PARAM [/usb_cam_1/io_method] by /roslaunch
[rosmaster.master][INFO] 2017-11-04 14:22:35,924: +PARAM [/novatel_node/odom_topic] by /roslaunch
[rosmaster.master][INFO] 2017-11-04 14:22:35,924: +PARAM [/base_laser1/port] by /roslaunch
[rosmaster.master][INFO] 2017-11-04 14:22:35,924: +PARAM [/novatel_node/span_default_logs_period] by /roslaunch
[rosmaster.master][INFO] 2017-11-04 14:22:35,924: +PARAM [/usb_cam_1/image_height] by /roslaunch
[rosmaster.master][INFO] 2017-11-04 14:22:35,926: +SERVICE [/rosout/get_loggers] /rosout http://mdas-Meerkat:34923/
[rosmaster.master][INFO] 2017-11-04 14:22:35,926: +SERVICE [/rosout/set_logger_level] /rosout http://mdas-Meerkat:34923/
[rosmaster.master][INFO] 2017-11-04 14:22:35,927: +PUB [/rosout_agg] /rosout http://mdas-Meerkat:34923/
[rosmaster.master][INFO] 2017-11-04 14:22:35,937: +SUB [/rosout] /rosout http://mdas-Meerkat:34923/
[rosmaster.master][INFO] 2017-11-04 14:22:35,937: +PUB [/rosout] /base_laser1 http://mdas-Meerkat:35593/
[rosmaster.master][INFO] 2017-11-04 14:22:35,938: +SERVICE [/base_laser1/get_loggers] /base_laser1 http://mdas-Meerkat:35593/
[rosmaster.master][INFO] 2017-11-04 14:22:35,938: +SERVICE [/base_laser1/set_logger_level] /base_laser1 http://mdas-Meerkat:35593/
[rosmaster.master][INFO] 2017-11-04 14:22:35,945: +PUB [/rosout] /usb_cam_1 http://mdas-Meerkat:38169/
[rosmaster.master][INFO] 2017-11-04 14:22:35,947: +SERVICE [/usb_cam_1/get_loggers] /usb_cam_1 http://mdas-Meerkat:38169/
[rosmaster.master][INFO] 2017-11-04 14:22:35,948: +PUB [/rosout] /novatel_node http://mdas-Meerkat:41099/
[rosmaster.master][INFO] 2017-11-04 14:22:35,949: +SERVICE [/usb_cam_1/set_logger_level] /usb_cam_1 http://mdas-Meerkat:38169/
[rosmaster.master][INFO] 2017-11-04 14:22:35,950: +SERVICE [/novatel_node/get_loggers] /novatel_node http://mdas-Meerkat:41099/
[rosmaster.master][INFO] 2017-11-04 14:22:35,953: +PUB [/diagnostics] /base_laser1 http://mdas-Meerkat:35593/
[rosmaster.master][INFO] 2017-11-04 14:22:35,953: +SERVICE [/novatel_node/set_logger_level] /novatel_node http://mdas-Meerkat:41099/
[rosmaster.master][INFO] 2017-11-04 14:22:35,955: +PUB [/sensor_msgs/LaserScan] /base_laser1 http://mdas-Meerkat:35593/
[rosmaster.master][INFO] 2017-11-04 14:22:35,976: +PUB [/gps_odom] /novatel_node http://mdas-Meerkat:41099/
[rosmaster.master][INFO] 2017-11-04 14:22:35,976: +PUB [/gps_fix] /novatel_node http://mdas-Meerkat:41099/
[rosmaster.master][INFO] 2017-11-04 14:22:35,977: +PUB [/ephemeris] /novatel_node http://mdas-Meerkat:41099/
[rosmaster.master][INFO] 2017-11-04 14:22:35,977: +PUB [/range] /novatel_node http://mdas-Meerkat:41099/
[rosmaster.master][INFO] 2017-11-04 14:22:35,978: +PUB [/gps_fix_psr] /novatel_node http://mdas-Meerkat:41099/
[rosmaster.master][INFO] 2017-11-04 14:22:35,978: +PUB [/novatel_node/gps_fix_ecef] /novatel_node http://mdas-Meerkat:41099/
[rosmaster.master][INFO] 2017-11-04 14:22:35,990: +PUB [/usb_cam_1/image_raw] /usb_cam_1 http://mdas-Meerkat:38169/
[rosmaster.master][INFO] 2017-11-04 14:22:35,991: +PUB [/usb_cam_1/camera_info] /usb_cam_1 http://mdas-Meerkat:38169/
[rosmaster.master][INFO] 2017-11-04 14:22:36,000: +SERVICE [/usb_cam_1/set_camera_info] /usb_cam_1 http://mdas-Meerkat:38169/
[rosmaster.master][INFO] 2017-11-04 14:22:36,001: +SERVICE [/usb_cam_1/start_capture] /usb_cam_1 http://mdas-Meerkat:38169/
[rosmaster.master][INFO] 2017-11-04 14:22:36,001: +SERVICE [/usb_cam_1/stop_capture] /usb_cam_1 http://mdas-Meerkat:38169/
[rosmaster.master][INFO] 2017-11-04 14:22:36,011: publisherUpdate[/rosout] -> http://mdas-Meerkat:34923/
[rosmaster.master][INFO] 2017-11-04 14:22:36,013: publisherUpdate[/rosout] -> http://mdas-Meerkat:34923/
[rosmaster.master][INFO] 2017-11-04 14:22:36,013: publisherUpdate[/rosout] -> http://mdas-Meerkat:34923/
[rosmaster.master][INFO] 2017-11-04 14:22:46,069: +PARAM [/roslaunch/uris/host_mdas_meerkat__43107] by /roslaunch
[rosmaster.master][INFO] 2017-11-04 14:22:46,078: +PARAM [/move_base/DWAPlannerROS/acc_lim_x] by /roslaunch
[rosmaster.master][INFO] 2017-11-04 14:22:46,078: +PARAM [/move_base/local_costmap/laser_scan_sensor/sensor_frame] by /roslaunch
[rosmaster.master][INFO] 2017-11-04 14:22:46,078: +PARAM [/move_base/DWAPlannerROS/sim_time] by /roslaunch
[rosmaster.master][INFO] 2017-11-04 14:22:46,078: +PARAM [/move_base/global_costmap/laser_scan_sensor/sensor_frame] by /roslaunch
[rosmaster.master][INFO] 2017-11-04 14:22:46,078: +PARAM [/move_base/DWAPlannerROS/trans_stopped_vel] by /roslaunch
[rosmaster.master][INFO] 2017-11-04 14:22:46,079: +PARAM [/move_base/DWAPlannerROS/acc_lim_theta] by /roslaunch
[rosmaster.master][INFO] 2017-11-04 14:22:46,079: +PARAM [/move_base/DWAPlannerROS/min_rot_vel] by /roslaunch
[rosmaster.master][INFO] 2017-11-04 14:22:46,079: +PARAM [/move_base/DWAPlannerROS/max_vel_x] by /roslaunch
[rosmaster.master][INFO] 2017-11-04 14:22:46,079: +PARAM [/move_base/local_costmap/observation_sources] by /roslaunch
[rosmaster.master][INFO] 2017-11-04 14:22:46,079: +PARAM [/move_base/DWAPlannerROS/path_distance_bias] by /roslaunch
[rosmaster.master][INFO] 2017-11-04 14:22:46,079: +PARAM [/move_base/local_costmap/laser_scan_sensor/data_type] by /roslaunch
[rosmaster.master][INFO] 2017-11-04 14:22:46,080: +PARAM [/move_base/global_costmap/robot_base_frame] by /roslaunch
[rosmaster.master][INFO] 2017-11-04 14:22:46,080: +PARAM [/robot_description] by /roslaunch
[rosmaster.master][INFO] 2017-11-04 14:22:46,080: +PARAM [/move_base/DWAPlannerROS/yaw_goal_tolerance] by /roslaunch
[rosmaster.master][INFO] 2017-11-04 14:22:46,080: +PARAM [/move_base/local_costmap/height] by /roslaunch
[rosmaster.master][INFO] 2017-11-04 14:22:46,080: +PARAM [/move_base/global_costmap/laser_scan_sensor/marking] by /roslaunch
[rosmaster.master][INFO] 2017-11-04 14:22:46,080: +PARAM [/move_base/DWAPlannerROS/publish_traj_pc] by /roslaunch
[rosmaster.master][INFO] 2017-11-04 14:22:46,080: +PARAM [/move_base/DWAPlannerROS/stop_time_buffer] by /roslaunch
[rosmaster.master][INFO] 2017-11-04 14:22:46,080: +PARAM [/move_base/DWAPlannerROS/min_vel_y] by /roslaunch
[rosmaster.master][INFO] 2017-11-04 14:22:46,080: +PARAM [/move_base/DWAPlannerROS/min_trans_vel] by /roslaunch
[rosmaster.master][INFO] 2017-11-04 14:22:46,080: +PARAM [/move_base/DWAPlannerROS/vy_samples] by /roslaunch
[rosmaster.master][INFO] 2017-11-04 14:22:46,080: +PARAM [/move_base/DWAPlannerROS/oscillation_reset_dist] by /roslaunch
[rosmaster.master][INFO] 2017-11-04 14:22:46,080: +PARAM [/move_base/DWAPlannerROS/global_frame_id] by /roslaunch
[rosmaster.master][INFO] 2017-11-04 14:22:46,081: +PARAM [/move_base/global_costmap/inflation_radius] by /roslaunch
[rosmaster.master][INFO] 2017-11-04 14:22:46,081: +PARAM [/move_base/local_costmap/obstacle_range] by /roslaunch
[rosmaster.master][INFO] 2017-11-04 14:22:46,081: +PARAM [/move_base/local_costmap/update_frequency] by /roslaunch
[rosmaster.master][INFO] 2017-11-04 14:22:46,081: +PARAM [/move_base/local_costmap/footprint] by /roslaunch
[rosmaster.master][INFO] 2017-11-04 14:22:46,081: +PARAM [/move_base/global_costmap/raytrace_range] by /roslaunch
[rosmaster.master][INFO] 2017-11-04 14:22:46,081: +PARAM [/move_base/local_costmap/raytrace_range] by /roslaunch
[rosmaster.master][INFO] 2017-11-04 14:22:46,081: +PARAM [/move_base/DWAPlannerROS/vtheta_samples] by /roslaunch
[rosmaster.master][INFO] 2017-11-04 14:22:46,081: +PARAM [/move_base/DWAPlannerROS/latch_xy_goal_tolerance] by /roslaunch
[rosmaster.master][INFO] 2017-11-04 14:22:46,081: +PARAM [/move_base/DWAPlannerROS/occdist_scale] by /roslaunch
[rosmaster.master][INFO] 2017-11-04 14:22:46,081: +PARAM [/slam_gmapping/map_update_interval] by /roslaunch
[rosmaster.master][INFO] 2017-11-04 14:22:46,081: +PARAM [/slam_gmapping/xmax] by /roslaunch
[rosmaster.master][INFO] 2017-11-04 14:22:46,081: +PARAM [/move_base/local_costmap/inflation_radius] by /roslaunch
[rosmaster.master][INFO] 2017-11-04 14:22:46,082: +PARAM [/move_base/global_costmap/observation_sources] by /roslaunch
[rosmaster.master][INFO] 2017-11-04 14:22:46,082: +PARAM [/move_base/planner_frequency] by /roslaunch
[rosmaster.master][INFO] 2017-11-04 14:22:46,082: +PARAM [/move_base/DWAPlannerROS/scaling_speed] by /roslaunch
[rosmaster.master][INFO] 2017-11-04 14:22:46,082: +PARAM [/move_base/local_costmap/laser_scan_sensor/clearing] by /roslaunch
[rosmaster.master][INFO] 2017-11-04 14:22:46,082: +PARAM [/rosdistro] by /roslaunch
[rosmaster.master][INFO] 2017-11-04 14:22:46,082: +PARAM [/move_base/DWAPlannerROS/xy_goal_tolerance] by /roslaunch
[rosmaster.master][INFO] 2017-11-04 14:22:46,082: +PARAM [/slam_gmapping/xmin] by /roslaunch
[rosmaster.master][INFO] 2017-11-04 14:22:46,082: +PARAM [/move_base/DWAPlannerROS/forward_point_distance] by /roslaunch
[rosmaster.master][INFO] 2017-11-04 14:22:46,082: +PARAM [/move_base/global_costmap/footprint] by /roslaunch
[rosmaster.master][INFO] 2017-11-04 14:22:46,082: +PARAM [/slam_gmapping/delta] by /roslaunch
[rosmaster.master][INFO] 2017-11-04 14:22:46,082: +PARAM [/move_base/global_costmap/laser_scan_sensor/topic] by /roslaunch
[rosmaster.master][INFO] 2017-11-04 14:22:46,082: +PARAM [/move_base/global_costmap/rolling_window] by /roslaunch
[rosmaster.master][INFO] 2017-11-04 14:22:46,082: +PARAM [/move_base/DWAPlannerROS/acc_lim_y] by /roslaunch
[rosmaster.master][INFO] 2017-11-04 14:22:46,082: +PARAM [/move_base/global_costmap/update_frequency] by /roslaunch
[rosmaster.master][INFO] 2017-11-04 14:22:46,082: +PARAM [/rosversion] by /roslaunch
[rosmaster.master][INFO] 2017-11-04 14:22:46,082: +PARAM [/move_base/local_costmap/global_frame] by /roslaunch
[rosmaster.master][INFO] 2017-11-04 14:22:46,083: +PARAM [/move_base/global_costmap/global_frame] by /roslaunch
[rosmaster.master][INFO] 2017-11-04 14:22:46,083: +PARAM [/move_base/DWAPlannerROS/rot_stopped_vel] by /roslaunch
[rosmaster.master][INFO] 2017-11-04 14:22:46,084: +PARAM [/move_base/DWAPlannerROS/max_rot_vel] by /roslaunch
[rosmaster.master][INFO] 2017-11-04 14:22:46,084: +PARAM [/move_base/DWAPlannerROS/holonomic_robot] by /roslaunch
[rosmaster.master][INFO] 2017-11-04 14:22:46,084: +PARAM [/move_base/local_costmap/static_map] by /roslaunch
[rosmaster.master][INFO] 2017-11-04 14:22:46,084: +PARAM [/move_base/local_costmap/resolution] by /roslaunch
[rosmaster.master][INFO] 2017-11-04 14:22:46,084: +PARAM [/move_base/global_costmap/obstacle_range] by /roslaunch
[rosmaster.master][INFO] 2017-11-04 14:22:46,084: +PARAM [/move_base/local_costmap/laser_scan_sensor/marking] by /roslaunch
[rosmaster.master][INFO] 2017-11-04 14:22:46,084: +PARAM [/move_base/global_costmap/laser_scan_sensor/data_type] by /roslaunch
[rosmaster.master][INFO] 2017-11-04 14:22:46,084: +PARAM [/move_base/local_costmap/publish_frequency] by /roslaunch
[rosmaster.master][INFO] 2017-11-04 14:22:46,084: +PARAM [/move_base/DWAPlannerROS/vx_samples] by /roslaunch
[rosmaster.master][INFO] 2017-11-04 14:22:46,084: +PARAM [/slam_gmapping/ymin] by /roslaunch
[rosmaster.master][INFO] 2017-11-04 14:22:46,084: +PARAM [/move_base/global_costmap/publish_frequency] by /roslaunch
[rosmaster.master][INFO] 2017-11-04 14:22:46,084: +PARAM [/slam_gmapping/ymax] by /roslaunch
[rosmaster.master][INFO] 2017-11-04 14:22:46,084: +PARAM [/move_base/DWAPlannerROS/min_vel_x] by /roslaunch
[rosmaster.master][INFO] 2017-11-04 14:22:46,084: +PARAM [/move_base/DWAPlannerROS/max_vel_y] by /roslaunch
[rosmaster.master][INFO] 2017-11-04 14:22:46,084: +PARAM [/move_base/local_costmap/robot_base_frame] by /roslaunch
[rosmaster.master][INFO] 2017-11-04 14:22:46,084: +PARAM [/move_base/global_costmap/height] by /roslaunch
[rosmaster.master][INFO] 2017-11-04 14:22:46,084: +PARAM [/move_base/DWAPlannerROS/max_trans_vel] by /roslaunch
[rosmaster.master][INFO] 2017-11-04 14:22:46,084: +PARAM [/move_base/base_local_planner] by /roslaunch
[rosmaster.master][INFO] 2017-11-04 14:22:46,085: +PARAM [/move_base/global_costmap/width] by /roslaunch
[rosmaster.master][INFO] 2017-11-04 14:22:46,085: +PARAM [/move_base/local_costmap/laser_scan_sensor/topic] by /roslaunch
[rosmaster.master][INFO] 2017-11-04 14:22:46,085: +PARAM [/slam_gmapping/linearUpdate] by /roslaunch
[rosmaster.master][INFO] 2017-11-04 14:22:46,085: +PARAM [/move_base/local_costmap/width] by /roslaunch
[rosmaster.master][INFO] 2017-11-04 14:22:46,085: +PARAM [/move_base/DWAPlannerROS/max_scaling_factor] by /roslaunch
[rosmaster.master][INFO] 2017-11-04 14:22:46,085: +PARAM [/move_base/local_costmap/rolling_window] by /roslaunch
[rosmaster.master][INFO] 2017-11-04 14:22:46,085: +PARAM [/move_base/global_costmap/resolution] by /roslaunch
[rosmaster.master][INFO] 2017-11-04 14:22:46,085: +PARAM [/move_base/global_costmap/static_map] by /roslaunch
[rosmaster.master][INFO] 2017-11-04 14:22:46,085: +PARAM [/move_base/controller_frequency] by /roslaunch
[rosmaster.master][INFO] 2017-11-04 14:22:46,085: +PARAM [/move_base/DWAPlannerROS/goal_distance_bias] by /roslaunch
[rosmaster.master][INFO] 2017-11-04 14:22:46,085: +PARAM [/move_base/global_costmap/laser_scan_sensor/clearing] by /roslaunch
[rosmaster.master][INFO] 2017-11-04 14:22:46,085: +PARAM [/move_base/local_costmap/publish_voxel_map] by /roslaunch
[rosmaster.master][INFO] 2017-11-04 14:22:46,085: +PARAM [/move_base/DWAPlannerROS/publish_cost_grid_pc] by /roslaunch
[rosmaster.master][INFO] 2017-11-04 14:22:46,148: +PUB [/rosout] /base_laser1_broadcaster http://mdas-Meerkat:41549/
[rosmaster.master][INFO] 2017-11-04 14:22:46,156: +SERVICE [/base_laser1_broadcaster/get_loggers] /base_laser1_broadcaster http://mdas-Meerkat:41549/
[rosmaster.master][INFO] 2017-11-04 14:22:46,160: +SERVICE [/base_laser1_broadcaster/set_logger_level] /base_laser1_broadcaster http://mdas-Meerkat:41549/
[rosmaster.master][INFO] 2017-11-04 14:22:46,162: +PUB [/rosout] /robot_state_publisher http://mdas-Meerkat:32813/
[rosmaster.master][INFO] 2017-11-04 14:22:46,173: +PUB [/rosout] /pub_des_state_startup http://mdas-Meerkat:33585/
[rosmaster.master][INFO] 2017-11-04 14:22:46,174: +PUB [/rosout] /odom_tf http://mdas-Meerkat:38157/
[rosmaster.master][INFO] 2017-11-04 14:22:46,175: +SERVICE [/robot_state_publisher/get_loggers] /robot_state_publisher http://mdas-Meerkat:32813/
[rosmaster.master][INFO] 2017-11-04 14:22:46,176: +PARAM [/slam_gmapping/base_frame] by /slam_gmapping
[rosmaster.master][INFO] 2017-11-04 14:22:46,177: +SERVICE [/pub_des_state_startup/get_loggers] /pub_des_state_startup http://mdas-Meerkat:33585/
[rosmaster.master][INFO] 2017-11-04 14:22:46,178: +PUB [/tf] /base_laser1_broadcaster http://mdas-Meerkat:41549/
[rosmaster.master][INFO] 2017-11-04 14:22:46,179: +SERVICE [/odom_tf/get_loggers] /odom_tf http://mdas-Meerkat:38157/
[rosmaster.master][INFO] 2017-11-04 14:22:46,179: +SERVICE [/robot_state_publisher/set_logger_level] /robot_state_publisher http://mdas-Meerkat:32813/
[rosmaster.master][INFO] 2017-11-04 14:22:46,180: +SERVICE [/pub_des_state_startup/set_logger_level] /pub_des_state_startup http://mdas-Meerkat:33585/
[rosmaster.master][INFO] 2017-11-04 14:22:46,181: +PUB [/rosout] /navigation_goals http://mdas-Meerkat:40287/
[rosmaster.master][INFO] 2017-11-04 14:22:46,181: +SERVICE [/odom_tf/set_logger_level] /odom_tf http://mdas-Meerkat:38157/
[rosmaster.master][INFO] 2017-11-04 14:22:46,182: +PUB [/rosout] /slam_gmapping http://mdas-Meerkat:36107/
[rosmaster.master][INFO] 2017-11-04 14:22:46,182: +PUB [/rosout] /move_base http://mdas-Meerkat:44893/
[rosmaster.master][INFO] 2017-11-04 14:22:46,183: +SERVICE [/navigation_goals/get_loggers] /navigation_goals http://mdas-Meerkat:40287/
[rosmaster.master][INFO] 2017-11-04 14:22:46,184: +SERVICE [/slam_gmapping/get_loggers] /slam_gmapping http://mdas-Meerkat:36107/
[rosmaster.master][INFO] 2017-11-04 14:22:46,185: +SERVICE [/move_base/get_loggers] /move_base http://mdas-Meerkat:44893/
[rosmaster.master][INFO] 2017-11-04 14:22:46,185: +PUB [/tf] /pub_des_state_startup http://mdas-Meerkat:33585/
[rosmaster.master][INFO] 2017-11-04 14:22:46,186: +SERVICE [/navigation_goals/set_logger_level] /navigation_goals http://mdas-Meerkat:40287/
[rosmaster.master][INFO] 2017-11-04 14:22:46,186: +PUB [/tf] /odom_tf http://mdas-Meerkat:38157/
[rosmaster.master][INFO] 2017-11-04 14:22:46,187: +SERVICE [/slam_gmapping/set_logger_level] /slam_gmapping http://mdas-Meerkat:36107/
[rosmaster.master][INFO] 2017-11-04 14:22:46,187: +SERVICE [/move_base/set_logger_level] /move_base http://mdas-Meerkat:44893/
[rosmaster.master][INFO] 2017-11-04 14:22:46,191: +PUB [/tf] /robot_state_publisher http://mdas-Meerkat:32813/
[rosmaster.master][INFO] 2017-11-04 14:22:46,193: +PUB [/tf_static] /robot_state_publisher http://mdas-Meerkat:32813/
[rosmaster.master][INFO] 2017-11-04 14:22:46,197: +SUB [/tf] /pub_des_state_startup http://mdas-Meerkat:33585/
[rosmaster.master][INFO] 2017-11-04 14:22:46,198: +SUB [/tf] /odom_tf http://mdas-Meerkat:38157/
[rosmaster.master][INFO] 2017-11-04 14:22:46,200: +SUB [/clicked_point] /navigation_goals http://mdas-Meerkat:40287/
[rosmaster.master][INFO] 2017-11-04 14:22:46,201: +SUB [/tf] /slam_gmapping http://mdas-Meerkat:36107/
[rosmaster.master][INFO] 2017-11-04 14:22:46,201: +SUB [/tf] /move_base http://mdas-Meerkat:44893/
[rosmaster.master][INFO] 2017-11-04 14:22:46,211: +SUB [/tf_static] /odom_tf http://mdas-Meerkat:38157/
[rosmaster.master][INFO] 2017-11-04 14:22:46,211: +SUB [/tf_static] /pub_des_state_startup http://mdas-Meerkat:33585/
[rosmaster.master][INFO] 2017-11-04 14:22:46,213: +PUB [/desState] /pub_des_state_startup http://mdas-Meerkat:33585/
[rosmaster.master][INFO] 2017-11-04 14:22:46,214: +SUB [/tf_static] /slam_gmapping http://mdas-Meerkat:36107/
[rosmaster.master][INFO] 2017-11-04 14:22:46,214: +SUB [/tf_static] /move_base http://mdas-Meerkat:44893/
[rosmaster.master][INFO] 2017-11-04 14:22:46,215: +SUB [/joint_states] /robot_state_publisher http://mdas-Meerkat:32813/
[rosmaster.master][INFO] 2017-11-04 14:22:46,215: +PUB [/desPsi] /pub_des_state_startup http://mdas-Meerkat:33585/
[rosmaster.master][INFO] 2017-11-04 14:22:46,216: +PUB [/tf] /slam_gmapping http://mdas-Meerkat:36107/
[rosmaster.master][INFO] 2017-11-04 14:22:46,216: +PUB [/motion_mode] /pub_des_state_startup http://mdas-Meerkat:33585/
[rosmaster.master][INFO] 2017-11-04 14:22:46,217: +SERVICE [/estop_service] /pub_des_state_startup http://mdas-Meerkat:33585/
[rosmaster.master][INFO] 2017-11-04 14:22:46,217: +SERVICE [/clear_estop_service] /pub_des_state_startup http://mdas-Meerkat:33585/
[rosmaster.master][INFO] 2017-11-04 14:22:46,218: +SERVICE [/lidar_alarm_service] /pub_des_state_startup http://mdas-Meerkat:33585/
[rosmaster.master][INFO] 2017-11-04 14:22:46,218: +SERVICE [/pop_path_queue_service] /pub_des_state_startup http://mdas-Meerkat:33585/
[rosmaster.master][INFO] 2017-11-04 14:22:46,219: +SERVICE [/flush_path_queue_service] /pub_des_state_startup http://mdas-Meerkat:33585/
[rosmaster.master][INFO] 2017-11-04 14:22:46,220: +SERVICE [/append_path_queue_service] /pub_des_state_startup http://mdas-Meerkat:33585/
[rosmaster.master][INFO] 2017-11-04 14:22:46,224: +SUB [/odom] /pub_des_state_startup http://mdas-Meerkat:33585/
[rosmaster.master][INFO] 2017-11-04 14:22:46,227: publisherUpdate[/rosout] -> http://mdas-Meerkat:34923/
[rosmaster.master][INFO] 2017-11-04 14:22:46,228: publisherUpdate[/rosout] -> http://mdas-Meerkat:34923/
[rosmaster.master][INFO] 2017-11-04 14:22:46,228: publisherUpdate[/rosout] -> http://mdas-Meerkat:34923/
[rosmaster.master][INFO] 2017-11-04 14:22:46,229: publisherUpdate[/rosout] -> http://mdas-Meerkat:34923/
[rosmaster.master][INFO] 2017-11-04 14:22:46,229: +SUB [/cmd_mode] /pub_des_state_startup http://mdas-Meerkat:33585/
[rosmaster.master][INFO] 2017-11-04 14:22:46,230: publisherUpdate[/rosout] -> http://mdas-Meerkat:34923/
[rosmaster.master][INFO] 2017-11-04 14:22:46,231: publisherUpdate[/rosout] -> http://mdas-Meerkat:34923/
[rosmaster.master][INFO] 2017-11-04 14:22:46,231: publisherUpdate[/tf] -> http://mdas-Meerkat:33585/
[rosmaster.master][INFO] 2017-11-04 14:22:46,232: publisherUpdate[/rosout] -> http://mdas-Meerkat:34923/
[rosmaster.master][INFO] 2017-11-04 14:22:46,232: publisherUpdate[/tf] -> http://mdas-Meerkat:38157/
[rosmaster.master][INFO] 2017-11-04 14:22:46,233: publisherUpdate[/tf] -> http://mdas-Meerkat:36107/
[rosmaster.master][INFO] 2017-11-04 14:22:46,233: publisherUpdate[/tf] -> http://mdas-Meerkat:44893/
[rosmaster.master][INFO] 2017-11-04 14:22:46,238: +SUB [/go_home] /pub_des_state_startup http://mdas-Meerkat:33585/
[rosmaster.master][INFO] 2017-11-04 14:22:46,245: +PUB [/slam_gmapping/entropy] /slam_gmapping http://mdas-Meerkat:36107/
[rosmaster.master][INFO] 2017-11-04 14:22:46,245: +PUB [/map] /slam_gmapping http://mdas-Meerkat:36107/
[rosmaster.master][INFO] 2017-11-04 14:22:46,246: +PUB [/map_metadata] /slam_gmapping http://mdas-Meerkat:36107/
[rosmaster.master][INFO] 2017-11-04 14:22:46,246: +SERVICE [/dynamic_map] /slam_gmapping http://mdas-Meerkat:36107/
[rosmaster.master][INFO] 2017-11-04 14:22:46,250: +SUB [/sensor_msgs/LaserScan] /slam_gmapping http://mdas-Meerkat:36107/
[rosmaster.master][INFO] 2017-11-04 14:22:46,254: +PUB [/cmd_vel] /move_base http://mdas-Meerkat:44893/
[rosmaster.master][INFO] 2017-11-04 14:22:46,254: +PUB [/move_base/current_goal] /move_base http://mdas-Meerkat:44893/
[rosmaster.master][INFO] 2017-11-04 14:22:46,255: +PUB [/move_base/goal] /move_base http://mdas-Meerkat:44893/
[rosmaster.master][INFO] 2017-11-04 14:22:46,257: +SUB [/move_base_simple/goal] /move_base http://mdas-Meerkat:44893/
[rosmaster.master][INFO] 2017-11-04 14:22:49,253: +PARAM [/roslaunch/uris/host_mdas_meerkat__46567] by /roslaunch
[rosmaster.master][INFO] 2017-11-04 14:22:49,255: +PARAM [/usb_cam_1/image_width] by /roslaunch
[rosmaster.master][INFO] 2017-11-04 14:22:49,256: +PARAM [/usb_cam_1/video_device] by /roslaunch
[rosmaster.master][INFO] 2017-11-04 14:22:49,256: +PARAM [/base_laser1/baud] by /roslaunch
[rosmaster.master][INFO] 2017-11-04 14:22:49,256: +PARAM [/novatel_node/psrpos_topic] by /roslaunch
[rosmaster.master][INFO] 2017-11-04 14:22:49,256: +PARAM [/novatel_node/port] by /roslaunch
[rosmaster.master][INFO] 2017-11-04 14:22:49,256: +PARAM [/base_laser1/frame_id] by /roslaunch
[rosmaster.master][INFO] 2017-11-04 14:22:49,256: +PARAM [/novatel_node/ephem_log] by /roslaunch
[rosmaster.master][INFO] 2017-11-04 14:22:49,256: +PARAM [/novatel_node/baudrate] by /roslaunch
[rosmaster.master][INFO] 2017-11-04 14:22:49,256: +PARAM [/usb_cam_1/framerate] by /roslaunch
[rosmaster.master][INFO] 2017-11-04 14:22:49,256: +PARAM [/base_laser1/resolution] by /roslaunch
[rosmaster.master][INFO] 2017-11-04 14:22:49,256: +PARAM [/novatel_node/range_default_logs_period] by /roslaunch
[rosmaster.master][INFO] 2017-11-04 14:22:49,256: +PARAM [/rosdistro] by /roslaunch
[rosmaster.master][INFO] 2017-11-04 14:22:49,256: +PARAM [/usb_cam_1/pixel_format] by /roslaunch
[rosmaster.master][INFO] 2017-11-04 14:22:49,256: +PARAM [/novatel_node/log_commands] by /roslaunch
[rosmaster.master][INFO] 2017-11-04 14:22:49,256: +PARAM [/rosversion] by /roslaunch
[rosmaster.master][INFO] 2017-11-04 14:22:49,257: +PARAM [/novatel_node/gps_default_logs_period] by /roslaunch
[rosmaster.master][INFO] 2017-11-04 14:22:49,257: +PARAM [/novatel_node/psrpos_default_logs_period] by /roslaunch
[rosmaster.master][INFO] 2017-11-04 14:22:49,257: +PARAM [/usb_cam_1/camera_frame_id] by /roslaunch
[rosmaster.master][INFO] 2017-11-04 14:22:49,257: +PARAM [/usb_cam_1/io_method] by /roslaunch
[rosmaster.master][INFO] 2017-11-04 14:22:49,257: +PARAM [/novatel_node/odom_topic] by /roslaunch
[rosmaster.master][INFO] 2017-11-04 14:22:49,257: +PARAM [/base_laser1/port] by /roslaunch
[rosmaster.master][INFO] 2017-11-04 14:22:49,257: +PARAM [/novatel_node/span_default_logs_period] by /roslaunch
[rosmaster.master][INFO] 2017-11-04 14:22:49,257: +PARAM [/usb_cam_1/image_height] by /roslaunch
[rosmaster.master][INFO] 2017-11-04 14:22:49,320: +PUB [/rosout] /base_laser1 http://mdas-Meerkat:36693/
[rosmaster.master][INFO] 2017-11-04 14:22:49,321: +SERVICE [/base_laser1/get_loggers] /base_laser1 http://mdas-Meerkat:36693/
[rosmaster.master][INFO] 2017-11-04 14:22:49,323: +SERVICE [/base_laser1/set_logger_level] /base_laser1 http://mdas-Meerkat:36693/
[rosmaster.master][INFO] 2017-11-04 14:22:49,331: +PUB [/rosout] /novatel_node http://mdas-Meerkat:35965/
[rosmaster.master][INFO] 2017-11-04 14:22:49,333: +SERVICE [/novatel_node/get_loggers] /novatel_node http://mdas-Meerkat:35965/
[rosmaster.master][INFO] 2017-11-04 14:22:49,334: +SERVICE [/novatel_node/set_logger_level] /novatel_node http://mdas-Meerkat:35965/
[rosmaster.master][INFO] 2017-11-04 14:22:49,334: +PUB [/rosout] /usb_cam_1 http://mdas-Meerkat:45297/
[rosmaster.master][INFO] 2017-11-04 14:22:49,335: +SERVICE [/usb_cam_1/get_loggers] /usb_cam_1 http://mdas-Meerkat:45297/
[rosmaster.master][INFO] 2017-11-04 14:22:49,336: +PUB [/diagnostics] /base_laser1 http://mdas-Meerkat:36693/
[rosmaster.master][INFO] 2017-11-04 14:22:49,336: +SERVICE [/usb_cam_1/set_logger_level] /usb_cam_1 http://mdas-Meerkat:45297/
[rosmaster.master][INFO] 2017-11-04 14:22:49,338: +PUB [/sensor_msgs/LaserScan] /base_laser1 http://mdas-Meerkat:36693/
[rosmaster.master][INFO] 2017-11-04 14:22:49,339: publisherUpdate[/rosout] -> http://mdas-Meerkat:34923/
[rosmaster.master][INFO] 2017-11-04 14:22:49,340: publisherUpdate[/rosout] -> http://mdas-Meerkat:34923/
[rosmaster.master][INFO] 2017-11-04 14:22:49,341: publisherUpdate[/rosout] -> http://mdas-Meerkat:34923/
[rosmaster.master][INFO] 2017-11-04 14:22:49,342: publisherUpdate[/sensor_msgs/LaserScan] -> http://mdas-Meerkat:36107/
[rosmaster.master][INFO] 2017-11-04 14:22:49,371: +PUB [/gps_odom] /novatel_node http://mdas-Meerkat:35965/
[rosmaster.master][INFO] 2017-11-04 14:22:49,372: +PUB [/gps_fix] /novatel_node http://mdas-Meerkat:35965/
[rosmaster.master][INFO] 2017-11-04 14:22:49,373: +PUB [/ephemeris] /novatel_node http://mdas-Meerkat:35965/
[rosmaster.master][INFO] 2017-11-04 14:22:49,373: +PUB [/range] /novatel_node http://mdas-Meerkat:35965/
[rosmaster.master][INFO] 2017-11-04 14:22:49,375: +PUB [/gps_fix_psr] /novatel_node http://mdas-Meerkat:35965/
[rosmaster.master][INFO] 2017-11-04 14:22:49,376: +PUB [/novatel_node/gps_fix_ecef] /novatel_node http://mdas-Meerkat:35965/
[rosmaster.master][INFO] 2017-11-04 14:22:49,397: +PUB [/usb_cam_1/image_raw] /usb_cam_1 http://mdas-Meerkat:45297/
[rosmaster.master][INFO] 2017-11-04 14:22:49,398: +PUB [/usb_cam_1/camera_info] /usb_cam_1 http://mdas-Meerkat:45297/
[rosmaster.master][INFO] 2017-11-04 14:22:49,409: +SERVICE [/usb_cam_1/set_camera_info] /usb_cam_1 http://mdas-Meerkat:45297/
[rosmaster.master][INFO] 2017-11-04 14:22:49,410: +SERVICE [/usb_cam_1/start_capture] /usb_cam_1 http://mdas-Meerkat:45297/
[rosmaster.master][INFO] 2017-11-04 14:22:49,410: +SERVICE [/usb_cam_1/stop_capture] /usb_cam_1 http://mdas-Meerkat:45297/
[rosmaster.master][INFO] 2017-11-04 14:22:49,441: -PUB [/rosout] /base_laser1 http://mdas-Meerkat:35593/
[rosmaster.master][INFO] 2017-11-04 14:22:49,441: -PUB [/diagnostics] /base_laser1 http://mdas-Meerkat:35593/
[rosmaster.master][INFO] 2017-11-04 14:22:49,442: -PUB [/sensor_msgs/LaserScan] /base_laser1 http://mdas-Meerkat:35593/
[rosmaster.master][INFO] 2017-11-04 14:22:49,442: -PUB [/rosout] /usb_cam_1 http://mdas-Meerkat:38169/
[rosmaster.master][INFO] 2017-11-04 14:22:49,443: -SERVICE [/base_laser1/get_loggers] /base_laser1 rosrpc://mdas-Meerkat:50643
[rosmaster.master][INFO] 2017-11-04 14:22:49,444: -PUB [/rosout] /usb_cam_1 http://mdas-Meerkat:45297/
[rosmaster.master][INFO] 2017-11-04 14:22:49,444: -PUB [/usb_cam_1/image_raw] /usb_cam_1 http://mdas-Meerkat:38169/
[rosmaster.master][INFO] 2017-11-04 14:22:49,444: -PUB [/rosout] /novatel_node http://mdas-Meerkat:41099/
[rosmaster.master][INFO] 2017-11-04 14:22:49,445: -SERVICE [/base_laser1/set_logger_level] /base_laser1 rosrpc://mdas-Meerkat:50643
[rosmaster.master][INFO] 2017-11-04 14:22:49,445: -PUB [/usb_cam_1/image_raw] /usb_cam_1 http://mdas-Meerkat:45297/
[rosmaster.master][INFO] 2017-11-04 14:22:49,446: -PUB [/usb_cam_1/camera_info] /usb_cam_1 http://mdas-Meerkat:38169/
[rosmaster.master][INFO] 2017-11-04 14:22:49,446: -PUB [/gps_odom] /novatel_node http://mdas-Meerkat:41099/
[rosmaster.master][INFO] 2017-11-04 14:22:49,447: -PUB [/usb_cam_1/camera_info] /usb_cam_1 http://mdas-Meerkat:45297/
[rosmaster.master][INFO] 2017-11-04 14:22:49,447: -SERVICE [/usb_cam_1/get_loggers] /usb_cam_1 rosrpc://mdas-Meerkat:52863
[rosmaster.master][INFO] 2017-11-04 14:22:49,447: publisherUpdate[/rosout] -> http://mdas-Meerkat:34923/
[rosmaster.master][INFO] 2017-11-04 14:22:49,448: -PUB [/gps_fix] /novatel_node http://mdas-Meerkat:41099/
[rosmaster.master][INFO] 2017-11-04 14:22:49,448: -SERVICE [/usb_cam_1/get_loggers] /usb_cam_1 rosrpc://mdas-Meerkat:54885
[rosmaster.master][INFO] 2017-11-04 14:22:49,449: -SERVICE [/usb_cam_1/set_logger_level] /usb_cam_1 rosrpc://mdas-Meerkat:52863
[rosmaster.master][INFO] 2017-11-04 14:22:49,449: -PUB [/ephemeris] /novatel_node http://mdas-Meerkat:41099/
[rosmaster.master][INFO] 2017-11-04 14:22:49,450: -SERVICE [/usb_cam_1/set_logger_level] /usb_cam_1 rosrpc://mdas-Meerkat:54885
[rosmaster.master][INFO] 2017-11-04 14:22:49,450: -SERVICE [/usb_cam_1/set_camera_info] /usb_cam_1 rosrpc://mdas-Meerkat:52863
[rosmaster.master][INFO] 2017-11-04 14:22:49,451: -PUB [/range] /novatel_node http://mdas-Meerkat:41099/
[rosmaster.master][INFO] 2017-11-04 14:22:49,451: -SERVICE [/usb_cam_1/set_camera_info] /usb_cam_1 rosrpc://mdas-Meerkat:54885
[rosmaster.master][INFO] 2017-11-04 14:22:49,452: -SERVICE [/usb_cam_1/start_capture] /usb_cam_1 rosrpc://mdas-Meerkat:52863
[rosmaster.master][INFO] 2017-11-04 14:22:49,452: -PUB [/gps_fix_psr] /novatel_node http://mdas-Meerkat:41099/
[rosmaster.master][INFO] 2017-11-04 14:22:49,453: -SERVICE [/usb_cam_1/start_capture] /usb_cam_1 rosrpc://mdas-Meerkat:54885
[rosmaster.master][INFO] 2017-11-04 14:22:49,453: -SERVICE [/usb_cam_1/stop_capture] /usb_cam_1 rosrpc://mdas-Meerkat:52863
[rosmaster.master][INFO] 2017-11-04 14:22:49,454: -PUB [/novatel_node/gps_fix_ecef] /novatel_node http://mdas-Meerkat:41099/
[rosmaster.master][INFO] 2017-11-04 14:22:49,454: -SERVICE [/usb_cam_1/stop_capture] /usb_cam_1 rosrpc://mdas-Meerkat:54885
[rosmaster.master][INFO] 2017-11-04 14:22:49,454: -SERVICE [/novatel_node/get_loggers] /novatel_node rosrpc://mdas-Meerkat:40975
[rosmaster.master][INFO] 2017-11-04 14:22:49,455: -SERVICE [/novatel_node/set_logger_level] /novatel_node rosrpc://mdas-Meerkat:40975
[rosmaster.master][INFO] 2017-11-04 14:22:50,655: -PUB [/rosout_agg] /rosout http://mdas-Meerkat:34923/
[rosmaster.master][INFO] 2017-11-04 14:22:50,655: -SUB [/rosout] /rosout http://mdas-Meerkat:34923/
[rosmaster.master][INFO] 2017-11-04 14:22:50,656: -SERVICE [/rosout/get_loggers] /rosout rosrpc://mdas-Meerkat:33907
[rosmaster.master][INFO] 2017-11-04 14:22:50,656: -SERVICE [/rosout/set_logger_level] /rosout rosrpc://mdas-Meerkat:33907
[rosmaster.main][INFO] 2017-11-04 14:22:50,761: keyboard interrupt, will exit
[rosmaster.main][INFO] 2017-11-04 14:22:50,761: stopping master...
[rospy.core][INFO] 2017-11-04 14:22:50,761: signal_shutdown [atexit]
