

1509819755.927403840  Node Startup
1509819755.979624410 INFO [/home/mdas/ros_ws/src/packages/novatel/src/novatel_node.cpp:55(handleInfoMessages) [topics: /rosout, /gps_odom, /gps_fix, /ephemeris, /range, /gps_fix_psr, /novatel_node/gps_fix_ecef] Serial port: /dev/sensor-gps opened successfully.

1509819756.001925184 INFO [/home/mdas/ros_ws/src/packages/usb_cams/nodes/usb_cam_node.cpp:138(UsbCamNode::UsbCamNode) [topics: /rosout, /usb_cam_1/image_raw, /usb_cam_1/camera_info] Starting 'head_camera' (/dev/video0) at 640x480 via mmap (yuyv) at 10 FPS
1509819756.612891757 INFO [/home/mdas/ros_ws/src/sicktoolbox_wrapper/ros/sicklms/sicklms.cpp:253(main) [topics: /rosout, /diagnostics, /sensor_msgs/LaserScan] Setting variant to (0, 1.000000)
1509819756.612956357 WARN [/home/mdas/ros_ws/src/sicktoolbox_wrapper/ros/sicklms/sicklms.cpp:266(main) [topics: /rosout, /diagnostics, /sensor_msgs/LaserScan] Unable to set scan angle. Using 180 instead of 0.
1509819756.920609594 WARN [/home/mdas/ros_ws/src/packages/usb_cams/src/usb_cam.cpp:1206(UsbCam::set_v4l_parameter) [topics: /rosout, /usb_cam_1/image_raw, /usb_cam_1/camera_info] sh: 1: v4l2-ctl: not found

1509819756.921480072 WARN [/home/mdas/ros_ws/src/packages/usb_cams/src/usb_cam.cpp:1206(UsbCam::set_v4l_parameter) [topics: /rosout, /usb_cam_1/image_raw, /usb_cam_1/camera_info] sh: 1: v4l2-ctl: not found

1509819756.979796948 INFO [/home/mdas/ros_ws/src/packages/novatel/src/novatel_node.cpp:55(handleInfoMessages) [topics: /rosout, /gps_odom, /gps_fix, /ephemeris, /range, /gps_fix_psr, /novatel_node/gps_fix_ecef] Searching for Novatel receiver...

1509819757.627232327 INFO [/home/mdas/ros_ws/src/packages/novatel/src/novatel_node.cpp:55(handleInfoMessages) [topics: /rosout, /gps_odom, /gps_fix, /ephemeris, /range, /gps_fix_psr, /novatel_node/gps_fix_ecef] Found Novatel receiver.
	Model: "WAASHPB"
	Serial Number: "SAS06209044"
	Hardware version: "LBg2-3.04-X2T"
	Software version: "2.312"

Receiver capabilities:
	L2: -
	Raw measurements: -
	RTK: -
	SPAN: -
	GLONASS: -

1509819757.627327067 INFO [/home/mdas/ros_ws/src/packages/novatel/src/novatel_node.cpp:491(run) [topics: /rosout, /gps_odom, /gps_fix, /ephemeris, /range, /gps_fix_psr, /novatel_node/gps_fix_ecef] Requesting default GPS messages: BESTUTMB, BESTVELB
1509819757.627357258 INFO [/home/mdas/ros_ws/src/packages/novatel/src/novatel_node.cpp:55(handleInfoMessages) [topics: /rosout, /gps_odom, /gps_fix, /ephemeris, /range, /gps_fix_psr, /novatel_node/gps_fix_ecef] Started read thread.
1509819757.627386922 INFO [/home/mdas/ros_ws/src/packages/novatel/src/novatel_node.cpp:55(handleInfoMessages) [topics: /rosout, /gps_odom, /gps_fix, /ephemeris, /range, /gps_fix_psr, /novatel_node/gps_fix_ecef] LOG BESTUTMB ONTIME 1.00

1509819758.371295232 INFO [/home/mdas/ros_ws/src/packages/novatel/src/novatel_node.cpp:55(handleInfoMessages) [topics: /rosout, /gps_odom, /gps_fix, /ephemeris, /range, /gps_fix_psr, /novatel_node/gps_fix_ecef] RECEIVED AN ACK.
1509819758.371448698 INFO [/home/mdas/ros_ws/src/packages/novatel/src/novatel_node.cpp:55(handleInfoMessages) [topics: /rosout, /gps_odom, /gps_fix, /ephemeris, /range, /gps_fix_psr, /novatel_node/gps_fix_ecef] Ack received for requested log: BESTUTMB ONTIME 1.00
1509819758.371600025 INFO [/home/mdas/ros_ws/src/packages/novatel/src/novatel_node.cpp:55(handleInfoMessages) [topics: /rosout, /gps_odom, /gps_fix, /ephemeris, /range, /gps_fix_psr, /novatel_node/gps_fix_ecef] LOG BESTVELB ONTIME 1.00

1509819759.108144472 INFO [/home/mdas/ros_ws/src/packages/novatel/src/novatel_node.cpp:55(handleInfoMessages) [topics: /rosout, /gps_odom, /gps_fix, /ephemeris, /range, /gps_fix_psr, /novatel_node/gps_fix_ecef] RECEIVED AN ACK.
1509819759.108214115 INFO [/home/mdas/ros_ws/src/packages/novatel/src/novatel_node.cpp:55(handleInfoMessages) [topics: /rosout, /gps_odom, /gps_fix, /ephemeris, /range, /gps_fix_psr, /novatel_node/gps_fix_ecef] Ack received for requested log: BESTVELB ONTIME 1.00
1509819759.108321367 INFO [/home/mdas/ros_ws/src/packages/novatel/src/novatel_node.cpp:55(handleInfoMessages) [topics: /rosout, /gps_odom, /gps_fix, /ephemeris, /range, /gps_fix_psr, /novatel_node/gps_fix_ecef] LOG PSRPOSB ONTIME 1.00

1509819759.840229945 INFO [/home/mdas/ros_ws/src/packages/novatel/src/novatel_node.cpp:55(handleInfoMessages) [topics: /rosout, /gps_odom, /gps_fix, /ephemeris, /range, /gps_fix_psr, /novatel_node/gps_fix_ecef] RECEIVED AN ACK.
1509819759.840532655 INFO [/home/mdas/ros_ws/src/packages/novatel/src/novatel_node.cpp:55(handleInfoMessages) [topics: /rosout, /gps_odom, /gps_fix, /ephemeris, /range, /gps_fix_psr, /novatel_node/gps_fix_ecef] Ack received for requested log: PSRPOSB ONTIME 1.00
1509819766.211917231 WARN [/home/mdas/ros_ws/src/packages/high_level_control/sentry/odom_tf/src/odom_tf_fncs.cpp:26(OdomTf) [topics: /rosout, /tf] "odom" passed to lookupTransform argument target_frame does not exist. ; retrying!...
1509819766.189945995 WARN [/tmp/binarydeb/ros-indigo-kdl-parser-1.11.14/src/kdl_parser.cpp:197(treeFromUrdfModel) [topics: /rosout] The root link base_link has an inertia specified in the URDF, but KDL does not support a root link with an inertia.  As a workaround, you can add an extra dummy link to your URDF.
1509819766.216855267 INFO [/home/mdas/ros_ws/src/packages/high_level_control/sentry/mapping_and_control/src/pub_des_state.cpp:61(initializeServices) [topics: /rosout, /tf, /desState, /desPsi, /motion_mode] Initializing Services
1509819766.712216287 WARN [/home/mdas/ros_ws/src/packages/high_level_control/sentry/odom_tf/src/odom_tf_fncs.cpp:26(OdomTf) [topics: /rosout, /tf] Could not find a connection between 'odom' and 'base_link' because they are not part of the same tree.Tf has two or more unconnected trees.; retrying!...
1509819767.212375891 WARN [/home/mdas/ros_ws/src/packages/high_level_control/sentry/odom_tf/src/odom_tf_fncs.cpp:26(OdomTf) [topics: /rosout, /tf] Could not find a connection between 'odom' and 'base_link' because they are not part of the same tree.Tf has two or more unconnected trees.; retrying!...
1509819767.712616795 WARN [/home/mdas/ros_ws/src/packages/high_level_control/sentry/odom_tf/src/odom_tf_fncs.cpp:26(OdomTf) [topics: /rosout, /tf] Could not find a connection between 'odom' and 'base_link' because they are not part of the same tree.Tf has two or more unconnected trees.; retrying!...
1509819768.212876072 WARN [/home/mdas/ros_ws/src/packages/high_level_control/sentry/odom_tf/src/odom_tf_fncs.cpp:26(OdomTf) [topics: /rosout, /tf] Could not find a connection between 'odom' and 'base_link' because they are not part of the same tree.Tf has two or more unconnected trees.; retrying!...
1509819768.713096630 WARN [/home/mdas/ros_ws/src/packages/high_level_control/sentry/odom_tf/src/odom_tf_fncs.cpp:26(OdomTf) [topics: /rosout, /tf] Could not find a connection between 'odom' and 'base_link' because they are not part of the same tree.Tf has two or more unconnected trees.; retrying!...
1509819769.213192394 WARN [/home/mdas/ros_ws/src/packages/high_level_control/sentry/odom_tf/src/odom_tf_fncs.cpp:26(OdomTf) [topics: /rosout, /tf] Could not find a connection between 'odom' and 'base_link' because they are not part of the same tree.Tf has two or more unconnected trees.; retrying!...
1509819769.377157624 INFO [/home/mdas/ros_ws/src/packages/novatel/src/novatel_node.cpp:55(handleInfoMessages) [topics: /rosout, /gps_odom, /gps_fix, /ephemeris, /range, /gps_fix_psr, /novatel_node/gps_fix_ecef] Serial port: /dev/sensor-gps opened successfully.

1509819769.713423041 WARN [/home/mdas/ros_ws/src/packages/high_level_control/sentry/odom_tf/src/odom_tf_fncs.cpp:26(OdomTf) [topics: /rosout, /tf] Could not find a connection between 'odom' and 'base_link' because they are not part of the same tree.Tf has two or more unconnected trees.; retrying!...
1509819770.213718030 WARN [/home/mdas/ros_ws/src/packages/high_level_control/sentry/odom_tf/src/odom_tf_fncs.cpp:26(OdomTf) [topics: /rosout, /tf] Could not find a connection between 'odom' and 'base_link' because they are not part of the same tree.Tf has two or more unconnected trees.; retrying!...
1509819770.377435131 INFO [/home/mdas/ros_ws/src/packages/novatel/src/novatel_node.cpp:55(handleInfoMessages) [topics: /rosout, /gps_odom, /gps_fix, /ephemeris, /range, /gps_fix_psr, /novatel_node/gps_fix_ecef] Searching for Novatel receiver...

