

1509819779.057436336  Node Startup
1509819779.142086706 INFO [/home/mdas/ros_ws/src/packages/usb_cams/nodes/usb_cam_node.cpp:138(UsbCamNode::UsbCamNode) [topics: /rosout, /usb_cam_1/image_raw, /usb_cam_1/camera_info] Starting 'head_camera' (/dev/video0) at 640x480 via mmap (yuyv) at 10 FPS
1509819779.107266050 INFO [/home/mdas/ros_ws/src/packages/novatel/src/novatel_node.cpp:55(handleInfoMessages) [topics: /rosout, /gps_odom, /gps_fix, /ephemeris, /range, /gps_fix_psr, /novatel_node/gps_fix_ecef] Serial port: /dev/sensor-gps opened successfully.

1509819780.076513177 WARN [/home/mdas/ros_ws/src/packages/usb_cams/src/usb_cam.cpp:1206(UsbCam::set_v4l_parameter) [topics: /rosout, /usb_cam_1/image_raw, /usb_cam_1/camera_info] sh: 1: v4l2-ctl: not found

1509819780.082406503 WARN [/home/mdas/ros_ws/src/packages/usb_cams/src/usb_cam.cpp:1206(UsbCam::set_v4l_parameter) [topics: /rosout, /usb_cam_1/image_raw, /usb_cam_1/camera_info] sh: 1: v4l2-ctl: not found

1509819780.107669099 INFO [/home/mdas/ros_ws/src/packages/novatel/src/novatel_node.cpp:55(handleInfoMessages) [topics: /rosout, /gps_odom, /gps_fix, /ephemeris, /range, /gps_fix_psr, /novatel_node/gps_fix_ecef] Searching for Novatel receiver...

1509819780.755663638 INFO [/home/mdas/ros_ws/src/packages/novatel/src/novatel_node.cpp:55(handleInfoMessages) [topics: /rosout, /gps_odom, /gps_fix, /ephemeris, /range, /gps_fix_psr, /novatel_node/gps_fix_ecef] Found Novatel receiver.
	Model: "WAASHPB"
	Serial Number: "SAS06209044"
	Hardware version: "LBg2-3.04-X2T"
	Software version: "2.312"

Receiver capabilities:
	L2: -
	Raw measurements: -
	RTK: -
	SPAN: -
	GLONASS: -

1509819780.756051410 INFO [/home/mdas/ros_ws/src/packages/novatel/src/novatel_node.cpp:491(run) [topics: /rosout, /gps_odom, /gps_fix, /ephemeris, /range, /gps_fix_psr, /novatel_node/gps_fix_ecef] Requesting default GPS messages: BESTUTMB, BESTVELB
1509819780.756269510 INFO [/home/mdas/ros_ws/src/packages/novatel/src/novatel_node.cpp:55(handleInfoMessages) [topics: /rosout, /gps_odom, /gps_fix, /ephemeris, /range, /gps_fix_psr, /novatel_node/gps_fix_ecef] LOG BESTUTMB ONTIME 1.00

1509819780.756478782 INFO [/home/mdas/ros_ws/src/packages/novatel/src/novatel_node.cpp:55(handleInfoMessages) [topics: /rosout, /gps_odom, /gps_fix, /ephemeris, /range, /gps_fix_psr, /novatel_node/gps_fix_ecef] Started read thread.
1509819781.498040445 INFO [/home/mdas/ros_ws/src/packages/novatel/src/novatel_node.cpp:55(handleInfoMessages) [topics: /rosout, /gps_odom, /gps_fix, /ephemeris, /range, /gps_fix_psr, /novatel_node/gps_fix_ecef] RECEIVED AN ACK.
1509819781.498387822 INFO [/home/mdas/ros_ws/src/packages/novatel/src/novatel_node.cpp:55(handleInfoMessages) [topics: /rosout, /gps_odom, /gps_fix, /ephemeris, /range, /gps_fix_psr, /novatel_node/gps_fix_ecef] Ack received for requested log: BESTUTMB ONTIME 1.00
1509819781.498548035 INFO [/home/mdas/ros_ws/src/packages/novatel/src/novatel_node.cpp:55(handleInfoMessages) [topics: /rosout, /gps_odom, /gps_fix, /ephemeris, /range, /gps_fix_psr, /novatel_node/gps_fix_ecef] LOG BESTVELB ONTIME 1.00

1509819782.232644789 INFO [/home/mdas/ros_ws/src/packages/novatel/src/novatel_node.cpp:55(handleInfoMessages) [topics: /rosout, /gps_odom, /gps_fix, /ephemeris, /range, /gps_fix_psr, /novatel_node/gps_fix_ecef] RECEIVED AN ACK.
1509819782.232815927 INFO [/home/mdas/ros_ws/src/packages/novatel/src/novatel_node.cpp:55(handleInfoMessages) [topics: /rosout, /gps_odom, /gps_fix, /ephemeris, /range, /gps_fix_psr, /novatel_node/gps_fix_ecef] Ack received for requested log: BESTVELB ONTIME 1.00
1509819782.232969171 INFO [/home/mdas/ros_ws/src/packages/novatel/src/novatel_node.cpp:55(handleInfoMessages) [topics: /rosout, /gps_odom, /gps_fix, /ephemeris, /range, /gps_fix_psr, /novatel_node/gps_fix_ecef] LOG PSRPOSB ONTIME 1.00

1509819782.962366797 INFO [/home/mdas/ros_ws/src/packages/novatel/src/novatel_node.cpp:55(handleInfoMessages) [topics: /rosout, /gps_odom, /gps_fix, /ephemeris, /range, /gps_fix_psr, /novatel_node/gps_fix_ecef] RECEIVED AN ACK.
1509819782.962561598 INFO [/home/mdas/ros_ws/src/packages/novatel/src/novatel_node.cpp:55(handleInfoMessages) [topics: /rosout, /gps_odom, /gps_fix, /ephemeris, /range, /gps_fix_psr, /novatel_node/gps_fix_ecef] Ack received for requested log: PSRPOSB ONTIME 1.00
1509819785.858373181 INFO [/tmp/binarydeb/ros-indigo-rviz-1.11.18/src/rviz/ogre_helpers/render_system.cpp:438(RenderWindow* rviz::RenderSystem::makeRenderWindow) [topics: /rosout] Stereo is NOT SUPPORTED
1509819785.858444011 INFO [/tmp/binarydeb/ros-indigo-rviz-1.11.18/src/rviz/ogre_helpers/render_system.cpp:211(RenderSystem::detectGlVersion) [topics: /rosout] OpenGl version: 3 (GLSL 1.3).
1509819790.800169291 INFO [/home/mdas/ros_ws/src/sicktoolbox_wrapper/ros/sicklms/sicklms.cpp:253(main) [topics: /rosout, /diagnostics, /sensor_msgs/LaserScan] Setting variant to (0, 1.000000)
1509819790.800259131 WARN [/home/mdas/ros_ws/src/sicktoolbox_wrapper/ros/sicklms/sicklms.cpp:266(main) [topics: /rosout, /diagnostics, /sensor_msgs/LaserScan] Unable to set scan angle. Using 180 instead of 0.
1509819790.800295888 WARN [/home/mdas/ros_ws/src/sicktoolbox_wrapper/ros/sicklms/sicklms.cpp:270(main) [topics: /rosout, /diagnostics, /sensor_msgs/LaserScan] Unable to set resolution. Using 5.000000e-01 instead of 1.000000e+00.
1509819790.800328486 INFO [/home/mdas/ros_ws/src/sicktoolbox_wrapper/ros/sicklms/sicklms.cpp:283(main) [topics: /rosout, /diagnostics, /sensor_msgs/LaserScan] Measuring units setup not requested or identical to actual ('Centimeters (cm)')
1509819796.495642105 WARN [/tmp/binarydeb/ros-indigo-roscpp-1.11.21/src/libros/init.cpp:163(shutdownCallback) [topics: /rosout, /usb_cam_1/image_raw, /usb_cam_1/camera_info] Shutdown request received.
1509819796.516887232 INFO [/home/mdas/ros_ws/src/packages/novatel/src/novatel_node.cpp:55(handleInfoMessages) [topics: /rosout, /gps_odom, /gps_fix, /ephemeris, /range, /gps_fix_psr, /novatel_node/gps_fix_ecef] Serial port: /dev/sensor-gps opened successfully.

1509819797.517184695 INFO [/home/mdas/ros_ws/src/packages/novatel/src/novatel_node.cpp:55(handleInfoMessages) [topics: /rosout, /gps_odom, /gps_fix, /ephemeris, /range, /gps_fix_psr, /novatel_node/gps_fix_ecef] Searching for Novatel receiver...

