[rosmaster.main][INFO] 2017-11-04 13:47:33,850: initialization complete, waiting for shutdown
[rosmaster.main][INFO] 2017-11-04 13:47:33,850: Starting ROS Master Node
[xmlrpc][INFO] 2017-11-04 13:47:33,851: XML-RPC server binding to 0.0.0.0:11311
[xmlrpc][INFO] 2017-11-04 13:47:33,851: Started XML-RPC server [http://mdas-Meerkat:11311/]
[rosmaster.master][INFO] 2017-11-04 13:47:33,851: Master initialized: port[11311], uri[http://mdas-Meerkat:11311/]
[xmlrpc][INFO] 2017-11-04 13:47:33,851: xml rpc node: starting XML-RPC server
[rosmaster.master][INFO] 2017-11-04 13:47:33,871: +PARAM [/run_id] by /roslaunch
[rosmaster.master][INFO] 2017-11-04 13:47:33,872: +PARAM [/roslaunch/uris/host_mdas_meerkat__42099] by /roslaunch
[rosmaster.master][INFO] 2017-11-04 13:47:33,941: +PARAM [/usb_cam_1/image_width] by /roslaunch
[rosmaster.master][INFO] 2017-11-04 13:47:33,941: +PARAM [/usb_cam_1/video_device] by /roslaunch
[rosmaster.master][INFO] 2017-11-04 13:47:33,941: +PARAM [/base_laser1/baud] by /roslaunch
[rosmaster.master][INFO] 2017-11-04 13:47:33,942: +PARAM [/novatel_node/psrpos_topic] by /roslaunch
[rosmaster.master][INFO] 2017-11-04 13:47:33,942: +PARAM [/usb_cam_2/io_method] by /roslaunch
[rosmaster.master][INFO] 2017-11-04 13:47:33,942: +PARAM [/novatel_node/port] by /roslaunch
[rosmaster.master][INFO] 2017-11-04 13:47:33,942: +PARAM [/base_laser1/frame_id] by /roslaunch
[rosmaster.master][INFO] 2017-11-04 13:47:33,942: +PARAM [/novatel_node/ephem_log] by /roslaunch
[rosmaster.master][INFO] 2017-11-04 13:47:33,942: +PARAM [/novatel_node/baudrate] by /roslaunch
[rosmaster.master][INFO] 2017-11-04 13:47:33,942: +PARAM [/usb_cam_1/framerate] by /roslaunch
[rosmaster.master][INFO] 2017-11-04 13:47:33,942: +PARAM [/base_laser1/resolution] by /roslaunch
[rosmaster.master][INFO] 2017-11-04 13:47:33,942: +PARAM [/usb_cam_2/image_height] by /roslaunch
[rosmaster.master][INFO] 2017-11-04 13:47:33,942: +PARAM [/usb_cam_2/framerate] by /roslaunch
[rosmaster.master][INFO] 2017-11-04 13:47:33,943: +PARAM [/usb_cam_2/pixel_format] by /roslaunch
[rosmaster.master][INFO] 2017-11-04 13:47:33,943: +PARAM [/rosdistro] by /roslaunch
[rosmaster.master][INFO] 2017-11-04 13:47:33,943: +PARAM [/usb_cam_1/pixel_format] by /roslaunch
[rosmaster.master][INFO] 2017-11-04 13:47:33,944: +PARAM [/usb_cam_2/video_device] by /roslaunch
[rosmaster.master][INFO] 2017-11-04 13:47:33,944: +PARAM [/usb_cam_2/image_width] by /roslaunch
[rosmaster.master][INFO] 2017-11-04 13:47:33,945: +PARAM [/novatel_node/log_commands] by /roslaunch
[rosmaster.master][INFO] 2017-11-04 13:47:33,945: +SERVICE [/rosout/get_loggers] /rosout http://mdas-Meerkat:37379/
[rosmaster.master][INFO] 2017-11-04 13:47:33,945: +PARAM [/rosversion] by /roslaunch
[rosmaster.master][INFO] 2017-11-04 13:47:33,946: +PARAM [/novatel_node/gps_default_logs_period] by /roslaunch
[rosmaster.master][INFO] 2017-11-04 13:47:33,946: +PARAM [/novatel_node/psrpos_default_logs_period] by /roslaunch
[rosmaster.master][INFO] 2017-11-04 13:47:33,946: +PARAM [/usb_cam_1/camera_frame_id] by /roslaunch
[rosmaster.master][INFO] 2017-11-04 13:47:33,946: +PARAM [/usb_cam_1/io_method] by /roslaunch
[rosmaster.master][INFO] 2017-11-04 13:47:33,946: +PARAM [/novatel_node/range_default_logs_period] by /roslaunch
[rosmaster.master][INFO] 2017-11-04 13:47:33,946: +PARAM [/novatel_node/odom_topic] by /roslaunch
[rosmaster.master][INFO] 2017-11-04 13:47:33,946: +PARAM [/base_laser1/port] by /roslaunch
[rosmaster.master][INFO] 2017-11-04 13:47:33,946: +PARAM [/usb_cam_2/camera_frame_id] by /roslaunch
[rosmaster.master][INFO] 2017-11-04 13:47:33,946: +PARAM [/novatel_node/span_default_logs_period] by /roslaunch
[rosmaster.master][INFO] 2017-11-04 13:47:33,946: +PARAM [/usb_cam_1/image_height] by /roslaunch
[rosmaster.master][INFO] 2017-11-04 13:47:33,947: +SERVICE [/rosout/set_logger_level] /rosout http://mdas-Meerkat:37379/
[rosmaster.master][INFO] 2017-11-04 13:47:33,948: +PUB [/rosout_agg] /rosout http://mdas-Meerkat:37379/
[rosmaster.master][INFO] 2017-11-04 13:47:33,951: +SUB [/rosout] /rosout http://mdas-Meerkat:37379/
[rosmaster.master][INFO] 2017-11-04 13:47:33,963: +PUB [/rosout] /base_laser1 http://mdas-Meerkat:33169/
[rosmaster.master][INFO] 2017-11-04 13:47:33,970: +SERVICE [/base_laser1/get_loggers] /base_laser1 http://mdas-Meerkat:33169/
[rosmaster.master][INFO] 2017-11-04 13:47:33,971: +SERVICE [/base_laser1/set_logger_level] /base_laser1 http://mdas-Meerkat:33169/
[rosmaster.master][INFO] 2017-11-04 13:47:33,975: +PUB [/rosout] /usb_cam_1 http://mdas-Meerkat:45495/
[rosmaster.master][INFO] 2017-11-04 13:47:33,976: +PUB [/rosout] /usb_cam_2 http://mdas-Meerkat:33315/
[rosmaster.master][INFO] 2017-11-04 13:47:33,977: +SERVICE [/usb_cam_1/get_loggers] /usb_cam_1 http://mdas-Meerkat:45495/
[rosmaster.master][INFO] 2017-11-04 13:47:33,977: +PUB [/rosout] /novatel_node http://mdas-Meerkat:41323/
[rosmaster.master][INFO] 2017-11-04 13:47:33,978: +SERVICE [/usb_cam_2/get_loggers] /usb_cam_2 http://mdas-Meerkat:33315/
[rosmaster.master][INFO] 2017-11-04 13:47:33,979: +SERVICE [/usb_cam_1/set_logger_level] /usb_cam_1 http://mdas-Meerkat:45495/
[rosmaster.master][INFO] 2017-11-04 13:47:33,979: +SERVICE [/novatel_node/get_loggers] /novatel_node http://mdas-Meerkat:41323/
[rosmaster.master][INFO] 2017-11-04 13:47:33,979: +SERVICE [/usb_cam_2/set_logger_level] /usb_cam_2 http://mdas-Meerkat:33315/
[rosmaster.master][INFO] 2017-11-04 13:47:33,980: +SERVICE [/novatel_node/set_logger_level] /novatel_node http://mdas-Meerkat:41323/
[rosmaster.master][INFO] 2017-11-04 13:47:33,994: +PUB [/diagnostics] /base_laser1 http://mdas-Meerkat:33169/
[rosmaster.master][INFO] 2017-11-04 13:47:33,996: +PUB [/sensor_msgs/LaserScan] /base_laser1 http://mdas-Meerkat:33169/
[rosmaster.master][INFO] 2017-11-04 13:47:33,997: +PUB [/gps_odom] /novatel_node http://mdas-Meerkat:41323/
[rosmaster.master][INFO] 2017-11-04 13:47:33,998: +PUB [/gps_fix] /novatel_node http://mdas-Meerkat:41323/
[rosmaster.master][INFO] 2017-11-04 13:47:34,000: +PUB [/ephemeris] /novatel_node http://mdas-Meerkat:41323/
[rosmaster.master][INFO] 2017-11-04 13:47:34,001: +PUB [/range] /novatel_node http://mdas-Meerkat:41323/
[rosmaster.master][INFO] 2017-11-04 13:47:34,002: +PUB [/gps_fix_psr] /novatel_node http://mdas-Meerkat:41323/
[rosmaster.master][INFO] 2017-11-04 13:47:34,003: +PUB [/novatel_node/gps_fix_ecef] /novatel_node http://mdas-Meerkat:41323/
[rosmaster.master][INFO] 2017-11-04 13:47:34,037: +PUB [/usb_cam_1/image_raw] /usb_cam_1 http://mdas-Meerkat:45495/
[rosmaster.master][INFO] 2017-11-04 13:47:34,037: +PUB [/usb_cam_1/camera_info] /usb_cam_1 http://mdas-Meerkat:45495/
[rosmaster.master][INFO] 2017-11-04 13:47:34,038: +PUB [/usb_cam_2/image_raw] /usb_cam_2 http://mdas-Meerkat:33315/
[rosmaster.master][INFO] 2017-11-04 13:47:34,039: +PUB [/usb_cam_2/camera_info] /usb_cam_2 http://mdas-Meerkat:33315/
[rosmaster.master][INFO] 2017-11-04 13:47:34,051: publisherUpdate[/rosout] -> http://mdas-Meerkat:37379/
[rosmaster.master][INFO] 2017-11-04 13:47:34,053: publisherUpdate[/rosout] -> http://mdas-Meerkat:37379/
[rosmaster.master][INFO] 2017-11-04 13:47:34,054: publisherUpdate[/rosout] -> http://mdas-Meerkat:37379/
[rosmaster.master][INFO] 2017-11-04 13:47:34,055: publisherUpdate[/rosout] -> http://mdas-Meerkat:37379/
[rosmaster.master][INFO] 2017-11-04 13:47:34,060: +SERVICE [/usb_cam_1/set_camera_info] /usb_cam_1 http://mdas-Meerkat:45495/
[rosmaster.master][INFO] 2017-11-04 13:47:34,060: +SERVICE [/usb_cam_2/set_camera_info] /usb_cam_2 http://mdas-Meerkat:33315/
[rosmaster.master][INFO] 2017-11-04 13:47:34,061: +SERVICE [/usb_cam_1/start_capture] /usb_cam_1 http://mdas-Meerkat:45495/
[rosmaster.master][INFO] 2017-11-04 13:47:34,061: +SERVICE [/usb_cam_2/start_capture] /usb_cam_2 http://mdas-Meerkat:33315/
[rosmaster.master][INFO] 2017-11-04 13:47:34,062: +SERVICE [/usb_cam_1/stop_capture] /usb_cam_1 http://mdas-Meerkat:45495/
[rosmaster.master][INFO] 2017-11-04 13:47:34,062: +SERVICE [/usb_cam_2/stop_capture] /usb_cam_2 http://mdas-Meerkat:33315/
[rosmaster.master][INFO] 2017-11-04 13:47:34,157: -PUB [/rosout] /usb_cam_2 http://mdas-Meerkat:33315/
[rosmaster.master][INFO] 2017-11-04 13:47:34,159: -PUB [/usb_cam_2/image_raw] /usb_cam_2 http://mdas-Meerkat:33315/
[rosmaster.master][INFO] 2017-11-04 13:47:34,162: -PUB [/usb_cam_2/camera_info] /usb_cam_2 http://mdas-Meerkat:33315/
[rosmaster.master][INFO] 2017-11-04 13:47:34,164: -SERVICE [/usb_cam_2/get_loggers] /usb_cam_2 rosrpc://mdas-Meerkat:35601
[rosmaster.master][INFO] 2017-11-04 13:47:34,165: -SERVICE [/usb_cam_2/set_logger_level] /usb_cam_2 rosrpc://mdas-Meerkat:35601
[rosmaster.master][INFO] 2017-11-04 13:47:34,167: -SERVICE [/usb_cam_2/set_camera_info] /usb_cam_2 rosrpc://mdas-Meerkat:35601
[rosmaster.master][INFO] 2017-11-04 13:47:34,168: -SERVICE [/usb_cam_2/start_capture] /usb_cam_2 rosrpc://mdas-Meerkat:35601
[rosmaster.master][INFO] 2017-11-04 13:47:34,170: -SERVICE [/usb_cam_2/stop_capture] /usb_cam_2 rosrpc://mdas-Meerkat:35601
[rosmaster.master][INFO] 2017-11-04 13:47:34,251: publisherUpdate[/rosout] -> http://mdas-Meerkat:37379/
[rosmaster.master][INFO] 2017-11-04 13:47:52,758: -PUB [/rosout] /rviz http://mdas-Meerkat:40921/
[rosmaster.master][INFO] 2017-11-04 13:47:52,760: -PUB [/initialpose] /rviz http://mdas-Meerkat:40921/
[rosmaster.master][INFO] 2017-11-04 13:47:52,761: -PUB [/move_base_simple/goal] /rviz http://mdas-Meerkat:40921/
[rosmaster.master][INFO] 2017-11-04 13:47:52,762: -PUB [/clicked_point] /rviz http://mdas-Meerkat:40921/
[rosmaster.master][INFO] 2017-11-04 13:47:52,763: -SUB [/tf] /rviz http://mdas-Meerkat:40921/
[rosmaster.master][INFO] 2017-11-04 13:47:52,763: -SUB [/tf_static] /rviz http://mdas-Meerkat:40921/
[rosmaster.master][INFO] 2017-11-04 13:47:52,764: -SUB [/map2] /rviz http://mdas-Meerkat:40921/
[rosmaster.master][INFO] 2017-11-04 13:47:52,765: -SUB [/map2_updates] /rviz http://mdas-Meerkat:40921/
[rosmaster.master][INFO] 2017-11-04 13:47:52,765: -SUB [/rear_wobbler/point_cloud] /rviz http://mdas-Meerkat:40921/
[rosmaster.master][INFO] 2017-11-04 13:47:52,766: -SUB [/move_base/DWAPlannerROS/global_plan] /rviz http://mdas-Meerkat:40921/
[rosmaster.master][INFO] 2017-11-04 13:47:52,767: -SUB [/move_base/DWAPlannerROS/local_plan] /rviz http://mdas-Meerkat:40921/
[rosmaster.master][INFO] 2017-11-04 13:47:52,767: -SUB [/kinect/depth/points] /rviz http://mdas-Meerkat:40921/
[rosmaster.master][INFO] 2017-11-04 13:47:52,768: -SUB [/move_base/local_costmap/costmap] /rviz http://mdas-Meerkat:40921/
[rosmaster.master][INFO] 2017-11-04 13:47:52,769: -SUB [/move_base/local_costmap/costmap_updates] /rviz http://mdas-Meerkat:40921/
[rosmaster.master][INFO] 2017-11-04 13:47:52,769: -SUB [/usb_cam_1/image_raw] /rviz http://mdas-Meerkat:40921/
[rosmaster.master][INFO] 2017-11-04 13:47:52,770: -SUB [/sensor_msgs/LaserScan] /rviz http://mdas-Meerkat:40921/
[rosmaster.master][INFO] 2017-11-04 13:47:52,771: -SUB [/move_base/current_goal] /rviz http://mdas-Meerkat:40921/
[rosmaster.master][INFO] 2017-11-04 13:47:52,771: -SUB [/front_wobbler/point_cloud] /rviz http://mdas-Meerkat:40921/
[rosmaster.master][INFO] 2017-11-04 13:47:52,772: -SUB [/usb_cam_2/image_raw] /rviz http://mdas-Meerkat:40921/
[rosmaster.master][INFO] 2017-11-04 13:47:52,773: -SUB [/move_base/local_costmap/footprint] /rviz http://mdas-Meerkat:40921/
[rosmaster.master][INFO] 2017-11-04 13:47:52,773: -SUB [/move_base_simple/goal] /rviz http://mdas-Meerkat:40921/
[rosmaster.master][INFO] 2017-11-04 13:47:52,774: -SUB [/map] /rviz http://mdas-Meerkat:40921/
[rosmaster.master][INFO] 2017-11-04 13:47:52,775: -SUB [/map_updates] /rviz http://mdas-Meerkat:40921/
[rosmaster.master][INFO] 2017-11-04 13:47:52,775: -SUB [/move_base/global_costmap/footprint] /rviz http://mdas-Meerkat:40921/
[rosmaster.master][INFO] 2017-11-04 13:47:52,776: -SERVICE [/rviz/get_loggers] /rviz rosrpc://mdas-Meerkat:54803
[rosmaster.master][INFO] 2017-11-04 13:47:52,777: -SERVICE [/rviz/set_logger_level] /rviz rosrpc://mdas-Meerkat:54803
[rosmaster.master][INFO] 2017-11-04 13:47:52,777: -SERVICE [/rviz/reload_shaders] /rviz rosrpc://mdas-Meerkat:54803
[rosmaster.master][INFO] 2017-11-04 13:47:54,501: +PARAM [/roslaunch/uris/host_mdas_meerkat__42617] by /roslaunch
[rosmaster.master][INFO] 2017-11-04 13:47:54,503: +PARAM [/rosversion] by /roslaunch
[rosmaster.master][INFO] 2017-11-04 13:47:54,504: +PARAM [/rosdistro] by /roslaunch
[rosmaster.master][INFO] 2017-11-04 13:47:54,624: +PUB [/rosout] /rviz http://mdas-Meerkat:35109/
[rosmaster.master][INFO] 2017-11-04 13:47:54,625: +SERVICE [/rviz/get_loggers] /rviz http://mdas-Meerkat:35109/
[rosmaster.master][INFO] 2017-11-04 13:47:54,626: +SERVICE [/rviz/set_logger_level] /rviz http://mdas-Meerkat:35109/
[rosmaster.master][INFO] 2017-11-04 13:47:54,681: publisherUpdate[/rosout] -> http://mdas-Meerkat:37379/
[rosmaster.master][INFO] 2017-11-04 13:47:55,188: +SUB [/tf] /rviz http://mdas-Meerkat:35109/
[rosmaster.master][INFO] 2017-11-04 13:47:55,199: +SUB [/tf_static] /rviz http://mdas-Meerkat:35109/
[rosmaster.master][INFO] 2017-11-04 13:47:55,273: +PUB [/initialpose] /rviz http://mdas-Meerkat:35109/
[rosmaster.master][INFO] 2017-11-04 13:47:55,274: +PUB [/goal] /rviz http://mdas-Meerkat:35109/
[rosmaster.master][INFO] 2017-11-04 13:47:55,317: +SUB [/move_base/DWAPlannerROS/global_plan] /rviz http://mdas-Meerkat:35109/
[rosmaster.master][INFO] 2017-11-04 13:47:55,343: +SUB [/front_wobbler/point_cloud] /rviz http://mdas-Meerkat:35109/
[rosmaster.master][INFO] 2017-11-04 13:47:55,345: +SUB [/move_base/local_costmap/costmap] /rviz http://mdas-Meerkat:35109/
[rosmaster.master][INFO] 2017-11-04 13:47:55,347: +SUB [/move_base/local_costmap/costmap_updates] /rviz http://mdas-Meerkat:35109/
[rosmaster.master][INFO] 2017-11-04 13:47:55,406: +SUB [/usb_cam_1/image_raw] /rviz http://mdas-Meerkat:35109/
[rosmaster.master][INFO] 2017-11-04 13:47:55,409: +SUB [/move_base/global_costmap/footprint] /rviz http://mdas-Meerkat:35109/
[rosmaster.master][INFO] 2017-11-04 13:47:55,436: +SUB [/kinect/depth/points] /rviz http://mdas-Meerkat:35109/
[rosmaster.master][INFO] 2017-11-04 13:47:55,462: +SUB [/rear_wobbler/point_cloud] /rviz http://mdas-Meerkat:35109/
[rosmaster.master][INFO] 2017-11-04 13:47:55,464: +SUB [/move_base/local_costmap/footprint] /rviz http://mdas-Meerkat:35109/
[rosmaster.master][INFO] 2017-11-04 13:47:55,467: +SUB [/move_base/current_goal] /rviz http://mdas-Meerkat:35109/
[rosmaster.master][INFO] 2017-11-04 13:47:55,469: +SUB [/map2] /rviz http://mdas-Meerkat:35109/
[rosmaster.master][INFO] 2017-11-04 13:47:55,471: +SUB [/map2_updates] /rviz http://mdas-Meerkat:35109/
[rosmaster.master][INFO] 2017-11-04 13:47:55,525: +SUB [/usb_cam_2/image_raw] /rviz http://mdas-Meerkat:35109/
[rosmaster.master][INFO] 2017-11-04 13:47:55,551: +SUB [/sensor_msgs/LaserScan] /rviz http://mdas-Meerkat:35109/
[rosmaster.master][INFO] 2017-11-04 13:47:55,553: +SUB [/move_base/DWAPlannerROS/local_plan] /rviz http://mdas-Meerkat:35109/
[rosmaster.master][INFO] 2017-11-04 13:47:55,556: +SUB [/move_base_simple/goal] /rviz http://mdas-Meerkat:35109/
[rosmaster.master][INFO] 2017-11-04 13:47:55,560: +SUB [/map] /rviz http://mdas-Meerkat:35109/
[rosmaster.master][INFO] 2017-11-04 13:47:55,562: +SUB [/map_updates] /rviz http://mdas-Meerkat:35109/
[rosmaster.master][INFO] 2017-11-04 13:47:55,562: -PUB [/goal] /rviz http://mdas-Meerkat:35109/
[rosmaster.master][INFO] 2017-11-04 13:47:55,563: -PUB [/initialpose] /rviz http://mdas-Meerkat:35109/
[rosmaster.master][INFO] 2017-11-04 13:47:55,566: +PUB [/initialpose] /rviz http://mdas-Meerkat:35109/
[rosmaster.master][INFO] 2017-11-04 13:47:55,567: +PUB [/goal] /rviz http://mdas-Meerkat:35109/
[rosmaster.master][INFO] 2017-11-04 13:47:55,567: +PUB [/move_base_simple/goal] /rviz http://mdas-Meerkat:35109/
[rosmaster.master][INFO] 2017-11-04 13:47:55,568: -PUB [/goal] /rviz http://mdas-Meerkat:35109/
[rosmaster.master][INFO] 2017-11-04 13:47:55,568: +PUB [/clicked_point] /rviz http://mdas-Meerkat:35109/
[rosmaster.master][INFO] 2017-11-04 13:47:55,582: publisherUpdate[/move_base_simple/goal] -> http://mdas-Meerkat:35109/
[rosmaster.master][INFO] 2017-11-04 13:47:55,588: +SERVICE [/rviz/reload_shaders] /rviz http://mdas-Meerkat:35109/
[rosmaster.master][INFO] 2017-11-04 13:48:06,860: -PUB [/rosout] /slam_gmapping http://mdas-Meerkat:45765/
[rosmaster.master][INFO] 2017-11-04 13:48:06,861: -PUB [/tf] /slam_gmapping http://mdas-Meerkat:45765/
[rosmaster.master][INFO] 2017-11-04 13:48:06,862: -PUB [/slam_gmapping/entropy] /slam_gmapping http://mdas-Meerkat:45765/
[rosmaster.master][INFO] 2017-11-04 13:48:06,862: -PUB [/map] /slam_gmapping http://mdas-Meerkat:45765/
[rosmaster.master][INFO] 2017-11-04 13:48:06,863: -PUB [/map_metadata] /slam_gmapping http://mdas-Meerkat:45765/
[rosmaster.master][INFO] 2017-11-04 13:48:06,863: -SUB [/tf] /slam_gmapping http://mdas-Meerkat:45765/
[rosmaster.master][INFO] 2017-11-04 13:48:06,864: -PUB [/rosout] /base_laser1_broadcaster http://mdas-Meerkat:34791/
[rosmaster.master][INFO] 2017-11-04 13:48:06,865: -SUB [/tf_static] /slam_gmapping http://mdas-Meerkat:45765/
[rosmaster.master][INFO] 2017-11-04 13:48:06,868: -PUB [/tf] /base_laser1_broadcaster http://mdas-Meerkat:34791/
[rosmaster.master][INFO] 2017-11-04 13:48:06,868: -PUB [/rosout] /pub_des_state_startup http://mdas-Meerkat:43995/
[rosmaster.master][INFO] 2017-11-04 13:48:06,869: -SUB [/sensor_msgs/LaserScan] /slam_gmapping http://mdas-Meerkat:45765/
[rosmaster.master][INFO] 2017-11-04 13:48:06,870: -PUB [/tf] /pub_des_state_startup http://mdas-Meerkat:43995/
[rosmaster.master][INFO] 2017-11-04 13:48:06,871: -PUB [/rosout] /odom_tf http://mdas-Meerkat:36411/
[rosmaster.master][INFO] 2017-11-04 13:48:06,871: -SERVICE [/slam_gmapping/get_loggers] /slam_gmapping rosrpc://mdas-Meerkat:39595
[rosmaster.master][INFO] 2017-11-04 13:48:06,872: -PUB [/desState] /pub_des_state_startup http://mdas-Meerkat:43995/
[rosmaster.master][INFO] 2017-11-04 13:48:06,873: -PUB [/tf] /odom_tf http://mdas-Meerkat:36411/
[rosmaster.master][INFO] 2017-11-04 13:48:06,874: -SERVICE [/slam_gmapping/set_logger_level] /slam_gmapping rosrpc://mdas-Meerkat:39595
[rosmaster.master][INFO] 2017-11-04 13:48:06,875: -PUB [/desPsi] /pub_des_state_startup http://mdas-Meerkat:43995/
[rosmaster.master][INFO] 2017-11-04 13:48:06,875: -SERVICE [/base_laser1_broadcaster/get_loggers] /base_laser1_broadcaster rosrpc://mdas-Meerkat:58921
[rosmaster.master][INFO] 2017-11-04 13:48:06,877: -SERVICE [/dynamic_map] /slam_gmapping rosrpc://mdas-Meerkat:39595
[rosmaster.master][INFO] 2017-11-04 13:48:06,878: -SUB [/tf] /odom_tf http://mdas-Meerkat:36411/
[rosmaster.master][INFO] 2017-11-04 13:48:06,879: -PUB [/motion_mode] /pub_des_state_startup http://mdas-Meerkat:43995/
[rosmaster.master][INFO] 2017-11-04 13:48:06,880: -SERVICE [/base_laser1_broadcaster/set_logger_level] /base_laser1_broadcaster rosrpc://mdas-Meerkat:58921
[rosmaster.master][INFO] 2017-11-04 13:48:06,881: -SUB [/tf_static] /odom_tf http://mdas-Meerkat:36411/
[rosmaster.master][INFO] 2017-11-04 13:48:06,881: -SUB [/tf] /pub_des_state_startup http://mdas-Meerkat:43995/
[rosmaster.master][INFO] 2017-11-04 13:48:06,882: -SERVICE [/odom_tf/get_loggers] /odom_tf rosrpc://mdas-Meerkat:51623
[rosmaster.master][INFO] 2017-11-04 13:48:06,885: -SUB [/tf_static] /pub_des_state_startup http://mdas-Meerkat:43995/
[rosmaster.master][INFO] 2017-11-04 13:48:06,886: -SERVICE [/odom_tf/set_logger_level] /odom_tf rosrpc://mdas-Meerkat:51623
[rosmaster.master][INFO] 2017-11-04 13:48:06,886: -SUB [/odom] /pub_des_state_startup http://mdas-Meerkat:43995/
[rosmaster.master][INFO] 2017-11-04 13:48:06,887: -SUB [/cmd_mode] /pub_des_state_startup http://mdas-Meerkat:43995/
[rosmaster.master][INFO] 2017-11-04 13:48:06,887: -SUB [/go_home] /pub_des_state_startup http://mdas-Meerkat:43995/
[rosmaster.master][INFO] 2017-11-04 13:48:06,889: -SERVICE [/pub_des_state_startup/get_loggers] /pub_des_state_startup rosrpc://mdas-Meerkat:41669
[rosmaster.master][INFO] 2017-11-04 13:48:06,889: -SERVICE [/pub_des_state_startup/set_logger_level] /pub_des_state_startup rosrpc://mdas-Meerkat:41669
[rosmaster.master][INFO] 2017-11-04 13:48:06,890: -SERVICE [/estop_service] /pub_des_state_startup rosrpc://mdas-Meerkat:41669
[rosmaster.master][INFO] 2017-11-04 13:48:06,891: -SERVICE [/clear_estop_service] /pub_des_state_startup rosrpc://mdas-Meerkat:41669
[rosmaster.master][INFO] 2017-11-04 13:48:06,891: -SERVICE [/lidar_alarm_service] /pub_des_state_startup rosrpc://mdas-Meerkat:41669
[rosmaster.master][INFO] 2017-11-04 13:48:06,892: -SERVICE [/pop_path_queue_service] /pub_des_state_startup rosrpc://mdas-Meerkat:41669
[rosmaster.master][INFO] 2017-11-04 13:48:06,892: -SERVICE [/flush_path_queue_service] /pub_des_state_startup rosrpc://mdas-Meerkat:41669
[rosmaster.master][INFO] 2017-11-04 13:48:06,893: -SERVICE [/append_path_queue_service] /pub_des_state_startup rosrpc://mdas-Meerkat:41669
[rosmaster.master][INFO] 2017-11-04 13:48:06,960: -PUB [/rosout] /navigation_goals http://mdas-Meerkat:45823/
[rosmaster.master][INFO] 2017-11-04 13:48:06,960: -SUB [/clicked_point] /navigation_goals http://mdas-Meerkat:45823/
[rosmaster.master][INFO] 2017-11-04 13:48:06,961: -PUB [/rosout] /move_base http://mdas-Meerkat:42507/
[rosmaster.master][INFO] 2017-11-04 13:48:06,961: -SERVICE [/navigation_goals/get_loggers] /navigation_goals rosrpc://mdas-Meerkat:50371
[rosmaster.master][INFO] 2017-11-04 13:48:06,962: -PUB [/cmd_vel] /move_base http://mdas-Meerkat:42507/
[rosmaster.master][INFO] 2017-11-04 13:48:06,962: -PUB [/move_base/current_goal] /move_base http://mdas-Meerkat:42507/
[rosmaster.master][INFO] 2017-11-04 13:48:06,963: -SERVICE [/navigation_goals/set_logger_level] /navigation_goals rosrpc://mdas-Meerkat:50371
[rosmaster.master][INFO] 2017-11-04 13:48:06,963: -PUB [/move_base/goal] /move_base http://mdas-Meerkat:42507/
[rosmaster.master][INFO] 2017-11-04 13:48:06,964: -SUB [/tf] /move_base http://mdas-Meerkat:42507/
[rosmaster.master][INFO] 2017-11-04 13:48:06,964: -SUB [/tf_static] /move_base http://mdas-Meerkat:42507/
[rosmaster.master][INFO] 2017-11-04 13:48:06,965: -SUB [/move_base_simple/goal] /move_base http://mdas-Meerkat:42507/
[rosmaster.master][INFO] 2017-11-04 13:48:06,965: -SERVICE [/move_base/get_loggers] /move_base rosrpc://mdas-Meerkat:52771
[rosmaster.master][INFO] 2017-11-04 13:48:06,966: -SERVICE [/move_base/set_logger_level] /move_base rosrpc://mdas-Meerkat:52771
[rosmaster.master][INFO] 2017-11-04 13:48:06,968: -PUB [/rosout] /robot_state_publisher http://mdas-Meerkat:45073/
[rosmaster.master][INFO] 2017-11-04 13:48:06,968: -PUB [/tf] /robot_state_publisher http://mdas-Meerkat:45073/
[rosmaster.master][INFO] 2017-11-04 13:48:06,969: -PUB [/tf_static] /robot_state_publisher http://mdas-Meerkat:45073/
[rosmaster.master][INFO] 2017-11-04 13:48:06,970: -SUB [/joint_states] /robot_state_publisher http://mdas-Meerkat:45073/
[rosmaster.master][INFO] 2017-11-04 13:48:06,971: -SERVICE [/robot_state_publisher/get_loggers] /robot_state_publisher rosrpc://mdas-Meerkat:51725
[rosmaster.master][INFO] 2017-11-04 13:48:06,971: -SERVICE [/robot_state_publisher/set_logger_level] /robot_state_publisher rosrpc://mdas-Meerkat:51725
[rosmaster.master][INFO] 2017-11-04 13:48:06,985: +PARAM [/move_base/global_costmap/plugins] by /move_base
[rosmaster.master][INFO] 2017-11-04 13:48:07,017: +PARAM [/move_base/global_costmap/obstacle_layer/enabled] by /move_base
[rosmaster.master][INFO] 2017-11-04 13:48:07,018: +PARAM [/move_base/global_costmap/obstacle_layer/footprint_clearing_enabled] by /move_base
[rosmaster.master][INFO] 2017-11-04 13:48:07,018: +PARAM [/move_base/global_costmap/obstacle_layer/max_obstacle_height] by /move_base
[rosmaster.master][INFO] 2017-11-04 13:48:07,019: +PARAM [/move_base/global_costmap/obstacle_layer/combination_method] by /move_base
[rosmaster.master][INFO] 2017-11-04 13:48:07,019: +PARAM [/move_base/global_costmap/obstacle_layer/enabled] by /move_base
[rosmaster.master][INFO] 2017-11-04 13:48:07,020: +PARAM [/move_base/global_costmap/obstacle_layer/footprint_clearing_enabled] by /move_base
[rosmaster.master][INFO] 2017-11-04 13:48:07,020: +PARAM [/move_base/global_costmap/obstacle_layer/max_obstacle_height] by /move_base
[rosmaster.master][INFO] 2017-11-04 13:48:07,021: +PARAM [/move_base/global_costmap/obstacle_layer/combination_method] by /move_base
[rosmaster.master][INFO] 2017-11-04 13:48:07,023: +PARAM [/move_base/global_costmap/inflation_layer/enabled] by /move_base
[rosmaster.master][INFO] 2017-11-04 13:48:07,023: +PARAM [/move_base/global_costmap/inflation_layer/cost_scaling_factor] by /move_base
[rosmaster.master][INFO] 2017-11-04 13:48:07,023: +PARAM [/move_base/global_costmap/inflation_layer/inflation_radius] by /move_base
[rosmaster.master][INFO] 2017-11-04 13:48:07,024: +PARAM [/move_base/global_costmap/inflation_layer/enabled] by /move_base
[rosmaster.master][INFO] 2017-11-04 13:48:07,024: +PARAM [/move_base/global_costmap/inflation_layer/cost_scaling_factor] by /move_base
[rosmaster.master][INFO] 2017-11-04 13:48:07,025: +PARAM [/move_base/global_costmap/inflation_layer/inflation_radius] by /move_base
[rosmaster.master][INFO] 2017-11-04 13:48:07,032: +PARAM [/move_base/global_costmap/transform_tolerance] by /move_base
[rosmaster.master][INFO] 2017-11-04 13:48:07,032: +PARAM [/move_base/global_costmap/update_frequency] by /move_base
[rosmaster.master][INFO] 2017-11-04 13:48:07,033: +PARAM [/move_base/global_costmap/publish_frequency] by /move_base
[rosmaster.master][INFO] 2017-11-04 13:48:07,033: +PARAM [/move_base/global_costmap/width] by /move_base
[rosmaster.master][INFO] 2017-11-04 13:48:07,033: +PARAM [/move_base/global_costmap/height] by /move_base
[rosmaster.master][INFO] 2017-11-04 13:48:07,034: +PARAM [/move_base/global_costmap/resolution] by /move_base
[rosmaster.master][INFO] 2017-11-04 13:48:07,034: +PARAM [/move_base/global_costmap/origin_x] by /move_base
[rosmaster.master][INFO] 2017-11-04 13:48:07,035: +PARAM [/move_base/global_costmap/origin_y] by /move_base
[rosmaster.master][INFO] 2017-11-04 13:48:07,035: +PARAM [/move_base/global_costmap/footprint] by /move_base
[rosmaster.master][INFO] 2017-11-04 13:48:07,036: +PARAM [/move_base/global_costmap/robot_radius] by /move_base
[rosmaster.master][INFO] 2017-11-04 13:48:07,037: +PARAM [/move_base/global_costmap/footprint_padding] by /move_base
[rosmaster.master][INFO] 2017-11-04 13:48:07,038: +PARAM [/move_base/global_costmap/transform_tolerance] by /move_base
[rosmaster.master][INFO] 2017-11-04 13:48:07,038: +PARAM [/move_base/global_costmap/update_frequency] by /move_base
[rosmaster.master][INFO] 2017-11-04 13:48:07,038: +PARAM [/move_base/global_costmap/publish_frequency] by /move_base
[rosmaster.master][INFO] 2017-11-04 13:48:07,039: +PARAM [/move_base/global_costmap/width] by /move_base
[rosmaster.master][INFO] 2017-11-04 13:48:07,039: +PARAM [/move_base/global_costmap/height] by /move_base
[rosmaster.master][INFO] 2017-11-04 13:48:07,040: +PARAM [/move_base/global_costmap/resolution] by /move_base
[rosmaster.master][INFO] 2017-11-04 13:48:07,040: +PARAM [/move_base/global_costmap/origin_x] by /move_base
[rosmaster.master][INFO] 2017-11-04 13:48:07,041: +PARAM [/move_base/global_costmap/origin_y] by /move_base
[rosmaster.master][INFO] 2017-11-04 13:48:07,042: +PARAM [/move_base/global_costmap/footprint] by /move_base
[rosmaster.master][INFO] 2017-11-04 13:48:07,042: +PARAM [/move_base/global_costmap/robot_radius] by /move_base
[rosmaster.master][INFO] 2017-11-04 13:48:07,043: +PARAM [/move_base/global_costmap/footprint_padding] by /move_base
[rosmaster.master][INFO] 2017-11-04 13:48:07,074: +PARAM [/move_base/local_costmap/plugins] by /move_base
[rosmaster.master][INFO] 2017-11-04 13:48:07,100: +PARAM [/move_base/local_costmap/obstacle_layer/enabled] by /move_base
[rosmaster.master][INFO] 2017-11-04 13:48:07,101: +PARAM [/move_base/local_costmap/obstacle_layer/footprint_clearing_enabled] by /move_base
[rosmaster.master][INFO] 2017-11-04 13:48:07,101: +PARAM [/move_base/local_costmap/obstacle_layer/max_obstacle_height] by /move_base
[rosmaster.master][INFO] 2017-11-04 13:48:07,102: +PARAM [/move_base/local_costmap/obstacle_layer/combination_method] by /move_base
[rosmaster.master][INFO] 2017-11-04 13:48:07,102: +PARAM [/move_base/local_costmap/obstacle_layer/enabled] by /move_base
[rosmaster.master][INFO] 2017-11-04 13:48:07,102: +PARAM [/move_base/local_costmap/obstacle_layer/footprint_clearing_enabled] by /move_base
[rosmaster.master][INFO] 2017-11-04 13:48:07,103: +PARAM [/move_base/local_costmap/obstacle_layer/max_obstacle_height] by /move_base
[rosmaster.master][INFO] 2017-11-04 13:48:07,103: +PARAM [/move_base/local_costmap/obstacle_layer/combination_method] by /move_base
[rosmaster.master][INFO] 2017-11-04 13:48:07,105: +PARAM [/move_base/local_costmap/inflation_layer/enabled] by /move_base
[rosmaster.master][INFO] 2017-11-04 13:48:07,105: +PARAM [/move_base/local_costmap/inflation_layer/cost_scaling_factor] by /move_base
[rosmaster.master][INFO] 2017-11-04 13:48:07,105: +PARAM [/move_base/local_costmap/inflation_layer/inflation_radius] by /move_base
[rosmaster.master][INFO] 2017-11-04 13:48:07,106: +PARAM [/move_base/local_costmap/inflation_layer/enabled] by /move_base
[rosmaster.master][INFO] 2017-11-04 13:48:07,106: +PARAM [/move_base/local_costmap/inflation_layer/cost_scaling_factor] by /move_base
[rosmaster.master][INFO] 2017-11-04 13:48:07,107: +PARAM [/move_base/local_costmap/inflation_layer/inflation_radius] by /move_base
[rosmaster.master][INFO] 2017-11-04 13:48:07,116: +PARAM [/move_base/local_costmap/transform_tolerance] by /move_base
[rosmaster.master][INFO] 2017-11-04 13:48:07,117: +PARAM [/move_base/local_costmap/update_frequency] by /move_base
[rosmaster.master][INFO] 2017-11-04 13:48:07,117: +PARAM [/move_base/local_costmap/publish_frequency] by /move_base
[rosmaster.master][INFO] 2017-11-04 13:48:07,118: +PARAM [/move_base/local_costmap/width] by /move_base
[rosmaster.master][INFO] 2017-11-04 13:48:07,118: +PARAM [/move_base/local_costmap/height] by /move_base
[rosmaster.master][INFO] 2017-11-04 13:48:07,118: +PARAM [/move_base/local_costmap/resolution] by /move_base
[rosmaster.master][INFO] 2017-11-04 13:48:07,119: +PARAM [/move_base/local_costmap/origin_x] by /move_base
[rosmaster.master][INFO] 2017-11-04 13:48:07,119: +PARAM [/move_base/local_costmap/origin_y] by /move_base
[rosmaster.master][INFO] 2017-11-04 13:48:07,119: +PARAM [/move_base/local_costmap/footprint] by /move_base
[rosmaster.master][INFO] 2017-11-04 13:48:07,120: +PARAM [/move_base/local_costmap/robot_radius] by /move_base
[rosmaster.master][INFO] 2017-11-04 13:48:07,120: +PARAM [/move_base/local_costmap/footprint_padding] by /move_base
[rosmaster.master][INFO] 2017-11-04 13:48:07,121: +PARAM [/move_base/local_costmap/transform_tolerance] by /move_base
[rosmaster.master][INFO] 2017-11-04 13:48:07,121: +PARAM [/move_base/local_costmap/update_frequency] by /move_base
[rosmaster.master][INFO] 2017-11-04 13:48:07,122: +PARAM [/move_base/local_costmap/publish_frequency] by /move_base
[rosmaster.master][INFO] 2017-11-04 13:48:07,122: +PARAM [/move_base/local_costmap/width] by /move_base
[rosmaster.master][INFO] 2017-11-04 13:48:07,122: +PARAM [/move_base/local_costmap/height] by /move_base
[rosmaster.master][INFO] 2017-11-04 13:48:07,123: +PARAM [/move_base/local_costmap/resolution] by /move_base
[rosmaster.master][INFO] 2017-11-04 13:48:07,123: +PARAM [/move_base/local_costmap/origin_x] by /move_base
[rosmaster.master][INFO] 2017-11-04 13:48:07,124: +PARAM [/move_base/local_costmap/origin_y] by /move_base
[rosmaster.master][INFO] 2017-11-04 13:48:07,124: +PARAM [/move_base/local_costmap/footprint] by /move_base
[rosmaster.master][INFO] 2017-11-04 13:48:07,124: +PARAM [/move_base/local_costmap/robot_radius] by /move_base
[rosmaster.master][INFO] 2017-11-04 13:48:07,125: +PARAM [/move_base/local_costmap/footprint_padding] by /move_base
[rosmaster.master][INFO] 2017-11-04 13:48:16,856: +PARAM [/roslaunch/uris/host_mdas_meerkat__40379] by /roslaunch
[rosmaster.master][INFO] 2017-11-04 13:48:16,864: +PARAM [/move_base/DWAPlannerROS/acc_lim_x] by /roslaunch
[rosmaster.master][INFO] 2017-11-04 13:48:16,864: +PARAM [/move_base/local_costmap/laser_scan_sensor/sensor_frame] by /roslaunch
[rosmaster.master][INFO] 2017-11-04 13:48:16,864: +PARAM [/move_base/DWAPlannerROS/sim_time] by /roslaunch
[rosmaster.master][INFO] 2017-11-04 13:48:16,865: +PARAM [/move_base/global_costmap/laser_scan_sensor/sensor_frame] by /roslaunch
[rosmaster.master][INFO] 2017-11-04 13:48:16,865: +PARAM [/move_base/DWAPlannerROS/trans_stopped_vel] by /roslaunch
[rosmaster.master][INFO] 2017-11-04 13:48:16,865: +PARAM [/move_base/DWAPlannerROS/acc_lim_theta] by /roslaunch
[rosmaster.master][INFO] 2017-11-04 13:48:16,865: +PARAM [/move_base/DWAPlannerROS/min_rot_vel] by /roslaunch
[rosmaster.master][INFO] 2017-11-04 13:48:16,865: +PARAM [/move_base/DWAPlannerROS/max_vel_x] by /roslaunch
[rosmaster.master][INFO] 2017-11-04 13:48:16,865: +PARAM [/move_base/local_costmap/observation_sources] by /roslaunch
[rosmaster.master][INFO] 2017-11-04 13:48:16,865: +PARAM [/move_base/DWAPlannerROS/path_distance_bias] by /roslaunch
[rosmaster.master][INFO] 2017-11-04 13:48:16,865: +PARAM [/move_base/local_costmap/laser_scan_sensor/data_type] by /roslaunch
[rosmaster.master][INFO] 2017-11-04 13:48:16,865: +PARAM [/move_base/global_costmap/robot_base_frame] by /roslaunch
[rosmaster.master][INFO] 2017-11-04 13:48:16,865: +PARAM [/robot_description] by /roslaunch
[rosmaster.master][INFO] 2017-11-04 13:48:16,865: +PARAM [/move_base/DWAPlannerROS/yaw_goal_tolerance] by /roslaunch
[rosmaster.master][INFO] 2017-11-04 13:48:16,865: +PARAM [/move_base/local_costmap/height] by /roslaunch
[rosmaster.master][INFO] 2017-11-04 13:48:16,866: +PARAM [/move_base/global_costmap/laser_scan_sensor/marking] by /roslaunch
[rosmaster.master][INFO] 2017-11-04 13:48:16,866: +PARAM [/move_base/DWAPlannerROS/publish_traj_pc] by /roslaunch
[rosmaster.master][INFO] 2017-11-04 13:48:16,866: +PARAM [/move_base/DWAPlannerROS/stop_time_buffer] by /roslaunch
[rosmaster.master][INFO] 2017-11-04 13:48:16,866: +PARAM [/move_base/DWAPlannerROS/min_vel_y] by /roslaunch
[rosmaster.master][INFO] 2017-11-04 13:48:16,866: +PARAM [/move_base/DWAPlannerROS/min_trans_vel] by /roslaunch
[rosmaster.master][INFO] 2017-11-04 13:48:16,866: +PARAM [/move_base/DWAPlannerROS/vy_samples] by /roslaunch
[rosmaster.master][INFO] 2017-11-04 13:48:16,866: +PARAM [/move_base/DWAPlannerROS/oscillation_reset_dist] by /roslaunch
[rosmaster.master][INFO] 2017-11-04 13:48:16,866: +PARAM [/move_base/DWAPlannerROS/global_frame_id] by /roslaunch
[rosmaster.master][INFO] 2017-11-04 13:48:16,866: +PARAM [/move_base/global_costmap/inflation_radius] by /roslaunch
[rosmaster.master][INFO] 2017-11-04 13:48:16,866: +PARAM [/move_base/local_costmap/obstacle_range] by /roslaunch
[rosmaster.master][INFO] 2017-11-04 13:48:16,866: +PARAM [/move_base/local_costmap/update_frequency] by /roslaunch
[rosmaster.master][INFO] 2017-11-04 13:48:16,866: +PARAM [/move_base/local_costmap/footprint] by /roslaunch
[rosmaster.master][INFO] 2017-11-04 13:48:16,866: +PARAM [/move_base/global_costmap/raytrace_range] by /roslaunch
[rosmaster.master][INFO] 2017-11-04 13:48:16,866: +PARAM [/move_base/local_costmap/raytrace_range] by /roslaunch
[rosmaster.master][INFO] 2017-11-04 13:48:16,867: +PARAM [/move_base/DWAPlannerROS/vtheta_samples] by /roslaunch
[rosmaster.master][INFO] 2017-11-04 13:48:16,867: +PARAM [/move_base/DWAPlannerROS/latch_xy_goal_tolerance] by /roslaunch
[rosmaster.master][INFO] 2017-11-04 13:48:16,867: +PARAM [/move_base/DWAPlannerROS/occdist_scale] by /roslaunch
[rosmaster.master][INFO] 2017-11-04 13:48:16,867: +PARAM [/slam_gmapping/map_update_interval] by /roslaunch
[rosmaster.master][INFO] 2017-11-04 13:48:16,867: +PARAM [/slam_gmapping/xmax] by /roslaunch
[rosmaster.master][INFO] 2017-11-04 13:48:16,867: +PARAM [/move_base/local_costmap/inflation_radius] by /roslaunch
[rosmaster.master][INFO] 2017-11-04 13:48:16,867: +PARAM [/move_base/global_costmap/observation_sources] by /roslaunch
[rosmaster.master][INFO] 2017-11-04 13:48:16,867: +PARAM [/move_base/planner_frequency] by /roslaunch
[rosmaster.master][INFO] 2017-11-04 13:48:16,867: +PARAM [/move_base/DWAPlannerROS/scaling_speed] by /roslaunch
[rosmaster.master][INFO] 2017-11-04 13:48:16,867: +PARAM [/move_base/local_costmap/laser_scan_sensor/clearing] by /roslaunch
[rosmaster.master][INFO] 2017-11-04 13:48:16,867: +PARAM [/rosdistro] by /roslaunch
[rosmaster.master][INFO] 2017-11-04 13:48:16,867: +PARAM [/move_base/DWAPlannerROS/xy_goal_tolerance] by /roslaunch
[rosmaster.master][INFO] 2017-11-04 13:48:16,867: +PARAM [/slam_gmapping/xmin] by /roslaunch
[rosmaster.master][INFO] 2017-11-04 13:48:16,868: +PARAM [/move_base/DWAPlannerROS/forward_point_distance] by /roslaunch
[rosmaster.master][INFO] 2017-11-04 13:48:16,868: +PARAM [/move_base/global_costmap/footprint] by /roslaunch
[rosmaster.master][INFO] 2017-11-04 13:48:16,868: +PARAM [/slam_gmapping/delta] by /roslaunch
[rosmaster.master][INFO] 2017-11-04 13:48:16,868: +PARAM [/move_base/global_costmap/laser_scan_sensor/topic] by /roslaunch
[rosmaster.master][INFO] 2017-11-04 13:48:16,868: +PARAM [/move_base/global_costmap/rolling_window] by /roslaunch
[rosmaster.master][INFO] 2017-11-04 13:48:16,868: +PARAM [/move_base/DWAPlannerROS/acc_lim_y] by /roslaunch
[rosmaster.master][INFO] 2017-11-04 13:48:16,868: +PARAM [/move_base/global_costmap/update_frequency] by /roslaunch
[rosmaster.master][INFO] 2017-11-04 13:48:16,868: +PARAM [/rosversion] by /roslaunch
[rosmaster.master][INFO] 2017-11-04 13:48:16,868: +PARAM [/move_base/local_costmap/global_frame] by /roslaunch
[rosmaster.master][INFO] 2017-11-04 13:48:16,868: +PARAM [/move_base/global_costmap/global_frame] by /roslaunch
[rosmaster.master][INFO] 2017-11-04 13:48:16,868: +PARAM [/move_base/DWAPlannerROS/rot_stopped_vel] by /roslaunch
[rosmaster.master][INFO] 2017-11-04 13:48:16,868: +PARAM [/move_base/DWAPlannerROS/max_rot_vel] by /roslaunch
[rosmaster.master][INFO] 2017-11-04 13:48:16,868: +PARAM [/move_base/DWAPlannerROS/holonomic_robot] by /roslaunch
[rosmaster.master][INFO] 2017-11-04 13:48:16,869: +PARAM [/move_base/local_costmap/static_map] by /roslaunch
[rosmaster.master][INFO] 2017-11-04 13:48:16,869: +PARAM [/move_base/local_costmap/resolution] by /roslaunch
[rosmaster.master][INFO] 2017-11-04 13:48:16,869: +PARAM [/move_base/global_costmap/obstacle_range] by /roslaunch
[rosmaster.master][INFO] 2017-11-04 13:48:16,869: +PARAM [/move_base/local_costmap/laser_scan_sensor/marking] by /roslaunch
[rosmaster.master][INFO] 2017-11-04 13:48:16,869: +PARAM [/move_base/global_costmap/laser_scan_sensor/data_type] by /roslaunch
[rosmaster.master][INFO] 2017-11-04 13:48:16,869: +PARAM [/move_base/local_costmap/publish_frequency] by /roslaunch
[rosmaster.master][INFO] 2017-11-04 13:48:16,869: +PARAM [/move_base/DWAPlannerROS/vx_samples] by /roslaunch
[rosmaster.master][INFO] 2017-11-04 13:48:16,869: +PARAM [/slam_gmapping/ymin] by /roslaunch
[rosmaster.master][INFO] 2017-11-04 13:48:16,869: +PARAM [/move_base/global_costmap/publish_frequency] by /roslaunch
[rosmaster.master][INFO] 2017-11-04 13:48:16,869: +PARAM [/slam_gmapping/ymax] by /roslaunch
[rosmaster.master][INFO] 2017-11-04 13:48:16,869: +PARAM [/move_base/DWAPlannerROS/min_vel_x] by /roslaunch
[rosmaster.master][INFO] 2017-11-04 13:48:16,870: +PARAM [/move_base/DWAPlannerROS/max_vel_y] by /roslaunch
[rosmaster.master][INFO] 2017-11-04 13:48:16,870: +PARAM [/move_base/local_costmap/robot_base_frame] by /roslaunch
[rosmaster.master][INFO] 2017-11-04 13:48:16,870: +PARAM [/move_base/global_costmap/height] by /roslaunch
[rosmaster.master][INFO] 2017-11-04 13:48:16,870: +PARAM [/move_base/DWAPlannerROS/max_trans_vel] by /roslaunch
[rosmaster.master][INFO] 2017-11-04 13:48:16,870: +PARAM [/move_base/base_local_planner] by /roslaunch
[rosmaster.master][INFO] 2017-11-04 13:48:16,870: +PARAM [/move_base/global_costmap/width] by /roslaunch
[rosmaster.master][INFO] 2017-11-04 13:48:16,870: +PARAM [/move_base/local_costmap/laser_scan_sensor/topic] by /roslaunch
[rosmaster.master][INFO] 2017-11-04 13:48:16,870: +PARAM [/slam_gmapping/linearUpdate] by /roslaunch
[rosmaster.master][INFO] 2017-11-04 13:48:16,870: +PARAM [/move_base/local_costmap/width] by /roslaunch
[rosmaster.master][INFO] 2017-11-04 13:48:16,870: +PARAM [/move_base/DWAPlannerROS/max_scaling_factor] by /roslaunch
[rosmaster.master][INFO] 2017-11-04 13:48:16,870: +PARAM [/move_base/local_costmap/rolling_window] by /roslaunch
[rosmaster.master][INFO] 2017-11-04 13:48:16,870: +PARAM [/move_base/global_costmap/resolution] by /roslaunch
[rosmaster.master][INFO] 2017-11-04 13:48:16,870: +PARAM [/move_base/global_costmap/static_map] by /roslaunch
[rosmaster.master][INFO] 2017-11-04 13:48:16,870: +PARAM [/move_base/controller_frequency] by /roslaunch
[rosmaster.master][INFO] 2017-11-04 13:48:16,870: +PARAM [/move_base/DWAPlannerROS/goal_distance_bias] by /roslaunch
[rosmaster.master][INFO] 2017-11-04 13:48:16,870: +PARAM [/move_base/global_costmap/laser_scan_sensor/clearing] by /roslaunch
[rosmaster.master][INFO] 2017-11-04 13:48:16,871: +PARAM [/move_base/local_costmap/publish_voxel_map] by /roslaunch
[rosmaster.master][INFO] 2017-11-04 13:48:16,871: +PARAM [/move_base/DWAPlannerROS/publish_cost_grid_pc] by /roslaunch
[rosmaster.master][INFO] 2017-11-04 13:48:16,943: +PUB [/rosout] /base_laser1_broadcaster http://mdas-Meerkat:33781/
[rosmaster.master][INFO] 2017-11-04 13:48:16,950: +SERVICE [/base_laser1_broadcaster/get_loggers] /base_laser1_broadcaster http://mdas-Meerkat:33781/
[rosmaster.master][INFO] 2017-11-04 13:48:16,950: +PUB [/rosout] /robot_state_publisher http://mdas-Meerkat:44913/
[rosmaster.master][INFO] 2017-11-04 13:48:16,951: +SERVICE [/base_laser1_broadcaster/set_logger_level] /base_laser1_broadcaster http://mdas-Meerkat:33781/
[rosmaster.master][INFO] 2017-11-04 13:48:16,952: +SERVICE [/robot_state_publisher/get_loggers] /robot_state_publisher http://mdas-Meerkat:44913/
[rosmaster.master][INFO] 2017-11-04 13:48:16,953: +PUB [/rosout] /pub_des_state_startup http://mdas-Meerkat:41129/
[rosmaster.master][INFO] 2017-11-04 13:48:16,957: +SERVICE [/robot_state_publisher/set_logger_level] /robot_state_publisher http://mdas-Meerkat:44913/
[rosmaster.master][INFO] 2017-11-04 13:48:16,964: +SERVICE [/pub_des_state_startup/get_loggers] /pub_des_state_startup http://mdas-Meerkat:41129/
[rosmaster.master][INFO] 2017-11-04 13:48:16,965: +PUB [/rosout] /odom_tf http://mdas-Meerkat:39721/
[rosmaster.master][INFO] 2017-11-04 13:48:16,966: +PUB [/tf] /base_laser1_broadcaster http://mdas-Meerkat:33781/
[rosmaster.master][INFO] 2017-11-04 13:48:16,966: +PARAM [/slam_gmapping/base_frame] by /slam_gmapping
[rosmaster.master][INFO] 2017-11-04 13:48:16,967: +SERVICE [/odom_tf/get_loggers] /odom_tf http://mdas-Meerkat:39721/
[rosmaster.master][INFO] 2017-11-04 13:48:16,968: +SERVICE [/pub_des_state_startup/set_logger_level] /pub_des_state_startup http://mdas-Meerkat:41129/
[rosmaster.master][INFO] 2017-11-04 13:48:16,972: +SERVICE [/odom_tf/set_logger_level] /odom_tf http://mdas-Meerkat:39721/
[rosmaster.master][INFO] 2017-11-04 13:48:16,972: +PUB [/rosout] /slam_gmapping http://mdas-Meerkat:33797/
[rosmaster.master][INFO] 2017-11-04 13:48:16,976: +PUB [/tf] /robot_state_publisher http://mdas-Meerkat:44913/
[rosmaster.master][INFO] 2017-11-04 13:48:16,978: +SERVICE [/slam_gmapping/get_loggers] /slam_gmapping http://mdas-Meerkat:33797/
[rosmaster.master][INFO] 2017-11-04 13:48:16,978: +PUB [/tf] /pub_des_state_startup http://mdas-Meerkat:41129/
[rosmaster.master][INFO] 2017-11-04 13:48:16,979: +PUB [/rosout] /move_base http://mdas-Meerkat:33601/
[rosmaster.master][INFO] 2017-11-04 13:48:16,980: +PUB [/tf_static] /robot_state_publisher http://mdas-Meerkat:44913/
[rosmaster.master][INFO] 2017-11-04 13:48:16,980: +PUB [/tf] /odom_tf http://mdas-Meerkat:39721/
[rosmaster.master][INFO] 2017-11-04 13:48:16,980: +SERVICE [/slam_gmapping/set_logger_level] /slam_gmapping http://mdas-Meerkat:33797/
[rosmaster.master][INFO] 2017-11-04 13:48:16,981: +PUB [/rosout] /navigation_goals http://mdas-Meerkat:38201/
[rosmaster.master][INFO] 2017-11-04 13:48:16,981: +SERVICE [/move_base/get_loggers] /move_base http://mdas-Meerkat:33601/
[rosmaster.master][INFO] 2017-11-04 13:48:16,983: +SERVICE [/navigation_goals/get_loggers] /navigation_goals http://mdas-Meerkat:38201/
[rosmaster.master][INFO] 2017-11-04 13:48:16,983: +SERVICE [/move_base/set_logger_level] /move_base http://mdas-Meerkat:33601/
[rosmaster.master][INFO] 2017-11-04 13:48:16,985: +SERVICE [/navigation_goals/set_logger_level] /navigation_goals http://mdas-Meerkat:38201/
[rosmaster.master][INFO] 2017-11-04 13:48:16,994: +SUB [/tf] /pub_des_state_startup http://mdas-Meerkat:41129/
[rosmaster.master][INFO] 2017-11-04 13:48:16,995: +SUB [/tf] /odom_tf http://mdas-Meerkat:39721/
[rosmaster.master][INFO] 2017-11-04 13:48:16,998: +SUB [/tf] /slam_gmapping http://mdas-Meerkat:33797/
[rosmaster.master][INFO] 2017-11-04 13:48:17,001: +SUB [/tf] /move_base http://mdas-Meerkat:33601/
[rosmaster.master][INFO] 2017-11-04 13:48:17,002: +SUB [/clicked_point] /navigation_goals http://mdas-Meerkat:38201/
[rosmaster.master][INFO] 2017-11-04 13:48:17,004: +SUB [/joint_states] /robot_state_publisher http://mdas-Meerkat:44913/
[rosmaster.master][INFO] 2017-11-04 13:48:17,007: +SUB [/tf_static] /pub_des_state_startup http://mdas-Meerkat:41129/
[rosmaster.master][INFO] 2017-11-04 13:48:17,008: +SUB [/tf_static] /odom_tf http://mdas-Meerkat:39721/
[rosmaster.master][INFO] 2017-11-04 13:48:17,009: +PUB [/desState] /pub_des_state_startup http://mdas-Meerkat:41129/
[rosmaster.master][INFO] 2017-11-04 13:48:17,010: +SUB [/tf_static] /slam_gmapping http://mdas-Meerkat:33797/
[rosmaster.master][INFO] 2017-11-04 13:48:17,011: +PUB [/desPsi] /pub_des_state_startup http://mdas-Meerkat:41129/
[rosmaster.master][INFO] 2017-11-04 13:48:17,012: +PUB [/tf] /slam_gmapping http://mdas-Meerkat:33797/
[rosmaster.master][INFO] 2017-11-04 13:48:17,013: +PUB [/motion_mode] /pub_des_state_startup http://mdas-Meerkat:41129/
[rosmaster.master][INFO] 2017-11-04 13:48:17,013: +SUB [/tf_static] /move_base http://mdas-Meerkat:33601/
[rosmaster.master][INFO] 2017-11-04 13:48:17,014: publisherUpdate[/rosout] -> http://mdas-Meerkat:37379/
[rosmaster.master][INFO] 2017-11-04 13:48:17,014: publisherUpdate[/tf] -> http://mdas-Meerkat:35109/
[rosmaster.master][INFO] 2017-11-04 13:48:17,015: +SERVICE [/estop_service] /pub_des_state_startup http://mdas-Meerkat:41129/
[rosmaster.master][INFO] 2017-11-04 13:48:17,015: publisherUpdate[/tf] -> http://mdas-Meerkat:35109/
[rosmaster.master][INFO] 2017-11-04 13:48:17,015: publisherUpdate[/rosout] -> http://mdas-Meerkat:37379/
[rosmaster.master][INFO] 2017-11-04 13:48:17,016: +SERVICE [/clear_estop_service] /pub_des_state_startup http://mdas-Meerkat:41129/
[rosmaster.master][INFO] 2017-11-04 13:48:17,016: publisherUpdate[/tf] -> http://mdas-Meerkat:35109/
[rosmaster.master][INFO] 2017-11-04 13:48:17,017: publisherUpdate[/rosout] -> http://mdas-Meerkat:37379/
[rosmaster.master][INFO] 2017-11-04 13:48:17,018: publisherUpdate[/tf_static] -> http://mdas-Meerkat:35109/
[rosmaster.master][INFO] 2017-11-04 13:48:17,018: +SERVICE [/lidar_alarm_service] /pub_des_state_startup http://mdas-Meerkat:41129/
[rosmaster.master][INFO] 2017-11-04 13:48:17,019: publisherUpdate[/rosout] -> http://mdas-Meerkat:37379/
[rosmaster.master][INFO] 2017-11-04 13:48:17,020: publisherUpdate[/tf] -> http://mdas-Meerkat:35109/
[rosmaster.master][INFO] 2017-11-04 13:48:17,020: publisherUpdate[/rosout] -> http://mdas-Meerkat:37379/
[rosmaster.master][INFO] 2017-11-04 13:48:17,020: publisherUpdate[/tf] -> http://mdas-Meerkat:41129/
[rosmaster.master][INFO] 2017-11-04 13:48:17,020: publisherUpdate[/tf] -> http://mdas-Meerkat:35109/
[rosmaster.master][INFO] 2017-11-04 13:48:17,021: publisherUpdate[/rosout] -> http://mdas-Meerkat:37379/
[rosmaster.master][INFO] 2017-11-04 13:48:17,022: +SERVICE [/pop_path_queue_service] /pub_des_state_startup http://mdas-Meerkat:41129/
[rosmaster.master][INFO] 2017-11-04 13:48:17,022: publisherUpdate[/tf] -> http://mdas-Meerkat:39721/
[rosmaster.master][INFO] 2017-11-04 13:48:17,025: publisherUpdate[/rosout] -> http://mdas-Meerkat:37379/
[rosmaster.master][INFO] 2017-11-04 13:48:17,025: publisherUpdate[/tf] -> http://mdas-Meerkat:33797/
[rosmaster.master][INFO] 2017-11-04 13:48:17,026: publisherUpdate[/tf] -> http://mdas-Meerkat:33601/
[rosmaster.master][INFO] 2017-11-04 13:48:17,026: +SERVICE [/flush_path_queue_service] /pub_des_state_startup http://mdas-Meerkat:41129/
[rosmaster.master][INFO] 2017-11-04 13:48:17,029: +SERVICE [/append_path_queue_service] /pub_des_state_startup http://mdas-Meerkat:41129/
[rosmaster.master][INFO] 2017-11-04 13:48:17,034: +SUB [/odom] /pub_des_state_startup http://mdas-Meerkat:41129/
[rosmaster.master][INFO] 2017-11-04 13:48:17,038: +SUB [/cmd_mode] /pub_des_state_startup http://mdas-Meerkat:41129/
[rosmaster.master][INFO] 2017-11-04 13:48:17,046: +SUB [/go_home] /pub_des_state_startup http://mdas-Meerkat:41129/
[rosmaster.master][INFO] 2017-11-04 13:48:17,050: +PUB [/slam_gmapping/entropy] /slam_gmapping http://mdas-Meerkat:33797/
[rosmaster.master][INFO] 2017-11-04 13:48:17,051: +PUB [/map] /slam_gmapping http://mdas-Meerkat:33797/
[rosmaster.master][INFO] 2017-11-04 13:48:17,052: +PUB [/map_metadata] /slam_gmapping http://mdas-Meerkat:33797/
[rosmaster.master][INFO] 2017-11-04 13:48:17,053: +SERVICE [/dynamic_map] /slam_gmapping http://mdas-Meerkat:33797/
[rosmaster.master][INFO] 2017-11-04 13:48:17,057: +PUB [/cmd_vel] /move_base http://mdas-Meerkat:33601/
[rosmaster.master][INFO] 2017-11-04 13:48:17,057: +SUB [/sensor_msgs/LaserScan] /slam_gmapping http://mdas-Meerkat:33797/
[rosmaster.master][INFO] 2017-11-04 13:48:17,058: +PUB [/move_base/current_goal] /move_base http://mdas-Meerkat:33601/
[rosmaster.master][INFO] 2017-11-04 13:48:17,058: +PUB [/move_base/goal] /move_base http://mdas-Meerkat:33601/
[rosmaster.master][INFO] 2017-11-04 13:48:17,061: +SUB [/move_base_simple/goal] /move_base http://mdas-Meerkat:33601/
[rosmaster.master][INFO] 2017-11-04 13:48:17,127: publisherUpdate[/map] -> http://mdas-Meerkat:35109/
[rosmaster.master][INFO] 2017-11-04 13:48:17,129: publisherUpdate[/move_base/current_goal] -> http://mdas-Meerkat:35109/
[rosmaster.master][INFO] 2017-11-04 13:48:40,528: +PARAM [/roslaunch/uris/host_mdas_meerkat__45775] by /roslaunch
[rosmaster.master][INFO] 2017-11-04 13:48:40,531: +PARAM [/usb_cam_1/image_width] by /roslaunch
[rosmaster.master][INFO] 2017-11-04 13:48:40,531: +PARAM [/usb_cam_1/video_device] by /roslaunch
[rosmaster.master][INFO] 2017-11-04 13:48:40,531: +PARAM [/base_laser1/baud] by /roslaunch
[rosmaster.master][INFO] 2017-11-04 13:48:40,531: +PARAM [/novatel_node/psrpos_topic] by /roslaunch
[rosmaster.master][INFO] 2017-11-04 13:48:40,531: +PARAM [/usb_cam_2/io_method] by /roslaunch
[rosmaster.master][INFO] 2017-11-04 13:48:40,531: +PARAM [/novatel_node/port] by /roslaunch
[rosmaster.master][INFO] 2017-11-04 13:48:40,531: +PARAM [/base_laser1/frame_id] by /roslaunch
[rosmaster.master][INFO] 2017-11-04 13:48:40,532: +PARAM [/novatel_node/ephem_log] by /roslaunch
[rosmaster.master][INFO] 2017-11-04 13:48:40,532: +PARAM [/novatel_node/baudrate] by /roslaunch
[rosmaster.master][INFO] 2017-11-04 13:48:40,532: +PARAM [/usb_cam_1/framerate] by /roslaunch
[rosmaster.master][INFO] 2017-11-04 13:48:40,532: +PARAM [/base_laser1/resolution] by /roslaunch
[rosmaster.master][INFO] 2017-11-04 13:48:40,532: +PARAM [/usb_cam_2/image_height] by /roslaunch
[rosmaster.master][INFO] 2017-11-04 13:48:40,532: +PARAM [/usb_cam_2/framerate] by /roslaunch
[rosmaster.master][INFO] 2017-11-04 13:48:40,532: +PARAM [/usb_cam_2/pixel_format] by /roslaunch
[rosmaster.master][INFO] 2017-11-04 13:48:40,532: +PARAM [/rosdistro] by /roslaunch
[rosmaster.master][INFO] 2017-11-04 13:48:40,532: +PARAM [/usb_cam_1/pixel_format] by /roslaunch
[rosmaster.master][INFO] 2017-11-04 13:48:40,532: +PARAM [/usb_cam_2/video_device] by /roslaunch
[rosmaster.master][INFO] 2017-11-04 13:48:40,532: +PARAM [/usb_cam_2/image_width] by /roslaunch
[rosmaster.master][INFO] 2017-11-04 13:48:40,532: +PARAM [/novatel_node/log_commands] by /roslaunch
[rosmaster.master][INFO] 2017-11-04 13:48:40,532: +PARAM [/rosversion] by /roslaunch
[rosmaster.master][INFO] 2017-11-04 13:48:40,532: +PARAM [/novatel_node/gps_default_logs_period] by /roslaunch
[rosmaster.master][INFO] 2017-11-04 13:48:40,532: +PARAM [/novatel_node/psrpos_default_logs_period] by /roslaunch
[rosmaster.master][INFO] 2017-11-04 13:48:40,532: +PARAM [/usb_cam_1/camera_frame_id] by /roslaunch
[rosmaster.master][INFO] 2017-11-04 13:48:40,532: +PARAM [/usb_cam_1/io_method] by /roslaunch
[rosmaster.master][INFO] 2017-11-04 13:48:40,532: +PARAM [/novatel_node/range_default_logs_period] by /roslaunch
[rosmaster.master][INFO] 2017-11-04 13:48:40,533: +PARAM [/novatel_node/odom_topic] by /roslaunch
[rosmaster.master][INFO] 2017-11-04 13:48:40,533: +PARAM [/base_laser1/port] by /roslaunch
[rosmaster.master][INFO] 2017-11-04 13:48:40,533: +PARAM [/usb_cam_2/camera_frame_id] by /roslaunch
[rosmaster.master][INFO] 2017-11-04 13:48:40,533: +PARAM [/novatel_node/span_default_logs_period] by /roslaunch
[rosmaster.master][INFO] 2017-11-04 13:48:40,533: +PARAM [/usb_cam_1/image_height] by /roslaunch
[rosmaster.master][INFO] 2017-11-04 13:48:40,603: +PUB [/rosout] /base_laser1 http://mdas-Meerkat:40509/
[rosmaster.master][INFO] 2017-11-04 13:48:40,605: +SERVICE [/base_laser1/get_loggers] /base_laser1 http://mdas-Meerkat:40509/
[rosmaster.master][INFO] 2017-11-04 13:48:40,606: +SERVICE [/base_laser1/set_logger_level] /base_laser1 http://mdas-Meerkat:40509/
[rosmaster.master][INFO] 2017-11-04 13:48:40,615: +PUB [/rosout] /usb_cam_1 http://mdas-Meerkat:46015/
[rosmaster.master][INFO] 2017-11-04 13:48:40,615: +PUB [/rosout] /novatel_node http://mdas-Meerkat:37423/
[rosmaster.master][INFO] 2017-11-04 13:48:40,616: +PUB [/rosout] /usb_cam_2 http://mdas-Meerkat:38879/
[rosmaster.master][INFO] 2017-11-04 13:48:40,616: +SERVICE [/usb_cam_1/get_loggers] /usb_cam_1 http://mdas-Meerkat:46015/
[rosmaster.master][INFO] 2017-11-04 13:48:40,617: +SERVICE [/novatel_node/get_loggers] /novatel_node http://mdas-Meerkat:37423/
[rosmaster.master][INFO] 2017-11-04 13:48:40,617: +SERVICE [/usb_cam_2/get_loggers] /usb_cam_2 http://mdas-Meerkat:38879/
[rosmaster.master][INFO] 2017-11-04 13:48:40,618: +SERVICE [/usb_cam_1/set_logger_level] /usb_cam_1 http://mdas-Meerkat:46015/
[rosmaster.master][INFO] 2017-11-04 13:48:40,619: +SERVICE [/novatel_node/set_logger_level] /novatel_node http://mdas-Meerkat:37423/
[rosmaster.master][INFO] 2017-11-04 13:48:40,619: +SERVICE [/usb_cam_2/set_logger_level] /usb_cam_2 http://mdas-Meerkat:38879/
[rosmaster.master][INFO] 2017-11-04 13:48:40,622: +PUB [/diagnostics] /base_laser1 http://mdas-Meerkat:40509/
[rosmaster.master][INFO] 2017-11-04 13:48:40,627: +PUB [/sensor_msgs/LaserScan] /base_laser1 http://mdas-Meerkat:40509/
[rosmaster.master][INFO] 2017-11-04 13:48:40,646: +PUB [/gps_odom] /novatel_node http://mdas-Meerkat:37423/
[rosmaster.master][INFO] 2017-11-04 13:48:40,647: +PUB [/gps_fix] /novatel_node http://mdas-Meerkat:37423/
[rosmaster.master][INFO] 2017-11-04 13:48:40,647: +PUB [/ephemeris] /novatel_node http://mdas-Meerkat:37423/
[rosmaster.master][INFO] 2017-11-04 13:48:40,648: +PUB [/range] /novatel_node http://mdas-Meerkat:37423/
[rosmaster.master][INFO] 2017-11-04 13:48:40,648: +PUB [/gps_fix_psr] /novatel_node http://mdas-Meerkat:37423/
[rosmaster.master][INFO] 2017-11-04 13:48:40,649: +PUB [/novatel_node/gps_fix_ecef] /novatel_node http://mdas-Meerkat:37423/
[rosmaster.master][INFO] 2017-11-04 13:48:40,666: publisherUpdate[/rosout] -> http://mdas-Meerkat:37379/
[rosmaster.master][INFO] 2017-11-04 13:48:40,667: publisherUpdate[/rosout] -> http://mdas-Meerkat:37379/
[rosmaster.master][INFO] 2017-11-04 13:48:40,668: publisherUpdate[/rosout] -> http://mdas-Meerkat:37379/
[rosmaster.master][INFO] 2017-11-04 13:48:40,669: publisherUpdate[/sensor_msgs/LaserScan] -> http://mdas-Meerkat:35109/
[rosmaster.master][INFO] 2017-11-04 13:48:40,669: publisherUpdate[/rosout] -> http://mdas-Meerkat:37379/
[rosmaster.master][INFO] 2017-11-04 13:48:40,670: publisherUpdate[/sensor_msgs/LaserScan] -> http://mdas-Meerkat:33797/
[rosmaster.master][INFO] 2017-11-04 13:48:40,686: +PUB [/usb_cam_1/image_raw] /usb_cam_1 http://mdas-Meerkat:46015/
[rosmaster.master][INFO] 2017-11-04 13:48:40,687: +PUB [/usb_cam_1/camera_info] /usb_cam_1 http://mdas-Meerkat:46015/
[rosmaster.master][INFO] 2017-11-04 13:48:40,695: +PUB [/usb_cam_2/image_raw] /usb_cam_2 http://mdas-Meerkat:38879/
[rosmaster.master][INFO] 2017-11-04 13:48:40,696: +PUB [/usb_cam_2/camera_info] /usb_cam_2 http://mdas-Meerkat:38879/
[rosmaster.master][INFO] 2017-11-04 13:48:40,708: +SERVICE [/usb_cam_1/set_camera_info] /usb_cam_1 http://mdas-Meerkat:46015/
[rosmaster.master][INFO] 2017-11-04 13:48:40,709: +SERVICE [/usb_cam_1/start_capture] /usb_cam_1 http://mdas-Meerkat:46015/
[rosmaster.master][INFO] 2017-11-04 13:48:40,710: +SERVICE [/usb_cam_1/stop_capture] /usb_cam_1 http://mdas-Meerkat:46015/
[rosmaster.master][INFO] 2017-11-04 13:48:40,717: +SERVICE [/usb_cam_2/set_camera_info] /usb_cam_2 http://mdas-Meerkat:38879/
[rosmaster.master][INFO] 2017-11-04 13:48:40,717: +SERVICE [/usb_cam_2/start_capture] /usb_cam_2 http://mdas-Meerkat:38879/
[rosmaster.master][INFO] 2017-11-04 13:48:40,717: +SERVICE [/usb_cam_2/stop_capture] /usb_cam_2 http://mdas-Meerkat:38879/
[rosmaster.master][INFO] 2017-11-04 13:48:40,768: -PUB [/rosout] /base_laser1 http://mdas-Meerkat:33169/
[rosmaster.master][INFO] 2017-11-04 13:48:40,769: -PUB [/diagnostics] /base_laser1 http://mdas-Meerkat:33169/
[rosmaster.master][INFO] 2017-11-04 13:48:40,770: -PUB [/sensor_msgs/LaserScan] /base_laser1 http://mdas-Meerkat:33169/
[rosmaster.master][INFO] 2017-11-04 13:48:40,771: publisherUpdate[/usb_cam_1/image_raw] -> http://mdas-Meerkat:35109/
[rosmaster.master][INFO] 2017-11-04 13:48:40,772: -PUB [/rosout] /usb_cam_1 http://mdas-Meerkat:45495/
[rosmaster.master][INFO] 2017-11-04 13:48:40,773: publisherUpdate[/usb_cam_2/image_raw] -> http://mdas-Meerkat:35109/
[rosmaster.master][INFO] 2017-11-04 13:48:40,773: -SERVICE [/base_laser1/get_loggers] /base_laser1 rosrpc://mdas-Meerkat:43487
[rosmaster.master][INFO] 2017-11-04 13:48:40,774: -PUB [/rosout] /novatel_node http://mdas-Meerkat:41323/
[rosmaster.master][INFO] 2017-11-04 13:48:40,774: -PUB [/rosout] /usb_cam_2 http://mdas-Meerkat:38879/
[rosmaster.master][INFO] 2017-11-04 13:48:40,775: -PUB [/usb_cam_1/image_raw] /usb_cam_1 http://mdas-Meerkat:45495/
[rosmaster.master][INFO] 2017-11-04 13:48:40,775: -PUB [/rosout] /usb_cam_1 http://mdas-Meerkat:46015/
[rosmaster.master][INFO] 2017-11-04 13:48:40,776: -SERVICE [/base_laser1/set_logger_level] /base_laser1 rosrpc://mdas-Meerkat:43487
[rosmaster.master][INFO] 2017-11-04 13:48:40,776: -PUB [/gps_odom] /novatel_node http://mdas-Meerkat:41323/
[rosmaster.master][INFO] 2017-11-04 13:48:40,777: -PUB [/usb_cam_2/image_raw] /usb_cam_2 http://mdas-Meerkat:38879/
[rosmaster.master][INFO] 2017-11-04 13:48:40,777: -PUB [/usb_cam_1/camera_info] /usb_cam_1 http://mdas-Meerkat:45495/
[rosmaster.master][INFO] 2017-11-04 13:48:40,777: -PUB [/gps_fix] /novatel_node http://mdas-Meerkat:41323/
[rosmaster.master][INFO] 2017-11-04 13:48:40,778: -PUB [/usb_cam_1/image_raw] /usb_cam_1 http://mdas-Meerkat:46015/
[rosmaster.master][INFO] 2017-11-04 13:48:40,779: -PUB [/usb_cam_2/camera_info] /usb_cam_2 http://mdas-Meerkat:38879/
[rosmaster.master][INFO] 2017-11-04 13:48:40,779: -SERVICE [/usb_cam_1/get_loggers] /usb_cam_1 rosrpc://mdas-Meerkat:38959
[rosmaster.master][INFO] 2017-11-04 13:48:40,779: -PUB [/ephemeris] /novatel_node http://mdas-Meerkat:41323/
[rosmaster.master][INFO] 2017-11-04 13:48:40,780: -PUB [/usb_cam_1/camera_info] /usb_cam_1 http://mdas-Meerkat:46015/
[rosmaster.master][INFO] 2017-11-04 13:48:40,780: -SERVICE [/usb_cam_2/get_loggers] /usb_cam_2 rosrpc://mdas-Meerkat:40621
[rosmaster.master][INFO] 2017-11-04 13:48:40,781: -SERVICE [/usb_cam_1/set_logger_level] /usb_cam_1 rosrpc://mdas-Meerkat:38959
[rosmaster.master][INFO] 2017-11-04 13:48:40,781: -PUB [/range] /novatel_node http://mdas-Meerkat:41323/
[rosmaster.master][INFO] 2017-11-04 13:48:40,782: -SERVICE [/usb_cam_1/get_loggers] /usb_cam_1 rosrpc://mdas-Meerkat:44385
[rosmaster.master][INFO] 2017-11-04 13:48:40,782: -SERVICE [/usb_cam_2/set_logger_level] /usb_cam_2 rosrpc://mdas-Meerkat:40621
[rosmaster.master][INFO] 2017-11-04 13:48:40,782: -SERVICE [/usb_cam_1/set_camera_info] /usb_cam_1 rosrpc://mdas-Meerkat:38959
[rosmaster.master][INFO] 2017-11-04 13:48:40,783: -PUB [/gps_fix_psr] /novatel_node http://mdas-Meerkat:41323/
[rosmaster.master][INFO] 2017-11-04 13:48:40,783: -SERVICE [/usb_cam_1/set_logger_level] /usb_cam_1 rosrpc://mdas-Meerkat:44385
[rosmaster.master][INFO] 2017-11-04 13:48:40,784: -SERVICE [/usb_cam_2/set_camera_info] /usb_cam_2 rosrpc://mdas-Meerkat:40621
[rosmaster.master][INFO] 2017-11-04 13:48:40,784: -SERVICE [/usb_cam_1/start_capture] /usb_cam_1 rosrpc://mdas-Meerkat:38959
[rosmaster.master][INFO] 2017-11-04 13:48:40,785: -PUB [/novatel_node/gps_fix_ecef] /novatel_node http://mdas-Meerkat:41323/
[rosmaster.master][INFO] 2017-11-04 13:48:40,785: -SERVICE [/usb_cam_1/set_camera_info] /usb_cam_1 rosrpc://mdas-Meerkat:44385
[rosmaster.master][INFO] 2017-11-04 13:48:40,786: -SERVICE [/usb_cam_2/start_capture] /usb_cam_2 rosrpc://mdas-Meerkat:40621
[rosmaster.master][INFO] 2017-11-04 13:48:40,787: -SERVICE [/usb_cam_1/stop_capture] /usb_cam_1 rosrpc://mdas-Meerkat:38959
[rosmaster.master][INFO] 2017-11-04 13:48:40,788: -SERVICE [/usb_cam_1/start_capture] /usb_cam_1 rosrpc://mdas-Meerkat:44385
[rosmaster.master][INFO] 2017-11-04 13:48:40,788: -SERVICE [/usb_cam_2/stop_capture] /usb_cam_2 rosrpc://mdas-Meerkat:40621
[rosmaster.master][INFO] 2017-11-04 13:48:40,788: -SERVICE [/novatel_node/get_loggers] /novatel_node rosrpc://mdas-Meerkat:58665
[rosmaster.master][INFO] 2017-11-04 13:48:40,793: -SERVICE [/usb_cam_1/stop_capture] /usb_cam_1 rosrpc://mdas-Meerkat:44385
[rosmaster.master][INFO] 2017-11-04 13:48:40,793: -SERVICE [/novatel_node/set_logger_level] /novatel_node rosrpc://mdas-Meerkat:58665
[rosmaster.master][INFO] 2017-11-04 13:48:40,872: publisherUpdate[/rosout] -> http://mdas-Meerkat:37379/
[rosmaster.master][INFO] 2017-11-04 13:48:40,872: publisherUpdate[/usb_cam_2/image_raw] -> http://mdas-Meerkat:35109/
[rosmaster.master][INFO] 2017-11-04 13:48:40,873: publisherUpdate[/usb_cam_1/image_raw] -> http://mdas-Meerkat:35109/
[rosmaster.master][INFO] 2017-11-04 13:48:40,873: publisherUpdate[/rosout] -> http://mdas-Meerkat:37379/
[rosmaster.master][INFO] 2017-11-04 13:48:41,976: -PUB [/rosout_agg] /rosout http://mdas-Meerkat:37379/
[rosmaster.master][INFO] 2017-11-04 13:48:41,976: -SUB [/rosout] /rosout http://mdas-Meerkat:37379/
[rosmaster.master][INFO] 2017-11-04 13:48:41,977: -SERVICE [/rosout/get_loggers] /rosout rosrpc://mdas-Meerkat:56911
[rosmaster.master][INFO] 2017-11-04 13:48:41,977: -SERVICE [/rosout/set_logger_level] /rosout rosrpc://mdas-Meerkat:56911
[rosmaster.main][INFO] 2017-11-04 13:48:42,000: keyboard interrupt, will exit
[rosmaster.main][INFO] 2017-11-04 13:48:42,001: stopping master...
[rospy.core][INFO] 2017-11-04 13:48:42,001: signal_shutdown [atexit]
