[0m[ INFO] [1509817696.977693084]: main: instantiating an object of type OdomTf[0m
[0m[ INFO] [1509817696.980660679]: in class constructor of DemoTfListener[0m
[0m[ INFO] [1509817697.009442695]: waiting for tf between base_link and odom...[0m
[33m[ WARN] [1509817697.009536591]: "odom" passed to lookupTransform argument target_frame does not exist. ; retrying!...[0m
[33m[ WARN] [1509817697.509743737]: Could not find a connection between 'odom' and 'base_link' because they are not part of the same tree.Tf has two or more unconnected trees.; retrying!...[0m
[33m[ WARN] [1509817698.009892169]: Could not find a connection between 'odom' and 'base_link' because they are not part of the same tree.Tf has two or more unconnected trees.; retrying!...[0m
[33m[ WARN] [1509817698.510038100]: Could not find a connection between 'odom' and 'base_link' because they are not part of the same tree.Tf has two or more unconnected trees.; retrying!...[0m
[33m[ WARN] [1509817699.010184407]: Could not find a connection between 'odom' and 'base_link' because they are not part of the same tree.Tf has two or more unconnected trees.; retrying!...[0m
[33m[ WARN] [1509817699.510348486]: Could not find a connection between 'odom' and 'base_link' because they are not part of the same tree.Tf has two or more unconnected trees.; retrying!...[0m
[33m[ WARN] [1509817700.010504487]: Could not find a connection between 'odom' and 'base_link' because they are not part of the same tree.Tf has two or more unconnected trees.; retrying!...[0m
[33m[ WARN] [1509817700.510791610]: Could not find a connection between 'odom' and 'base_link' because they are not part of the same tree.Tf has two or more unconnected trees.; retrying!...[0m
[33m[ WARN] [1509817701.011022258]: Could not find a connection between 'odom' and 'base_link' because they are not part of the same tree.Tf has two or more unconnected trees.; retrying!...[0m
[33m[ WARN] [1509817701.511252987]: Could not find a connection between 'odom' and 'base_link' because they are not part of the same tree.Tf has two or more unconnected trees.; retrying!...[0m
[33m[ WARN] [1509817702.011465411]: Could not find a connection between 'odom' and 'base_link' because they are not part of the same tree.Tf has two or more unconnected trees.; retrying!...[0m
[33m[ WARN] [1509817702.511632646]: Could not find a connection between 'odom' and 'base_link' because they are not part of the same tree.Tf has two or more unconnected trees.; retrying!...[0m
[33m[ WARN] [1509817703.011796550]: Could not find a connection between 'odom' and 'base_link' because they are not part of the same tree.Tf has two or more unconnected trees.; retrying!...[0m
[33m[ WARN] [1509817703.511955873]: Could not find a connection between 'odom' and 'base_link' because they are not part of the same tree.Tf has two or more unconnected trees.; retrying!...[0m
[33m[ WARN] [1509817704.012135814]: Could not find a connection between 'odom' and 'base_link' because they are not part of the same tree.Tf has two or more unconnected trees.; retrying!...[0m
[33m[ WARN] [1509817704.512318285]: Could not find a connection between 'odom' and 'base_link' because they are not part of the same tree.Tf has two or more unconnected trees.; retrying!...[0m
[33m[ WARN] [1509817705.012529209]: Could not find a connection between 'odom' and 'base_link' because they are not part of the same tree.Tf has two or more unconnected trees.; retrying!...[0m
[33m[ WARN] [1509817705.512763429]: Could not find a connection between 'odom' and 'base_link' because they are not part of the same tree.Tf has two or more unconnected trees.; retrying!...[0m
[33m[ WARN] [1509817706.012954426]: Could not find a connection between 'odom' and 'base_link' because they are not part of the same tree.Tf has two or more unconnected trees.; retrying!...[0m
[33m[ WARN] [1509817706.513151592]: Could not find a connection between 'odom' and 'base_link' because they are not part of the same tree.Tf has two or more unconnected trees.; retrying!...[0m
[33m[ WARN] [1509817707.013342437]: Could not find a connection between 'odom' and 'base_link' because they are not part of the same tree.Tf has two or more unconnected trees.; retrying!...[0m
[33m[ WARN] [1509817707.513510615]: Could not find a connection between 'odom' and 'base_link' because they are not part of the same tree.Tf has two or more unconnected trees.; retrying!...[0m
[33m[ WARN] [1509817708.013697220]: Could not find a connection between 'odom' and 'base_link' because they are not part of the same tree.Tf has two or more unconnected trees.; retrying!...[0m
[33m[ WARN] [1509817708.513874435]: Could not find a connection between 'odom' and 'base_link' because they are not part of the same tree.Tf has two or more unconnected trees.; retrying!...[0m
[33m[ WARN] [1509817709.014077658]: Could not find a connection between 'odom' and 'base_link' because they are not part of the same tree.Tf has two or more unconnected trees.; retrying!...[0m
[33m[ WARN] [1509817709.514304328]: Could not find a connection between 'odom' and 'base_link' because they are not part of the same tree.Tf has two or more unconnected trees.; retrying!...[0m
[33m[ WARN] [1509817710.014500215]: Could not find a connection between 'odom' and 'base_link' because they are not part of the same tree.Tf has two or more unconnected trees.; retrying!...[0m
[33m[ WARN] [1509817710.514704938]: Could not find a connection between 'odom' and 'base_link' because they are not part of the same tree.Tf has two or more unconnected trees.; retrying!...[0m
[33m[ WARN] [1509817711.014875115]: Could not find a connection between 'odom' and 'base_link' because they are not part of the same tree.Tf has two or more unconnected trees.; retrying!...[0m
[33m[ WARN] [1509817711.515011106]: Could not find a connection between 'odom' and 'base_link' because they are not part of the same tree.Tf has two or more unconnected trees.; retrying!...[0m
[33m[ WARN] [1509817712.015346962]: Could not find a connection between 'odom' and 'base_link' because they are not part of the same tree.Tf has two or more unconnected trees.; retrying!...[0m
[33m[ WARN] [1509817712.515558733]: Could not find a connection between 'odom' and 'base_link' because they are not part of the same tree.Tf has two or more unconnected trees.; retrying!...[0m
[33m[ WARN] [1509817713.015755738]: Could not find a connection between 'odom' and 'base_link' because they are not part of the same tree.Tf has two or more unconnected trees.; retrying!...[0m
[33m[ WARN] [1509817713.516092331]: Could not find a connection between 'odom' and 'base_link' because they are not part of the same tree.Tf has two or more unconnected trees.; retrying!...[0m
[33m[ WARN] [1509817714.016301351]: Could not find a connection between 'odom' and 'base_link' because they are not part of the same tree.Tf has two or more unconnected trees.; retrying!...[0m
[33m[ WARN] [1509817714.516468965]: Could not find a connection between 'odom' and 'base_link' because they are not part of the same tree.Tf has two or more unconnected trees.; retrying!...[0m
[33m[ WARN] [1509817715.016816780]: Could not find a connection between 'odom' and 'base_link' because they are not part of the same tree.Tf has two or more unconnected trees.; retrying!...[0m
[33m[ WARN] [1509817715.517006079]: Could not find a connection between 'odom' and 'base_link' because they are not part of the same tree.Tf has two or more unconnected trees.; retrying!...[0m
[33m[ WARN] [1509817716.017185192]: Could not find a connection between 'odom' and 'base_link' because they are not part of the same tree.Tf has two or more unconnected trees.; retrying!...[0m
[33m[ WARN] [1509817716.517373918]: Could not find a connection between 'odom' and 'base_link' because they are not part of the same tree.Tf has two or more unconnected trees.; retrying!...[0m
[33m[ WARN] [1509817717.017537503]: Could not find a connection between 'odom' and 'base_link' because they are not part of the same tree.Tf has two or more unconnected trees.; retrying!...[0m
[33m[ WARN] [1509817717.517744016]: Could not find a connection between 'odom' and 'base_link' because they are not part of the same tree.Tf has two or more unconnected trees.; retrying!...[0m
[33m[ WARN] [1509817718.017944344]: Could not find a connection between 'odom' and 'base_link' because they are not part of the same tree.Tf has two or more unconnected trees.; retrying!...[0m
[33m[ WARN] [1509817718.518083468]: Could not find a connection between 'odom' and 'base_link' because they are not part of the same tree.Tf has two or more unconnected trees.; retrying!...[0m
[33m[ WARN] [1509817719.018237101]: Could not find a connection between 'odom' and 'base_link' because they are not part of the same tree.Tf has two or more unconnected trees.; retrying!...[0m
[33m[ WARN] [1509817719.518391192]: Could not find a connection between 'odom' and 'base_link' because they are not part of the same tree.Tf has two or more unconnected trees.; retrying!...[0m
[33m[ WARN] [1509817720.018616308]: Could not find a connection between 'odom' and 'base_link' because they are not part of the same tree.Tf has two or more unconnected trees.; retrying!...[0m
[33m[ WARN] [1509817720.518748838]: Could not find a connection between 'odom' and 'base_link' because they are not part of the same tree.Tf has two or more unconnected trees.; retrying!...[0m
[33m[ WARN] [1509817721.018999210]: Could not find a connection between 'odom' and 'base_link' because they are not part of the same tree.Tf has two or more unconnected trees.; retrying!...[0m
[33m[ WARN] [1509817721.519303490]: Could not find a connection between 'odom' and 'base_link' because they are not part of the same tree.Tf has two or more unconnected trees.; retrying!...[0m
[33m[ WARN] [1509817722.019532774]: Could not find a connection between 'odom' and 'base_link' because they are not part of the same tree.Tf has two or more unconnected trees.; retrying!...[0m
[33m[ WARN] [1509817722.519917749]: Could not find a connection between 'odom' and 'base_link' because they are not part of the same tree.Tf has two or more unconnected trees.; retrying!...[0m
[33m[ WARN] [1509817723.020271270]: Could not find a connection between 'odom' and 'base_link' because they are not part of the same tree.Tf has two or more unconnected trees.; retrying!...[0m
[33m[ WARN] [1509817723.520573563]: Could not find a connection between 'odom' and 'base_link' because they are not part of the same tree.Tf has two or more unconnected trees.; retrying!...[0m
[33m[ WARN] [1509817724.020906971]: Could not find a connection between 'odom' and 'base_link' because they are not part of the same tree.Tf has two or more unconnected trees.; retrying!...[0m
[33m[ WARN] [1509817724.521243115]: Could not find a connection between 'odom' and 'base_link' because they are not part of the same tree.Tf has two or more unconnected trees.; retrying!...[0m
[33m[ WARN] [1509817725.021526684]: Could not find a connection between 'odom' and 'base_link' because they are not part of the same tree.Tf has two or more unconnected trees.; retrying!...[0m
[33m[ WARN] [1509817725.521832798]: Could not find a connection between 'odom' and 'base_link' because they are not part of the same tree.Tf has two or more unconnected trees.; retrying!...[0m
[33m[ WARN] [1509817726.022182834]: Could not find a connection between 'odom' and 'base_link' because they are not part of the same tree.Tf has two or more unconnected trees.; retrying!...[0m
[33m[ WARN] [1509817726.522545471]: Could not find a connection between 'odom' and 'base_link' because they are not part of the same tree.Tf has two or more unconnected trees.; retrying!...[0m
[33m[ WARN] [1509817727.022816790]: Could not find a connection between 'odom' and 'base_link' because they are not part of the same tree.Tf has two or more unconnected trees.; retrying!...[0m
[33m[ WARN] [1509817727.523111797]: Could not find a connection between 'odom' and 'base_link' because they are not part of the same tree.Tf has two or more unconnected trees.; retrying!...[0m
[33m[ WARN] [1509817728.023416496]: Could not find a connection between 'odom' and 'base_link' because they are not part of the same tree.Tf has two or more unconnected trees.; retrying!...[0m
[33m[ WARN] [1509817728.523764874]: Could not find a connection between 'odom' and 'base_link' because they are not part of the same tree.Tf has two or more unconnected trees.; retrying!...[0m
[33m[ WARN] [1509817729.024120182]: Could not find a connection between 'odom' and 'base_link' because they are not part of the same tree.Tf has two or more unconnected trees.; retrying!...[0m
[33m[ WARN] [1509817729.524409250]: Could not find a connection between 'odom' and 'base_link' because they are not part of the same tree.Tf has two or more unconnected trees.; retrying!...[0m
[33m[ WARN] [1509817730.024769744]: Could not find a connection between 'odom' and 'base_link' because they are not part of the same tree.Tf has two or more unconnected trees.; retrying!...[0m
[33m[ WARN] [1509817730.525097645]: Could not find a connection between 'odom' and 'base_link' because they are not part of the same tree.Tf has two or more unconnected trees.; retrying!...[0m
[33m[ WARN] [1509817731.025531844]: Could not find a connection between 'odom' and 'base_link' because they are not part of the same tree.Tf has two or more unconnected trees.; retrying!...[0m
[33m[ WARN] [1509817731.526004651]: Could not find a connection between 'odom' and 'base_link' because they are not part of the same tree.Tf has two or more unconnected trees.; retrying!...[0m
[33m[ WARN] [1509817732.026383780]: Could not find a connection between 'odom' and 'base_link' because they are not part of the same tree.Tf has two or more unconnected trees.; retrying!...[0m
[33m[ WARN] [1509817732.526683314]: Could not find a connection between 'odom' and 'base_link' because they are not part of the same tree.Tf has two or more unconnected trees.; retrying!...[0m
[33m[ WARN] [1509817733.026943247]: Could not find a connection between 'odom' and 'base_link' because they are not part of the same tree.Tf has two or more unconnected trees.; retrying!...[0m
[33m[ WARN] [1509817733.527250869]: Could not find a connection between 'odom' and 'base_link' because they are not part of the same tree.Tf has two or more unconnected trees.; retrying!...[0m
[33m[ WARN] [1509817734.027514878]: Could not find a connection between 'odom' and 'base_link' because they are not part of the same tree.Tf has two or more unconnected trees.; retrying!...[0m
[33m[ WARN] [1509817734.527804713]: Could not find a connection between 'odom' and 'base_link' because they are not part of the same tree.Tf has two or more unconnected trees.; retrying!...[0m
[33m[ WARN] [1509817735.028151428]: Could not find a connection between 'odom' and 'base_link' because they are not part of the same tree.Tf has two or more unconnected trees.; retrying!...[0m
[33m[ WARN] [1509817735.528528573]: Could not find a connection between 'odom' and 'base_link' because they are not part of the same tree.Tf has two or more unconnected trees.; retrying!...[0m
[33m[ WARN] [1509817736.028845643]: Could not find a connection between 'odom' and 'base_link' because they are not part of the same tree.Tf has two or more unconnected trees.; retrying!...[0m
[33m[ WARN] [1509817736.529106710]: Could not find a connection between 'odom' and 'base_link' because they are not part of the same tree.Tf has two or more unconnected trees.; retrying!...[0m
[33m[ WARN] [1509817737.029444020]: Could not find a connection between 'odom' and 'base_link' because they are not part of the same tree.Tf has two or more unconnected trees.; retrying!...[0m
[33m[ WARN] [1509817737.529763083]: Could not find a connection between 'odom' and 'base_link' because they are not part of the same tree.Tf has two or more unconnected trees.; retrying!...[0m
[33m[ WARN] [1509817738.030023515]: Could not find a connection between 'odom' and 'base_link' because they are not part of the same tree.Tf has two or more unconnected trees.; retrying!...[0m
[33m[ WARN] [1509817738.530298161]: Could not find a connection between 'odom' and 'base_link' because they are not part of the same tree.Tf has two or more unconnected trees.; retrying!...[0m
[33m[ WARN] [1509817739.030600361]: Could not find a connection between 'odom' and 'base_link' because they are not part of the same tree.Tf has two or more unconnected trees.; retrying!...[0m
[33m[ WARN] [1509817739.530910891]: Could not find a connection between 'odom' and 'base_link' because they are not part of the same tree.Tf has two or more unconnected trees.; retrying!...[0m
[33m[ WARN] [1509817740.031216801]: Could not find a connection between 'odom' and 'base_link' because they are not part of the same tree.Tf has two or more unconnected trees.; retrying!...[0m
[33m[ WARN] [1509817740.531557583]: Could not find a connection between 'odom' and 'base_link' because they are not part of the same tree.Tf has two or more unconnected trees.; retrying!...[0m
[33m[ WARN] [1509817741.031867039]: Could not find a connection between 'odom' and 'base_link' because they are not part of the same tree.Tf has two or more unconnected trees.; retrying!...[0m
[33m[ WARN] [1509817741.532200182]: Could not find a connection between 'odom' and 'base_link' because they are not part of the same tree.Tf has two or more unconnected trees.; retrying!...[0m
[33m[ WARN] [1509817742.032605352]: Could not find a connection between 'odom' and 'base_link' because they are not part of the same tree.Tf has two or more unconnected trees.; retrying!...[0m
[33m[ WARN] [1509817742.532908520]: Could not find a connection between 'odom' and 'base_link' because they are not part of the same tree.Tf has two or more unconnected trees.; retrying!...[0m
[33m[ WARN] [1509817743.033188147]: Could not find a connection between 'odom' and 'base_link' because they are not part of the same tree.Tf has two or more unconnected trees.; retrying!...[0m
[33m[ WARN] [1509817743.533694215]: Could not find a connection between 'odom' and 'base_link' because they are not part of the same tree.Tf has two or more unconnected trees.; retrying!...[0m
[33m[ WARN] [1509817744.034070336]: Could not find a connection between 'odom' and 'base_link' because they are not part of the same tree.Tf has two or more unconnected trees.; retrying!...[0m
[33m[ WARN] [1509817744.534380525]: Could not find a connection between 'odom' and 'base_link' because they are not part of the same tree.Tf has two or more unconnected trees.; retrying!...[0m
[33m[ WARN] [1509817745.034725635]: Could not find a connection between 'odom' and 'base_link' because they are not part of the same tree.Tf has two or more unconnected trees.; retrying!...[0m
[33m[ WARN] [1509817745.535006290]: Could not find a connection between 'odom' and 'base_link' because they are not part of the same tree.Tf has two or more unconnected trees.; retrying!...[0m
[33m[ WARN] [1509817746.035229201]: Could not find a connection between 'odom' and 'base_link' because they are not part of the same tree.Tf has two or more unconnected trees.; retrying!...[0m
[33m[ WARN] [1509817746.535537035]: Could not find a connection between 'odom' and 'base_link' because they are not part of the same tree.Tf has two or more unconnected trees.; retrying!...[0m
[33m[ WARN] [1509817747.035822674]: Could not find a connection between 'odom' and 'base_link' because they are not part of the same tree.Tf has two or more unconnected trees.; retrying!...[0m
[33m[ WARN] [1509817747.536102389]: Could not find a connection between 'odom' and 'base_link' because they are not part of the same tree.Tf has two or more unconnected trees.; retrying!...[0m
[33m[ WARN] [1509817748.036392633]: Could not find a connection between 'odom' and 'base_link' because they are not part of the same tree.Tf has two or more unconnected trees.; retrying!...[0m
[33m[ WARN] [1509817748.536775600]: Could not find a connection between 'odom' and 'base_link' because they are not part of the same tree.Tf has two or more unconnected trees.; retrying!...[0m
[33m[ WARN] [1509817749.037090721]: Could not find a connection between 'odom' and 'base_link' because they are not part of the same tree.Tf has two or more unconnected trees.; retrying!...[0m
[33m[ WARN] [1509817749.537598692]: Could not find a connection between 'odom' and 'base_link' because they are not part of the same tree.Tf has two or more unconnected trees.; retrying!...[0m
[33m[ WARN] [1509817750.037984447]: Could not find a connection between 'odom' and 'base_link' because they are not part of the same tree.Tf has two or more unconnected trees.; retrying!...[0m
[33m[ WARN] [1509817750.538311771]: Could not find a connection between 'odom' and 'base_link' because they are not part of the same tree.Tf has two or more unconnected trees.; retrying!...[0m
[33m[ WARN] [1509817751.038580891]: Could not find a connection between 'odom' and 'base_link' because they are not part of the same tree.Tf has two or more unconnected trees.; retrying!...[0m
[33m[ WARN] [1509817751.538905421]: Could not find a connection between 'odom' and 'base_link' because they are not part of the same tree.Tf has two or more unconnected trees.; retrying!...[0m
[33m[ WARN] [1509817752.039180604]: Could not find a connection between 'odom' and 'base_link' because they are not part of the same tree.Tf has two or more unconnected trees.; retrying!...[0m
[33m[ WARN] [1509817752.539491975]: Could not find a connection between 'odom' and 'base_link' because they are not part of the same tree.Tf has two or more unconnected trees.; retrying!...[0m
[33m[ WARN] [1509817753.039813656]: Could not find a connection between 'odom' and 'base_link' because they are not part of the same tree.Tf has two or more unconnected trees.; retrying!...[0m
[33m[ WARN] [1509817753.540075585]: Could not find a connection between 'odom' and 'base_link' because they are not part of the same tree.Tf has two or more unconnected trees.; retrying!...[0m
[33m[ WARN] [1509817754.040394139]: Could not find a connection between 'odom' and 'base_link' because they are not part of the same tree.Tf has two or more unconnected trees.; retrying!...[0m
[33m[ WARN] [1509817754.540766457]: Could not find a connection between 'odom' and 'base_link' because they are not part of the same tree.Tf has two or more unconnected trees.; retrying!...[0m
[33m[ WARN] [1509817755.041078434]: Could not find a connection between 'odom' and 'base_link' because they are not part of the same tree.Tf has two or more unconnected trees.; retrying!...[0m
[33m[ WARN] [1509817755.541380649]: Could not find a connection between 'odom' and 'base_link' because they are not part of the same tree.Tf has two or more unconnected trees.; retrying!...[0m
[33m[ WARN] [1509817756.041723873]: Could not find a connection between 'odom' and 'base_link' because they are not part of the same tree.Tf has two or more unconnected trees.; retrying!...[0m
[33m[ WARN] [1509817756.542003185]: Could not find a connection between 'odom' and 'base_link' because they are not part of the same tree.Tf has two or more unconnected trees.; retrying!...[0m
[33m[ WARN] [1509817757.042358182]: Could not find a connection between 'odom' and 'base_link' because they are not part of the same tree.Tf has two or more unconnected trees.; retrying!...[0m
[33m[ WARN] [1509817757.542661600]: Could not find a connection between 'odom' and 'base_link' because they are not part of the same tree.Tf has two or more unconnected trees.; retrying!...[0m
[33m[ WARN] [1509817758.042967196]: Could not find a connection between 'odom' and 'base_link' because they are not part of the same tree.Tf has two or more unconnected trees.; retrying!...[0m
[33m[ WARN] [1509817758.543284361]: Could not find a connection between 'odom' and 'base_link' because they are not part of the same tree.Tf has two or more unconnected trees.; retrying!...[0m
[33m[ WARN] [1509817759.043541417]: Could not find a connection between 'odom' and 'base_link' because they are not part of the same tree.Tf has two or more unconnected trees.; retrying!...[0m
[33m[ WARN] [1509817759.544003036]: Could not find a connection between 'odom' and 'base_link' because they are not part of the same tree.Tf has two or more unconnected trees.; retrying!...[0m
[33m[ WARN] [1509817760.044387748]: Could not find a connection between 'odom' and 'base_link' because they are not part of the same tree.Tf has two or more unconnected trees.; retrying!...[0m
[33m[ WARN] [1509817760.544737137]: Could not find a connection between 'odom' and 'base_link' because they are not part of the same tree.Tf has two or more unconnected trees.; retrying!...[0m
[33m[ WARN] [1509817761.045052941]: Could not find a connection between 'odom' and 'base_link' because they are not part of the same tree.Tf has two or more unconnected trees.; retrying!...[0m
[33m[ WARN] [1509817761.545444948]: Could not find a connection between 'odom' and 'base_link' because they are not part of the same tree.Tf has two or more unconnected trees.; retrying!...[0m
[33m[ WARN] [1509817762.045788064]: Could not find a connection between 'odom' and 'base_link' because they are not part of the same tree.Tf has two or more unconnected trees.; retrying!...[0m
[33m[ WARN] [1509817762.546113667]: Could not find a connection between 'odom' and 'base_link' because they are not part of the same tree.Tf has two or more unconnected trees.; retrying!...[0m
[33m[ WARN] [1509817763.046453907]: Could not find a connection between 'odom' and 'base_link' because they are not part of the same tree.Tf has two or more unconnected trees.; retrying!...[0m
[33m[ WARN] [1509817763.546892302]: Could not find a connection between 'odom' and 'base_link' because they are not part of the same tree.Tf has two or more unconnected trees.; retrying!...[0m
[33m[ WARN] [1509817764.047193798]: Could not find a connection between 'odom' and 'base_link' because they are not part of the same tree.Tf has two or more unconnected trees.; retrying!...[0m
[33m[ WARN] [1509817764.547446984]: Could not find a connection between 'odom' and 'base_link' because they are not part of the same tree.Tf has two or more unconnected trees.; retrying!...[0m
[33m[ WARN] [1509817765.047722821]: Could not find a connection between 'odom' and 'base_link' because they are not part of the same tree.Tf has two or more unconnected trees.; retrying!...[0m
[33m[ WARN] [1509817765.548037469]: Could not find a connection between 'odom' and 'base_link' because they are not part of the same tree.Tf has two or more unconnected trees.; retrying!...[0m
[33m[ WARN] [1509817766.048391826]: Could not find a connection between 'odom' and 'base_link' because they are not part of the same tree.Tf has two or more unconnected trees.; retrying!...[0m
[33m[ WARN] [1509817766.548914547]: Could not find a connection between 'odom' and 'base_link' because they are not part of the same tree.Tf has two or more unconnected trees.; retrying!...[0m
[33m[ WARN] [1509817767.049348440]: Could not find a connection between 'odom' and 'base_link' because they are not part of the same tree.Tf has two or more unconnected trees.; retrying!...[0m
[33m[ WARN] [1509817767.549687635]: Could not find a connection between 'odom' and 'base_link' because they are not part of the same tree.Tf has two or more unconnected trees.; retrying!...[0m
[33m[ WARN] [1509817768.050114863]: Could not find a connection between 'odom' and 'base_link' because they are not part of the same tree.Tf has two or more unconnected trees.; retrying!...[0m
[33m[ WARN] [1509817768.550501441]: Could not find a connection between 'odom' and 'base_link' because they are not part of the same tree.Tf has two or more unconnected trees.; retrying!...[0m
[33m[ WARN] [1509817769.050815261]: Could not find a connection between 'odom' and 'base_link' because they are not part of the same tree.Tf has two or more unconnected trees.; retrying!...[0m
[33m[ WARN] [1509817769.551139188]: Could not find a connection between 'odom' and 'base_link' because they are not part of the same tree.Tf has two or more unconnected trees.; retrying!...[0m
[33m[ WARN] [1509817770.051475838]: Could not find a connection between 'odom' and 'base_link' because they are not part of the same tree.Tf has two or more unconnected trees.; retrying!...[0m
[33m[ WARN] [1509817770.551838896]: Could not find a connection between 'odom' and 'base_link' because they are not part of the same tree.Tf has two or more unconnected trees.; retrying!...[0m
[33m[ WARN] [1509817771.052174783]: Could not find a connection between 'odom' and 'base_link' because they are not part of the same tree.Tf has two or more unconnected trees.; retrying!...[0m
[33m[ WARN] [1509817771.552503698]: Could not find a connection between 'odom' and 'base_link' because they are not part of the same tree.Tf has two or more unconnected trees.; retrying!...[0m
[33m[ WARN] [1509817772.052904287]: Could not find a connection between 'odom' and 'base_link' because they are not part of the same tree.Tf has two or more unconnected trees.; retrying!...[0m
[33m[ WARN] [1509817772.553219871]: Could not find a connection between 'odom' and 'base_link' because they are not part of the same tree.Tf has two or more unconnected trees.; retrying!...[0m
[33m[ WARN] [1509817773.053551003]: Could not find a connection between 'odom' and 'base_link' because they are not part of the same tree.Tf has two or more unconnected trees.; retrying!...[0m
[33m[ WARN] [1509817773.553863382]: Could not find a connection between 'odom' and 'base_link' because they are not part of the same tree.Tf has two or more unconnected trees.; retrying!...[0m
[33m[ WARN] [1509817774.054149338]: Could not find a connection between 'odom' and 'base_link' because they are not part of the same tree.Tf has two or more unconnected trees.; retrying!...[0m
[33m[ WARN] [1509817774.554493090]: Could not find a connection between 'odom' and 'base_link' because they are not part of the same tree.Tf has two or more unconnected trees.; retrying!...[0m
[33m[ WARN] [1509817775.054767497]: Could not find a connection between 'odom' and 'base_link' because they are not part of the same tree.Tf has two or more unconnected trees.; retrying!...[0m
[33m[ WARN] [1509817775.555111743]: Could not find a connection between 'odom' and 'base_link' because they are not part of the same tree.Tf has two or more unconnected trees.; retrying!...[0m
[33m[ WARN] [1509817776.055445944]: Could not find a connection between 'odom' and 'base_link' because they are not part of the same tree.Tf has two or more unconnected trees.; retrying!...[0m
[33m[ WARN] [1509817776.555764833]: Could not find a connection between 'odom' and 'base_link' because they are not part of the same tree.Tf has two or more unconnected trees.; retrying!...[0m
[33m[ WARN] [1509817777.056058200]: Could not find a connection between 'odom' and 'base_link' because they are not part of the same tree.Tf has two or more unconnected trees.; retrying!...[0m
[33m[ WARN] [1509817777.556291608]: Could not find a connection between 'odom' and 'base_link' because they are not part of the same tree.Tf has two or more unconnected trees.; retrying!...[0m
[33m[ WARN] [1509817778.056590530]: Could not find a connection between 'odom' and 'base_link' because they are not part of the same tree.Tf has two or more unconnected trees.; retrying!...[0m
[33m[ WARN] [1509817778.556972258]: Could not find a connection between 'odom' and 'base_link' because they are not part of the same tree.Tf has two or more unconnected trees.; retrying!...[0m
[33m[ WARN] [1509817779.057325910]: Could not find a connection between 'odom' and 'base_link' because they are not part of the same tree.Tf has two or more unconnected trees.; retrying!...[0m
[33m[ WARN] [1509817779.557636574]: Could not find a connection between 'odom' and 'base_link' because they are not part of the same tree.Tf has two or more unconnected trees.; retrying!...[0m
[33m[ WARN] [1509817780.057974568]: Could not find a connection between 'odom' and 'base_link' because they are not part of the same tree.Tf has two or more unconnected trees.; retrying!...[0m
[33m[ WARN] [1509817780.558310994]: Could not find a connection between 'odom' and 'base_link' because they are not part of the same tree.Tf has two or more unconnected trees.; retrying!...[0m
[33m[ WARN] [1509817781.058643611]: Could not find a connection between 'odom' and 'base_link' because they are not part of the same tree.Tf has two or more unconnected trees.; retrying!...[0m
[33m[ WARN] [1509817781.559031136]: Could not find a connection between 'odom' and 'base_link' because they are not part of the same tree.Tf has two or more unconnected trees.; retrying!...[0m
[33m[ WARN] [1509817782.059357830]: Could not find a connection between 'odom' and 'base_link' because they are not part of the same tree.Tf has two or more unconnected trees.; retrying!...[0m
[33m[ WARN] [1509817782.559641982]: Could not find a connection between 'odom' and 'base_link' because they are not part of the same tree.Tf has two or more unconnected trees.; retrying!...[0m
[33m[ WARN] [1509817783.059902117]: Could not find a connection between 'odom' and 'base_link' because they are not part of the same tree.Tf has two or more unconnected trees.; retrying!...[0m
[33m[ WARN] [1509817783.560211626]: Could not find a connection between 'odom' and 'base_link' because they are not part of the same tree.Tf has two or more unconnected trees.; retrying!...[0m
[33m[ WARN] [1509817784.060532534]: Could not find a connection between 'odom' and 'base_link' because they are not part of the same tree.Tf has two or more unconnected trees.; retrying!...[0m
[33m[ WARN] [1509817784.560897354]: Could not find a connection between 'odom' and 'base_link' because they are not part of the same tree.Tf has two or more unconnected trees.; retrying!...[0m
[33m[ WARN] [1509817785.061173825]: Could not find a connection between 'odom' and 'base_link' because they are not part of the same tree.Tf has two or more unconnected trees.; retrying!...[0m
[33m[ WARN] [1509817785.561500093]: Could not find a connection between 'odom' and 'base_link' because they are not part of the same tree.Tf has two or more unconnected trees.; retrying!...[0m
[33m[ WARN] [1509817786.061783157]: Could not find a connection between 'odom' and 'base_link' because they are not part of the same tree.Tf has two or more unconnected trees.; retrying!...[0m
[33m[ WARN] [1509817786.562089768]: Could not find a connection between 'odom' and 'base_link' because they are not part of the same tree.Tf has two or more unconnected trees.; retrying!...[0m
[33m[ WARN] [1509817787.062468492]: Could not find a connection between 'odom' and 'base_link' because they are not part of the same tree.Tf has two or more unconnected trees.; retrying!...[0m
[33m[ WARN] [1509817787.562781572]: Could not find a connection between 'odom' and 'base_link' because they are not part of the same tree.Tf has two or more unconnected trees.; retrying!...[0m
[33m[ WARN] [1509817788.063066631]: Could not find a connection between 'odom' and 'base_link' because they are not part of the same tree.Tf has two or more unconnected trees.; retrying!...[0m
[33m[ WARN] [1509817788.563410364]: Could not find a connection between 'odom' and 'base_link' because they are not part of the same tree.Tf has two or more unconnected trees.; retrying!...[0m
[33m[ WARN] [1509817789.063724393]: Could not find a connection between 'odom' and 'base_link' because they are not part of the same tree.Tf has two or more unconnected trees.; retrying!...[0m
[33m[ WARN] [1509817789.564032538]: Could not find a connection between 'odom' and 'base_link' because they are not part of the same tree.Tf has two or more unconnected trees.; retrying!...[0m
[33m[ WARN] [1509817790.064386967]: Could not find a connection between 'odom' and 'base_link' because they are not part of the same tree.Tf has two or more unconnected trees.; retrying!...[0m
[33m[ WARN] [1509817790.564724264]: Could not find a connection between 'odom' and 'base_link' because they are not part of the same tree.Tf has two or more unconnected trees.; retrying!...[0m
[33m[ WARN] [1509817791.065086191]: Could not find a connection between 'odom' and 'base_link' because they are not part of the same tree.Tf has two or more unconnected trees.; retrying!...[0m
[33m[ WARN] [1509817791.565416604]: Could not find a connection between 'odom' and 'base_link' because they are not part of the same tree.Tf has two or more unconnected trees.; retrying!...[0m
[33m[ WARN] [1509817792.065703817]: Could not find a connection between 'odom' and 'base_link' because they are not part of the same tree.Tf has two or more unconnected trees.; retrying!...[0m
[33m[ WARN] [1509817792.566049087]: Could not find a connection between 'odom' and 'base_link' because they are not part of the same tree.Tf has two or more unconnected trees.; retrying!...[0m
[33m[ WARN] [1509817793.066338775]: Could not find a connection between 'odom' and 'base_link' because they are not part of the same tree.Tf has two or more unconnected trees.; retrying!...[0m
[33m[ WARN] [1509817793.566694936]: Could not find a connection between 'odom' and 'base_link' because they are not part of the same tree.Tf has two or more unconnected trees.; retrying!...[0m
[33m[ WARN] [1509817794.066989376]: Could not find a connection between 'odom' and 'base_link' because they are not part of the same tree.Tf has two or more unconnected trees.; retrying!...[0m
[33m[ WARN] [1509817794.567389528]: Could not find a connection between 'odom' and 'base_link' because they are not part of the same tree.Tf has two or more unconnected trees.; retrying!...[0m
[33m[ WARN] [1509817795.067693508]: Could not find a connection between 'odom' and 'base_link' because they are not part of the same tree.Tf has two or more unconnected trees.; retrying!...[0m
[33m[ WARN] [1509817795.567942909]: Could not find a connection between 'odom' and 'base_link' because they are not part of the same tree.Tf has two or more unconnected trees.; retrying!...[0m
[33m[ WARN] [1509817796.068497036]: Could not find a connection between 'odom' and 'base_link' because they are not part of the same tree.Tf has two or more unconnected trees.; retrying!...[0m
[33m[ WARN] [1509817796.568883422]: Could not find a connection between 'odom' and 'base_link' because they are not part of the same tree.Tf has two or more unconnected trees.; retrying!...[0m
[33m[ WARN] [1509817797.069196622]: Could not find a connection between 'odom' and 'base_link' because they are not part of the same tree.Tf has two or more unconnected trees.; retrying!...[0m
[33m[ WARN] [1509817797.569566821]: Could not find a connection between 'odom' and 'base_link' because they are not part of the same tree.Tf has two or more unconnected trees.; retrying!...[0m
[33m[ WARN] [1509817798.069872453]: Could not find a connection between 'odom' and 'base_link' because they are not part of the same tree.Tf has two or more unconnected trees.; retrying!...[0m
[33m[ WARN] [1509817798.570181038]: Could not find a connection between 'odom' and 'base_link' because they are not part of the same tree.Tf has two or more unconnected trees.; retrying!...[0m
[33m[ WARN] [1509817799.070682585]: Could not find a connection between 'odom' and 'base_link' because they are not part of the same tree.Tf has two or more unconnected trees.; retrying!...[0m
[33m[ WARN] [1509817799.571096838]: Could not find a connection between 'odom' and 'base_link' because they are not part of the same tree.Tf has two or more unconnected trees.; retrying!...[0m
[33m[ WARN] [1509817800.071443231]: Could not find a connection between 'odom' and 'base_link' because they are not part of the same tree.Tf has two or more unconnected trees.; retrying!...[0m
[33m[ WARN] [1509817800.571784360]: Could not find a connection between 'odom' and 'base_link' because they are not part of the same tree.Tf has two or more unconnected trees.; retrying!...[0m
[33m[ WARN] [1509817801.072117294]: Could not find a connection between 'odom' and 'base_link' because they are not part of the same tree.Tf has two or more unconnected trees.; retrying!...[0m
[33m[ WARN] [1509817801.572411049]: Could not find a connection between 'odom' and 'base_link' because they are not part of the same tree.Tf has two or more unconnected trees.; retrying!...[0m
[33m[ WARN] [1509817802.073064564]: Could not find a connection between 'odom' and 'base_link' because they are not part of the same tree.Tf has two or more unconnected trees.; retrying!...[0m
[33m[ WARN] [1509817802.573465889]: Could not find a connection between 'odom' and 'base_link' because they are not part of the same tree.Tf has two or more unconnected trees.; retrying!...[0m
[33m[ WARN] [1509817803.073798619]: Could not find a connection between 'odom' and 'base_link' because they are not part of the same tree.Tf has two or more unconnected trees.; retrying!...[0m
[33m[ WARN] [1509817803.574178508]: Could not find a connection between 'odom' and 'base_link' because they are not part of the same tree.Tf has two or more unconnected trees.; retrying!...[0m
[33m[ WARN] [1509817804.074468209]: Could not find a connection between 'odom' and 'base_link' because they are not part of the same tree.Tf has two or more unconnected trees.; retrying!...[0m
[33m[ WARN] [1509817804.574733582]: Could not find a connection between 'odom' and 'base_link' because they are not part of the same tree.Tf has two or more unconnected trees.; retrying!...[0m
[33m[ WARN] [1509817805.075062136]: Could not find a connection between 'odom' and 'base_link' because they are not part of the same tree.Tf has two or more unconnected trees.; retrying!...[0m
[33m[ WARN] [1509817805.575328332]: Could not find a connection between 'odom' and 'base_link' because they are not part of the same tree.Tf has two or more unconnected trees.; retrying!...[0m
[33m[ WARN] [1509817806.075605610]: Could not find a connection between 'odom' and 'base_link' because they are not part of the same tree.Tf has two or more unconnected trees.; retrying!...[0m
[33m[ WARN] [1509817806.575905730]: Could not find a connection between 'odom' and 'base_link' because they are not part of the same tree.Tf has two or more unconnected trees.; retrying!...[0m
[33m[ WARN] [1509817807.076241544]: Could not find a connection between 'odom' and 'base_link' because they are not part of the same tree.Tf has two or more unconnected trees.; retrying!...[0m
[33m[ WARN] [1509817807.576595381]: Could not find a connection between 'odom' and 'base_link' because they are not part of the same tree.Tf has two or more unconnected trees.; retrying!...[0m
[33m[ WARN] [1509817808.076905154]: Could not find a connection between 'odom' and 'base_link' because they are not part of the same tree.Tf has two or more unconnected trees.; retrying!...[0m
[33m[ WARN] [1509817808.577221951]: Could not find a connection between 'odom' and 'base_link' because they are not part of the same tree.Tf has two or more unconnected trees.; retrying!...[0m
[33m[ WARN] [1509817809.077532900]: Could not find a connection between 'odom' and 'base_link' because they are not part of the same tree.Tf has two or more unconnected trees.; retrying!...[0m
[33m[ WARN] [1509817809.577920607]: Could not find a connection between 'odom' and 'base_link' because they are not part of the same tree.Tf has two or more unconnected trees.; retrying!...[0m
[33m[ WARN] [1509817810.078301657]: Could not find a connection between 'odom' and 'base_link' because they are not part of the same tree.Tf has two or more unconnected trees.; retrying!...[0m
[33m[ WARN] [1509817810.578535218]: Could not find a connection between 'odom' and 'base_link' because they are not part of the same tree.Tf has two or more unconnected trees.; retrying!...[0m
[33m[ WARN] [1509817811.078863698]: Could not find a connection between 'odom' and 'base_link' because they are not part of the same tree.Tf has two or more unconnected trees.; retrying!...[0m
[33m[ WARN] [1509817811.579217701]: Could not find a connection between 'odom' and 'base_link' because they are not part of the same tree.Tf has two or more unconnected trees.; retrying!...[0m
[33m[ WARN] [1509817812.