

1509817653.948429041  Node Startup
1509817654.062543103 INFO [/home/mdas/ros_ws/src/packages/usb_cams/nodes/usb_cam_node.cpp:138(UsbCamNode::UsbCamNode) [topics: /rosout, /usb_cam_1/image_raw, /usb_cam_1/camera_info] Starting 'head_camera' (/dev/video0) at 640x480 via mmap (yuyv) at 10 FPS
1509817654.004230549 INFO [/home/mdas/ros_ws/src/packages/novatel/src/novatel_node.cpp:55(handleInfoMessages) [topics: /rosout, /gps_odom, /gps_fix, /ephemeris, /range, /gps_fix_psr, /novatel_node/gps_fix_ecef] Serial port: /dev/sensor-gps opened successfully.

1509817654.610477545 INFO [/home/mdas/ros_ws/src/sicktoolbox_wrapper/ros/sicklms/sicklms.cpp:253(main) [topics: /rosout, /diagnostics, /sensor_msgs/LaserScan] Setting variant to (0, 1.000000)
1509817654.610672199 WARN [/home/mdas/ros_ws/src/sicktoolbox_wrapper/ros/sicklms/sicklms.cpp:266(main) [topics: /rosout, /diagnostics, /sensor_msgs/LaserScan] Unable to set scan angle. Using 180 instead of 0.
1509817654.610713197 WARN [/home/mdas/ros_ws/src/sicktoolbox_wrapper/ros/sicklms/sicklms.cpp:270(main) [topics: /rosout, /diagnostics, /sensor_msgs/LaserScan] Unable to set resolution. Using 5.000000e-01 instead of 1.000000e+00.
1509817654.610758226 INFO [/home/mdas/ros_ws/src/sicktoolbox_wrapper/ros/sicklms/sicklms.cpp:283(main) [topics: /rosout, /diagnostics, /sensor_msgs/LaserScan] Measuring units setup not requested or identical to actual ('Centimeters (cm)')
1509817654.986270844 WARN [/home/mdas/ros_ws/src/packages/usb_cams/src/usb_cam.cpp:1206(UsbCam::set_v4l_parameter) [topics: /rosout, /usb_cam_1/image_raw, /usb_cam_1/camera_info] sh: 1: v4l2-ctl: not found

1509817654.989158931 WARN [/home/mdas/ros_ws/src/packages/usb_cams/src/usb_cam.cpp:1206(UsbCam::set_v4l_parameter) [topics: /rosout, /usb_cam_1/image_raw, /usb_cam_1/camera_info] sh: 1: v4l2-ctl: not found

1509817655.004479681 INFO [/home/mdas/ros_ws/src/packages/novatel/src/novatel_node.cpp:55(handleInfoMessages) [topics: /rosout, /gps_odom, /gps_fix, /ephemeris, /range, /gps_fix_psr, /novatel_node/gps_fix_ecef] Searching for Novatel receiver...

1509817655.652121563 INFO [/home/mdas/ros_ws/src/packages/novatel/src/novatel_node.cpp:55(handleInfoMessages) [topics: /rosout, /gps_odom, /gps_fix, /ephemeris, /range, /gps_fix_psr, /novatel_node/gps_fix_ecef] Found Novatel receiver.
	Model: "WAASHPB"
	Serial Number: "SAS06209044"
	Hardware version: "LBg2-3.04-X2T"
	Software version: "2.312"

Receiver capabilities:
	L2: -
	Raw measurements: -
	RTK: -
	SPAN: -
	GLONASS: -

1509817655.652303752 INFO [/home/mdas/ros_ws/src/packages/novatel/src/novatel_node.cpp:491(run) [topics: /rosout, /gps_odom, /gps_fix, /ephemeris, /range, /gps_fix_psr, /novatel_node/gps_fix_ecef] Requesting default GPS messages: BESTUTMB, BESTVELB
1509817655.652432728 INFO [/home/mdas/ros_ws/src/packages/novatel/src/novatel_node.cpp:55(handleInfoMessages) [topics: /rosout, /gps_odom, /gps_fix, /ephemeris, /range, /gps_fix_psr, /novatel_node/gps_fix_ecef] Started read thread.
1509817655.652549982 INFO [/home/mdas/ros_ws/src/packages/novatel/src/novatel_node.cpp:55(handleInfoMessages) [topics: /rosout, /gps_odom, /gps_fix, /ephemeris, /range, /gps_fix_psr, /novatel_node/gps_fix_ecef] LOG BESTUTMB ONTIME 1.00

1509817656.389424971 INFO [/home/mdas/ros_ws/src/packages/novatel/src/novatel_node.cpp:55(handleInfoMessages) [topics: /rosout, /gps_odom, /gps_fix, /ephemeris, /range, /gps_fix_psr, /novatel_node/gps_fix_ecef] RECEIVED AN ACK.
1509817656.389519240 INFO [/home/mdas/ros_ws/src/packages/novatel/src/novatel_node.cpp:55(handleInfoMessages) [topics: /rosout, /gps_odom, /gps_fix, /ephemeris, /range, /gps_fix_psr, /novatel_node/gps_fix_ecef] Ack received for requested log: BESTUTMB ONTIME 1.00
1509817656.389640593 INFO [/home/mdas/ros_ws/src/packages/novatel/src/novatel_node.cpp:55(handleInfoMessages) [topics: /rosout, /gps_odom, /gps_fix, /ephemeris, /range, /gps_fix_psr, /novatel_node/gps_fix_ecef] LOG BESTVELB ONTIME 1.00

1509817657.123711494 INFO [/home/mdas/ros_ws/src/packages/novatel/src/novatel_node.cpp:55(handleInfoMessages) [topics: /rosout, /gps_odom, /gps_fix, /ephemeris, /range, /gps_fix_psr, /novatel_node/gps_fix_ecef] RECEIVED AN ACK.
1509817657.123818479 INFO [/home/mdas/ros_ws/src/packages/novatel/src/novatel_node.cpp:55(handleInfoMessages) [topics: /rosout, /gps_odom, /gps_fix, /ephemeris, /range, /gps_fix_psr, /novatel_node/gps_fix_ecef] Ack received for requested log: BESTVELB ONTIME 1.00
1509817657.123936652 INFO [/home/mdas/ros_ws/src/packages/novatel/src/novatel_node.cpp:55(handleInfoMessages) [topics: /rosout, /gps_odom, /gps_fix, /ephemeris, /range, /gps_fix_psr, /novatel_node/gps_fix_ecef] LOG PSRPOSB ONTIME 1.00

1509817657.854625677 INFO [/home/mdas/ros_ws/src/packages/novatel/src/novatel_node.cpp:55(handleInfoMessages) [topics: /rosout, /gps_odom, /gps_fix, /ephemeris, /range, /gps_fix_psr, /novatel_node/gps_fix_ecef] RECEIVED AN ACK.
1509817657.854777657 INFO [/home/mdas/ros_ws/src/packages/novatel/src/novatel_node.cpp:55(handleInfoMessages) [topics: /rosout, /gps_odom, /gps_fix, /ephemeris, /range, /gps_fix_psr, /novatel_node/gps_fix_ecef] Ack received for requested log: PSRPOSB ONTIME 1.00
1509817675.164507986 INFO [/tmp/binarydeb/ros-indigo-rviz-1.11.18/src/rviz/ogre_helpers/render_system.cpp:438(RenderWindow* rviz::RenderSystem::makeRenderWindow) [topics: /rosout] Stereo is NOT SUPPORTED
1509817675.164559775 INFO [/tmp/binarydeb/ros-indigo-rviz-1.11.18/src/rviz/ogre_helpers/render_system.cpp:211(RenderSystem::detectGlVersion) [topics: /rosout] OpenGl version: 3 (GLSL 1.3).
1509817690.671809818 WARN [/opt/ros/indigo/include/tf/message_filter.h:496(MessageFilter<M>::checkFailures) [topics: /rosout, /initialpose, /move_base_simple/goal, /clicked_point] MessageFilter [target=lidar_link ]: Dropped 100.00% of messages so far. Please turn the [ros.rviz.message_notifier] rosconsole logger to DEBUG for more information.
1509817697.009539012 WARN [/home/mdas/ros_ws/src/packages/high_level_control/sentry/odom_tf/src/odom_tf_fncs.cpp:26(OdomTf) [topics: /rosout, /tf] "odom" passed to lookupTransform argument target_frame does not exist. ; retrying!...
1509817697.013363756 INFO [/home/mdas/ros_ws/src/packages/high_level_control/sentry/mapping_and_control/src/pub_des_state.cpp:61(initializeServices) [topics: /rosout, /tf, /desState, /desPsi, /motion_mode] Initializing Services
1509817696.971564886 WARN [/tmp/binarydeb/ros-indigo-kdl-parser-1.11.14/src/kdl_parser.cpp:197(treeFromUrdfModel) [topics: /rosout] The root link base_link has an inertia specified in the URDF, but KDL does not support a root link with an inertia.  As a workaround, you can add an extra dummy link to your URDF.
1509817697.509761855 WARN [/home/mdas/ros_ws/src/packages/high_level_control/sentry/odom_tf/src/odom_tf_fncs.cpp:26(OdomTf) [topics: /rosout, /tf] Could not find a connection between 'odom' and 'base_link' because they are not part of the same tree.Tf has two or more unconnected trees.; retrying!...
1509817698.009900183 WARN [/home/mdas/ros_ws/src/packages/high_level_control/sentry/odom_tf/src/odom_tf_fncs.cpp:26(OdomTf) [topics: /rosout, /tf] Could not find a connection between 'odom' and 'base_link' because they are not part of the same tree.Tf has two or more unconnected trees.; retrying!...
1509817698.510047014 WARN [/home/mdas/ros_ws/src/packages/high_level_control/sentry/odom_tf/src/odom_tf_fncs.cpp:26(OdomTf) [topics: /rosout, /tf] Could not find a connection between 'odom' and 'base_link' because they are not part of the same tree.Tf has two or more unconnected trees.; retrying!...
1509817699.010193499 WARN [/home/mdas/ros_ws/src/packages/high_level_control/sentry/odom_tf/src/odom_tf_fncs.cpp:26(OdomTf) [topics: /rosout, /tf] Could not find a connection between 'odom' and 'base_link' because they are not part of the same tree.Tf has two or more unconnected trees.; retrying!...
1509817699.510357378 WARN [/home/mdas/ros_ws/src/packages/high_level_control/sentry/odom_tf/src/odom_tf_fncs.cpp:26(OdomTf) [topics: /rosout, /tf] Could not find a connection between 'odom' and 'base_link' because they are not part of the same tree.Tf has two or more unconnected trees.; retrying!...
1509817700.010515255 WARN [/home/mdas/ros_ws/src/packages/high_level_control/sentry/odom_tf/src/odom_tf_fncs.cpp:26(OdomTf) [topics: /rosout, /tf] Could not find a connection between 'odom' and 'base_link' because they are not part of the same tree.Tf has two or more unconnected trees.; retrying!...
1509817700.510803057 WARN [/home/mdas/ros_ws/src/packages/high_level_control/sentry/odom_tf/src/odom_tf_fncs.cpp:26(OdomTf) [topics: /rosout, /tf] Could not find a connection between 'odom' and 'base_link' because they are not part of the same tree.Tf has two or more unconnected trees.; retrying!...
1509817701.011035284 WARN [/home/mdas/ros_ws/src/packages/high_level_control/sentry/odom_tf/src/odom_tf_fncs.cpp:26(OdomTf) [topics: /rosout, /tf] Could not find a connection between 'odom' and 'base_link' because they are not part of the same tree.Tf has two or more unconnected trees.; retrying!...
1509817701.511262745 WARN [/home/mdas/ros_ws/src/packages/high_level_control/sentry/odom_tf/src/odom_tf_fncs.cpp:26(OdomTf) [topics: /rosout, /tf] Could not find a connection between 'odom' and 'base_link' because they are not part of the same tree.Tf has two or more unconnected trees.; retrying!...
1509817702.011478471 WARN [/home/mdas/ros_ws/src/packages/high_level_control/sentry/odom_tf/src/odom_tf_fncs.cpp:26(OdomTf) [topics: /rosout, /tf] Could not find a connection between 'odom' and 'base_link' because they are not part of the same tree.Tf has two or more unconnected trees.; retrying!...
1509817702.109889532 WARN [/tmp/binarydeb/ros-indigo-costmap-2d-1.12.13/src/costmap_2d_ros.cpp:93(Costmap2DROS::Costmap2DROS) [topics: /rosout, /cmd_vel, /move_base/current_goal, /move_base/goal] Timed out waiting for transform from base_link to map to become available before running costmap, tf error: Could not find a connection between 'map' and 'base_link' because they are not part of the same tree.Tf has two or more unconnected trees.. canTransform returned after 0.101282 timeout was 0.1.
1509817702.511642652 WARN [/home/mdas/ros_ws/src/packages/high_level_control/sentry/odom_tf/src/odom_tf_fncs.cpp:26(OdomTf) [topics: /rosout, /tf] Could not find a connection between 'odom' and 'base_link' because they are not part of the same tree.Tf has two or more unconnected trees.; retrying!...
1509817703.011806891 WARN [/home/mdas/ros_ws/src/packages/high_level_control/sentry/odom_tf/src/odom_tf_fncs.cpp:26(OdomTf) [topics: /rosout, /tf] Could not find a connection between 'odom' and 'base_link' because they are not part of the same tree.Tf has two or more unconnected trees.; retrying!...
1509817703.511965978 WARN [/home/mdas/ros_ws/src/packages/high_level_control/sentry/odom_tf/src/odom_tf_fncs.cpp:26(OdomTf) [topics: /rosout, /tf] Could not find a connection between 'odom' and 'base_link' because they are not part of the same tree.Tf has two or more unconnected trees.; retrying!...
1509817704.012145811 WARN [/home/mdas/ros_ws/src/packages/high_level_control/sentry/odom_tf/src/odom_tf_fncs.cpp:26(OdomTf) [topics: /rosout, /tf] Could not find a connection between 'odom' and 'base_link' because they are not part of the same tree.Tf has two or more unconnected trees.; retrying!...
1509817704.512331207 WARN [/home/mdas/ros_ws/src/packages/high_level_control/sentry/odom_tf/src/odom_tf_fncs.cpp:26(OdomTf) [topics: /rosout, /tf] Could not find a connection between 'odom' and 'base_link' because they are not part of the same tree.Tf has two or more unconnected trees.; retrying!...
1509817705.012539884 WARN [/home/mdas/ros_ws/src/packages/high_level_control/sentry/odom_tf/src/odom_tf_fncs.cpp:26(OdomTf) [topics: /rosout, /tf] Could not find a connection between 'odom' and 'base_link' because they are not part of the same tree.Tf has two or more unconnected trees.; retrying!...
1509817705.512774321 WARN [/home/mdas/ros_ws/src/packages/high_level_control/sentry/odom_tf/src/odom_tf_fncs.cpp:26(OdomTf) [topics: /rosout, /tf] Could not find a connection between 'odom' and 'base_link' because they are not part of the same tree.Tf has two or more unconnected trees.; retrying!...
1509817706.012963930 WARN [/home/mdas/ros_ws/src/packages/high_level_control/sentry/odom_tf/src/odom_tf_fncs.cpp:26(OdomTf) [topics: /rosout, /tf] Could not find a connection between 'odom' and 'base_link' because they are not part of the same tree.Tf has two or more unconnected trees.; retrying!...
1509817706.513164526 WARN [/home/mdas/ros_ws/src/packages/high_level_control/sentry/odom_tf/src/odom_tf_fncs.cpp:26(OdomTf) [topics: /rosout, /tf] Could not find a connection between 'odom' and 'base_link' because they are not part of the same tree.Tf has two or more unconnected trees.; retrying!...
1509817707.013379211 WARN [/home/mdas/ros_ws/src/packages/high_level_control/sentry/odom_tf/src/odom_tf_fncs.cpp:26(OdomTf) [topics: /rosout, /tf] Could not find a connection between 'odom' and 'base_link' because they are not part of the same tree.Tf has two or more unconnected trees.; retrying!...
1509817707.157524886 WARN [/tmp/binarydeb/ros-indigo-costmap-2d-1.12.13/src/costmap_2d_ros.cpp:93(Costmap2DROS::Costmap2DROS) [topics: /rosout, /cmd_vel, /move_base/current_goal, /move_base/goal] Timed out waiting for transform from base_link to map to become available before running costmap, tf error: Could not find a connection between 'map' and 'base_link' because they are not part of the same tree.Tf has two or more unconnected trees.. canTransform returned after 0.100765 timeout was 0.1.
1509817707.513518431 WARN [/home/mdas/ros_ws/src/packages/high_level_control/sentry/odom_tf/src/odom_tf_fncs.cpp:26(OdomTf) [topics: /rosout, /tf] Could not find a connection between 'odom' and 'base_link' because they are not part of the same tree.Tf has two or more unconnected trees.; retrying!...
1509817708.013706883 WARN [/home/mdas/ros_ws/src/packages/high_level_control/sentry/odom_tf/src/odom_tf_fncs.cpp:26(OdomTf) [topics: /rosout, /tf] Could not find a connection between 'odom' and 'base_link' because they are not part of the same tree.Tf has two or more unconnected trees.; retrying!...
1509817708.513885056 WARN [/home/mdas/ros_ws/src/packages/high_level_control/sentry/odom_tf/src/odom_tf_fncs.cpp:26(OdomTf) [topics: /rosout, /tf] Could not find a connection between 'odom' and 'base_link' because they are not part of the same tree.Tf has two or more unconnected trees.; retrying!...
1509817709.014088644 WARN [/home/mdas/ros_ws/src/packages/high_level_control/sentry/odom_tf/src/odom_tf_fncs.cpp:26(OdomTf) [topics: /rosout, /tf] Could not find a connection between 'odom' and 'base_link' because they are not part of the same tree.Tf has two or more unconnected trees.; retrying!...
1509817709.514317384 WARN [/home/mdas/ros_ws/src/packages/high_level_control/sentry/odom_tf/src/odom_tf_fncs.cpp:26(OdomTf) [topics: /rosout, /tf] Could not find a connection between 'odom' and 'base_link' because they are not part of the same tree.Tf has two or more unconnected trees.; retrying!...
1509817710.014514890 WARN [/home/mdas/ros_ws/src/packages/high_level_control/sentry/odom_tf/src/odom_tf_fncs.cpp:26(OdomTf) [topics: /rosout, /tf] Could not find a connection between 'odom' and 'base_link' because they are not part of the same tree.Tf has two or more unconnected trees.; retrying!...
1509817710.514719026 WARN [/home/mdas/ros_ws/src/packages/high_level_control/sentry/odom_tf/src/odom_tf_fncs.cpp:26(OdomTf) [topics: /rosout, /tf] Could not find a connection between 'odom' and 'base_link' because they are not part of the same tree.Tf has two or more unconnected trees.; retrying!...
1509817711.014886368 WARN [/home/mdas/ros_ws/src/packages/high_level_control/sentry/odom_tf/src/odom_tf_fncs.cpp:26(OdomTf) [topics: /rosout, /tf] Could not find a connection between 'odom' and 'base_link' because they are not part of the same tree.Tf has two or more unconnected trees.; retrying!...
1509817711.515019720 WARN [/home/mdas/ros_ws/src/packages/high_level_control/sentry/odom_tf/src/odom_tf_fncs.cpp:26(OdomTf) [topics: /rosout, /tf] Could not find a connection between 'odom' and 'base_link' because they are not part of the same tree.Tf has two or more unconnected trees.; retrying!...
1509817712.015371975 WARN [/home/mdas/ros_ws/src/packages/high_level_control/sentry/odom_tf/src/odom_tf_fncs.cpp:26(OdomTf) [topics: /rosout, /tf] Could not find a connection between 'odom' and 'base_link' because they are not part of the same tree.Tf has two or more unconnected trees.; retrying!...
1509817712.068449803 WARN [/opt/ros/indigo/include/tf/message_filter.h:496(MessageFilter<M>::checkFailures) [topics: /rosout, /tf, /slam_gmapping/entropy, /map, /map_metadata] MessageFilter [target=odom ]: Dropped 100.00% of messages so far. Please turn the [ros.gmapping.message_notifier] rosconsole logger to DEBUG for more information.
1509817712.203471357 WARN [/tmp/binarydeb/ros-indigo-costmap-2d-1.12.13/src/costmap_2d_ros.cpp:93(Costmap2DROS::Costmap2DROS) [topics: /rosout, /cmd_vel, /move_base/current_goal, /move_base/goal] Timed out waiting for transform from base_link to map to become available before running costmap, tf error: Could not find a connection between 'map' and 'base_link' because they are not part of the same tree.Tf has two or more unconnected trees.. canTransform returned after 0.100846 timeout was 0.1.
1509817712.515569015 WARN [/home/mdas/ros_ws/src/packages/high_level_control/sentry/odom_tf/src/odom_tf_fncs.cpp:26(OdomTf) [topics: /rosout, /tf] Could not find a connection between 'odom' and 'base_link' because they are not part of the same tree.Tf has two or more unconnected trees.; retrying!...
1509817713.015769112 WARN [/home/mdas/ros_ws/src/packages/high_level_control/sentry/odom_tf/src/odom_tf_fncs.cpp:26(OdomTf) [topics: /rosout, /tf] Could not find a connection between 'odom' and 'base_link' because they are not part of the same tree.Tf has two or more unconnected trees.; retrying!...
1509817713.516122561 WARN [/home/mdas/ros_ws/src/packages/high_level_control/sentry/odom_tf/src/odom_tf_fncs.cpp:26(OdomTf) [topics: /rosout, /tf] Could not find a connection between 'odom' and 'base_link' because they are not part of the same tree.Tf has two or more unconnected trees.; retrying!...
1509817714.016311892 WARN [/home/mdas/ros_ws/src/packages/high_level_control/sentry/odom_tf/src/odom_tf_fncs.cpp:26(OdomTf) [topics: /rosout, /tf] Could not find a connection between 'odom' and 'base_link' because they are not part of the same tree.Tf has two or more unconnected trees.; retrying!...
1509817714.516478326 WARN [/home/mdas/ros_ws/src/packages/high_level_control/sentry/odom_tf/src/odom_tf_fncs.cpp:26(OdomTf) [topics: /rosout, /tf] Could not find a connection between 'odom' and 'base_link' because they are not part of the same tree.Tf has two or more unconnected trees.; retrying!...
1509817715.016840526 WARN [/home/mdas/ros_ws/src/packages/high_level_control/sentry/odom_tf/src/odom_tf_fncs.cpp:26(OdomTf) [topics: /rosout, /tf] Could not find a connection between 'odom' and 'base_link' because they are not part of the same tree.Tf has two or more unconnected trees.; retrying!...
1509817715.517014771 WARN [/home/mdas/ros_ws/src/packages/high_level_control/sentry/odom_tf/src/odom_tf_fncs.cpp:26(OdomTf) [topics: /rosout, /tf] Could not find a connection between 'odom' and 'base_link' because they are not part of the same tree.Tf has two or more unconnected trees.; retrying!...
1509817716.017198132 WARN [/home/mdas/ros_ws/src/packages/high_level_control/sentry/odom_tf/src/odom_tf_fncs.cpp:26(OdomTf) [topics: /rosout, /tf] Could not find a connection between 'odom' and 'base_link' because they are not part of the same tree.Tf has two or more unconnected trees.; retrying!...
1509817716.517386148 WARN [/home/mdas/ros_ws/src/packages/high_level_control/sentry/odom_tf/src/odom_tf_fncs.cpp:26(OdomTf) [topics: /rosout, /tf] Could not find a connection between 'odom' and 'base_link' because they are not part of the same tree.Tf has two or more unconnected trees.; retrying!...
1509817717.017548186 WARN [/home/mdas/ros_ws/src/packages/high_level_control/sentry/odom_tf/src/odom_tf_fncs.cpp:26(OdomTf) [topics: /rosout, /tf] Could not find a connection between 'odom' and 'base_link' because they are not part of the same tree.Tf has two or more unconnected trees.; retrying!...
1509817717.247838084 WARN [/tmp/binarydeb/ros-indigo-costmap-2d-1.12.13/src/costmap_2d_ros.cpp:93(Costmap2DROS::Costmap2DROS) [topics: /rosout, /cmd_vel, /move_base/current_goal, /move_base/goal] Timed out waiting for transform from base_link to map to become available before running costmap, tf error: Could not find a connection between 'map' and 'base_link' because they are not part of the same tree.Tf has two or more unconnected trees.. canTransform returned after 0.100729 timeout was 0.1.
1509817717.517781168 WARN [/home/mdas/ros_ws/src/packages/high_level_control/sentry/odom_tf/src/odom_tf_fncs.cpp:26(OdomTf) [topics: /rosout, /tf] Could not find a connection between 'odom' and 'base_link' because they are not part of the same tree.Tf has two or more unconnected trees.; retrying!...
1509817718.017956240 WARN [/home/mdas/ros_ws/src/packages/high_level_control/sentry/odom_tf/src/odom_tf_fncs.cpp:26(OdomTf) [topics: /rosout, /tf] Could not find a connection between 'odom' and 'base_link' because they are not part of the same tree.Tf has two or more unconnected trees.; retrying!...
1509817718.518092940 WARN [/home/mdas/ros_ws/src/packages/high_level_control/sentry/odom_tf/src/odom_tf_fncs.cpp:26(OdomTf) [topics: /rosout, /tf] Could not find a connection between 'odom' and 'base_link' because they are not part of the same tree.Tf has two or more unconnected trees.; retrying!...
1509817719.018247654 WARN [/home/mdas/ros_ws/src/packages/high_level_control/sentry/odom_tf/src/odom_tf_fncs.cpp:26(OdomTf) [topics: /rosout, /tf] Could not find a connection between 'odom' and 'base_link' because they are not part of the same tree.Tf has two or more unconnected trees.; retrying!...
1509817719.518400017 WARN [/home/mdas/ros_ws/src/packages/high_level_control/sentry/odom_tf/src/odom_tf_fncs.cpp:26(OdomTf) [topics: /rosout, /tf] Could not find a connection between 'odom' and 'base_link' because they are not part of the same tree.Tf has two or more unconnected trees.; retrying!...
1509817720.018629352 WARN [/home/mdas/ros_ws/src/packages/high_level_control/sentry/odom_tf/src/odom_tf_fncs.cpp:26(OdomTf) [topics: /rosout, /tf] Could not find a connection between 'odom' and 'base_link' because they are not part of the same tree.Tf has two or more unconnected trees.; retrying!...
1509817720.518755192 WARN [/home/mdas/ros_ws/src/packages/high_level_control/sentry/odom_tf/src/odom_tf_fncs.cpp:26(OdomTf) [topics: /rosout, /tf] Could not find a connection between 'odom' and 'base_link' because they are not part of the same tree.Tf has two or more unconnected trees.; retrying!...
1509817720.649432415 INFO [/home/mdas/ros_ws/src/packages/novatel/src/novatel_node.cpp:55(handleInfoMessages) [topics: /rosout, /gps_odom, /gps_fix, /ephemeris, /range, /gps_fix_psr, /novatel_node/gps_fix_ecef] Serial port: /dev/sensor-gps opened successfully.

1509817721.019020816 WARN [/home/mdas/ros_ws/src/packages/high_level_control/sentry/odom_tf/src/odom_tf_fncs.cpp:26(OdomTf) [topics: /rosout, /tf] Could not find a connection between 'odom' and 'base_link' because they are not part of the same tree.Tf has two or more unconnected trees.; retrying!...
1509817721.519321528 WARN [/home/mdas/ros_ws/src/packages/high_level_control/sentry/odom_tf/src/odom_tf_fncs.cpp:26(OdomTf) [topics: /rosout, /tf] Could not find a connection between 'odom' and 'base_link' because they are not part of the same tree.Tf has two or more unconnected trees.; retrying!...
1509817721.649745410 INFO [/home/mdas/ros_ws/src/packages/novatel/src/novatel_node.cpp:55(handleInfoMessages) [topics: /rosout, /gps_odom, /gps_fix, /ephemeris, /range, /gps_fix_psr, /novatel_node/gps_fix_ecef] Searching for Novatel receiver...

