[0m[ INFO] [1509820497.568947070]: main: instantiating an object of type OdomTf[0m
[0m[ INFO] [1509820497.572220198]: in class constructor of DemoTfListener[0m
[0m[ INFO] [1509820497.597022334]: waiting for tf between base_link and odom...[0m
[33m[ WARN] [1509820497.597147376]: "odom" passed to lookupTransform argument target_frame does not exist. ; retrying!...[0m
[33m[ WARN] [1509820498.097417024]: Could not find a connection between 'odom' and 'base_link' because they are not part of the same tree.Tf has two or more unconnected trees.; retrying!...[0m
[33m[ WARN] [1509820498.597636950]: Could not find a connection between 'odom' and 'base_link' because they are not part of the same tree.Tf has two or more unconnected trees.; retrying!...[0m
[33m[ WARN] [1509820499.097898785]: Could not find a connection between 'odom' and 'base_link' because they are not part of the same tree.Tf has two or more unconnected trees.; retrying!...[0m
[33m[ WARN] [1509820499.598120991]: Could not find a connection between 'odom' and 'base_link' because they are not part of the same tree.Tf has two or more unconnected trees.; retrying!...[0m
[33m[ WARN] [1509820500.098381985]: Could not find a connection between 'odom' and 'base_link' because they are not part of the same tree.Tf has two or more unconnected trees.; retrying!...[0m
[33m[ WARN] [1509820500.598616394]: Could not find a connection between 'odom' and 'base_link' because they are not part of the same tree.Tf has two or more unconnected trees.; retrying!...[0m
[33m[ WARN] [1509820501.098846423]: Could not find a connection between 'odom' and 'base_link' because they are not part of the same tree.Tf has two or more unconnected trees.; retrying!...[0m
[33m[ WARN] [1509820501.599084257]: Could not find a connection between 'odom' and 'base_link' because they are not part of the same tree.Tf has two or more unconnected trees.; retrying!...[0m
[33m[ WARN] [1509820502.099365346]: Could not find a connection between 'odom' and 'base_link' because they are not part of the same tree.Tf has two or more unconnected trees.; retrying!...[0m
[33m[ WARN] [1509820502.599670705]: Could not find a connection between 'odom' and 'base_link' because they are not part of the same tree.Tf has two or more unconnected trees.; retrying!...[0m
[33m[ WARN] [1509820503.099907037]: Could not find a connection between 'odom' and 'base_link' because they are not part of the same tree.Tf has two or more unconnected trees.; retrying!...[0m
[33m[ WARN] [1509820503.600182628]: Could not find a connection between 'odom' and 'base_link' because they are not part of the same tree.Tf has two or more unconnected trees.; retrying!...[0m
[33m[ WARN] [1509820504.100439940]: Could not find a connection between 'odom' and 'base_link' because they are not part of the same tree.Tf has two or more unconnected trees.; retrying!...[0m
[33m[ WARN] [1509820504.600719610]: Could not find a connection between 'odom' and 'base_link' because they are not part of the same tree.Tf has two or more unconnected trees.; retrying!...[0m
[33m[ WARN] [1509820505.101009275]: Could not find a connection between 'odom' and 'base_link' because they are not part of the same tree.Tf has two or more unconnected trees.; retrying!...[0m
[33m[ WARN] [1509820505.601264350]: Could not find a connection between 'odom' and 'base_link' because they are not part of the same tree.Tf has two or more unconnected trees.; retrying!...[0m
[33m[ WARN] [1509820506.101510481]: Could not find a connection between 'odom' and 'base_link' because they are not part of the same tree.Tf has two or more unconnected trees.; retrying!...[0m
[33m[ WARN] [1509820506.601765820]: Could not find a connection between 'odom' and 'base_link' because they are not part of the same tree.Tf has two or more unconnected trees.; retrying!...[0m
[33m[ WARN] [1509820507.102006095]: Could not find a connection between 'odom' and 'base_link' because they are not part of the same tree.Tf has two or more unconnected trees.; retrying!...[0m
[33m[ WARN] [1509820507.602246702]: Could not find a connection between 'odom' and 'base_link' because they are not part of the same tree.Tf has two or more unconnected trees.; retrying!...[0m
[33m[ WARN] [1509820508.102563425]: Could not find a connection between 'odom' and 'base_link' because they are not part of the same tree.Tf has two or more unconnected trees.; retrying!...[0m
[33m[ WARN] [1509820508.602796482]: Could not find a connection between 'odom' and 'base_link' because they are not part of the same tree.Tf has two or more unconnected trees.; retrying!...[0m
[33m[ WARN] [1509820509.103054795]: Could not find a connection between 'odom' and 'base_link' because they are not part of the same tree.Tf has two or more unconnected trees.; retrying!...[0m
[33m[ WARN] [1509820509.603317087]: Could not find a connection between 'odom' and 'base_link' because they are not part of the same tree.Tf has two or more unconnected trees.; retrying!...[0m
[33m[ WARN] [1509820510.103552378]: Could not find a connection between 'odom' and 'base_link' because they are not part of the same tree.Tf has two or more unconnected trees.; retrying!...[0m
[33m[ WARN] [1509820510.603797867]: Could not find a connection between 'odom' and 'base_link' because they are not part of the same tree.Tf has two or more unconnected trees.; retrying!...[0m
[33m[ WARN] [1509820511.104030657]: Could not find a connection between 'odom' and 'base_link' because they are not part of the same tree.Tf has two or more unconnected trees.; retrying!...[0m
[33m[ WARN] [1509820511.604289173]: Could not find a connection between 'odom' and 'base_link' because they are not part of the same tree.Tf has two or more unconnected trees.; retrying!...[0m
[33m[ WARN] [1509820512.104521399]: Could not find a connection between 'odom' and 'base_link' because they are not part of the same tree.Tf has two or more unconnected trees.; retrying!...[0m
[33m[ WARN] [1509820512.604749008]: Could not find a connection between 'odom' and 'base_link' because they are not part of the same tree.Tf has two or more unconnected trees.; retrying!...[0m
[33m[ WARN] [1509820513.105038900]: Could not find a connection between 'odom' and 'base_link' because they are not part of the same tree.Tf has two or more unconnected trees.; retrying!...[0m
[33m[ WARN] [1509820513.605311888]: Could not find a connection between 'odom' and 'base_link' because they are not part of the same tree.Tf has two or more unconnected trees.; retrying!...[0m
[33m[ WARN] [1509820514.105583513]: Could not find a connection between 'odom' and 'base_link' because they are not part of the same tree.Tf has two or more unconnected trees.; retrying!...[0m
[33m[ WARN] [1509820514.605814445]: Could not find a connection between 'odom' and 'base_link' because they are not part of the same tree.Tf has two or more unconnected trees.; retrying!...[0m
[33m[ WARN] [1509820515.106074814]: Could not find a connection between 'odom' and 'base_link' because they are not part of the same tree.Tf has two or more unconnected trees.; retrying!...[0m
[33m[ WARN] [1509820515.606337601]: Could not find a connection between 'odom' and 'base_link' because they are not part of the same tree.Tf has two or more unconnected trees.; retrying!...[0m
[33m[ WARN] [1509820516.106572582]: Could not find a connection between 'odom' and 'base_link' because they are not part of the same tree.Tf has two or more unconnected trees.; retrying!...[0m
[33m[ WARN] [1509820516.606826941]: Could not find a connection between 'odom' and 'base_link' because they are not part of the same tree.Tf has two or more unconnected trees.; retrying!...[0m
[33m[ WARN] [1509820517.107067730]: Could not find a connection between 'odom' and 'base_link' because they are not part of the same tree.Tf has two or more unconnected trees.; retrying!...[0m
[33m[ WARN] [1509820517.607321325]: Could not find a connection between 'odom' and 'base_link' because they are not part of the same tree.Tf has two or more unconnected trees.; retrying!...[0m
[33m[ WARN] [1509820518.107559576]: Could not find a connection between 'odom' and 'base_link' because they are not part of the same tree.Tf has two or more unconnected trees.; retrying!...[0m
[33m[ WARN] [1509820518.607839775]: Could not find a connection between 'odom' and 'base_link' because they are not part of the same tree.Tf has two or more unconnected trees.; retrying!...[0m
[33m[ WARN] [1509820519.108072961]: Could not find a connection between 'odom' and 'base_link' because they are not part of the same tree.Tf has two or more unconnected trees.; retrying!...[0m
[33m[ WARN] [1509820519.608310930]: Could not find a connection between 'odom' and 'base_link' because they are not part of the same tree.Tf has two or more unconnected trees.; retrying!...[0m
[33m[ WARN] [1509820520.108546008]: Could not find a connection between 'odom' and 'base_link' because they are not part of the same tree.Tf has two or more unconnected trees.; retrying!...[0m
[33m[ WARN] [1509820520.608826503]: Could not find a connection between 'odom' and 'base_link' because they are not part of the same tree.Tf has two or more unconnected trees.; retrying!...[0m
[33m[ WARN] [1509820521.109056609]: Could not find a connection between 'odom' and 'base_link' because they are not part of the same tree.Tf has two or more unconnected trees.; retrying!...[0m
[33m[ WARN] [1509820521.609290076]: Could not find a connection between 'odom' and 'base_link' because they are not part of the same tree.Tf has two or more unconnected trees.; retrying!...[0m
[33m[ WARN] [1509820522.109563054]: Could not find a connection between 'odom' and 'base_link' because they are not part of the same tree.Tf has two or more unconnected trees.; retrying!...[0m
[33m[ WARN] [1509820522.609806811]: Could not find a connection between 'odom' and 'base_link' because they are not part of the same tree.Tf has two or more unconnected trees.; retrying!...[0m
[33m[ WARN] [1509820523.110032005]: Could not find a connection between 'odom' and 'base_link' because they are not part of the same tree.Tf has two or more unconnected trees.; retrying!...[0m
[33m[ WARN] [1509820523.610260432]: Could not find a connection between 'odom' and 'base_link' because they are not part of the same tree.Tf has two or more unconnected trees.; retrying!...[0m
[33m[ WARN] [1509820524.110484880]: Could not find a connection between 'odom' and 'base_link' because they are not part of the same tree.Tf has two or more unconnected trees.; retrying!...[0m
[33m[ WARN] [1509820524.610717699]: Could not find a connection between 'odom' and 'base_link' because they are not part of the same tree.Tf has two or more unconnected trees.; retrying!...[0m
[33m[ WARN] [1509820525.110961935]: Could not find a connection between 'odom' and 'base_link' because they are not part of the same tree.Tf has two or more unconnected trees.; retrying!...[0m
[33m[ WARN] [1509820525.611198111]: Could not find a connection between 'odom' and 'base_link' because they are not part of the same tree.Tf has two or more unconnected trees.; retrying!...[0m
[33m[ WARN] [1509820526.111470322]: Could not find a connection between 'odom' and 'base_link' because they are not part of the same tree.Tf has two or more unconnected trees.; retrying!...[0m
[33m[ WARN] [1509820526.611733043]: Could not find a connection between 'odom' and 'base_link' because they are not part of the same tree.Tf has two or more unconnected trees.; retrying!...[0m
[33m[ WARN] [1509820527.111961415]: Could not find a connection between 'odom' and 'base_link' because they are not part of the same tree.Tf has two or more unconnected trees.; retrying!...[0m
[33m[ WARN] [1509820527.612241426]: Could not find a connection between 'odom' and 'base_link' because they are not part of the same tree.Tf has two or more unconnected trees.; retrying!...[0m
[33m[ WARN] [1509820528.112469863]: Could not find a connection between 'odom' and 'base_link' because they are not part of the same tree.Tf has two or more unconnected trees.; retrying!...[0m
[33m[ WARN] [1509820528.612706973]: Could not find a connection between 'odom' and 'base_link' because they are not part of the same tree.Tf has two or more unconnected trees.; retrying!...[0m
[33m[ WARN] [1509820529.113009971]: Could not find a connection between 'odom' and 'base_link' because they are not part of the same tree.Tf has two or more unconnected trees.; retrying!...[0m
[33m[ WARN] [1509820529.613248046]: Could not find a connection between 'odom' and 'base_link' because they are not part of the same tree.Tf has two or more unconnected trees.; retrying!...[0m
[33m[ WARN] [1509820530.113498052]: Could not find a connection between 'odom' and 'base_link' because they are not part of the same tree.Tf has two or more unconnected trees.; retrying!...[0m
[33m[ WARN] [1509820530.613723282]: Could not find a connection between 'odom' and 'base_link' because they are not part of the same tree.Tf has two or more unconnected trees.; retrying!...[0m
[33m[ WARN] [1509820531.113988804]: Could not find a connection between 'odom' and 'base_link' because they are not part of the same tree.Tf has two or more unconnected trees.; retrying!...[0m
[33m[ WARN] [1509820531.614221029]: Could not find a connection between 'odom' and 'base_link' because they are not part of the same tree.Tf has two or more unconnected trees.; retrying!...[0m
[33m[ WARN] [1509820532.114470253]: Could not find a connection between 'odom' and 'base_link' because they are not part of the same tree.Tf has two or more unconnected trees.; retrying!...[0m
[33m[ WARN] [1509820532.614724860]: Could not find a connection between 'odom' and 'base_link' because they are not part of the same tree.Tf has two or more unconnected trees.; retrying!...[0m
[33m[ WARN] [1509820533.114990821]: Could not find a connection between 'odom' and 'base_link' because they are not part of the same tree.Tf has two or more unconnected trees.; retrying!...[0m
[33m[ WARN] [1509820533.615220691]: Could not find a connection between 'odom' and 'base_link' because they are not part of the same tree.Tf has two or more unconnected trees.; retrying!...[0m
[33m[ WARN] [1509820534.115516719]: Could not find a connection between 'odom' and 'base_link' because they are not part of the same tree.Tf has two or more unconnected trees.; retrying!...[0m
[33m[ WARN] [1509820534.615768353]: Could not find a connection between 'odom' and 'base_link' because they are not part of the same tree.Tf has two or more unconnected trees.; retrying!...[0m
[33m[ WARN] [1509820535.115969489]: Could not find a connection between 'odom' and 'base_link' because they are not part of the same tree.Tf has two or more unconnected trees.; retrying!...[0m
[33m[ WARN] [1509820535.616249083]: Could not find a connection between 'odom' and 'base_link' because they are not part of the same tree.Tf has two or more unconnected trees.; retrying!...[0m
[33m[ WARN] [1509820536.116550791]: Could not find a connection between 'odom' and 'base_link' because they are not part of the same tree.Tf has two or more unconnected trees.; retrying!...[0m
[33m[ WARN] [1509820536.616832539]: Could not find a connection between 'odom' and 'base_link' because they are not part of the same tree.Tf has two or more unconnected trees.; retrying!...[0m
[33m[ WARN] [1509820537.117092192]: Could not find a connection between 'odom' and 'base_link' because they are not part of the same tree.Tf has two or more unconnected trees.; retrying!...[0m
[33m[ WARN] [1509820537.617405175]: Could not find a connection between 'odom' and 'base_link' because they are not part of the same tree.Tf has two or more unconnected trees.; retrying!...[0m
[33m[ WARN] [1509820538.117629613]: Could not find a connection between 'odom' and 'base_link' because they are not part of the same tree.Tf has two or more unconnected trees.; retrying!...[0m
[33m[ WARN] [1509820538.617875779]: Could not find a connection between 'odom' and 'base_link' because they are not part of the same tree.Tf has two or more unconnected trees.; retrying!...[0m
[33m[ WARN] [1509820539.118203512]: Could not find a connection between 'odom' and 'base_link' because they are not part of the same tree.Tf has two or more unconnected trees.; retrying!...[0m
[33m[ WARN] [1509820539.618481438]: Could not find a connection between 'odom' and 'base_link' because they are not part of the same tree.Tf has two or more unconnected trees.; retrying!...[0m
[33m[ WARN] [1509820540.118726119]: Could not find a connection between 'odom' and 'base_link' because they are not part of the same tree.Tf has two or more unconnected trees.; retrying!...[0m
[33m[ WARN] [1509820540.618983497]: Could not find a connection between 'odom' and 'base_link' because they are not part of the same tree.Tf has two or more unconnected trees.; retrying!...[0m
[33m[ WARN] [1509820541.119239237]: Could not find a connection between 'odom' and 'base_link' because they are not part of the same tree.Tf has two or more unconnected trees.; retrying!...[0m
[33m[ WARN] [1509820541.619538266]: Could not find a connection between 'odom' and 'base_link' because they are not part of the same tree.Tf has two or more unconnected trees.; retrying!...[0m
[33m[ WARN] [1509820542.119800973]: Could not find a connection between 'odom' and 'base_link' because they are not part of the same tree.Tf has two or more unconnected trees.; retrying!...[0m
[33m[ WARN] [1509820542.620082131]: Could not find a connection between 'odom' and 'base_link' because they are not part of the same tree.Tf has two or more unconnected trees.; retrying!...[0m
[33m[ WARN] [1509820543.120347709]: Could not find a connection between 'odom' and 'base_link' because they are not part of the same tree.Tf has two or more unconnected trees.; retrying!...[0m
[33m[ WARN] [1509820543.620590121]: Could not find a connection between 'odom' and 'base_link' because they are not part of the same tree.Tf has two or more unconnected trees.; retrying!...[0m
[33m[ WARN] [1509820544.120866715]: Could not find a connection between 'odom' and 'base_link' because they are not part of the same tree.Tf has two or more unconnected trees.; retrying!...[0m
[33m[ WARN] [1509820544.621101816]: Could not find a connection between 'odom' and 'base_link' because they are not part of the same tree.Tf has two or more unconnected trees.; retrying!...[0m
[33m[ WARN] [1509820545.121329818]: Could not find a connection between 'odom' and 'base_link' because they are not part of the same tree.Tf has two or more unconnected trees.; retrying!...[0m
[33m[ WARN] [1509820545.621587262]: Could not find a connection between 'odom' and 'base_link' because they are not part of the same tree.Tf has two or more unconnected trees.; retrying!...[0m
[33m[ WARN] [1509820546.121840104]: Could not find a connection between 'odom' and 'base_link' because they are not part of the same tree.Tf has two or more unconnected trees.; retrying!...[0m
[33m[ WARN] [1509820546.622078623]: Could not find a connection between 'odom' and 'base_link' because they are not part of the same tree.Tf has two or more unconnected trees.; retrying!...[0m
[33m[ WARN] [1509820547.122311039]: Could not find a connection between 'odom' and 'base_link' because they are not part of the same tree.Tf has two or more unconnected trees.; retrying!...[0m
[33m[ WARN] [1509820547.622536863]: Could not find a connection between 'odom' and 'base_link' because they are not part of the same tree.Tf has two or more unconnected trees.; retrying!...[0m
[33m[ WARN] [1509820548.122823712]: Could not find a connection between 'odom' and 'base_link' because they are not part of the same tree.Tf has two or more unconnected trees.; retrying!...[0m
[33m[ WARN] [1509820548.623072216]: Could not find a connection between 'odom' and 'base_link' because they are not part of the same tree.Tf has two or more unconnected trees.; retrying!...[0m
[33m[ WARN] [1509820549.123324496]: Could not find a connection between 'odom' and 'base_link' because they are not part of the same tree.Tf has two or more unconnected trees.; retrying!...[0m
[33m[ WARN] [1509820549.623602377]: Could not find a connection between 'odom' and 'base_link' because they are not part of the same tree.Tf has two or more unconnected trees.; retrying!...[0m
[33m[ WARN] [1509820550.123905497]: Could not find a connection between 'odom' and 'base_link' because they are not part of the same tree.Tf has two or more unconnected trees.; retrying!...[0m
[33m[ WARN] [1509820550.624163814]: Could not find a connection between 'odom' and 'base_link' because they are not part of the same tree.Tf has two or more unconnected trees.; retrying!...[0m
[33m[ WARN] [1509820551.124435673]: Could not find a connection between 'odom' and 'base_link' because they are not part of the same tree.Tf has two or more unconnected trees.; retrying!...[0m
[33m[ WARN] [1509820551.624682866]: Could not find a connection between 'odom' and 'base_link' because they are not part of the same tree.Tf has two or more unconnected trees.; retrying!...[0m
[33m[ WARN] [1509820552.124946887]: Could not find a connection between 'odom' and 'base_link' because they are not part of the same tree.Tf has two or more unconnected trees.; retrying!...[0m
[33m[ WARN] [1509820552.625220510]: Could not find a connection between 'odom' and 'base_link' because they are not part of the same tree.Tf has two or more unconnected trees.; retrying!...[0m
[33m[ WARN] [1509820553.125497418]: Could not find a connection between 'odom' and 'base_link' because they are not part of the same tree.Tf has two or more unconnected trees.; retrying!...[0m
[33m[ WARN] [1509820553.625758449]: Could not find a connection between 'odom' and 'base_link' because they are not part of the same tree.Tf has two or more unconnected trees.; retrying!...[0m
[33m[ WARN] [1509820554.126002600]: Could not find a connection between 'odom' and 'base_link' because they are not part of the same tree.Tf has two or more unconnected trees.; retrying!...[0m
[33m[ WARN] [1509820554.626261274]: Could not find a connection between 'odom' and 'base_link' because they are not part of the same tree.Tf has two or more unconnected trees.; retrying!...[0m
[33m[ WARN] [1509820555.126513662]: Could not find a connection between 'odom' and 'base_link' because they are not part of the same tree.Tf has two or more unconnected trees.; retrying!...[0m
[33m[ WARN] [1509820555.626784012]: Could not find a connection between 'odom' and 'base_link' because they are not part of the same tree.Tf has two or more unconnected trees.; retrying!...[0m
[33m[ WARN] [1509820556.127052836]: Could not find a connection between 'odom' and 'base_link' because they are not part of the same tree.Tf has two or more unconnected trees.; retrying!...[0m
[33m[ WARN] [1509820556.627288598]: Could not find a connection between 'odom' and 'base_link' because they are not part of the same tree.Tf has two or more unconnected trees.; retrying!...[0m
[33m[ WARN] [1509820557.127575767]: Could not find a connection between 'odom' and 'base_link' because they are not part of the same tree.Tf has two or more unconnected trees.; retrying!...[0m
[33m[ WARN] [1509820557.627817411]: Could not find a connection between 'odom' and 'base_link' because they are not part of the same tree.Tf has two or more unconnected trees.; retrying!...[0m
[33m[ WARN] [1509820558.128090649]: Could not find a connection between 'odom' and 'base_link' because they are not part of the same tree.Tf has two or more unconnected trees.; retrying!...[0m
[33m[ WARN] [1509820558.628348888]: Could not find a connection between 'odom' and 'base_link' because they are not part of the same tree.Tf has two or more unconnected trees.; retrying!...[0m
[33m[ WARN] [1509820559.128608029]: Could not find a connection between 'odom' and 'base_link' because they are not part of the same tree.Tf has two or more unconnected trees.; retrying!...[0m
[33m[ WARN] [1509820559.628867453]: Could not find a connection between 'odom' and 'base_link' because they are not part of the same tree.Tf has two or more unconnected trees.; retrying!...[0m
[33m[ WARN] [1509820560.129131011]: Could not find a connection between 'odom' and 'base_link' because they are not part of the same tree.Tf has two or more unconnected trees.; retrying!...[0m
[33m[ WARN] [1509820560.629432053]: Could not find a connection between 'odom' and 'base_link' because they are not part of the same tree.Tf has two or more unconnected trees.; retrying!...[0m
[33m[ WARN] [1509820561.129692550]: Could not find a connection between 'odom' and 'base_link' because they are not part of the same tree.Tf has two or more unconnected trees.; retrying!...[0m
[33m[ WARN] [1509820561.629942939]: Could not find a connection between 'odom' and 'base_link' because they are not part of the same tree.Tf has two or more unconnected trees.; retrying!...[0m
[33m[ WARN] [1509820562.130187340]: Could not find a connection between 'odom' and 'base_link' because they are not part of the same tree.Tf has two or more unconnected trees.; retrying!...[0m
[33m[ WARN] [1509820562.630419175]: Could not find a connection between 'odom' and 'base_link' because they are not part of the same tree.Tf has two or more unconnected trees.; retrying!...[0m
[33m[ WARN] [1509820563.130662083]: Could not find a connection between 'odom' and 'base_link' because they are not part of the same tree.Tf has two or more unconnected trees.; retrying!...[0m
[33m[ WARN] [1509820563.630903872]: Could not find a connection between 'odom' and 'base_link' because they are not part of the same tree.Tf has two or more unconnected trees.; retrying!...[0m
[33m[ WARN] [1509820564.131160102]: Could not find a connection between 'odom' and 'base_link' because they are not part of the same tree.Tf has two or more unconnected trees.; retrying!...[0m
[33m[ WARN] [1509820564.631439322]: Could not find a connection between 'odom' and 'base_link' because they are not part of the same tree.Tf has two or more unconnected trees.; retrying!...[0m
[33m[ WARN] [1509820565.131714986]: Could not find a connection between 'odom' and 'base_link' because they are not part of the same tree.Tf has two or more unconnected trees.; retrying!...[0m
[33m[ WARN] [1509820565.631956743]: Could not find a connection between 'odom' and 'base_link' because they are not part of the same tree.Tf has two or more unconnected trees.; retrying!...[0m
[33m[ WARN] [1509820566.132207127]: Could not find a connection between 'odom' and 'base_link' because they are not part of the same tree.Tf has two or more unconnected trees.; retrying!...[0m
[33m[ WARN] [1509820566.632464495]: Could not find a connection between 'odom' and 'base_link' because they are not part of the same tree.Tf has two or more unconnected trees.; retrying!...[0m
[33m[ WARN] [1509820567.132724543]: Could not find a connection between 'odom' and 'base_link' because they are not part of the same tree.Tf has two or more unconnected trees.; retrying!...[0m
[33m[ WARN] [1509820567.632976908]: Could not find a connection between 'odom' and 'base_link' because they are not part of the same tree.Tf has two or more unconnected trees.; retrying!...[0m
[33m[ WARN] [1509820568.133238206]: Could not find a connection between 'odom' and 'base_link' because they are not part of the same tree.Tf has two or more unconnected trees.; retrying!...[0m
[33m[ WARN] [1509820568.633503012]: Could not find a connection between 'odom' and 'base_link' because they are not part of the same tree.Tf has two or more unconnected trees.; retrying!...[0m
[33m[ WARN] [1509820569.133748359]: Could not find a connection between 'odom' and 'base_link' because they are not part of the same tree.Tf has two or more unconnected trees.; retrying!...[0m
[33m[ WARN] [1509820569.634014118]: Could not find a connection between 'odom' and 'base_link' because they are not part of the same tree.Tf has two or more unconnected trees.; retrying!...[0m
[33m[ WARN] [1509820570.134263195]: Could not find a connection between 'odom' and 'base_link' because they are not part of the same tree.Tf has two or more unconnected trees.; retrying!...[0m
[33m[ WARN] [1509820570.634508310]: Could not find a connection between 'odom' and 'base_link' because they are not part of the same tree.Tf has two or more unconnected trees.; retrying!...[0m
[33m[ WARN] [1509820571.136367945]: Could not find a connection between 'odom' and 'base_link' because they are not part of the same tree.Tf has two or more unconnected trees.; retrying!...[0m
[33m[ WARN] [1509820571.636648423]: Could not find a connection between 'odom' and 'base_link' because they are not part of the same tree.Tf has two or more unconnected trees.; retrying!...[0m
[33m[ WARN] [1509820572.136912945]: Could not find a connection between 'odom' and 'base_link' because they are not part of the same tree.Tf has two or more unconnected trees.; retrying!...[0m
[33m[ WARN] [1509820572.637171737]: Could not find a connection between 'odom' and 'base_link' because they are not part of the same tree.Tf has two or more unconnected trees.; retrying!...[0m
[33m[ WARN] [1509820573.137504832]: Could not find a connection between 'odom' and 'base_link' because they are not part of the same tree.Tf has two or more unconnected trees.; retrying!...[0m
[33m[ WARN] [1509820573.637811616]: Could not find a connection between 'odom' and 'base_link' because they are not part of the same tree.Tf has two or more unconnected trees.; retrying!...[0m
[33m[ WARN] [1509820574.138086602]: Could not find a connection between 'odom' and 'base_link' because they are not part of the same tree.Tf has two or more unconnected trees.; retrying!...[0m
[33m[ WARN] [1509820574.638377850]: Could not find a connection between 'odom' and 'base_link' because they are not part of the same tree.Tf has two or more unconnected trees.; retrying!...[0m
[33m[ WARN] [1509820575.138638731]: Could not find a connection between 'odom' and 'base_link' because they are not part of the same tree.Tf has two or more unconnected trees.; retrying!...[0m
[33m[ WARN] [1509820575.638885122]: Could not find a connection between 'odom' and 'base_link' because they are not part of the same tree.Tf has two or more unconnected trees.; retrying!...[0m
[33m[ WARN] [1509820576.139170643]: Could not find a connection between 'odom' and 'base_link' because they are not part of the same tree.Tf has two or more unconnected trees.; retrying!...[0m
[33m[ WARN] [1509820576.639504846]: Could not find a connection between 'odom' and 'base_link' because they are not part of the same tree.Tf has two or more unconnected trees.; retrying!...[0m
[33m[ WARN] [1509820577.139763617]: Could not find a connection between 'odom' and 'base_link' because they are not part of the same tree.Tf has two or more unconnected trees.; retrying!...[0m
[33m[ WARN] [1509820577.640016787]: Could not find a connection between 'odom' and 'base_link' because they are not part of the same tree.Tf has two or more unconnected trees.; retrying!...[0m
[33m[ WARN] [1509820578.140299027]: Could not find a connection between 'odom' and 'base_link' because they are not part of the same tree.Tf has two or more unconnected trees.; retrying!...[0m
[33m[ WARN] [1509820578.640693599]: Could not find a connection between 'odom' and 'base_link' because they are not part of the same tree.Tf has two or more unconnected trees.; retrying!...[0m
[33m[ WARN] [1509820579.140955037]: Could not find a connection between 'odom' and 'base_link' because they are not part of the same tree.Tf has two or more unconnected trees.; retrying!...[0m
[33m[ WARN] [1509820579.641225222]: Could not find a connection between 'odom' and 'base_link' because they are not part of the same tree.Tf has two or more unconnected trees.; retrying!...[0m
[33m[ WARN] [1509820580.141491408]: Could not find a connection between 'odom' and 'base_link' because they are not part of the same tree.Tf has two or more unconnected trees.; retrying!...[0m
[33m[ WARN] [1509820580.641744395]: Could not find a connection between 'odom' and 'base_link' because they are not part of the same tree.Tf has two or more unconnected trees.; retrying!...[0m
[33m[ WARN] [1509820581.142025010]: Could not find a connection between 'odom' and 'base_link' because they are not part of the same tree.Tf has two or more unconnected trees.; retrying!...[0m
[33m[ WARN] [1509820581.642381189]: Could not find a connection between 'odom' and 'base_link' because they are not part of the same tree.Tf has two or more unconnected trees.; retrying!...[0m
[33m[ WARN] [1509820582.142651441]: Could not find a connection between 'odom' and 'base_link' because they are not part of the same tree.Tf has two or more unconnected trees.; retrying!...[0m
[33m[ WARN] [1509820582.642914689]: Could not find a connection between 'odom' and 'base_link' because they are not part of the same tree.Tf has two or more unconnected trees.; retrying!...[0m
[33m[ WARN] [1509820583.143166335]: Could not find a connection between 'odom' and 'base_link' because they are not part of the same tree.Tf has two or more unconnected trees.; retrying!...[0m
[33m[ WARN] [1509820583.643444921]: Could not find a connection between 'odom' and 'base_link' because they are not part of the same tree.Tf has two or more unconnected trees.; retrying!...[0m
[33m[ WARN] [1509820584.143707438]: Could not find a connection between 'odom' and 'base_link' because they are not part of the same tree.Tf has two or more unconnected trees.; retrying!...[0m
[33m[ WARN] [1509820584.643950680]: Could not find a connection between 'odom' and 'base_link' because they are not part of the same tree.Tf has two or more unconnected trees.; retrying!...[0m
[33m[ WARN] [1509820585.144115163]: Could not find a connection between 'odom' and 'base_link' because they are not part of the same tree.Tf has two or more unconnected trees.; retrying!...[0m
[33m[ WARN] [1509820585.644401847]: Could not find a connection between 'odom' and 'base_link' because they are not part of the same tree.Tf has two or more unconnected trees.; retrying!...[0m
[33m[ WARN] [1509820586.144690928]: Could not find a connection between 'odom' and 'base_link' because they are not part of the same tree.Tf has two or more unconnected trees.; retrying!...[0m
[33m[ WARN] [1509820586.644989064]: Could not find a connection between 'odom' and 'base_link' because they are not part of the same tree.Tf has two or more unconnected trees.; retrying!...[0m
[33m[ WARN] [1509820587.145244390]: Could not find a connection between 'odom' and 'base_link' because they are not part of the same tree.Tf has two or more unconnected trees.; retrying!...[0m
[33m[ WARN] [1509820587.645577052]: Could not find a connection between 'odom' and 'base_link' because they are not part of the same tree.Tf has two or more unconnected trees.; retrying!...[0m
[33m[ WARN] [1509820588.145828712]: Could not find a connection between 'odom' and 'base_link' because they are not part of the same tree.Tf has two or more unconnected trees.; retrying!...[0m
[33m[ WARN] [1509820588.646069812]: Could not find a connection between 'odom' and 'base_link' because they are not part of the same tree.Tf has two or more unconnected trees.; retrying!...[0m
[33m[ WARN] [1509820589.146353426]: Could not find a connection between 'odom' and 'base_link' because they are not part of the same tree.Tf has two or more unconnected trees.; retrying!...[0m
[33m[ WARN] [1509820589.646664922]: Could not find a connection between 'odom' and 'base_link' because they are not part of the same tree.Tf has two or more unconnected trees.; retrying!...[0m
[33m[ WARN] [1509820590.146911177]: Could not find a connection between 'odom' and 'base_link' because they are not part of the same tree.Tf has two or more unconnected trees.; retrying!...[0m
[33m[ WARN] [1509820590.647183521]: Could not find a connection between 'odom' and 'base_link' because they are not part of the same tree.Tf has two or more unconnected trees.; retrying!...[0m
[33m[ WARN] [1509820591.147469396]: Could not find a connection between 'odom' and 'base_link' because they are not part of the same tree.Tf has two or more unconnected trees.; retrying!...[0m
[33m[ WARN] [1509820591.647757817]: Could not find a connection between 'odom' and 'base_link' because they are not part of the same tree.Tf has two or more unconnected trees.; retrying!...[0m
[33m[ WARN] [1509820592.148123479]: Could not find a connection between 'odom' and 'base_link' because they are not part of the same tree.Tf has two or more unconnected trees.; retrying!...[0m
[33m[ WARN] [1509820592.648408110]: Could not find a connection between 'odom' and 'base_link' because they are not part of the same tree.Tf has two or more unconnected trees.; retrying!...[0m
[33m[ WARN] [1509820593.148649547]: Could not find a connection between 'odom' and 'base_link' because they are not part of the same tree.Tf has two or more unconnected trees.; retrying!...[0m
[33m[ WARN] [1509820593.648953558]: Could not find a connection between 'odom' and 'base_link' because they are not part of the same tree.Tf has two or more unconnected trees.; retrying!...[0m
[33m[ WARN] [1509820594.149197878]: Could not find a connection between 'odom' and 'base_link' because they are not part of the same tree.Tf has two or more unconnected trees.; retrying!...[0m
[33m[ WARN] [1509820594.649503490]: Could not find a connection between 'odom' and 'base_link' because they are not part of the same tree.Tf has two or more unconnected trees.; retrying!...[0m
[33m[ WARN] [1509820595.149775866]: Could not find a connection between 'odom' and 'base_link' because they are not part of the same tree.Tf has two or more unconnected trees.; retrying!...[0m
[33m[ WARN] [1509820595.650056522]: Could not find a connection between 'odom' and 'base_link' because they are not part of the same tree.Tf has two or more unconnected trees.; retrying!...[0m
[33m[ WARN] [1509820596.150305333]: Could not find a connection between 'odom' and 'base_link' because they are not part of the same tree.Tf has two or more unconnected trees.; retrying!...[0m
[33m[ WARN] [1509820596.650642287]: Could not find a connection between 'odom' and 'base_link' because they are not part of the same tree.Tf has two or more unconnected trees.; retrying!...[0m
[33m[ WARN] [1509820597.150887595]: Could not find a connection between 'odom' and 'base_link' because they are not part of the same tree.Tf has two or more unconnected trees.; retrying!...[0m
[33m[ WARN] [1509820597.651173616]: Could not find a connection between 'odom' and 'base_link' because they are not part of the same tree.Tf has two or more unconnected trees.; retrying!...[0m
[33m[ WARN] [1509820598.151447479]: Could not find a connection between 'odom' and 'base_link' because they are not part of the same tree.Tf has two or more unconnected trees.; retrying!...[0m
[33m[ WARN] [1509820598.651774416]: Could not find a connection between 'odom' and 'base_link' because they are not part of the same tree.Tf has two or more unconnected trees.; retrying!...[0m
[33m[ WARN] [1509820599.152020389]: Could not find a connection between 'odom' and 'base_link' because they are not part of the same tree.Tf has two or more unconnected trees.; retrying!...[0m
[33m[ WARN] [1509820599.652327488]: Could not find a connection between 'odom' and 'base_link' because they are not part of the same tree.Tf has two or more unconnected trees.; retrying!...[0m
[33m[ WARN] [1509820600.152587192]: Could not find a connection between 'odom' and 'base_link' because they are not part of the same tree.Tf has two or more unconnected trees.; retrying!...[0m
[33m[ WARN] [1509820600.652877705]: Could not find a connection between 'odom' and 'base_link' because they are not part of the same tree.Tf has two or more unconnected trees.; retrying!...[0m
[33m[ WARN] [1509820601.153132134]: Could not find a connection between 'odom' and 'base_link' because they are not part of the same tree.Tf has two or more unconnected trees.; retrying!...[0m
[33m[ WARN] [1509820601.653492357]: Could not find a connection between 'odom' and 'base_link' because they are not part of the same tree.Tf has two or more unconnected trees.; retrying!...[0m
[33m[ WARN] [1509820602.153752112]: Could not find a connection between 'odom' and 'base_link' because they are not part of the same tree.Tf has two or more unconnected trees.; retrying!...[0m
[33m[ WARN] [1509820602.654156497]: Could not find a connection between 'odom' and 'base_link' because they are not part of the same tree.Tf has two or more unconnected trees.; retrying!...[0m
[33m[ WARN] [1509820603.154397308]: Could not find a connection between 'odom' and 'base_link' because they are not part of the same tree.Tf has two or more unconnected trees.; retrying!...[0m
[33m[ WARN] [1509820603.654706278]: Could not find a connection between 'odom' and 'base_link' because they are not part of the same tree.Tf has two or more unconnected trees.; retrying!...[0m
[33m[ WARN] [1509820604.154971143]: Could not find a connection between 'odom' and 'base_link' because they are not part of the same tree.Tf has two or more unconnected trees.; retrying!...[0m
[33m[ WARN] [1509820604.655286049]: Could not find a connection between 'odom' and 'base_link' because they are not part of the same tree.Tf has two or more unconnected trees.; retrying!...[0m
[33m[ WARN] [1509820605.155561033]: Could not find a connection between 'odom' and 'base_link' because they are not part of the same tree.Tf has two or more unconnected trees.; retrying!...[0m
[33m[ WARN] [1509820605.655801325]: Could not find a connection between 'odom' and 'base_link' because they are not part of the same tree.Tf has two or more unconnected trees.; retrying!...[0m
[33m[ WARN] [1509820606.156067398]: Could not find a connection between 'odom' and 'base_link' because they are not part of the same tree.Tf has two or more unconnected trees.; retrying!...[0m
[33m[ WARN] [1509820606.656354659]: Could not find a connection between 'odom' and 'base_link' because they are not part of the same tree.Tf has two or more unconnected trees.; retrying!...[0m
[33m[ WARN] [1509820607.156599435]: Could not find a connection between 'odom' and 'base_link' because they are not part of the same tree.Tf has two or more unconnected trees.; retrying!...[0m
[33m[ WARN] [1509820607.656908228]: Could not find a connection between 'odom' and 'base_link' because they are not part of the same tree.Tf has two or more unconnected trees.; retrying!...[0m
[33m[ WARN] [1509820608.157157810]: Could not find a connection between 'odom' and 'base_link' because they are not part of the same tree.Tf has two or more unconnected trees.; retrying!...[0m
[33m[ WARN] [1509820608.657417400]: Could not find a connection between 'odom' and 'base_link' because they are not part of the same tree.Tf has two or more unconnected trees.; retrying!...[0m
[33m[ WARN] [1509820609.157722289]: Could not find a connection between 'odom' and 'base_link' because they are not part of the same tree.Tf has two or more unconnected trees.; retrying!...[0m
[33m[ WARN] [1509820609.658027418]: Could not find a connection between 'odom' and 'base_link' because they are not part of the same tree.Tf has two or more unconnected trees.; retrying!...[0m
[33m[ WARN] [1509820610.158293538]: Could not find a connection between 'odom' and 'base_link' because they are not part of the same tree.Tf has two or more unconnected trees.; retrying!...[0m
[33m[ WARN] [1509820610.658574758]: Could not find a connection between 'odom' and 'base_link' because they are not part of the same tree.Tf has two or more unconnected trees.; retrying!...[0m
[33m[ WARN] [1509820611.158858084]: Could not find a connection between 'odom' and 'base_link' because they are not part of the same tree.Tf has two or more unconnected trees.; retrying!...[0m
[33m[ WARN] [1509820611.659175649]: Could not find a connection between 'odom' and 'base_link' because they are not part of the same tree.Tf has two or more unconnected trees.; retrying!...[0m
[33m[ WARN] [1509820612.159504414]: Could not find a connection between 'odom' and 'base_link' because they are not part of the same tree.Tf has two or more unconnected trees.; retrying!...[0m
[33m[ WARN] [1509820612.659765729]: Could not find a connection between 'odom' and 'base_link' because they are not part of the same tree.Tf has two or more unconnected trees.; retrying!...[0m
[33m[ WARN] [1509820613.160099220]: Could not find a connection between 'odom' and 'base_link' because they are not part of the same tree.Tf has two or more unconnected trees.; retrying!...[0m
[33m[ WARN] [1509820613.660406147]: Could not find a connection between 'odom' and 'base_link' because they are not part of the same tree.Tf has two or more unconnected trees.; retrying!...[0m
[33m[ WARN] [1509820614.160694774]: Could not find a connection between 'odom' and 'base_link' because they are not part of the same tree.Tf has two or more unconnected trees.; retrying!...[0m
[33m[ WARN] [1509820614.660979412]: Could not find a connection between 'odom' and 'base_link' because they are not part of the same tree.Tf has two or more unconnected trees.; retrying!...[0m
[33m[ WARN] [1509820615.161317202]: Could not find a connection between 'odom' and 'base_link' because they are not part of the same tree.Tf has two or more unconnected trees.; retrying!...[0m
[33m[ WARN] [1509820615.661595375]: Could not find a connection between 'odom' and 'base_link' because they are not part of the same tree.Tf has two or more unconnected trees.; retrying!...[0m
[33m[ WARN] [1509820616.161853901]: Could not find a connection between 'odom' and 'base_link' because they are not part of the same tree.Tf has two or more unconnected trees.; retrying!...[0m
[33m[ WARN] [1509820616.662124499]: Could not find a connection between 'odom' and 'base_link' because they are not part of the same tree.Tf has two or more unconnected trees.; retrying!...[0m
[33m[ WARN] [1509820617.162380098]: Could not find a connection between 'odom' and 'base_link' because they are not part of the same tree.Tf has two or more unconnected trees.; retrying!...[0m
[33m[ WARN] [1509820617.662666763]: Could not find a connection between 'odom' and 'base_link' because they are not part of the same tree.Tf has two or more unconnected trees.; retrying!...[0m
[33m[ WARN] [1509820618.162923951]: Could not find a connection between 'odom' and 'base_link' because they are not part of the same tree.Tf has two or more unconnected trees.; retrying!...[0m
[33m[ WARN] [1509820618.663212498]: Could not find a connection between 'odom' and 'base_link' because they are not part of the same tree.Tf has two or more unconnected trees.; retrying!...[0m
[33m[ WARN] [1509820619.163522385]: Could not find a connection between 'odom' and 'base_link' because they are not part of the same tree.Tf has two or more unconnected trees.; retrying!...[0m
[33m[ WARN] [1509820619.663832307]: Could not find a connection between 'odom' and 'base_link' because they are not part of the same tree.Tf has two or more unconnected trees.; retrying!...[0m
[33m[ WARN] [1509820620.164092073]: Could not find a connection between 'odom' and 'base_link' because they are not part of the same tree.Tf has two or more unconnected trees.; retrying!...[0m
[33m[ WARN] [1509820620.664401485]: Could not find a connection between 'odom' and 'base_link' because they are not part of the same tree.Tf has two or more unconnected trees.; retrying!...[0m
[33m[ WARN] [1509820621.164643038]: Could not find a connection between 'odom' and 'base_link' because they are not part of the same tree.Tf has two or more unconnected trees.; retrying!...[0m
[33m[ WARN] [1509820621.664943375]: Could not find a connection between 'odom' and 'base_link' because they are not part of the same tree.Tf has two or more unconnected trees.; retrying!...[0m
[33m[ WARN] [1509820622.165221260]: Could not find a connection between 'odom' and 'base_link' because they are not part of the same tree.Tf has two or more unconnected trees.; retrying!...[0m
[33m[ WARN] [1509820622.665514781]: Could not find a connection between 'odom' and 'base_link' because they are not part of the same tree.Tf has two or more unconnected trees.; retrying!...[0m
[33m[ WARN] [1509820623.165796807]: Could not find a connection between 'odom' and 'base_link' because they are not part of the same tree.Tf has two or more unconnected trees.; retrying!...[0m
[33m[ WARN] [1509820623.666138047]: Could not find a connection between 'odom' and 'base_link' because they are not part of the same tree.Tf has two or more unconnected trees.; retrying!...[0m
[33m[ WARN] [1509820624.166420011]: Could not find a connection between 'odom' and 'base_link' because they are not part of the same tree.Tf has two or more unconnected trees.; retrying!...[0m
[33m[ WARN] [1509820624.666666631]: Could not find a connection between 'odom' and 'base_link' because they are not part of the same tree.Tf has two or more unconnected trees.; retrying!...[0m
[33m[ WARN] [1509820625.166936520]: Could not find a connection between 'odom' and 'base_link' because they are not part of the same tree.Tf has two or more unconnected trees.; retrying!...[0m
[33m[ WARN] [1509820625.667266843]: Could not find a connection between 'odom' and 'base_link' because they are not part of the same tree.Tf has two or more unconnected trees.; retrying!...[0m
[33m[ WARN] [1509820626.167574594]: Could not find a connection between 'odom' and 'base_link' because they are not part of the same tree.Tf has two or more unconnected trees.; retrying!...[0m
[33m[ WARN] [1509820626.667873692]: Could not find a connection between 'odom' and 'base_link' because they are not part of the same tree.Tf has two or more unconnected trees.; retrying!...[0m
[33m[ WARN] [1509820627.168117546]: Could not find a connection between 'odom' and 'base_link' because they are not part of the same tree.Tf has two or more unconnected trees.; retrying!...[0m
[33m[ WARN] [1509820627.668382661]: Could not find a connection between 'odom' and 'base_link' because they are not part of the same tree.Tf has two or more unconnected trees.; retrying!...[0m
[33m[ WARN] [1509820628.168689114]: Could not find a connection between 'odom' and 'base_link' because they are not part of the same tree.Tf has two or more unconnected trees.; retrying!...[0m
[33m[ WARN] [1509820628.668969530]: Could not find a connection between 'odom' and 'base_link' because they are not part of the same tree.Tf has two or more unconnected trees.; retrying!...[0m
[33m[ WARN] [1509820629.169286530]: Could not find a connection between 'odom' and 'base_link' because they are not part of the same tree.Tf has two or more unconnected trees.; retrying!...[0m
[33m[ WARN] [1509820629.669544579]: Could not find a connection between 'odom' and 'base_link' because they are not part of the same tree.Tf has two or more unconnected trees.; retrying!...[0m
[33m[ WARN] [1509820630.169844952]: Could not find a connection between 'odom' and 'base_link' because they are not part of the same tree.Tf has two or more unconnected trees.; retrying!...[0m
[33m[ WARN] [1509820630.670151455]: Could not find a connection between 'odom' and 'base_link' because they are not part of the same tree.Tf has two or more unconnected trees.; retrying!...[0m
[33m[ WARN] [1509820631.170436903]: Could not find a connection between 'odom' and 'base_link' because they are not part of the same tree.Tf has two or more unconnected trees.; retrying!...[0m
[33m[ WARN] [1509820631.670714405]: Could not find a connection between 'odom' and 'base_link' because they are not part of the same tree.Tf has two or more unconnected trees.; retrying!...[0m
[33m[ WARN] [1509820632.171017911]: Could not find a connection between 'odom' and 'base_link' because they are not part of the same tree.Tf has two or more unconnected trees.; retrying!...[0m
[33m[ WARN] [1509820632.671293209]: Could not find a connection between 'odom' and 'base_link' because they are not part of the same tree.Tf has two or more unconnected trees.; retrying!...[0m
[33m[ WARN] [1509820633.171541076]: Could not find a connection between 'odom' and 'base_link' because they are not part of the same tree.Tf has two or more unconnected trees.; retrying!...[0m
[33m[ WARN] [1509820633.671790886]: Could not find a connection between 'odom' and 'base_link' because they are not part of the same tree.Tf has two or more unconnected trees.; retrying!...[0m
[33m[ WARN] [1509820634.172118302]: Could not find a connection between 'odom' and 'base_link' because they are not part of the same tree.Tf has two or more unconnected trees.; retrying!...[0m
[33m[ WARN] [1509820634.672408280]: Could not find a connection between 'odom' and 'base_link' because they are not part of the same tree.Tf has two or more unconnected trees.; retrying!...[0m
[33m[ WARN] [1509820635.172684234]: Could not find a connection between 'odom' and 'base_link' because they are not part of the same tree.Tf has two or more unconnected trees.; retrying!...[0m
[33m[ WARN] [1509820635.672923567]: Could not find a connection between 'odom' and 'base_link' because they are not part of the same tree.Tf has two or more unconnected trees.; retrying!...[0m
[33m[ WARN] [1509820636.173176322]: Could not find a connection between 'odom' and 'base_link' because they are not part of the same tree.Tf has two or more unconnected trees.; retrying!...[0m
[33m[ WARN] [1509820636.673443537]: Could not find a connection between 'odom' and 'base_link' because they are not part of the same tree.Tf has two or more unconnected trees.; retrying!...[0m
[33m[ WARN] [1509820637.173726202]: Could not find a connection between 'odom' and 'base_link' because they are not part of the same tree.Tf has two or more unconnected trees.; retrying!...[0m
[33m[ WARN] [1509820637.674004356]: Could not find a connection between 'odom' and 'base_link' because they are not part of the same tree.Tf has two or more unconnected trees.; retrying!...[0m
[33m[ WARN] [1509820638.174314295]: Could not find a connection between 'odom' and 'base_link' because they are not part of the same tree.Tf has two or more unconnected trees.; retrying!...[0m
[33m[ WARN] [1509820638.674578041]: Could not find a connection between 'odom' and 'base_link' because they are not part of the same tree.Tf has two or more unconnected trees.; retrying!...[0m
[33m[ WARN] [1509820639.174832041]: Could not find a connection between 'odom' and 'base_link' because they are not part of the same tree.Tf has two or more unconnected trees.; retrying!...[0m
[33m[ WARN] [1509820639.675080942]: Could not find a connection between 'odom' and 'base_link' because they are not part of the same tree.Tf has two or more unconnected trees.; retrying!...[0m
[33m[ WARN] [1509820640.175510133]: Could not find a connection between 'odom' and 'base_link' because they are not part of the same tree.Tf has two or more unconnected trees.; retrying!...[0m
[33m[ WARN] [1509820640.675783136]: Could not find a connection between 'odom' and 'base_link' because they are not part of the same tree.Tf has two or more unconnected trees.; retrying!...[0m
[33m[ WARN] [1509820641.176104559]: Could not find a connection between 'odom' and 'base_link' because they are not part of the same tree.Tf has two or more unconnected trees.; retrying!...[0m
[33m[ WARN] [1509820641.676370546]: Could not find a connection between 'odom' and 'base_link' because they are not part of the same tree.Tf has two or more unconnected trees.; retrying!...[0m
[33m[ WARN] [1509820642.176639346]: Could not find a connection between 'odom' and 'base_link' because they are not part of the same tree.Tf has two or more unconnected trees.; retrying!...[0m
[33m[ WARN] [1509820642.676907803]: Could not find a connection between 'odom' and 'base_link' because they are not part of the same tree.Tf has two or more unconnected trees.; retrying!...[0m
[33m[ WARN] [1509820643.177227877]: Could not find a connection between 'odom' and 'base_link' because they are not part of the same tree.Tf has two or more unconnected trees.; retrying!...[0m
[33m[ WARN] [1509820643.677510962]: Could not find a connection between 'odom' and 'base_link' because they are not part of the same tree.Tf has two or more unconnected trees.; retrying!...[0m
[33m[ WARN] [1509820644.177792137]: Could not find a connection between 'odom' and 'base_link' because they are not part of the same tree.Tf has two or more unconnected trees.; retrying!...[0m
[33m[ WARN] [1509820644.678174733]: Could not find a connection between 'odom' and 'base_link' because they are not part of the same tree.Tf has two or more unconnected trees.; retrying!...[0m
[33m[ WARN] [1509820645.178475997]: Could not find a connection between 'odom' and 'base_link' because they are not part of the same tree.Tf has two or more unconnected trees.; retrying!...[0m
[33m[ WARN] [1509820645.678766881]: Could not find a connection between 'odom' and 'base_link' because they are not part of the same tree.Tf has two or more unconnected trees.; retrying!...[0m
[33m[ WARN] [1509820646.179051565]: Could not find a connection between 'odom' and 'base_link' because they are not part of the same tree.Tf has two or more unconnected trees.; retrying!...[0m
[33m[ WARN] [1509820646.679333217]: Could not find a connection between 'odom' and 'base_link' because they are not part of the same tree.Tf has two or more unconnected trees.; retrying!...[0m
[33m[ WARN] [1509820647.179645850]: Could not find a connection between 'odom' and 'base_link' because they are not part of the same tree.Tf has two or more unconnected trees.; retrying!...[0m
[33m[ WARN] [1509820647.679940528]: Could not find a connection between 'odom' and 'base_link' because they are not part of the same tree.Tf has two or more unconnected trees.; retrying!...[0m
[33m[ WARN] [1509820648.180195464]: Could not find a connection between 'odom' and 'base_link' because they are not part of the same tree.Tf has two or more unconnected trees.; retrying!...[0m
[33m[ WARN] [1509820648.680607230]: Could not find a connection between 'odom' and 'base_link' because they are not part of the same tree.Tf has two or more unconnected trees.; retrying!...[0m
[33m[ WARN] [1509820649.180845563]: Could not find a connection between 'odom' and 'base_link' because they are not part of the same tree.Tf has two or more unconnected trees.; retrying!...[0m
[33m[ WARN] [1509820649.681106393]: Could not find a connection between 'odom' and 'base_link' because they are not part of the same tree.Tf has two or more unconnected trees.; retrying!...[0m
[33m[ WARN] [1509820650.181407636]: Could not find a connection between 'odom' and 'base_link' because they are not part of the same tree.Tf has two or more unconnected trees.; retrying!...[0m
[33m[ WARN] [1509820650.681659981]: Could not find a connection between 'odom' and 'base_link' because they are not part of the same tree.Tf has two or more unconnected trees.; retrying!...[0m
[33m[ WARN] [1509820651.181952108]: Could not find a connection between 'odom' and 'base_link' because they are not part of the same tree.Tf has two or more unconnected trees.; retrying!...[0m
[33m[ WARN] [1509820651.682271990]: Could not find a connection between 'odom' and 'base_link' because they are not part of the same tree.Tf has two or more unconnected trees.; retrying!...[0m
[33m[ WARN] [1509820652.182528089]: Could not find a connection between 'odom' and 'base_link' because they are not part of the same tree.Tf has two or more unconnected trees.; retrying!...[0m
[33m[ WARN] [1509820652.682796793]: Could not find a connection between 'odom' and 'base_link' because they are not part of the same tree.Tf has two or more unconnected trees.; retrying!...[0m
[33m[ WARN] [1509820653.183120682]: Could not find a connection between 'odom' and 'base_link' because they are not part of the same tree.Tf has two or more unconnected trees.; retrying!...[0m
[33m[ WARN] [1509820653.683345241]: Could not find a connection between 'odom' and 'base_link' because they are not part of the same tree.Tf has two or more unconnected trees.; retrying!...[0m
[33m[ WARN] [1509820654.183631141]: Could not find a connection between 'odom' and 'base_link' because they are not part of the same tree.Tf has two or more unconnected trees.; retrying!...[0m
[33m[ WARN] [1509820654.683914031]: Could not find a connection between 'odom' and 'base_link' because they are not part of the same tree.Tf has two or more unconnected trees.; retrying!...[0m
[33m[ WARN] [1509820655.184231103]: Could not find a connection between 'odom' and 'base_link' because they are not part of the same tree.Tf has two or more unconnected trees.; retrying!...[0m
[33m[ WARN] [1509820655.684463778]: Could not find a connection between 'odom' and 'base_link' because they are not part of the same tree.Tf has two or more unconnected trees.; retrying!...[0m
[33m[ WARN] [1509820656.184733488]: Could not find a connection between 'odom' and 'base_link' because they are not part of the same tree.Tf has two or more unconnected trees.; retrying!...[0m
[33m[ WARN] [1509820656.685036458]: Could not find a connection between 'odom' and 'base_link' because they are not part of the same tree.Tf has two or more unconnected trees.; retrying!...[0m
[33m[ WARN] [1509820657.185286973]: Could not find a connection between 'odom' and 'base_link' because they are not part of the same tree.Tf has two or more unconnected trees.; retrying!...[0m
[33m[ WARN] [1509820657.685531615]: Could not find a connection between 'odom' and 'base_link' because they are not part of the same tree.Tf has two or more unconnected trees.; retrying!...[0m
[33m[ WARN] [1509820658.185825530]: Could not find a connection between 'odom' and 'base_link' because they are not part of the same tree.Tf has two or more unconnected trees.; retrying!...[0m
[33m[ WARN] [1509820658.686075261]: Could not find a connection between 'odom' and 'base_link' because they are not part of the same tree.Tf has two or more unconnected trees.; retrying!...[0m
[33m[ WARN] [1509820659.186335609]: Could not find a connection between 'odom' and 'base_link' because they are not part of the same tree.Tf has two or more unconnected trees.; retrying!...[0m
[33m[ WARN] [1509820659.686638386]: Could not find a connection between 'odom' and 'base_link' because they are not part of the same tree.Tf has two or more unconnected trees.; retrying!...[0m
[33m[ WARN] [1509820660.186946708]: Could not find a connection between 'odom' and 'base_link' because they are not part of the same tree.Tf has two or more unconnected trees.; retrying!...[0m
[33m[ WARN] [1509820660.687252404]: Could not find a connection between 'odom' and 'base_link' because they are not part of the same tree.Tf has two or more unconnected trees.; retrying!...[0m
[33m[ WARN] [1509820661.187573524]: Could not find a connection between 'odom' and 'base_link' because they are not part of the same tree.Tf has two or more unconnected trees.; retrying!...[0m
[33m[ WARN] [1509820661.687820858]: Could not find a connection between 'odom' and 'base_link' because they are not part of the same tree.Tf has two or more unconnected trees.; retrying!...[0m
[33m[ WARN] [1509820662.188132368]: Could not find a connection between 'odom' and 'base_link' because they are not part of the same tree.Tf has two or more unconnected trees.; retrying!...[0m
[33m[ WARN] [1509820662.688392375]: Could not find a connection between 'odom' and 'base_link' because they are not part of the same tree.Tf has two or more unconnected trees.; retrying!...[0m
[33m[ WARN] [1509820663.188688810]: Could not find a connection between 'odom' and 'base_link' because they are not part of the same tree.Tf has two or more unconnected trees.; retrying!...[0m
[33m[ WARN] [1509820663.688977973]: Could not find a connection between 'odom' and 'base_link' because they are not part of the same tree.Tf has two or more unconnected trees.; retrying!...[0m
[33m[ WARN] [1509820664.189282177]: Could not find a connection between 'odom' and 'base_link' because they are not part of the same tree.Tf has two or more unconnected trees.; retrying!...[0m
[33m[ WARN] [1509820664.689569904]: Could not find a connection between 'odom' and 'base_link' because they are not part of the same tree.Tf has two or more unconnected trees.; retrying!...[0m
[33m[ WARN] [1509820665.189819000]: Could not find a connection between 'odom' and 'base_link' because they are not part of the same tree.Tf has two or more unconnected trees.; retrying!...[0m
[33m[ WARN] [1509820665.690202732]: Could not find a connection between 'odom' and 'base_link' because they are not part of the same tree.Tf has two or more unconnected trees.; retrying!...[0m
[33m[ WARN] [1509820666.190501863]: Could not find a connection between 'odom' and 'base_link' because they are not part of the same tree.Tf has two or more unconnected trees.; retrying!...[0m
[33m[ WARN] [1509820666.690786805]: Could not find a connection between 'odom' and 'base_link' because they are not part of the same tree.Tf has two or more unconnected trees.; retrying!...[0m
[33m[ WARN] [1509820667.191064937]: Could not find a connection between 'odom' and 'base_link' because they are not part of the same tree.Tf has two or more unconnected trees.; retrying!...[0m
[33m[ WARN] [1509820667.691341219]: Could not find a connection between 'odom' and 'base_link' because they are not part of the same tree.Tf has two or more unconnected trees.; retrying!...[0m
[33m[ WARN] [1509820668.191536413]: Could not find a connection between 'odom' and 'base_link' because they are not part of the same tree.Tf has two or more unconnected trees.; retrying!...[0m
[33m[ WARN] [1509820668.691771784]: Could not find a connection between 'odom' and 'base_link' because they are not part of the same tree.Tf has two or more unconnected trees.; retrying!...[0m
[33m[ WARN] [1509820669.192015033]: Could not find a connection between 'odom' and 'base_link' because they are not part of the same tree.Tf has two or more unconnected trees.; retrying!...[0m
[33m[ WARN] [1509820669.692311330]: Could not find a connection between 'odom' and 'base_link' because they are not part of the same tree.Tf has two or more unconnected trees.; retrying!...[0m
[33m[ WARN] [1509820670.192595112]: Could not find a connection between 'odom' and 'base_link' because they are not part of the same tree.Tf has two or more unconnected trees.; retrying!...[0m
[33m[ WARN] [1509820670.692893889]: Could not find a connection between 'odom' and 'base_link' because they are not part of the same tree.Tf has two or more unconnected trees.; retrying!...[0m
[33m[ WARN] [1509820671.193173581]: Could not find a connection between 'odom' and 'base_link' because they are not part of the same tree.Tf has two or more unconnected trees.; retrying!...[0m
[33m[ WARN] [1509820671.693429593]: Could not find a connection between 'odom' and 'base_link' because they are not part of the same tree.Tf has two or more unconnected trees.; retrying!...[0m
[33m[ WARN] [1509820672.193722120]: Could not find a connection between 'odom' and 'base_link' because they are not part of the same tree.Tf has two or more unconnected trees.; retrying!...[0m
[33m[ WARN] [1509820672.694018613]: Could not find a connection between 'odom' and 'base_link' because they are not part of the same tree.Tf has two or more unconnected trees.; retrying!...[0m
[33m[ WARN] [1509820673.194262660]: Could not find a connection between 'odom' and 'base_link' because they are not part of the same tree.Tf has two or more unconnected trees.; retrying!...[0m
[33m[ WARN] [1509820673.694512154]: Could not find a connection between 'odom' and 'base_link' because they are not part of the same tree.Tf has two or more unconnected trees.; retrying!...[0m
[33m[ WARN] [1509820674.194802061]: Could not find a connection between 'odom' and 'base_link' because they are not part of the same tree.Tf has two or more unconnected trees.; retrying!...[0m
[33m[ WARN] [1509820674.695049441]: Could not find a connection between 'odom' and 'base_link' because they are not part of the same tree.Tf has two or more unconnected trees.; retrying!...[0m
[33m[ WARN] [1509820675.195298893]: Could not find a connection between 'odom' and 'base_link' because they are not part of the same tree.Tf has two or more unconnected trees.; retrying!...[0m
[33m[ WARN] [1509820675.695620596]: Could not find a connection between 'odom' and 'base_link' because they are not part of the same tree.Tf has two or more unconnected trees.; retrying!...[0m
[33m[ WARN] [1509820676.195976283]: Could not find a connection between 'odom' and 'base_link' because they are not part of the same tree.Tf has two or more unconnected trees.; retrying!...[0m
[33m[ WARN] [1509820676.696276176]: Could not find a connection between 'odom' and 'base_link' because they are not part of the same tree.Tf has two or more unconnected trees.; retrying!...[0m
[33m[ WARN] [1509820677.196604617]: Could not find a connection between 'odom' and 'base_link' because they are not part of the same tree.Tf has two or more unconnected trees.; retrying!...[0m
[33m[ WARN] [1509820677.696896194]: Could not find a connection between 'odom' and 'base_link' because they are not part of the same tree.Tf has two or more unconnected trees.; retrying!...[0m
[33m[ WARN] [1509820678.197196089]: Could not find a connection between 'odom' and 'base_link' because they are not part of the same tree.Tf has two or more unconnected trees.; retrying!...[0m
[33m[ WARN] [1509820678.697446695]: Could not find a connection between 'odom' and 'base_link' because they are not part of the same tree.Tf has two or more unconnected trees.; retrying!...[0m
[33m[ WARN] [1509820679.197704611]: Could not find a connection between 'odom' and 'base_link' because they are not part of the same tree.Tf has two or more unconnected trees.; retrying!...[0m
[33m[ WARN] [1509820679.697996903]: Could not find a connection between 'odom' and 'base_link' because they are not part of the same tree.Tf has two or more unconnected trees.; retrying!...[0m
[33m[ WARN] [1509820680.198391413]: Could not find a connection between 'odom' and 'base_link' because they are not part of the same tree.Tf has two or more unconnected trees.; retrying!...[0m
[33m[ WARN] [1509820680.698732048]: Could not find a connection between 'odom' and 'base_link' because they are not part of the same tree.Tf has two or more unconnected trees.; retrying!...[0m
[33m[ WARN] [1509820681.198985194]: Could not find a connection between 'odom' and 'base_link' because they are not part of the same tree.Tf has two or more unconnected trees.; retrying!...[0m
[33m[ WARN] [1509820681.699232818]: Could not find a connection between 'odom' and 'base_link' because they are not part of the same tree.Tf has two or more unconnected trees.; retrying!...[0m
[33m[ WARN] [1509820682.199558234]: Could not find a connection between 'odom' and 'base_link' because they are not part of the same tree.Tf has two or more unconnected trees.; retrying!...[0m
[33m[ WARN] [1509820682.699862121]: Could not find a connection between 'odom' and 'base_link' because they are not part of the same tree.Tf has two or more unconnected trees.; retrying!...[0m
[33m[ WARN] [1509820683.200145448]: Could not find a connection between 'odom' and 'base_link' because they are not part of the same tree.Tf has two or more unconnected trees.; retrying!...[0m
[33m[ WARN] [1509820683.700383190]: Could not find a connection between 'odom' and 'base_link' because they are not part of the same tree.Tf has two or more unconnected trees.; retrying!...[0m
[33m[ WARN] [1509820684.200646225]: Could not find a connection between 'odom' and 'base_link' because they are not part of the same tree.Tf has two or more unconnected trees.; retrying!...[0m
[33m[ WARN] [1509820684.701018881]: Could not find a connection between 'odom' and 'base_link' because they are not part of the same tree.Tf has two or more unconnected trees.; retrying!...[0m
[33m[ WARN] [1509820685.201229703]: Could not find a connection between 'odom' and 'base_link' because they are not part of the same tree.Tf has two or more unconnected trees.; retrying!...[0m
[33m[ WARN] [1509820685.701493997]: Could not find a connection between 'odom' and 'base_link' because they are not part of the same tree.Tf has two or more unconnected trees.; retrying!...[0m
[33m[ WARN] [1509820686.201696921]: Could not find a connection between 'odom' and 'base_link' because they are not part of the same tree.Tf has two or more unconnected trees.; retrying!...[0m
[33m[ WARN] [1509820686.701974625]: Could not find a connection between 'odom' and 'base_link' because they are not part of the same tree.Tf has two or more unconnected trees.; retrying!...[0m
[33m[ WARN] [1509820687.202332484]: Could not find a connection between 'odom' and 'base_link' because they are not part of the same tree.Tf has two or more unconnected trees.; retrying!...[0m
[33m[ WARN] [1509820687.702624935]: Could not find a connection between 'odom' and 'base_link' because they are not part of the same tree.Tf has two or more unconnected trees.; retrying!...[0m
[33m[ WARN] [1509820688.202914856]: Could not find a connection between 'odom' and 'base_link' because they are not part of the same tree.Tf has two or more unconnected trees.; retrying!...[0m
[33m[ WARN] [1509820688.703196660]: Could not find a connection between 'odom' and 'base_link' because they are not part of the same tree.Tf has two or more unconnected trees.; retrying!...[0m
[33m[ WARN] [1509820689.203486750]: Could not find a connection between 'odom' and 'base_link' because they are not part of the same tree.Tf has two or more unconnected trees.; retrying!...[0m
[33m[ WARN] [1509820689.703663355]: Could not find a connection between 'odom' and 'base_link' because they are not part of the same tree.Tf has two or more unconnected trees.; retrying!...[0m
[33m[ WARN] [1509820690.203851201]: Could not find a connection between 'odom' and 'base_link' because they are not part of the same tree.Tf has two or more unconnected trees.; retrying!...[0m
[33m[ WARN] [1509820690.704101234]: Could not find a connection between 'odom' and 'base_link' because they are not part of the same tree.Tf has two or more unconnected trees.; retrying!...[0m
[33m[ WARN] [1509820691.204349459]: Could not find a connection between 'odom' and 'base_link' because they are not part of the same tree.Tf has two or more unconnected trees.; retrying!...[0m
[33m[ WARN] [1509820691.704618069]: Could not find a connection between 'odom' and 'base_link' because they are not part of the same tree.Tf has two or more unconnected trees.; retrying!...[0m
[33m[ WARN] [1509820692.204867531]: Could not find a connection between 'odom' and 'base_link' because they are not part of the same tree.Tf has two or more unconnected trees.; retrying!...[0m
[33m[ WARN] [1509820692.705117945]: Could not find a connection between 'odom' and 'base_link' because they are not part of the same tree.Tf has two or more unconnected trees.; retrying!...[0m
[33m[ WARN] [1509820693.205322044]: Could not find a connection between 'odom' and 'base_link' because they are not part of the same tree.Tf has two or more unconnected trees.; retrying!...[0m
[33m[ WARN] [1509820693.705558558]: Could not find a connection between 'odom' and 'base_link' because they are not part of the same tree.Tf has two or more unconnected trees.; retrying!...[0m
[33m[ WARN] [1509820694.205808074]: Could not find a connection between 'odom' and 'base_link' because they are not part of the same tree.Tf has two or more unconnected trees.; retrying!...[0m
[33m[ WARN] [1509820694.706074469]: Could not find a connection between 'odom' and 'base_link' because they are not part of the same tree.Tf has two or more unconnected trees.; retrying!...[0m
[33m[ WARN] [1509820695.206338679]: Could not find a connection between 'odom' and 'base_link' because they are not part of the same tree.Tf has two or more unconnected trees.; retrying!...[0m
[33m[ WARN] [1509820695.706588231]: Could not find a connection between 'odom' and 'base_link' because they are not part of the same tree.Tf has two or more unconnected trees.; retrying!...[0m
[33m[ WARN] [1509820696.206869111]: Could not find a connection between 'odom' and 'base_link' because they are not part of the same tree.Tf has two or more unconnected trees.; retrying!...[0m
[33m[ WARN] [1509820696.707122283]: Could not find a connection between 'odom' and 'base_link' because they are not part of the same tree.Tf has two or more unconnected trees.; retrying!...[0m
[33m[ WARN] [1509820697.207488778]: Could not find a connection between 'odom' and 'base_link' because they are not part of the same tree.Tf has two or more unconnected trees.; retrying!...[0m
[33m[ WARN] [1509820697.707763306]: Could not find a connection between 'odom' and 'base_link' because they are not part of the same tree.Tf has two or more unconnected trees.; retrying!...[0m
[33m[ WARN] [1509820698.208006116]: Could not find a connection between 'odom' and 'base_link' because they are not part of the same tree.Tf has two or more unconnected trees.; retrying!...[0m
[33m[ WARN] [1509820698.708247271]: Could not find a connection between 'odom' and 'base_link' because they are not part of the same tree.Tf has two or more unconnected trees.; retrying!...[0m
[33m[ WARN] [1509820699.208519798]: Could not find a connection between 'odom' and 'base_link' because they are not part of the same tree.Tf has two or more unconnected trees.; retrying!...[0m
[33m[ WARN] [1509820699.708769948]: Could not find a connection between 'odom' and 'base_link' because they are not part of the same tree.Tf has two or more unconnected trees.; retrying!...[0m
[33m[ WARN] [1509820700.209008659]: Could not find a connection between 'odom' and 'base_link' because they are not part of the same tree.Tf has two or more unconnected trees.; retrying!...[0m
[33m[ WARN] [1509820700.709251137]: Could not find a connection between 'odom' and 'base_link' because they are not part of the same tree.Tf has two or more unconnected trees.; retrying!...[0m
[33m[ WARN] [1509820701.209509107]: Could not find a connection between 'odom' and 'base_link' because they are not part of the same tree.Tf has two or more unconnected trees.; retrying!...[0m
[33m[ WARN] [1509820701.709759058]: Could not find a connection between 'odom' and 'base_link' because they are not part of the same tree.Tf has two or more unconnected trees.; retrying!...[0m
[33m[ WARN] [1509820702.210014597]: Could not find a connection between 'odom' and 'base_link' because they are not part of the same tree.Tf has two or more unconnected trees.; retrying!...[0m
[33m[ WARN] [1509820702.710301904]: Could not find a connection between 'odom' and 'base_link' because they are not part of the same tree.Tf has two or more unconnected trees.; retrying!...[0m
[33m[ WARN] [1509820703.210558073]: Could not find a connection between 'odom' and 'base_link' because they are not part of the same tree.Tf has two or more unconnected trees.; retrying!...[0m
[33m[ WARN] [1509820703.710811787]: Could not find a connection between 'odom' and 'base_link' because they are not part of the same tree.Tf has two or more unconnected trees.; retrying!...[0m
[33m[ WARN] [1509820704.211118530]: Could not find a connection between 'odom' and 'base_link' because they are not part of the same tree.Tf has two or more unconnected trees.; retrying!...[0m
[33m[ WARN] [1509820704.711381153]: Could not find a connection between 'odom' and 'base_link' because they are not part of the same tree.Tf has two or more unconnected trees.; retrying!...[0m
[33m[ WARN] [1509820705.211661204]: Could not find a connection between 'odom' and 'base_link' because they are not part of the same tree.Tf has two or more unconnected trees.; retrying!...[0m
[33m[ WARN] [1509820705.711974479]: Could not find a connection between 'odom' and 'base_link' because they are not part of the same tree.Tf has two or more unconnected trees.; retrying!...[0m
[33m[ WARN] [1509820706.212280976]: Could not find a connection between 'odom' and 'base_link' because they are not part of the same tree.Tf has two or more unconnected trees.; retrying!...[0m
[33m[ WARN] [1509820706.712575968]: Could not find a connection between 'odom' and 'base_link' because they are not part of the same tree.Tf has two or more unconnected trees.; retrying!...[0m
[33m[ WARN] [1509820707.212875916]: Could not find a connection between 'odom' and 'base_link' because they are not part of the same tree.Tf has two or more unconnected trees.; retrying!...[0m
[33m[ WARN] [1509820707.713207575]: Could not find a connection between 'odom' and 'base_link' because they are not part of the same tree.Tf has two or more unconnected trees.; retrying!...[0m
[33m[ WARN] [1509820708.213493230]: Could not find a connection between 'odom' and 'base_link' because they are not part of the same tree.Tf has two or more unconnected trees.; retrying!...[0m
[33m[ WARN] [1509820708.713823209]: Could not find a connection between 'odom' and 'base_link' because they are not part of the same tree.Tf has two or more unconnected trees.; retrying!...[0m
[33m[ WARN] [1509820709.214117970]: Could not find a connection between 'odom' and 'base_link' because they are not part of the same tree.Tf has two or more unconnected trees.; retrying!...[0m
[33m[ WARN] [1509820709.714330021]: Could not find a connection between 'odom' and 'base_link' because they are not part of the same tree.Tf has two or more unconnected trees.; retrying!...[0m
[33m[ WARN] [1509820710.214636441]: Could not find a connection between 'odom' and 'base_link' because they are not part of the same tree.Tf has two or more unconnected trees.; retrying!...[0m
[33m[ WARN] [1509820710.714974211]: Could not find a connection between 'odom' and 'base_link' because they are not part of the same tree.Tf has two or more unconnected trees.; retrying!...[0m
[33m[ WARN] [1509820711.215219733]: Could not find a connection between 'odom' and 'base_link' because they are not part of the same tree.Tf has two or more unconnected trees.; retrying!...[0m
[33m[ WARN] [1509820711.715492134]: Could not find a connection between 'odom' and 'base_link' because they are not part of the same tree.Tf has two or more unconnected trees.; retrying!...[0m
[33m[ WARN] [1509820712.215706851]: Could not find a connection between 'odom' and 'base_link' because they are not part of the same tree.Tf has two or more unconnected trees.; retrying!...[0m
[33m[ WARN] [1509820712.715878421]: Could not find a connection between 'odom' and 'base_link' because they are not part of the same tree.Tf has two or more unconnected trees.; retrying!...[0m
[33m[ WARN] [1509820713.216148141]: Could not find a connection between 'odom' and 'base_link' because they are not part of the same tree.Tf has two or more unconnected trees.; retrying!...[0m
[33m[ WARN] [1509820713.716476672]: Could not find a connection between 'odom' and 'base_link' because they are not part of the same tree.Tf has two or more unconnected trees.; retrying!...[0m
[33m[ WARN] [1509820714.216734688]: Could not find a connection between 'odom' and 'base_link' because they are not part of the same tree.Tf has two or more unconnected trees.; retrying!...[0m
[33m[ WARN] [1509820714.716986892]: Could not find a connection between 'odom' and 'base_link' because they are not part of the same tree.Tf has two or more unconnected trees.; retrying!...[0m
[33m[ WARN] [1509820715.217269364]: Could not find a connection between 'odom' and 'base_link' because they are not part of the same tree.Tf has two or more unconnected trees.; retrying!...[0m
[33m[ WARN] [1509820715.717535071]: Could not find a connection between 'odom' and 'base_link' because they are not part of the same tree.Tf has two or more unconnected trees.; retrying!...[0m
[33m[ WARN] [1509820716.217782572]: Could not find a connection between 'odom' and 'base_link' because they are not part of the same tree.Tf has two or more unconnected trees.; retrying!...[0m
[33m[ WARN] [1509820716.718031598]: Could not find a connection between 'odom' and 'base_link' because they are not part of the same tree.Tf has two or more unconnected trees.; retrying!...[0m
[33m[ WARN] [1509820717.218294280]: Could not find a connection between 'odom' and 'base_link' because they are not part of the same tree.Tf has two or more unconnected trees.; retrying!...[0m
[33m[ WARN] [1509820717.718554603]: Could not find a connection between 'odom' and 'base_link' because they are not part of the same tree.Tf has two or more unconnected trees.; retrying!...[0m
[33m[ WARN] [1509820718.218863623]: Could not find a connection between 'odom' and 'base_link' because they are not part of the same tree.Tf has two or more unconnected trees.; retrying!...[0m
[33m[ WARN] [1509820718.719120140]: Could not find a connection between 'odom' and 'base_link' because they are not part of the same tree.Tf has two or more unconnected trees.; retrying!...[0m
[33m[ WARN] [1509820719.219384960]: Could not find a connection between 'odom' and 'base_link' because they are not part of the same tree.Tf has two or more unconnected trees.; retrying!...[0m
[33m[ WARN] [1509820719.719659420]: Could not find a connection between 'odom' and 'base_link' because they are not part of the same tree.Tf has two or more unconnected trees.; retrying!...[0m
[33m[ WARN] [1509820720.219936477]: Could not find a connection between 'odom' and 'base_link' because they are not part of the same tree.Tf has two or more unconnected trees.; retrying!...[0m
[33m[ WARN] [1509820720.720229477]: Could not find a connection between 'odom' and 'base_link' because they are not part of the same tree.Tf has two or more unconnected trees.; retrying!...[0m
[33m[ WARN] [1509820721.220503431]: Could not find a connection between 'odom' and 'base_link' because they are not part of the same tree.Tf has two or more unconnected trees.; retrying!...[0m
[33m[ WARN] [1509820721.720789255]: Could not find a connection between 'odom' and 'base_link' because they are not part of the same tree.Tf has two or more unconnected trees.; retrying!...[0m
[33m[ WARN] [1509820722.221063779]: Could not find a connection between 'odom' and 'base_link' because they are not part of the same tree.Tf has two or more unconnected trees.; retrying!...[0m
[33m[ WARN] [1509820722.721343723]: Could not find a connection between 'odom' and 'base_link' because they are not part of the same tree.Tf has two or more unconnected trees.; retrying!...[0m
[33m[ WARN] [1509820723.221603264]: Could not find a connection between 'odom' and 'base_link' because they are not part of the same tree.Tf has two or more unconnected trees.; retrying!...[0m
[33m[ WARN] [1509820723.721858770]: Could not find a connection between 'odom' and 'base_link' because they are not part of the same tree.Tf has two or more unconnected trees.; retrying!...[0m
[33m[ WARN] [1509820724.222103087]: Could not find a connection between 'odom' and 'base_link' because they are not part of the same tree.Tf has two or more unconnected trees.; retrying!...[0m
[33m[ WARN] [1509820724.722386093]: Could not find a connection between 'odom' and 'base_link' because they are not part of the same tree.Tf has two or more unconnected trees.; retrying!...[0m
[33m[ WARN] [1509820725.222641930]: Could not find a connection between 'odom' and 'base_link' because they are not part of the same tree.Tf has two or more unconnected trees.; retrying!...[0m
[33m[ WARN] [1509820725.722885963]: Could not find a connection between 'odom' and 'base_link' because they are not part of the same tree.Tf has two or more unconnected trees.; retrying!...[0m
[33m[ WARN] [1509820726.223122751]: Could not find a connection between 'odom' and 'base_link' because they are not part of the same tree.Tf has two or more unconnected trees.; retrying!...[0m
[33m[ WARN] [1509820726.723439490]: Could not find a connection between 'odom' and 'base_link' because they are not part of the same tree.Tf has two or more unconnected trees.; retrying!...[0m
[33m[ WARN] [1509820727.223698042]: Could not find a connection between 'odom' and 'base_link' because they are not part of the same tree.Tf has two or more unconnected trees.; retrying!...[0m
[33m[ WARN] [1509820727.723950905]: Could not find a connection between 'odom' and 'base_link' because they are not part of the same tree.Tf has two or more unconnected trees.; retrying!...[0m
[33m[ WARN] [1509820728.224158611]: Could not find a connection between 'odom' and 'base_link' because they are not part of the same tree.Tf has two or more unconnected trees.; retrying!...[0m
[33m[ WARN] [1509820728.724423753]: Could not find a connection between 'odom' and 'base_link' because they are not part of the same tree.Tf has two or more unconnected trees.; retrying!...[0m
[33m[ WARN] [1509820729.224690087]: Could not find a connection between 'odom' and 'base_link' because they are not part of the same tree.Tf has two or more unconnected trees.; retrying!...[0m
[33m[ WARN] [1509820729.724944723]: Could not find a connection between 'odom' and 'base_link' because they are not part of the same tree.Tf has two or more unconnected trees.; retrying!...[0m
[33m[ WARN] [1509820730.225200490]: Could not find a connection between 'odom' and 'base_link' because they are not part of the same tree.Tf has two or more unconnected trees.; retrying!...[0m
[33m[ WARN] [1509820730.725445354]: Could not find a connection between 'odom' and 'base_link' because they are not part of the same tree.Tf has two or more unconnected trees.; retrying!...[0m
[33m[ WARN] [1509820731.225703248]: Could not find a connection between 'odom' and 'base_link' because they are not part of the same tree.Tf has two or more unconnected trees.; retrying!...[0m
[33m[ WARN] [1509820731.725971572]: Could not find a connection between 'odom' and 'base_link' because they are not part of the same tree.Tf has two or more unconnected trees.; retrying!...[0m
[33m[ WARN] [1509820732.226229712]: Could not find a connection between 'odom' and 'base_link' because they are not part of the same tree.Tf has two or more unconnected trees.; retrying!...[0m
[33m[ WARN] [1509820732.726466813]: Could not find a connection between 'odom' and 'base_link' because they are not part of the same tree.Tf has two or more unconnected trees.; retrying!...[0m
[33m[ WARN] [1509820733.226714790]: Could not find a connection between 'odom' and 'base_link' because they are not part of the same tree.Tf has two or more unconnected trees.; retrying!...[0m
[33m[ WARN] [1509820733.726987566]: Could not find a connection between 'odom' and 'base_link' because they are not part of the same tree.Tf has two or more unconnected trees.; retrying!...[0m
[33m[ WARN] [1509820734.227238733]: Could not find a connection between 'odom' and 'base_link' because they are not part of the same tree.Tf has two or more unconnected trees.; retrying!...[0m
[33m[ WARN] [1509820734.727499300]: Could not find a connection between 'odom' and 'base_link' because they are not part of the same tree.Tf has two or more unconnected trees.; retrying!...[0m
[33m[ WARN] [1509820735.227737547]: Could not find a connection between 'odom' and 'base_link' because they are not part of the same tree.Tf has two or more unconnected trees.; retrying!...[0m
[33m[ WARN] [1509820735.728008030]: Could not find a connection between 'odom' and 'base_link' because they are not part of the same tree.Tf has two or more unconnected trees.; retrying!...[0m
[33m[ WARN] [1509820736.228272775]: Could not find a connection between 'odom' and 'base_link' because they are not part of the same tree.Tf has two or more unconnected trees.; retrying!...[0m
[33m[ WARN] [1509820736.728524590]: Could not find a connection between 'odom' and 'base_link' because they are not part of the same tree.Tf has two or more unconnected trees.; retrying!...[0m
[33m[ WARN] [1509820737.228797614]: Could not find a connection between 'odom' and 'base_link' because they are not part of the same tree.Tf has two or more unconnected trees.; retrying!...[0m
[33m[ WARN] [1509820737.729048146]: Could not find a connection between 'odom' and 'base_link' because they are not part of the same tree.Tf has two or more unconnected trees.; retrying!...[0m
[33m[ WARN] [1509820738.229311433]: Could not find a connection between 'odom' and 'base_link' because they are not part of the same tree.Tf has two or more unconnected trees.; retrying!...[0m
[33m[ WARN] [1509820738.729632214]: Could not find a connection between 'odom' and 'base_link' because they are not part of the same tree.Tf has two or more unconnected trees.; retrying!...[0m
[33m[ WARN] [1509820739.230007623]: Could not find a connection between 'odom' and 'base_link' because they are not part of the same tree.Tf has two or more unconnected trees.; retrying!...[0m
[33m[ WARN] [1509820739.730347304]: Could not find a connection between 'odom' and 'base_link' because they are not part of the same tree.Tf has two or more unconnected trees.; retrying!...[0m
[33m[ WARN] [1509820740.230581378]: Could not find a connection between 'odom' and 'base_link' because they are not part of the same tree.Tf has two or more unconnected trees.; retrying!...[0m
[33m[ WARN] [1509820740.730874509]: Could not find a connection between 'odom' and 'base_link' because they are not part of the same tree.Tf has two or more unconnected trees.; retrying!...[0m
[33m[ WARN] [1509820741.231121467]: Could not find a connection between 'odom' and 'base_link' because they are not part of the same tree.Tf has two or more unconnected trees.; retrying!...[0m
[33m[ WARN] [1509820741.731369388]: Could not find a connection between 'odom' and 'base_link' because they are not part of the same tree.Tf has two or more unconnected trees.; retrying!...[0m
[33m[ WARN] [1509820742.231624478]: Could not find a connection between 'odom' and 'base_link' because they are not part of the same tree.Tf has two or more unconnected trees.; retrying!...[0m
[33m[ WARN] [1509820742.731904952]: Could not find a connection between 'odom' and 'base_link' because they are not part of the same tree.Tf has two or more unconnected trees.; retrying!...[0m
[33m[ WARN] [1509820743.232156806]: Could not find a connection between 'odom' and 'base_link' because they are not part of the same tree.Tf has two or more unconnected trees.; retrying!...[0m
[33m[ WARN] [1509820743.732409753]: Could not find a connection between 'odom' and 'base_link' because they are not part of the same tree.Tf has two or more unconnected trees.; retrying!...[0m
[33m[ WARN] [1509820744.232654233]: Could not find a connection between 'odom' and 'base_link' because they are not part of the same tree.Tf has two or more unconnected trees.; retrying!...[0m
[33m[ WARN] [1509820744.732902608]: Could not find a connection between 'odom' and 'base_link' because they are not part of the same tree.Tf has two or more unconnected trees.; retrying!...[0m
[33m[ WARN] [1509820745.233198181]: Could not find a connection between 'odom' and 'base_link' because they are not part of the same tree.Tf has two or more unconnected trees.; retrying!...[0m
[33m[ WARN] [1509820745.733504984]: Could not find a connection between 'odom' and 'base_link' because they are not part of the same tree.Tf has two or more unconnected trees.; retrying!...[0m
[33m[ WARN] [1509820746.233794906]: Could not find a connection between 'odom' and 'base_link' because they are not part of the same tree.Tf has two or more unconnected trees.; retrying!...[0m
[33m[ WARN] [1509820746.734075307]: Could not find a connection between 'odom' and 'base_link' because they are not part of the same tree.Tf has two or more unconnected trees.; retrying!...[0m
[33m[ WARN] [1509820747.234348295]: Could not find a connection between 'odom' and 'base_link' because they are not part of the same tree.Tf has two or more unconnected trees.; retrying!...[0m
[33m[ WARN] [1509820747.734602092]: Could not find a connection between 'odom' and 'base_link' because they are not part of the same tree.Tf has two or more unconnected trees.; retrying!...[0m
[33m[ WARN] [1509820748.234932695]: Could not find a connection between 'odom' and 'base_link' because they are not part of the same tree.Tf has two or more unconnected trees.; retrying!...[0m
[33m[ WARN] [1509820748.735220914]: Could not find a connection between 'odom' and 'base_link' because they are not part of the same tree.Tf has two or more unconnected trees.; retrying!...[0m
[33m[ WARN] [1509820749.235494669]: C