[roslaunch][INFO] 2017-11-04 14:34:56,983: Checking log directory for disk usage. This may take awhile.
Press Ctrl-C to interrupt
[roslaunch][INFO] 2017-11-04 14:34:56,986: Done checking log file disk usage. Usage is <1GB.
[roslaunch][INFO] 2017-11-04 14:34:56,986: roslaunch starting with args ['/opt/ros/indigo/bin/roslaunch', 'babs_nav', 'init_hw.launch']
[roslaunch][INFO] 2017-11-04 14:34:56,986: roslaunch env is {'ROS_DISTRO': 'indigo', 'LESSOPEN': '| /usr/bin/lesspipe %s', 'SSH_CLIENT': '192.168.1.101 44158 22', 'CPATH': '/home/mdas/ros_ws/devel/include:/opt/ros/indigo/include', 'LOGNAME': 'mdas', 'USER': 'mdas', 'PATH': '/opt/ros/indigo/bin:/usr/local/sbin:/usr/local/bin:/usr/sbin:/usr/bin:/sbin:/bin:/usr/games:/usr/local/games', 'HOME': '/home/mdas', 'CMAKE_PREFIX_PATH': '/home/mdas/ros_ws/devel:/opt/ros/indigo', 'LD_LIBRARY_PATH': '/home/mdas/ros_ws/devel/lib:/opt/ros/indigo/lib', 'LANG': 'en_US.UTF-8', 'TERM': 'xterm', 'SHELL': '/bin/bash', 'SHLVL': '1', 'QT_QPA_PLATFORMTHEME': 'appmenu-qt5', 'ROS_LOG_FILENAME': '/home/mdas/.ros/log/b709fce0-c18e-11e7-82fc-f44d306c96a4/roslaunch-mdas-Meerkat-14013.log', 'ROS_ETC_DIR': '/opt/ros/indigo/etc/ros', 'XDG_RUNTIME_DIR': '/run/user/1000', 'PYTHONPATH': '/home/mdas/ros_ws/devel/lib/python2.7/dist-packages:/opt/ros/indigo/lib/python2.7/dist-packages', 'ROS_ROOT': '/opt/ros/indigo/share/ros', 'PKG_CONFIG_PATH': '/home/mdas/ros_ws/devel/lib/pkgconfig:/opt/ros/indigo/lib/pkgconfig', 'ROS_PACKAGE_PATH': '/home/mdas/ros_ws/src:/opt/ros/indigo/share:/opt/ros/indigo/stacks', 'ROS_WORKSPACE': '/home/mdas/ros_ws', 'XDG_SESSION_ID': '8', '_': '/opt/ros/indigo/bin/roslaunch', 'SSH_CONNECTION': '192.168.1.101 44158 192.168.1.113 22', 'LESSCLOSE': '/usr/bin/lesspipe %s %s', 'SSH_TTY': '/dev/pts/7', 'PWD': '/home/mdas', 'ROS_MASTER_URI': 'http://localhost:11311', 'MAIL': '/var/mail/mdas', 'LS_COLORS': 'rs=0:di=01;34:ln=01;36:mh=00:pi=40;33:so=01;35:do=01;35:bd=40;33;01:cd=40;33;01:or=40;31;01:su=37;41:sg=30;43:ca=30;41:tw=30;42:ow=34;42:st=37;44:ex=01;32:*.tar=01;31:*.tgz=01;31:*.arj=01;31:*.taz=01;31:*.lzh=01;31:*.lzma=01;31:*.tlz=01;31:*.txz=01;31:*.zip=01;31:*.z=01;31:*.Z=01;31:*.dz=01;31:*.gz=01;31:*.lz=01;31:*.xz=01;31:*.bz2=01;31:*.bz=01;31:*.tbz=01;31:*.tbz2=01;31:*.tz=01;31:*.deb=01;31:*.rpm=01;31:*.jar=01;31:*.war=01;31:*.ear=01;31:*.sar=01;31:*.rar=01;31:*.ace=01;31:*.zoo=01;31:*.cpio=01;31:*.7z=01;31:*.rz=01;31:*.jpg=01;35:*.jpeg=01;35:*.gif=01;35:*.bmp=01;35:*.pbm=01;35:*.pgm=01;35:*.ppm=01;35:*.tga=01;35:*.xbm=01;35:*.xpm=01;35:*.tif=01;35:*.tiff=01;35:*.png=01;35:*.svg=01;35:*.svgz=01;35:*.mng=01;35:*.pcx=01;35:*.mov=01;35:*.mpg=01;35:*.mpeg=01;35:*.m2v=01;35:*.mkv=01;35:*.webm=01;35:*.ogm=01;35:*.mp4=01;35:*.m4v=01;35:*.mp4v=01;35:*.vob=01;35:*.qt=01;35:*.nuv=01;35:*.wmv=01;35:*.asf=01;35:*.rm=01;35:*.rmvb=01;35:*.flc=01;35:*.avi=01;35:*.fli=01;35:*.flv=01;35:*.gl=01;35:*.dl=01;35:*.xcf=01;35:*.xwd=01;35:*.yuv=01;35:*.cgm=01;35:*.emf=01;35:*.axv=01;35:*.anx=01;35:*.ogv=01;35:*.ogx=01;35:*.aac=00;36:*.au=00;36:*.flac=00;36:*.mid=00;36:*.midi=00;36:*.mka=00;36:*.mp3=00;36:*.mpc=00;36:*.ogg=00;36:*.ra=00;36:*.wav=00;36:*.axa=00;36:*.oga=00;36:*.spx=00;36:*.xspf=00;36:'}
[roslaunch][INFO] 2017-11-04 14:34:56,986: starting in server mode
[roslaunch.parent][INFO] 2017-11-04 14:34:56,986: starting roslaunch parent run
[roslaunch][INFO] 2017-11-04 14:34:56,986: loading roscore config file /opt/ros/indigo/etc/ros/roscore.xml
[roslaunch][INFO] 2017-11-04 14:34:57,049: Added core node of type [rosout/rosout] in namespace [/]
[roslaunch.config][INFO] 2017-11-04 14:34:57,049: loading config file /home/mdas/ros_ws/src/packages/high_level_control/sentry/babs_nav/launch/init_hw.launch
[roslaunch][INFO] 2017-11-04 14:34:57,426: Added node of type [tf/static_transform_publisher] in namespace [/]
[roslaunch][INFO] 2017-11-04 14:34:57,426: Added node of type [robot_state_publisher/robot_state_publisher] in namespace [/]
[roslaunch][INFO] 2017-11-04 14:34:57,426: Added node of type [mapping_and_control/pub_des_state_startup] in namespace [/]
[roslaunch][INFO] 2017-11-04 14:34:57,427: Added node of type [odom_tf/odom_tf] in namespace [/]
[roslaunch][INFO] 2017-11-04 14:34:57,427: Added node of type [gmapping/slam_gmapping] in namespace [/]
[roslaunch][INFO] 2017-11-04 14:34:57,441: Added node of type [move_base/move_base] in namespace [/]
[roslaunch][INFO] 2017-11-04 14:34:57,442: Added node of type [babs_nav/navigation_goals] in namespace [/]
[roslaunch][INFO] 2017-11-04 14:34:57,442: ... selected machine [] for node of type [tf/static_transform_publisher]
[roslaunch][INFO] 2017-11-04 14:34:57,442: ... selected machine [] for node of type [robot_state_publisher/robot_state_publisher]
[roslaunch][INFO] 2017-11-04 14:34:57,442: ... selected machine [] for node of type [mapping_and_control/pub_des_state_startup]
[roslaunch][INFO] 2017-11-04 14:34:57,442: ... selected machine [] for node of type [odom_tf/odom_tf]
[roslaunch][INFO] 2017-11-04 14:34:57,442: ... selected machine [] for node of type [gmapping/slam_gmapping]
[roslaunch][INFO] 2017-11-04 14:34:57,442: ... selected machine [] for node of type [move_base/move_base]
[roslaunch][INFO] 2017-11-04 14:34:57,442: ... selected machine [] for node of type [babs_nav/navigation_goals]
[roslaunch.pmon][INFO] 2017-11-04 14:34:57,443: start_process_monitor: creating ProcessMonitor
[roslaunch.pmon][INFO] 2017-11-04 14:34:57,443: created process monitor <ProcessMonitor(ProcessMonitor-1, initial daemon)>
[roslaunch.pmon][INFO] 2017-11-04 14:34:57,443: start_process_monitor: ProcessMonitor started
[roslaunch.parent][INFO] 2017-11-04 14:34:57,443: starting parent XML-RPC server
[roslaunch.server][INFO] 2017-11-04 14:34:57,443: starting roslaunch XML-RPC server
[roslaunch.server][INFO] 2017-11-04 14:34:57,443: waiting for roslaunch XML-RPC server to initialize
[xmlrpc][INFO] 2017-11-04 14:34:57,443: XML-RPC server binding to 0.0.0.0:0
[xmlrpc][INFO] 2017-11-04 14:34:57,443: Started XML-RPC server [http://mdas-Meerkat:42711/]
[xmlrpc][INFO] 2017-11-04 14:34:57,443: xml rpc node: starting XML-RPC server
[roslaunch][INFO] 2017-11-04 14:34:57,454: started roslaunch server http://mdas-Meerkat:42711/
[roslaunch.parent][INFO] 2017-11-04 14:34:57,454: ... parent XML-RPC server started
[roslaunch][INFO] 2017-11-04 14:34:57,455: master.is_running[http://localhost:11311]
[roslaunch][INFO] 2017-11-04 14:34:57,455: master.is_running[http://localhost:11311]
[roslaunch][INFO] 2017-11-04 14:34:57,456: ROS_MASTER_URI=http://localhost:11311
[roslaunch][INFO] 2017-11-04 14:34:57,457: setting /roslaunch/uris/host_mdas_meerkat__42711' to http://mdas-Meerkat:42711/
[roslaunch][INFO] 2017-11-04 14:34:57,459: load_parameters starting ...
[roslaunch][INFO] 2017-11-04 14:34:57,475: ... load_parameters complete
[roslaunch][INFO] 2017-11-04 14:34:57,475: launch_nodes: launching local nodes ...
[roslaunch][INFO] 2017-11-04 14:34:57,475: ... preparing to launch node of type [tf/static_transform_publisher]
[roslaunch][INFO] 2017-11-04 14:34:57,475: create_node_process: package[tf] type[static_transform_publisher] machine[Machine(name[] env_loader[None] address[localhost] ssh_port[22] user[None] assignable[True] timeout[10.0])] master_uri[http://localhost:11311]
[roslaunch][INFO] 2017-11-04 14:34:57,475: process[base_laser1_broadcaster-1]: env[{'ROS_DISTRO': 'indigo', 'LESSOPEN': '| /usr/bin/lesspipe %s', 'SSH_CLIENT': '192.168.1.101 44158 22', 'CPATH': '/home/mdas/ros_ws/devel/include:/opt/ros/indigo/include', 'LOGNAME': 'mdas', 'USER': 'mdas', 'PATH': '/opt/ros/indigo/bin:/usr/local/sbin:/usr/local/bin:/usr/sbin:/usr/bin:/sbin:/bin:/usr/games:/usr/local/games', 'HOME': '/home/mdas', 'CMAKE_PREFIX_PATH': '/home/mdas/ros_ws/devel:/opt/ros/indigo', 'ROS_LOG_FILENAME': '/home/mdas/.ros/log/b709fce0-c18e-11e7-82fc-f44d306c96a4/roslaunch-mdas-Meerkat-14013.log', 'LANG': 'en_US.UTF-8', 'TERM': 'xterm', 'SHELL': '/bin/bash', 'SHLVL': '1', 'QT_QPA_PLATFORMTHEME': 'appmenu-qt5', 'LD_LIBRARY_PATH': '/home/mdas/ros_ws/devel/lib:/opt/ros/indigo/lib', 'ROS_MASTER_URI': 'http://localhost:11311', 'XDG_RUNTIME_DIR': '/run/user/1000', 'PYTHONPATH': '/home/mdas/ros_ws/devel/lib/python2.7/dist-packages:/opt/ros/indigo/lib/python2.7/dist-packages', 'ROS_ROOT': '/opt/ros/indigo/share/ros', 'PKG_CONFIG_PATH': '/home/mdas/ros_ws/devel/lib/pkgconfig:/opt/ros/indigo/lib/pkgconfig', 'ROS_PACKAGE_PATH': '/home/mdas/ros_ws/src:/opt/ros/indigo/share:/opt/ros/indigo/stacks', 'ROS_WORKSPACE': '/home/mdas/ros_ws', 'XDG_SESSION_ID': '8', '_': '/opt/ros/indigo/bin/roslaunch', 'LS_COLORS': 'rs=0:di=01;34:ln=01;36:mh=00:pi=40;33:so=01;35:do=01;35:bd=40;33;01:cd=40;33;01:or=40;31;01:su=37;41:sg=30;43:ca=30;41:tw=30;42:ow=34;42:st=37;44:ex=01;32:*.tar=01;31:*.tgz=01;31:*.arj=01;31:*.taz=01;31:*.lzh=01;31:*.lzma=01;31:*.tlz=01;31:*.txz=01;31:*.zip=01;31:*.z=01;31:*.Z=01;31:*.dz=01;31:*.gz=01;31:*.lz=01;31:*.xz=01;31:*.bz2=01;31:*.bz=01;31:*.tbz=01;31:*.tbz2=01;31:*.tz=01;31:*.deb=01;31:*.rpm=01;31:*.jar=01;31:*.war=01;31:*.ear=01;31:*.sar=01;31:*.rar=01;31:*.ace=01;31:*.zoo=01;31:*.cpio=01;31:*.7z=01;31:*.rz=01;31:*.jpg=01;35:*.jpeg=01;35:*.gif=01;35:*.bmp=01;35:*.pbm=01;35:*.pgm=01;35:*.ppm=01;35:*.tga=01;35:*.xbm=01;35:*.xpm=01;35:*.tif=01;35:*.tiff=01;35:*.png=01;35:*.svg=01;35:*.svgz=01;35:*.mng=01;35:*.pcx=01;35:*.mov=01;35:*.mpg=01;35:*.mpeg=01;35:*.m2v=01;35:*.mkv=01;35:*.webm=01;35:*.ogm=01;35:*.mp4=01;35:*.m4v=01;35:*.mp4v=01;35:*.vob=01;35:*.qt=01;35:*.nuv=01;35:*.wmv=01;35:*.asf=01;35:*.rm=01;35:*.rmvb=01;35:*.flc=01;35:*.avi=01;35:*.fli=01;35:*.flv=01;35:*.gl=01;35:*.dl=01;35:*.xcf=01;35:*.xwd=01;35:*.yuv=01;35:*.cgm=01;35:*.emf=01;35:*.axv=01;35:*.anx=01;35:*.ogv=01;35:*.ogx=01;35:*.aac=00;36:*.au=00;36:*.flac=00;36:*.mid=00;36:*.midi=00;36:*.mka=00;36:*.mp3=00;36:*.mpc=00;36:*.ogg=00;36:*.ra=00;36:*.wav=00;36:*.axa=00;36:*.oga=00;36:*.spx=00;36:*.xspf=00;36:', 'LESSCLOSE': '/usr/bin/lesspipe %s %s', 'SSH_TTY': '/dev/pts/7', 'PWD': '/home/mdas', 'ROS_ETC_DIR': '/opt/ros/indigo/etc/ros', 'MAIL': '/var/mail/mdas', 'SSH_CONNECTION': '192.168.1.101 44158 192.168.1.113 22'}]
[roslaunch][INFO] 2017-11-04 14:34:57,526: process[base_laser1_broadcaster-1]: args[[u'/opt/ros/indigo/lib/tf/static_transform_publisher', '0.61', '0', '0.396', '0', '0', '0', 'base_link', 'base_laser1_link', '100', u'__name:=base_laser1_broadcaster']]
[roslaunch][INFO] 2017-11-04 14:34:57,526: ... created process [base_laser1_broadcaster-1]
[roslaunch.pmon][INFO] 2017-11-04 14:34:57,526: ProcessMonitor.register[base_laser1_broadcaster-1]
[roslaunch.pmon][INFO] 2017-11-04 14:34:57,526: ProcessMonitor.register[base_laser1_broadcaster-1] complete
[roslaunch][INFO] 2017-11-04 14:34:57,526: ... registered process [base_laser1_broadcaster-1]
[roslaunch][INFO] 2017-11-04 14:34:57,526: process[base_laser1_broadcaster-1]: starting os process
[roslaunch][INFO] 2017-11-04 14:34:57,526: process[base_laser1_broadcaster-1]: start w/ args [[u'/opt/ros/indigo/lib/tf/static_transform_publisher', '0.61', '0', '0.396', '0', '0', '0', 'base_link', 'base_laser1_link', '100', u'__name:=base_laser1_broadcaster', u'__log:=/home/mdas/.ros/log/b709fce0-c18e-11e7-82fc-f44d306c96a4/base_laser1_broadcaster-1.log']]
[roslaunch][INFO] 2017-11-04 14:34:57,526: process[base_laser1_broadcaster-1]: cwd will be [/home/mdas/.ros]
[roslaunch][INFO] 2017-11-04 14:34:57,528: process[base_laser1_broadcaster-1]: started with pid [14034]
[roslaunch][INFO] 2017-11-04 14:34:57,528: ... successfully launched [base_laser1_broadcaster-1]
[roslaunch][INFO] 2017-11-04 14:34:57,528: ... preparing to launch node of type [robot_state_publisher/robot_state_publisher]
[roslaunch][INFO] 2017-11-04 14:34:57,528: create_node_process: package[robot_state_publisher] type[robot_state_publisher] machine[Machine(name[] env_loader[None] address[localhost] ssh_port[22] user[None] assignable[True] timeout[10.0])] master_uri[http://localhost:11311]
[roslaunch][INFO] 2017-11-04 14:34:57,529: process[robot_state_publisher-2]: env[{'ROS_DISTRO': 'indigo', 'LESSOPEN': '| /usr/bin/lesspipe %s', 'SSH_CLIENT': '192.168.1.101 44158 22', 'CPATH': '/home/mdas/ros_ws/devel/include:/opt/ros/indigo/include', 'LOGNAME': 'mdas', 'USER': 'mdas', 'PATH': '/opt/ros/indigo/bin:/usr/local/sbin:/usr/local/bin:/usr/sbin:/usr/bin:/sbin:/bin:/usr/games:/usr/local/games', 'HOME': '/home/mdas', 'CMAKE_PREFIX_PATH': '/home/mdas/ros_ws/devel:/opt/ros/indigo', 'ROS_LOG_FILENAME': '/home/mdas/.ros/log/b709fce0-c18e-11e7-82fc-f44d306c96a4/roslaunch-mdas-Meerkat-14013.log', 'LANG': 'en_US.UTF-8', 'TERM': 'xterm', 'SHELL': '/bin/bash', 'SHLVL': '1', 'QT_QPA_PLATFORMTHEME': 'appmenu-qt5', 'LD_LIBRARY_PATH': '/home/mdas/ros_ws/devel/lib:/opt/ros/indigo/lib', 'ROS_MASTER_URI': 'http://localhost:11311', 'XDG_RUNTIME_DIR': '/run/user/1000', 'PYTHONPATH': '/home/mdas/ros_ws/devel/lib/python2.7/dist-packages:/opt/ros/indigo/lib/python2.7/dist-packages', 'ROS_ROOT': '/opt/ros/indigo/share/ros', 'PKG_CONFIG_PATH': '/home/mdas/ros_ws/devel/lib/pkgconfig:/opt/ros/indigo/lib/pkgconfig', 'ROS_PACKAGE_PATH': '/home/mdas/ros_ws/src:/opt/ros/indigo/share:/opt/ros/indigo/stacks', 'ROS_WORKSPACE': '/home/mdas/ros_ws', 'XDG_SESSION_ID': '8', '_': '/opt/ros/indigo/bin/roslaunch', 'LS_COLORS': 'rs=0:di=01;34:ln=01;36:mh=00:pi=40;33:so=01;35:do=01;35:bd=40;33;01:cd=40;33;01:or=40;31;01:su=37;41:sg=30;43:ca=30;41:tw=30;42:ow=34;42:st=37;44:ex=01;32:*.tar=01;31:*.tgz=01;31:*.arj=01;31:*.taz=01;31:*.lzh=01;31:*.lzma=01;31:*.tlz=01;31:*.txz=01;31:*.zip=01;31:*.z=01;31:*.Z=01;31:*.dz=01;31:*.gz=01;31:*.lz=01;31:*.xz=01;31:*.bz2=01;31:*.bz=01;31:*.tbz=01;31:*.tbz2=01;31:*.tz=01;31:*.deb=01;31:*.rpm=01;31:*.jar=01;31:*.war=01;31:*.ear=01;31:*.sar=01;31:*.rar=01;31:*.ace=01;31:*.zoo=01;31:*.cpio=01;31:*.7z=01;31:*.rz=01;31:*.jpg=01;35:*.jpeg=01;35:*.gif=01;35:*.bmp=01;35:*.pbm=01;35:*.pgm=01;35:*.ppm=01;35:*.tga=01;35:*.xbm=01;35:*.xpm=01;35:*.tif=01;35:*.tiff=01;35:*.png=01;35:*.svg=01;35:*.svgz=01;35:*.mng=01;35:*.pcx=01;35:*.mov=01;35:*.mpg=01;35:*.mpeg=01;35:*.m2v=01;35:*.mkv=01;35:*.webm=01;35:*.ogm=01;35:*.mp4=01;35:*.m4v=01;35:*.mp4v=01;35:*.vob=01;35:*.qt=01;35:*.nuv=01;35:*.wmv=01;35:*.asf=01;35:*.rm=01;35:*.rmvb=01;35:*.flc=01;35:*.avi=01;35:*.fli=01;35:*.flv=01;35:*.gl=01;35:*.dl=01;35:*.xcf=01;35:*.xwd=01;35:*.yuv=01;35:*.cgm=01;35:*.emf=01;35:*.axv=01;35:*.anx=01;35:*.ogv=01;35:*.ogx=01;35:*.aac=00;36:*.au=00;36:*.flac=00;36:*.mid=00;36:*.midi=00;36:*.mka=00;36:*.mp3=00;36:*.mpc=00;36:*.ogg=00;36:*.ra=00;36:*.wav=00;36:*.axa=00;36:*.oga=00;36:*.spx=00;36:*.xspf=00;36:', 'LESSCLOSE': '/usr/bin/lesspipe %s %s', 'SSH_TTY': '/dev/pts/7', 'PWD': '/home/mdas', 'ROS_ETC_DIR': '/opt/ros/indigo/etc/ros', 'MAIL': '/var/mail/mdas', 'SSH_CONNECTION': '192.168.1.101 44158 192.168.1.113 22'}]
[roslaunch][INFO] 2017-11-04 14:34:57,529: process[robot_state_publisher-2]: args[[u'/opt/ros/indigo/lib/robot_state_publisher/robot_state_publisher', u'__name:=robot_state_publisher']]
[roslaunch][INFO] 2017-11-04 14:34:57,529: ... created process [robot_state_publisher-2]
[roslaunch.pmon][INFO] 2017-11-04 14:34:57,529: ProcessMonitor.register[robot_state_publisher-2]
[roslaunch.pmon][INFO] 2017-11-04 14:34:57,529: ProcessMonitor.register[robot_state_publisher-2] complete
[roslaunch][INFO] 2017-11-04 14:34:57,529: ... registered process [robot_state_publisher-2]
[roslaunch][INFO] 2017-11-04 14:34:57,529: process[robot_state_publisher-2]: starting os process
[roslaunch][INFO] 2017-11-04 14:34:57,530: process[robot_state_publisher-2]: start w/ args [[u'/opt/ros/indigo/lib/robot_state_publisher/robot_state_publisher', u'__name:=robot_state_publisher', u'__log:=/home/mdas/.ros/log/b709fce0-c18e-11e7-82fc-f44d306c96a4/robot_state_publisher-2.log']]
[roslaunch][INFO] 2017-11-04 14:34:57,530: process[robot_state_publisher-2]: cwd will be [/home/mdas/.ros]
[roslaunch][INFO] 2017-11-04 14:34:57,531: process[robot_state_publisher-2]: started with pid [14035]
[roslaunch][INFO] 2017-11-04 14:34:57,532: ... successfully launched [robot_state_publisher-2]
[roslaunch][INFO] 2017-11-04 14:34:57,532: ... preparing to launch node of type [mapping_and_control/pub_des_state_startup]
[roslaunch][INFO] 2017-11-04 14:34:57,532: create_node_process: package[mapping_and_control] type[pub_des_state_startup] machine[Machine(name[] env_loader[None] address[localhost] ssh_port[22] user[None] assignable[True] timeout[10.0])] master_uri[http://localhost:11311]
[roslaunch][INFO] 2017-11-04 14:34:57,532: process[pub_des_state_startup-3]: env[{'ROS_DISTRO': 'indigo', 'LESSOPEN': '| /usr/bin/lesspipe %s', 'SSH_CLIENT': '192.168.1.101 44158 22', 'CPATH': '/home/mdas/ros_ws/devel/include:/opt/ros/indigo/include', 'LOGNAME': 'mdas', 'USER': 'mdas', 'PATH': '/opt/ros/indigo/bin:/usr/local/sbin:/usr/local/bin:/usr/sbin:/usr/bin:/sbin:/bin:/usr/games:/usr/local/games', 'HOME': '/home/mdas', 'CMAKE_PREFIX_PATH': '/home/mdas/ros_ws/devel:/opt/ros/indigo', 'ROS_LOG_FILENAME': '/home/mdas/.ros/log/b709fce0-c18e-11e7-82fc-f44d306c96a4/roslaunch-mdas-Meerkat-14013.log', 'LANG': 'en_US.UTF-8', 'TERM': 'xterm', 'SHELL': '/bin/bash', 'SHLVL': '1', 'QT_QPA_PLATFORMTHEME': 'appmenu-qt5', 'LD_LIBRARY_PATH': '/home/mdas/ros_ws/devel/lib:/opt/ros/indigo/lib', 'ROS_MASTER_URI': 'http://localhost:11311', 'XDG_RUNTIME_DIR': '/run/user/1000', 'PYTHONPATH': '/home/mdas/ros_ws/devel/lib/python2.7/dist-packages:/opt/ros/indigo/lib/python2.7/dist-packages', 'ROS_ROOT': '/opt/ros/indigo/share/ros', 'PKG_CONFIG_PATH': '/home/mdas/ros_ws/devel/lib/pkgconfig:/opt/ros/indigo/lib/pkgconfig', 'ROS_PACKAGE_PATH': '/home/mdas/ros_ws/src:/opt/ros/indigo/share:/opt/ros/indigo/stacks', 'ROS_WORKSPACE': '/home/mdas/ros_ws', 'XDG_SESSION_ID': '8', '_': '/opt/ros/indigo/bin/roslaunch', 'LS_COLORS': 'rs=0:di=01;34:ln=01;36:mh=00:pi=40;33:so=01;35:do=01;35:bd=40;33;01:cd=40;33;01:or=40;31;01:su=37;41:sg=30;43:ca=30;41:tw=30;42:ow=34;42:st=37;44:ex=01;32:*.tar=01;31:*.tgz=01;31:*.arj=01;31:*.taz=01;31:*.lzh=01;31:*.lzma=01;31:*.tlz=01;31:*.txz=01;31:*.zip=01;31:*.z=01;31:*.Z=01;31:*.dz=01;31:*.gz=01;31:*.lz=01;31:*.xz=01;31:*.bz2=01;31:*.bz=01;31:*.tbz=01;31:*.tbz2=01;31:*.tz=01;31:*.deb=01;31:*.rpm=01;31:*.jar=01;31:*.war=01;31:*.ear=01;31:*.sar=01;31:*.rar=01;31:*.ace=01;31:*.zoo=01;31:*.cpio=01;31:*.7z=01;31:*.rz=01;31:*.jpg=01;35:*.jpeg=01;35:*.gif=01;35:*.bmp=01;35:*.pbm=01;35:*.pgm=01;35:*.ppm=01;35:*.tga=01;35:*.xbm=01;35:*.xpm=01;35:*.tif=01;35:*.tiff=01;35:*.png=01;35:*.svg=01;35:*.svgz=01;35:*.mng=01;35:*.pcx=01;35:*.mov=01;35:*.mpg=01;35:*.mpeg=01;35:*.m2v=01;35:*.mkv=01;35:*.webm=01;35:*.ogm=01;35:*.mp4=01;35:*.m4v=01;35:*.mp4v=01;35:*.vob=01;35:*.qt=01;35:*.nuv=01;35:*.wmv=01;35:*.asf=01;35:*.rm=01;35:*.rmvb=01;35:*.flc=01;35:*.avi=01;35:*.fli=01;35:*.flv=01;35:*.gl=01;35:*.dl=01;35:*.xcf=01;35:*.xwd=01;35:*.yuv=01;35:*.cgm=01;35:*.emf=01;35:*.axv=01;35:*.anx=01;35:*.ogv=01;35:*.ogx=01;35:*.aac=00;36:*.au=00;36:*.flac=00;36:*.mid=00;36:*.midi=00;36:*.mka=00;36:*.mp3=00;36:*.mpc=00;36:*.ogg=00;36:*.ra=00;36:*.wav=00;36:*.axa=00;36:*.oga=00;36:*.spx=00;36:*.xspf=00;36:', 'LESSCLOSE': '/usr/bin/lesspipe %s %s', 'SSH_TTY': '/dev/pts/7', 'PWD': '/home/mdas', 'ROS_ETC_DIR': '/opt/ros/indigo/etc/ros', 'MAIL': '/var/mail/mdas', 'SSH_CONNECTION': '192.168.1.101 44158 192.168.1.113 22'}]
[roslaunch][INFO] 2017-11-04 14:34:57,533: process[pub_des_state_startup-3]: args[[u'/home/mdas/ros_ws/devel/lib/mapping_and_control/pub_des_state_startup', u'__name:=pub_des_state_startup']]
[roslaunch][INFO] 2017-11-04 14:34:57,534: ... created process [pub_des_state_startup-3]
[roslaunch.pmon][INFO] 2017-11-04 14:34:57,534: ProcessMonitor.register[pub_des_state_startup-3]
[roslaunch.pmon][INFO] 2017-11-04 14:34:57,534: ProcessMonitor.register[pub_des_state_startup-3] complete
[roslaunch][INFO] 2017-11-04 14:34:57,534: ... registered process [pub_des_state_startup-3]
[roslaunch][INFO] 2017-11-04 14:34:57,534: process[pub_des_state_startup-3]: starting os process
[roslaunch][INFO] 2017-11-04 14:34:57,534: process[pub_des_state_startup-3]: start w/ args [[u'/home/mdas/ros_ws/devel/lib/mapping_and_control/pub_des_state_startup', u'__name:=pub_des_state_startup', u'__log:=/home/mdas/.ros/log/b709fce0-c18e-11e7-82fc-f44d306c96a4/pub_des_state_startup-3.log']]
[roslaunch][INFO] 2017-11-04 14:34:57,534: process[pub_des_state_startup-3]: cwd will be [/home/mdas/.ros]
[roslaunch][INFO] 2017-11-04 14:34:57,536: process[pub_des_state_startup-3]: started with pid [14041]
[roslaunch][INFO] 2017-11-04 14:34:57,537: ... successfully launched [pub_des_state_startup-3]
[roslaunch][INFO] 2017-11-04 14:34:57,537: ... preparing to launch node of type [odom_tf/odom_tf]
[roslaunch][INFO] 2017-11-04 14:34:57,537: create_node_process: package[odom_tf] type[odom_tf] machine[Machine(name[] env_loader[None] address[localhost] ssh_port[22] user[None] assignable[True] timeout[10.0])] master_uri[http://localhost:11311]
[roslaunch][INFO] 2017-11-04 14:34:57,537: process[odom_tf-4]: env[{'ROS_DISTRO': 'indigo', 'LESSOPEN': '| /usr/bin/lesspipe %s', 'SSH_CLIENT': '192.168.1.101 44158 22', 'CPATH': '/home/mdas/ros_ws/devel/include:/opt/ros/indigo/include', 'LOGNAME': 'mdas', 'USER': 'mdas', 'PATH': '/opt/ros/indigo/bin:/usr/local/sbin:/usr/local/bin:/usr/sbin:/usr/bin:/sbin:/bin:/usr/games:/usr/local/games', 'HOME': '/home/mdas', 'CMAKE_PREFIX_PATH': '/home/mdas/ros_ws/devel:/opt/ros/indigo', 'ROS_LOG_FILENAME': '/home/mdas/.ros/log/b709fce0-c18e-11e7-82fc-f44d306c96a4/roslaunch-mdas-Meerkat-14013.log', 'LANG': 'en_US.UTF-8', 'TERM': 'xterm', 'SHELL': '/bin/bash', 'SHLVL': '1', 'QT_QPA_PLATFORMTHEME': 'appmenu-qt5', 'LD_LIBRARY_PATH': '/home/mdas/ros_ws/devel/lib:/opt/ros/indigo/lib', 'ROS_MASTER_URI': 'http://localhost:11311', 'XDG_RUNTIME_DIR': '/run/user/1000', 'PYTHONPATH': '/home/mdas/ros_ws/devel/lib/python2.7/dist-packages:/opt/ros/indigo/lib/python2.7/dist-packages', 'ROS_ROOT': '/opt/ros/indigo/share/ros', 'PKG_CONFIG_PATH': '/home/mdas/ros_ws/devel/lib/pkgconfig:/opt/ros/indigo/lib/pkgconfig', 'ROS_PACKAGE_PATH': '/home/mdas/ros_ws/src:/opt/ros/indigo/share:/opt/ros/indigo/stacks', 'ROS_WORKSPACE': '/home/mdas/ros_ws', 'XDG_SESSION_ID': '8', '_': '/opt/ros/indigo/bin/roslaunch', 'LS_COLORS': 'rs=0:di=01;34:ln=01;36:mh=00:pi=40;33:so=01;35:do=01;35:bd=40;33;01:cd=40;33;01:or=40;31;01:su=37;41:sg=30;43:ca=30;41:tw=30;42:ow=34;42:st=37;44:ex=01;32:*.tar=01;31:*.tgz=01;31:*.arj=01;31:*.taz=01;31:*.lzh=01;31:*.lzma=01;31:*.tlz=01;31:*.txz=01;31:*.zip=01;31:*.z=01;31:*.Z=01;31:*.dz=01;31:*.gz=01;31:*.lz=01;31:*.xz=01;31:*.bz2=01;31:*.bz=01;31:*.tbz=01;31:*.tbz2=01;31:*.tz=01;31:*.deb=01;31:*.rpm=01;31:*.jar=01;31:*.war=01;31:*.ear=01;31:*.sar=01;31:*.rar=01;31:*.ace=01;31:*.zoo=01;31:*.cpio=01;31:*.7z=01;31:*.rz=01;31:*.jpg=01;35:*.jpeg=01;35:*.gif=01;35:*.bmp=01;35:*.pbm=01;35:*.pgm=01;35:*.ppm=01;35:*.tga=01;35:*.xbm=01;35:*.xpm=01;35:*.tif=01;35:*.tiff=01;35:*.png=01;35:*.svg=01;35:*.svgz=01;35:*.mng=01;35:*.pcx=01;35:*.mov=01;35:*.mpg=01;35:*.mpeg=01;35:*.m2v=01;35:*.mkv=01;35:*.webm=01;35:*.ogm=01;35:*.mp4=01;35:*.m4v=01;35:*.mp4v=01;35:*.vob=01;35:*.qt=01;35:*.nuv=01;35:*.wmv=01;35:*.asf=01;35:*.rm=01;35:*.rmvb=01;35:*.flc=01;35:*.avi=01;35:*.fli=01;35:*.flv=01;35:*.gl=01;35:*.dl=01;35:*.xcf=01;35:*.xwd=01;35:*.yuv=01;35:*.cgm=01;35:*.emf=01;35:*.axv=01;35:*.anx=01;35:*.ogv=01;35:*.ogx=01;35:*.aac=00;36:*.au=00;36:*.flac=00;36:*.mid=00;36:*.midi=00;36:*.mka=00;36:*.mp3=00;36:*.mpc=00;36:*.ogg=00;36:*.ra=00;36:*.wav=00;36:*.axa=00;36:*.oga=00;36:*.spx=00;36:*.xspf=00;36:', 'LESSCLOSE': '/usr/bin/lesspipe %s %s', 'SSH_TTY': '/dev/pts/7', 'PWD': '/home/mdas', 'ROS_ETC_DIR': '/opt/ros/indigo/etc/ros', 'MAIL': '/var/mail/mdas', 'SSH_CONNECTION': '192.168.1.101 44158 192.168.1.113 22'}]
[roslaunch][INFO] 2017-11-04 14:34:57,538: process[odom_tf-4]: args[[u'/home/mdas/ros_ws/devel/lib/odom_tf/odom_tf', u'__name:=odom_tf']]
[roslaunch][INFO] 2017-11-04 14:34:57,538: ... created process [odom_tf-4]
[roslaunch.pmon][INFO] 2017-11-04 14:34:57,538: ProcessMonitor.register[odom_tf-4]
[roslaunch.pmon][INFO] 2017-11-04 14:34:57,538: ProcessMonitor.register[odom_tf-4] complete
[roslaunch][INFO] 2017-11-04 14:34:57,538: ... registered process [odom_tf-4]
[roslaunch][INFO] 2017-11-04 14:34:57,538: process[odom_tf-4]: starting os process
[roslaunch][INFO] 2017-11-04 14:34:57,538: process[odom_tf-4]: start w/ args [[u'/home/mdas/ros_ws/devel/lib/odom_tf/odom_tf', u'__name:=odom_tf', u'__log:=/home/mdas/.ros/log/b709fce0-c18e-11e7-82fc-f44d306c96a4/odom_tf-4.log']]
[roslaunch][INFO] 2017-11-04 14:34:57,538: process[odom_tf-4]: cwd will be [/home/mdas/.ros]
[roslaunch][INFO] 2017-11-04 14:34:57,541: process[odom_tf-4]: started with pid [14044]
[roslaunch][INFO] 2017-11-04 14:34:57,541: ... successfully launched [odom_tf-4]
[roslaunch][INFO] 2017-11-04 14:34:57,541: ... preparing to launch node of type [gmapping/slam_gmapping]
[roslaunch][INFO] 2017-11-04 14:34:57,541: create_node_process: package[gmapping] type[slam_gmapping] machine[Machine(name[] env_loader[None] address[localhost] ssh_port[22] user[None] assignable[True] timeout[10.0])] master_uri[http://localhost:11311]
[roslaunch][INFO] 2017-11-04 14:34:57,542: process[slam_gmapping-5]: env[{'ROS_DISTRO': 'indigo', 'LESSOPEN': '| /usr/bin/lesspipe %s', 'SSH_CLIENT': '192.168.1.101 44158 22', 'CPATH': '/home/mdas/ros_ws/devel/include:/opt/ros/indigo/include', 'LOGNAME': 'mdas', 'USER': 'mdas', 'PATH': '/opt/ros/indigo/bin:/usr/local/sbin:/usr/local/bin:/usr/sbin:/usr/bin:/sbin:/bin:/usr/games:/usr/local/games', 'HOME': '/home/mdas', 'CMAKE_PREFIX_PATH': '/home/mdas/ros_ws/devel:/opt/ros/indigo', 'ROS_LOG_FILENAME': '/home/mdas/.ros/log/b709fce0-c18e-11e7-82fc-f44d306c96a4/roslaunch-mdas-Meerkat-14013.log', 'LANG': 'en_US.UTF-8', 'TERM': 'xterm', 'SHELL': '/bin/bash', 'SHLVL': '1', 'QT_QPA_PLATFORMTHEME': 'appmenu-qt5', 'LD_LIBRARY_PATH': '/home/mdas/ros_ws/devel/lib:/opt/ros/indigo/lib', 'ROS_MASTER_URI': 'http://localhost:11311', 'XDG_RUNTIME_DIR': '/run/user/1000', 'PYTHONPATH': '/home/mdas/ros_ws/devel/lib/python2.7/dist-packages:/opt/ros/indigo/lib/python2.7/dist-packages', 'ROS_ROOT': '/opt/ros/indigo/share/ros', 'PKG_CONFIG_PATH': '/home/mdas/ros_ws/devel/lib/pkgconfig:/opt/ros/indigo/lib/pkgconfig', 'ROS_PACKAGE_PATH': '/home/mdas/ros_ws/src:/opt/ros/indigo/share:/opt/ros/indigo/stacks', 'ROS_WORKSPACE': '/home/mdas/ros_ws', 'XDG_SESSION_ID': '8', '_': '/opt/ros/indigo/bin/roslaunch', 'LS_COLORS': 'rs=0:di=01;34:ln=01;36:mh=00:pi=40;33:so=01;35:do=01;35:bd=40;33;01:cd=40;33;01:or=40;31;01:su=37;41:sg=30;43:ca=30;41:tw=30;42:ow=34;42:st=37;44:ex=01;32:*.tar=01;31:*.tgz=01;31:*.arj=01;31:*.taz=01;31:*.lzh=01;31:*.lzma=01;31:*.tlz=01;31:*.txz=01;31:*.zip=01;31:*.z=01;31:*.Z=01;31:*.dz=01;31:*.gz=01;31:*.lz=01;31:*.xz=01;31:*.bz2=01;31:*.bz=01;31:*.tbz=01;31:*.tbz2=01;31:*.tz=01;31:*.deb=01;31:*.rpm=01;31:*.jar=01;31:*.war=01;31:*.ear=01;31:*.sar=01;31:*.rar=01;31:*.ace=01;31:*.zoo=01;31:*.cpio=01;31:*.7z=01;31:*.rz=01;31:*.jpg=01;35:*.jpeg=01;35:*.gif=01;35:*.bmp=01;35:*.pbm=01;35:*.pgm=01;35:*.ppm=01;35:*.tga=01;35:*.xbm=01;35:*.xpm=01;35:*.tif=01;35:*.tiff=01;35:*.png=01;35:*.svg=01;35:*.svgz=01;35:*.mng=01;35:*.pcx=01;35:*.mov=01;35:*.mpg=01;35:*.mpeg=01;35:*.m2v=01;35:*.mkv=01;35:*.webm=01;35:*.ogm=01;35:*.mp4=01;35:*.m4v=01;35:*.mp4v=01;35:*.vob=01;35:*.qt=01;35:*.nuv=01;35:*.wmv=01;35:*.asf=01;35:*.rm=01;35:*.rmvb=01;35:*.flc=01;35:*.avi=01;35:*.fli=01;35:*.flv=01;35:*.gl=01;35:*.dl=01;35:*.xcf=01;35:*.xwd=01;35:*.yuv=01;35:*.cgm=01;35:*.emf=01;35:*.axv=01;35:*.anx=01;35:*.ogv=01;35:*.ogx=01;35:*.aac=00;36:*.au=00;36:*.flac=00;36:*.mid=00;36:*.midi=00;36:*.mka=00;36:*.mp3=00;36:*.mpc=00;36:*.ogg=00;36:*.ra=00;36:*.wav=00;36:*.axa=00;36:*.oga=00;36:*.spx=00;36:*.xspf=00;36:', 'LESSCLOSE': '/usr/bin/lesspipe %s %s', 'SSH_TTY': '/dev/pts/7', 'PWD': '/home/mdas', 'ROS_ETC_DIR': '/opt/ros/indigo/etc/ros', 'MAIL': '/var/mail/mdas', 'SSH_CONNECTION': '192.168.1.101 44158 192.168.1.113 22'}]
[roslaunch][INFO] 2017-11-04 14:34:57,542: process[slam_gmapping-5]: args[[u'/opt/ros/indigo/lib/gmapping/slam_gmapping', 'scan:=/sensor_msgs/LaserScan', '_base_frame:=lidar_link', u'__name:=slam_gmapping']]
[roslaunch][INFO] 2017-11-04 14:34:57,543: ... created process [slam_gmapping-5]
[roslaunch.pmon][INFO] 2017-11-04 14:34:57,543: ProcessMonitor.register[slam_gmapping-5]
[roslaunch.pmon][INFO] 2017-11-04 14:34:57,543: ProcessMonitor.register[slam_gmapping-5] complete
[roslaunch][INFO] 2017-11-04 14:34:57,543: ... registered process [slam_gmapping-5]
[roslaunch][INFO] 2017-11-04 14:34:57,543: process[slam_gmapping-5]: starting os process
[roslaunch][INFO] 2017-11-04 14:34:57,543: process[slam_gmapping-5]: start w/ args [[u'/opt/ros/indigo/lib/gmapping/slam_gmapping', 'scan:=/sensor_msgs/LaserScan', '_base_frame:=lidar_link', u'__name:=slam_gmapping', u'__log:=/home/mdas/.ros/log/b709fce0-c18e-11e7-82fc-f44d306c96a4/slam_gmapping-5.log']]
[roslaunch][INFO] 2017-11-04 14:34:57,543: process[slam_gmapping-5]: cwd will be [/home/mdas/.ros]
[roslaunch][INFO] 2017-11-04 14:34:57,545: process[slam_gmapping-5]: started with pid [14048]
[roslaunch][INFO] 2017-11-04 14:34:57,546: ... successfully launched [slam_gmapping-5]
[roslaunch][INFO] 2017-11-04 14:34:57,546: ... preparing to launch node of type [move_base/move_base]
[roslaunch][INFO] 2017-11-04 14:34:57,546: create_node_process: package[move_base] type[move_base] machine[Machine(name[] env_loader[None] address[localhost] ssh_port[22] user[None] assignable[True] timeout[10.0])] master_uri[http://localhost:11311]
[roslaunch][INFO] 2017-11-04 14:34:57,546: process[move_base-6]: env[{'ROS_DISTRO': 'indigo', 'LESSOPEN': '| /usr/bin/lesspipe %s', 'SSH_CLIENT': '192.168.1.101 44158 22', 'CPATH': '/home/mdas/ros_ws/devel/include:/opt/ros/indigo/include', 'LOGNAME': 'mdas', 'USER': 'mdas', 'PATH': '/opt/ros/indigo/bin:/usr/local/sbin:/usr/local/bin:/usr/sbin:/usr/bin:/sbin:/bin:/usr/games:/usr/local/games', 'HOME': '/home/mdas', 'CMAKE_PREFIX_PATH': '/home/mdas/ros_ws/devel:/opt/ros/indigo', 'ROS_LOG_FILENAME': '/home/mdas/.ros/log/b709fce0-c18e-11e7-82fc-f44d306c96a4/roslaunch-mdas-Meerkat-14013.log', 'LANG': 'en_US.UTF-8', 'TERM': 'xterm', 'SHELL': '/bin/bash', 'SHLVL': '1', 'QT_QPA_PLATFORMTHEME': 'appmenu-qt5', 'LD_LIBRARY_PATH': '/home/mdas/ros_ws/devel/lib:/opt/ros/indigo/lib', 'ROS_MASTER_URI': 'http://localhost:11311', 'XDG_RUNTIME_DIR': '/run/user/1000', 'PYTHONPATH': '/home/mdas/ros_ws/devel/lib/python2.7/dist-packages:/opt/ros/indigo/lib/python2.7/dist-packages', 'ROS_ROOT': '/opt/ros/indigo/share/ros', 'PKG_CONFIG_PATH': '/home/mdas/ros_ws/devel/lib/pkgconfig:/opt/ros/indigo/lib/pkgconfig', 'ROS_PACKAGE_PATH': '/home/mdas/ros_ws/src:/opt/ros/indigo/share:/opt/ros/indigo/stacks', 'ROS_WORKSPACE': '/home/mdas/ros_ws', 'XDG_SESSION_ID': '8', '_': '/opt/ros/indigo/bin/roslaunch', 'LS_COLORS': 'rs=0:di=01;34:ln=01;36:mh=00:pi=40;33:so=01;35:do=01;35:bd=40;33;01:cd=40;33;01:or=40;31;01:su=37;41:sg=30;43:ca=30;41:tw=30;42:ow=34;42:st=37;44:ex=01;32:*.tar=01;31:*.tgz=01;31:*.arj=01;31:*.taz=01;31:*.lzh=01;31:*.lzma=01;31:*.tlz=01;31:*.txz=01;31:*.zip=01;31:*.z=01;31:*.Z=01;31:*.dz=01;31:*.gz=01;31:*.lz=01;31:*.xz=01;31:*.bz2=01;31:*.bz=01;31:*.tbz=01;31:*.tbz2=01;31:*.tz=01;31:*.deb=01;31:*.rpm=01;31:*.jar=01;31:*.war=01;31:*.ear=01;31:*.sar=01;31:*.rar=01;31:*.ace=01;31:*.zoo=01;31:*.cpio=01;31:*.7z=01;31:*.rz=01;31:*.jpg=01;35:*.jpeg=01;35:*.gif=01;35:*.bmp=01;35:*.pbm=01;35:*.pgm=01;35:*.ppm=01;35:*.tga=01;35:*.xbm=01;35:*.xpm=01;35:*.tif=01;35:*.tiff=01;35:*.png=01;35:*.svg=01;35:*.svgz=01;35:*.mng=01;35:*.pcx=01;35:*.mov=01;35:*.mpg=01;35:*.mpeg=01;35:*.m2v=01;35:*.mkv=01;35:*.webm=01;35:*.ogm=01;35:*.mp4=01;35:*.m4v=01;35:*.mp4v=01;35:*.vob=01;35:*.qt=01;35:*.nuv=01;35:*.wmv=01;35:*.asf=01;35:*.rm=01;35:*.rmvb=01;35:*.flc=01;35:*.avi=01;35:*.fli=01;35:*.flv=01;35:*.gl=01;35:*.dl=01;35:*.xcf=01;35:*.xwd=01;35:*.yuv=01;35:*.cgm=01;35:*.emf=01;35:*.axv=01;35:*.anx=01;35:*.ogv=01;35:*.ogx=01;35:*.aac=00;36:*.au=00;36:*.flac=00;36:*.mid=00;36:*.midi=00;36:*.mka=00;36:*.mp3=00;36:*.mpc=00;36:*.ogg=00;36:*.ra=00;36:*.wav=00;36:*.axa=00;36:*.oga=00;36:*.spx=00;36:*.xspf=00;36:', 'LESSCLOSE': '/usr/bin/lesspipe %s %s', 'SSH_TTY': '/dev/pts/7', 'PWD': '/home/mdas', 'ROS_ETC_DIR': '/opt/ros/indigo/etc/ros', 'MAIL': '/var/mail/mdas', 'SSH_CONNECTION': '192.168.1.101 44158 192.168.1.113 22'}]
[roslaunch][INFO] 2017-11-04 14:34:57,547: process[move_base-6]: args[[u'/opt/ros/indigo/lib/move_base/move_base', u'map:=/map', u'__name:=move_base']]
[roslaunch][INFO] 2017-11-04 14:34:57,547: ... created process [move_base-6]
[roslaunch.pmon][INFO] 2017-11-04 14:34:57,547: ProcessMonitor.register[move_base-6]
[roslaunch.pmon][INFO] 2017-11-04 14:34:57,547: ProcessMonitor.register[move_base-6] complete
[roslaunch][INFO] 2017-11-04 14:34:57,548: ... registered process [move_base-6]
[roslaunch][INFO] 2017-11-04 14:34:57,548: process[move_base-6]: starting os process
[roslaunch][INFO] 2017-11-04 14:34:57,548: process[move_base-6]: start w/ args [[u'/opt/ros/indigo/lib/move_base/move_base', u'map:=/map', u'__name:=move_base', u'__log:=/home/mdas/.ros/log/b709fce0-c18e-11e7-82fc-f44d306c96a4/move_base-6.log']]
[roslaunch][INFO] 2017-11-04 14:34:57,548: process[move_base-6]: cwd will be [/home/mdas/.ros]
[roslaunch][INFO] 2017-11-04 14:34:57,550: process[move_base-6]: started with pid [14057]
[roslaunch][INFO] 2017-11-04 14:34:57,550: ... successfully launched [move_base-6]
[roslaunch][INFO] 2017-11-04 14:34:57,550: ... preparing to launch node of type [babs_nav/navigation_goals]
[roslaunch][INFO] 2017-11-04 14:34:57,550: create_node_process: package[babs_nav] type[navigation_goals] machine[Machine(name[] env_loader[None] address[localhost] ssh_port[22] user[None] assignable[True] timeout[10.0])] master_uri[http://localhost:11311]
[roslaunch][INFO] 2017-11-04 14:34:57,550: process[navigation_goals-7]: env[{'ROS_DISTRO': 'indigo', 'LESSOPEN': '| /usr/bin/lesspipe %s', 'SSH_CLIENT': '192.168.1.101 44158 22', 'CPATH': '/home/mdas/ros_ws/devel/include:/opt/ros/indigo/include', 'LOGNAME': 'mdas', 'USER': 'mdas', 'PATH': '/opt/ros/indigo/bin:/usr/local/sbin:/usr/local/bin:/usr/sbin:/usr/bin:/sbin:/bin:/usr/games:/usr/local/games', 'HOME': '/home/mdas', 'CMAKE_PREFIX_PATH': '/home/mdas/ros_ws/devel:/opt/ros/indigo', 'ROS_LOG_FILENAME': '/home/mdas/.ros/log/b709fce0-c18e-11e7-82fc-f44d306c96a4/roslaunch-mdas-Meerkat-14013.log', 'LANG': 'en_US.UTF-8', 'TERM': 'xterm', 'SHELL': '/bin/bash', 'SHLVL': '1', 'QT_QPA_PLATFORMTHEME': 'appmenu-qt5', 'LD_LIBRARY_PATH': '/home/mdas/ros_ws/devel/lib:/opt/ros/indigo/lib', 'ROS_MASTER_URI': 'http://localhost:11311', 'XDG_RUNTIME_DIR': '/run/user/1000', 'PYTHONPATH': '/home/mdas/ros_ws/devel/lib/python2.7/dist-packages:/opt/ros/indigo/lib/python2.7/dist-packages', 'ROS_ROOT': '/opt/ros/indigo/share/ros', 'PKG_CONFIG_PATH': '/home/mdas/ros_ws/devel/lib/pkgconfig:/opt/ros/indigo/lib/pkgconfig', 'ROS_PACKAGE_PATH': '/home/mdas/ros_ws/src:/opt/ros/indigo/share:/opt/ros/indigo/stacks', 'ROS_WORKSPACE': '/home/mdas/ros_ws', 'XDG_SESSION_ID': '8', '_': '/opt/ros/indigo/bin/roslaunch', 'LS_COLORS': 'rs=0:di=01;34:ln=01;36:mh=00:pi=40;33:so=01;35:do=01;35:bd=40;33;01:cd=40;33;01:or=40;31;01:su=37;41:sg=30;43:ca=30;41:tw=30;42:ow=34;42:st=37;44:ex=01;32:*.tar=01;31:*.tgz=01;31:*.arj=01;31:*.taz=01;31:*.lzh=01;31:*.lzma=01;31:*.tlz=01;31:*.txz=01;31:*.zip=01;31:*.z=01;31:*.Z=01;31:*.dz=01;31:*.gz=01;31:*.lz=01;31:*.xz=01;31:*.bz2=01;31:*.bz=01;31:*.tbz=01;31:*.tbz2=01;31:*.tz=01;31:*.deb=01;31:*.rpm=01;31:*.jar=01;31:*.war=01;31:*.ear=01;31:*.sar=01;31:*.rar=01;31:*.ace=01;31:*.zoo=01;31:*.cpio=01;31:*.7z=01;31:*.rz=01;31:*.jpg=01;35:*.jpeg=01;35:*.gif=01;35:*.bmp=01;35:*.pbm=01;35:*.pgm=01;35:*.ppm=01;35:*.tga=01;35:*.xbm=01;35:*.xpm=01;35:*.tif=01;35:*.tiff=01;35:*.png=01;35:*.svg=01;35:*.svgz=01;35:*.mng=01;35:*.pcx=01;35:*.mov=01;35:*.mpg=01;35:*.mpeg=01;35:*.m2v=01;35:*.mkv=01;35:*.webm=01;35:*.ogm=01;35:*.mp4=01;35:*.m4v=01;35:*.mp4v=01;35:*.vob=01;35:*.qt=01;35:*.nuv=01;35:*.wmv=01;35:*.asf=01;35:*.rm=01;35:*.rmvb=01;35:*.flc=01;35:*.avi=01;35:*.fli=01;35:*.flv=01;35:*.gl=01;35:*.dl=01;35:*.xcf=01;35:*.xwd=01;35:*.yuv=01;35:*.cgm=01;35:*.emf=01;35:*.axv=01;35:*.anx=01;35:*.ogv=01;35:*.ogx=01;35:*.aac=00;36:*.au=00;36:*.flac=00;36:*.mid=00;36:*.midi=00;36:*.mka=00;36:*.mp3=00;36:*.mpc=00;36:*.ogg=00;36:*.ra=00;36:*.wav=00;36:*.axa=00;36:*.oga=00;36:*.spx=00;36:*.xspf=00;36:', 'LESSCLOSE': '/usr/bin/lesspipe %s %s', 'SSH_TTY': '/dev/pts/7', 'PWD': '/home/mdas', 'ROS_ETC_DIR': '/opt/ros/indigo/etc/ros', 'MAIL': '/var/mail/mdas', 'SSH_CONNECTION': '192.168.1.101 44158 192.168.1.113 22'}]
[roslaunch][INFO] 2017-11-04 14:34:57,551: process[navigation_goals-7]: args[[u'/home/mdas/ros_ws/devel/lib/babs_nav/navigation_goals', u'__name:=navigation_goals']]
[roslaunch][INFO] 2017-11-04 14:34:57,552: ... created process [navigation_goals-7]
[roslaunch.pmon][INFO] 2017-11-04 14:34:57,552: ProcessMonitor.register[navigation_goals-7]
[roslaunch.pmon][INFO] 2017-11-04 14:34:57,552: ProcessMonitor.register[navigation_goals-7] complete
[roslaunch][INFO] 2017-11-04 14:34:57,553: ... registered process [navigation_goals-7]
[roslaunch][INFO] 2017-11-04 14:34:57,553: process[navigation_goals-7]: starting os process
[roslaunch][INFO] 2017-11-04 14:34:57,553: process[navigation_goals-7]: start w/ args [[u'/home/mdas/ros_ws/devel/lib/babs_nav/navigation_goals', u'__name:=navigation_goals', u'__log:=/home/mdas/.ros/log/b709fce0-c18e-11e7-82fc-f44d306c96a4/navigation_goals-7.log']]
[roslaunch][INFO] 2017-11-04 14:34:57,553: process[navigation_goals-7]: cwd will be [/home/mdas/.ros]
[roslaunch][INFO] 2017-11-04 14:34:57,555: process[navigation_goals-7]: started with pid [14066]
[roslaunch][INFO] 2017-11-04 14:34:57,555: ... successfully launched [navigation_goals-7]
[roslaunch][INFO] 2017-11-04 14:34:57,555: ... launch_nodes complete
[roslaunch.pmon][INFO] 2017-11-04 14:34:57,555: registrations completed <ProcessMonitor(ProcessMonitor-1, started daemon 140694535304960)>
[roslaunch.parent][INFO] 2017-11-04 14:34:57,555: ... roslaunch parent running, waiting for process exit
[roslaunch][INFO] 2017-11-04 14:34:57,555: spin
[roslaunch.pmon][INFO] 2017-11-04 14:39:14,803: ProcessMonitor.shutdown <ProcessMonitor(ProcessMonitor-1, started daemon 140694535304960)>
[roslaunch.pmon][INFO] 2017-11-04 14:39:14,875: ProcessMonitor._post_run <ProcessMonitor(ProcessMonitor-1, started daemon 140694535304960)>
[roslaunch.pmon][INFO] 2017-11-04 14:39:14,875: ProcessMonitor._post_run <ProcessMonitor(ProcessMonitor-1, started daemon 140694535304960)>: remaining procs are [<roslaunch.nodeprocess.LocalProcess object at 0x7ff60028cc50>, <roslaunch.nodeprocess.LocalProcess object at 0x7ff60028c790>, <roslaunch.nodeprocess.LocalProcess object at 0x7ff60028c110>, <roslaunch.nodeprocess.LocalProcess object at 0x7ff5fff25450>, <roslaunch.nodeprocess.LocalProcess object at 0x7ff5fff255d0>, <roslaunch.nodeprocess.LocalProcess object at 0x7ff5fff256d0>, <roslaunch.nodeprocess.LocalProcess object at 0x7ff5fff25610>]
[roslaunch.pmon][INFO] 2017-11-04 14:39:14,876: ProcessMonitor exit: killing navigation_goals-7
[roslaunch][INFO] 2017-11-04 14:39:14,876: [navigation_goals-7] killing on exit
[roslaunch.pmon][INFO] 2017-11-04 14:39:14,877: ProcessMonitor exit: killing move_base-6
[roslaunch][INFO] 2017-11-04 14:39:14,877: process[navigation_goals-7]: killing os process with pid[14066] pgid[14066]
[roslaunch][INFO] 2017-11-04 14:39:14,878: [move_base-6] killing on exit
[roslaunch.pmon][INFO] 2017-11-04 14:39:14,878: ProcessMonitor exit: killing slam_gmapping-5
[roslaunch][INFO] 2017-11-04 14:39:14,878: [navigation_goals-7] sending SIGINT to pgid [14066]
[roslaunch][INFO] 2017-11-04 14:39:14,879: [slam_gmapping-5] killing on exit
[roslaunch][INFO] 2017-11-04 14:39:14,880: process[move_base-6]: killing os process with pid[14057] pgid[14057]
[roslaunch.pmon][INFO] 2017-11-04 14:39:14,879: ProcessMonitor exit: killing odom_tf-4
[roslaunch][INFO] 2017-11-04 14:39:14,881: [navigation_goals-7] sent SIGINT to pgid [14066]
[roslaunch.pmon][INFO] 2017-11-04 14:39:14,881: ProcessMonitor exit: killing pub_des_state_startup-3
[roslaunch.pmon][INFO] 2017-11-04 14:39:14,881: ProcessMonitor exit: killing robot_state_publisher-2
[roslaunch][INFO] 2017-11-04 14:39:14,882: process[slam_gmapping-5]: killing os process with pid[14048] pgid[14048]
[roslaunch][INFO] 2017-11-04 14:39:14,882: [move_base-6] sending SIGINT to pgid [14057]
[roslaunch.pmon][INFO] 2017-11-04 14:39:14,883: ProcessMonitor exit: killing base_laser1_broadcaster-1
[roslaunch][INFO] 2017-11-04 14:39:14,883: [odom_tf-4] killing on exit
[roslaunch][INFO] 2017-11-04 14:39:14,884: [pub_des_state_startup-3] killing on exit
[roslaunch][INFO] 2017-11-04 14:39:14,884: [robot_state_publisher-2] killing on exit
[roslaunch][INFO] 2017-11-04 14:39:14,884: [slam_gmapping-5] sending SIGINT to pgid [14048]
[roslaunch][INFO] 2017-11-04 14:39:14,884: [move_base-6] sent SIGINT to pgid [14057]
[roslaunch][INFO] 2017-11-04 14:39:14,884: [base_laser1_broadcaster-1] killing on exit
[roslaunch][INFO] 2017-11-04 14:39:14,885: process[odom_tf-4]: killing os process with pid[14044] pgid[14044]
[roslaunch][INFO] 2017-11-04 14:39:14,885: process[pub_des_state_startup-3]: killing os process with pid[14041] pgid[14041]
[roslaunch][INFO] 2017-11-04 14:39:14,885: process[robot_state_publisher-2]: killing os process with pid[14035] pgid[14035]
[roslaunch][INFO] 2017-11-04 14:39:14,885: [slam_gmapping-5] sent SIGINT to pgid [14048]
[roslaunch][INFO] 2017-11-04 14:39:14,886: [odom_tf-4] sending SIGINT to pgid [14044]
[roslaunch][INFO] 2017-11-04 14:39:14,886: process[base_laser1_broadcaster-1]: killing os process with pid[14034] pgid[14034]
[roslaunch][INFO] 2017-11-04 14:39:14,886: [pub_des_state_startup-3] sending SIGINT to pgid [14041]
[roslaunch][INFO] 2017-11-04 14:39:14,886: [robot_state_publisher-2] sending SIGINT to pgid [14035]
[roslaunch][INFO] 2017-11-04 14:39:14,887: [odom_tf-4] sent SIGINT to pgid [14044]
[roslaunch][INFO] 2017-11-04 14:39:14,887: [base_laser1_broadcaster-1] sending SIGINT to pgid [14034]
[roslaunch][INFO] 2017-11-04 14:39:14,887: [pub_des_state_startup-3] sent SIGINT to pgid [14041]
[roslaunch][INFO] 2017-11-04 14:39:14,887: [robot_state_publisher-2] sent SIGINT to pgid [14035]
[roslaunch][INFO] 2017-11-04 14:39:14,887: [base_laser1_broadcaster-1] sent SIGINT to pgid [14034]
[roslaunch][INFO] 2017-11-04 14:39:15,184: process[navigation_goals-7]: SIGINT killed with return value 0
[roslaunch][INFO] 2017-11-04 14:39:15,188: process[robot_state_publisher-2]: SIGINT killed with return value 0
[roslaunch][INFO] 2017-11-04 14:39:15,286: process[move_base-6]: SIGINT killed with return value 1
[roslaunch][INFO] 2017-11-04 14:39:15,288: process[base_laser1_broadcaster-1]: SIGINT killed with return value 0
[roslaunch][INFO] 2017-11-04 14:39:15,291: process[slam_gmapping-5]: SIGINT killed with return value 0
[roslaunch][INFO] 2017-11-04 14:39:15,291: process[pub_des_state_startup-3]: SIGINT killed with return value 0
[roslaunch][ERROR] 2017-11-04 14:39:29,937: [odom_tf-4] escalating to SIGTERM
[roslaunch][INFO] 2017-11-04 14:39:29,938: [odom_tf-4] sent SIGTERM to pgid [14044]
[roslaunch][INFO] 2017-11-04 14:39:30,139: process[odom_tf-4]: SIGTERM killed with return value -15
[roslaunch.pmon][INFO] 2017-11-04 14:39:30,140: ProcessMonitor exit: cleaning up data structures and signals
[roslaunch.pmon][INFO] 2017-11-04 14:39:30,141: ProcessMonitor exit: pmon has shutdown
[roslaunch][INFO] 2017-11-04 14:39:30,152: process monitor is done spinning, initiating full shutdown
[roslaunch][INFO] 2017-11-04 14:39:30,152: runner.stop()
[roslaunch][INFO] 2017-11-04 14:39:30,153: shutting down processing monitor...
[roslaunch][INFO] 2017-11-04 14:39:30,153: shutting down processing monitor <ProcessMonitor(ProcessMonitor-1, stopped daemon 140694535304960)>
[roslaunch.pmon][INFO] 2017-11-04 14:39:30,153: ProcessMonitor.shutdown <ProcessMonitor(ProcessMonitor-1, stopped daemon 140694535304960)>
[roslaunch][INFO] 2017-11-04 14:39:30,153: ... shutting down processing monitor complete
[roslaunch][INFO] 2017-11-04 14:39:30,154: done
[roslaunch.pmon][INFO] 2017-11-04 14:39:30,154: ProcessMonitor.shutdown <ProcessMonitor(ProcessMonitor-1, stopped daemon 140694535304960)>
[rospy.core][INFO] 2017-11-04 14:39:30,155: signal_shutdown [atexit]
