[rospy.client][INFO] 2017-11-30 18:05:02,909: init_node, name[/rostopic_4737_1512083102891], pid[4737]
[xmlrpc][INFO] 2017-11-30 18:05:02,910: XML-RPC server binding to 0.0.0.0:0
[xmlrpc][INFO] 2017-11-30 18:05:02,910: Started XML-RPC server [http://mdas-Meerkat:40563/]
[rospy.init][INFO] 2017-11-30 18:05:02,910: ROS Slave URI: [http://mdas-Meerkat:40563/]
[rospy.impl.masterslave][INFO] 2017-11-30 18:05:02,910: _ready: http://mdas-Meerkat:40563/
[rospy.registration][INFO] 2017-11-30 18:05:02,910: Registering with master node http://localhost:11311
[xmlrpc][INFO] 2017-11-30 18:05:02,911: xml rpc node: starting XML-RPC server
[rospy.init][INFO] 2017-11-30 18:05:03,011: registered with master
[rospy.rosout][INFO] 2017-11-30 18:05:03,011: initializing /rosout core topic
[rospy.rosout][INFO] 2017-11-30 18:05:03,016: connected to core topic /rosout
[rospy.simtime][INFO] 2017-11-30 18:05:03,019: /use_sim_time is not set, will not subscribe to simulated time [/clock] topic
[rospy.internal][INFO] 2017-11-30 18:05:03,077: topic[/received_messages] adding connection to [http://mdas-Meerkat:44251/], count 0
[rospy.internal][INFO] 2017-11-30 18:05:03,273: topic[/rosout] adding connection to [/rosout], count 0
[rospy.core][INFO] 2017-11-30 18:05:07,542: signal_shutdown [signal-2]
[rospy.internal][INFO] 2017-11-30 18:05:07,550: topic[/rosout] removing connection to /rosout
[rospy.internal][INFO] 2017-11-30 18:05:07,550: topic[/received_messages] removing connection to http://mdas-Meerkat:44251/
[rospy.impl.masterslave][INFO] 2017-11-30 18:05:07,551: signal-2
[rospy.internal][ERROR] 2017-11-30 18:05:07,552: Traceback (most recent call last):
  File "/opt/ros/indigo/lib/python2.7/dist-packages/rospy/impl/tcpros_base.py", line 698, in receive_once
    self.stat_bytes += recv_buff(sock, b, p.buff_size)
  File "/opt/ros/indigo/lib/python2.7/dist-packages/rospy/impl/tcpros_base.py", line 103, in recv_buff
    d = sock.recv(buff_size)
error: [Errno 104] Connection reset by peer

[rospy.core][INFO] 2017-11-30 18:05:08,168: signal_shutdown [atexit]
