[rospy.client][INFO] 2017-11-10 12:07:54,484: init_node, name[/rostopic_4450_1510333674466], pid[4450]
[xmlrpc][INFO] 2017-11-10 12:07:54,484: XML-RPC server binding to 0.0.0.0:0
[xmlrpc][INFO] 2017-11-10 12:07:54,484: Started XML-RPC server [http://mdas-Meerkat:42149/]
[rospy.init][INFO] 2017-11-10 12:07:54,484: ROS Slave URI: [http://mdas-Meerkat:42149/]
[rospy.impl.masterslave][INFO] 2017-11-10 12:07:54,484: _ready: http://mdas-Meerkat:42149/
[rospy.registration][INFO] 2017-11-10 12:07:54,485: Registering with master node http://localhost:11311
[xmlrpc][INFO] 2017-11-10 12:07:54,485: xml rpc node: starting XML-RPC server
[rospy.init][INFO] 2017-11-10 12:07:54,585: registered with master
[rospy.rosout][INFO] 2017-11-10 12:07:54,585: initializing /rosout core topic
[rospy.rosout][INFO] 2017-11-10 12:07:54,588: connected to core topic /rosout
[rospy.simtime][INFO] 2017-11-10 12:07:54,591: /use_sim_time is not set, will not subscribe to simulated time [/clock] topic
[rospy.internal][INFO] 2017-11-10 12:07:54,650: topic[/received_messages] adding connection to [http://mdas-Meerkat:42051/], count 0
[rospy.internal][INFO] 2017-11-10 12:07:54,805: topic[/rosout] adding connection to [/rosout], count 0
[rospy.core][INFO] 2017-11-10 12:08:03,636: signal_shutdown [signal-2]
[rospy.internal][INFO] 2017-11-10 12:08:03,641: topic[/rosout] removing connection to /rosout
[rospy.internal][INFO] 2017-11-10 12:08:03,642: topic[/received_messages] removing connection to http://mdas-Meerkat:42051/
[rospy.impl.masterslave][INFO] 2017-11-10 12:08:03,643: signal-2
[rospy.internal][WARNING] 2017-11-10 12:08:03,643: Unknown error initiating TCP/IP socket to mdas-Meerkat:57937 (http://mdas-Meerkat:42051/): Traceback (most recent call last):
  File "/opt/ros/indigo/lib/python2.7/dist-packages/rospy/impl/tcpros_base.py", line 558, in connect
    self.local_endpoint = self.socket.getsockname()
AttributeError: 'NoneType' object has no attribute 'getsockname'

[rospy.core][INFO] 2017-11-10 12:08:03,768: signal_shutdown [atexit]
