[rospy.client][INFO] 2017-11-30 18:02:32,870: init_node, name[/rostopic_4714_1512082952852], pid[4714]
[xmlrpc][INFO] 2017-11-30 18:02:32,870: XML-RPC server binding to 0.0.0.0:0
[xmlrpc][INFO] 2017-11-30 18:02:32,870: Started XML-RPC server [http://mdas-Meerkat:35367/]
[rospy.init][INFO] 2017-11-30 18:02:32,870: ROS Slave URI: [http://mdas-Meerkat:35367/]
[rospy.impl.masterslave][INFO] 2017-11-30 18:02:32,871: _ready: http://mdas-Meerkat:35367/
[xmlrpc][INFO] 2017-11-30 18:02:32,871: xml rpc node: starting XML-RPC server
[rospy.registration][INFO] 2017-11-30 18:02:32,871: Registering with master node http://localhost:11311
[rospy.init][INFO] 2017-11-30 18:02:32,971: registered with master
[rospy.rosout][INFO] 2017-11-30 18:02:32,971: initializing /rosout core topic
[rospy.rosout][INFO] 2017-11-30 18:02:32,975: connected to core topic /rosout
[rospy.simtime][INFO] 2017-11-30 18:02:32,978: /use_sim_time is not set, will not subscribe to simulated time [/clock] topic
[rospy.internal][INFO] 2017-11-30 18:02:33,038: topic[/received_messages] adding connection to [http://mdas-Meerkat:44251/], count 0
[rospy.internal][INFO] 2017-11-30 18:02:33,237: topic[/rosout] adding connection to [/rosout], count 0
[rospy.core][INFO] 2017-11-30 18:03:25,929: signal_shutdown [signal-2]
[rospy.internal][INFO] 2017-11-30 18:03:25,936: topic[/rosout] removing connection to /rosout
[rospy.internal][INFO] 2017-11-30 18:03:25,937: topic[/received_messages] removing connection to http://mdas-Meerkat:44251/
[rospy.internal][WARNING] 2017-11-30 18:03:25,940: Unknown error initiating TCP/IP socket to mdas-Meerkat:34023 (http://mdas-Meerkat:44251/): Traceback (most recent call last):
  File "/opt/ros/indigo/lib/python2.7/dist-packages/rospy/impl/tcpros_base.py", line 557, in connect
    self.read_header()
  File "/opt/ros/indigo/lib/python2.7/dist-packages/rospy/impl/tcpros_base.py", line 619, in read_header
    self._validate_header(read_ros_handshake_header(sock, self.read_buff, self.protocol.buff_size))
AttributeError: 'NoneType' object has no attribute 'buff_size'

[rospy.topics][ERROR] 2017-11-30 18:03:25,941: Traceback (most recent call last):
  File "/opt/ros/indigo/lib/python2.7/dist-packages/rospy/topics.py", line 307, in close
    c.close()
  File "/opt/ros/indigo/lib/python2.7/dist-packages/rospy/impl/tcpros_base.py", line 807, in close
    self.socket.close()
AttributeError: 'NoneType' object has no attribute 'close'

[rospy.impl.masterslave][INFO] 2017-11-30 18:03:25,942: signal-2
[rospy.core][INFO] 2017-11-30 18:03:26,106: signal_shutdown [atexit]
