[rosmaster.main][INFO] 2017-11-08 13:12:20,663: initialization complete, waiting for shutdown
[rosmaster.main][INFO] 2017-11-08 13:12:20,663: Starting ROS Master Node
[xmlrpc][INFO] 2017-11-08 13:12:20,663: XML-RPC server binding to 0.0.0.0:11311
[xmlrpc][INFO] 2017-11-08 13:12:20,663: Started XML-RPC server [http://mdas-Meerkat:11311/]
[xmlrpc][INFO] 2017-11-08 13:12:20,664: xml rpc node: starting XML-RPC server
[rosmaster.master][INFO] 2017-11-08 13:12:20,664: Master initialized: port[11311], uri[http://mdas-Meerkat:11311/]
[rosmaster.master][INFO] 2017-11-08 13:12:20,692: +PARAM [/run_id] by /roslaunch
[rosmaster.master][INFO] 2017-11-08 13:12:20,693: +PARAM [/roslaunch/uris/host_mdas_meerkat__36527] by /roslaunch
[rosmaster.master][INFO] 2017-11-08 13:12:20,757: +PARAM [/usb_cam_1/image_width] by /roslaunch
[rosmaster.master][INFO] 2017-11-08 13:12:20,757: +PARAM [/usb_cam_1/video_device] by /roslaunch
[rosmaster.master][INFO] 2017-11-08 13:12:20,758: +PARAM [/base_laser1/baud] by /roslaunch
[rosmaster.master][INFO] 2017-11-08 13:12:20,758: +PARAM [/novatel_node/psrpos_topic] by /roslaunch
[rosmaster.master][INFO] 2017-11-08 13:12:20,758: +PARAM [/novatel_node/port] by /roslaunch
[rosmaster.master][INFO] 2017-11-08 13:12:20,758: +PARAM [/base_laser1/frame_id] by /roslaunch
[rosmaster.master][INFO] 2017-11-08 13:12:20,758: +PARAM [/novatel_node/ephem_log] by /roslaunch
[rosmaster.master][INFO] 2017-11-08 13:12:20,758: +PARAM [/novatel_node/baudrate] by /roslaunch
[rosmaster.master][INFO] 2017-11-08 13:12:20,758: +PARAM [/usb_cam_1/framerate] by /roslaunch
[rosmaster.master][INFO] 2017-11-08 13:12:20,758: +PARAM [/base_laser1/resolution] by /roslaunch
[rosmaster.master][INFO] 2017-11-08 13:12:20,758: +PARAM [/novatel_node/range_default_logs_period] by /roslaunch
[rosmaster.master][INFO] 2017-11-08 13:12:20,759: +PARAM [/rosdistro] by /roslaunch
[rosmaster.master][INFO] 2017-11-08 13:12:20,759: +PARAM [/usb_cam_1/pixel_format] by /roslaunch
[rosmaster.master][INFO] 2017-11-08 13:12:20,759: +PARAM [/novatel_node/log_commands] by /roslaunch
[rosmaster.master][INFO] 2017-11-08 13:12:20,759: +PARAM [/rosversion] by /roslaunch
[rosmaster.master][INFO] 2017-11-08 13:12:20,759: +PARAM [/novatel_node/gps_default_logs_period] by /roslaunch
[rosmaster.master][INFO] 2017-11-08 13:12:20,759: +PARAM [/novatel_node/psrpos_default_logs_period] by /roslaunch
[rosmaster.master][INFO] 2017-11-08 13:12:20,759: +PARAM [/usb_cam_1/camera_frame_id] by /roslaunch
[rosmaster.master][INFO] 2017-11-08 13:12:20,759: +PARAM [/usb_cam_1/io_method] by /roslaunch
[rosmaster.master][INFO] 2017-11-08 13:12:20,759: +PARAM [/novatel_node/odom_topic] by /roslaunch
[rosmaster.master][INFO] 2017-11-08 13:12:20,759: +PARAM [/base_laser1/port] by /roslaunch
[rosmaster.master][INFO] 2017-11-08 13:12:20,759: +PARAM [/novatel_node/span_default_logs_period] by /roslaunch
[rosmaster.master][INFO] 2017-11-08 13:12:20,760: +PARAM [/usb_cam_1/image_height] by /roslaunch
[rosmaster.master][INFO] 2017-11-08 13:12:20,783: +PUB [/rosout] /base_laser1 http://mdas-Meerkat:41577/
[rosmaster.master][INFO] 2017-11-08 13:12:20,784: +SERVICE [/rosout/get_loggers] /rosout http://mdas-Meerkat:37241/
[rosmaster.master][INFO] 2017-11-08 13:12:20,784: +SERVICE [/base_laser1/get_loggers] /base_laser1 http://mdas-Meerkat:41577/
[rosmaster.master][INFO] 2017-11-08 13:12:20,785: +SERVICE [/rosout/set_logger_level] /rosout http://mdas-Meerkat:37241/
[rosmaster.master][INFO] 2017-11-08 13:12:20,785: +SERVICE [/base_laser1/set_logger_level] /base_laser1 http://mdas-Meerkat:41577/
[rosmaster.master][INFO] 2017-11-08 13:12:20,787: +PUB [/rosout_agg] /rosout http://mdas-Meerkat:37241/
[rosmaster.master][INFO] 2017-11-08 13:12:20,791: +SUB [/rosout] /rosout http://mdas-Meerkat:37241/
[rosmaster.master][INFO] 2017-11-08 13:12:20,793: +PUB [/diagnostics] /base_laser1 http://mdas-Meerkat:41577/
[rosmaster.master][INFO] 2017-11-08 13:12:20,794: +PUB [/sensor_msgs/LaserScan] /base_laser1 http://mdas-Meerkat:41577/
[rosmaster.master][INFO] 2017-11-08 13:12:20,797: +PUB [/rosout] /novatel_node http://mdas-Meerkat:46313/
[rosmaster.master][INFO] 2017-11-08 13:12:20,797: +SERVICE [/novatel_node/get_loggers] /novatel_node http://mdas-Meerkat:46313/
[rosmaster.master][INFO] 2017-11-08 13:12:20,798: +SERVICE [/novatel_node/set_logger_level] /novatel_node http://mdas-Meerkat:46313/
[rosmaster.master][INFO] 2017-11-08 13:12:20,809: +PUB [/gps_odom] /novatel_node http://mdas-Meerkat:46313/
[rosmaster.master][INFO] 2017-11-08 13:12:20,809: +PUB [/gps_fix] /novatel_node http://mdas-Meerkat:46313/
[rosmaster.master][INFO] 2017-11-08 13:12:20,810: +PUB [/ephemeris] /novatel_node http://mdas-Meerkat:46313/
[rosmaster.master][INFO] 2017-11-08 13:12:20,810: +PUB [/range] /novatel_node http://mdas-Meerkat:46313/
[rosmaster.master][INFO] 2017-11-08 13:12:20,811: +PUB [/gps_fix_psr] /novatel_node http://mdas-Meerkat:46313/
[rosmaster.master][INFO] 2017-11-08 13:12:20,811: +PUB [/novatel_node/gps_fix_ecef] /novatel_node http://mdas-Meerkat:46313/
[rosmaster.master][INFO] 2017-11-08 13:12:20,817: +PUB [/rosout] /usb_cam_1 http://mdas-Meerkat:38015/
[rosmaster.master][INFO] 2017-11-08 13:12:20,818: +SERVICE [/usb_cam_1/get_loggers] /usb_cam_1 http://mdas-Meerkat:38015/
[rosmaster.master][INFO] 2017-11-08 13:12:20,818: +SERVICE [/usb_cam_1/set_logger_level] /usb_cam_1 http://mdas-Meerkat:38015/
[rosmaster.master][INFO] 2017-11-08 13:12:20,855: +PUB [/usb_cam_1/image_raw] /usb_cam_1 http://mdas-Meerkat:38015/
[rosmaster.master][INFO] 2017-11-08 13:12:20,855: +PUB [/usb_cam_1/camera_info] /usb_cam_1 http://mdas-Meerkat:38015/
[rosmaster.master][INFO] 2017-11-08 13:12:20,863: publisherUpdate[/rosout] -> http://mdas-Meerkat:37241/
[rosmaster.master][INFO] 2017-11-08 13:12:20,864: +SERVICE [/usb_cam_1/set_camera_info] /usb_cam_1 http://mdas-Meerkat:38015/
[rosmaster.master][INFO] 2017-11-08 13:12:20,865: +SERVICE [/usb_cam_1/start_capture] /usb_cam_1 http://mdas-Meerkat:38015/
[rosmaster.master][INFO] 2017-11-08 13:12:20,865: publisherUpdate[/rosout] -> http://mdas-Meerkat:37241/
[rosmaster.master][INFO] 2017-11-08 13:12:20,866: +SERVICE [/usb_cam_1/stop_capture] /usb_cam_1 http://mdas-Meerkat:38015/
[rosmaster.master][INFO] 2017-11-08 13:12:20,969: -PUB [/rosout] /usb_cam_1 http://mdas-Meerkat:38015/
[rosmaster.master][INFO] 2017-11-08 13:12:20,971: -PUB [/usb_cam_1/image_raw] /usb_cam_1 http://mdas-Meerkat:38015/
[rosmaster.master][INFO] 2017-11-08 13:12:20,972: -PUB [/usb_cam_1/camera_info] /usb_cam_1 http://mdas-Meerkat:38015/
[rosmaster.master][INFO] 2017-11-08 13:12:20,974: -SERVICE [/usb_cam_1/get_loggers] /usb_cam_1 rosrpc://mdas-Meerkat:48573
[rosmaster.master][INFO] 2017-11-08 13:12:20,976: -SERVICE [/usb_cam_1/set_logger_level] /usb_cam_1 rosrpc://mdas-Meerkat:48573
[rosmaster.master][INFO] 2017-11-08 13:12:20,978: -SERVICE [/usb_cam_1/set_camera_info] /usb_cam_1 rosrpc://mdas-Meerkat:48573
[rosmaster.master][INFO] 2017-11-08 13:12:20,979: -SERVICE [/usb_cam_1/start_capture] /usb_cam_1 rosrpc://mdas-Meerkat:48573
[rosmaster.master][INFO] 2017-11-08 13:12:20,981: -SERVICE [/usb_cam_1/stop_capture] /usb_cam_1 rosrpc://mdas-Meerkat:48573
[rosmaster.master][INFO] 2017-11-08 13:12:21,064: publisherUpdate[/rosout] -> http://mdas-Meerkat:37241/
[rosmaster.master][INFO] 2017-11-08 13:13:24,471: +PUB [/rosout] /rviz_1510164800078197130 http://192.168.1.15:37091/
[rosmaster.master][INFO] 2017-11-08 13:13:24,477: +SERVICE [/rviz_1510164800078197130/get_loggers] /rviz_1510164800078197130 http://192.168.1.15:37091/
[rosmaster.master][INFO] 2017-11-08 13:13:24,483: +SERVICE [/rviz_1510164800078197130/set_logger_level] /rviz_1510164800078197130 http://192.168.1.15:37091/
[rosmaster.master][INFO] 2017-11-08 13:13:24,569: publisherUpdate[/rosout] -> http://mdas-Meerkat:37241/
[rosmaster.master][INFO] 2017-11-08 13:13:25,261: +SUB [/tf] /rviz_1510164800078197130 http://192.168.1.15:37091/
[rosmaster.master][INFO] 2017-11-08 13:13:25,295: +SUB [/tf_static] /rviz_1510164800078197130 http://192.168.1.15:37091/
[rosmaster.master][INFO] 2017-11-08 13:13:25,732: +PUB [/initialpose] /rviz_1510164800078197130 http://192.168.1.15:37091/
[rosmaster.master][INFO] 2017-11-08 13:13:25,737: +PUB [/goal] /rviz_1510164800078197130 http://192.168.1.15:37091/
[rosmaster.master][INFO] 2017-11-08 13:13:25,779: -PUB [/goal] /rviz_1510164800078197130 http://192.168.1.15:37091/
[rosmaster.master][INFO] 2017-11-08 13:13:25,784: -PUB [/initialpose] /rviz_1510164800078197130 http://192.168.1.15:37091/
[rosmaster.master][INFO] 2017-11-08 13:13:25,793: +PUB [/initialpose] /rviz_1510164800078197130 http://192.168.1.15:37091/
[rosmaster.master][INFO] 2017-11-08 13:13:25,797: +PUB [/goal] /rviz_1510164800078197130 http://192.168.1.15:37091/
[rosmaster.master][INFO] 2017-11-08 13:13:25,803: +PUB [/move_base_simple/goal] /rviz_1510164800078197130 http://192.168.1.15:37091/
[rosmaster.master][INFO] 2017-11-08 13:13:25,808: -PUB [/goal] /rviz_1510164800078197130 http://192.168.1.15:37091/
[rosmaster.master][INFO] 2017-11-08 13:13:25,813: +PUB [/clicked_point] /rviz_1510164800078197130 http://192.168.1.15:37091/
[rosmaster.master][INFO] 2017-11-08 13:13:26,129: +SERVICE [/rviz_1510164800078197130/reload_shaders] /rviz_1510164800078197130 http://192.168.1.15:37091/
[rosmaster.master][INFO] 2017-11-08 13:17:11,408: +PARAM [/roslaunch/uris/host_mdas_meerkat__46471] by /roslaunch
[rosmaster.master][INFO] 2017-11-08 13:17:11,411: +PARAM [/rosdistro] by /roslaunch
[rosmaster.master][INFO] 2017-11-08 13:17:11,411: +PARAM [/usb_cam_1/video_device] by /roslaunch
[rosmaster.master][INFO] 2017-11-08 13:17:11,411: +PARAM [/usb_cam_1/camera_frame_id] by /roslaunch
[rosmaster.master][INFO] 2017-11-08 13:17:11,411: +PARAM [/usb_cam_1/image_width] by /roslaunch
[rosmaster.master][INFO] 2017-11-08 13:17:11,411: +PARAM [/usb_cam_1/io_method] by /roslaunch
[rosmaster.master][INFO] 2017-11-08 13:17:11,411: +PARAM [/usb_cam_1/framerate] by /roslaunch
[rosmaster.master][INFO] 2017-11-08 13:17:11,411: +PARAM [/rosversion] by /roslaunch
[rosmaster.master][INFO] 2017-11-08 13:17:11,411: +PARAM [/usb_cam_1/pixel_format] by /roslaunch
[rosmaster.master][INFO] 2017-11-08 13:17:11,411: +PARAM [/usb_cam_1/image_height] by /roslaunch
[rosmaster.master][INFO] 2017-11-08 13:17:11,474: +PUB [/rosout] /usb_cam_1 http://mdas-Meerkat:36393/
[rosmaster.master][INFO] 2017-11-08 13:17:11,475: +SERVICE [/usb_cam_1/get_loggers] /usb_cam_1 http://mdas-Meerkat:36393/
[rosmaster.master][INFO] 2017-11-08 13:17:11,475: +SERVICE [/usb_cam_1/set_logger_level] /usb_cam_1 http://mdas-Meerkat:36393/
[rosmaster.master][INFO] 2017-11-08 13:17:11,510: +PUB [/usb_cam_1/image_raw] /usb_cam_1 http://mdas-Meerkat:36393/
[rosmaster.master][INFO] 2017-11-08 13:17:11,511: +PUB [/usb_cam_1/camera_info] /usb_cam_1 http://mdas-Meerkat:36393/
[rosmaster.master][INFO] 2017-11-08 13:17:11,520: +SERVICE [/usb_cam_1/set_camera_info] /usb_cam_1 http://mdas-Meerkat:36393/
[rosmaster.master][INFO] 2017-11-08 13:17:11,520: +SERVICE [/usb_cam_1/start_capture] /usb_cam_1 http://mdas-Meerkat:36393/
[rosmaster.master][INFO] 2017-11-08 13:17:11,521: +SERVICE [/usb_cam_1/stop_capture] /usb_cam_1 http://mdas-Meerkat:36393/
[rosmaster.master][INFO] 2017-11-08 13:17:11,553: publisherUpdate[/rosout] -> http://mdas-Meerkat:37241/
[rosmaster.master][INFO] 2017-11-08 13:17:11,656: -PUB [/rosout] /usb_cam_1 http://mdas-Meerkat:36393/
[rosmaster.master][INFO] 2017-11-08 13:17:11,658: -PUB [/usb_cam_1/image_raw] /usb_cam_1 http://mdas-Meerkat:36393/
[rosmaster.master][INFO] 2017-11-08 13:17:11,660: -PUB [/usb_cam_1/camera_info] /usb_cam_1 http://mdas-Meerkat:36393/
[rosmaster.master][INFO] 2017-11-08 13:17:11,661: -SERVICE [/usb_cam_1/get_loggers] /usb_cam_1 rosrpc://mdas-Meerkat:56575
[rosmaster.master][INFO] 2017-11-08 13:17:11,663: -SERVICE [/usb_cam_1/set_logger_level] /usb_cam_1 rosrpc://mdas-Meerkat:56575
[rosmaster.master][INFO] 2017-11-08 13:17:11,665: -SERVICE [/usb_cam_1/set_camera_info] /usb_cam_1 rosrpc://mdas-Meerkat:56575
[rosmaster.master][INFO] 2017-11-08 13:17:11,667: -SERVICE [/usb_cam_1/start_capture] /usb_cam_1 rosrpc://mdas-Meerkat:56575
[rosmaster.master][INFO] 2017-11-08 13:17:11,669: -SERVICE [/usb_cam_1/stop_capture] /usb_cam_1 rosrpc://mdas-Meerkat:56575
[rosmaster.master][INFO] 2017-11-08 13:17:11,753: publisherUpdate[/rosout] -> http://mdas-Meerkat:37241/
[rosmaster.master][INFO] 2017-11-08 13:17:25,182: +PARAM [/roslaunch/uris/host_mdas_meerkat__33773] by /roslaunch
[rosmaster.master][INFO] 2017-11-08 13:17:25,185: +PARAM [/rosdistro] by /roslaunch
[rosmaster.master][INFO] 2017-11-08 13:17:25,185: +PARAM [/usb_cam_2/video_device] by /roslaunch
[rosmaster.master][INFO] 2017-11-08 13:17:25,185: +PARAM [/usb_cam_2/image_width] by /roslaunch
[rosmaster.master][INFO] 2017-11-08 13:17:25,185: +PARAM [/rosversion] by /roslaunch
[rosmaster.master][INFO] 2017-11-08 13:17:25,185: +PARAM [/usb_cam_2/image_height] by /roslaunch
[rosmaster.master][INFO] 2017-11-08 13:17:25,185: +PARAM [/usb_cam_2/framerate] by /roslaunch
[rosmaster.master][INFO] 2017-11-08 13:17:25,185: +PARAM [/usb_cam_2/io_method] by /roslaunch
[rosmaster.master][INFO] 2017-11-08 13:17:25,185: +PARAM [/usb_cam_2/camera_frame_id] by /roslaunch
[rosmaster.master][INFO] 2017-11-08 13:17:25,185: +PARAM [/usb_cam_2/pixel_format] by /roslaunch
[rosmaster.master][INFO] 2017-11-08 13:17:25,248: +PUB [/rosout] /usb_cam_2 http://mdas-Meerkat:42339/
[rosmaster.master][INFO] 2017-11-08 13:17:25,248: +SERVICE [/usb_cam_2/get_loggers] /usb_cam_2 http://mdas-Meerkat:42339/
[rosmaster.master][INFO] 2017-11-08 13:17:25,248: +SERVICE [/usb_cam_2/set_logger_level] /usb_cam_2 http://mdas-Meerkat:42339/
[rosmaster.master][INFO] 2017-11-08 13:17:25,276: publisherUpdate[/rosout] -> http://mdas-Meerkat:37241/
[rosmaster.master][INFO] 2017-11-08 13:17:25,293: +PUB [/usb_cam_2/image_raw] /usb_cam_2 http://mdas-Meerkat:42339/
[rosmaster.master][INFO] 2017-11-08 13:17:25,293: +PUB [/usb_cam_2/camera_info] /usb_cam_2 http://mdas-Meerkat:42339/
[rosmaster.master][INFO] 2017-11-08 13:17:25,302: +SERVICE [/usb_cam_2/set_camera_info] /usb_cam_2 http://mdas-Meerkat:42339/
[rosmaster.master][INFO] 2017-11-08 13:17:25,303: +SERVICE [/usb_cam_2/start_capture] /usb_cam_2 http://mdas-Meerkat:42339/
[rosmaster.master][INFO] 2017-11-08 13:17:25,303: +SERVICE [/usb_cam_2/stop_capture] /usb_cam_2 http://mdas-Meerkat:42339/
[rosmaster.master][INFO] 2017-11-08 13:17:25,379: -PUB [/rosout] /usb_cam_2 http://mdas-Meerkat:42339/
[rosmaster.master][INFO] 2017-11-08 13:17:25,381: -PUB [/usb_cam_2/image_raw] /usb_cam_2 http://mdas-Meerkat:42339/
[rosmaster.master][INFO] 2017-11-08 13:17:25,382: -PUB [/usb_cam_2/camera_info] /usb_cam_2 http://mdas-Meerkat:42339/
[rosmaster.master][INFO] 2017-11-08 13:17:25,384: -SERVICE [/usb_cam_2/get_loggers] /usb_cam_2 rosrpc://mdas-Meerkat:45563
[rosmaster.master][INFO] 2017-11-08 13:17:25,386: -SERVICE [/usb_cam_2/set_logger_level] /usb_cam_2 rosrpc://mdas-Meerkat:45563
[rosmaster.master][INFO] 2017-11-08 13:17:25,388: -SERVICE [/usb_cam_2/set_camera_info] /usb_cam_2 rosrpc://mdas-Meerkat:45563
[rosmaster.master][INFO] 2017-11-08 13:17:25,390: -SERVICE [/usb_cam_2/start_capture] /usb_cam_2 rosrpc://mdas-Meerkat:45563
[rosmaster.master][INFO] 2017-11-08 13:17:25,391: -SERVICE [/usb_cam_2/stop_capture] /usb_cam_2 rosrpc://mdas-Meerkat:45563
[rosmaster.master][INFO] 2017-11-08 13:17:25,477: publisherUpdate[/rosout] -> http://mdas-Meerkat:37241/
[rosmaster.master][INFO] 2017-11-08 13:17:32,490: +PARAM [/roslaunch/uris/host_mdas_meerkat__33975] by /roslaunch
[rosmaster.master][INFO] 2017-11-08 13:17:32,492: +PARAM [/rosdistro] by /roslaunch
[rosmaster.master][INFO] 2017-11-08 13:17:32,492: +PARAM [/usb_cam_1/video_device] by /roslaunch
[rosmaster.master][INFO] 2017-11-08 13:17:32,492: +PARAM [/usb_cam_1/camera_frame_id] by /roslaunch
[rosmaster.master][INFO] 2017-11-08 13:17:32,492: +PARAM [/usb_cam_1/image_width] by /roslaunch
[rosmaster.master][INFO] 2017-11-08 13:17:32,492: +PARAM [/usb_cam_1/io_method] by /roslaunch
[rosmaster.master][INFO] 2017-11-08 13:17:32,492: +PARAM [/usb_cam_1/framerate] by /roslaunch
[rosmaster.master][INFO] 2017-11-08 13:17:32,492: +PARAM [/rosversion] by /roslaunch
[rosmaster.master][INFO] 2017-11-08 13:17:32,492: +PARAM [/usb_cam_1/pixel_format] by /roslaunch
[rosmaster.master][INFO] 2017-11-08 13:17:32,492: +PARAM [/usb_cam_1/image_height] by /roslaunch
[rosmaster.master][INFO] 2017-11-08 13:17:32,555: +PUB [/rosout] /usb_cam_1 http://mdas-Meerkat:44925/
[rosmaster.master][INFO] 2017-11-08 13:17:32,556: +SERVICE [/usb_cam_1/get_loggers] /usb_cam_1 http://mdas-Meerkat:44925/
[rosmaster.master][INFO] 2017-11-08 13:17:32,556: +SERVICE [/usb_cam_1/set_logger_level] /usb_cam_1 http://mdas-Meerkat:44925/
[rosmaster.master][INFO] 2017-11-08 13:17:32,588: publisherUpdate[/rosout] -> http://mdas-Meerkat:37241/
[rosmaster.master][INFO] 2017-11-08 13:17:32,600: +PUB [/usb_cam_1/image_raw] /usb_cam_1 http://mdas-Meerkat:44925/
[rosmaster.master][INFO] 2017-11-08 13:17:32,601: +PUB [/usb_cam_1/camera_info] /usb_cam_1 http://mdas-Meerkat:44925/
[rosmaster.master][INFO] 2017-11-08 13:17:32,610: +SERVICE [/usb_cam_1/set_camera_info] /usb_cam_1 http://mdas-Meerkat:44925/
[rosmaster.master][INFO] 2017-11-08 13:17:32,610: +SERVICE [/usb_cam_1/start_capture] /usb_cam_1 http://mdas-Meerkat:44925/
[rosmaster.master][INFO] 2017-11-08 13:17:32,611: +SERVICE [/usb_cam_1/stop_capture] /usb_cam_1 http://mdas-Meerkat:44925/
[rosmaster.master][INFO] 2017-11-08 13:17:32,691: -PUB [/rosout] /usb_cam_1 http://mdas-Meerkat:44925/
[rosmaster.master][INFO] 2017-11-08 13:17:32,693: -PUB [/usb_cam_1/image_raw] /usb_cam_1 http://mdas-Meerkat:44925/
[rosmaster.master][INFO] 2017-11-08 13:17:32,696: -PUB [/usb_cam_1/camera_info] /usb_cam_1 http://mdas-Meerkat:44925/
[rosmaster.master][INFO] 2017-11-08 13:17:32,698: -SERVICE [/usb_cam_1/get_loggers] /usb_cam_1 rosrpc://mdas-Meerkat:52355
[rosmaster.master][INFO] 2017-11-08 13:17:32,700: -SERVICE [/usb_cam_1/set_logger_level] /usb_cam_1 rosrpc://mdas-Meerkat:52355
[rosmaster.master][INFO] 2017-11-08 13:17:32,702: -SERVICE [/usb_cam_1/set_camera_info] /usb_cam_1 rosrpc://mdas-Meerkat:52355
[rosmaster.master][INFO] 2017-11-08 13:17:32,704: -SERVICE [/usb_cam_1/start_capture] /usb_cam_1 rosrpc://mdas-Meerkat:52355
[rosmaster.master][INFO] 2017-11-08 13:17:32,706: -SERVICE [/usb_cam_1/stop_capture] /usb_cam_1 rosrpc://mdas-Meerkat:52355
[rosmaster.master][INFO] 2017-11-08 13:17:32,789: publisherUpdate[/rosout] -> http://mdas-Meerkat:37241/
[rosmaster.master][INFO] 2017-11-08 13:18:02,965: +PARAM [/roslaunch/uris/host_mdas_meerkat__43023] by /roslaunch
[rosmaster.master][INFO] 2017-11-08 13:18:02,968: +PARAM [/rosdistro] by /roslaunch
[rosmaster.master][INFO] 2017-11-08 13:18:02,968: +PARAM [/usb_cam_1/video_device] by /roslaunch
[rosmaster.master][INFO] 2017-11-08 13:18:02,968: +PARAM [/usb_cam_1/camera_frame_id] by /roslaunch
[rosmaster.master][INFO] 2017-11-08 13:18:02,968: +PARAM [/usb_cam_2/video_device] by /roslaunch
[rosmaster.master][INFO] 2017-11-08 13:18:02,968: +PARAM [/usb_cam_1/image_width] by /roslaunch
[rosmaster.master][INFO] 2017-11-08 13:18:02,968: +PARAM [/usb_cam_1/io_method] by /roslaunch
[rosmaster.master][INFO] 2017-11-08 13:18:02,968: +PARAM [/usb_cam_1/framerate] by /roslaunch
[rosmaster.master][INFO] 2017-11-08 13:18:02,968: +PARAM [/rosversion] by /roslaunch
[rosmaster.master][INFO] 2017-11-08 13:18:02,968: +PARAM [/usb_cam_2/framerate] by /roslaunch
[rosmaster.master][INFO] 2017-11-08 13:18:02,968: +PARAM [/usb_cam_1/pixel_format] by /roslaunch
[rosmaster.master][INFO] 2017-11-08 13:18:02,969: +PARAM [/usb_cam_2/pixel_format] by /roslaunch
[rosmaster.master][INFO] 2017-11-08 13:18:02,969: +PARAM [/usb_cam_2/image_height] by /roslaunch
[rosmaster.master][INFO] 2017-11-08 13:18:02,969: +PARAM [/usb_cam_2/io_method] by /roslaunch
[rosmaster.master][INFO] 2017-11-08 13:18:02,969: +PARAM [/usb_cam_2/image_width] by /roslaunch
[rosmaster.master][INFO] 2017-11-08 13:18:02,969: +PARAM [/usb_cam_2/camera_frame_id] by /roslaunch
[rosmaster.master][INFO] 2017-11-08 13:18:02,969: +PARAM [/usb_cam_1/image_height] by /roslaunch
[rosmaster.master][INFO] 2017-11-08 13:18:03,033: +PUB [/rosout] /usb_cam_1 http://mdas-Meerkat:45181/
[rosmaster.master][INFO] 2017-11-08 13:18:03,033: +SERVICE [/usb_cam_1/get_loggers] /usb_cam_1 http://mdas-Meerkat:45181/
[rosmaster.master][INFO] 2017-11-08 13:18:03,034: +SERVICE [/usb_cam_1/set_logger_level] /usb_cam_1 http://mdas-Meerkat:45181/
[rosmaster.master][INFO] 2017-11-08 13:18:03,036: +PUB [/rosout] /usb_cam_2 http://mdas-Meerkat:43579/
[rosmaster.master][INFO] 2017-11-08 13:18:03,037: +SERVICE [/usb_cam_2/get_loggers] /usb_cam_2 http://mdas-Meerkat:43579/
[rosmaster.master][INFO] 2017-11-08 13:18:03,037: +SERVICE [/usb_cam_2/set_logger_level] /usb_cam_2 http://mdas-Meerkat:43579/
[rosmaster.master][INFO] 2017-11-08 13:18:03,038: publisherUpdate[/rosout] -> http://mdas-Meerkat:37241/
[rosmaster.master][INFO] 2017-11-08 13:18:03,039: publisherUpdate[/rosout] -> http://mdas-Meerkat:37241/
[rosmaster.master][INFO] 2017-11-08 13:18:03,079: +PUB [/usb_cam_1/image_raw] /usb_cam_1 http://mdas-Meerkat:45181/
[rosmaster.master][INFO] 2017-11-08 13:18:03,079: +PUB [/usb_cam_1/camera_info] /usb_cam_1 http://mdas-Meerkat:45181/
[rosmaster.master][INFO] 2017-11-08 13:18:03,083: +PUB [/usb_cam_2/image_raw] /usb_cam_2 http://mdas-Meerkat:43579/
[rosmaster.master][INFO] 2017-11-08 13:18:03,083: +PUB [/usb_cam_2/camera_info] /usb_cam_2 http://mdas-Meerkat:43579/
[rosmaster.master][INFO] 2017-11-08 13:18:03,095: +SERVICE [/usb_cam_1/set_camera_info] /usb_cam_1 http://mdas-Meerkat:45181/
[rosmaster.master][INFO] 2017-11-08 13:18:03,096: +SERVICE [/usb_cam_1/start_capture] /usb_cam_1 http://mdas-Meerkat:45181/
[rosmaster.master][INFO] 2017-11-08 13:18:03,096: +SERVICE [/usb_cam_1/stop_capture] /usb_cam_1 http://mdas-Meerkat:45181/
[rosmaster.master][INFO] 2017-11-08 13:18:03,099: +SERVICE [/usb_cam_2/set_camera_info] /usb_cam_2 http://mdas-Meerkat:43579/
[rosmaster.master][INFO] 2017-11-08 13:18:03,099: +SERVICE [/usb_cam_2/start_capture] /usb_cam_2 http://mdas-Meerkat:43579/
[rosmaster.master][INFO] 2017-11-08 13:18:03,099: +SERVICE [/usb_cam_2/stop_capture] /usb_cam_2 http://mdas-Meerkat:43579/
[rosmaster.master][INFO] 2017-11-08 13:18:03,141: -PUB [/rosout] /usb_cam_1 http://mdas-Meerkat:45181/
[rosmaster.master][INFO] 2017-11-08 13:18:03,141: publisherUpdate[/rosout] -> http://mdas-Meerkat:37241/
[rosmaster.master][INFO] 2017-11-08 13:18:03,143: -PUB [/rosout] /usb_cam_2 http://mdas-Meerkat:43579/
[rosmaster.master][INFO] 2017-11-08 13:18:03,144: publisherUpdate[/rosout] -> http://mdas-Meerkat:37241/
[rosmaster.master][INFO] 2017-11-08 13:18:03,147: -PUB [/usb_cam_1/image_raw] /usb_cam_1 http://mdas-Meerkat:45181/
[rosmaster.master][INFO] 2017-11-08 13:18:03,149: -PUB [/usb_cam_2/image_raw] /usb_cam_2 http://mdas-Meerkat:43579/
[rosmaster.master][INFO] 2017-11-08 13:18:03,150: -PUB [/usb_cam_1/camera_info] /usb_cam_1 http://mdas-Meerkat:45181/
[rosmaster.master][INFO] 2017-11-08 13:18:03,152: -PUB [/usb_cam_2/camera_info] /usb_cam_2 http://mdas-Meerkat:43579/
[rosmaster.master][INFO] 2017-11-08 13:18:03,154: -SERVICE [/usb_cam_1/get_loggers] /usb_cam_1 rosrpc://mdas-Meerkat:45423
[rosmaster.master][INFO] 2017-11-08 13:18:03,155: -SERVICE [/usb_cam_2/get_loggers] /usb_cam_2 rosrpc://mdas-Meerkat:45375
[rosmaster.master][INFO] 2017-11-08 13:18:03,157: -SERVICE [/usb_cam_1/set_logger_level] /usb_cam_1 rosrpc://mdas-Meerkat:45423
[rosmaster.master][INFO] 2017-11-08 13:18:03,158: -SERVICE [/usb_cam_2/set_logger_level] /usb_cam_2 rosrpc://mdas-Meerkat:45375
[rosmaster.master][INFO] 2017-11-08 13:18:03,160: -SERVICE [/usb_cam_1/set_camera_info] /usb_cam_1 rosrpc://mdas-Meerkat:45423
[rosmaster.master][INFO] 2017-11-08 13:18:03,162: -SERVICE [/usb_cam_2/set_camera_info] /usb_cam_2 rosrpc://mdas-Meerkat:45375
[rosmaster.master][INFO] 2017-11-08 13:18:03,163: -SERVICE [/usb_cam_1/start_capture] /usb_cam_1 rosrpc://mdas-Meerkat:45423
[rosmaster.master][INFO] 2017-11-08 13:18:03,165: -SERVICE [/usb_cam_2/start_capture] /usb_cam_2 rosrpc://mdas-Meerkat:45375
[rosmaster.master][INFO] 2017-11-08 13:18:03,166: -SERVICE [/usb_cam_1/stop_capture] /usb_cam_1 rosrpc://mdas-Meerkat:45423
[rosmaster.master][INFO] 2017-11-08 13:18:03,168: -SERVICE [/usb_cam_2/stop_capture] /usb_cam_2 rosrpc://mdas-Meerkat:45375
[rosmaster.master][INFO] 2017-11-08 13:19:22,917: +PARAM [/roslaunch/uris/host_mdas_meerkat__42699] by /roslaunch
[rosmaster.master][INFO] 2017-11-08 13:19:22,919: +PARAM [/rosdistro] by /roslaunch
[rosmaster.master][INFO] 2017-11-08 13:19:22,920: +PARAM [/usb_cam_1/video_device] by /roslaunch
[rosmaster.master][INFO] 2017-11-08 13:19:22,920: +PARAM [/usb_cam_1/camera_frame_id] by /roslaunch
[rosmaster.master][INFO] 2017-11-08 13:19:22,920: +PARAM [/usb_cam_1/image_width] by /roslaunch
[rosmaster.master][INFO] 2017-11-08 13:19:22,920: +PARAM [/usb_cam_1/io_method] by /roslaunch
[rosmaster.master][INFO] 2017-11-08 13:19:22,920: +PARAM [/usb_cam_1/framerate] by /roslaunch
[rosmaster.master][INFO] 2017-11-08 13:19:22,920: +PARAM [/rosversion] by /roslaunch
[rosmaster.master][INFO] 2017-11-08 13:19:22,920: +PARAM [/usb_cam_1/pixel_format] by /roslaunch
[rosmaster.master][INFO] 2017-11-08 13:19:22,920: +PARAM [/usb_cam_1/image_height] by /roslaunch
[rosmaster.master][INFO] 2017-11-08 13:19:22,982: +PUB [/rosout] /usb_cam_1 http://mdas-Meerkat:38101/
[rosmaster.master][INFO] 2017-11-08 13:19:22,983: +SERVICE [/usb_cam_1/get_loggers] /usb_cam_1 http://mdas-Meerkat:38101/
[rosmaster.master][INFO] 2017-11-08 13:19:22,983: +SERVICE [/usb_cam_1/set_logger_level] /usb_cam_1 http://mdas-Meerkat:38101/
[rosmaster.master][INFO] 2017-11-08 13:19:23,018: +PUB [/usb_cam_1/image_raw] /usb_cam_1 http://mdas-Meerkat:38101/
[rosmaster.master][INFO] 2017-11-08 13:19:23,019: +PUB [/usb_cam_1/camera_info] /usb_cam_1 http://mdas-Meerkat:38101/
[rosmaster.master][INFO] 2017-11-08 13:19:23,028: +SERVICE [/usb_cam_1/set_camera_info] /usb_cam_1 http://mdas-Meerkat:38101/
[rosmaster.master][INFO] 2017-11-08 13:19:23,028: +SERVICE [/usb_cam_1/start_capture] /usb_cam_1 http://mdas-Meerkat:38101/
[rosmaster.master][INFO] 2017-11-08 13:19:23,028: +SERVICE [/usb_cam_1/stop_capture] /usb_cam_1 http://mdas-Meerkat:38101/
[rosmaster.master][INFO] 2017-11-08 13:19:23,075: publisherUpdate[/rosout] -> http://mdas-Meerkat:37241/
[rosmaster.master][INFO] 2017-11-08 13:19:23,178: -PUB [/rosout] /usb_cam_1 http://mdas-Meerkat:38101/
[rosmaster.master][INFO] 2017-11-08 13:19:23,180: -PUB [/usb_cam_1/image_raw] /usb_cam_1 http://mdas-Meerkat:38101/
[rosmaster.master][INFO] 2017-11-08 13:19:23,181: publisherUpdate[/rosout] -> http://mdas-Meerkat:37241/
[rosmaster.master][INFO] 2017-11-08 13:19:23,182: -PUB [/usb_cam_1/camera_info] /usb_cam_1 http://mdas-Meerkat:38101/
[rosmaster.master][INFO] 2017-11-08 13:19:23,184: -SERVICE [/usb_cam_1/get_loggers] /usb_cam_1 rosrpc://mdas-Meerkat:41103
[rosmaster.master][INFO] 2017-11-08 13:19:23,186: -SERVICE [/usb_cam_1/set_logger_level] /usb_cam_1 rosrpc://mdas-Meerkat:41103
[rosmaster.master][INFO] 2017-11-08 13:19:23,188: -SERVICE [/usb_cam_1/set_camera_info] /usb_cam_1 rosrpc://mdas-Meerkat:41103
[rosmaster.master][INFO] 2017-11-08 13:19:23,189: -SERVICE [/usb_cam_1/start_capture] /usb_cam_1 rosrpc://mdas-Meerkat:41103
[rosmaster.master][INFO] 2017-11-08 13:19:23,191: -SERVICE [/usb_cam_1/stop_capture] /usb_cam_1 rosrpc://mdas-Meerkat:41103
[rosmaster.master][INFO] 2017-11-08 13:19:28,891: +PARAM [/roslaunch/uris/host_mdas_meerkat__38873] by /roslaunch
[rosmaster.master][INFO] 2017-11-08 13:19:28,894: +PARAM [/rosdistro] by /roslaunch
[rosmaster.master][INFO] 2017-11-08 13:19:28,894: +PARAM [/usb_cam_1/video_device] by /roslaunch
[rosmaster.master][INFO] 2017-11-08 13:19:28,894: +PARAM [/usb_cam_1/camera_frame_id] by /roslaunch
[rosmaster.master][INFO] 2017-11-08 13:19:28,894: +PARAM [/usb_cam_2/video_device] by /roslaunch
[rosmaster.master][INFO] 2017-11-08 13:19:28,894: +PARAM [/usb_cam_1/image_width] by /roslaunch
[rosmaster.master][INFO] 2017-11-08 13:19:28,894: +PARAM [/usb_cam_1/io_method] by /roslaunch
[rosmaster.master][INFO] 2017-11-08 13:19:28,894: +PARAM [/usb_cam_1/framerate] by /roslaunch
[rosmaster.master][INFO] 2017-11-08 13:19:28,894: +PARAM [/rosversion] by /roslaunch
[rosmaster.master][INFO] 2017-11-08 13:19:28,894: +PARAM [/usb_cam_2/framerate] by /roslaunch
[rosmaster.master][INFO] 2017-11-08 13:19:28,894: +PARAM [/usb_cam_1/pixel_format] by /roslaunch
[rosmaster.master][INFO] 2017-11-08 13:19:28,894: +PARAM [/usb_cam_2/pixel_format] by /roslaunch
[rosmaster.master][INFO] 2017-11-08 13:19:28,894: +PARAM [/usb_cam_2/image_height] by /roslaunch
[rosmaster.master][INFO] 2017-11-08 13:19:28,894: +PARAM [/usb_cam_2/io_method] by /roslaunch
[rosmaster.master][INFO] 2017-11-08 13:19:28,894: +PARAM [/usb_cam_2/image_width] by /roslaunch
[rosmaster.master][INFO] 2017-11-08 13:19:28,894: +PARAM [/usb_cam_2/camera_frame_id] by /roslaunch
[rosmaster.master][INFO] 2017-11-08 13:19:28,895: +PARAM [/usb_cam_1/image_height] by /roslaunch
[rosmaster.master][INFO] 2017-11-08 13:19:28,959: +PUB [/rosout] /usb_cam_1 http://mdas-Meerkat:38041/
[rosmaster.master][INFO] 2017-11-08 13:19:28,959: +SERVICE [/usb_cam_1/get_loggers] /usb_cam_1 http://mdas-Meerkat:38041/
[rosmaster.master][INFO] 2017-11-08 13:19:28,960: +SERVICE [/usb_cam_1/set_logger_level] /usb_cam_1 http://mdas-Meerkat:38041/
[rosmaster.master][INFO] 2017-11-08 13:19:28,961: +PUB [/rosout] /usb_cam_2 http://mdas-Meerkat:38569/
[rosmaster.master][INFO] 2017-11-08 13:19:28,962: +SERVICE [/usb_cam_2/get_loggers] /usb_cam_2 http://mdas-Meerkat:38569/
[rosmaster.master][INFO] 2017-11-08 13:19:28,962: +SERVICE [/usb_cam_2/set_logger_level] /usb_cam_2 http://mdas-Meerkat:38569/
[rosmaster.master][INFO] 2017-11-08 13:19:28,985: publisherUpdate[/rosout] -> http://mdas-Meerkat:37241/
[rosmaster.master][INFO] 2017-11-08 13:19:28,986: publisherUpdate[/rosout] -> http://mdas-Meerkat:37241/
[rosmaster.master][INFO] 2017-11-08 13:19:29,011: +PUB [/usb_cam_1/image_raw] /usb_cam_1 http://mdas-Meerkat:38041/
[rosmaster.master][INFO] 2017-11-08 13:19:29,012: +PUB [/usb_cam_1/camera_info] /usb_cam_1 http://mdas-Meerkat:38041/
[rosmaster.master][INFO] 2017-11-08 13:19:29,015: +PUB [/usb_cam_2/image_raw] /usb_cam_2 http://mdas-Meerkat:38569/
[rosmaster.master][INFO] 2017-11-08 13:19:29,015: +PUB [/usb_cam_2/camera_info] /usb_cam_2 http://mdas-Meerkat:38569/
[rosmaster.master][INFO] 2017-11-08 13:19:29,028: +SERVICE [/usb_cam_1/set_camera_info] /usb_cam_1 http://mdas-Meerkat:38041/
[rosmaster.master][INFO] 2017-11-08 13:19:29,029: +SERVICE [/usb_cam_1/start_capture] /usb_cam_1 http://mdas-Meerkat:38041/
[rosmaster.master][INFO] 2017-11-08 13:19:29,029: +SERVICE [/usb_cam_1/stop_capture] /usb_cam_1 http://mdas-Meerkat:38041/
[rosmaster.master][INFO] 2017-11-08 13:19:29,032: +SERVICE [/usb_cam_2/set_camera_info] /usb_cam_2 http://mdas-Meerkat:38569/
[rosmaster.master][INFO] 2017-11-08 13:19:29,033: +SERVICE [/usb_cam_2/start_capture] /usb_cam_2 http://mdas-Meerkat:38569/
[rosmaster.master][INFO] 2017-11-08 13:19:29,033: +SERVICE [/usb_cam_2/stop_capture] /usb_cam_2 http://mdas-Meerkat:38569/
[rosmaster.master][INFO] 2017-11-08 13:19:29,087: -PUB [/rosout] /usb_cam_1 http://mdas-Meerkat:38041/
[rosmaster.master][INFO] 2017-11-08 13:19:29,088: -PUB [/rosout] /usb_cam_2 http://mdas-Meerkat:38569/
[rosmaster.master][INFO] 2017-11-08 13:19:29,089: -PUB [/usb_cam_1/image_raw] /usb_cam_1 http://mdas-Meerkat:38041/
[rosmaster.master][INFO] 2017-11-08 13:19:29,089: -PUB [/usb_cam_2/image_raw] /usb_cam_2 http://mdas-Meerkat:38569/
[rosmaster.master][INFO] 2017-11-08 13:19:29,090: -PUB [/usb_cam_1/camera_info] /usb_cam_1 http://mdas-Meerkat:38041/
[rosmaster.master][INFO] 2017-11-08 13:19:29,091: -PUB [/usb_cam_2/camera_info] /usb_cam_2 http://mdas-Meerkat:38569/
[rosmaster.master][INFO] 2017-11-08 13:19:29,092: -SERVICE [/usb_cam_1/get_loggers] /usb_cam_1 rosrpc://mdas-Meerkat:47863
[rosmaster.master][INFO] 2017-11-08 13:19:29,093: -SERVICE [/usb_cam_2/get_loggers] /usb_cam_2 rosrpc://mdas-Meerkat:60421
[rosmaster.master][INFO] 2017-11-08 13:19:29,093: publisherUpdate[/rosout] -> http://mdas-Meerkat:37241/
[rosmaster.master][INFO] 2017-11-08 13:19:29,094: -SERVICE [/usb_cam_1/set_logger_level] /usb_cam_1 rosrpc://mdas-Meerkat:47863
[rosmaster.master][INFO] 2017-11-08 13:19:29,094: publisherUpdate[/rosout] -> http://mdas-Meerkat:37241/
[rosmaster.master][INFO] 2017-11-08 13:19:29,095: -SERVICE [/usb_cam_2/set_logger_level] /usb_cam_2 rosrpc://mdas-Meerkat:60421
[rosmaster.master][INFO] 2017-11-08 13:19:29,096: -SERVICE [/usb_cam_1/set_camera_info] /usb_cam_1 rosrpc://mdas-Meerkat:47863
[rosmaster.master][INFO] 2017-11-08 13:19:29,098: -SERVICE [/usb_cam_2/set_camera_info] /usb_cam_2 rosrpc://mdas-Meerkat:60421
[rosmaster.master][INFO] 2017-11-08 13:19:29,098: -SERVICE [/usb_cam_1/start_capture] /usb_cam_1 rosrpc://mdas-Meerkat:47863
[rosmaster.master][INFO] 2017-11-08 13:19:29,099: -SERVICE [/usb_cam_2/start_capture] /usb_cam_2 rosrpc://mdas-Meerkat:60421
[rosmaster.master][INFO] 2017-11-08 13:19:29,100: -SERVICE [/usb_cam_1/stop_capture] /usb_cam_1 rosrpc://mdas-Meerkat:47863
[rosmaster.master][INFO] 2017-11-08 13:19:29,101: -SERVICE [/usb_cam_2/stop_capture] /usb_cam_2 rosrpc://mdas-Meerkat:60421
[rosmaster.master][INFO] 2017-11-08 13:19:39,126: +PARAM [/roslaunch/uris/host_mdas_meerkat__37147] by /roslaunch
[rosmaster.master][INFO] 2017-11-08 13:19:39,128: +PARAM [/rosdistro] by /roslaunch
[rosmaster.master][INFO] 2017-11-08 13:19:39,128: +PARAM [/usb_cam_2/video_device] by /roslaunch
[rosmaster.master][INFO] 2017-11-08 13:19:39,129: +PARAM [/usb_cam_2/image_width] by /roslaunch
[rosmaster.master][INFO] 2017-11-08 13:19:39,129: +PARAM [/rosversion] by /roslaunch
[rosmaster.master][INFO] 2017-11-08 13:19:39,129: +PARAM [/usb_cam_2/image_height] by /roslaunch
[rosmaster.master][INFO] 2017-11-08 13:19:39,129: +PARAM [/usb_cam_2/framerate] by /roslaunch
[rosmaster.master][INFO] 2017-11-08 13:19:39,129: +PARAM [/usb_cam_2/io_method] by /roslaunch
[rosmaster.master][INFO] 2017-11-08 13:19:39,129: +PARAM [/usb_cam_2/camera_frame_id] by /roslaunch
[rosmaster.master][INFO] 2017-11-08 13:19:39,129: +PARAM [/usb_cam_2/pixel_format] by /roslaunch
[rosmaster.master][INFO] 2017-11-08 13:19:39,192: +PUB [/rosout] /usb_cam_2 http://mdas-Meerkat:44553/
[rosmaster.master][INFO] 2017-11-08 13:19:39,193: +SERVICE [/usb_cam_2/get_loggers] /usb_cam_2 http://mdas-Meerkat:44553/
[rosmaster.master][INFO] 2017-11-08 13:19:39,193: +SERVICE [/usb_cam_2/set_logger_level] /usb_cam_2 http://mdas-Meerkat:44553/
[rosmaster.master][INFO] 2017-11-08 13:19:39,202: publisherUpdate[/rosout] -> http://mdas-Meerkat:37241/
[rosmaster.master][INFO] 2017-11-08 13:19:39,238: +PUB [/usb_cam_2/image_raw] /usb_cam_2 http://mdas-Meerkat:44553/
[rosmaster.master][INFO] 2017-11-08 13:19:39,238: +PUB [/usb_cam_2/camera_info] /usb_cam_2 http://mdas-Meerkat:44553/
[rosmaster.master][INFO] 2017-11-08 13:19:39,247: +SERVICE [/usb_cam_2/set_camera_info] /usb_cam_2 http://mdas-Meerkat:44553/
[rosmaster.master][INFO] 2017-11-08 13:19:39,247: +SERVICE [/usb_cam_2/start_capture] /usb_cam_2 http://mdas-Meerkat:44553/
[rosmaster.master][INFO] 2017-11-08 13:19:39,248: +SERVICE [/usb_cam_2/stop_capture] /usb_cam_2 http://mdas-Meerkat:44553/
[rosmaster.master][INFO] 2017-11-08 13:19:39,304: -PUB [/rosout] /usb_cam_2 http://mdas-Meerkat:44553/
[rosmaster.master][INFO] 2017-11-08 13:19:39,306: -PUB [/usb_cam_2/image_raw] /usb_cam_2 http://mdas-Meerkat:44553/
[rosmaster.master][INFO] 2017-11-08 13:19:39,307: -PUB [/usb_cam_2/camera_info] /usb_cam_2 http://mdas-Meerkat:44553/
[rosmaster.master][INFO] 2017-11-08 13:19:39,309: -SERVICE [/usb_cam_2/get_loggers] /usb_cam_2 rosrpc://mdas-Meerkat:33289
[rosmaster.master][INFO] 2017-11-08 13:19:39,310: -SERVICE [/usb_cam_2/set_logger_level] /usb_cam_2 rosrpc://mdas-Meerkat:33289
[rosmaster.master][INFO] 2017-11-08 13:19:39,312: -SERVICE [/usb_cam_2/set_camera_info] /usb_cam_2 rosrpc://mdas-Meerkat:33289
[rosmaster.master][INFO] 2017-11-08 13:19:39,314: -SERVICE [/usb_cam_2/start_capture] /usb_cam_2 rosrpc://mdas-Meerkat:33289
[rosmaster.master][INFO] 2017-11-08 13:19:39,314: publisherUpdate[/rosout] -> http://mdas-Meerkat:37241/
[rosmaster.master][INFO] 2017-11-08 13:19:39,316: -SERVICE [/usb_cam_2/stop_capture] /usb_cam_2 rosrpc://mdas-Meerkat:33289
[rosmaster.master][INFO] 2017-11-08 13:20:05,150: +PARAM [/roslaunch/uris/host_mdas_meerkat__41903] by /roslaunch
[rosmaster.master][INFO] 2017-11-08 13:20:05,152: +PARAM [/rosdistro] by /roslaunch
[rosmaster.master][INFO] 2017-11-08 13:20:05,153: +PARAM [/usb_cam_2/video_device] by /roslaunch
[rosmaster.master][INFO] 2017-11-08 13:20:05,153: +PARAM [/usb_cam_2/image_width] by /roslaunch
[rosmaster.master][INFO] 2017-11-08 13:20:05,153: +PARAM [/rosversion] by /roslaunch
[rosmaster.master][INFO] 2017-11-08 13:20:05,153: +PARAM [/usb_cam_2/image_height] by /roslaunch
[rosmaster.master][INFO] 2017-11-08 13:20:05,153: +PARAM [/usb_cam_2/framerate] by /roslaunch
[rosmaster.master][INFO] 2017-11-08 13:20:05,153: +PARAM [/usb_cam_2/io_method] by /roslaunch
[rosmaster.master][INFO] 2017-11-08 13:20:05,153: +PARAM [/usb_cam_2/camera_frame_id] by /roslaunch
[rosmaster.master][INFO] 2017-11-08 13:20:05,153: +PARAM [/usb_cam_2/pixel_format] by /roslaunch
[rosmaster.master][INFO] 2017-11-08 13:20:05,217: +PUB [/rosout] /usb_cam_2 http://mdas-Meerkat:34859/
[rosmaster.master][INFO] 2017-11-08 13:20:05,218: +SERVICE [/usb_cam_2/get_loggers] /usb_cam_2 http://mdas-Meerkat:34859/
[rosmaster.master][INFO] 2017-11-08 13:20:05,218: +SERVICE [/usb_cam_2/set_logger_level] /usb_cam_2 http://mdas-Meerkat:34859/
[rosmaster.master][INFO] 2017-11-08 13:20:05,245: publisherUpdate[/rosout] -> http://mdas-Meerkat:37241/
[rosmaster.master][INFO] 2017-11-08 13:20:05,262: +PUB [/usb_cam_2/image_raw] /usb_cam_2 http://mdas-Meerkat:34859/
[rosmaster.master][INFO] 2017-11-08 13:20:05,263: +PUB [/usb_cam_2/camera_info] /usb_cam_2 http://mdas-Meerkat:34859/
[rosmaster.master][INFO] 2017-11-08 13:20:05,272: +SERVICE [/usb_cam_2/set_camera_info] /usb_cam_2 http://mdas-Meerkat:34859/
[rosmaster.master][INFO] 2017-11-08 13:20:05,273: +SERVICE [/usb_cam_2/start_capture] /usb_cam_2 http://mdas-Meerkat:34859/
[rosmaster.master][INFO] 2017-11-08 13:20:05,273: +SERVICE [/usb_cam_2/stop_capture] /usb_cam_2 http://mdas-Meerkat:34859/
[rosmaster.master][INFO] 2017-11-08 13:20:05,348: -PUB [/rosout] /usb_cam_2 http://mdas-Meerkat:34859/
[rosmaster.master][INFO] 2017-11-08 13:20:05,350: -PUB [/usb_cam_2/image_raw] /usb_cam_2 http://mdas-Meerkat:34859/
[rosmaster.master][INFO] 2017-11-08 13:20:05,352: -PUB [/usb_cam_2/camera_info] /usb_cam_2 http://mdas-Meerkat:34859/
[rosmaster.master][INFO] 2017-11-08 13:20:05,353: -SERVICE [/usb_cam_2/get_loggers] /usb_cam_2 rosrpc://mdas-Meerkat:45891
[rosmaster.master][INFO] 2017-11-08 13:20:05,355: -SERVICE [/usb_cam_2/set_logger_level] /usb_cam_2 rosrpc://mdas-Meerkat:45891
[rosmaster.master][INFO] 2017-11-08 13:20:05,357: -SERVICE [/usb_cam_2/set_camera_info] /usb_cam_2 rosrpc://mdas-Meerkat:45891
[rosmaster.master][INFO] 2017-11-08 13:20:05,359: -SERVICE [/usb_cam_2/start_capture] /usb_cam_2 rosrpc://mdas-Meerkat:45891
[rosmaster.master][INFO] 2017-11-08 13:20:05,361: -SERVICE [/usb_cam_2/stop_capture] /usb_cam_2 rosrpc://mdas-Meerkat:45891
[rosmaster.master][INFO] 2017-11-08 13:20:05,362: publisherUpdate[/rosout] -> http://mdas-Meerkat:37241/
[rosmaster.master][INFO] 2017-11-08 13:20:07,498: +PARAM [/roslaunch/uris/host_mdas_meerkat__45357] by /roslaunch
[rosmaster.master][INFO] 2017-11-08 13:20:07,500: +PARAM [/rosdistro] by /roslaunch
[rosmaster.master][INFO] 2017-11-08 13:20:07,500: +PARAM [/usb_cam_1/video_device] by /roslaunch
[rosmaster.master][INFO] 2017-11-08 13:20:07,500: +PARAM [/usb_cam_1/camera_frame_id] by /roslaunch
[rosmaster.master][INFO] 2017-11-08 13:20:07,500: +PARAM [/usb_cam_2/video_device] by /roslaunch
[rosmaster.master][INFO] 2017-11-08 13:20:07,501: +PARAM [/usb_cam_1/image_width] by /roslaunch
[rosmaster.master][INFO] 2017-11-08 13:20:07,501: +PARAM [/usb_cam_1/io_method] by /roslaunch
[rosmaster.master][INFO] 2017-11-08 13:20:07,501: +PARAM [/usb_cam_1/framerate] by /roslaunch
[rosmaster.master][INFO] 2017-11-08 13:20:07,501: +PARAM [/rosversion] by /roslaunch
[rosmaster.master][INFO] 2017-11-08 13:20:07,501: +PARAM [/usb_cam_2/framerate] by /roslaunch
[rosmaster.master][INFO] 2017-11-08 13:20:07,501: +PARAM [/usb_cam_1/pixel_format] by /roslaunch
[rosmaster.master][INFO] 2017-11-08 13:20:07,501: +PARAM [/usb_cam_2/pixel_format] by /roslaunch
[rosmaster.master][INFO] 2017-11-08 13:20:07,501: +PARAM [/usb_cam_2/image_height] by /roslaunch
[rosmaster.master][INFO] 2017-11-08 13:20:07,501: +PARAM [/usb_cam_2/io_method] by /roslaunch
[rosmaster.master][INFO] 2017-11-08 13:20:07,501: +PARAM [/usb_cam_2/image_width] by /roslaunch
[rosmaster.master][INFO] 2017-11-08 13:20:07,501: +PARAM [/usb_cam_2/camera_frame_id] by /roslaunch
[rosmaster.master][INFO] 2017-11-08 13:20:07,501: +PARAM [/usb_cam_1/image_height] by /roslaunch
[rosmaster.master][INFO] 2017-11-08 13:20:07,565: +PUB [/rosout] /usb_cam_1 http://mdas-Meerkat:34075/
[rosmaster.master][INFO] 2017-11-08 13:20:07,565: +SERVICE [/usb_cam_1/get_loggers] /usb_cam_1 http://mdas-Meerkat:34075/
[rosmaster.master][INFO] 2017-11-08 13:20:07,566: +SERVICE [/usb_cam_1/set_logger_level] /usb_cam_1 http://mdas-Meerkat:34075/
[rosmaster.master][INFO] 2017-11-08 13:20:07,567: publisherUpdate[/rosout] -> http://mdas-Meerkat:37241/
[rosmaster.master][INFO] 2017-11-08 13:20:07,568: +PUB [/rosout] /usb_cam_2 http://mdas-Meerkat:44903/
[rosmaster.master][INFO] 2017-11-08 13:20:07,569: +SERVICE [/usb_cam_2/get_loggers] /usb_cam_2 http://mdas-Meerkat:44903/
[rosmaster.master][INFO] 2017-11-08 13:20:07,569: +SERVICE [/usb_cam_2/set_logger_level] /usb_cam_2 http://mdas-Meerkat:44903/
[rosmaster.master][INFO] 2017-11-08 13:20:07,612: +PUB [/usb_cam_1/image_raw] /usb_cam_1 http://mdas-Meerkat:34075/
[rosmaster.master][INFO] 2017-11-08 13:20:07,613: +PUB [/usb_cam_1/camera_info] /usb_cam_1 http://mdas-Meerkat:34075/
[rosmaster.master][INFO] 2017-11-08 13:20:07,615: +PUB [/usb_cam_2/image_raw] /usb_cam_2 http://mdas-Meerkat:44903/
[rosmaster.master][INFO] 2017-11-08 13:20:07,616: +PUB [/usb_cam_2/camera_info] /usb_cam_2 http://mdas-Meerkat:44903/
[rosmaster.master][INFO] 2017-11-08 13:20:07,629: +SERVICE [/usb_cam_1/set_camera_info] /usb_cam_1 http://mdas-Meerkat:34075/
[rosmaster.master][INFO] 2017-11-08 13:20:07,630: +SERVICE [/usb_cam_1/start_capture] /usb_cam_1 http://mdas-Meerkat:34075/
[rosmaster.master][INFO] 2017-11-08 13:20:07,630: +SERVICE [/usb_cam_1/stop_capture] /usb_cam_1 http://mdas-Meerkat:34075/
[rosmaster.master][INFO] 2017-11-08 13:20:07,632: +SERVICE [/usb_cam_2/set_camera_info] /usb_cam_2 http://mdas-Meerkat:44903/
[rosmaster.master][INFO] 2017-11-08 13:20:07,633: +SERVICE [/usb_cam_2/start_capture] /usb_cam_2 http://mdas-Meerkat:44903/
[rosmaster.master][INFO] 2017-11-08 13:20:07,633: +SERVICE [/usb_cam_2/stop_capture] /usb_cam_2 http://mdas-Meerkat:44903/
[rosmaster.master][INFO] 2017-11-08 13:20:07,650: publisherUpdate[/rosout] -> http://mdas-Meerkat:37241/
[rosmaster.master][INFO] 2017-11-08 13:20:07,668: -PUB [/rosout] /usb_cam_1 http://mdas-Meerkat:34075/
[rosmaster.master][INFO] 2017-11-08 13:20:07,669: -PUB [/usb_cam_1/image_raw] /usb_cam_1 http://mdas-Meerkat:34075/
[rosmaster.master][INFO] 2017-11-08 13:20:07,669: -PUB [/usb_cam_1/camera_info] /usb_cam_1 http://mdas-Meerkat:34075/
[rosmaster.master][INFO] 2017-11-08 13:20:07,669: -SERVICE [/usb_cam_1/get_loggers] /usb_cam_1 rosrpc://mdas-Meerkat:46449
[rosmaster.master][INFO] 2017-11-08 13:20:07,670: -SERVICE [/usb_cam_1/set_logger_level] /usb_cam_1 rosrpc://mdas-Meerkat:46449
[rosmaster.master][INFO] 2017-11-08 13:20:07,670: -SERVICE [/usb_cam_1/set_camera_info] /usb_cam_1 rosrpc://mdas-Meerkat:46449
[rosmaster.master][INFO] 2017-11-08 13:20:07,671: -SERVICE [/usb_cam_1/start_capture] /usb_cam_1 rosrpc://mdas-Meerkat:46449
[rosmaster.master][INFO] 2017-11-08 13:20:07,671: -SERVICE [/usb_cam_1/stop_capture] /usb_cam_1 rosrpc://mdas-Meerkat:46449
[rosmaster.master][INFO] 2017-11-08 13:20:07,750: publisherUpdate[/rosout] -> http://mdas-Meerkat:37241/
[rosmaster.master][INFO] 2017-11-08 13:20:07,753: -PUB [/rosout] /usb_cam_2 http://mdas-Meerkat:44903/
[rosmaster.master][INFO] 2017-11-08 13:20:07,754: -PUB [/usb_cam_2/image_raw] /usb_cam_2 http://mdas-Meerkat:44903/
[rosmaster.master][INFO] 2017-11-08 13:20:07,756: -PUB [/usb_cam_2/camera_info] /usb_cam_2 http://mdas-Meerkat:44903/
[rosmaster.master][INFO] 2017-11-08 13:20:07,758: -SERVICE [/usb_cam_2/get_loggers] /usb_cam_2 rosrpc://mdas-Meerkat:35019
[rosmaster.master][INFO] 2017-11-08 13:20:07,760: -SERVICE [/usb_cam_2/set_logger_level] /usb_cam_2 rosrpc://mdas-Meerkat:35019
[rosmaster.master][INFO] 2017-11-08 13:20:07,761: -SERVICE [/usb_cam_2/set_camera_info] /usb_cam_2 rosrpc://mdas-Meerkat:35019
[rosmaster.master][INFO] 2017-11-08 13:20:07,763: -SERVICE [/usb_cam_2/start_capture] /usb_cam_2 rosrpc://mdas-Meerkat:35019
[rosmaster.master][INFO] 2017-11-08 13:20:07,765: -SERVICE [/usb_cam_2/stop_capture] /usb_cam_2 rosrpc://mdas-Meerkat:35019
[rosmaster.master][INFO] 2017-11-08 13:20:07,768: publisherUpdate[/rosout] -> http://mdas-Meerkat:37241/
[rosmaster.master][INFO] 2017-11-08 13:20:12,765: +PARAM [/roslaunch/uris/host_mdas_meerkat__45707] by /roslaunch
[rosmaster.master][INFO] 2017-11-08 13:20:12,767: +PARAM [/rosdistro] by /roslaunch
[rosmaster.master][INFO] 2017-11-08 13:20:12,767: +PARAM [/usb_cam_1/video_device] by /roslaunch
[rosmaster.master][INFO] 2017-11-08 13:20:12,767: +PARAM [/usb_cam_1/camera_frame_id] by /roslaunch
[rosmaster.master][INFO] 2017-11-08 13:20:12,767: +PARAM [/usb_cam_1/image_width] by /roslaunch
[rosmaster.master][INFO] 2017-11-08 13:20:12,767: +PARAM [/usb_cam_1/io_method] by /roslaunch
[rosmaster.master][INFO] 2017-11-08 13:20:12,768: +PARAM [/usb_cam_1/framerate] by /roslaunch
[rosmaster.master][INFO] 2017-11-08 13:20:12,768: +PARAM [/rosversion] by /roslaunch
[rosmaster.master][INFO] 2017-11-08 13:20:12,768: +PARAM [/usb_cam_1/pixel_format] by /roslaunch
[rosmaster.master][INFO] 2017-11-08 13:20:12,768: +PARAM [/usb_cam_1/image_height] by /roslaunch
[rosmaster.master][INFO] 2017-11-08 13:20:12,830: +PUB [/rosout] /usb_cam_1 http://mdas-Meerkat:37943/
[rosmaster.master][INFO] 2017-11-08 13:20:12,830: +SERVICE [/usb_cam_1/get_loggers] /usb_cam_1 http://mdas-Meerkat:37943/
[rosmaster.master][INFO] 2017-11-08 13:20:12,831: +SERVICE [/usb_cam_1/set_logger_level] /usb_cam_1 http://mdas-Meerkat:37943/
[rosmaster.master][INFO] 2017-11-08 13:20:12,859: publisherUpdate[/rosout] -> http://mdas-Meerkat:37241/
[rosmaster.master][INFO] 2017-11-08 13:20:12,876: +PUB [/usb_cam_1/image_raw] /usb_cam_1 http://mdas-Meerkat:37943/
[rosmaster.master][INFO] 2017-11-08 13:20:12,876: +PUB [/usb_cam_1/camera_info] /usb_cam_1 http://mdas-Meerkat:37943/
[rosmaster.master][INFO] 2017-11-08 13:20:12,885: +SERVICE [/usb_cam_1/set_camera_info] /usb_cam_1 http://mdas-Meerkat:37943/
[rosmaster.master][INFO] 2017-11-08 13:20:12,886: +SERVICE [/usb_cam_1/start_capture] /usb_cam_1 http://mdas-Meerkat:37943/
[rosmaster.master][INFO] 2017-11-08 13:20:12,886: +SERVICE [/usb_cam_1/stop_capture] /usb_cam_1 http://mdas-Meerkat:37943/
[rosmaster.master][INFO] 2017-11-08 13:20:12,962: -PUB [/rosout] /usb_cam_1 http://mdas-Meerkat:37943/
[rosmaster.master][INFO] 2017-11-08 13:20:12,964: -PUB [/usb_cam_1/image_raw] /usb_cam_1 http://mdas-Meerkat:37943/
[rosmaster.master][INFO] 2017-11-08 13:20:12,966: -PUB [/usb_cam_1/camera_info] /usb_cam_1 http://mdas-Meerkat:37943/
[rosmaster.master][INFO] 2017-11-08 13:20:12,968: -SERVICE [/usb_cam_1/get_loggers] /usb_cam_1 rosrpc://mdas-Meerkat:37545
[rosmaster.master][INFO] 2017-11-08 13:20:12,970: -SERVICE [/usb_cam_1/set_logger_level] /usb_cam_1 rosrpc://mdas-Meerkat:37545
[rosmaster.master][INFO] 2017-11-08 13:20:12,972: -SERVICE [/usb_cam_1/set_camera_info] /usb_cam_1 rosrpc://mdas-Meerkat:37545
[rosmaster.master][INFO] 2017-11-08 13:20:12,974: -SERVICE [/usb_cam_1/start_capture] /usb_cam_1 rosrpc://mdas-Meerkat:37545
[rosmaster.master][INFO] 2017-11-08 13:20:12,976: -SERVICE [/usb_cam_1/stop_capture] /usb_cam_1 rosrpc://mdas-Meerkat:37545
[rosmaster.master][INFO] 2017-11-08 13:20:12,977: publisherUpdate[/rosout] -> http://mdas-Meerkat:37241/
[rosmaster.master][INFO] 2017-11-08 13:21:17,190: -PUB [/rosout] /novatel_node http://mdas-Meerkat:46313/
[rosmaster.master][INFO] 2017-11-08 13:21:17,190: -PUB [/gps_odom] /novatel_node http://mdas-Meerkat:46313/
[rosmaster.master][INFO] 2017-11-08 13:21:17,191: -PUB [/gps_fix] /novatel_node http://mdas-Meerkat:46313/
[rosmaster.master][INFO] 2017-11-08 13:21:17,191: -PUB [/ephemeris] /novatel_node http://mdas-Meerkat:46313/
[rosmaster.master][INFO] 2017-11-08 13:21:17,192: -PUB [/range] /novatel_node http://mdas-Meerkat:46313/
[rosmaster.master][INFO] 2017-11-08 13:21:17,192: -PUB [/gps_fix_psr] /novatel_node http://mdas-Meerkat:46313/
[rosmaster.master][INFO] 2017-11-08 13:21:17,192: -PUB [/novatel_node/gps_fix_ecef] /novatel_node http://mdas-Meerkat:46313/
[rosmaster.master][INFO] 2017-11-08 13:21:17,193: -SERVICE [/novatel_node/get_loggers] /novatel_node rosrpc://mdas-Meerkat:60791
[rosmaster.master][INFO] 2017-11-08 13:21:17,193: -SERVICE [/novatel_node/set_logger_level] /novatel_node rosrpc://mdas-Meerkat:60791
[rosmaster.master][INFO] 2017-11-08 13:21:17,270: publisherUpdate[/rosout] -> http://mdas-Meerkat:37241/
[rosmaster.master][INFO] 2017-11-08 13:21:17,291: -PUB [/rosout] /base_laser1 http://mdas-Meerkat:41577/
[rosmaster.master][INFO] 2017-11-08 13:21:17,293: -PUB [/diagnostics] /base_laser1 http://mdas-Meerkat:41577/
[rosmaster.master][INFO] 2017-11-08 13:21:17,295: -PUB [/sensor_msgs/LaserScan] /base_laser1 http://mdas-Meerkat:41577/
[rosmaster.master][INFO] 2017-11-08 13:21:17,296: -SERVICE [/base_laser1/get_loggers] /base_laser1 rosrpc://mdas-Meerkat:56285
[rosmaster.master][INFO] 2017-11-08 13:21:17,298: -SERVICE [/base_laser1/set_logger_level] /base_laser1 rosrpc://mdas-Meerkat:56285
[rosmaster.master][INFO] 2017-11-08 13:21:17,370: publisherUpdate[/rosout] -> http://mdas-Meerkat:37241/
[rosmaster.master][INFO] 2017-11-08 13:21:18,374: -PUB [/rosout_agg] /rosout http://mdas-Meerkat:37241/
[rosmaster.master][INFO] 2017-11-08 13:21:18,374: -SUB [/rosout] /rosout http://mdas-Meerkat:37241/
[rosmaster.master][INFO] 2017-11-08 13:21:18,375: -SERVICE [/rosout/get_loggers] /rosout rosrpc://mdas-Meerkat:39305
[rosmaster.master][INFO] 2017-11-08 13:21:18,375: -SERVICE [/rosout/set_logger_level] /rosout rosrpc://mdas-Meerkat:39305
[rosmaster.main][INFO] 2017-11-08 13:21:18,421: keyboard interrupt, will exit
[rosmaster.main][INFO] 2017-11-08 13:21:18,421: stopping master...
[rospy.core][INFO] 2017-11-08 13:21:18,421: signal_shutdown [atexit]
