[roslaunch][INFO] 2017-11-08 13:19:28,761: Checking log directory for disk usage. This may take awhile.
Press Ctrl-C to interrupt
[roslaunch][INFO] 2017-11-08 13:19:28,763: Done checking log file disk usage. Usage is <1GB.
[roslaunch][INFO] 2017-11-08 13:19:28,763: roslaunch starting with args ['/opt/ros/indigo/bin/roslaunch', 'usb_cam', 'both_cams.launch']
[roslaunch][INFO] 2017-11-08 13:19:28,763: roslaunch env is {'ROS_DISTRO': 'indigo', 'LESSOPEN': '| /usr/bin/lesspipe %s', 'SSH_CLIENT': '192.168.1.15 43410 22', 'CPATH': '/home/mdas/ros_ws/devel/include:/opt/ros/indigo/include', 'LOGNAME': 'mdas', 'USER': 'mdas', 'PATH': '/opt/ros/indigo/bin:/usr/local/sbin:/usr/local/bin:/usr/sbin:/usr/bin:/sbin:/bin:/usr/games:/usr/local/games', 'HOME': '/home/mdas', 'CMAKE_PREFIX_PATH': '/home/mdas/ros_ws/devel:/opt/ros/indigo', 'LD_LIBRARY_PATH': '/home/mdas/ros_ws/devel/lib:/opt/ros/indigo/lib', 'LANG': 'en_US.UTF-8', 'TERM': 'xterm', 'SHELL': '/bin/bash', 'SHLVL': '1', 'QT_QPA_PLATFORMTHEME': 'appmenu-qt5', 'ROS_LOG_FILENAME': '/home/mdas/.ros/log/5c8d8208-c4b0-11e7-9d86-f44d306c96a4/roslaunch-mdas-Meerkat-3206.log', 'ROS_ETC_DIR': '/opt/ros/indigo/etc/ros', 'XDG_RUNTIME_DIR': '/run/user/1000', 'PYTHONPATH': '/home/mdas/ros_ws/devel/lib/python2.7/dist-packages:/opt/ros/indigo/lib/python2.7/dist-packages', 'ROS_ROOT': '/opt/ros/indigo/share/ros', 'PKG_CONFIG_PATH': '/home/mdas/ros_ws/devel/lib/pkgconfig:/opt/ros/indigo/lib/pkgconfig', 'ROS_PACKAGE_PATH': '/home/mdas/ros_ws/src:/opt/ros/indigo/share:/opt/ros/indigo/stacks', 'ROS_WORKSPACE': '/home/mdas/ros_ws', 'XDG_SESSION_ID': '3', '_': '/opt/ros/indigo/bin/roslaunch', 'SSH_CONNECTION': '192.168.1.15 43410 192.168.1.113 22', 'LESSCLOSE': '/usr/bin/lesspipe %s %s', 'SSH_TTY': '/dev/pts/9', 'OLDPWD': '/home/mdas/ros_ws/src/packages/usb_cams', 'PWD': '/home/mdas/ros_ws/src/packages/usb_cams/launch', 'ROS_MASTER_URI': 'http://localhost:11311', 'MAIL': '/var/mail/mdas', 'LS_COLORS': 'rs=0:di=01;34:ln=01;36:mh=00:pi=40;33:so=01;35:do=01;35:bd=40;33;01:cd=40;33;01:or=40;31;01:su=37;41:sg=30;43:ca=30;41:tw=30;42:ow=34;42:st=37;44:ex=01;32:*.tar=01;31:*.tgz=01;31:*.arj=01;31:*.taz=01;31:*.lzh=01;31:*.lzma=01;31:*.tlz=01;31:*.txz=01;31:*.zip=01;31:*.z=01;31:*.Z=01;31:*.dz=01;31:*.gz=01;31:*.lz=01;31:*.xz=01;31:*.bz2=01;31:*.bz=01;31:*.tbz=01;31:*.tbz2=01;31:*.tz=01;31:*.deb=01;31:*.rpm=01;31:*.jar=01;31:*.war=01;31:*.ear=01;31:*.sar=01;31:*.rar=01;31:*.ace=01;31:*.zoo=01;31:*.cpio=01;31:*.7z=01;31:*.rz=01;31:*.jpg=01;35:*.jpeg=01;35:*.gif=01;35:*.bmp=01;35:*.pbm=01;35:*.pgm=01;35:*.ppm=01;35:*.tga=01;35:*.xbm=01;35:*.xpm=01;35:*.tif=01;35:*.tiff=01;35:*.png=01;35:*.svg=01;35:*.svgz=01;35:*.mng=01;35:*.pcx=01;35:*.mov=01;35:*.mpg=01;35:*.mpeg=01;35:*.m2v=01;35:*.mkv=01;35:*.webm=01;35:*.ogm=01;35:*.mp4=01;35:*.m4v=01;35:*.mp4v=01;35:*.vob=01;35:*.qt=01;35:*.nuv=01;35:*.wmv=01;35:*.asf=01;35:*.rm=01;35:*.rmvb=01;35:*.flc=01;35:*.avi=01;35:*.fli=01;35:*.flv=01;35:*.gl=01;35:*.dl=01;35:*.xcf=01;35:*.xwd=01;35:*.yuv=01;35:*.cgm=01;35:*.emf=01;35:*.axv=01;35:*.anx=01;35:*.ogv=01;35:*.ogx=01;35:*.aac=00;36:*.au=00;36:*.flac=00;36:*.mid=00;36:*.midi=00;36:*.mka=00;36:*.mp3=00;36:*.mpc=00;36:*.ogg=00;36:*.ra=00;36:*.wav=00;36:*.axa=00;36:*.oga=00;36:*.spx=00;36:*.xspf=00;36:'}
[roslaunch][INFO] 2017-11-08 13:19:28,763: starting in server mode
[roslaunch.parent][INFO] 2017-11-08 13:19:28,763: starting roslaunch parent run
[roslaunch][INFO] 2017-11-08 13:19:28,764: loading roscore config file /opt/ros/indigo/etc/ros/roscore.xml
[roslaunch][INFO] 2017-11-08 13:19:28,825: Added core node of type [rosout/rosout] in namespace [/]
[roslaunch.config][INFO] 2017-11-08 13:19:28,825: loading config file /home/mdas/ros_ws/src/packages/usb_cams/launch/both_cams.launch
[roslaunch][INFO] 2017-11-08 13:19:28,875: Added node of type [usb_cam/usb_cam_node] in namespace [/]
[roslaunch][INFO] 2017-11-08 13:19:28,876: Added node of type [usb_cam/usb_cam_node] in namespace [/]
[roslaunch][INFO] 2017-11-08 13:19:28,876: ... selected machine [] for node of type [usb_cam/usb_cam_node]
[roslaunch][INFO] 2017-11-08 13:19:28,876: ... selected machine [] for node of type [usb_cam/usb_cam_node]
[roslaunch.pmon][INFO] 2017-11-08 13:19:28,876: start_process_monitor: creating ProcessMonitor
[roslaunch.pmon][INFO] 2017-11-08 13:19:28,876: created process monitor <ProcessMonitor(ProcessMonitor-1, initial daemon)>
[roslaunch.pmon][INFO] 2017-11-08 13:19:28,877: start_process_monitor: ProcessMonitor started
[roslaunch.parent][INFO] 2017-11-08 13:19:28,877: starting parent XML-RPC server
[roslaunch.server][INFO] 2017-11-08 13:19:28,877: starting roslaunch XML-RPC server
[roslaunch.server][INFO] 2017-11-08 13:19:28,877: waiting for roslaunch XML-RPC server to initialize
[xmlrpc][INFO] 2017-11-08 13:19:28,877: XML-RPC server binding to 0.0.0.0:0
[xmlrpc][INFO] 2017-11-08 13:19:28,877: Started XML-RPC server [http://mdas-Meerkat:38873/]
[xmlrpc][INFO] 2017-11-08 13:19:28,877: xml rpc node: starting XML-RPC server
[roslaunch][INFO] 2017-11-08 13:19:28,888: started roslaunch server http://mdas-Meerkat:38873/
[roslaunch.parent][INFO] 2017-11-08 13:19:28,888: ... parent XML-RPC server started
[roslaunch][INFO] 2017-11-08 13:19:28,888: master.is_running[http://localhost:11311]
[roslaunch][INFO] 2017-11-08 13:19:28,889: master.is_running[http://localhost:11311]
[roslaunch][INFO] 2017-11-08 13:19:28,889: ROS_MASTER_URI=http://localhost:11311
[roslaunch][INFO] 2017-11-08 13:19:28,891: setting /roslaunch/uris/host_mdas_meerkat__38873' to http://mdas-Meerkat:38873/
[roslaunch][INFO] 2017-11-08 13:19:28,892: load_parameters starting ...
[roslaunch][INFO] 2017-11-08 13:19:28,896: ... load_parameters complete
[roslaunch][INFO] 2017-11-08 13:19:28,896: launch_nodes: launching local nodes ...
[roslaunch][INFO] 2017-11-08 13:19:28,896: ... preparing to launch node of type [usb_cam/usb_cam_node]
[roslaunch][INFO] 2017-11-08 13:19:28,896: create_node_process: package[usb_cam] type[usb_cam_node] machine[Machine(name[] env_loader[None] address[localhost] ssh_port[22] user[None] assignable[True] timeout[10.0])] master_uri[http://localhost:11311]
[roslaunch][INFO] 2017-11-08 13:19:28,896: process[usb_cam_1-1]: env[{'ROS_DISTRO': 'indigo', 'LESSOPEN': '| /usr/bin/lesspipe %s', 'SSH_CLIENT': '192.168.1.15 43410 22', 'CPATH': '/home/mdas/ros_ws/devel/include:/opt/ros/indigo/include', 'LOGNAME': 'mdas', 'USER': 'mdas', 'PATH': '/opt/ros/indigo/bin:/usr/local/sbin:/usr/local/bin:/usr/sbin:/usr/bin:/sbin:/bin:/usr/games:/usr/local/games', 'HOME': '/home/mdas', 'CMAKE_PREFIX_PATH': '/home/mdas/ros_ws/devel:/opt/ros/indigo', 'ROS_LOG_FILENAME': '/home/mdas/.ros/log/5c8d8208-c4b0-11e7-9d86-f44d306c96a4/roslaunch-mdas-Meerkat-3206.log', 'LANG': 'en_US.UTF-8', 'TERM': 'xterm', 'SHELL': '/bin/bash', 'SHLVL': '1', 'QT_QPA_PLATFORMTHEME': 'appmenu-qt5', 'LD_LIBRARY_PATH': '/home/mdas/ros_ws/devel/lib:/opt/ros/indigo/lib', 'ROS_MASTER_URI': 'http://localhost:11311', 'XDG_RUNTIME_DIR': '/run/user/1000', 'PYTHONPATH': '/home/mdas/ros_ws/devel/lib/python2.7/dist-packages:/opt/ros/indigo/lib/python2.7/dist-packages', 'ROS_ROOT': '/opt/ros/indigo/share/ros', 'PKG_CONFIG_PATH': '/home/mdas/ros_ws/devel/lib/pkgconfig:/opt/ros/indigo/lib/pkgconfig', 'ROS_PACKAGE_PATH': '/home/mdas/ros_ws/src:/opt/ros/indigo/share:/opt/ros/indigo/stacks', 'ROS_WORKSPACE': '/home/mdas/ros_ws', 'XDG_SESSION_ID': '3', '_': '/opt/ros/indigo/bin/roslaunch', 'LS_COLORS': 'rs=0:di=01;34:ln=01;36:mh=00:pi=40;33:so=01;35:do=01;35:bd=40;33;01:cd=40;33;01:or=40;31;01:su=37;41:sg=30;43:ca=30;41:tw=30;42:ow=34;42:st=37;44:ex=01;32:*.tar=01;31:*.tgz=01;31:*.arj=01;31:*.taz=01;31:*.lzh=01;31:*.lzma=01;31:*.tlz=01;31:*.txz=01;31:*.zip=01;31:*.z=01;31:*.Z=01;31:*.dz=01;31:*.gz=01;31:*.lz=01;31:*.xz=01;31:*.bz2=01;31:*.bz=01;31:*.tbz=01;31:*.tbz2=01;31:*.tz=01;31:*.deb=01;31:*.rpm=01;31:*.jar=01;31:*.war=01;31:*.ear=01;31:*.sar=01;31:*.rar=01;31:*.ace=01;31:*.zoo=01;31:*.cpio=01;31:*.7z=01;31:*.rz=01;31:*.jpg=01;35:*.jpeg=01;35:*.gif=01;35:*.bmp=01;35:*.pbm=01;35:*.pgm=01;35:*.ppm=01;35:*.tga=01;35:*.xbm=01;35:*.xpm=01;35:*.tif=01;35:*.tiff=01;35:*.png=01;35:*.svg=01;35:*.svgz=01;35:*.mng=01;35:*.pcx=01;35:*.mov=01;35:*.mpg=01;35:*.mpeg=01;35:*.m2v=01;35:*.mkv=01;35:*.webm=01;35:*.ogm=01;35:*.mp4=01;35:*.m4v=01;35:*.mp4v=01;35:*.vob=01;35:*.qt=01;35:*.nuv=01;35:*.wmv=01;35:*.asf=01;35:*.rm=01;35:*.rmvb=01;35:*.flc=01;35:*.avi=01;35:*.fli=01;35:*.flv=01;35:*.gl=01;35:*.dl=01;35:*.xcf=01;35:*.xwd=01;35:*.yuv=01;35:*.cgm=01;35:*.emf=01;35:*.axv=01;35:*.anx=01;35:*.ogv=01;35:*.ogx=01;35:*.aac=00;36:*.au=00;36:*.flac=00;36:*.mid=00;36:*.midi=00;36:*.mka=00;36:*.mp3=00;36:*.mpc=00;36:*.ogg=00;36:*.ra=00;36:*.wav=00;36:*.axa=00;36:*.oga=00;36:*.spx=00;36:*.xspf=00;36:', 'LESSCLOSE': '/usr/bin/lesspipe %s %s', 'SSH_TTY': '/dev/pts/9', 'OLDPWD': '/home/mdas/ros_ws/src/packages/usb_cams', 'PWD': '/home/mdas/ros_ws/src/packages/usb_cams/launch', 'ROS_ETC_DIR': '/opt/ros/indigo/etc/ros', 'MAIL': '/var/mail/mdas', 'SSH_CONNECTION': '192.168.1.15 43410 192.168.1.113 22'}]
[roslaunch][INFO] 2017-11-08 13:19:28,945: process[usb_cam_1-1]: args[[u'/home/mdas/ros_ws/devel/lib/usb_cam/usb_cam_node', u'__name:=usb_cam_1']]
[roslaunch][INFO] 2017-11-08 13:19:28,945: ... created process [usb_cam_1-1]
[roslaunch.pmon][INFO] 2017-11-08 13:19:28,945: ProcessMonitor.register[usb_cam_1-1]
[roslaunch.pmon][INFO] 2017-11-08 13:19:28,945: ProcessMonitor.register[usb_cam_1-1] complete
[roslaunch][INFO] 2017-11-08 13:19:28,946: ... registered process [usb_cam_1-1]
[roslaunch][INFO] 2017-11-08 13:19:28,946: process[usb_cam_1-1]: starting os process
[roslaunch][INFO] 2017-11-08 13:19:28,946: process[usb_cam_1-1]: start w/ args [[u'/home/mdas/ros_ws/devel/lib/usb_cam/usb_cam_node', u'__name:=usb_cam_1', u'__log:=/home/mdas/.ros/log/5c8d8208-c4b0-11e7-9d86-f44d306c96a4/usb_cam_1-1.log']]
[roslaunch][INFO] 2017-11-08 13:19:28,946: process[usb_cam_1-1]: cwd will be [/home/mdas/.ros]
[roslaunch][INFO] 2017-11-08 13:19:28,947: process[usb_cam_1-1]: started with pid [3224]
[roslaunch][INFO] 2017-11-08 13:19:28,947: ... successfully launched [usb_cam_1-1]
[roslaunch][INFO] 2017-11-08 13:19:28,948: ... preparing to launch node of type [usb_cam/usb_cam_node]
[roslaunch][INFO] 2017-11-08 13:19:28,948: create_node_process: package[usb_cam] type[usb_cam_node] machine[Machine(name[] env_loader[None] address[localhost] ssh_port[22] user[None] assignable[True] timeout[10.0])] master_uri[http://localhost:11311]
[roslaunch][INFO] 2017-11-08 13:19:28,948: process[usb_cam_2-2]: env[{'ROS_DISTRO': 'indigo', 'LESSOPEN': '| /usr/bin/lesspipe %s', 'SSH_CLIENT': '192.168.1.15 43410 22', 'CPATH': '/home/mdas/ros_ws/devel/include:/opt/ros/indigo/include', 'LOGNAME': 'mdas', 'USER': 'mdas', 'PATH': '/opt/ros/indigo/bin:/usr/local/sbin:/usr/local/bin:/usr/sbin:/usr/bin:/sbin:/bin:/usr/games:/usr/local/games', 'HOME': '/home/mdas', 'CMAKE_PREFIX_PATH': '/home/mdas/ros_ws/devel:/opt/ros/indigo', 'ROS_LOG_FILENAME': '/home/mdas/.ros/log/5c8d8208-c4b0-11e7-9d86-f44d306c96a4/roslaunch-mdas-Meerkat-3206.log', 'LANG': 'en_US.UTF-8', 'TERM': 'xterm', 'SHELL': '/bin/bash', 'SHLVL': '1', 'QT_QPA_PLATFORMTHEME': 'appmenu-qt5', 'LD_LIBRARY_PATH': '/home/mdas/ros_ws/devel/lib:/opt/ros/indigo/lib', 'ROS_MASTER_URI': 'http://localhost:11311', 'XDG_RUNTIME_DIR': '/run/user/1000', 'PYTHONPATH': '/home/mdas/ros_ws/devel/lib/python2.7/dist-packages:/opt/ros/indigo/lib/python2.7/dist-packages', 'ROS_ROOT': '/opt/ros/indigo/share/ros', 'PKG_CONFIG_PATH': '/home/mdas/ros_ws/devel/lib/pkgconfig:/opt/ros/indigo/lib/pkgconfig', 'ROS_PACKAGE_PATH': '/home/mdas/ros_ws/src:/opt/ros/indigo/share:/opt/ros/indigo/stacks', 'ROS_WORKSPACE': '/home/mdas/ros_ws', 'XDG_SESSION_ID': '3', '_': '/opt/ros/indigo/bin/roslaunch', 'LS_COLORS': 'rs=0:di=01;34:ln=01;36:mh=00:pi=40;33:so=01;35:do=01;35:bd=40;33;01:cd=40;33;01:or=40;31;01:su=37;41:sg=30;43:ca=30;41:tw=30;42:ow=34;42:st=37;44:ex=01;32:*.tar=01;31:*.tgz=01;31:*.arj=01;31:*.taz=01;31:*.lzh=01;31:*.lzma=01;31:*.tlz=01;31:*.txz=01;31:*.zip=01;31:*.z=01;31:*.Z=01;31:*.dz=01;31:*.gz=01;31:*.lz=01;31:*.xz=01;31:*.bz2=01;31:*.bz=01;31:*.tbz=01;31:*.tbz2=01;31:*.tz=01;31:*.deb=01;31:*.rpm=01;31:*.jar=01;31:*.war=01;31:*.ear=01;31:*.sar=01;31:*.rar=01;31:*.ace=01;31:*.zoo=01;31:*.cpio=01;31:*.7z=01;31:*.rz=01;31:*.jpg=01;35:*.jpeg=01;35:*.gif=01;35:*.bmp=01;35:*.pbm=01;35:*.pgm=01;35:*.ppm=01;35:*.tga=01;35:*.xbm=01;35:*.xpm=01;35:*.tif=01;35:*.tiff=01;35:*.png=01;35:*.svg=01;35:*.svgz=01;35:*.mng=01;35:*.pcx=01;35:*.mov=01;35:*.mpg=01;35:*.mpeg=01;35:*.m2v=01;35:*.mkv=01;35:*.webm=01;35:*.ogm=01;35:*.mp4=01;35:*.m4v=01;35:*.mp4v=01;35:*.vob=01;35:*.qt=01;35:*.nuv=01;35:*.wmv=01;35:*.asf=01;35:*.rm=01;35:*.rmvb=01;35:*.flc=01;35:*.avi=01;35:*.fli=01;35:*.flv=01;35:*.gl=01;35:*.dl=01;35:*.xcf=01;35:*.xwd=01;35:*.yuv=01;35:*.cgm=01;35:*.emf=01;35:*.axv=01;35:*.anx=01;35:*.ogv=01;35:*.ogx=01;35:*.aac=00;36:*.au=00;36:*.flac=00;36:*.mid=00;36:*.midi=00;36:*.mka=00;36:*.mp3=00;36:*.mpc=00;36:*.ogg=00;36:*.ra=00;36:*.wav=00;36:*.axa=00;36:*.oga=00;36:*.spx=00;36:*.xspf=00;36:', 'LESSCLOSE': '/usr/bin/lesspipe %s %s', 'SSH_TTY': '/dev/pts/9', 'OLDPWD': '/home/mdas/ros_ws/src/packages/usb_cams', 'PWD': '/home/mdas/ros_ws/src/packages/usb_cams/launch', 'ROS_ETC_DIR': '/opt/ros/indigo/etc/ros', 'MAIL': '/var/mail/mdas', 'SSH_CONNECTION': '192.168.1.15 43410 192.168.1.113 22'}]
[roslaunch][INFO] 2017-11-08 13:19:28,949: process[usb_cam_2-2]: args[[u'/home/mdas/ros_ws/devel/lib/usb_cam/usb_cam_node', u'__name:=usb_cam_2']]
[roslaunch][INFO] 2017-11-08 13:19:28,949: ... created process [usb_cam_2-2]
[roslaunch.pmon][INFO] 2017-11-08 13:19:28,949: ProcessMonitor.register[usb_cam_2-2]
[roslaunch.pmon][INFO] 2017-11-08 13:19:28,949: ProcessMonitor.register[usb_cam_2-2] complete
[roslaunch][INFO] 2017-11-08 13:19:28,949: ... registered process [usb_cam_2-2]
[roslaunch][INFO] 2017-11-08 13:19:28,949: process[usb_cam_2-2]: starting os process
[roslaunch][INFO] 2017-11-08 13:19:28,949: process[usb_cam_2-2]: start w/ args [[u'/home/mdas/ros_ws/devel/lib/usb_cam/usb_cam_node', u'__name:=usb_cam_2', u'__log:=/home/mdas/.ros/log/5c8d8208-c4b0-11e7-9d86-f44d306c96a4/usb_cam_2-2.log']]
[roslaunch][INFO] 2017-11-08 13:19:28,949: process[usb_cam_2-2]: cwd will be [/home/mdas/.ros]
[roslaunch][INFO] 2017-11-08 13:19:28,951: process[usb_cam_2-2]: started with pid [3225]
[roslaunch][INFO] 2017-11-08 13:19:28,951: ... successfully launched [usb_cam_2-2]
[roslaunch][INFO] 2017-11-08 13:19:28,951: ... launch_nodes complete
[roslaunch.pmon][INFO] 2017-11-08 13:19:28,951: registrations completed <ProcessMonitor(ProcessMonitor-1, started daemon 140417964603136)>
[roslaunch.parent][INFO] 2017-11-08 13:19:28,951: ... roslaunch parent running, waiting for process exit
[roslaunch][INFO] 2017-11-08 13:19:28,952: spin
[roslaunch][ERROR] 2017-11-08 13:19:29,278: [usb_cam_1-1] process has died [pid 3224, exit code 1, cmd /home/mdas/ros_ws/devel/lib/usb_cam/usb_cam_node __name:=usb_cam_1 __log:=/home/mdas/.ros/log/5c8d8208-c4b0-11e7-9d86-f44d306c96a4/usb_cam_1-1.log].
log file: /home/mdas/.ros/log/5c8d8208-c4b0-11e7-9d86-f44d306c96a4/usb_cam_1-1*.log
[roslaunch][ERROR] 2017-11-08 13:19:29,278: [usb_cam_2-2] process has died [pid 3225, exit code 1, cmd /home/mdas/ros_ws/devel/lib/usb_cam/usb_cam_node __name:=usb_cam_2 __log:=/home/mdas/.ros/log/5c8d8208-c4b0-11e7-9d86-f44d306c96a4/usb_cam_2-2.log].
log file: /home/mdas/.ros/log/5c8d8208-c4b0-11e7-9d86-f44d306c96a4/usb_cam_2-2*.log
[roslaunch.pmon][INFO] 2017-11-08 13:19:29,278: ProcessMonitor.unregister[usb_cam_1-1] starting
[roslaunch.pmon][INFO] 2017-11-08 13:19:29,279: ProcessMonitor.unregister[usb_cam_1-1] complete
[roslaunch.pmon][INFO] 2017-11-08 13:19:29,279: ProcessMonitor.unregister[usb_cam_2-2] starting
[roslaunch.pmon][INFO] 2017-11-08 13:19:29,279: ProcessMonitor.unregister[usb_cam_2-2] complete
[roslaunch][INFO] 2017-11-08 13:19:29,279: all processes on machine have died, roslaunch will exit
[roslaunch.pmon][INFO] 2017-11-08 13:19:29,380: ProcessMonitor._post_run <ProcessMonitor(ProcessMonitor-1, started daemon 140417964603136)>
[roslaunch.pmon][INFO] 2017-11-08 13:19:29,380: ProcessMonitor._post_run <ProcessMonitor(ProcessMonitor-1, started daemon 140417964603136)>: remaining procs are []
[roslaunch.pmon][INFO] 2017-11-08 13:19:29,384: ProcessMonitor exit: cleaning up data structures and signals
[roslaunch.pmon][INFO] 2017-11-08 13:19:29,384: ProcessMonitor exit: pmon has shutdown
[roslaunch][INFO] 2017-11-08 13:19:29,452: process monitor is done spinning, initiating full shutdown
[roslaunch][INFO] 2017-11-08 13:19:29,453: runner.stop()
[roslaunch][INFO] 2017-11-08 13:19:29,453: shutting down processing monitor...
[roslaunch][INFO] 2017-11-08 13:19:29,453: shutting down processing monitor <ProcessMonitor(ProcessMonitor-1, stopped daemon 140417964603136)>
[roslaunch.pmon][INFO] 2017-11-08 13:19:29,453: ProcessMonitor.shutdown <ProcessMonitor(ProcessMonitor-1, stopped daemon 140417964603136)>
[roslaunch][INFO] 2017-11-08 13:19:29,453: ... shutting down processing monitor complete
[roslaunch][INFO] 2017-11-08 13:19:29,454: done
[roslaunch.pmon][INFO] 2017-11-08 13:19:29,454: ProcessMonitor.shutdown <ProcessMonitor(ProcessMonitor-1, stopped daemon 140417964603136)>
[rospy.core][INFO] 2017-11-08 13:19:29,454: signal_shutdown [atexit]
