[roslaunch][INFO] 2017-10-27 14:00:25,026: Checking log directory for disk usage. This may take awhile.
Press Ctrl-C to interrupt
[roslaunch][INFO] 2017-10-27 14:00:25,029: Done checking log file disk usage. Usage is <1GB.
[roslaunch][INFO] 2017-10-27 14:00:25,029: roslaunch starting with args ['roscore', '--core']
[roslaunch][INFO] 2017-10-27 14:00:25,029: roslaunch env is {'MANDATORY_PATH': '/usr/share/gconf/ubuntu.mandatory.path', 'ROS_DISTRO': 'indigo', 'ROS_LOG_FILENAME': '/home/mdas/.ros/log/b5243ba6-bb40-11e7-94f2-f44d306c96a4/roslaunch-mdas-Meerkat-3710.log', 'XDG_GREETER_DATA_DIR': '/var/lib/lightdm-data/mdas', 'GNOME_DESKTOP_SESSION_ID': 'this-is-deprecated', 'XDG_CURRENT_DESKTOP': 'Unity', 'UPSTART_EVENTS': 'started starting', 'LESSOPEN': '| /usr/bin/lesspipe %s', 'PKG_CONFIG_PATH': '/home/mdas/ros_ws/devel/lib/pkgconfig:/opt/ros/indigo/lib/pkgconfig', 'CPATH': '/home/mdas/ros_ws/devel/include:/opt/ros/indigo/include', 'LOGNAME': 'mdas', 'USER': 'mdas', 'PATH': '/opt/ros/indigo/bin:/usr/local/sbin:/usr/local/bin:/usr/sbin:/usr/bin:/sbin:/bin:/usr/games:/usr/local/games', 'XDG_VTNR': '7', 'GNOME_KEYRING_CONTROL': '/run/user/1000/keyring-o7yT3u', 'CMAKE_PREFIX_PATH': '/home/mdas/ros_ws/devel:/opt/ros/indigo', 'LD_LIBRARY_PATH': '/home/mdas/ros_ws/devel/lib:/opt/ros/indigo/lib', 'LANG': 'en_US.UTF-8', 'TERM': 'xterm', 'SHELL': '/bin/bash', 'XDG_SESSION_PATH': '/org/freedesktop/DisplayManager/Session0', 'XAUTHORITY': '/home/mdas/.Xauthority', 'LANGUAGE': 'en_US', 'COMPIZ_CONFIG_PROFILE': 'ubuntu', 'SHLVL': '1', 'LESSCLOSE': '/usr/bin/lesspipe %s %s', 'QT_QPA_PLATFORMTHEME': 'appmenu-qt5', 'JOB': 'gnome-session', 'TEXTDOMAIN': 'im-config', 'UPSTART_INSTANCE': '', 'CLUTTER_IM_MODULE': 'xim', 'WINDOWID': '56623642', 'SESSIONTYPE': 'gnome-session', 'XMODIFIERS': '@im=ibus', 'ROS_ETC_DIR': '/opt/ros/indigo/etc/ros', 'GPG_AGENT_INFO': '/run/user/1000/keyring-o7yT3u/gpg:0:1', 'HOME': '/home/mdas', 'QT4_IM_MODULE': 'xim', 'SELINUX_INIT': 'YES', 'XDG_RUNTIME_DIR': '/run/user/1000', 'INSTANCE': 'Unity', 'PYTHONPATH': '/home/mdas/ros_ws/devel/lib/python2.7/dist-packages:/opt/ros/indigo/lib/python2.7/dist-packages', 'SSH_AUTH_SOCK': '/run/user/1000/keyring-o7yT3u/ssh', 'VTE_VERSION': '3409', 'ROS_ROOT': '/opt/ros/indigo/share/ros', 'GDMSESSION': 'ubuntu', 'IM_CONFIG_PHASE': '1', 'UPSTART_JOB': 'unity-settings-daemon', 'TEXTDOMAINDIR': '/usr/share/locale/', 'GNOME_KEYRING_PID': '1509', 'XDG_SEAT_PATH': '/org/freedesktop/DisplayManager/Seat0', 'ROS_PACKAGE_PATH': '/home/mdas/ros_ws/src:/opt/ros/indigo/share:/opt/ros/indigo/stacks', 'ROS_WORKSPACE': '/home/mdas/ros_ws', 'XDG_SESSION_ID': 'c2', 'DBUS_SESSION_BUS_ADDRESS': 'unix:abstract=/tmp/dbus-paCBnsjet5', '_': '/opt/ros/indigo/bin/roscore', 'DEFAULTS_PATH': '/usr/share/gconf/ubuntu.default.path', 'GTK_IM_MODULE': 'ibus', 'DESKTOP_SESSION': 'ubuntu', 'UPSTART_SESSION': 'unix:abstract=/com/ubuntu/upstart-session/1000/1511', 'XDG_CONFIG_DIRS': '/etc/xdg/xdg-ubuntu:/usr/share/upstart/xdg:/etc/xdg', 'GTK_MODULES': 'overlay-scrollbar:unity-gtk-module', 'GDM_LANG': 'en_US', 'XDG_DATA_DIRS': '/usr/share/ubuntu:/usr/share/gnome:/usr/local/share/:/usr/share/', 'PWD': '/home/mdas', 'QT_IM_MODULE': 'ibus', 'ROS_MASTER_URI': 'http://localhost:11311', 'COLORTERM': 'gnome-terminal', 'DISPLAY': ':0', 'LS_COLORS': 'rs=0:di=01;34:ln=01;36:mh=00:pi=40;33:so=01;35:do=01;35:bd=40;33;01:cd=40;33;01:or=40;31;01:su=37;41:sg=30;43:ca=30;41:tw=30;42:ow=34;42:st=37;44:ex=01;32:*.tar=01;31:*.tgz=01;31:*.arj=01;31:*.taz=01;31:*.lzh=01;31:*.lzma=01;31:*.tlz=01;31:*.txz=01;31:*.zip=01;31:*.z=01;31:*.Z=01;31:*.dz=01;31:*.gz=01;31:*.lz=01;31:*.xz=01;31:*.bz2=01;31:*.bz=01;31:*.tbz=01;31:*.tbz2=01;31:*.tz=01;31:*.deb=01;31:*.rpm=01;31:*.jar=01;31:*.war=01;31:*.ear=01;31:*.sar=01;31:*.rar=01;31:*.ace=01;31:*.zoo=01;31:*.cpio=01;31:*.7z=01;31:*.rz=01;31:*.jpg=01;35:*.jpeg=01;35:*.gif=01;35:*.bmp=01;35:*.pbm=01;35:*.pgm=01;35:*.ppm=01;35:*.tga=01;35:*.xbm=01;35:*.xpm=01;35:*.tif=01;35:*.tiff=01;35:*.png=01;35:*.svg=01;35:*.svgz=01;35:*.mng=01;35:*.pcx=01;35:*.mov=01;35:*.mpg=01;35:*.mpeg=01;35:*.m2v=01;35:*.mkv=01;35:*.webm=01;35:*.ogm=01;35:*.mp4=01;35:*.m4v=01;35:*.mp4v=01;35:*.vob=01;35:*.qt=01;35:*.nuv=01;35:*.wmv=01;35:*.asf=01;35:*.rm=01;35:*.rmvb=01;35:*.flc=01;35:*.avi=01;35:*.fli=01;35:*.flv=01;35:*.gl=01;35:*.dl=01;35:*.xcf=01;35:*.xwd=01;35:*.yuv=01;35:*.cgm=01;35:*.emf=01;35:*.axv=01;35:*.anx=01;35:*.ogv=01;35:*.ogx=01;35:*.aac=00;36:*.au=00;36:*.flac=00;36:*.mid=00;36:*.midi=00;36:*.mka=00;36:*.mp3=00;36:*.mpc=00;36:*.ogg=00;36:*.ra=00;36:*.wav=00;36:*.axa=00;36:*.oga=00;36:*.spx=00;36:*.xspf=00;36:', 'XDG_SEAT': 'seat0'}
[roslaunch][INFO] 2017-10-27 14:00:25,029: starting in server mode
[roslaunch.parent][INFO] 2017-10-27 14:00:25,029: starting roslaunch parent run
[roslaunch][INFO] 2017-10-27 14:00:25,029: loading roscore config file /opt/ros/indigo/etc/ros/roscore.xml
[roslaunch][INFO] 2017-10-27 14:00:25,091: Added core node of type [rosout/rosout] in namespace [/]
[roslaunch.pmon][INFO] 2017-10-27 14:00:25,091: start_process_monitor: creating ProcessMonitor
[roslaunch.pmon][INFO] 2017-10-27 14:00:25,091: created process monitor <ProcessMonitor(ProcessMonitor-1, initial daemon)>
[roslaunch.pmon][INFO] 2017-10-27 14:00:25,091: start_process_monitor: ProcessMonitor started
[roslaunch.parent][INFO] 2017-10-27 14:00:25,091: starting parent XML-RPC server
[roslaunch.server][INFO] 2017-10-27 14:00:25,092: starting roslaunch XML-RPC server
[roslaunch.server][INFO] 2017-10-27 14:00:25,092: waiting for roslaunch XML-RPC server to initialize
[xmlrpc][INFO] 2017-10-27 14:00:25,092: XML-RPC server binding to 0.0.0.0:0
[xmlrpc][INFO] 2017-10-27 14:00:25,092: Started XML-RPC server [http://mdas-Meerkat:41529/]
[xmlrpc][INFO] 2017-10-27 14:00:25,092: xml rpc node: starting XML-RPC server
[roslaunch][INFO] 2017-10-27 14:00:25,103: started roslaunch server http://mdas-Meerkat:41529/
[roslaunch.parent][INFO] 2017-10-27 14:00:25,103: ... parent XML-RPC server started
[roslaunch][INFO] 2017-10-27 14:00:25,104: master.is_running[http://mdas-Meerkat:11311/]
[roslaunch][INFO] 2017-10-27 14:00:25,106: auto-starting new master
[roslaunch][INFO] 2017-10-27 14:00:25,106: create_master_process: rosmaster, /opt/ros/indigo/share/ros, 11311, 3, None
[roslaunch][INFO] 2017-10-27 14:00:25,106: process[master]: launching with args [['rosmaster', '--core', '-p', '11311', '-w', '3']]
[roslaunch.pmon][INFO] 2017-10-27 14:00:25,106: ProcessMonitor.register[master]
[roslaunch.pmon][INFO] 2017-10-27 14:00:25,106: ProcessMonitor.register[master] complete
[roslaunch][INFO] 2017-10-27 14:00:25,106: process[master]: starting os process
[roslaunch][INFO] 2017-10-27 14:00:25,106: process[master]: start w/ args [['rosmaster', '--core', '-p', '11311', '-w', '3', '__log:=/home/mdas/.ros/log/b5243ba6-bb40-11e7-94f2-f44d306c96a4/master.log']]
[roslaunch][INFO] 2017-10-27 14:00:25,106: process[master]: cwd will be [/home/mdas/.ros]
[roslaunch][INFO] 2017-10-27 14:00:25,108: process[master]: started with pid [3722]
[roslaunch][INFO] 2017-10-27 14:00:25,108: master.is_running[http://mdas-Meerkat:11311/]
[roslaunch][INFO] 2017-10-27 14:00:25,209: master.is_running[http://mdas-Meerkat:11311/]
[roslaunch][INFO] 2017-10-27 14:00:25,212: master.is_running[http://mdas-Meerkat:11311/]
[roslaunch][INFO] 2017-10-27 14:00:25,215: ROS_MASTER_URI=http://mdas-Meerkat:11311/
[roslaunch][INFO] 2017-10-27 14:00:25,219: setting /run_id to b5243ba6-bb40-11e7-94f2-f44d306c96a4
[roslaunch][INFO] 2017-10-27 14:00:25,222: setting /roslaunch/uris/host_mdas_meerkat__41529' to http://mdas-Meerkat:41529/
[roslaunch][INFO] 2017-10-27 14:00:25,228: ... preparing to launch node of type [rosout/rosout]
[roslaunch][INFO] 2017-10-27 14:00:25,229: create_node_process: package[rosout] type[rosout] machine[Machine(name[] env_loader[None] address[localhost] ssh_port[22] user[None] assignable[True] timeout[10.0])] master_uri[http://mdas-Meerkat:11311/]
[roslaunch][INFO] 2017-10-27 14:00:25,229: process[rosout-1]: env[{'WINDOWID': '56623642', 'QT_QPA_PLATFORMTHEME': 'appmenu-qt5', 'ROS_DISTRO': 'indigo', 'XDG_GREETER_DATA_DIR': '/var/lib/lightdm-data/mdas', 'GNOME_DESKTOP_SESSION_ID': 'this-is-deprecated', 'UPSTART_EVENTS': 'started starting', 'XDG_CURRENT_DESKTOP': 'Unity', 'XDG_SEAT_PATH': '/org/freedesktop/DisplayManager/Seat0', 'CPATH': '/home/mdas/ros_ws/devel/include:/opt/ros/indigo/include', 'LOGNAME': 'mdas', 'USER': 'mdas', 'PATH': '/opt/ros/indigo/bin:/usr/local/sbin:/usr/local/bin:/usr/sbin:/usr/bin:/sbin:/bin:/usr/games:/usr/local/games', 'XDG_VTNR': '7', 'GNOME_KEYRING_CONTROL': '/run/user/1000/keyring-o7yT3u', 'CMAKE_PREFIX_PATH': '/home/mdas/ros_ws/devel:/opt/ros/indigo', 'LD_LIBRARY_PATH': '/home/mdas/ros_ws/devel/lib:/opt/ros/indigo/lib', 'LANG': 'en_US.UTF-8', 'TERM': 'xterm', 'SHELL': '/bin/bash', 'XDG_SESSION_PATH': '/org/freedesktop/DisplayManager/Session0', 'XAUTHORITY': '/home/mdas/.Xauthority', 'LANGUAGE': 'en_US', 'SHLVL': '1', 'MANDATORY_PATH': '/usr/share/gconf/ubuntu.mandatory.path', 'JOB': 'gnome-session', 'ROS_LOG_FILENAME': '/home/mdas/.ros/log/b5243ba6-bb40-11e7-94f2-f44d306c96a4/roslaunch-mdas-Meerkat-3710.log', 'UPSTART_INSTANCE': '', 'COMPIZ_CONFIG_PROFILE': 'ubuntu', 'TEXTDOMAIN': 'im-config', 'CLUTTER_IM_MODULE': 'xim', 'XMODIFIERS': '@im=ibus', 'ROS_MASTER_URI': 'http://mdas-Meerkat:11311/', 'GPG_AGENT_INFO': '/run/user/1000/keyring-o7yT3u/gpg:0:1', 'HOME': '/home/mdas', 'QT4_IM_MODULE': 'xim', 'SELINUX_INIT': 'YES', 'SSH_AUTH_SOCK': '/run/user/1000/keyring-o7yT3u/ssh', 'XDG_RUNTIME_DIR': '/run/user/1000', 'PYTHONPATH': '/home/mdas/ros_ws/devel/lib/python2.7/dist-packages:/opt/ros/indigo/lib/python2.7/dist-packages', 'SESSIONTYPE': 'gnome-session', 'VTE_VERSION': '3409', 'ROS_ROOT': '/opt/ros/indigo/share/ros', 'GDMSESSION': 'ubuntu', 'IM_CONFIG_PHASE': '1', 'UPSTART_JOB': 'unity-settings-daemon', 'TEXTDOMAINDIR': '/usr/share/locale/', 'XDG_DATA_DIRS': '/usr/share/ubuntu:/usr/share/gnome:/usr/local/share/:/usr/share/', 'PKG_CONFIG_PATH': '/home/mdas/ros_ws/devel/lib/pkgconfig:/opt/ros/indigo/lib/pkgconfig', 'ROS_PACKAGE_PATH': '/home/mdas/ros_ws/src:/opt/ros/indigo/share:/opt/ros/indigo/stacks', 'LESSOPEN': '| /usr/bin/lesspipe %s', 'XDG_SESSION_ID': 'c2', 'DBUS_SESSION_BUS_ADDRESS': 'unix:abstract=/tmp/dbus-paCBnsjet5', '_': '/opt/ros/indigo/bin/roscore', 'DEFAULTS_PATH': '/usr/share/gconf/ubuntu.default.path', 'GTK_IM_MODULE': 'ibus', 'DESKTOP_SESSION': 'ubuntu', 'UPSTART_SESSION': 'unix:abstract=/com/ubuntu/upstart-session/1000/1511', 'LESSCLOSE': '/usr/bin/lesspipe %s %s', 'GNOME_KEYRING_PID': '1509', 'LS_COLORS': 'rs=0:di=01;34:ln=01;36:mh=00:pi=40;33:so=01;35:do=01;35:bd=40;33;01:cd=40;33;01:or=40;31;01:su=37;41:sg=30;43:ca=30;41:tw=30;42:ow=34;42:st=37;44:ex=01;32:*.tar=01;31:*.tgz=01;31:*.arj=01;31:*.taz=01;31:*.lzh=01;31:*.lzma=01;31:*.tlz=01;31:*.txz=01;31:*.zip=01;31:*.z=01;31:*.Z=01;31:*.dz=01;31:*.gz=01;31:*.lz=01;31:*.xz=01;31:*.bz2=01;31:*.bz=01;31:*.tbz=01;31:*.tbz2=01;31:*.tz=01;31:*.deb=01;31:*.rpm=01;31:*.jar=01;31:*.war=01;31:*.ear=01;31:*.sar=01;31:*.rar=01;31:*.ace=01;31:*.zoo=01;31:*.cpio=01;31:*.7z=01;31:*.rz=01;31:*.jpg=01;35:*.jpeg=01;35:*.gif=01;35:*.bmp=01;35:*.pbm=01;35:*.pgm=01;35:*.ppm=01;35:*.tga=01;35:*.xbm=01;35:*.xpm=01;35:*.tif=01;35:*.tiff=01;35:*.png=01;35:*.svg=01;35:*.svgz=01;35:*.mng=01;35:*.pcx=01;35:*.mov=01;35:*.mpg=01;35:*.mpeg=01;35:*.m2v=01;35:*.mkv=01;35:*.webm=01;35:*.ogm=01;35:*.mp4=01;35:*.m4v=01;35:*.mp4v=01;35:*.vob=01;35:*.qt=01;35:*.nuv=01;35:*.wmv=01;35:*.asf=01;35:*.rm=01;35:*.rmvb=01;35:*.flc=01;35:*.avi=01;35:*.fli=01;35:*.flv=01;35:*.gl=01;35:*.dl=01;35:*.xcf=01;35:*.xwd=01;35:*.yuv=01;35:*.cgm=01;35:*.emf=01;35:*.axv=01;35:*.anx=01;35:*.ogv=01;35:*.ogx=01;35:*.aac=00;36:*.au=00;36:*.flac=00;36:*.mid=00;36:*.midi=00;36:*.mka=00;36:*.mp3=00;36:*.mpc=00;36:*.ogg=00;36:*.ra=00;36:*.wav=00;36:*.axa=00;36:*.oga=00;36:*.spx=00;36:*.xspf=00;36:', 'GDM_LANG': 'en_US', 'GTK_MODULES': 'overlay-scrollbar:unity-gtk-module', 'INSTANCE': 'Unity', 'PWD': '/home/mdas', 'QT_IM_MODULE': 'ibus', 'ROS_ETC_DIR': '/opt/ros/indigo/etc/ros', 'COLORTERM': 'gnome-terminal', 'DISPLAY': ':0', 'ROS_WORKSPACE': '/home/mdas/ros_ws', 'XDG_CONFIG_DIRS': '/etc/xdg/xdg-ubuntu:/usr/share/upstart/xdg:/etc/xdg', 'XDG_SEAT': 'seat0'}]
[roslaunch][INFO] 2017-10-27 14:00:25,281: process[rosout-1]: args[[u'/opt/ros/indigo/lib/rosout/rosout', u'__name:=rosout']]
[roslaunch][INFO] 2017-10-27 14:00:25,281: ... created process [rosout-1]
[roslaunch.pmon][INFO] 2017-10-27 14:00:25,281: ProcessMonitor.register[rosout-1]
[roslaunch.pmon][INFO] 2017-10-27 14:00:25,281: ProcessMonitor.register[rosout-1] complete
[roslaunch][INFO] 2017-10-27 14:00:25,281: ... registered process [rosout-1]
[roslaunch][INFO] 2017-10-27 14:00:25,281: process[rosout-1]: starting os process
[roslaunch][INFO] 2017-10-27 14:00:25,282: process[rosout-1]: start w/ args [[u'/opt/ros/indigo/lib/rosout/rosout', u'__name:=rosout', u'__log:=/home/mdas/.ros/log/b5243ba6-bb40-11e7-94f2-f44d306c96a4/rosout-1.log']]
[roslaunch][INFO] 2017-10-27 14:00:25,282: process[rosout-1]: cwd will be [/home/mdas/.ros]
[roslaunch][INFO] 2017-10-27 14:00:25,284: process[rosout-1]: started with pid [3735]
[roslaunch][INFO] 2017-10-27 14:00:25,284: ... successfully launched [rosout-1]
[roslaunch][INFO] 2017-10-27 14:00:25,284: load_parameters starting ...
[roslaunch][INFO] 2017-10-27 14:00:25,286: ... load_parameters complete
[roslaunch][INFO] 2017-10-27 14:00:25,286: launch_nodes: launching local nodes ...
[roslaunch][INFO] 2017-10-27 14:00:25,286: ... launch_nodes complete
[roslaunch.pmon][INFO] 2017-10-27 14:00:25,286: registrations completed <ProcessMonitor(ProcessMonitor-1, started daemon 139966465906432)>
[roslaunch.parent][INFO] 2017-10-27 14:00:25,286: ... roslaunch parent running, waiting for process exit
[roslaunch][INFO] 2017-10-27 14:00:25,286: spin
[roslaunch.pmon][INFO] 2017-10-27 14:01:58,459: ProcessMonitor.shutdown <ProcessMonitor(ProcessMonitor-1, started daemon 139966465906432)>
[roslaunch.pmon][INFO] 2017-10-27 14:01:58,511: ProcessMonitor._post_run <ProcessMonitor(ProcessMonitor-1, started daemon 139966465906432)>
[roslaunch.pmon][INFO] 2017-10-27 14:01:58,511: ProcessMonitor._post_run <ProcessMonitor(ProcessMonitor-1, started daemon 139966465906432)>: remaining procs are [<roslaunch.nodeprocess.LocalProcess object at 0x7f4c7b7b8650>, <roslaunch.nodeprocess.LocalProcess object at 0x7f4c7b7b8a10>]
[roslaunch.pmon][INFO] 2017-10-27 14:01:58,512: ProcessMonitor exit: killing rosout-1
[roslaunch][INFO] 2017-10-27 14:01:58,512: [rosout-1] killing on exit
[roslaunch][INFO] 2017-10-27 14:01:58,512: process[rosout-1]: killing os process with pid[3735] pgid[3735]
[roslaunch][INFO] 2017-10-27 14:01:58,512: [rosout-1] sending SIGINT to pgid [3735]
[roslaunch][INFO] 2017-10-27 14:01:58,512: [rosout-1] sent SIGINT to pgid [3735]
[roslaunch][INFO] 2017-10-27 14:01:58,713: process[rosout-1]: SIGINT killed with return value 0
[roslaunch.pmon][INFO] 2017-10-27 14:01:58,713: ProcessMonitor exit: killing master
[roslaunch][INFO] 2017-10-27 14:01:58,713: [master] killing on exit
[roslaunch][INFO] 2017-10-27 14:01:58,713: process[master]: killing os process with pid[3722] pgid[3722]
[roslaunch][INFO] 2017-10-27 14:01:58,714: [master] sending SIGINT to pgid [3722]
[roslaunch][INFO] 2017-10-27 14:01:58,714: [master] sent SIGINT to pgid [3722]
[roslaunch][INFO] 2017-10-27 14:01:58,914: process[master]: SIGINT killed with return value 0
[roslaunch.pmon][INFO] 2017-10-27 14:01:58,915: ProcessMonitor exit: cleaning up data structures and signals
[roslaunch.pmon][INFO] 2017-10-27 14:01:58,915: ProcessMonitor exit: pmon has shutdown
[roslaunch][INFO] 2017-10-27 14:01:58,924: process monitor is done spinning, initiating full shutdown
[roslaunch][INFO] 2017-10-27 14:01:58,925: runner.stop()
[roslaunch][INFO] 2017-10-27 14:01:58,925: shutting down processing monitor...
[roslaunch][INFO] 2017-10-27 14:01:58,926: shutting down processing monitor <ProcessMonitor(ProcessMonitor-1, stopped daemon 139966465906432)>
[roslaunch.pmon][INFO] 2017-10-27 14:01:58,926: ProcessMonitor.shutdown <ProcessMonitor(ProcessMonitor-1, stopped daemon 139966465906432)>
[roslaunch][INFO] 2017-10-27 14:01:58,926: ... shutting down processing monitor complete
[roslaunch][INFO] 2017-10-27 14:01:58,926: done
[roslaunch.pmon][INFO] 2017-10-27 14:01:58,927: ProcessMonitor.shutdown <ProcessMonitor(ProcessMonitor-1, stopped daemon 139966465906432)>
[rospy.core][INFO] 2017-10-27 14:01:58,927: signal_shutdown [atexit]
