[roslaunch][INFO] 2017-11-10 13:53:02,042: Checking log directory for disk usage. This may take awhile.
Press Ctrl-C to interrupt
[roslaunch][INFO] 2017-11-10 13:53:02,058: Done checking log file disk usage. Usage is <1GB.
[roslaunch][INFO] 2017-11-10 13:53:02,058: roslaunch starting with args ['roscore', '--core']
[roslaunch][INFO] 2017-11-10 13:53:02,058: roslaunch env is {'MANDATORY_PATH': '/usr/share/gconf/ubuntu.mandatory.path', 'ROS_DISTRO': 'indigo', 'ROS_LOG_FILENAME': '/home/mdas/.ros/log/609a8dfc-c648-11e7-b24b-404a0358042c/roslaunch-mdas-Meerkat-2595.log', 'XDG_GREETER_DATA_DIR': '/var/lib/lightdm-data/mdas', 'GNOME_DESKTOP_SESSION_ID': 'this-is-deprecated', 'XDG_CURRENT_DESKTOP': 'Unity', 'LESSOPEN': '| /usr/bin/lesspipe %s', 'PKG_CONFIG_PATH': '/home/mdas/ros_ws/devel/lib/pkgconfig:/opt/ros/indigo/lib/pkgconfig', 'CPATH': '/home/mdas/ros_ws/devel/include:/opt/ros/indigo/include', 'LOGNAME': 'mdas', 'WINDOWID': '62914571', 'PATH': '/opt/ros/indigo/bin:/usr/local/sbin:/usr/local/bin:/usr/sbin:/usr/bin:/sbin:/bin:/usr/games:/usr/local/games', 'XDG_VTNR': '7', 'GNOME_KEYRING_CONTROL': '/run/user/1000/keyring-M9DD0R', 'CMAKE_PREFIX_PATH': '/home/mdas/ros_ws/devel:/opt/ros/indigo', 'LD_LIBRARY_PATH': '/home/mdas/ros_ws/devel/lib:/opt/ros/indigo/lib', 'LANG': 'en_US.UTF-8', 'TERM': 'xterm', 'SHELL': '/bin/bash', 'XDG_SESSION_PATH': '/org/freedesktop/DisplayManager/Session0', 'XAUTHORITY': '/home/mdas/.Xauthority', 'LANGUAGE': 'en_US', 'SESSION_MANAGER': 'local/mdas-Meerkat:@/tmp/.ICE-unix/1834,unix/mdas-Meerkat:/tmp/.ICE-unix/1834', 'SHLVL': '1', 'LESSCLOSE': '/usr/bin/lesspipe %s %s', 'QT_QPA_PLATFORMTHEME': 'appmenu-qt5', 'JOB': 'dbus', 'TEXTDOMAIN': 'im-config', 'QT4_IM_MODULE': 'xim', 'CLUTTER_IM_MODULE': 'xim', 'SESSION': 'ubuntu', 'SESSIONTYPE': 'gnome-session', 'XMODIFIERS': '@im=ibus', 'ROS_ETC_DIR': '/opt/ros/indigo/etc/ros', 'GPG_AGENT_INFO': '/run/user/1000/keyring-M9DD0R/gpg:0:1', 'HOME': '/home/mdas', 'SELINUX_INIT': 'YES', 'COMPIZ_BIN_PATH': '/usr/bin/', 'XDG_RUNTIME_DIR': '/run/user/1000', 'INSTANCE': '', 'PYTHONPATH': '/home/mdas/ros_ws/devel/lib/python2.7/dist-packages:/opt/ros/indigo/lib/python2.7/dist-packages', 'COMPIZ_CONFIG_PROFILE': 'ubuntu', 'SSH_AUTH_SOCK': '/run/user/1000/keyring-M9DD0R/ssh', 'VTE_VERSION': '3409', 'ROS_ROOT': '/opt/ros/indigo/share/ros', 'GDMSESSION': 'ubuntu', 'IM_CONFIG_PHASE': '1', 'TEXTDOMAINDIR': '/usr/share/locale/', 'GNOME_KEYRING_PID': '1675', 'XDG_SEAT_PATH': '/org/freedesktop/DisplayManager/Seat0', 'ROS_PACKAGE_PATH': '/home/mdas/ros_ws/src:/opt/ros/indigo/share:/opt/ros/indigo/stacks', 'ROS_WORKSPACE': '/home/mdas/ros_ws', 'XDG_SESSION_ID': 'c2', 'DBUS_SESSION_BUS_ADDRESS': 'unix:abstract=/tmp/dbus-aYfKMwXheQ', '_': '/opt/ros/indigo/bin/roscore', 'DEFAULTS_PATH': '/usr/share/gconf/ubuntu.default.path', 'GTK_IM_MODULE': 'ibus', 'DESKTOP_SESSION': 'ubuntu', 'UPSTART_SESSION': 'unix:abstract=/com/ubuntu/upstart-session/1000/1677', 'XDG_CONFIG_DIRS': '/etc/xdg/xdg-ubuntu:/usr/share/upstart/xdg:/etc/xdg', 'GTK_MODULES': 'overlay-scrollbar:unity-gtk-module', 'XDG_SEAT': 'seat0', 'GDM_LANG': 'en_US', 'XDG_DATA_DIRS': '/usr/share/ubuntu:/usr/share/gnome:/usr/local/share/:/usr/share/', 'PWD': '/home/mdas', 'QT_IM_MODULE': 'ibus', 'ROS_MASTER_URI': 'http://localhost:11311', 'COLORTERM': 'gnome-terminal', 'DISPLAY': ':0', 'XDG_MENU_PREFIX': 'gnome-', 'LS_COLORS': 'rs=0:di=01;34:ln=01;36:mh=00:pi=40;33:so=01;35:do=01;35:bd=40;33;01:cd=40;33;01:or=40;31;01:su=37;41:sg=30;43:ca=30;41:tw=30;42:ow=34;42:st=37;44:ex=01;32:*.tar=01;31:*.tgz=01;31:*.arj=01;31:*.taz=01;31:*.lzh=01;31:*.lzma=01;31:*.tlz=01;31:*.txz=01;31:*.zip=01;31:*.z=01;31:*.Z=01;31:*.dz=01;31:*.gz=01;31:*.lz=01;31:*.xz=01;31:*.bz2=01;31:*.bz=01;31:*.tbz=01;31:*.tbz2=01;31:*.tz=01;31:*.deb=01;31:*.rpm=01;31:*.jar=01;31:*.war=01;31:*.ear=01;31:*.sar=01;31:*.rar=01;31:*.ace=01;31:*.zoo=01;31:*.cpio=01;31:*.7z=01;31:*.rz=01;31:*.jpg=01;35:*.jpeg=01;35:*.gif=01;35:*.bmp=01;35:*.pbm=01;35:*.pgm=01;35:*.ppm=01;35:*.tga=01;35:*.xbm=01;35:*.xpm=01;35:*.tif=01;35:*.tiff=01;35:*.png=01;35:*.svg=01;35:*.svgz=01;35:*.mng=01;35:*.pcx=01;35:*.mov=01;35:*.mpg=01;35:*.mpeg=01;35:*.m2v=01;35:*.mkv=01;35:*.webm=01;35:*.ogm=01;35:*.mp4=01;35:*.m4v=01;35:*.mp4v=01;35:*.vob=01;35:*.qt=01;35:*.nuv=01;35:*.wmv=01;35:*.asf=01;35:*.rm=01;35:*.rmvb=01;35:*.flc=01;35:*.avi=01;35:*.fli=01;35:*.flv=01;35:*.gl=01;35:*.dl=01;35:*.xcf=01;35:*.xwd=01;35:*.yuv=01;35:*.cgm=01;35:*.emf=01;35:*.axv=01;35:*.anx=01;35:*.ogv=01;35:*.ogx=01;35:*.aac=00;36:*.au=00;36:*.flac=00;36:*.mid=00;36:*.midi=00;36:*.mka=00;36:*.mp3=00;36:*.mpc=00;36:*.ogg=00;36:*.ra=00;36:*.wav=00;36:*.axa=00;36:*.oga=00;36:*.spx=00;36:*.xspf=00;36:', 'USER': 'mdas'}
[roslaunch][INFO] 2017-11-10 13:53:02,058: starting in server mode
[roslaunch.parent][INFO] 2017-11-10 13:53:02,058: starting roslaunch parent run
[roslaunch][INFO] 2017-11-10 13:53:02,059: loading roscore config file /opt/ros/indigo/etc/ros/roscore.xml
[roslaunch][INFO] 2017-11-10 13:53:02,127: Added core node of type [rosout/rosout] in namespace [/]
[roslaunch.pmon][INFO] 2017-11-10 13:53:02,127: start_process_monitor: creating ProcessMonitor
[roslaunch.pmon][INFO] 2017-11-10 13:53:02,127: created process monitor <ProcessMonitor(ProcessMonitor-1, initial daemon)>
[roslaunch.pmon][INFO] 2017-11-10 13:53:02,128: start_process_monitor: ProcessMonitor started
[roslaunch.parent][INFO] 2017-11-10 13:53:02,128: starting parent XML-RPC server
[roslaunch.server][INFO] 2017-11-10 13:53:02,128: starting roslaunch XML-RPC server
[roslaunch.server][INFO] 2017-11-10 13:53:02,128: waiting for roslaunch XML-RPC server to initialize
[xmlrpc][INFO] 2017-11-10 13:53:02,128: XML-RPC server binding to 0.0.0.0:0
[xmlrpc][INFO] 2017-11-10 13:53:02,128: Started XML-RPC server [http://mdas-Meerkat:41923/]
[xmlrpc][INFO] 2017-11-10 13:53:02,128: xml rpc node: starting XML-RPC server
[roslaunch][INFO] 2017-11-10 13:53:02,139: started roslaunch server http://mdas-Meerkat:41923/
[roslaunch.parent][INFO] 2017-11-10 13:53:02,140: ... parent XML-RPC server started
[roslaunch][INFO] 2017-11-10 13:53:02,140: master.is_running[http://mdas-Meerkat:11311/]
[roslaunch][INFO] 2017-11-10 13:53:02,142: auto-starting new master
[roslaunch][INFO] 2017-11-10 13:53:02,142: create_master_process: rosmaster, /opt/ros/indigo/share/ros, 11311, 3, None
[roslaunch][INFO] 2017-11-10 13:53:02,142: process[master]: launching with args [['rosmaster', '--core', '-p', '11311', '-w', '3']]
[roslaunch.pmon][INFO] 2017-11-10 13:53:02,142: ProcessMonitor.register[master]
[roslaunch.pmon][INFO] 2017-11-10 13:53:02,142: ProcessMonitor.register[master] complete
[roslaunch][INFO] 2017-11-10 13:53:02,142: process[master]: starting os process
[roslaunch][INFO] 2017-11-10 13:53:02,142: process[master]: start w/ args [['rosmaster', '--core', '-p', '11311', '-w', '3', '__log:=/home/mdas/.ros/log/609a8dfc-c648-11e7-b24b-404a0358042c/master.log']]
[roslaunch][INFO] 2017-11-10 13:53:02,142: process[master]: cwd will be [/home/mdas/.ros]
[roslaunch][INFO] 2017-11-10 13:53:02,144: process[master]: started with pid [2607]
[roslaunch][INFO] 2017-11-10 13:53:02,144: master.is_running[http://mdas-Meerkat:11311/]
[roslaunch][INFO] 2017-11-10 13:53:02,245: master.is_running[http://mdas-Meerkat:11311/]
[roslaunch][INFO] 2017-11-10 13:53:02,246: master.is_running[http://mdas-Meerkat:11311/]
[roslaunch][INFO] 2017-11-10 13:53:02,247: ROS_MASTER_URI=http://mdas-Meerkat:11311/
[roslaunch][INFO] 2017-11-10 13:53:02,248: setting /run_id to 609a8dfc-c648-11e7-b24b-404a0358042c
[roslaunch][INFO] 2017-11-10 13:53:02,248: setting /roslaunch/uris/host_mdas_meerkat__41923' to http://mdas-Meerkat:41923/
[roslaunch][INFO] 2017-11-10 13:53:02,250: ... preparing to launch node of type [rosout/rosout]
[roslaunch][INFO] 2017-11-10 13:53:02,250: create_node_process: package[rosout] type[rosout] machine[Machine(name[] env_loader[None] address[localhost] ssh_port[22] user[None] assignable[True] timeout[10.0])] master_uri[http://mdas-Meerkat:11311/]
[roslaunch][INFO] 2017-11-10 13:53:02,250: process[rosout-1]: env[{'QT_QPA_PLATFORMTHEME': 'appmenu-qt5', 'ROS_DISTRO': 'indigo', 'XDG_GREETER_DATA_DIR': '/var/lib/lightdm-data/mdas', 'GNOME_DESKTOP_SESSION_ID': 'this-is-deprecated', 'XDG_CURRENT_DESKTOP': 'Unity', 'XDG_SEAT_PATH': '/org/freedesktop/DisplayManager/Seat0', 'CPATH': '/home/mdas/ros_ws/devel/include:/opt/ros/indigo/include', 'LOGNAME': 'mdas', 'XDG_SEAT': 'seat0', 'PATH': '/opt/ros/indigo/bin:/usr/local/sbin:/usr/local/bin:/usr/sbin:/usr/bin:/sbin:/bin:/usr/games:/usr/local/games', 'XDG_VTNR': '7', 'GNOME_KEYRING_CONTROL': '/run/user/1000/keyring-M9DD0R', 'CMAKE_PREFIX_PATH': '/home/mdas/ros_ws/devel:/opt/ros/indigo', 'LD_LIBRARY_PATH': '/home/mdas/ros_ws/devel/lib:/opt/ros/indigo/lib', 'LANG': 'en_US.UTF-8', 'TERM': 'xterm', 'SHELL': '/bin/bash', 'XDG_SESSION_PATH': '/org/freedesktop/DisplayManager/Session0', 'XAUTHORITY': '/home/mdas/.Xauthority', 'LANGUAGE': 'en_US', 'SESSION_MANAGER': 'local/mdas-Meerkat:@/tmp/.ICE-unix/1834,unix/mdas-Meerkat:/tmp/.ICE-unix/1834', 'SHLVL': '1', 'MANDATORY_PATH': '/usr/share/gconf/ubuntu.mandatory.path', 'CLUTTER_IM_MODULE': 'xim', 'ROS_LOG_FILENAME': '/home/mdas/.ros/log/609a8dfc-c648-11e7-b24b-404a0358042c/roslaunch-mdas-Meerkat-2595.log', 'TEXTDOMAIN': 'im-config', 'JOB': 'dbus', 'WINDOWID': '62914571', 'SESSIONTYPE': 'gnome-session', 'XMODIFIERS': '@im=ibus', 'ROS_MASTER_URI': 'http://mdas-Meerkat:11311/', 'GPG_AGENT_INFO': '/run/user/1000/keyring-M9DD0R/gpg:0:1', 'HOME': '/home/mdas', 'QT4_IM_MODULE': 'xim', 'SELINUX_INIT': 'YES', 'SSH_AUTH_SOCK': '/run/user/1000/keyring-M9DD0R/ssh', 'XDG_RUNTIME_DIR': '/run/user/1000', 'GTK_IM_MODULE': 'ibus', 'PYTHONPATH': '/home/mdas/ros_ws/devel/lib/python2.7/dist-packages:/opt/ros/indigo/lib/python2.7/dist-packages', 'COMPIZ_CONFIG_PROFILE': 'ubuntu', 'COMPIZ_BIN_PATH': '/usr/bin/', 'VTE_VERSION': '3409', 'ROS_ROOT': '/opt/ros/indigo/share/ros', 'GDMSESSION': 'ubuntu', 'IM_CONFIG_PHASE': '1', 'TEXTDOMAINDIR': '/usr/share/locale/', 'XDG_DATA_DIRS': '/usr/share/ubuntu:/usr/share/gnome:/usr/local/share/:/usr/share/', 'PKG_CONFIG_PATH': '/home/mdas/ros_ws/devel/lib/pkgconfig:/opt/ros/indigo/lib/pkgconfig', 'ROS_PACKAGE_PATH': '/home/mdas/ros_ws/src:/opt/ros/indigo/share:/opt/ros/indigo/stacks', 'LESSOPEN': '| /usr/bin/lesspipe %s', 'XDG_SESSION_ID': 'c2', 'DBUS_SESSION_BUS_ADDRESS': 'unix:abstract=/tmp/dbus-aYfKMwXheQ', '_': '/opt/ros/indigo/bin/roscore', 'DEFAULTS_PATH': '/usr/share/gconf/ubuntu.default.path', 'SESSION': 'ubuntu', 'DESKTOP_SESSION': 'ubuntu', 'UPSTART_SESSION': 'unix:abstract=/com/ubuntu/upstart-session/1000/1677', 'LESSCLOSE': '/usr/bin/lesspipe %s %s', 'GNOME_KEYRING_PID': '1675', 'LS_COLORS': 'rs=0:di=01;34:ln=01;36:mh=00:pi=40;33:so=01;35:do=01;35:bd=40;33;01:cd=40;33;01:or=40;31;01:su=37;41:sg=30;43:ca=30;41:tw=30;42:ow=34;42:st=37;44:ex=01;32:*.tar=01;31:*.tgz=01;31:*.arj=01;31:*.taz=01;31:*.lzh=01;31:*.lzma=01;31:*.tlz=01;31:*.txz=01;31:*.zip=01;31:*.z=01;31:*.Z=01;31:*.dz=01;31:*.gz=01;31:*.lz=01;31:*.xz=01;31:*.bz2=01;31:*.bz=01;31:*.tbz=01;31:*.tbz2=01;31:*.tz=01;31:*.deb=01;31:*.rpm=01;31:*.jar=01;31:*.war=01;31:*.ear=01;31:*.sar=01;31:*.rar=01;31:*.ace=01;31:*.zoo=01;31:*.cpio=01;31:*.7z=01;31:*.rz=01;31:*.jpg=01;35:*.jpeg=01;35:*.gif=01;35:*.bmp=01;35:*.pbm=01;35:*.pgm=01;35:*.ppm=01;35:*.tga=01;35:*.xbm=01;35:*.xpm=01;35:*.tif=01;35:*.tiff=01;35:*.png=01;35:*.svg=01;35:*.svgz=01;35:*.mng=01;35:*.pcx=01;35:*.mov=01;35:*.mpg=01;35:*.mpeg=01;35:*.m2v=01;35:*.mkv=01;35:*.webm=01;35:*.ogm=01;35:*.mp4=01;35:*.m4v=01;35:*.mp4v=01;35:*.vob=01;35:*.qt=01;35:*.nuv=01;35:*.wmv=01;35:*.asf=01;35:*.rm=01;35:*.rmvb=01;35:*.flc=01;35:*.avi=01;35:*.fli=01;35:*.flv=01;35:*.gl=01;35:*.dl=01;35:*.xcf=01;35:*.xwd=01;35:*.yuv=01;35:*.cgm=01;35:*.emf=01;35:*.axv=01;35:*.anx=01;35:*.ogv=01;35:*.ogx=01;35:*.aac=00;36:*.au=00;36:*.flac=00;36:*.mid=00;36:*.midi=00;36:*.mka=00;36:*.mp3=00;36:*.mpc=00;36:*.ogg=00;36:*.ra=00;36:*.wav=00;36:*.axa=00;36:*.oga=00;36:*.spx=00;36:*.xspf=00;36:', 'GDM_LANG': 'en_US', 'GTK_MODULES': 'overlay-scrollbar:unity-gtk-module', 'INSTANCE': '', 'PWD': '/home/mdas', 'QT_IM_MODULE': 'ibus', 'ROS_ETC_DIR': '/opt/ros/indigo/etc/ros', 'COLORTERM': 'gnome-terminal', 'DISPLAY': ':0', 'XDG_MENU_PREFIX': 'gnome-', 'ROS_WORKSPACE': '/home/mdas/ros_ws', 'XDG_CONFIG_DIRS': '/etc/xdg/xdg-ubuntu:/usr/share/upstart/xdg:/etc/xdg', 'USER': 'mdas'}]
[roslaunch][INFO] 2017-11-10 13:53:02,338: process[rosout-1]: args[[u'/opt/ros/indigo/lib/rosout/rosout', u'__name:=rosout']]
[roslaunch][INFO] 2017-11-10 13:53:02,338: ... created process [rosout-1]
[roslaunch.pmon][INFO] 2017-11-10 13:53:02,338: ProcessMonitor.register[rosout-1]
[roslaunch.pmon][INFO] 2017-11-10 13:53:02,338: ProcessMonitor.register[rosout-1] complete
[roslaunch][INFO] 2017-11-10 13:53:02,338: ... registered process [rosout-1]
[roslaunch][INFO] 2017-11-10 13:53:02,339: process[rosout-1]: starting os process
[roslaunch][INFO] 2017-11-10 13:53:02,339: process[rosout-1]: start w/ args [[u'/opt/ros/indigo/lib/rosout/rosout', u'__name:=rosout', u'__log:=/home/mdas/.ros/log/609a8dfc-c648-11e7-b24b-404a0358042c/rosout-1.log']]
[roslaunch][INFO] 2017-11-10 13:53:02,339: process[rosout-1]: cwd will be [/home/mdas/.ros]
[roslaunch][INFO] 2017-11-10 13:53:02,341: process[rosout-1]: started with pid [2620]
[roslaunch][INFO] 2017-11-10 13:53:02,341: ... successfully launched [rosout-1]
[roslaunch][INFO] 2017-11-10 13:53:02,341: load_parameters starting ...
[roslaunch][INFO] 2017-11-10 13:53:02,343: ... load_parameters complete
[roslaunch][INFO] 2017-11-10 13:53:02,343: launch_nodes: launching local nodes ...
[roslaunch][INFO] 2017-11-10 13:53:02,343: ... launch_nodes complete
[roslaunch.pmon][INFO] 2017-11-10 13:53:02,343: registrations completed <ProcessMonitor(ProcessMonitor-1, started daemon 140301970302720)>
[roslaunch.parent][INFO] 2017-11-10 13:53:02,343: ... roslaunch parent running, waiting for process exit
[roslaunch][INFO] 2017-11-10 13:53:02,343: spin
[roslaunch.pmon][INFO] 2017-11-10 14:13:14,798: ProcessMonitor.shutdown <ProcessMonitor(ProcessMonitor-1, started daemon 140301970302720)>
[roslaunch.pmon][INFO] 2017-11-10 14:13:14,801: ProcessMonitor._post_run <ProcessMonitor(ProcessMonitor-1, started daemon 140301970302720)>
[roslaunch.pmon][INFO] 2017-11-10 14:13:14,802: ProcessMonitor._post_run <ProcessMonitor(ProcessMonitor-1, started daemon 140301970302720)>: remaining procs are [<roslaunch.nodeprocess.LocalProcess object at 0x7f9a991ad790>, <roslaunch.nodeprocess.LocalProcess object at 0x7f9a991ad990>]
[roslaunch.pmon][INFO] 2017-11-10 14:13:14,803: ProcessMonitor exit: killing rosout-1
[roslaunch][INFO] 2017-11-10 14:13:14,803: [rosout-1] killing on exit
[roslaunch][INFO] 2017-11-10 14:13:14,804: process[rosout-1]: killing os process with pid[2620] pgid[2620]
[roslaunch][INFO] 2017-11-10 14:13:14,804: [rosout-1] sending SIGINT to pgid [2620]
[roslaunch][INFO] 2017-11-10 14:13:14,804: [rosout-1] sent SIGINT to pgid [2620]
[roslaunch][INFO] 2017-11-10 14:13:15,005: process[rosout-1]: SIGINT killed with return value 0
[roslaunch.pmon][INFO] 2017-11-10 14:13:15,005: ProcessMonitor exit: killing master
[roslaunch][INFO] 2017-11-10 14:13:15,005: [master] killing on exit
[roslaunch][INFO] 2017-11-10 14:13:15,005: process[master]: killing os process with pid[2607] pgid[2607]
[roslaunch][INFO] 2017-11-10 14:13:15,005: [master] sending SIGINT to pgid [2607]
[roslaunch][INFO] 2017-11-10 14:13:15,005: [master] sent SIGINT to pgid [2607]
[roslaunch][INFO] 2017-11-10 14:13:15,206: process[master]: SIGINT killed with return value 0
[roslaunch.pmon][INFO] 2017-11-10 14:13:15,207: ProcessMonitor exit: cleaning up data structures and signals
[roslaunch.pmon][INFO] 2017-11-10 14:13:15,207: ProcessMonitor exit: pmon has shutdown
[roslaunch][INFO] 2017-11-10 14:13:15,212: process monitor is done spinning, initiating full shutdown
[roslaunch][INFO] 2017-11-10 14:13:15,213: runner.stop()
[roslaunch][INFO] 2017-11-10 14:13:15,213: shutting down processing monitor...
[roslaunch][INFO] 2017-11-10 14:13:15,213: shutting down processing monitor <ProcessMonitor(ProcessMonitor-1, stopped daemon 140301970302720)>
[roslaunch.pmon][INFO] 2017-11-10 14:13:15,213: ProcessMonitor.shutdown <ProcessMonitor(ProcessMonitor-1, stopped daemon 140301970302720)>
[roslaunch][INFO] 2017-11-10 14:13:15,213: ... shutting down processing monitor complete
[roslaunch][INFO] 2017-11-10 14:13:15,214: done
[roslaunch.pmon][INFO] 2017-11-10 14:13:15,214: ProcessMonitor.shutdown <ProcessMonitor(ProcessMonitor-1, stopped daemon 140301970302720)>
[rospy.core][INFO] 2017-11-10 14:13:15,214: signal_shutdown [atexit]
