[roslaunch][INFO] 2017-11-08 13:21:35,201: Checking log directory for disk usage. This may take awhile.
Press Ctrl-C to interrupt
[roslaunch][INFO] 2017-11-08 13:21:35,203: Done checking log file disk usage. Usage is <1GB.
[roslaunch][INFO] 2017-11-08 13:21:35,203: roslaunch starting with args ['/opt/ros/indigo/bin/roslaunch', 'usb_cam', 'both_cams.launch']
[roslaunch][INFO] 2017-11-08 13:21:35,203: roslaunch env is {'ROS_DISTRO': 'indigo', 'LESSOPEN': '| /usr/bin/lesspipe %s', 'SSH_CLIENT': '192.168.1.15 43410 22', 'CPATH': '/home/mdas/ros_ws/devel/include:/opt/ros/indigo/include', 'LOGNAME': 'mdas', 'USER': 'mdas', 'PATH': '/opt/ros/indigo/bin:/usr/local/sbin:/usr/local/bin:/usr/sbin:/usr/bin:/sbin:/bin:/usr/games:/usr/local/games', 'HOME': '/home/mdas', 'CMAKE_PREFIX_PATH': '/home/mdas/ros_ws/devel:/opt/ros/indigo', 'LD_LIBRARY_PATH': '/home/mdas/ros_ws/devel/lib:/opt/ros/indigo/lib', 'LANG': 'en_US.UTF-8', 'TERM': 'xterm', 'SHELL': '/bin/bash', 'SHLVL': '1', 'QT_QPA_PLATFORMTHEME': 'appmenu-qt5', 'ROS_LOG_FILENAME': '/home/mdas/.ros/log/a73757c4-c4b1-11e7-9022-f44d306c96a4/roslaunch-mdas-Meerkat-3868.log', 'ROS_ETC_DIR': '/opt/ros/indigo/etc/ros', 'XDG_RUNTIME_DIR': '/run/user/1000', 'PYTHONPATH': '/home/mdas/ros_ws/devel/lib/python2.7/dist-packages:/opt/ros/indigo/lib/python2.7/dist-packages', 'ROS_ROOT': '/opt/ros/indigo/share/ros', 'PKG_CONFIG_PATH': '/home/mdas/ros_ws/devel/lib/pkgconfig:/opt/ros/indigo/lib/pkgconfig', 'ROS_PACKAGE_PATH': '/home/mdas/ros_ws/src:/opt/ros/indigo/share:/opt/ros/indigo/stacks', 'ROS_WORKSPACE': '/home/mdas/ros_ws', 'XDG_SESSION_ID': '3', '_': '/opt/ros/indigo/bin/roslaunch', 'SSH_CONNECTION': '192.168.1.15 43410 192.168.1.113 22', 'LESSCLOSE': '/usr/bin/lesspipe %s %s', 'SSH_TTY': '/dev/pts/9', 'OLDPWD': '/home/mdas/ros_ws/src/packages/usb_cams', 'PWD': '/home/mdas/ros_ws/src/packages/usb_cams/launch', 'ROS_MASTER_URI': 'http://localhost:11311', 'MAIL': '/var/mail/mdas', 'LS_COLORS': 'rs=0:di=01;34:ln=01;36:mh=00:pi=40;33:so=01;35:do=01;35:bd=40;33;01:cd=40;33;01:or=40;31;01:su=37;41:sg=30;43:ca=30;41:tw=30;42:ow=34;42:st=37;44:ex=01;32:*.tar=01;31:*.tgz=01;31:*.arj=01;31:*.taz=01;31:*.lzh=01;31:*.lzma=01;31:*.tlz=01;31:*.txz=01;31:*.zip=01;31:*.z=01;31:*.Z=01;31:*.dz=01;31:*.gz=01;31:*.lz=01;31:*.xz=01;31:*.bz2=01;31:*.bz=01;31:*.tbz=01;31:*.tbz2=01;31:*.tz=01;31:*.deb=01;31:*.rpm=01;31:*.jar=01;31:*.war=01;31:*.ear=01;31:*.sar=01;31:*.rar=01;31:*.ace=01;31:*.zoo=01;31:*.cpio=01;31:*.7z=01;31:*.rz=01;31:*.jpg=01;35:*.jpeg=01;35:*.gif=01;35:*.bmp=01;35:*.pbm=01;35:*.pgm=01;35:*.ppm=01;35:*.tga=01;35:*.xbm=01;35:*.xpm=01;35:*.tif=01;35:*.tiff=01;35:*.png=01;35:*.svg=01;35:*.svgz=01;35:*.mng=01;35:*.pcx=01;35:*.mov=01;35:*.mpg=01;35:*.mpeg=01;35:*.m2v=01;35:*.mkv=01;35:*.webm=01;35:*.ogm=01;35:*.mp4=01;35:*.m4v=01;35:*.mp4v=01;35:*.vob=01;35:*.qt=01;35:*.nuv=01;35:*.wmv=01;35:*.asf=01;35:*.rm=01;35:*.rmvb=01;35:*.flc=01;35:*.avi=01;35:*.fli=01;35:*.flv=01;35:*.gl=01;35:*.dl=01;35:*.xcf=01;35:*.xwd=01;35:*.yuv=01;35:*.cgm=01;35:*.emf=01;35:*.axv=01;35:*.anx=01;35:*.ogv=01;35:*.ogx=01;35:*.aac=00;36:*.au=00;36:*.flac=00;36:*.mid=00;36:*.midi=00;36:*.mka=00;36:*.mp3=00;36:*.mpc=00;36:*.ogg=00;36:*.ra=00;36:*.wav=00;36:*.axa=00;36:*.oga=00;36:*.spx=00;36:*.xspf=00;36:'}
[roslaunch][INFO] 2017-11-08 13:21:35,203: starting in server mode
[roslaunch.parent][INFO] 2017-11-08 13:21:35,203: starting roslaunch parent run
[roslaunch][INFO] 2017-11-08 13:21:35,204: loading roscore config file /opt/ros/indigo/etc/ros/roscore.xml
[roslaunch][INFO] 2017-11-08 13:21:35,264: Added core node of type [rosout/rosout] in namespace [/]
[roslaunch.config][INFO] 2017-11-08 13:21:35,264: loading config file /home/mdas/ros_ws/src/packages/usb_cams/launch/both_cams.launch
[roslaunch][INFO] 2017-11-08 13:21:35,314: Added node of type [usb_cam/usb_cam_node] in namespace [/]
[roslaunch][INFO] 2017-11-08 13:21:35,314: Added node of type [usb_cam/usb_cam_node] in namespace [/]
[roslaunch][INFO] 2017-11-08 13:21:35,314: ... selected machine [] for node of type [usb_cam/usb_cam_node]
[roslaunch][INFO] 2017-11-08 13:21:35,314: ... selected machine [] for node of type [usb_cam/usb_cam_node]
[roslaunch.pmon][INFO] 2017-11-08 13:21:35,315: start_process_monitor: creating ProcessMonitor
[roslaunch.pmon][INFO] 2017-11-08 13:21:35,315: created process monitor <ProcessMonitor(ProcessMonitor-1, initial daemon)>
[roslaunch.pmon][INFO] 2017-11-08 13:21:35,315: start_process_monitor: ProcessMonitor started
[roslaunch.parent][INFO] 2017-11-08 13:21:35,315: starting parent XML-RPC server
[roslaunch.server][INFO] 2017-11-08 13:21:35,315: starting roslaunch XML-RPC server
[roslaunch.server][INFO] 2017-11-08 13:21:35,315: waiting for roslaunch XML-RPC server to initialize
[xmlrpc][INFO] 2017-11-08 13:21:35,315: XML-RPC server binding to 0.0.0.0:0
[xmlrpc][INFO] 2017-11-08 13:21:35,316: Started XML-RPC server [http://mdas-Meerkat:33381/]
[xmlrpc][INFO] 2017-11-08 13:21:35,316: xml rpc node: starting XML-RPC server
[roslaunch][INFO] 2017-11-08 13:21:35,327: started roslaunch server http://mdas-Meerkat:33381/
[roslaunch.parent][INFO] 2017-11-08 13:21:35,327: ... parent XML-RPC server started
[roslaunch][INFO] 2017-11-08 13:21:35,327: master.is_running[http://localhost:11311]
[roslaunch][INFO] 2017-11-08 13:21:35,328: auto-starting new master
[roslaunch][INFO] 2017-11-08 13:21:35,328: create_master_process: rosmaster, /opt/ros/indigo/share/ros, 11311, 3, None
[roslaunch][INFO] 2017-11-08 13:21:35,328: process[master]: launching with args [['rosmaster', '--core', '-p', '11311', '-w', '3']]
[roslaunch.pmon][INFO] 2017-11-08 13:21:35,328: ProcessMonitor.register[master]
[roslaunch.pmon][INFO] 2017-11-08 13:21:35,328: ProcessMonitor.register[master] complete
[roslaunch][INFO] 2017-11-08 13:21:35,328: process[master]: starting os process
[roslaunch][INFO] 2017-11-08 13:21:35,328: process[master]: start w/ args [['rosmaster', '--core', '-p', '11311', '-w', '3', '__log:=/home/mdas/.ros/log/a73757c4-c4b1-11e7-9022-f44d306c96a4/master.log']]
[roslaunch][INFO] 2017-11-08 13:21:35,328: process[master]: cwd will be [/home/mdas/.ros]
[roslaunch][INFO] 2017-11-08 13:21:35,330: process[master]: started with pid [3880]
[roslaunch][INFO] 2017-11-08 13:21:35,330: master.is_running[http://localhost:11311]
[roslaunch][INFO] 2017-11-08 13:21:35,430: master.is_running[http://localhost:11311]
[roslaunch][INFO] 2017-11-08 13:21:35,432: master.is_running[http://localhost:11311]
[roslaunch][INFO] 2017-11-08 13:21:35,432: ROS_MASTER_URI=http://localhost:11311
[roslaunch][INFO] 2017-11-08 13:21:35,433: setting /run_id to a73757c4-c4b1-11e7-9022-f44d306c96a4
[roslaunch][INFO] 2017-11-08 13:21:35,434: setting /roslaunch/uris/host_mdas_meerkat__33381' to http://mdas-Meerkat:33381/
[roslaunch][INFO] 2017-11-08 13:21:35,435: ... preparing to launch node of type [rosout/rosout]
[roslaunch][INFO] 2017-11-08 13:21:35,435: create_node_process: package[rosout] type[rosout] machine[Machine(name[] env_loader[None] address[localhost] ssh_port[22] user[None] assignable[True] timeout[10.0])] master_uri[http://localhost:11311]
[roslaunch][INFO] 2017-11-08 13:21:35,436: process[rosout-1]: env[{'ROS_DISTRO': 'indigo', 'LESSOPEN': '| /usr/bin/lesspipe %s', 'SSH_CLIENT': '192.168.1.15 43410 22', 'CPATH': '/home/mdas/ros_ws/devel/include:/opt/ros/indigo/include', 'LOGNAME': 'mdas', 'USER': 'mdas', 'PATH': '/opt/ros/indigo/bin:/usr/local/sbin:/usr/local/bin:/usr/sbin:/usr/bin:/sbin:/bin:/usr/games:/usr/local/games', 'HOME': '/home/mdas', 'CMAKE_PREFIX_PATH': '/home/mdas/ros_ws/devel:/opt/ros/indigo', 'ROS_LOG_FILENAME': '/home/mdas/.ros/log/a73757c4-c4b1-11e7-9022-f44d306c96a4/roslaunch-mdas-Meerkat-3868.log', 'LANG': 'en_US.UTF-8', 'TERM': 'xterm', 'SHELL': '/bin/bash', 'SHLVL': '1', 'QT_QPA_PLATFORMTHEME': 'appmenu-qt5', 'LD_LIBRARY_PATH': '/home/mdas/ros_ws/devel/lib:/opt/ros/indigo/lib', 'ROS_MASTER_URI': 'http://localhost:11311', 'XDG_RUNTIME_DIR': '/run/user/1000', 'PYTHONPATH': '/home/mdas/ros_ws/devel/lib/python2.7/dist-packages:/opt/ros/indigo/lib/python2.7/dist-packages', 'ROS_ROOT': '/opt/ros/indigo/share/ros', 'PKG_CONFIG_PATH': '/home/mdas/ros_ws/devel/lib/pkgconfig:/opt/ros/indigo/lib/pkgconfig', 'ROS_PACKAGE_PATH': '/home/mdas/ros_ws/src:/opt/ros/indigo/share:/opt/ros/indigo/stacks', 'ROS_WORKSPACE': '/home/mdas/ros_ws', 'XDG_SESSION_ID': '3', '_': '/opt/ros/indigo/bin/roslaunch', 'LS_COLORS': 'rs=0:di=01;34:ln=01;36:mh=00:pi=40;33:so=01;35:do=01;35:bd=40;33;01:cd=40;33;01:or=40;31;01:su=37;41:sg=30;43:ca=30;41:tw=30;42:ow=34;42:st=37;44:ex=01;32:*.tar=01;31:*.tgz=01;31:*.arj=01;31:*.taz=01;31:*.lzh=01;31:*.lzma=01;31:*.tlz=01;31:*.txz=01;31:*.zip=01;31:*.z=01;31:*.Z=01;31:*.dz=01;31:*.gz=01;31:*.lz=01;31:*.xz=01;31:*.bz2=01;31:*.bz=01;31:*.tbz=01;31:*.tbz2=01;31:*.tz=01;31:*.deb=01;31:*.rpm=01;31:*.jar=01;31:*.war=01;31:*.ear=01;31:*.sar=01;31:*.rar=01;31:*.ace=01;31:*.zoo=01;31:*.cpio=01;31:*.7z=01;31:*.rz=01;31:*.jpg=01;35:*.jpeg=01;35:*.gif=01;35:*.bmp=01;35:*.pbm=01;35:*.pgm=01;35:*.ppm=01;35:*.tga=01;35:*.xbm=01;35:*.xpm=01;35:*.tif=01;35:*.tiff=01;35:*.png=01;35:*.svg=01;35:*.svgz=01;35:*.mng=01;35:*.pcx=01;35:*.mov=01;35:*.mpg=01;35:*.mpeg=01;35:*.m2v=01;35:*.mkv=01;35:*.webm=01;35:*.ogm=01;35:*.mp4=01;35:*.m4v=01;35:*.mp4v=01;35:*.vob=01;35:*.qt=01;35:*.nuv=01;35:*.wmv=01;35:*.asf=01;35:*.rm=01;35:*.rmvb=01;35:*.flc=01;35:*.avi=01;35:*.fli=01;35:*.flv=01;35:*.gl=01;35:*.dl=01;35:*.xcf=01;35:*.xwd=01;35:*.yuv=01;35:*.cgm=01;35:*.emf=01;35:*.axv=01;35:*.anx=01;35:*.ogv=01;35:*.ogx=01;35:*.aac=00;36:*.au=00;36:*.flac=00;36:*.mid=00;36:*.midi=00;36:*.mka=00;36:*.mp3=00;36:*.mpc=00;36:*.ogg=00;36:*.ra=00;36:*.wav=00;36:*.axa=00;36:*.oga=00;36:*.spx=00;36:*.xspf=00;36:', 'LESSCLOSE': '/usr/bin/lesspipe %s %s', 'SSH_TTY': '/dev/pts/9', 'OLDPWD': '/home/mdas/ros_ws/src/packages/usb_cams', 'PWD': '/home/mdas/ros_ws/src/packages/usb_cams/launch', 'ROS_ETC_DIR': '/opt/ros/indigo/etc/ros', 'MAIL': '/var/mail/mdas', 'SSH_CONNECTION': '192.168.1.15 43410 192.168.1.113 22'}]
[roslaunch][INFO] 2017-11-08 13:21:35,485: process[rosout-1]: args[[u'/opt/ros/indigo/lib/rosout/rosout', u'__name:=rosout']]
[roslaunch][INFO] 2017-11-08 13:21:35,485: ... created process [rosout-1]
[roslaunch.pmon][INFO] 2017-11-08 13:21:35,485: ProcessMonitor.register[rosout-1]
[roslaunch.pmon][INFO] 2017-11-08 13:21:35,485: ProcessMonitor.register[rosout-1] complete
[roslaunch][INFO] 2017-11-08 13:21:35,485: ... registered process [rosout-1]
[roslaunch][INFO] 2017-11-08 13:21:35,485: process[rosout-1]: starting os process
[roslaunch][INFO] 2017-11-08 13:21:35,485: process[rosout-1]: start w/ args [[u'/opt/ros/indigo/lib/rosout/rosout', u'__name:=rosout', u'__log:=/home/mdas/.ros/log/a73757c4-c4b1-11e7-9022-f44d306c96a4/rosout-1.log']]
[roslaunch][INFO] 2017-11-08 13:21:35,485: process[rosout-1]: cwd will be [/home/mdas/.ros]
[roslaunch][INFO] 2017-11-08 13:21:35,487: process[rosout-1]: started with pid [3893]
[roslaunch][INFO] 2017-11-08 13:21:35,487: ... successfully launched [rosout-1]
[roslaunch][INFO] 2017-11-08 13:21:35,487: load_parameters starting ...
[roslaunch][INFO] 2017-11-08 13:21:35,492: ... load_parameters complete
[roslaunch][INFO] 2017-11-08 13:21:35,492: launch_nodes: launching local nodes ...
[roslaunch][INFO] 2017-11-08 13:21:35,492: ... preparing to launch node of type [usb_cam/usb_cam_node]
[roslaunch][INFO] 2017-11-08 13:21:35,492: create_node_process: package[usb_cam] type[usb_cam_node] machine[Machine(name[] env_loader[None] address[localhost] ssh_port[22] user[None] assignable[True] timeout[10.0])] master_uri[http://localhost:11311]
[roslaunch][INFO] 2017-11-08 13:21:35,492: process[usb_cam_1-2]: env[{'ROS_DISTRO': 'indigo', 'LESSOPEN': '| /usr/bin/lesspipe %s', 'SSH_CLIENT': '192.168.1.15 43410 22', 'CPATH': '/home/mdas/ros_ws/devel/include:/opt/ros/indigo/include', 'LOGNAME': 'mdas', 'USER': 'mdas', 'PATH': '/opt/ros/indigo/bin:/usr/local/sbin:/usr/local/bin:/usr/sbin:/usr/bin:/sbin:/bin:/usr/games:/usr/local/games', 'HOME': '/home/mdas', 'CMAKE_PREFIX_PATH': '/home/mdas/ros_ws/devel:/opt/ros/indigo', 'ROS_LOG_FILENAME': '/home/mdas/.ros/log/a73757c4-c4b1-11e7-9022-f44d306c96a4/roslaunch-mdas-Meerkat-3868.log', 'LANG': 'en_US.UTF-8', 'TERM': 'xterm', 'SHELL': '/bin/bash', 'SHLVL': '1', 'QT_QPA_PLATFORMTHEME': 'appmenu-qt5', 'LD_LIBRARY_PATH': '/home/mdas/ros_ws/devel/lib:/opt/ros/indigo/lib', 'ROS_MASTER_URI': 'http://localhost:11311', 'XDG_RUNTIME_DIR': '/run/user/1000', 'PYTHONPATH': '/home/mdas/ros_ws/devel/lib/python2.7/dist-packages:/opt/ros/indigo/lib/python2.7/dist-packages', 'ROS_ROOT': '/opt/ros/indigo/share/ros', 'PKG_CONFIG_PATH': '/home/mdas/ros_ws/devel/lib/pkgconfig:/opt/ros/indigo/lib/pkgconfig', 'ROS_PACKAGE_PATH': '/home/mdas/ros_ws/src:/opt/ros/indigo/share:/opt/ros/indigo/stacks', 'ROS_WORKSPACE': '/home/mdas/ros_ws', 'XDG_SESSION_ID': '3', '_': '/opt/ros/indigo/bin/roslaunch', 'LS_COLORS': 'rs=0:di=01;34:ln=01;36:mh=00:pi=40;33:so=01;35:do=01;35:bd=40;33;01:cd=40;33;01:or=40;31;01:su=37;41:sg=30;43:ca=30;41:tw=30;42:ow=34;42:st=37;44:ex=01;32:*.tar=01;31:*.tgz=01;31:*.arj=01;31:*.taz=01;31:*.lzh=01;31:*.lzma=01;31:*.tlz=01;31:*.txz=01;31:*.zip=01;31:*.z=01;31:*.Z=01;31:*.dz=01;31:*.gz=01;31:*.lz=01;31:*.xz=01;31:*.bz2=01;31:*.bz=01;31:*.tbz=01;31:*.tbz2=01;31:*.tz=01;31:*.deb=01;31:*.rpm=01;31:*.jar=01;31:*.war=01;31:*.ear=01;31:*.sar=01;31:*.rar=01;31:*.ace=01;31:*.zoo=01;31:*.cpio=01;31:*.7z=01;31:*.rz=01;31:*.jpg=01;35:*.jpeg=01;35:*.gif=01;35:*.bmp=01;35:*.pbm=01;35:*.pgm=01;35:*.ppm=01;35:*.tga=01;35:*.xbm=01;35:*.xpm=01;35:*.tif=01;35:*.tiff=01;35:*.png=01;35:*.svg=01;35:*.svgz=01;35:*.mng=01;35:*.pcx=01;35:*.mov=01;35:*.mpg=01;35:*.mpeg=01;35:*.m2v=01;35:*.mkv=01;35:*.webm=01;35:*.ogm=01;35:*.mp4=01;35:*.m4v=01;35:*.mp4v=01;35:*.vob=01;35:*.qt=01;35:*.nuv=01;35:*.wmv=01;35:*.asf=01;35:*.rm=01;35:*.rmvb=01;35:*.flc=01;35:*.avi=01;35:*.fli=01;35:*.flv=01;35:*.gl=01;35:*.dl=01;35:*.xcf=01;35:*.xwd=01;35:*.yuv=01;35:*.cgm=01;35:*.emf=01;35:*.axv=01;35:*.anx=01;35:*.ogv=01;35:*.ogx=01;35:*.aac=00;36:*.au=00;36:*.flac=00;36:*.mid=00;36:*.midi=00;36:*.mka=00;36:*.mp3=00;36:*.mpc=00;36:*.ogg=00;36:*.ra=00;36:*.wav=00;36:*.axa=00;36:*.oga=00;36:*.spx=00;36:*.xspf=00;36:', 'LESSCLOSE': '/usr/bin/lesspipe %s %s', 'SSH_TTY': '/dev/pts/9', 'OLDPWD': '/home/mdas/ros_ws/src/packages/usb_cams', 'PWD': '/home/mdas/ros_ws/src/packages/usb_cams/launch', 'ROS_ETC_DIR': '/opt/ros/indigo/etc/ros', 'MAIL': '/var/mail/mdas', 'SSH_CONNECTION': '192.168.1.15 43410 192.168.1.113 22'}]
[roslaunch][INFO] 2017-11-08 13:21:35,493: process[usb_cam_1-2]: args[[u'/home/mdas/ros_ws/devel/lib/usb_cam/usb_cam_node', u'__name:=usb_cam_1']]
[roslaunch][INFO] 2017-11-08 13:21:35,493: ... created process [usb_cam_1-2]
[roslaunch.pmon][INFO] 2017-11-08 13:21:35,493: ProcessMonitor.register[usb_cam_1-2]
[roslaunch.pmon][INFO] 2017-11-08 13:21:35,493: ProcessMonitor.register[usb_cam_1-2] complete
[roslaunch][INFO] 2017-11-08 13:21:35,493: ... registered process [usb_cam_1-2]
[roslaunch][INFO] 2017-11-08 13:21:35,493: process[usb_cam_1-2]: starting os process
[roslaunch][INFO] 2017-11-08 13:21:35,493: process[usb_cam_1-2]: start w/ args [[u'/home/mdas/ros_ws/devel/lib/usb_cam/usb_cam_node', u'__name:=usb_cam_1', u'__log:=/home/mdas/.ros/log/a73757c4-c4b1-11e7-9022-f44d306c96a4/usb_cam_1-2.log']]
[roslaunch][INFO] 2017-11-08 13:21:35,494: process[usb_cam_1-2]: cwd will be [/home/mdas/.ros]
[roslaunch][INFO] 2017-11-08 13:21:35,495: process[usb_cam_1-2]: started with pid [3903]
[roslaunch][INFO] 2017-11-08 13:21:35,495: ... successfully launched [usb_cam_1-2]
[roslaunch][INFO] 2017-11-08 13:21:35,496: ... preparing to launch node of type [usb_cam/usb_cam_node]
[roslaunch][INFO] 2017-11-08 13:21:35,496: create_node_process: package[usb_cam] type[usb_cam_node] machine[Machine(name[] env_loader[None] address[localhost] ssh_port[22] user[None] assignable[True] timeout[10.0])] master_uri[http://localhost:11311]
[roslaunch][INFO] 2017-11-08 13:21:35,496: process[usb_cam_2-3]: env[{'ROS_DISTRO': 'indigo', 'LESSOPEN': '| /usr/bin/lesspipe %s', 'SSH_CLIENT': '192.168.1.15 43410 22', 'CPATH': '/home/mdas/ros_ws/devel/include:/opt/ros/indigo/include', 'LOGNAME': 'mdas', 'USER': 'mdas', 'PATH': '/opt/ros/indigo/bin:/usr/local/sbin:/usr/local/bin:/usr/sbin:/usr/bin:/sbin:/bin:/usr/games:/usr/local/games', 'HOME': '/home/mdas', 'CMAKE_PREFIX_PATH': '/home/mdas/ros_ws/devel:/opt/ros/indigo', 'ROS_LOG_FILENAME': '/home/mdas/.ros/log/a73757c4-c4b1-11e7-9022-f44d306c96a4/roslaunch-mdas-Meerkat-3868.log', 'LANG': 'en_US.UTF-8', 'TERM': 'xterm', 'SHELL': '/bin/bash', 'SHLVL': '1', 'QT_QPA_PLATFORMTHEME': 'appmenu-qt5', 'LD_LIBRARY_PATH': '/home/mdas/ros_ws/devel/lib:/opt/ros/indigo/lib', 'ROS_MASTER_URI': 'http://localhost:11311', 'XDG_RUNTIME_DIR': '/run/user/1000', 'PYTHONPATH': '/home/mdas/ros_ws/devel/lib/python2.7/dist-packages:/opt/ros/indigo/lib/python2.7/dist-packages', 'ROS_ROOT': '/opt/ros/indigo/share/ros', 'PKG_CONFIG_PATH': '/home/mdas/ros_ws/devel/lib/pkgconfig:/opt/ros/indigo/lib/pkgconfig', 'ROS_PACKAGE_PATH': '/home/mdas/ros_ws/src:/opt/ros/indigo/share:/opt/ros/indigo/stacks', 'ROS_WORKSPACE': '/home/mdas/ros_ws', 'XDG_SESSION_ID': '3', '_': '/opt/ros/indigo/bin/roslaunch', 'LS_COLORS': 'rs=0:di=01;34:ln=01;36:mh=00:pi=40;33:so=01;35:do=01;35:bd=40;33;01:cd=40;33;01:or=40;31;01:su=37;41:sg=30;43:ca=30;41:tw=30;42:ow=34;42:st=37;44:ex=01;32:*.tar=01;31:*.tgz=01;31:*.arj=01;31:*.taz=01;31:*.lzh=01;31:*.lzma=01;31:*.tlz=01;31:*.txz=01;31:*.zip=01;31:*.z=01;31:*.Z=01;31:*.dz=01;31:*.gz=01;31:*.lz=01;31:*.xz=01;31:*.bz2=01;31:*.bz=01;31:*.tbz=01;31:*.tbz2=01;31:*.tz=01;31:*.deb=01;31:*.rpm=01;31:*.jar=01;31:*.war=01;31:*.ear=01;31:*.sar=01;31:*.rar=01;31:*.ace=01;31:*.zoo=01;31:*.cpio=01;31:*.7z=01;31:*.rz=01;31:*.jpg=01;35:*.jpeg=01;35:*.gif=01;35:*.bmp=01;35:*.pbm=01;35:*.pgm=01;35:*.ppm=01;35:*.tga=01;35:*.xbm=01;35:*.xpm=01;35:*.tif=01;35:*.tiff=01;35:*.png=01;35:*.svg=01;35:*.svgz=01;35:*.mng=01;35:*.pcx=01;35:*.mov=01;35:*.mpg=01;35:*.mpeg=01;35:*.m2v=01;35:*.mkv=01;35:*.webm=01;35:*.ogm=01;35:*.mp4=01;35:*.m4v=01;35:*.mp4v=01;35:*.vob=01;35:*.qt=01;35:*.nuv=01;35:*.wmv=01;35:*.asf=01;35:*.rm=01;35:*.rmvb=01;35:*.flc=01;35:*.avi=01;35:*.fli=01;35:*.flv=01;35:*.gl=01;35:*.dl=01;35:*.xcf=01;35:*.xwd=01;35:*.yuv=01;35:*.cgm=01;35:*.emf=01;35:*.axv=01;35:*.anx=01;35:*.ogv=01;35:*.ogx=01;35:*.aac=00;36:*.au=00;36:*.flac=00;36:*.mid=00;36:*.midi=00;36:*.mka=00;36:*.mp3=00;36:*.mpc=00;36:*.ogg=00;36:*.ra=00;36:*.wav=00;36:*.axa=00;36:*.oga=00;36:*.spx=00;36:*.xspf=00;36:', 'LESSCLOSE': '/usr/bin/lesspipe %s %s', 'SSH_TTY': '/dev/pts/9', 'OLDPWD': '/home/mdas/ros_ws/src/packages/usb_cams', 'PWD': '/home/mdas/ros_ws/src/packages/usb_cams/launch', 'ROS_ETC_DIR': '/opt/ros/indigo/etc/ros', 'MAIL': '/var/mail/mdas', 'SSH_CONNECTION': '192.168.1.15 43410 192.168.1.113 22'}]
[roslaunch][INFO] 2017-11-08 13:21:35,496: process[usb_cam_2-3]: args[[u'/home/mdas/ros_ws/devel/lib/usb_cam/usb_cam_node', u'__name:=usb_cam_2']]
[roslaunch][INFO] 2017-11-08 13:21:35,496: ... created process [usb_cam_2-3]
[roslaunch.pmon][INFO] 2017-11-08 13:21:35,497: ProcessMonitor.register[usb_cam_2-3]
[roslaunch.pmon][INFO] 2017-11-08 13:21:35,497: ProcessMonitor.register[usb_cam_2-3] complete
[roslaunch][INFO] 2017-11-08 13:21:35,497: ... registered process [usb_cam_2-3]
[roslaunch][INFO] 2017-11-08 13:21:35,497: process[usb_cam_2-3]: starting os process
[roslaunch][INFO] 2017-11-08 13:21:35,497: process[usb_cam_2-3]: start w/ args [[u'/home/mdas/ros_ws/devel/lib/usb_cam/usb_cam_node', u'__name:=usb_cam_2', u'__log:=/home/mdas/.ros/log/a73757c4-c4b1-11e7-9022-f44d306c96a4/usb_cam_2-3.log']]
[roslaunch][INFO] 2017-11-08 13:21:35,497: process[usb_cam_2-3]: cwd will be [/home/mdas/.ros]
[roslaunch][INFO] 2017-11-08 13:21:35,499: process[usb_cam_2-3]: started with pid [3906]
[roslaunch][INFO] 2017-11-08 13:21:35,499: ... successfully launched [usb_cam_2-3]
[roslaunch][INFO] 2017-11-08 13:21:35,499: ... launch_nodes complete
[roslaunch.pmon][INFO] 2017-11-08 13:21:35,499: registrations completed <ProcessMonitor(ProcessMonitor-1, started daemon 140216752129792)>
[roslaunch.parent][INFO] 2017-11-08 13:21:35,499: ... roslaunch parent running, waiting for process exit
[roslaunch][INFO] 2017-11-08 13:21:35,499: spin
[roslaunch][ERROR] 2017-11-08 13:21:35,917: [usb_cam_1-2] process has died [pid 3903, exit code 1, cmd /home/mdas/ros_ws/devel/lib/usb_cam/usb_cam_node __name:=usb_cam_1 __log:=/home/mdas/.ros/log/a73757c4-c4b1-11e7-9022-f44d306c96a4/usb_cam_1-2.log].
log file: /home/mdas/.ros/log/a73757c4-c4b1-11e7-9022-f44d306c96a4/usb_cam_1-2*.log
[roslaunch][ERROR] 2017-11-08 13:21:35,918: [usb_cam_2-3] process has died [pid 3906, exit code 1, cmd /home/mdas/ros_ws/devel/lib/usb_cam/usb_cam_node __name:=usb_cam_2 __log:=/home/mdas/.ros/log/a73757c4-c4b1-11e7-9022-f44d306c96a4/usb_cam_2-3.log].
log file: /home/mdas/.ros/log/a73757c4-c4b1-11e7-9022-f44d306c96a4/usb_cam_2-3*.log
[roslaunch.pmon][INFO] 2017-11-08 13:21:35,919: ProcessMonitor.unregister[usb_cam_1-2] starting
[roslaunch.pmon][INFO] 2017-11-08 13:21:35,919: ProcessMonitor.unregister[usb_cam_1-2] complete
[roslaunch.pmon][INFO] 2017-11-08 13:21:35,919: ProcessMonitor.unregister[usb_cam_2-3] starting
[roslaunch.pmon][INFO] 2017-11-08 13:21:35,920: ProcessMonitor.unregister[usb_cam_2-3] complete
[roslaunch.pmon][INFO] 2017-11-08 13:21:42,743: ProcessMonitor.shutdown <ProcessMonitor(ProcessMonitor-1, started daemon 140216752129792)>
[roslaunch.pmon][INFO] 2017-11-08 13:21:42,751: ProcessMonitor._post_run <ProcessMonitor(ProcessMonitor-1, started daemon 140216752129792)>
[roslaunch.pmon][INFO] 2017-11-08 13:21:42,751: ProcessMonitor._post_run <ProcessMonitor(ProcessMonitor-1, started daemon 140216752129792)>: remaining procs are [<roslaunch.nodeprocess.LocalProcess object at 0x7f86c2752cd0>, <roslaunch.nodeprocess.LocalProcess object at 0x7f86c1d900d0>]
[roslaunch.pmon][INFO] 2017-11-08 13:21:42,757: ProcessMonitor exit: killing rosout-1
[roslaunch][INFO] 2017-11-08 13:21:42,758: [rosout-1] killing on exit
[roslaunch][INFO] 2017-11-08 13:21:42,758: process[rosout-1]: killing os process with pid[3893] pgid[3893]
[roslaunch][INFO] 2017-11-08 13:21:42,758: [rosout-1] sending SIGINT to pgid [3893]
[roslaunch][INFO] 2017-11-08 13:21:42,759: [rosout-1] sent SIGINT to pgid [3893]
[roslaunch][INFO] 2017-11-08 13:21:42,959: process[rosout-1]: SIGINT killed with return value 0
[roslaunch.pmon][INFO] 2017-11-08 13:21:42,959: ProcessMonitor exit: killing master
[roslaunch][INFO] 2017-11-08 13:21:42,959: [master] killing on exit
[roslaunch][INFO] 2017-11-08 13:21:42,960: process[master]: killing os process with pid[3880] pgid[3880]
[roslaunch][INFO] 2017-11-08 13:21:42,960: [master] sending SIGINT to pgid [3880]
[roslaunch][INFO] 2017-11-08 13:21:42,960: [master] sent SIGINT to pgid [3880]
[roslaunch][INFO] 2017-11-08 13:21:43,160: process[master]: SIGINT killed with return value 0
[roslaunch.pmon][INFO] 2017-11-08 13:21:43,161: ProcessMonitor exit: cleaning up data structures and signals
[roslaunch.pmon][INFO] 2017-11-08 13:21:43,161: ProcessMonitor exit: pmon has shutdown
[roslaunch][INFO] 2017-11-08 13:21:43,210: process monitor is done spinning, initiating full shutdown
[roslaunch][INFO] 2017-11-08 13:21:43,211: runner.stop()
[roslaunch][INFO] 2017-11-08 13:21:43,211: shutting down processing monitor...
[roslaunch][INFO] 2017-11-08 13:21:43,211: shutting down processing monitor <ProcessMonitor(ProcessMonitor-1, stopped daemon 140216752129792)>
[roslaunch.pmon][INFO] 2017-11-08 13:21:43,212: ProcessMonitor.shutdown <ProcessMonitor(ProcessMonitor-1, stopped daemon 140216752129792)>
[roslaunch][INFO] 2017-11-08 13:21:43,212: ... shutting down processing monitor complete
[roslaunch][INFO] 2017-11-08 13:21:43,212: done
[roslaunch.pmon][INFO] 2017-11-08 13:21:43,213: ProcessMonitor.shutdown <ProcessMonitor(ProcessMonitor-1, stopped daemon 140216752129792)>
[rospy.core][INFO] 2017-11-08 13:21:43,213: signal_shutdown [atexit]
