[roslaunch][INFO] 2017-11-03 16:12:24,602: Checking log directory for disk usage. This may take awhile.
Press Ctrl-C to interrupt
[roslaunch][INFO] 2017-11-03 16:12:24,604: Done checking log file disk usage. Usage is <1GB.
[roslaunch][INFO] 2017-11-03 16:12:24,605: roslaunch starting with args ['/opt/ros/indigo/bin/roslaunch', 'launchers', 'full_launch.launch']
[roslaunch][INFO] 2017-11-03 16:12:24,605: roslaunch env is {'MANDATORY_PATH': '/usr/share/gconf/ubuntu.mandatory.path', 'ROS_DISTRO': 'indigo', 'ROS_LOG_FILENAME': '/home/mdas/.ros/log/4e80aff4-c0d3-11e7-b87c-f44d306c96a4/roslaunch-mdas-Meerkat-22175.log', 'XDG_GREETER_DATA_DIR': '/var/lib/lightdm-data/mdas', 'GNOME_DESKTOP_SESSION_ID': 'this-is-deprecated', 'XDG_CURRENT_DESKTOP': 'Unity', 'LESSOPEN': '| /usr/bin/lesspipe %s', 'PKG_CONFIG_PATH': '/home/mdas/ros_ws/devel/lib/pkgconfig:/opt/ros/indigo/lib/pkgconfig', 'CPATH': '/home/mdas/ros_ws/devel/include:/opt/ros/indigo/include', 'LOGNAME': 'mdas', 'WINDOWID': '18874379', 'PATH': '/opt/ros/indigo/bin:/usr/local/sbin:/usr/local/bin:/usr/sbin:/usr/bin:/sbin:/bin:/usr/games:/usr/local/games', 'XDG_VTNR': '7', 'GNOME_KEYRING_CONTROL': '/run/user/1000/keyring-3R8fQe', 'CMAKE_PREFIX_PATH': '/home/mdas/ros_ws/devel:/opt/ros/indigo', 'LD_LIBRARY_PATH': '/home/mdas/ros_ws/devel/lib:/opt/ros/indigo/lib', 'LANG': 'en_US.UTF-8', 'TERM': 'xterm', 'SHELL': '/bin/bash', 'XDG_SESSION_PATH': '/org/freedesktop/DisplayManager/Session0', 'XAUTHORITY': '/home/mdas/.Xauthority', 'LANGUAGE': 'en_US', 'SESSION_MANAGER': 'local/mdas-Meerkat:@/tmp/.ICE-unix/1895,unix/mdas-Meerkat:/tmp/.ICE-unix/1895', 'SHLVL': '1', 'LESSCLOSE': '/usr/bin/lesspipe %s %s', 'QT_QPA_PLATFORMTHEME': 'appmenu-qt5', 'JOB': 'dbus', 'TEXTDOMAIN': 'im-config', 'QT4_IM_MODULE': 'xim', 'CLUTTER_IM_MODULE': 'xim', 'SESSION': 'ubuntu', 'SESSIONTYPE': 'gnome-session', 'XMODIFIERS': '@im=ibus', 'ROS_ETC_DIR': '/opt/ros/indigo/etc/ros', 'GPG_AGENT_INFO': '/run/user/1000/keyring-3R8fQe/gpg:0:1', 'HOME': '/home/mdas', 'SELINUX_INIT': 'YES', 'COMPIZ_BIN_PATH': '/usr/bin/', 'XDG_RUNTIME_DIR': '/run/user/1000', 'INSTANCE': '', 'PYTHONPATH': '/home/mdas/ros_ws/devel/lib/python2.7/dist-packages:/opt/ros/indigo/lib/python2.7/dist-packages', 'COMPIZ_CONFIG_PROFILE': 'ubuntu', 'SSH_AUTH_SOCK': '/run/user/1000/keyring-3R8fQe/ssh', 'VTE_VERSION': '3409', 'ROS_ROOT': '/opt/ros/indigo/share/ros', 'GDMSESSION': 'ubuntu', 'IM_CONFIG_PHASE': '1', 'TEXTDOMAINDIR': '/usr/share/locale/', 'GNOME_KEYRING_PID': '1740', 'XDG_SEAT_PATH': '/org/freedesktop/DisplayManager/Seat0', 'ROS_PACKAGE_PATH': '/home/mdas/ros_ws/src:/opt/ros/indigo/share:/opt/ros/indigo/stacks', 'ROS_WORKSPACE': '/home/mdas/ros_ws', 'XDG_SESSION_ID': 'c2', 'DBUS_SESSION_BUS_ADDRESS': 'unix:abstract=/tmp/dbus-pWUC31J2VO', '_': '/opt/ros/indigo/bin/roslaunch', 'DEFAULTS_PATH': '/usr/share/gconf/ubuntu.default.path', 'GTK_IM_MODULE': 'ibus', 'DESKTOP_SESSION': 'ubuntu', 'UPSTART_SESSION': 'unix:abstract=/com/ubuntu/upstart-session/1000/1742', 'XDG_CONFIG_DIRS': '/etc/xdg/xdg-ubuntu:/usr/share/upstart/xdg:/etc/xdg', 'GTK_MODULES': 'overlay-scrollbar:unity-gtk-module', 'XDG_SEAT': 'seat0', 'OLDPWD': '/home/mdas', 'GDM_LANG': 'en_US', 'XDG_DATA_DIRS': '/usr/share/ubuntu:/usr/share/gnome:/usr/local/share/:/usr/share/', 'PWD': '/home/mdas/ros_ws', 'QT_IM_MODULE': 'ibus', 'ROS_MASTER_URI': 'http://localhost:11311', 'COLORTERM': 'gnome-terminal', 'DISPLAY': ':0', 'XDG_MENU_PREFIX': 'gnome-', 'LS_COLORS': 'rs=0:di=01;34:ln=01;36:mh=00:pi=40;33:so=01;35:do=01;35:bd=40;33;01:cd=40;33;01:or=40;31;01:su=37;41:sg=30;43:ca=30;41:tw=30;42:ow=34;42:st=37;44:ex=01;32:*.tar=01;31:*.tgz=01;31:*.arj=01;31:*.taz=01;31:*.lzh=01;31:*.lzma=01;31:*.tlz=01;31:*.txz=01;31:*.zip=01;31:*.z=01;31:*.Z=01;31:*.dz=01;31:*.gz=01;31:*.lz=01;31:*.xz=01;31:*.bz2=01;31:*.bz=01;31:*.tbz=01;31:*.tbz2=01;31:*.tz=01;31:*.deb=01;31:*.rpm=01;31:*.jar=01;31:*.war=01;31:*.ear=01;31:*.sar=01;31:*.rar=01;31:*.ace=01;31:*.zoo=01;31:*.cpio=01;31:*.7z=01;31:*.rz=01;31:*.jpg=01;35:*.jpeg=01;35:*.gif=01;35:*.bmp=01;35:*.pbm=01;35:*.pgm=01;35:*.ppm=01;35:*.tga=01;35:*.xbm=01;35:*.xpm=01;35:*.tif=01;35:*.tiff=01;35:*.png=01;35:*.svg=01;35:*.svgz=01;35:*.mng=01;35:*.pcx=01;35:*.mov=01;35:*.mpg=01;35:*.mpeg=01;35:*.m2v=01;35:*.mkv=01;35:*.webm=01;35:*.ogm=01;35:*.mp4=01;35:*.m4v=01;35:*.mp4v=01;35:*.vob=01;35:*.qt=01;35:*.nuv=01;35:*.wmv=01;35:*.asf=01;35:*.rm=01;35:*.rmvb=01;35:*.flc=01;35:*.avi=01;35:*.fli=01;35:*.flv=01;35:*.gl=01;35:*.dl=01;35:*.xcf=01;35:*.xwd=01;35:*.yuv=01;35:*.cgm=01;35:*.emf=01;35:*.axv=01;35:*.anx=01;35:*.ogv=01;35:*.ogx=01;35:*.aac=00;36:*.au=00;36:*.flac=00;36:*.mid=00;36:*.midi=00;36:*.mka=00;36:*.mp3=00;36:*.mpc=00;36:*.ogg=00;36:*.ra=00;36:*.wav=00;36:*.axa=00;36:*.oga=00;36:*.spx=00;36:*.xspf=00;36:', 'USER': 'mdas'}
[roslaunch][INFO] 2017-11-03 16:12:24,605: starting in server mode
[roslaunch.parent][INFO] 2017-11-03 16:12:24,605: starting roslaunch parent run
[roslaunch][INFO] 2017-11-03 16:12:24,605: loading roscore config file /opt/ros/indigo/etc/ros/roscore.xml
[roslaunch][INFO] 2017-11-03 16:12:24,670: Added core node of type [rosout/rosout] in namespace [/]
[roslaunch.config][INFO] 2017-11-03 16:12:24,671: loading config file /home/mdas/ros_ws/src/launchers/full_launch.launch
[roslaunch][INFO] 2017-11-03 16:12:24,720: Added node of type [sicktoolbox_wrapper/sicklms] in namespace [/]
[roslaunch][INFO] 2017-11-03 16:12:24,721: Added node of type [novatel/novatel_node] in namespace [/]
[roslaunch][INFO] 2017-11-03 16:12:24,721: ... selected machine [] for node of type [sicktoolbox_wrapper/sicklms]
[roslaunch][INFO] 2017-11-03 16:12:24,721: ... selected machine [] for node of type [novatel/novatel_node]
[roslaunch.pmon][INFO] 2017-11-03 16:12:24,721: start_process_monitor: creating ProcessMonitor
[roslaunch.pmon][INFO] 2017-11-03 16:12:24,721: created process monitor <ProcessMonitor(ProcessMonitor-1, initial daemon)>
[roslaunch.pmon][INFO] 2017-11-03 16:12:24,722: start_process_monitor: ProcessMonitor started
[roslaunch.parent][INFO] 2017-11-03 16:12:24,722: starting parent XML-RPC server
[roslaunch.server][INFO] 2017-11-03 16:12:24,722: starting roslaunch XML-RPC server
[roslaunch.server][INFO] 2017-11-03 16:12:24,722: waiting for roslaunch XML-RPC server to initialize
[xmlrpc][INFO] 2017-11-03 16:12:24,722: XML-RPC server binding to 0.0.0.0:0
[xmlrpc][INFO] 2017-11-03 16:12:24,722: Started XML-RPC server [http://mdas-Meerkat:38637/]
[xmlrpc][INFO] 2017-11-03 16:12:24,722: xml rpc node: starting XML-RPC server
[roslaunch][INFO] 2017-11-03 16:12:24,733: started roslaunch server http://mdas-Meerkat:38637/
[roslaunch.parent][INFO] 2017-11-03 16:12:24,733: ... parent XML-RPC server started
[roslaunch][INFO] 2017-11-03 16:12:24,734: master.is_running[http://localhost:11311]
[roslaunch][INFO] 2017-11-03 16:12:24,734: auto-starting new master
[roslaunch][INFO] 2017-11-03 16:12:24,734: create_master_process: rosmaster, /opt/ros/indigo/share/ros, 11311, 3, None
[roslaunch][INFO] 2017-11-03 16:12:24,734: process[master]: launching with args [['rosmaster', '--core', '-p', '11311', '-w', '3']]
[roslaunch.pmon][INFO] 2017-11-03 16:12:24,734: ProcessMonitor.register[master]
[roslaunch.pmon][INFO] 2017-11-03 16:12:24,734: ProcessMonitor.register[master] complete
[roslaunch][INFO] 2017-11-03 16:12:24,734: process[master]: starting os process
[roslaunch][INFO] 2017-11-03 16:12:24,734: process[master]: start w/ args [['rosmaster', '--core', '-p', '11311', '-w', '3', '__log:=/home/mdas/.ros/log/4e80aff4-c0d3-11e7-b87c-f44d306c96a4/master.log']]
[roslaunch][INFO] 2017-11-03 16:12:24,734: process[master]: cwd will be [/home/mdas/.ros]
[roslaunch][INFO] 2017-11-03 16:12:24,736: process[master]: started with pid [22187]
[roslaunch][INFO] 2017-11-03 16:12:24,736: master.is_running[http://localhost:11311]
[roslaunch][INFO] 2017-11-03 16:12:24,837: master.is_running[http://localhost:11311]
[roslaunch][INFO] 2017-11-03 16:12:24,838: master.is_running[http://localhost:11311]
[roslaunch][INFO] 2017-11-03 16:12:24,839: ROS_MASTER_URI=http://localhost:11311
[roslaunch][INFO] 2017-11-03 16:12:24,840: setting /run_id to 4e80aff4-c0d3-11e7-b87c-f44d306c96a4
[roslaunch][INFO] 2017-11-03 16:12:24,840: setting /roslaunch/uris/host_mdas_meerkat__38637' to http://mdas-Meerkat:38637/
[roslaunch][INFO] 2017-11-03 16:12:24,842: ... preparing to launch node of type [rosout/rosout]
[roslaunch][INFO] 2017-11-03 16:12:24,842: create_node_process: package[rosout] type[rosout] machine[Machine(name[] env_loader[None] address[localhost] ssh_port[22] user[None] assignable[True] timeout[10.0])] master_uri[http://localhost:11311]
[roslaunch][INFO] 2017-11-03 16:12:24,842: process[rosout-1]: env[{'QT_QPA_PLATFORMTHEME': 'appmenu-qt5', 'ROS_DISTRO': 'indigo', 'XDG_GREETER_DATA_DIR': '/var/lib/lightdm-data/mdas', 'GNOME_DESKTOP_SESSION_ID': 'this-is-deprecated', 'XDG_CURRENT_DESKTOP': 'Unity', 'XDG_SEAT_PATH': '/org/freedesktop/DisplayManager/Seat0', 'CPATH': '/home/mdas/ros_ws/devel/include:/opt/ros/indigo/include', 'LOGNAME': 'mdas', 'XDG_SEAT': 'seat0', 'PATH': '/opt/ros/indigo/bin:/usr/local/sbin:/usr/local/bin:/usr/sbin:/usr/bin:/sbin:/bin:/usr/games:/usr/local/games', 'XDG_VTNR': '7', 'GNOME_KEYRING_CONTROL': '/run/user/1000/keyring-3R8fQe', 'CMAKE_PREFIX_PATH': '/home/mdas/ros_ws/devel:/opt/ros/indigo', 'LD_LIBRARY_PATH': '/home/mdas/ros_ws/devel/lib:/opt/ros/indigo/lib', 'LANG': 'en_US.UTF-8', 'TERM': 'xterm', 'SHELL': '/bin/bash', 'XDG_SESSION_PATH': '/org/freedesktop/DisplayManager/Session0', 'XAUTHORITY': '/home/mdas/.Xauthority', 'LANGUAGE': 'en_US', 'SESSION_MANAGER': 'local/mdas-Meerkat:@/tmp/.ICE-unix/1895,unix/mdas-Meerkat:/tmp/.ICE-unix/1895', 'SHLVL': '1', 'MANDATORY_PATH': '/usr/share/gconf/ubuntu.mandatory.path', 'CLUTTER_IM_MODULE': 'xim', 'ROS_LOG_FILENAME': '/home/mdas/.ros/log/4e80aff4-c0d3-11e7-b87c-f44d306c96a4/roslaunch-mdas-Meerkat-22175.log', 'TEXTDOMAIN': 'im-config', 'JOB': 'dbus', 'WINDOWID': '18874379', 'SESSIONTYPE': 'gnome-session', 'XMODIFIERS': '@im=ibus', 'ROS_MASTER_URI': 'http://localhost:11311', 'GPG_AGENT_INFO': '/run/user/1000/keyring-3R8fQe/gpg:0:1', 'HOME': '/home/mdas', 'QT4_IM_MODULE': 'xim', 'SELINUX_INIT': 'YES', 'SSH_AUTH_SOCK': '/run/user/1000/keyring-3R8fQe/ssh', 'XDG_RUNTIME_DIR': '/run/user/1000', 'GTK_IM_MODULE': 'ibus', 'PYTHONPATH': '/home/mdas/ros_ws/devel/lib/python2.7/dist-packages:/opt/ros/indigo/lib/python2.7/dist-packages', 'COMPIZ_CONFIG_PROFILE': 'ubuntu', 'COMPIZ_BIN_PATH': '/usr/bin/', 'VTE_VERSION': '3409', 'ROS_ROOT': '/opt/ros/indigo/share/ros', 'GDMSESSION': 'ubuntu', 'IM_CONFIG_PHASE': '1', 'TEXTDOMAINDIR': '/usr/share/locale/', 'XDG_DATA_DIRS': '/usr/share/ubuntu:/usr/share/gnome:/usr/local/share/:/usr/share/', 'PKG_CONFIG_PATH': '/home/mdas/ros_ws/devel/lib/pkgconfig:/opt/ros/indigo/lib/pkgconfig', 'ROS_PACKAGE_PATH': '/home/mdas/ros_ws/src:/opt/ros/indigo/share:/opt/ros/indigo/stacks', 'LESSOPEN': '| /usr/bin/lesspipe %s', 'XDG_SESSION_ID': 'c2', 'DBUS_SESSION_BUS_ADDRESS': 'unix:abstract=/tmp/dbus-pWUC31J2VO', '_': '/opt/ros/indigo/bin/roslaunch', 'DEFAULTS_PATH': '/usr/share/gconf/ubuntu.default.path', 'SESSION': 'ubuntu', 'DESKTOP_SESSION': 'ubuntu', 'UPSTART_SESSION': 'unix:abstract=/com/ubuntu/upstart-session/1000/1742', 'LESSCLOSE': '/usr/bin/lesspipe %s %s', 'GNOME_KEYRING_PID': '1740', 'OLDPWD': '/home/mdas', 'LS_COLORS': 'rs=0:di=01;34:ln=01;36:mh=00:pi=40;33:so=01;35:do=01;35:bd=40;33;01:cd=40;33;01:or=40;31;01:su=37;41:sg=30;43:ca=30;41:tw=30;42:ow=34;42:st=37;44:ex=01;32:*.tar=01;31:*.tgz=01;31:*.arj=01;31:*.taz=01;31:*.lzh=01;31:*.lzma=01;31:*.tlz=01;31:*.txz=01;31:*.zip=01;31:*.z=01;31:*.Z=01;31:*.dz=01;31:*.gz=01;31:*.lz=01;31:*.xz=01;31:*.bz2=01;31:*.bz=01;31:*.tbz=01;31:*.tbz2=01;31:*.tz=01;31:*.deb=01;31:*.rpm=01;31:*.jar=01;31:*.war=01;31:*.ear=01;31:*.sar=01;31:*.rar=01;31:*.ace=01;31:*.zoo=01;31:*.cpio=01;31:*.7z=01;31:*.rz=01;31:*.jpg=01;35:*.jpeg=01;35:*.gif=01;35:*.bmp=01;35:*.pbm=01;35:*.pgm=01;35:*.ppm=01;35:*.tga=01;35:*.xbm=01;35:*.xpm=01;35:*.tif=01;35:*.tiff=01;35:*.png=01;35:*.svg=01;35:*.svgz=01;35:*.mng=01;35:*.pcx=01;35:*.mov=01;35:*.mpg=01;35:*.mpeg=01;35:*.m2v=01;35:*.mkv=01;35:*.webm=01;35:*.ogm=01;35:*.mp4=01;35:*.m4v=01;35:*.mp4v=01;35:*.vob=01;35:*.qt=01;35:*.nuv=01;35:*.wmv=01;35:*.asf=01;35:*.rm=01;35:*.rmvb=01;35:*.flc=01;35:*.avi=01;35:*.fli=01;35:*.flv=01;35:*.gl=01;35:*.dl=01;35:*.xcf=01;35:*.xwd=01;35:*.yuv=01;35:*.cgm=01;35:*.emf=01;35:*.axv=01;35:*.anx=01;35:*.ogv=01;35:*.ogx=01;35:*.aac=00;36:*.au=00;36:*.flac=00;36:*.mid=00;36:*.midi=00;36:*.mka=00;36:*.mp3=00;36:*.mpc=00;36:*.ogg=00;36:*.ra=00;36:*.wav=00;36:*.axa=00;36:*.oga=00;36:*.spx=00;36:*.xspf=00;36:', 'GDM_LANG': 'en_US', 'GTK_MODULES': 'overlay-scrollbar:unity-gtk-module', 'INSTANCE': '', 'PWD': '/home/mdas/ros_ws', 'QT_IM_MODULE': 'ibus', 'ROS_ETC_DIR': '/opt/ros/indigo/etc/ros', 'COLORTERM': 'gnome-terminal', 'DISPLAY': ':0', 'XDG_MENU_PREFIX': 'gnome-', 'ROS_WORKSPACE': '/home/mdas/ros_ws', 'XDG_CONFIG_DIRS': '/etc/xdg/xdg-ubuntu:/usr/share/upstart/xdg:/etc/xdg', 'USER': 'mdas'}]
[roslaunch][INFO] 2017-11-03 16:12:24,895: process[rosout-1]: args[[u'/opt/ros/indigo/lib/rosout/rosout', u'__name:=rosout']]
[roslaunch][INFO] 2017-11-03 16:12:24,895: ... created process [rosout-1]
[roslaunch.pmon][INFO] 2017-11-03 16:12:24,895: ProcessMonitor.register[rosout-1]
[roslaunch.pmon][INFO] 2017-11-03 16:12:24,895: ProcessMonitor.register[rosout-1] complete
[roslaunch][INFO] 2017-11-03 16:12:24,895: ... registered process [rosout-1]
[roslaunch][INFO] 2017-11-03 16:12:24,895: process[rosout-1]: starting os process
[roslaunch][INFO] 2017-11-03 16:12:24,895: process[rosout-1]: start w/ args [[u'/opt/ros/indigo/lib/rosout/rosout', u'__name:=rosout', u'__log:=/home/mdas/.ros/log/4e80aff4-c0d3-11e7-b87c-f44d306c96a4/rosout-1.log']]
[roslaunch][INFO] 2017-11-03 16:12:24,895: process[rosout-1]: cwd will be [/home/mdas/.ros]
[roslaunch][INFO] 2017-11-03 16:12:24,897: process[rosout-1]: started with pid [22200]
[roslaunch][INFO] 2017-11-03 16:12:24,897: ... successfully launched [rosout-1]
[roslaunch][INFO] 2017-11-03 16:12:24,897: load_parameters starting ...
[roslaunch][INFO] 2017-11-03 16:12:24,902: ... load_parameters complete
[roslaunch][INFO] 2017-11-03 16:12:24,902: launch_nodes: launching local nodes ...
[roslaunch][INFO] 2017-11-03 16:12:24,902: ... preparing to launch node of type [sicktoolbox_wrapper/sicklms]
[roslaunch][INFO] 2017-11-03 16:12:24,902: create_node_process: package[sicktoolbox_wrapper] type[sicklms] machine[Machine(name[] env_loader[None] address[localhost] ssh_port[22] user[None] assignable[True] timeout[10.0])] master_uri[http://localhost:11311]
[roslaunch][INFO] 2017-11-03 16:12:24,903: process[base_laser1-2]: env[{'QT_QPA_PLATFORMTHEME': 'appmenu-qt5', 'ROS_DISTRO': 'indigo', 'XDG_GREETER_DATA_DIR': '/var/lib/lightdm-data/mdas', 'GNOME_DESKTOP_SESSION_ID': 'this-is-deprecated', 'XDG_CURRENT_DESKTOP': 'Unity', 'XDG_SEAT_PATH': '/org/freedesktop/DisplayManager/Seat0', 'CPATH': '/home/mdas/ros_ws/devel/include:/opt/ros/indigo/include', 'LOGNAME': 'mdas', 'XDG_SEAT': 'seat0', 'PATH': '/opt/ros/indigo/bin:/usr/local/sbin:/usr/local/bin:/usr/sbin:/usr/bin:/sbin:/bin:/usr/games:/usr/local/games', 'XDG_VTNR': '7', 'GNOME_KEYRING_CONTROL': '/run/user/1000/keyring-3R8fQe', 'CMAKE_PREFIX_PATH': '/home/mdas/ros_ws/devel:/opt/ros/indigo', 'LD_LIBRARY_PATH': '/home/mdas/ros_ws/devel/lib:/opt/ros/indigo/lib', 'LANG': 'en_US.UTF-8', 'TERM': 'xterm', 'SHELL': '/bin/bash', 'XDG_SESSION_PATH': '/org/freedesktop/DisplayManager/Session0', 'XAUTHORITY': '/home/mdas/.Xauthority', 'LANGUAGE': 'en_US', 'SESSION_MANAGER': 'local/mdas-Meerkat:@/tmp/.ICE-unix/1895,unix/mdas-Meerkat:/tmp/.ICE-unix/1895', 'SHLVL': '1', 'MANDATORY_PATH': '/usr/share/gconf/ubuntu.mandatory.path', 'CLUTTER_IM_MODULE': 'xim', 'ROS_LOG_FILENAME': '/home/mdas/.ros/log/4e80aff4-c0d3-11e7-b87c-f44d306c96a4/roslaunch-mdas-Meerkat-22175.log', 'TEXTDOMAIN': 'im-config', 'JOB': 'dbus', 'WINDOWID': '18874379', 'SESSIONTYPE': 'gnome-session', 'XMODIFIERS': '@im=ibus', 'ROS_MASTER_URI': 'http://localhost:11311', 'GPG_AGENT_INFO': '/run/user/1000/keyring-3R8fQe/gpg:0:1', 'HOME': '/home/mdas', 'QT4_IM_MODULE': 'xim', 'SELINUX_INIT': 'YES', 'SSH_AUTH_SOCK': '/run/user/1000/keyring-3R8fQe/ssh', 'XDG_RUNTIME_DIR': '/run/user/1000', 'GTK_IM_MODULE': 'ibus', 'PYTHONPATH': '/home/mdas/ros_ws/devel/lib/python2.7/dist-packages:/opt/ros/indigo/lib/python2.7/dist-packages', 'COMPIZ_CONFIG_PROFILE': 'ubuntu', 'COMPIZ_BIN_PATH': '/usr/bin/', 'VTE_VERSION': '3409', 'ROS_ROOT': '/opt/ros/indigo/share/ros', 'GDMSESSION': 'ubuntu', 'IM_CONFIG_PHASE': '1', 'TEXTDOMAINDIR': '/usr/share/locale/', 'XDG_DATA_DIRS': '/usr/share/ubuntu:/usr/share/gnome:/usr/local/share/:/usr/share/', 'PKG_CONFIG_PATH': '/home/mdas/ros_ws/devel/lib/pkgconfig:/opt/ros/indigo/lib/pkgconfig', 'ROS_PACKAGE_PATH': '/home/mdas/ros_ws/src:/opt/ros/indigo/share:/opt/ros/indigo/stacks', 'LESSOPEN': '| /usr/bin/lesspipe %s', 'XDG_SESSION_ID': 'c2', 'DBUS_SESSION_BUS_ADDRESS': 'unix:abstract=/tmp/dbus-pWUC31J2VO', '_': '/opt/ros/indigo/bin/roslaunch', 'DEFAULTS_PATH': '/usr/share/gconf/ubuntu.default.path', 'SESSION': 'ubuntu', 'DESKTOP_SESSION': 'ubuntu', 'UPSTART_SESSION': 'unix:abstract=/com/ubuntu/upstart-session/1000/1742', 'LESSCLOSE': '/usr/bin/lesspipe %s %s', 'GNOME_KEYRING_PID': '1740', 'OLDPWD': '/home/mdas', 'LS_COLORS': 'rs=0:di=01;34:ln=01;36:mh=00:pi=40;33:so=01;35:do=01;35:bd=40;33;01:cd=40;33;01:or=40;31;01:su=37;41:sg=30;43:ca=30;41:tw=30;42:ow=34;42:st=37;44:ex=01;32:*.tar=01;31:*.tgz=01;31:*.arj=01;31:*.taz=01;31:*.lzh=01;31:*.lzma=01;31:*.tlz=01;31:*.txz=01;31:*.zip=01;31:*.z=01;31:*.Z=01;31:*.dz=01;31:*.gz=01;31:*.lz=01;31:*.xz=01;31:*.bz2=01;31:*.bz=01;31:*.tbz=01;31:*.tbz2=01;31:*.tz=01;31:*.deb=01;31:*.rpm=01;31:*.jar=01;31:*.war=01;31:*.ear=01;31:*.sar=01;31:*.rar=01;31:*.ace=01;31:*.zoo=01;31:*.cpio=01;31:*.7z=01;31:*.rz=01;31:*.jpg=01;35:*.jpeg=01;35:*.gif=01;35:*.bmp=01;35:*.pbm=01;35:*.pgm=01;35:*.ppm=01;35:*.tga=01;35:*.xbm=01;35:*.xpm=01;35:*.tif=01;35:*.tiff=01;35:*.png=01;35:*.svg=01;35:*.svgz=01;35:*.mng=01;35:*.pcx=01;35:*.mov=01;35:*.mpg=01;35:*.mpeg=01;35:*.m2v=01;35:*.mkv=01;35:*.webm=01;35:*.ogm=01;35:*.mp4=01;35:*.m4v=01;35:*.mp4v=01;35:*.vob=01;35:*.qt=01;35:*.nuv=01;35:*.wmv=01;35:*.asf=01;35:*.rm=01;35:*.rmvb=01;35:*.flc=01;35:*.avi=01;35:*.fli=01;35:*.flv=01;35:*.gl=01;35:*.dl=01;35:*.xcf=01;35:*.xwd=01;35:*.yuv=01;35:*.cgm=01;35:*.emf=01;35:*.axv=01;35:*.anx=01;35:*.ogv=01;35:*.ogx=01;35:*.aac=00;36:*.au=00;36:*.flac=00;36:*.mid=00;36:*.midi=00;36:*.mka=00;36:*.mp3=00;36:*.mpc=00;36:*.ogg=00;36:*.ra=00;36:*.wav=00;36:*.axa=00;36:*.oga=00;36:*.spx=00;36:*.xspf=00;36:', 'GDM_LANG': 'en_US', 'GTK_MODULES': 'overlay-scrollbar:unity-gtk-module', 'INSTANCE': '', 'PWD': '/home/mdas/ros_ws', 'QT_IM_MODULE': 'ibus', 'ROS_ETC_DIR': '/opt/ros/indigo/etc/ros', 'COLORTERM': 'gnome-terminal', 'DISPLAY': ':0', 'XDG_MENU_PREFIX': 'gnome-', 'ROS_WORKSPACE': '/home/mdas/ros_ws', 'XDG_CONFIG_DIRS': '/etc/xdg/xdg-ubuntu:/usr/share/upstart/xdg:/etc/xdg', 'USER': 'mdas'}]
[roslaunch][INFO] 2017-11-03 16:12:24,903: process[base_laser1-2]: args[[u'/home/mdas/ros_ws/devel/lib/sicktoolbox_wrapper/sicklms', u'scan:=/sensor_msgs/LaserScan', u'__name:=base_laser1']]
[roslaunch][INFO] 2017-11-03 16:12:24,903: ... created process [base_laser1-2]
[roslaunch.pmon][INFO] 2017-11-03 16:12:24,903: ProcessMonitor.register[base_laser1-2]
[roslaunch.pmon][INFO] 2017-11-03 16:12:24,903: ProcessMonitor.register[base_laser1-2] complete
[roslaunch][INFO] 2017-11-03 16:12:24,903: ... registered process [base_laser1-2]
[roslaunch][INFO] 2017-11-03 16:12:24,904: process[base_laser1-2]: starting os process
[roslaunch][INFO] 2017-11-03 16:12:24,904: process[base_laser1-2]: start w/ args [[u'/home/mdas/ros_ws/devel/lib/sicktoolbox_wrapper/sicklms', u'scan:=/sensor_msgs/LaserScan', u'__name:=base_laser1', u'__log:=/home/mdas/.ros/log/4e80aff4-c0d3-11e7-b87c-f44d306c96a4/base_laser1-2.log']]
[roslaunch][INFO] 2017-11-03 16:12:24,904: process[base_laser1-2]: cwd will be [/home/mdas/.ros]
[roslaunch][INFO] 2017-11-03 16:12:24,905: process[base_laser1-2]: started with pid [22208]
[roslaunch][INFO] 2017-11-03 16:12:24,906: ... successfully launched [base_laser1-2]
[roslaunch][INFO] 2017-11-03 16:12:24,906: ... preparing to launch node of type [novatel/novatel_node]
[roslaunch][INFO] 2017-11-03 16:12:24,906: create_node_process: package[novatel] type[novatel_node] machine[Machine(name[] env_loader[None] address[localhost] ssh_port[22] user[None] assignable[True] timeout[10.0])] master_uri[http://localhost:11311]
[roslaunch][INFO] 2017-11-03 16:12:24,906: process[novatel_node-3]: env[{'QT_QPA_PLATFORMTHEME': 'appmenu-qt5', 'ROS_DISTRO': 'indigo', 'XDG_GREETER_DATA_DIR': '/var/lib/lightdm-data/mdas', 'GNOME_DESKTOP_SESSION_ID': 'this-is-deprecated', 'XDG_CURRENT_DESKTOP': 'Unity', 'XDG_SEAT_PATH': '/org/freedesktop/DisplayManager/Seat0', 'CPATH': '/home/mdas/ros_ws/devel/include:/opt/ros/indigo/include', 'LOGNAME': 'mdas', 'XDG_SEAT': 'seat0', 'PATH': '/opt/ros/indigo/bin:/usr/local/sbin:/usr/local/bin:/usr/sbin:/usr/bin:/sbin:/bin:/usr/games:/usr/local/games', 'XDG_VTNR': '7', 'GNOME_KEYRING_CONTROL': '/run/user/1000/keyring-3R8fQe', 'CMAKE_PREFIX_PATH': '/home/mdas/ros_ws/devel:/opt/ros/indigo', 'LD_LIBRARY_PATH': '/home/mdas/ros_ws/devel/lib:/opt/ros/indigo/lib', 'LANG': 'en_US.UTF-8', 'TERM': 'xterm', 'SHELL': '/bin/bash', 'XDG_SESSION_PATH': '/org/freedesktop/DisplayManager/Session0', 'XAUTHORITY': '/home/mdas/.Xauthority', 'LANGUAGE': 'en_US', 'SESSION_MANAGER': 'local/mdas-Meerkat:@/tmp/.ICE-unix/1895,unix/mdas-Meerkat:/tmp/.ICE-unix/1895', 'SHLVL': '1', 'MANDATORY_PATH': '/usr/share/gconf/ubuntu.mandatory.path', 'CLUTTER_IM_MODULE': 'xim', 'ROS_LOG_FILENAME': '/home/mdas/.ros/log/4e80aff4-c0d3-11e7-b87c-f44d306c96a4/roslaunch-mdas-Meerkat-22175.log', 'TEXTDOMAIN': 'im-config', 'JOB': 'dbus', 'WINDOWID': '18874379', 'SESSIONTYPE': 'gnome-session', 'XMODIFIERS': '@im=ibus', 'ROS_MASTER_URI': 'http://localhost:11311', 'GPG_AGENT_INFO': '/run/user/1000/keyring-3R8fQe/gpg:0:1', 'HOME': '/home/mdas', 'QT4_IM_MODULE': 'xim', 'SELINUX_INIT': 'YES', 'SSH_AUTH_SOCK': '/run/user/1000/keyring-3R8fQe/ssh', 'XDG_RUNTIME_DIR': '/run/user/1000', 'GTK_IM_MODULE': 'ibus', 'PYTHONPATH': '/home/mdas/ros_ws/devel/lib/python2.7/dist-packages:/opt/ros/indigo/lib/python2.7/dist-packages', 'COMPIZ_CONFIG_PROFILE': 'ubuntu', 'COMPIZ_BIN_PATH': '/usr/bin/', 'VTE_VERSION': '3409', 'ROS_ROOT': '/opt/ros/indigo/share/ros', 'GDMSESSION': 'ubuntu', 'IM_CONFIG_PHASE': '1', 'TEXTDOMAINDIR': '/usr/share/locale/', 'XDG_DATA_DIRS': '/usr/share/ubuntu:/usr/share/gnome:/usr/local/share/:/usr/share/', 'PKG_CONFIG_PATH': '/home/mdas/ros_ws/devel/lib/pkgconfig:/opt/ros/indigo/lib/pkgconfig', 'ROS_PACKAGE_PATH': '/home/mdas/ros_ws/src:/opt/ros/indigo/share:/opt/ros/indigo/stacks', 'LESSOPEN': '| /usr/bin/lesspipe %s', 'XDG_SESSION_ID': 'c2', 'DBUS_SESSION_BUS_ADDRESS': 'unix:abstract=/tmp/dbus-pWUC31J2VO', '_': '/opt/ros/indigo/bin/roslaunch', 'DEFAULTS_PATH': '/usr/share/gconf/ubuntu.default.path', 'SESSION': 'ubuntu', 'DESKTOP_SESSION': 'ubuntu', 'UPSTART_SESSION': 'unix:abstract=/com/ubuntu/upstart-session/1000/1742', 'LESSCLOSE': '/usr/bin/lesspipe %s %s', 'GNOME_KEYRING_PID': '1740', 'OLDPWD': '/home/mdas', 'LS_COLORS': 'rs=0:di=01;34:ln=01;36:mh=00:pi=40;33:so=01;35:do=01;35:bd=40;33;01:cd=40;33;01:or=40;31;01:su=37;41:sg=30;43:ca=30;41:tw=30;42:ow=34;42:st=37;44:ex=01;32:*.tar=01;31:*.tgz=01;31:*.arj=01;31:*.taz=01;31:*.lzh=01;31:*.lzma=01;31:*.tlz=01;31:*.txz=01;31:*.zip=01;31:*.z=01;31:*.Z=01;31:*.dz=01;31:*.gz=01;31:*.lz=01;31:*.xz=01;31:*.bz2=01;31:*.bz=01;31:*.tbz=01;31:*.tbz2=01;31:*.tz=01;31:*.deb=01;31:*.rpm=01;31:*.jar=01;31:*.war=01;31:*.ear=01;31:*.sar=01;31:*.rar=01;31:*.ace=01;31:*.zoo=01;31:*.cpio=01;31:*.7z=01;31:*.rz=01;31:*.jpg=01;35:*.jpeg=01;35:*.gif=01;35:*.bmp=01;35:*.pbm=01;35:*.pgm=01;35:*.ppm=01;35:*.tga=01;35:*.xbm=01;35:*.xpm=01;35:*.tif=01;35:*.tiff=01;35:*.png=01;35:*.svg=01;35:*.svgz=01;35:*.mng=01;35:*.pcx=01;35:*.mov=01;35:*.mpg=01;35:*.mpeg=01;35:*.m2v=01;35:*.mkv=01;35:*.webm=01;35:*.ogm=01;35:*.mp4=01;35:*.m4v=01;35:*.mp4v=01;35:*.vob=01;35:*.qt=01;35:*.nuv=01;35:*.wmv=01;35:*.asf=01;35:*.rm=01;35:*.rmvb=01;35:*.flc=01;35:*.avi=01;35:*.fli=01;35:*.flv=01;35:*.gl=01;35:*.dl=01;35:*.xcf=01;35:*.xwd=01;35:*.yuv=01;35:*.cgm=01;35:*.emf=01;35:*.axv=01;35:*.anx=01;35:*.ogv=01;35:*.ogx=01;35:*.aac=00;36:*.au=00;36:*.flac=00;36:*.mid=00;36:*.midi=00;36:*.mka=00;36:*.mp3=00;36:*.mpc=00;36:*.ogg=00;36:*.ra=00;36:*.wav=00;36:*.axa=00;36:*.oga=00;36:*.spx=00;36:*.xspf=00;36:', 'GDM_LANG': 'en_US', 'GTK_MODULES': 'overlay-scrollbar:unity-gtk-module', 'INSTANCE': '', 'PWD': '/home/mdas/ros_ws', 'QT_IM_MODULE': 'ibus', 'ROS_ETC_DIR': '/opt/ros/indigo/etc/ros', 'COLORTERM': 'gnome-terminal', 'DISPLAY': ':0', 'XDG_MENU_PREFIX': 'gnome-', 'ROS_WORKSPACE': '/home/mdas/ros_ws', 'XDG_CONFIG_DIRS': '/etc/xdg/xdg-ubuntu:/usr/share/upstart/xdg:/etc/xdg', 'USER': 'mdas'}]
[roslaunch][INFO] 2017-11-03 16:12:24,907: process[novatel_node-3]: args[[u'/home/mdas/ros_ws/devel/lib/novatel/novatel_node', u'__name:=novatel_node']]
[roslaunch][INFO] 2017-11-03 16:12:24,908: ... created process [novatel_node-3]
[roslaunch.pmon][INFO] 2017-11-03 16:12:24,908: ProcessMonitor.register[novatel_node-3]
[roslaunch.pmon][INFO] 2017-11-03 16:12:24,908: ProcessMonitor.register[novatel_node-3] complete
[roslaunch][INFO] 2017-11-03 16:12:24,908: ... registered process [novatel_node-3]
[roslaunch][INFO] 2017-11-03 16:12:24,908: process[novatel_node-3]: starting os process
[roslaunch][INFO] 2017-11-03 16:12:24,908: process[novatel_node-3]: start w/ args [[u'/home/mdas/ros_ws/devel/lib/novatel/novatel_node', u'__name:=novatel_node', u'__log:=/home/mdas/.ros/log/4e80aff4-c0d3-11e7-b87c-f44d306c96a4/novatel_node-3.log']]
[roslaunch][INFO] 2017-11-03 16:12:24,908: process[novatel_node-3]: cwd will be [/home/mdas/.ros]
[roslaunch][INFO] 2017-11-03 16:12:24,911: process[novatel_node-3]: started with pid [22215]
[roslaunch][INFO] 2017-11-03 16:12:24,912: ... successfully launched [novatel_node-3]
[roslaunch][INFO] 2017-11-03 16:12:24,912: ... launch_nodes complete
[roslaunch.pmon][INFO] 2017-11-03 16:12:24,912: registrations completed <ProcessMonitor(ProcessMonitor-1, started daemon 140430398076672)>
[roslaunch.parent][INFO] 2017-11-03 16:12:24,912: ... roslaunch parent running, waiting for process exit
[roslaunch][INFO] 2017-11-03 16:12:24,912: spin
[roslaunch][ERROR] 2017-11-03 16:12:25,324: [base_laser1-2] process has died [pid 22208, exit code 2, cmd /home/mdas/ros_ws/devel/lib/sicktoolbox_wrapper/sicklms scan:=/sensor_msgs/LaserScan __name:=base_laser1 __log:=/home/mdas/.ros/log/4e80aff4-c0d3-11e7-b87c-f44d306c96a4/base_laser1-2.log].
log file: /home/mdas/.ros/log/4e80aff4-c0d3-11e7-b87c-f44d306c96a4/base_laser1-2*.log
[roslaunch][INFO] 2017-11-03 16:12:25,324: [base_laser1-2] restarting process
[roslaunch][INFO] 2017-11-03 16:12:25,325: process[base_laser1-2]: restarting os process
[roslaunch][INFO] 2017-11-03 16:12:25,325: process[base_laser1-2]: start w/ args [[u'/home/mdas/ros_ws/devel/lib/sicktoolbox_wrapper/sicklms', u'scan:=/sensor_msgs/LaserScan', u'__name:=base_laser1', u'__log:=/home/mdas/.ros/log/4e80aff4-c0d3-11e7-b87c-f44d306c96a4/base_laser1-2.log']]
[roslaunch][INFO] 2017-11-03 16:12:25,326: process[base_laser1-2]: cwd will be [/home/mdas/.ros]
[roslaunch][INFO] 2017-11-03 16:12:25,333: process[base_laser1-2]: started with pid [22299]
[roslaunch][ERROR] 2017-11-03 16:12:25,636: [base_laser1-2] process has died [pid 22299, exit code 2, cmd /home/mdas/ros_ws/devel/lib/sicktoolbox_wrapper/sicklms scan:=/sensor_msgs/LaserScan __name:=base_laser1 __log:=/home/mdas/.ros/log/4e80aff4-c0d3-11e7-b87c-f44d306c96a4/base_laser1-2.log].
log file: /home/mdas/.ros/log/4e80aff4-c0d3-11e7-b87c-f44d306c96a4/base_laser1-2*.log
[roslaunch][INFO] 2017-11-03 16:12:25,636: [base_laser1-2] restarting process
[roslaunch][INFO] 2017-11-03 16:12:25,637: process[base_laser1-2]: restarting os process
[roslaunch][INFO] 2017-11-03 16:12:25,637: process[base_laser1-2]: start w/ args [[u'/home/mdas/ros_ws/devel/lib/sicktoolbox_wrapper/sicklms', u'scan:=/sensor_msgs/LaserScan', u'__name:=base_laser1', u'__log:=/home/mdas/.ros/log/4e80aff4-c0d3-11e7-b87c-f44d306c96a4/base_laser1-2.log']]
[roslaunch][INFO] 2017-11-03 16:12:25,638: process[base_laser1-2]: cwd will be [/home/mdas/.ros]
[roslaunch][INFO] 2017-11-03 16:12:25,645: process[base_laser1-2]: started with pid [22340]
[roslaunch][ERROR] 2017-11-03 16:12:25,948: [base_laser1-2] process has died [pid 22340, exit code 2, cmd /home/mdas/ros_ws/devel/lib/sicktoolbox_wrapper/sicklms scan:=/sensor_msgs/LaserScan __name:=base_laser1 __log:=/home/mdas/.ros/log/4e80aff4-c0d3-11e7-b87c-f44d306c96a4/base_laser1-2.log].
log file: /home/mdas/.ros/log/4e80aff4-c0d3-11e7-b87c-f44d306c96a4/base_laser1-2*.log
[roslaunch][INFO] 2017-11-03 16:12:25,948: [base_laser1-2] restarting process
[roslaunch][INFO] 2017-11-03 16:12:25,949: process[base_laser1-2]: restarting os process
[roslaunch][INFO] 2017-11-03 16:12:25,949: process[base_laser1-2]: start w/ args [[u'/home/mdas/ros_ws/devel/lib/sicktoolbox_wrapper/sicklms', u'scan:=/sensor_msgs/LaserScan', u'__name:=base_laser1', u'__log:=/home/mdas/.ros/log/4e80aff4-c0d3-11e7-b87c-f44d306c96a4/base_laser1-2.log']]
[roslaunch][INFO] 2017-11-03 16:12:25,950: process[base_laser1-2]: cwd will be [/home/mdas/.ros]
[roslaunch][INFO] 2017-11-03 16:12:25,958: process[base_laser1-2]: started with pid [22381]
[roslaunch][ERROR] 2017-11-03 16:12:26,261: [base_laser1-2] process has died [pid 22381, exit code 2, cmd /home/mdas/ros_ws/devel/lib/sicktoolbox_wrapper/sicklms scan:=/sensor_msgs/LaserScan __name:=base_laser1 __log:=/home/mdas/.ros/log/4e80aff4-c0d3-11e7-b87c-f44d306c96a4/base_laser1-2.log].
log file: /home/mdas/.ros/log/4e80aff4-c0d3-11e7-b87c-f44d306c96a4/base_laser1-2*.log
[roslaunch][INFO] 2017-11-03 16:12:26,262: [base_laser1-2] restarting process
[roslaunch][INFO] 2017-11-03 16:12:26,262: process[base_laser1-2]: restarting os process
[roslaunch][INFO] 2017-11-03 16:12:26,263: process[base_laser1-2]: start w/ args [[u'/home/mdas/ros_ws/devel/lib/sicktoolbox_wrapper/sicklms', u'scan:=/sensor_msgs/LaserScan', u'__name:=base_laser1', u'__log:=/home/mdas/.ros/log/4e80aff4-c0d3-11e7-b87c-f44d306c96a4/base_laser1-2.log']]
[roslaunch][INFO] 2017-11-03 16:12:26,263: process[base_laser1-2]: cwd will be [/home/mdas/.ros]
[roslaunch][INFO] 2017-11-03 16:12:26,271: process[base_laser1-2]: started with pid [22422]
[roslaunch][ERROR] 2017-11-03 16:12:26,573: [base_laser1-2] process has died [pid 22422, exit code 2, cmd /home/mdas/ros_ws/devel/lib/sicktoolbox_wrapper/sicklms scan:=/sensor_msgs/LaserScan __name:=base_laser1 __log:=/home/mdas/.ros/log/4e80aff4-c0d3-11e7-b87c-f44d306c96a4/base_laser1-2.log].
log file: /home/mdas/.ros/log/4e80aff4-c0d3-11e7-b87c-f44d306c96a4/base_laser1-2*.log
[roslaunch][INFO] 2017-11-03 16:12:26,574: [base_laser1-2] restarting process
[roslaunch][INFO] 2017-11-03 16:12:26,575: process[base_laser1-2]: restarting os process
[roslaunch][INFO] 2017-11-03 16:12:26,575: process[base_laser1-2]: start w/ args [[u'/home/mdas/ros_ws/devel/lib/sicktoolbox_wrapper/sicklms', u'scan:=/sensor_msgs/LaserScan', u'__name:=base_laser1', u'__log:=/home/mdas/.ros/log/4e80aff4-c0d3-11e7-b87c-f44d306c96a4/base_laser1-2.log']]
[roslaunch][INFO] 2017-11-03 16:12:26,576: process[base_laser1-2]: cwd will be [/home/mdas/.ros]
[roslaunch][INFO] 2017-11-03 16:12:26,582: process[base_laser1-2]: started with pid [22463]
[roslaunch][ERROR] 2017-11-03 16:12:26,884: [base_laser1-2] process has died [pid 22463, exit code 2, cmd /home/mdas/ros_ws/devel/lib/sicktoolbox_wrapper/sicklms scan:=/sensor_msgs/LaserScan __name:=base_laser1 __log:=/home/mdas/.ros/log/4e80aff4-c0d3-11e7-b87c-f44d306c96a4/base_laser1-2.log].
log file: /home/mdas/.ros/log/4e80aff4-c0d3-11e7-b87c-f44d306c96a4/base_laser1-2*.log
[roslaunch][INFO] 2017-11-03 16:12:26,885: [base_laser1-2] restarting process
[roslaunch][INFO] 2017-11-03 16:12:26,885: process[base_laser1-2]: restarting os process
[roslaunch][INFO] 2017-11-03 16:12:26,886: process[base_laser1-2]: start w/ args [[u'/home/mdas/ros_ws/devel/lib/sicktoolbox_wrapper/sicklms', u'scan:=/sensor_msgs/LaserScan', u'__name:=base_laser1', u'__log:=/home/mdas/.ros/log/4e80aff4-c0d3-11e7-b87c-f44d306c96a4/base_laser1-2.log']]
[roslaunch][INFO] 2017-11-03 16:12:26,886: process[base_laser1-2]: cwd will be [/home/mdas/.ros]
[roslaunch][INFO] 2017-11-03 16:12:26,894: process[base_laser1-2]: started with pid [22505]
[roslaunch][ERROR] 2017-11-03 16:12:27,196: [base_laser1-2] process has died [pid 22505, exit code 2, cmd /home/mdas/ros_ws/devel/lib/sicktoolbox_wrapper/sicklms scan:=/sensor_msgs/LaserScan __name:=base_laser1 __log:=/home/mdas/.ros/log/4e80aff4-c0d3-11e7-b87c-f44d306c96a4/base_laser1-2.log].
log file: /home/mdas/.ros/log/4e80aff4-c0d3-11e7-b87c-f44d306c96a4/base_laser1-2*.log
[roslaunch][INFO] 2017-11-03 16:12:27,197: [base_laser1-2] restarting process
[roslaunch][INFO] 2017-11-03 16:12:27,197: process[base_laser1-2]: restarting os process
[roslaunch][INFO] 2017-11-03 16:12:27,198: process[base_laser1-2]: start w/ args [[u'/home/mdas/ros_ws/devel/lib/sicktoolbox_wrapper/sicklms', u'scan:=/sensor_msgs/LaserScan', u'__name:=base_laser1', u'__log:=/home/mdas/.ros/log/4e80aff4-c0d3-11e7-b87c-f44d306c96a4/base_laser1-2.log']]
[roslaunch][INFO] 2017-11-03 16:12:27,199: process[base_laser1-2]: cwd will be [/home/mdas/.ros]
[roslaunch][INFO] 2017-11-03 16:12:27,206: process[base_laser1-2]: started with pid [22546]
[roslaunch][ERROR] 2017-11-03 16:12:27,609: [base_laser1-2] process has died [pid 22546, exit code 2, cmd /home/mdas/ros_ws/devel/lib/sicktoolbox_wrapper/sicklms scan:=/sensor_msgs/LaserScan __name:=base_laser1 __log:=/home/mdas/.ros/log/4e80aff4-c0d3-11e7-b87c-f44d306c96a4/base_laser1-2.log].
log file: /home/mdas/.ros/log/4e80aff4-c0d3-11e7-b87c-f44d306c96a4/base_laser1-2*.log
[roslaunch][INFO] 2017-11-03 16:12:27,610: [base_laser1-2] restarting process
[roslaunch][INFO] 2017-11-03 16:12:27,611: process[base_laser1-2]: restarting os process
[roslaunch][INFO] 2017-11-03 16:12:27,611: process[base_laser1-2]: start w/ args [[u'/home/mdas/ros_ws/devel/lib/sicktoolbox_wrapper/sicklms', u'scan:=/sensor_msgs/LaserScan', u'__name:=base_laser1', u'__log:=/home/mdas/.ros/log/4e80aff4-c0d3-11e7-b87c-f44d306c96a4/base_laser1-2.log']]
[roslaunch][INFO] 2017-11-03 16:12:27,612: process[base_laser1-2]: cwd will be [/home/mdas/.ros]
[roslaunch][INFO] 2017-11-03 16:12:27,619: process[base_laser1-2]: started with pid [22587]
[roslaunch][ERROR] 2017-11-03 16:12:28,022: [base_laser1-2] process has died [pid 22587, exit code 2, cmd /home/mdas/ros_ws/devel/lib/sicktoolbox_wrapper/sicklms scan:=/sensor_msgs/LaserScan __name:=base_laser1 __log:=/home/mdas/.ros/log/4e80aff4-c0d3-11e7-b87c-f44d306c96a4/base_laser1-2.log].
log file: /home/mdas/.ros/log/4e80aff4-c0d3-11e7-b87c-f44d306c96a4/base_laser1-2*.log
[roslaunch][INFO] 2017-11-03 16:12:28,023: [base_laser1-2] restarting process
[roslaunch][INFO] 2017-11-03 16:12:28,023: process[base_laser1-2]: restarting os process
[roslaunch][INFO] 2017-11-03 16:12:28,024: process[base_laser1-2]: start w/ args [[u'/home/mdas/ros_ws/devel/lib/sicktoolbox_wrapper/sicklms', u'scan:=/sensor_msgs/LaserScan', u'__name:=base_laser1', u'__log:=/home/mdas/.ros/log/4e80aff4-c0d3-11e7-b87c-f44d306c96a4/base_laser1-2.log']]
[roslaunch][INFO] 2017-11-03 16:12:28,024: process[base_laser1-2]: cwd will be [/home/mdas/.ros]
[roslaunch][INFO] 2017-11-03 16:12:28,030: process[base_laser1-2]: started with pid [22628]
[roslaunch][ERROR] 2017-11-03 16:12:28,433: [base_laser1-2] process has died [pid 22628, exit code 2, cmd /home/mdas/ros_ws/devel/lib/sicktoolbox_wrapper/sicklms scan:=/sensor_msgs/LaserScan __name:=base_laser1 __log:=/home/mdas/.ros/log/4e80aff4-c0d3-11e7-b87c-f44d306c96a4/base_laser1-2.log].
log file: /home/mdas/.ros/log/4e80aff4-c0d3-11e7-b87c-f44d306c96a4/base_laser1-2*.log
[roslaunch][INFO] 2017-11-03 16:12:28,434: [base_laser1-2] restarting process
[roslaunch][INFO] 2017-11-03 16:12:28,434: process[base_laser1-2]: restarting os process
[roslaunch][INFO] 2017-11-03 16:12:28,435: process[base_laser1-2]: start w/ args [[u'/home/mdas/ros_ws/devel/lib/sicktoolbox_wrapper/sicklms', u'scan:=/sensor_msgs/LaserScan', u'__name:=base_laser1', u'__log:=/home/mdas/.ros/log/4e80aff4-c0d3-11e7-b87c-f44d306c96a4/base_laser1-2.log']]
[roslaunch][INFO] 2017-11-03 16:12:28,435: process[base_laser1-2]: cwd will be [/home/mdas/.ros]
[roslaunch][INFO] 2017-11-03 16:12:28,443: process[base_laser1-2]: started with pid [22669]
[roslaunch][ERROR] 2017-11-03 16:12:28,845: [base_laser1-2] process has died [pid 22669, exit code 2, cmd /home/mdas/ros_ws/devel/lib/sicktoolbox_wrapper/sicklms scan:=/sensor_msgs/LaserScan __name:=base_laser1 __log:=/home/mdas/.ros/log/4e80aff4-c0d3-11e7-b87c-f44d306c96a4/base_laser1-2.log].
log file: /home/mdas/.ros/log/4e80aff4-c0d3-11e7-b87c-f44d306c96a4/base_laser1-2*.log
[roslaunch][INFO] 2017-11-03 16:12:28,846: [base_laser1-2] restarting process
[roslaunch][INFO] 2017-11-03 16:12:28,847: process[base_laser1-2]: restarting os process
[roslaunch][INFO] 2017-11-03 16:12:28,848: process[base_laser1-2]: start w/ args [[u'/home/mdas/ros_ws/devel/lib/sicktoolbox_wrapper/sicklms', u'scan:=/sensor_msgs/LaserScan', u'__name:=base_laser1', u'__log:=/home/mdas/.ros/log/4e80aff4-c0d3-11e7-b87c-f44d306c96a4/base_laser1-2.log']]
[roslaunch][INFO] 2017-11-03 16:12:28,848: process[base_laser1-2]: cwd will be [/home/mdas/.ros]
[roslaunch][INFO] 2017-11-03 16:12:28,855: process[base_laser1-2]: started with pid [22710]
[roslaunch][ERROR] 2017-11-03 16:12:29,158: [base_laser1-2] process has died [pid 22710, exit code 2, cmd /home/mdas/ros_ws/devel/lib/sicktoolbox_wrapper/sicklms scan:=/sensor_msgs/LaserScan __name:=base_laser1 __log:=/home/mdas/.ros/log/4e80aff4-c0d3-11e7-b87c-f44d306c96a4/base_laser1-2.log].
log file: /home/mdas/.ros/log/4e80aff4-c0d3-11e7-b87c-f44d306c96a4/base_laser1-2*.log
[roslaunch][INFO] 2017-11-03 16:12:29,158: [base_laser1-2] restarting process
[roslaunch][INFO] 2017-11-03 16:12:29,159: process[base_laser1-2]: restarting os process
[roslaunch][INFO] 2017-11-03 16:12:29,160: process[base_laser1-2]: start w/ args [[u'/home/mdas/ros_ws/devel/lib/sicktoolbox_wrapper/sicklms', u'scan:=/sensor_msgs/LaserScan', u'__name:=base_laser1', u'__log:=/home/mdas/.ros/log/4e80aff4-c0d3-11e7-b87c-f44d306c96a4/base_laser1-2.log']]
[roslaunch][INFO] 2017-11-03 16:12:29,160: process[base_laser1-2]: cwd will be [/home/mdas/.ros]
[roslaunch][INFO] 2017-11-03 16:12:29,167: process[base_laser1-2]: started with pid [22751]
[roslaunch][ERROR] 2017-11-03 16:12:29,470: [base_laser1-2] process has died [pid 22751, exit code 2, cmd /home/mdas/ros_ws/devel/lib/sicktoolbox_wrapper/sicklms scan:=/sensor_msgs/LaserScan __name:=base_laser1 __log:=/home/mdas/.ros/log/4e80aff4-c0d3-11e7-b87c-f44d306c96a4/base_laser1-2.log].
log file: /home/mdas/.ros/log/4e80aff4-c0d3-11e7-b87c-f44d306c96a4/base_laser1-2*.log
[roslaunch][INFO] 2017-11-03 16:12:29,471: [base_laser1-2] restarting process
[roslaunch][INFO] 2017-11-03 16:12:29,471: process[base_laser1-2]: restarting os process
[roslaunch][INFO] 2017-11-03 16:12:29,472: process[base_laser1-2]: start w/ args [[u'/home/mdas/ros_ws/devel/lib/sicktoolbox_wrapper/sicklms', u'scan:=/sensor_msgs/LaserScan', u'__name:=base_laser1', u'__log:=/home/mdas/.ros/log/4e80aff4-c0d3-11e7-b87c-f44d306c96a4/base_laser1-2.log']]
[roslaunch][INFO] 2017-11-03 16:12:29,472: process[base_laser1-2]: cwd will be [/home/mdas/.ros]
[roslaunch][INFO] 2017-11-03 16:12:29,480: process[base_laser1-2]: started with pid [22792]
[roslaunch.pmon][INFO] 2017-11-03 16:12:29,509: ProcessMonitor.shutdown <ProcessMonitor(ProcessMonitor-1, started daemon 140430398076672)>
[roslaunch.pmon][INFO] 2017-11-03 16:12:29,581: ProcessMonitor._post_run <ProcessMonitor(ProcessMonitor-1, started daemon 140430398076672)>
[roslaunch.pmon][INFO] 2017-11-03 16:12:29,582: ProcessMonitor._post_run <ProcessMonitor(ProcessMonitor-1, started daemon 140430398076672)>: remaining procs are [<roslaunch.nodeprocess.LocalProcess object at 0x7fb88025ab90>, <roslaunch.nodeprocess.LocalProcess object at 0x7fb880c0c150>, <roslaunch.nodeprocess.LocalProcess object at 0x7fb880281b10>, <roslaunch.nodeprocess.LocalProcess object at 0x7fb880281f90>]
[roslaunch.pmon][INFO] 2017-11-03 16:12:29,582: ProcessMonitor exit: killing novatel_node-3
[roslaunch][INFO] 2017-11-03 16:12:29,582: [novatel_node-3] killing on exit
[roslaunch.pmon][INFO] 2017-11-03 16:12:29,583: ProcessMonitor exit: killing base_laser1-2
[roslaunch][INFO] 2017-11-03 16:12:29,583: process[novatel_node-3]: killing os process with pid[22215] pgid[22215]
[roslaunch][INFO] 2017-11-03 16:12:29,583: [base_laser1-2] killing on exit
[roslaunch][INFO] 2017-11-03 16:12:29,583: [novatel_node-3] sending SIGINT to pgid [22215]
[roslaunch][INFO] 2017-11-03 16:12:29,583: process[base_laser1-2]: killing os process with pid[22792] pgid[22792]
[roslaunch][INFO] 2017-11-03 16:12:29,584: [novatel_node-3] sent SIGINT to pgid [22215]
[roslaunch][INFO] 2017-11-03 16:12:29,584: [base_laser1-2] sending SIGINT to pgid [22792]
[roslaunch][INFO] 2017-11-03 16:12:29,584: [base_laser1-2] sent SIGINT to pgid [22792]
[roslaunch][INFO] 2017-11-03 16:12:29,785: process[base_laser1-2]: SIGINT killed with return value 2
[roslaunch][INFO] 2017-11-03 16:12:29,985: process[novatel_node-3]: SIGINT killed with return value 0
[roslaunch.pmon][INFO] 2017-11-03 16:12:29,986: ProcessMonitor exit: killing rosout-1
[roslaunch][INFO] 2017-11-03 16:12:29,987: [rosout-1] killing on exit
[roslaunch][INFO] 2017-11-03 16:12:29,987: process[rosout-1]: killing os process with pid[22200] pgid[22200]
[roslaunch][INFO] 2017-11-03 16:12:29,988: [rosout-1] sending SIGINT to pgid [22200]
[roslaunch][INFO] 2017-11-03 16:12:29,988: [rosout-1] sent SIGINT to pgid [22200]
[roslaunch][INFO] 2017-11-03 16:12:30,189: process[rosout-1]: SIGINT killed with return value 0
[roslaunch.pmon][INFO] 2017-11-03 16:12:30,189: ProcessMonitor exit: killing master
[roslaunch][INFO] 2017-11-03 16:12:30,189: [master] killing on exit
[roslaunch][INFO] 2017-11-03 16:12:30,189: process[master]: killing os process with pid[22187] pgid[22187]
[roslaunch][INFO] 2017-11-03 16:12:30,189: [master] sending SIGINT to pgid [22187]
[roslaunch][INFO] 2017-11-03 16:12:30,189: [master] sent SIGINT to pgid [22187]
[roslaunch][INFO] 2017-11-03 16:12:30,390: process[master]: SIGINT killed with return value 0
[roslaunch.pmon][INFO] 2017-11-03 16:12:30,391: ProcessMonitor exit: cleaning up data structures and signals
[roslaunch.pmon][INFO] 2017-11-03 16:12:30,391: ProcessMonitor exit: pmon has shutdown
[roslaunch][INFO] 2017-11-03 16:12:30,428: process monitor is done spinning, initiating full shutdown
[roslaunch][INFO] 2017-11-03 16:12:30,428: runner.stop()
[roslaunch][INFO] 2017-11-03 16:12:30,429: shutting down processing monitor...
[roslaunch][INFO] 2017-11-03 16:12:30,429: shutting down processing monitor <ProcessMonitor(ProcessMonitor-1, stopped daemon 140430398076672)>
[roslaunch.pmon][INFO] 2017-11-03 16:12:30,429: ProcessMonitor.shutdown <ProcessMonitor(ProcessMonitor-1, stopped daemon 140430398076672)>
[roslaunch][INFO] 2017-11-03 16:12:30,430: ... shutting down processing monitor complete
[roslaunch][INFO] 2017-11-03 16:12:30,430: done
[roslaunch.pmon][INFO] 2017-11-03 16:12:30,430: ProcessMonitor.shutdown <ProcessMonitor(ProcessMonitor-1, stopped daemon 140430398076672)>
[rospy.core][INFO] 2017-11-03 16:12:30,431: signal_shutdown [atexit]
