[roslaunch][INFO] 2017-11-10 11:10:46,130: Checking log directory for disk usage. This may take awhile.
Press Ctrl-C to interrupt
[roslaunch][INFO] 2017-11-10 11:10:46,133: Done checking log file disk usage. Usage is <1GB.
[roslaunch][INFO] 2017-11-10 11:10:46,133: roslaunch starting with args ['/opt/ros/indigo/bin/roslaunch', 'launchers', 'full_launch.launch']
[roslaunch][INFO] 2017-11-10 11:10:46,133: roslaunch env is {'ROS_DISTRO': 'indigo', 'LESSOPEN': '| /usr/bin/lesspipe %s', 'SSH_CLIENT': '192.168.1.30 54016 22', 'CPATH': '/home/mdas/ros_ws/devel/include:/opt/ros/indigo/include', 'LOGNAME': 'mdas', 'USER': 'mdas', 'PATH': '/opt/ros/indigo/bin:/usr/local/sbin:/usr/local/bin:/usr/sbin:/usr/bin:/sbin:/bin:/usr/games:/usr/local/games', 'HOME': '/home/mdas', 'CMAKE_PREFIX_PATH': '/home/mdas/ros_ws/devel:/opt/ros/indigo', 'LD_LIBRARY_PATH': '/home/mdas/ros_ws/devel/lib:/opt/ros/indigo/lib', 'LANG': 'en_US.UTF-8', 'TERM': 'xterm', 'SHELL': '/bin/bash', 'SHLVL': '1', 'QT_QPA_PLATFORMTHEME': 'appmenu-qt5', 'ROS_LOG_FILENAME': '/home/mdas/.ros/log/b5a1aa18-c631-11e7-a156-f44d306c96a4/roslaunch-mdas-Meerkat-7404.log', 'ROS_ETC_DIR': '/opt/ros/indigo/etc/ros', 'XDG_RUNTIME_DIR': '/run/user/1000', 'PYTHONPATH': '/home/mdas/ros_ws/devel/lib/python2.7/dist-packages:/opt/ros/indigo/lib/python2.7/dist-packages', 'ROS_ROOT': '/opt/ros/indigo/share/ros', 'PKG_CONFIG_PATH': '/home/mdas/ros_ws/devel/lib/pkgconfig:/opt/ros/indigo/lib/pkgconfig', 'ROS_PACKAGE_PATH': '/home/mdas/ros_ws/src:/opt/ros/indigo/share:/opt/ros/indigo/stacks', 'ROS_WORKSPACE': '/home/mdas/ros_ws', 'XDG_SESSION_ID': '8', '_': '/opt/ros/indigo/bin/roslaunch', 'SSH_CONNECTION': '192.168.1.30 54016 192.168.1.113 22', 'LESSCLOSE': '/usr/bin/lesspipe %s %s', 'SSH_TTY': '/dev/pts/15', 'PWD': '/home/mdas', 'ROS_MASTER_URI': 'http://localhost:11311', 'MAIL': '/var/mail/mdas', 'LS_COLORS': 'rs=0:di=01;34:ln=01;36:mh=00:pi=40;33:so=01;35:do=01;35:bd=40;33;01:cd=40;33;01:or=40;31;01:su=37;41:sg=30;43:ca=30;41:tw=30;42:ow=34;42:st=37;44:ex=01;32:*.tar=01;31:*.tgz=01;31:*.arj=01;31:*.taz=01;31:*.lzh=01;31:*.lzma=01;31:*.tlz=01;31:*.txz=01;31:*.zip=01;31:*.z=01;31:*.Z=01;31:*.dz=01;31:*.gz=01;31:*.lz=01;31:*.xz=01;31:*.bz2=01;31:*.bz=01;31:*.tbz=01;31:*.tbz2=01;31:*.tz=01;31:*.deb=01;31:*.rpm=01;31:*.jar=01;31:*.war=01;31:*.ear=01;31:*.sar=01;31:*.rar=01;31:*.ace=01;31:*.zoo=01;31:*.cpio=01;31:*.7z=01;31:*.rz=01;31:*.jpg=01;35:*.jpeg=01;35:*.gif=01;35:*.bmp=01;35:*.pbm=01;35:*.pgm=01;35:*.ppm=01;35:*.tga=01;35:*.xbm=01;35:*.xpm=01;35:*.tif=01;35:*.tiff=01;35:*.png=01;35:*.svg=01;35:*.svgz=01;35:*.mng=01;35:*.pcx=01;35:*.mov=01;35:*.mpg=01;35:*.mpeg=01;35:*.m2v=01;35:*.mkv=01;35:*.webm=01;35:*.ogm=01;35:*.mp4=01;35:*.m4v=01;35:*.mp4v=01;35:*.vob=01;35:*.qt=01;35:*.nuv=01;35:*.wmv=01;35:*.asf=01;35:*.rm=01;35:*.rmvb=01;35:*.flc=01;35:*.avi=01;35:*.fli=01;35:*.flv=01;35:*.gl=01;35:*.dl=01;35:*.xcf=01;35:*.xwd=01;35:*.yuv=01;35:*.cgm=01;35:*.emf=01;35:*.axv=01;35:*.anx=01;35:*.ogv=01;35:*.ogx=01;35:*.aac=00;36:*.au=00;36:*.flac=00;36:*.mid=00;36:*.midi=00;36:*.mka=00;36:*.mp3=00;36:*.mpc=00;36:*.ogg=00;36:*.ra=00;36:*.wav=00;36:*.axa=00;36:*.oga=00;36:*.spx=00;36:*.xspf=00;36:'}
[roslaunch][INFO] 2017-11-10 11:10:46,133: starting in server mode
[roslaunch.parent][INFO] 2017-11-10 11:10:46,133: starting roslaunch parent run
[roslaunch][INFO] 2017-11-10 11:10:46,133: loading roscore config file /opt/ros/indigo/etc/ros/roscore.xml
[roslaunch][INFO] 2017-11-10 11:10:46,194: Added core node of type [rosout/rosout] in namespace [/]
[roslaunch.config][INFO] 2017-11-10 11:10:46,195: loading config file /home/mdas/ros_ws/src/launchers/full_launch.launch
[roslaunch][INFO] 2017-11-10 11:10:46,244: Added node of type [sicktoolbox_wrapper/sicklms] in namespace [/]
[roslaunch][INFO] 2017-11-10 11:10:46,245: Added node of type [usb_cam/usb_cam_node] in namespace [/]
[roslaunch][INFO] 2017-11-10 11:10:46,246: Added node of type [novatel/novatel_node] in namespace [/]
[roslaunch][INFO] 2017-11-10 11:10:46,246: ... selected machine [] for node of type [sicktoolbox_wrapper/sicklms]
[roslaunch][INFO] 2017-11-10 11:10:46,246: ... selected machine [] for node of type [usb_cam/usb_cam_node]
[roslaunch][INFO] 2017-11-10 11:10:46,246: ... selected machine [] for node of type [novatel/novatel_node]
[roslaunch.pmon][INFO] 2017-11-10 11:10:46,247: start_process_monitor: creating ProcessMonitor
[roslaunch.pmon][INFO] 2017-11-10 11:10:46,247: created process monitor <ProcessMonitor(ProcessMonitor-1, initial daemon)>
[roslaunch.pmon][INFO] 2017-11-10 11:10:46,247: start_process_monitor: ProcessMonitor started
[roslaunch.parent][INFO] 2017-11-10 11:10:46,247: starting parent XML-RPC server
[roslaunch.server][INFO] 2017-11-10 11:10:46,247: starting roslaunch XML-RPC server
[roslaunch.server][INFO] 2017-11-10 11:10:46,247: waiting for roslaunch XML-RPC server to initialize
[xmlrpc][INFO] 2017-11-10 11:10:46,247: XML-RPC server binding to 0.0.0.0:0
[xmlrpc][INFO] 2017-11-10 11:10:46,247: Started XML-RPC server [http://mdas-Meerkat:35201/]
[xmlrpc][INFO] 2017-11-10 11:10:46,247: xml rpc node: starting XML-RPC server
[roslaunch][INFO] 2017-11-10 11:10:46,258: started roslaunch server http://mdas-Meerkat:35201/
[roslaunch.parent][INFO] 2017-11-10 11:10:46,259: ... parent XML-RPC server started
[roslaunch][INFO] 2017-11-10 11:10:46,259: master.is_running[http://localhost:11311]
[roslaunch][INFO] 2017-11-10 11:10:46,259: auto-starting new master
[roslaunch][INFO] 2017-11-10 11:10:46,259: create_master_process: rosmaster, /opt/ros/indigo/share/ros, 11311, 3, None
[roslaunch][INFO] 2017-11-10 11:10:46,259: process[master]: launching with args [['rosmaster', '--core', '-p', '11311', '-w', '3']]
[roslaunch.pmon][INFO] 2017-11-10 11:10:46,259: ProcessMonitor.register[master]
[roslaunch.pmon][INFO] 2017-11-10 11:10:46,259: ProcessMonitor.register[master] complete
[roslaunch][INFO] 2017-11-10 11:10:46,259: process[master]: starting os process
[roslaunch][INFO] 2017-11-10 11:10:46,260: process[master]: start w/ args [['rosmaster', '--core', '-p', '11311', '-w', '3', '__log:=/home/mdas/.ros/log/b5a1aa18-c631-11e7-a156-f44d306c96a4/master.log']]
[roslaunch][INFO] 2017-11-10 11:10:46,260: process[master]: cwd will be [/home/mdas/.ros]
[roslaunch][INFO] 2017-11-10 11:10:46,261: process[master]: started with pid [7416]
[roslaunch][INFO] 2017-11-10 11:10:46,261: master.is_running[http://localhost:11311]
[roslaunch][INFO] 2017-11-10 11:10:46,362: master.is_running[http://localhost:11311]
[roslaunch][INFO] 2017-11-10 11:10:46,363: master.is_running[http://localhost:11311]
[roslaunch][INFO] 2017-11-10 11:10:46,364: ROS_MASTER_URI=http://localhost:11311
[roslaunch][INFO] 2017-11-10 11:10:46,365: setting /run_id to b5a1aa18-c631-11e7-a156-f44d306c96a4
[roslaunch][INFO] 2017-11-10 11:10:46,366: setting /roslaunch/uris/host_mdas_meerkat__35201' to http://mdas-Meerkat:35201/
[roslaunch][INFO] 2017-11-10 11:10:46,367: ... preparing to launch node of type [rosout/rosout]
[roslaunch][INFO] 2017-11-10 11:10:46,367: create_node_process: package[rosout] type[rosout] machine[Machine(name[] env_loader[None] address[localhost] ssh_port[22] user[None] assignable[True] timeout[10.0])] master_uri[http://localhost:11311]
[roslaunch][INFO] 2017-11-10 11:10:46,367: process[rosout-1]: env[{'ROS_DISTRO': 'indigo', 'LESSOPEN': '| /usr/bin/lesspipe %s', 'SSH_CLIENT': '192.168.1.30 54016 22', 'CPATH': '/home/mdas/ros_ws/devel/include:/opt/ros/indigo/include', 'LOGNAME': 'mdas', 'USER': 'mdas', 'PATH': '/opt/ros/indigo/bin:/usr/local/sbin:/usr/local/bin:/usr/sbin:/usr/bin:/sbin:/bin:/usr/games:/usr/local/games', 'HOME': '/home/mdas', 'CMAKE_PREFIX_PATH': '/home/mdas/ros_ws/devel:/opt/ros/indigo', 'ROS_LOG_FILENAME': '/home/mdas/.ros/log/b5a1aa18-c631-11e7-a156-f44d306c96a4/roslaunch-mdas-Meerkat-7404.log', 'LANG': 'en_US.UTF-8', 'TERM': 'xterm', 'SHELL': '/bin/bash', 'SHLVL': '1', 'QT_QPA_PLATFORMTHEME': 'appmenu-qt5', 'LD_LIBRARY_PATH': '/home/mdas/ros_ws/devel/lib:/opt/ros/indigo/lib', 'ROS_MASTER_URI': 'http://localhost:11311', 'XDG_RUNTIME_DIR': '/run/user/1000', 'PYTHONPATH': '/home/mdas/ros_ws/devel/lib/python2.7/dist-packages:/opt/ros/indigo/lib/python2.7/dist-packages', 'ROS_ROOT': '/opt/ros/indigo/share/ros', 'PKG_CONFIG_PATH': '/home/mdas/ros_ws/devel/lib/pkgconfig:/opt/ros/indigo/lib/pkgconfig', 'ROS_PACKAGE_PATH': '/home/mdas/ros_ws/src:/opt/ros/indigo/share:/opt/ros/indigo/stacks', 'ROS_WORKSPACE': '/home/mdas/ros_ws', 'XDG_SESSION_ID': '8', '_': '/opt/ros/indigo/bin/roslaunch', 'LS_COLORS': 'rs=0:di=01;34:ln=01;36:mh=00:pi=40;33:so=01;35:do=01;35:bd=40;33;01:cd=40;33;01:or=40;31;01:su=37;41:sg=30;43:ca=30;41:tw=30;42:ow=34;42:st=37;44:ex=01;32:*.tar=01;31:*.tgz=01;31:*.arj=01;31:*.taz=01;31:*.lzh=01;31:*.lzma=01;31:*.tlz=01;31:*.txz=01;31:*.zip=01;31:*.z=01;31:*.Z=01;31:*.dz=01;31:*.gz=01;31:*.lz=01;31:*.xz=01;31:*.bz2=01;31:*.bz=01;31:*.tbz=01;31:*.tbz2=01;31:*.tz=01;31:*.deb=01;31:*.rpm=01;31:*.jar=01;31:*.war=01;31:*.ear=01;31:*.sar=01;31:*.rar=01;31:*.ace=01;31:*.zoo=01;31:*.cpio=01;31:*.7z=01;31:*.rz=01;31:*.jpg=01;35:*.jpeg=01;35:*.gif=01;35:*.bmp=01;35:*.pbm=01;35:*.pgm=01;35:*.ppm=01;35:*.tga=01;35:*.xbm=01;35:*.xpm=01;35:*.tif=01;35:*.tiff=01;35:*.png=01;35:*.svg=01;35:*.svgz=01;35:*.mng=01;35:*.pcx=01;35:*.mov=01;35:*.mpg=01;35:*.mpeg=01;35:*.m2v=01;35:*.mkv=01;35:*.webm=01;35:*.ogm=01;35:*.mp4=01;35:*.m4v=01;35:*.mp4v=01;35:*.vob=01;35:*.qt=01;35:*.nuv=01;35:*.wmv=01;35:*.asf=01;35:*.rm=01;35:*.rmvb=01;35:*.flc=01;35:*.avi=01;35:*.fli=01;35:*.flv=01;35:*.gl=01;35:*.dl=01;35:*.xcf=01;35:*.xwd=01;35:*.yuv=01;35:*.cgm=01;35:*.emf=01;35:*.axv=01;35:*.anx=01;35:*.ogv=01;35:*.ogx=01;35:*.aac=00;36:*.au=00;36:*.flac=00;36:*.mid=00;36:*.midi=00;36:*.mka=00;36:*.mp3=00;36:*.mpc=00;36:*.ogg=00;36:*.ra=00;36:*.wav=00;36:*.axa=00;36:*.oga=00;36:*.spx=00;36:*.xspf=00;36:', 'LESSCLOSE': '/usr/bin/lesspipe %s %s', 'SSH_TTY': '/dev/pts/15', 'PWD': '/home/mdas', 'ROS_ETC_DIR': '/opt/ros/indigo/etc/ros', 'MAIL': '/var/mail/mdas', 'SSH_CONNECTION': '192.168.1.30 54016 192.168.1.113 22'}]
[roslaunch][INFO] 2017-11-10 11:10:46,416: process[rosout-1]: args[[u'/opt/ros/indigo/lib/rosout/rosout', u'__name:=rosout']]
[roslaunch][INFO] 2017-11-10 11:10:46,416: ... created process [rosout-1]
[roslaunch.pmon][INFO] 2017-11-10 11:10:46,416: ProcessMonitor.register[rosout-1]
[roslaunch.pmon][INFO] 2017-11-10 11:10:46,417: ProcessMonitor.register[rosout-1] complete
[roslaunch][INFO] 2017-11-10 11:10:46,417: ... registered process [rosout-1]
[roslaunch][INFO] 2017-11-10 11:10:46,417: process[rosout-1]: starting os process
[roslaunch][INFO] 2017-11-10 11:10:46,417: process[rosout-1]: start w/ args [[u'/opt/ros/indigo/lib/rosout/rosout', u'__name:=rosout', u'__log:=/home/mdas/.ros/log/b5a1aa18-c631-11e7-a156-f44d306c96a4/rosout-1.log']]
[roslaunch][INFO] 2017-11-10 11:10:46,417: process[rosout-1]: cwd will be [/home/mdas/.ros]
[roslaunch][INFO] 2017-11-10 11:10:46,418: process[rosout-1]: started with pid [7429]
[roslaunch][INFO] 2017-11-10 11:10:46,418: ... successfully launched [rosout-1]
[roslaunch][INFO] 2017-11-10 11:10:46,419: load_parameters starting ...
[roslaunch][INFO] 2017-11-10 11:10:46,424: ... load_parameters complete
[roslaunch][INFO] 2017-11-10 11:10:46,424: launch_nodes: launching local nodes ...
[roslaunch][INFO] 2017-11-10 11:10:46,424: ... preparing to launch node of type [sicktoolbox_wrapper/sicklms]
[roslaunch][INFO] 2017-11-10 11:10:46,424: create_node_process: package[sicktoolbox_wrapper] type[sicklms] machine[Machine(name[] env_loader[None] address[localhost] ssh_port[22] user[None] assignable[True] timeout[10.0])] master_uri[http://localhost:11311]
[roslaunch][INFO] 2017-11-10 11:10:46,424: process[base_laser1-2]: env[{'ROS_DISTRO': 'indigo', 'LESSOPEN': '| /usr/bin/lesspipe %s', 'SSH_CLIENT': '192.168.1.30 54016 22', 'CPATH': '/home/mdas/ros_ws/devel/include:/opt/ros/indigo/include', 'LOGNAME': 'mdas', 'USER': 'mdas', 'PATH': '/opt/ros/indigo/bin:/usr/local/sbin:/usr/local/bin:/usr/sbin:/usr/bin:/sbin:/bin:/usr/games:/usr/local/games', 'HOME': '/home/mdas', 'CMAKE_PREFIX_PATH': '/home/mdas/ros_ws/devel:/opt/ros/indigo', 'ROS_LOG_FILENAME': '/home/mdas/.ros/log/b5a1aa18-c631-11e7-a156-f44d306c96a4/roslaunch-mdas-Meerkat-7404.log', 'LANG': 'en_US.UTF-8', 'TERM': 'xterm', 'SHELL': '/bin/bash', 'SHLVL': '1', 'QT_QPA_PLATFORMTHEME': 'appmenu-qt5', 'LD_LIBRARY_PATH': '/home/mdas/ros_ws/devel/lib:/opt/ros/indigo/lib', 'ROS_MASTER_URI': 'http://localhost:11311', 'XDG_RUNTIME_DIR': '/run/user/1000', 'PYTHONPATH': '/home/mdas/ros_ws/devel/lib/python2.7/dist-packages:/opt/ros/indigo/lib/python2.7/dist-packages', 'ROS_ROOT': '/opt/ros/indigo/share/ros', 'PKG_CONFIG_PATH': '/home/mdas/ros_ws/devel/lib/pkgconfig:/opt/ros/indigo/lib/pkgconfig', 'ROS_PACKAGE_PATH': '/home/mdas/ros_ws/src:/opt/ros/indigo/share:/opt/ros/indigo/stacks', 'ROS_WORKSPACE': '/home/mdas/ros_ws', 'XDG_SESSION_ID': '8', '_': '/opt/ros/indigo/bin/roslaunch', 'LS_COLORS': 'rs=0:di=01;34:ln=01;36:mh=00:pi=40;33:so=01;35:do=01;35:bd=40;33;01:cd=40;33;01:or=40;31;01:su=37;41:sg=30;43:ca=30;41:tw=30;42:ow=34;42:st=37;44:ex=01;32:*.tar=01;31:*.tgz=01;31:*.arj=01;31:*.taz=01;31:*.lzh=01;31:*.lzma=01;31:*.tlz=01;31:*.txz=01;31:*.zip=01;31:*.z=01;31:*.Z=01;31:*.dz=01;31:*.gz=01;31:*.lz=01;31:*.xz=01;31:*.bz2=01;31:*.bz=01;31:*.tbz=01;31:*.tbz2=01;31:*.tz=01;31:*.deb=01;31:*.rpm=01;31:*.jar=01;31:*.war=01;31:*.ear=01;31:*.sar=01;31:*.rar=01;31:*.ace=01;31:*.zoo=01;31:*.cpio=01;31:*.7z=01;31:*.rz=01;31:*.jpg=01;35:*.jpeg=01;35:*.gif=01;35:*.bmp=01;35:*.pbm=01;35:*.pgm=01;35:*.ppm=01;35:*.tga=01;35:*.xbm=01;35:*.xpm=01;35:*.tif=01;35:*.tiff=01;35:*.png=01;35:*.svg=01;35:*.svgz=01;35:*.mng=01;35:*.pcx=01;35:*.mov=01;35:*.mpg=01;35:*.mpeg=01;35:*.m2v=01;35:*.mkv=01;35:*.webm=01;35:*.ogm=01;35:*.mp4=01;35:*.m4v=01;35:*.mp4v=01;35:*.vob=01;35:*.qt=01;35:*.nuv=01;35:*.wmv=01;35:*.asf=01;35:*.rm=01;35:*.rmvb=01;35:*.flc=01;35:*.avi=01;35:*.fli=01;35:*.flv=01;35:*.gl=01;35:*.dl=01;35:*.xcf=01;35:*.xwd=01;35:*.yuv=01;35:*.cgm=01;35:*.emf=01;35:*.axv=01;35:*.anx=01;35:*.ogv=01;35:*.ogx=01;35:*.aac=00;36:*.au=00;36:*.flac=00;36:*.mid=00;36:*.midi=00;36:*.mka=00;36:*.mp3=00;36:*.mpc=00;36:*.ogg=00;36:*.ra=00;36:*.wav=00;36:*.axa=00;36:*.oga=00;36:*.spx=00;36:*.xspf=00;36:', 'LESSCLOSE': '/usr/bin/lesspipe %s %s', 'SSH_TTY': '/dev/pts/15', 'PWD': '/home/mdas', 'ROS_ETC_DIR': '/opt/ros/indigo/etc/ros', 'MAIL': '/var/mail/mdas', 'SSH_CONNECTION': '192.168.1.30 54016 192.168.1.113 22'}]
[roslaunch][INFO] 2017-11-10 11:10:46,425: process[base_laser1-2]: args[[u'/home/mdas/ros_ws/devel/lib/sicktoolbox_wrapper/sicklms', u'scan:=/sensor_msgs/LaserScan', u'__name:=base_laser1']]
[roslaunch][INFO] 2017-11-10 11:10:46,425: ... created process [base_laser1-2]
[roslaunch.pmon][INFO] 2017-11-10 11:10:46,425: ProcessMonitor.register[base_laser1-2]
[roslaunch.pmon][INFO] 2017-11-10 11:10:46,425: ProcessMonitor.register[base_laser1-2] complete
[roslaunch][INFO] 2017-11-10 11:10:46,425: ... registered process [base_laser1-2]
[roslaunch][INFO] 2017-11-10 11:10:46,425: process[base_laser1-2]: starting os process
[roslaunch][INFO] 2017-11-10 11:10:46,425: process[base_laser1-2]: start w/ args [[u'/home/mdas/ros_ws/devel/lib/sicktoolbox_wrapper/sicklms', u'scan:=/sensor_msgs/LaserScan', u'__name:=base_laser1', u'__log:=/home/mdas/.ros/log/b5a1aa18-c631-11e7-a156-f44d306c96a4/base_laser1-2.log']]
[roslaunch][INFO] 2017-11-10 11:10:46,425: process[base_laser1-2]: cwd will be [/home/mdas/.ros]
[roslaunch][INFO] 2017-11-10 11:10:46,427: process[base_laser1-2]: started with pid [7440]
[roslaunch][INFO] 2017-11-10 11:10:46,427: ... successfully launched [base_laser1-2]
[roslaunch][INFO] 2017-11-10 11:10:46,427: ... preparing to launch node of type [usb_cam/usb_cam_node]
[roslaunch][INFO] 2017-11-10 11:10:46,427: create_node_process: package[usb_cam] type[usb_cam_node] machine[Machine(name[] env_loader[None] address[localhost] ssh_port[22] user[None] assignable[True] timeout[10.0])] master_uri[http://localhost:11311]
[roslaunch][INFO] 2017-11-10 11:10:46,427: process[usb_cam_1-3]: env[{'ROS_DISTRO': 'indigo', 'LESSOPEN': '| /usr/bin/lesspipe %s', 'SSH_CLIENT': '192.168.1.30 54016 22', 'CPATH': '/home/mdas/ros_ws/devel/include:/opt/ros/indigo/include', 'LOGNAME': 'mdas', 'USER': 'mdas', 'PATH': '/opt/ros/indigo/bin:/usr/local/sbin:/usr/local/bin:/usr/sbin:/usr/bin:/sbin:/bin:/usr/games:/usr/local/games', 'HOME': '/home/mdas', 'CMAKE_PREFIX_PATH': '/home/mdas/ros_ws/devel:/opt/ros/indigo', 'ROS_LOG_FILENAME': '/home/mdas/.ros/log/b5a1aa18-c631-11e7-a156-f44d306c96a4/roslaunch-mdas-Meerkat-7404.log', 'LANG': 'en_US.UTF-8', 'TERM': 'xterm', 'SHELL': '/bin/bash', 'SHLVL': '1', 'QT_QPA_PLATFORMTHEME': 'appmenu-qt5', 'LD_LIBRARY_PATH': '/home/mdas/ros_ws/devel/lib:/opt/ros/indigo/lib', 'ROS_MASTER_URI': 'http://localhost:11311', 'XDG_RUNTIME_DIR': '/run/user/1000', 'PYTHONPATH': '/home/mdas/ros_ws/devel/lib/python2.7/dist-packages:/opt/ros/indigo/lib/python2.7/dist-packages', 'ROS_ROOT': '/opt/ros/indigo/share/ros', 'PKG_CONFIG_PATH': '/home/mdas/ros_ws/devel/lib/pkgconfig:/opt/ros/indigo/lib/pkgconfig', 'ROS_PACKAGE_PATH': '/home/mdas/ros_ws/src:/opt/ros/indigo/share:/opt/ros/indigo/stacks', 'ROS_WORKSPACE': '/home/mdas/ros_ws', 'XDG_SESSION_ID': '8', '_': '/opt/ros/indigo/bin/roslaunch', 'LS_COLORS': 'rs=0:di=01;34:ln=01;36:mh=00:pi=40;33:so=01;35:do=01;35:bd=40;33;01:cd=40;33;01:or=40;31;01:su=37;41:sg=30;43:ca=30;41:tw=30;42:ow=34;42:st=37;44:ex=01;32:*.tar=01;31:*.tgz=01;31:*.arj=01;31:*.taz=01;31:*.lzh=01;31:*.lzma=01;31:*.tlz=01;31:*.txz=01;31:*.zip=01;31:*.z=01;31:*.Z=01;31:*.dz=01;31:*.gz=01;31:*.lz=01;31:*.xz=01;31:*.bz2=01;31:*.bz=01;31:*.tbz=01;31:*.tbz2=01;31:*.tz=01;31:*.deb=01;31:*.rpm=01;31:*.jar=01;31:*.war=01;31:*.ear=01;31:*.sar=01;31:*.rar=01;31:*.ace=01;31:*.zoo=01;31:*.cpio=01;31:*.7z=01;31:*.rz=01;31:*.jpg=01;35:*.jpeg=01;35:*.gif=01;35:*.bmp=01;35:*.pbm=01;35:*.pgm=01;35:*.ppm=01;35:*.tga=01;35:*.xbm=01;35:*.xpm=01;35:*.tif=01;35:*.tiff=01;35:*.png=01;35:*.svg=01;35:*.svgz=01;35:*.mng=01;35:*.pcx=01;35:*.mov=01;35:*.mpg=01;35:*.mpeg=01;35:*.m2v=01;35:*.mkv=01;35:*.webm=01;35:*.ogm=01;35:*.mp4=01;35:*.m4v=01;35:*.mp4v=01;35:*.vob=01;35:*.qt=01;35:*.nuv=01;35:*.wmv=01;35:*.asf=01;35:*.rm=01;35:*.rmvb=01;35:*.flc=01;35:*.avi=01;35:*.fli=01;35:*.flv=01;35:*.gl=01;35:*.dl=01;35:*.xcf=01;35:*.xwd=01;35:*.yuv=01;35:*.cgm=01;35:*.emf=01;35:*.axv=01;35:*.anx=01;35:*.ogv=01;35:*.ogx=01;35:*.aac=00;36:*.au=00;36:*.flac=00;36:*.mid=00;36:*.midi=00;36:*.mka=00;36:*.mp3=00;36:*.mpc=00;36:*.ogg=00;36:*.ra=00;36:*.wav=00;36:*.axa=00;36:*.oga=00;36:*.spx=00;36:*.xspf=00;36:', 'LESSCLOSE': '/usr/bin/lesspipe %s %s', 'SSH_TTY': '/dev/pts/15', 'PWD': '/home/mdas', 'ROS_ETC_DIR': '/opt/ros/indigo/etc/ros', 'MAIL': '/var/mail/mdas', 'SSH_CONNECTION': '192.168.1.30 54016 192.168.1.113 22'}]
[roslaunch][INFO] 2017-11-10 11:10:46,428: process[usb_cam_1-3]: args[[u'/home/mdas/ros_ws/devel/lib/usb_cam/usb_cam_node', u'__name:=usb_cam_1']]
[roslaunch][INFO] 2017-11-10 11:10:46,428: ... created process [usb_cam_1-3]
[roslaunch.pmon][INFO] 2017-11-10 11:10:46,429: ProcessMonitor.register[usb_cam_1-3]
[roslaunch.pmon][INFO] 2017-11-10 11:10:46,429: ProcessMonitor.register[usb_cam_1-3] complete
[roslaunch][INFO] 2017-11-10 11:10:46,429: ... registered process [usb_cam_1-3]
[roslaunch][INFO] 2017-11-10 11:10:46,429: process[usb_cam_1-3]: starting os process
[roslaunch][INFO] 2017-11-10 11:10:46,429: process[usb_cam_1-3]: start w/ args [[u'/home/mdas/ros_ws/devel/lib/usb_cam/usb_cam_node', u'__name:=usb_cam_1', u'__log:=/home/mdas/.ros/log/b5a1aa18-c631-11e7-a156-f44d306c96a4/usb_cam_1-3.log']]
[roslaunch][INFO] 2017-11-10 11:10:46,429: process[usb_cam_1-3]: cwd will be [/home/mdas/.ros]
[roslaunch][INFO] 2017-11-10 11:10:46,430: process[usb_cam_1-3]: started with pid [7447]
[roslaunch][INFO] 2017-11-10 11:10:46,431: ... successfully launched [usb_cam_1-3]
[roslaunch][INFO] 2017-11-10 11:10:46,431: ... preparing to launch node of type [novatel/novatel_node]
[roslaunch][INFO] 2017-11-10 11:10:46,431: create_node_process: package[novatel] type[novatel_node] machine[Machine(name[] env_loader[None] address[localhost] ssh_port[22] user[None] assignable[True] timeout[10.0])] master_uri[http://localhost:11311]
[roslaunch][INFO] 2017-11-10 11:10:46,431: process[novatel_node-4]: env[{'ROS_DISTRO': 'indigo', 'LESSOPEN': '| /usr/bin/lesspipe %s', 'SSH_CLIENT': '192.168.1.30 54016 22', 'CPATH': '/home/mdas/ros_ws/devel/include:/opt/ros/indigo/include', 'LOGNAME': 'mdas', 'USER': 'mdas', 'PATH': '/opt/ros/indigo/bin:/usr/local/sbin:/usr/local/bin:/usr/sbin:/usr/bin:/sbin:/bin:/usr/games:/usr/local/games', 'HOME': '/home/mdas', 'CMAKE_PREFIX_PATH': '/home/mdas/ros_ws/devel:/opt/ros/indigo', 'ROS_LOG_FILENAME': '/home/mdas/.ros/log/b5a1aa18-c631-11e7-a156-f44d306c96a4/roslaunch-mdas-Meerkat-7404.log', 'LANG': 'en_US.UTF-8', 'TERM': 'xterm', 'SHELL': '/bin/bash', 'SHLVL': '1', 'QT_QPA_PLATFORMTHEME': 'appmenu-qt5', 'LD_LIBRARY_PATH': '/home/mdas/ros_ws/devel/lib:/opt/ros/indigo/lib', 'ROS_MASTER_URI': 'http://localhost:11311', 'XDG_RUNTIME_DIR': '/run/user/1000', 'PYTHONPATH': '/home/mdas/ros_ws/devel/lib/python2.7/dist-packages:/opt/ros/indigo/lib/python2.7/dist-packages', 'ROS_ROOT': '/opt/ros/indigo/share/ros', 'PKG_CONFIG_PATH': '/home/mdas/ros_ws/devel/lib/pkgconfig:/opt/ros/indigo/lib/pkgconfig', 'ROS_PACKAGE_PATH': '/home/mdas/ros_ws/src:/opt/ros/indigo/share:/opt/ros/indigo/stacks', 'ROS_WORKSPACE': '/home/mdas/ros_ws', 'XDG_SESSION_ID': '8', '_': '/opt/ros/indigo/bin/roslaunch', 'LS_COLORS': 'rs=0:di=01;34:ln=01;36:mh=00:pi=40;33:so=01;35:do=01;35:bd=40;33;01:cd=40;33;01:or=40;31;01:su=37;41:sg=30;43:ca=30;41:tw=30;42:ow=34;42:st=37;44:ex=01;32:*.tar=01;31:*.tgz=01;31:*.arj=01;31:*.taz=01;31:*.lzh=01;31:*.lzma=01;31:*.tlz=01;31:*.txz=01;31:*.zip=01;31:*.z=01;31:*.Z=01;31:*.dz=01;31:*.gz=01;31:*.lz=01;31:*.xz=01;31:*.bz2=01;31:*.bz=01;31:*.tbz=01;31:*.tbz2=01;31:*.tz=01;31:*.deb=01;31:*.rpm=01;31:*.jar=01;31:*.war=01;31:*.ear=01;31:*.sar=01;31:*.rar=01;31:*.ace=01;31:*.zoo=01;31:*.cpio=01;31:*.7z=01;31:*.rz=01;31:*.jpg=01;35:*.jpeg=01;35:*.gif=01;35:*.bmp=01;35:*.pbm=01;35:*.pgm=01;35:*.ppm=01;35:*.tga=01;35:*.xbm=01;35:*.xpm=01;35:*.tif=01;35:*.tiff=01;35:*.png=01;35:*.svg=01;35:*.svgz=01;35:*.mng=01;35:*.pcx=01;35:*.mov=01;35:*.mpg=01;35:*.mpeg=01;35:*.m2v=01;35:*.mkv=01;35:*.webm=01;35:*.ogm=01;35:*.mp4=01;35:*.m4v=01;35:*.mp4v=01;35:*.vob=01;35:*.qt=01;35:*.nuv=01;35:*.wmv=01;35:*.asf=01;35:*.rm=01;35:*.rmvb=01;35:*.flc=01;35:*.avi=01;35:*.fli=01;35:*.flv=01;35:*.gl=01;35:*.dl=01;35:*.xcf=01;35:*.xwd=01;35:*.yuv=01;35:*.cgm=01;35:*.emf=01;35:*.axv=01;35:*.anx=01;35:*.ogv=01;35:*.ogx=01;35:*.aac=00;36:*.au=00;36:*.flac=00;36:*.mid=00;36:*.midi=00;36:*.mka=00;36:*.mp3=00;36:*.mpc=00;36:*.ogg=00;36:*.ra=00;36:*.wav=00;36:*.axa=00;36:*.oga=00;36:*.spx=00;36:*.xspf=00;36:', 'LESSCLOSE': '/usr/bin/lesspipe %s %s', 'SSH_TTY': '/dev/pts/15', 'PWD': '/home/mdas', 'ROS_ETC_DIR': '/opt/ros/indigo/etc/ros', 'MAIL': '/var/mail/mdas', 'SSH_CONNECTION': '192.168.1.30 54016 192.168.1.113 22'}]
[roslaunch][INFO] 2017-11-10 11:10:46,432: process[novatel_node-4]: args[[u'/home/mdas/ros_ws/devel/lib/novatel/novatel_node', u'__name:=novatel_node']]
[roslaunch][INFO] 2017-11-10 11:10:46,433: ... created process [novatel_node-4]
[roslaunch.pmon][INFO] 2017-11-10 11:10:46,433: ProcessMonitor.register[novatel_node-4]
[roslaunch.pmon][INFO] 2017-11-10 11:10:46,433: ProcessMonitor.register[novatel_node-4] complete
[roslaunch][INFO] 2017-11-10 11:10:46,433: ... registered process [novatel_node-4]
[roslaunch][INFO] 2017-11-10 11:10:46,433: process[novatel_node-4]: starting os process
[roslaunch][INFO] 2017-11-10 11:10:46,433: process[novatel_node-4]: start w/ args [[u'/home/mdas/ros_ws/devel/lib/novatel/novatel_node', u'__name:=novatel_node', u'__log:=/home/mdas/.ros/log/b5a1aa18-c631-11e7-a156-f44d306c96a4/novatel_node-4.log']]
[roslaunch][INFO] 2017-11-10 11:10:46,433: process[novatel_node-4]: cwd will be [/home/mdas/.ros]
[roslaunch][INFO] 2017-11-10 11:10:46,435: process[novatel_node-4]: started with pid [7449]
[roslaunch][INFO] 2017-11-10 11:10:46,435: ... successfully launched [novatel_node-4]
[roslaunch][INFO] 2017-11-10 11:10:46,435: ... launch_nodes complete
[roslaunch.pmon][INFO] 2017-11-10 11:10:46,435: registrations completed <ProcessMonitor(ProcessMonitor-1, started daemon 140554332940032)>
[roslaunch.parent][INFO] 2017-11-10 11:10:46,435: ... roslaunch parent running, waiting for process exit
[roslaunch][INFO] 2017-11-10 11:10:46,435: spin
[roslaunch][ERROR] 2017-11-10 11:10:46,849: [usb_cam_1-3] process has died [pid 7447, exit code 1, cmd /home/mdas/ros_ws/devel/lib/usb_cam/usb_cam_node __name:=usb_cam_1 __log:=/home/mdas/.ros/log/b5a1aa18-c631-11e7-a156-f44d306c96a4/usb_cam_1-3.log].
log file: /home/mdas/.ros/log/b5a1aa18-c631-11e7-a156-f44d306c96a4/usb_cam_1-3*.log
[roslaunch.pmon][INFO] 2017-11-10 11:10:46,849: ProcessMonitor.unregister[usb_cam_1-3] starting
[roslaunch.pmon][INFO] 2017-11-10 11:10:46,850: ProcessMonitor.unregister[usb_cam_1-3] complete
[roslaunch.pmon][INFO] 2017-11-10 11:20:36,213: ProcessMonitor.shutdown <ProcessMonitor(ProcessMonitor-1, started daemon 140554332940032)>
[roslaunch.pmon][INFO] 2017-11-10 11:20:36,244: ProcessMonitor._post_run <ProcessMonitor(ProcessMonitor-1, started daemon 140554332940032)>
[roslaunch.pmon][INFO] 2017-11-10 11:20:36,245: ProcessMonitor._post_run <ProcessMonitor(ProcessMonitor-1, started daemon 140554332940032)>: remaining procs are [<roslaunch.nodeprocess.LocalProcess object at 0x7fd55bd7ac90>, <roslaunch.nodeprocess.LocalProcess object at 0x7fd55b3c10d0>, <roslaunch.nodeprocess.LocalProcess object at 0x7fd55b38fed0>, <roslaunch.nodeprocess.LocalProcess object at 0x7fd55b40f050>]
[roslaunch.pmon][INFO] 2017-11-10 11:20:36,247: ProcessMonitor exit: killing novatel_node-4
[roslaunch.pmon][INFO] 2017-11-10 11:20:36,247: ProcessMonitor exit: killing base_laser1-2
[roslaunch][INFO] 2017-11-10 11:20:36,249: [novatel_node-4] killing on exit
[roslaunch][INFO] 2017-11-10 11:20:36,251: [base_laser1-2] killing on exit
[roslaunch][INFO] 2017-11-10 11:20:36,252: process[novatel_node-4]: killing os process with pid[7449] pgid[7449]
[roslaunch][INFO] 2017-11-10 11:20:36,253: process[base_laser1-2]: killing os process with pid[7440] pgid[7440]
[roslaunch][INFO] 2017-11-10 11:20:36,254: [novatel_node-4] sending SIGINT to pgid [7449]
[roslaunch][INFO] 2017-11-10 11:20:36,255: [novatel_node-4] sent SIGINT to pgid [7449]
[roslaunch][INFO] 2017-11-10 11:20:36,256: [base_laser1-2] sending SIGINT to pgid [7440]
[roslaunch][INFO] 2017-11-10 11:20:36,257: [base_laser1-2] sent SIGINT to pgid [7440]
[roslaunch][INFO] 2017-11-10 11:20:36,959: process[base_laser1-2]: SIGINT killed with return value 0
[roslaunch][INFO] 2017-11-10 11:20:37,561: process[novatel_node-4]: SIGINT killed with return value 0
[roslaunch.pmon][INFO] 2017-11-10 11:20:37,562: ProcessMonitor exit: killing rosout-1
[roslaunch][INFO] 2017-11-10 11:20:37,563: [rosout-1] killing on exit
[roslaunch][INFO] 2017-11-10 11:20:37,563: process[rosout-1]: killing os process with pid[7429] pgid[7429]
[roslaunch][INFO] 2017-11-10 11:20:37,563: [rosout-1] sending SIGINT to pgid [7429]
[roslaunch][INFO] 2017-11-10 11:20:37,564: [rosout-1] sent SIGINT to pgid [7429]
[roslaunch][INFO] 2017-11-10 11:20:37,764: process[rosout-1]: SIGINT killed with return value 0
[roslaunch.pmon][INFO] 2017-11-10 11:20:37,764: ProcessMonitor exit: killing master
[roslaunch][INFO] 2017-11-10 11:20:37,765: [master] killing on exit
[roslaunch][INFO] 2017-11-10 11:20:37,765: process[master]: killing os process with pid[7416] pgid[7416]
[roslaunch][INFO] 2017-11-10 11:20:37,765: [master] sending SIGINT to pgid [7416]
[roslaunch][INFO] 2017-11-10 11:20:37,765: [master] sent SIGINT to pgid [7416]
[roslaunch][INFO] 2017-11-10 11:20:37,965: process[master]: SIGINT killed with return value 0
[roslaunch.pmon][INFO] 2017-11-10 11:20:37,966: ProcessMonitor exit: cleaning up data structures and signals
[roslaunch.pmon][INFO] 2017-11-10 11:20:37,966: ProcessMonitor exit: pmon has shutdown
[roslaunch][INFO] 2017-11-10 11:20:37,984: process monitor is done spinning, initiating full shutdown
[roslaunch][INFO] 2017-11-10 11:20:37,985: runner.stop()
[roslaunch][INFO] 2017-11-10 11:20:37,985: shutting down processing monitor...
[roslaunch][INFO] 2017-11-10 11:20:37,985: shutting down processing monitor <ProcessMonitor(ProcessMonitor-1, stopped daemon 140554332940032)>
[roslaunch.pmon][INFO] 2017-11-10 11:20:37,986: ProcessMonitor.shutdown <ProcessMonitor(ProcessMonitor-1, stopped daemon 140554332940032)>
[roslaunch][INFO] 2017-11-10 11:20:37,986: ... shutting down processing monitor complete
[roslaunch][INFO] 2017-11-10 11:20:37,986: done
[roslaunch.pmon][INFO] 2017-11-10 11:20:37,986: ProcessMonitor.shutdown <ProcessMonitor(ProcessMonitor-1, stopped daemon 140554332940032)>
[rospy.core][INFO] 2017-11-10 11:20:37,987: signal_shutdown [atexit]
