

1509806414.298732727  Node Startup
1509806414.331081516 INFO [/home/mdas/ros_ws/src/packages/novatel/src/novatel_node.cpp:55(handleInfoMessages) [topics: /rosout, /gps_odom, /gps_fix, /ephemeris, /range, /gps_fix_psr, /novatel_node/gps_fix_ecef] Serial port: /dev/ttyUSB0 opened successfully.

1509806415.331284180 INFO [/home/mdas/ros_ws/src/packages/novatel/src/novatel_node.cpp:55(handleInfoMessages) [topics: /rosout, /gps_odom, /gps_fix, /ephemeris, /range, /gps_fix_psr, /novatel_node/gps_fix_ecef] Searching for Novatel receiver...

1509806415.979460073 INFO [/home/mdas/ros_ws/src/packages/novatel/src/novatel_node.cpp:55(handleInfoMessages) [topics: /rosout, /gps_odom, /gps_fix, /ephemeris, /range, /gps_fix_psr, /novatel_node/gps_fix_ecef] Found Novatel receiver.
	Model: "WAASHPB"
	Serial Number: "SAS06209044"
	Hardware version: "LBg2-3.04-X2T"
	Software version: "2.312"

Receiver capabilities:
	L2: -
	Raw measurements: -
	RTK: -
	SPAN: -
	GLONASS: -

1509806415.980412729 INFO [/home/mdas/ros_ws/src/packages/novatel/src/novatel_node.cpp:491(run) [topics: /rosout, /gps_odom, /gps_fix, /ephemeris, /range, /gps_fix_psr, /novatel_node/gps_fix_ecef] Requesting default GPS messages: BESTUTMB, BESTVELB
1509806415.980548704 INFO [/home/mdas/ros_ws/src/packages/novatel/src/novatel_node.cpp:55(handleInfoMessages) [topics: /rosout, /gps_odom, /gps_fix, /ephemeris, /range, /gps_fix_psr, /novatel_node/gps_fix_ecef] Started read thread.
1509806415.980664564 INFO [/home/mdas/ros_ws/src/packages/novatel/src/novatel_node.cpp:55(handleInfoMessages) [topics: /rosout, /gps_odom, /gps_fix, /ephemeris, /range, /gps_fix_psr, /novatel_node/gps_fix_ecef] LOG BESTUTMB ONTIME 1.00

1509806416.717635381 INFO [/home/mdas/ros_ws/src/packages/novatel/src/novatel_node.cpp:55(handleInfoMessages) [topics: /rosout, /gps_odom, /gps_fix, /ephemeris, /range, /gps_fix_psr, /novatel_node/gps_fix_ecef] RECEIVED AN ACK.
1509806416.718139323 INFO [/home/mdas/ros_ws/src/packages/novatel/src/novatel_node.cpp:55(handleInfoMessages) [topics: /rosout, /gps_odom, /gps_fix, /ephemeris, /range, /gps_fix_psr, /novatel_node/gps_fix_ecef] Ack received for requested log: BESTUTMB ONTIME 1.00
1509806416.718394510 INFO [/home/mdas/ros_ws/src/packages/novatel/src/novatel_node.cpp:55(handleInfoMessages) [topics: /rosout, /gps_odom, /gps_fix, /ephemeris, /range, /gps_fix_psr, /novatel_node/gps_fix_ecef] LOG BESTVELB ONTIME 1.00

1509806417.454932117 INFO [/home/mdas/ros_ws/src/packages/novatel/src/novatel_node.cpp:55(handleInfoMessages) [topics: /rosout, /gps_odom, /gps_fix, /ephemeris, /range, /gps_fix_psr, /novatel_node/gps_fix_ecef] RECEIVED AN ACK.
1509806417.455154963 INFO [/home/mdas/ros_ws/src/packages/novatel/src/novatel_node.cpp:55(handleInfoMessages) [topics: /rosout, /gps_odom, /gps_fix, /ephemeris, /range, /gps_fix_psr, /novatel_node/gps_fix_ecef] Ack received for requested log: BESTVELB ONTIME 1.00
1509806417.455450858 INFO [/home/mdas/ros_ws/src/packages/novatel/src/novatel_node.cpp:55(handleInfoMessages) [topics: /rosout, /gps_odom, /gps_fix, /ephemeris, /range, /gps_fix_psr, /novatel_node/gps_fix_ecef] LOG PSRPOSB ONTIME 1.00

1509806418.186485907 INFO [/home/mdas/ros_ws/src/packages/novatel/src/novatel_node.cpp:55(handleInfoMessages) [topics: /rosout, /gps_odom, /gps_fix, /ephemeris, /range, /gps_fix_psr, /novatel_node/gps_fix_ecef] RECEIVED AN ACK.
1509806418.186600024 INFO [/home/mdas/ros_ws/src/packages/novatel/src/novatel_node.cpp:55(handleInfoMessages) [topics: /rosout, /gps_odom, /gps_fix, /ephemeris, /range, /gps_fix_psr, /novatel_node/gps_fix_ecef] Ack received for requested log: PSRPOSB ONTIME 1.00
