
	*** Attempting to initialize the Sick LMS...
	Attempting to open device @ /dev/sensor-sick_lidar
		Device opened!
	Attempting to start buffer monitor...
		Buffer monitor started!
	Attempting to set requested baud rate...
	Failed to set requested baud rate...
	Attempting to detect LMS baud rate...
		Checking 19200bps...
		Checking 38400bps...
		Checking 500Kbps...
		Detected LMS baud @ 500Kbps!
		Operating @ 500Kbps
	Attempting to sync driver...
		Driver synchronized!
	*** Init. complete: Sick LMS is online and ready!
	Sick Type: Sick LMS 291-S05
	Scan Angle: 180 (deg)
	Scan Resolution: 0.5 (deg)
	Measuring Mode: 8m/80m; 3 reflector bits
	Measuring Units: Centimeters (cm)

[0m[ INFO] [1509820360.092156812]: Setting variant to (0, 1.000000)[0m
[33m[ WARN] [1509820360.092391196]: Unable to set scan angle. Using 180 instead of 0.[0m
[33m[ WARN] [1509820360.092445321]: Unable to set resolution. Using 5.000000e-01 instead of 1.000000e+00.[0m
[0m[ INFO] [1509820360.092508478]: Measuring units setup not requested or identical to actual ('Centimeters (cm)')[0m
	Requesting partial scan data stream...
		Data stream started!

	*** Attempting to initialize the Sick LMS...
	Attempting to open device @ /dev/sensor-sick_lidar
		Device opened!
	Attempting to start buffer monitor...
		Buffer monitor started!
	Attempting to set requested baud rate...
	Failed to set requested baud rate...
	Attempting to detect LMS baud rate...
		Checking 19200bps...
		Checking 38400bps...
		Checking 500Kbps...
		Detected LMS baud @ 500Kbps!
		Operating @ 500Kbps
	Attempting to sync driver...
		Driver synchronized!
	*** Init. complete: Sick LMS is online and ready!
	Sick Type: Sick LMS 291-S05
	Scan Angle: 180 (deg)
	Scan Resolution: 0.5 (deg)
	Measuring Mode: 8m/80m; 3 reflector bits
	Measuring Units: Centimeters (cm)

[0m[ INFO] [1509820381.353831397]: Setting variant to (0, 1.000000)[0m
[33m[ WARN] [1509820381.354129932]: Unable to set scan angle. Using 180 instead of 0.[0m
[33m[ WARN] [1509820381.354216005]: Unable to set resolution. Using 5.000000e-01 instead of 1.000000e+00.[0m
[0m[ INFO] [1509820381.354286003]: Measuring units setup not requested or identical to actual ('Centimeters (cm)')[0m
	Requesting partial scan data stream...
		Data stream started!

	*** Attempting to uninitialize the Sick LMS...
	Attempting to stop buffer monitor...
		Buffer monitor stopped!
	*** Uninit. complete - Sick LMS is now offline!
