[roslaunch][INFO] 2017-11-04 14:28:16,665: Checking log directory for disk usage. This may take awhile.
Press Ctrl-C to interrupt
[roslaunch][INFO] 2017-11-04 14:28:16,667: Done checking log file disk usage. Usage is <1GB.
[roslaunch][INFO] 2017-11-04 14:28:16,667: roslaunch starting with args ['/opt/ros/indigo/bin/roslaunch', 'babs_nav', 'init_hw.launch']
[roslaunch][INFO] 2017-11-04 14:28:16,667: roslaunch env is {'ROS_DISTRO': 'indigo', 'LESSOPEN': '| /usr/bin/lesspipe %s', 'SSH_CLIENT': '192.168.1.101 44158 22', 'CPATH': '/home/mdas/ros_ws/devel/include:/opt/ros/indigo/include', 'LOGNAME': 'mdas', 'USER': 'mdas', 'PATH': '/opt/ros/indigo/bin:/usr/local/sbin:/usr/local/bin:/usr/sbin:/usr/bin:/sbin:/bin:/usr/games:/usr/local/games', 'HOME': '/home/mdas', 'CMAKE_PREFIX_PATH': '/home/mdas/ros_ws/devel:/opt/ros/indigo', 'LD_LIBRARY_PATH': '/home/mdas/ros_ws/devel/lib:/opt/ros/indigo/lib', 'LANG': 'en_US.UTF-8', 'TERM': 'xterm', 'SHELL': '/bin/bash', 'SHLVL': '1', 'QT_QPA_PLATFORMTHEME': 'appmenu-qt5', 'ROS_LOG_FILENAME': '/home/mdas/.ros/log/c7d78d4a-c18d-11e7-8b0b-f44d306c96a4/roslaunch-mdas-Meerkat-10266.log', 'ROS_ETC_DIR': '/opt/ros/indigo/etc/ros', 'XDG_RUNTIME_DIR': '/run/user/1000', 'PYTHONPATH': '/home/mdas/ros_ws/devel/lib/python2.7/dist-packages:/opt/ros/indigo/lib/python2.7/dist-packages', 'ROS_ROOT': '/opt/ros/indigo/share/ros', 'PKG_CONFIG_PATH': '/home/mdas/ros_ws/devel/lib/pkgconfig:/opt/ros/indigo/lib/pkgconfig', 'ROS_PACKAGE_PATH': '/home/mdas/ros_ws/src:/opt/ros/indigo/share:/opt/ros/indigo/stacks', 'ROS_WORKSPACE': '/home/mdas/ros_ws', 'XDG_SESSION_ID': '8', '_': '/opt/ros/indigo/bin/roslaunch', 'SSH_CONNECTION': '192.168.1.101 44158 192.168.1.113 22', 'LESSCLOSE': '/usr/bin/lesspipe %s %s', 'SSH_TTY': '/dev/pts/7', 'PWD': '/home/mdas', 'ROS_MASTER_URI': 'http://localhost:11311', 'MAIL': '/var/mail/mdas', 'LS_COLORS': 'rs=0:di=01;34:ln=01;36:mh=00:pi=40;33:so=01;35:do=01;35:bd=40;33;01:cd=40;33;01:or=40;31;01:su=37;41:sg=30;43:ca=30;41:tw=30;42:ow=34;42:st=37;44:ex=01;32:*.tar=01;31:*.tgz=01;31:*.arj=01;31:*.taz=01;31:*.lzh=01;31:*.lzma=01;31:*.tlz=01;31:*.txz=01;31:*.zip=01;31:*.z=01;31:*.Z=01;31:*.dz=01;31:*.gz=01;31:*.lz=01;31:*.xz=01;31:*.bz2=01;31:*.bz=01;31:*.tbz=01;31:*.tbz2=01;31:*.tz=01;31:*.deb=01;31:*.rpm=01;31:*.jar=01;31:*.war=01;31:*.ear=01;31:*.sar=01;31:*.rar=01;31:*.ace=01;31:*.zoo=01;31:*.cpio=01;31:*.7z=01;31:*.rz=01;31:*.jpg=01;35:*.jpeg=01;35:*.gif=01;35:*.bmp=01;35:*.pbm=01;35:*.pgm=01;35:*.ppm=01;35:*.tga=01;35:*.xbm=01;35:*.xpm=01;35:*.tif=01;35:*.tiff=01;35:*.png=01;35:*.svg=01;35:*.svgz=01;35:*.mng=01;35:*.pcx=01;35:*.mov=01;35:*.mpg=01;35:*.mpeg=01;35:*.m2v=01;35:*.mkv=01;35:*.webm=01;35:*.ogm=01;35:*.mp4=01;35:*.m4v=01;35:*.mp4v=01;35:*.vob=01;35:*.qt=01;35:*.nuv=01;35:*.wmv=01;35:*.asf=01;35:*.rm=01;35:*.rmvb=01;35:*.flc=01;35:*.avi=01;35:*.fli=01;35:*.flv=01;35:*.gl=01;35:*.dl=01;35:*.xcf=01;35:*.xwd=01;35:*.yuv=01;35:*.cgm=01;35:*.emf=01;35:*.axv=01;35:*.anx=01;35:*.ogv=01;35:*.ogx=01;35:*.aac=00;36:*.au=00;36:*.flac=00;36:*.mid=00;36:*.midi=00;36:*.mka=00;36:*.mp3=00;36:*.mpc=00;36:*.ogg=00;36:*.ra=00;36:*.wav=00;36:*.axa=00;36:*.oga=00;36:*.spx=00;36:*.xspf=00;36:'}
[roslaunch][INFO] 2017-11-04 14:28:16,667: starting in server mode
[roslaunch.parent][INFO] 2017-11-04 14:28:16,667: starting roslaunch parent run
[roslaunch][INFO] 2017-11-04 14:28:16,667: loading roscore config file /opt/ros/indigo/etc/ros/roscore.xml
[roslaunch][INFO] 2017-11-04 14:28:16,728: Added core node of type [rosout/rosout] in namespace [/]
[roslaunch.config][INFO] 2017-11-04 14:28:16,729: loading config file /home/mdas/ros_ws/src/packages/high_level_control/sentry/babs_nav/launch/init_hw.launch
[roslaunch][INFO] 2017-11-04 14:28:17,101: Added node of type [tf/static_transform_publisher] in namespace [/]
[roslaunch][INFO] 2017-11-04 14:28:17,101: Added node of type [robot_state_publisher/robot_state_publisher] in namespace [/]
[roslaunch][INFO] 2017-11-04 14:28:17,102: Added node of type [mapping_and_control/pub_des_state_startup] in namespace [/]
[roslaunch][INFO] 2017-11-04 14:28:17,102: Added node of type [odom_tf/odom_tf] in namespace [/]
[roslaunch][INFO] 2017-11-04 14:28:17,102: Added node of type [gmapping/slam_gmapping] in namespace [/]
[roslaunch][INFO] 2017-11-04 14:28:17,117: Added node of type [move_base/move_base] in namespace [/]
[roslaunch][INFO] 2017-11-04 14:28:17,118: Added node of type [babs_nav/navigation_goals] in namespace [/]
[roslaunch][INFO] 2017-11-04 14:28:17,118: ... selected machine [] for node of type [tf/static_transform_publisher]
[roslaunch][INFO] 2017-11-04 14:28:17,118: ... selected machine [] for node of type [robot_state_publisher/robot_state_publisher]
[roslaunch][INFO] 2017-11-04 14:28:17,118: ... selected machine [] for node of type [mapping_and_control/pub_des_state_startup]
[roslaunch][INFO] 2017-11-04 14:28:17,118: ... selected machine [] for node of type [odom_tf/odom_tf]
[roslaunch][INFO] 2017-11-04 14:28:17,118: ... selected machine [] for node of type [gmapping/slam_gmapping]
[roslaunch][INFO] 2017-11-04 14:28:17,118: ... selected machine [] for node of type [move_base/move_base]
[roslaunch][INFO] 2017-11-04 14:28:17,118: ... selected machine [] for node of type [babs_nav/navigation_goals]
[roslaunch.pmon][INFO] 2017-11-04 14:28:17,118: start_process_monitor: creating ProcessMonitor
[roslaunch.pmon][INFO] 2017-11-04 14:28:17,119: created process monitor <ProcessMonitor(ProcessMonitor-1, initial daemon)>
[roslaunch.pmon][INFO] 2017-11-04 14:28:17,119: start_process_monitor: ProcessMonitor started
[roslaunch.parent][INFO] 2017-11-04 14:28:17,119: starting parent XML-RPC server
[roslaunch.server][INFO] 2017-11-04 14:28:17,119: starting roslaunch XML-RPC server
[roslaunch.server][INFO] 2017-11-04 14:28:17,119: waiting for roslaunch XML-RPC server to initialize
[xmlrpc][INFO] 2017-11-04 14:28:17,119: XML-RPC server binding to 0.0.0.0:0
[xmlrpc][INFO] 2017-11-04 14:28:17,119: Started XML-RPC server [http://mdas-Meerkat:45371/]
[xmlrpc][INFO] 2017-11-04 14:28:17,119: xml rpc node: starting XML-RPC server
[roslaunch][INFO] 2017-11-04 14:28:17,130: started roslaunch server http://mdas-Meerkat:45371/
[roslaunch.parent][INFO] 2017-11-04 14:28:17,130: ... parent XML-RPC server started
[roslaunch][INFO] 2017-11-04 14:28:17,131: master.is_running[http://localhost:11311]
[roslaunch][INFO] 2017-11-04 14:28:17,132: master.is_running[http://localhost:11311]
[roslaunch][INFO] 2017-11-04 14:28:17,132: ROS_MASTER_URI=http://localhost:11311
[roslaunch][INFO] 2017-11-04 14:28:17,133: setting /roslaunch/uris/host_mdas_meerkat__45371' to http://mdas-Meerkat:45371/
[roslaunch][INFO] 2017-11-04 14:28:17,135: load_parameters starting ...
[roslaunch][INFO] 2017-11-04 14:28:17,150: ... load_parameters complete
[roslaunch][INFO] 2017-11-04 14:28:17,150: launch_nodes: launching local nodes ...
[roslaunch][INFO] 2017-11-04 14:28:17,150: ... preparing to launch node of type [tf/static_transform_publisher]
[roslaunch][INFO] 2017-11-04 14:28:17,150: create_node_process: package[tf] type[static_transform_publisher] machine[Machine(name[] env_loader[None] address[localhost] ssh_port[22] user[None] assignable[True] timeout[10.0])] master_uri[http://localhost:11311]
[roslaunch][INFO] 2017-11-04 14:28:17,150: process[base_laser1_broadcaster-1]: env[{'ROS_DISTRO': 'indigo', 'LESSOPEN': '| /usr/bin/lesspipe %s', 'SSH_CLIENT': '192.168.1.101 44158 22', 'CPATH': '/home/mdas/ros_ws/devel/include:/opt/ros/indigo/include', 'LOGNAME': 'mdas', 'USER': 'mdas', 'PATH': '/opt/ros/indigo/bin:/usr/local/sbin:/usr/local/bin:/usr/sbin:/usr/bin:/sbin:/bin:/usr/games:/usr/local/games', 'HOME': '/home/mdas', 'CMAKE_PREFIX_PATH': '/home/mdas/ros_ws/devel:/opt/ros/indigo', 'ROS_LOG_FILENAME': '/home/mdas/.ros/log/c7d78d4a-c18d-11e7-8b0b-f44d306c96a4/roslaunch-mdas-Meerkat-10266.log', 'LANG': 'en_US.UTF-8', 'TERM': 'xterm', 'SHELL': '/bin/bash', 'SHLVL': '1', 'QT_QPA_PLATFORMTHEME': 'appmenu-qt5', 'LD_LIBRARY_PATH': '/home/mdas/ros_ws/devel/lib:/opt/ros/indigo/lib', 'ROS_MASTER_URI': 'http://localhost:11311', 'XDG_RUNTIME_DIR': '/run/user/1000', 'PYTHONPATH': '/home/mdas/ros_ws/devel/lib/python2.7/dist-packages:/opt/ros/indigo/lib/python2.7/dist-packages', 'ROS_ROOT': '/opt/ros/indigo/share/ros', 'PKG_CONFIG_PATH': '/home/mdas/ros_ws/devel/lib/pkgconfig:/opt/ros/indigo/lib/pkgconfig', 'ROS_PACKAGE_PATH': '/home/mdas/ros_ws/src:/opt/ros/indigo/share:/opt/ros/indigo/stacks', 'ROS_WORKSPACE': '/home/mdas/ros_ws', 'XDG_SESSION_ID': '8', '_': '/opt/ros/indigo/bin/roslaunch', 'LS_COLORS': 'rs=0:di=01;34:ln=01;36:mh=00:pi=40;33:so=01;35:do=01;35:bd=40;33;01:cd=40;33;01:or=40;31;01:su=37;41:sg=30;43:ca=30;41:tw=30;42:ow=34;42:st=37;44:ex=01;32:*.tar=01;31:*.tgz=01;31:*.arj=01;31:*.taz=01;31:*.lzh=01;31:*.lzma=01;31:*.tlz=01;31:*.txz=01;31:*.zip=01;31:*.z=01;31:*.Z=01;31:*.dz=01;31:*.gz=01;31:*.lz=01;31:*.xz=01;31:*.bz2=01;31:*.bz=01;31:*.tbz=01;31:*.tbz2=01;31:*.tz=01;31:*.deb=01;31:*.rpm=01;31:*.jar=01;31:*.war=01;31:*.ear=01;31:*.sar=01;31:*.rar=01;31:*.ace=01;31:*.zoo=01;31:*.cpio=01;31:*.7z=01;31:*.rz=01;31:*.jpg=01;35:*.jpeg=01;35:*.gif=01;35:*.bmp=01;35:*.pbm=01;35:*.pgm=01;35:*.ppm=01;35:*.tga=01;35:*.xbm=01;35:*.xpm=01;35:*.tif=01;35:*.tiff=01;35:*.png=01;35:*.svg=01;35:*.svgz=01;35:*.mng=01;35:*.pcx=01;35:*.mov=01;35:*.mpg=01;35:*.mpeg=01;35:*.m2v=01;35:*.mkv=01;35:*.webm=01;35:*.ogm=01;35:*.mp4=01;35:*.m4v=01;35:*.mp4v=01;35:*.vob=01;35:*.qt=01;35:*.nuv=01;35:*.wmv=01;35:*.asf=01;35:*.rm=01;35:*.rmvb=01;35:*.flc=01;35:*.avi=01;35:*.fli=01;35:*.flv=01;35:*.gl=01;35:*.dl=01;35:*.xcf=01;35:*.xwd=01;35:*.yuv=01;35:*.cgm=01;35:*.emf=01;35:*.axv=01;35:*.anx=01;35:*.ogv=01;35:*.ogx=01;35:*.aac=00;36:*.au=00;36:*.flac=00;36:*.mid=00;36:*.midi=00;36:*.mka=00;36:*.mp3=00;36:*.mpc=00;36:*.ogg=00;36:*.ra=00;36:*.wav=00;36:*.axa=00;36:*.oga=00;36:*.spx=00;36:*.xspf=00;36:', 'LESSCLOSE': '/usr/bin/lesspipe %s %s', 'SSH_TTY': '/dev/pts/7', 'PWD': '/home/mdas', 'ROS_ETC_DIR': '/opt/ros/indigo/etc/ros', 'MAIL': '/var/mail/mdas', 'SSH_CONNECTION': '192.168.1.101 44158 192.168.1.113 22'}]
[roslaunch][INFO] 2017-11-04 14:28:17,200: process[base_laser1_broadcaster-1]: args[[u'/opt/ros/indigo/lib/tf/static_transform_publisher', '0.61', '0', '0.396', '0', '0', '0', 'base_link', 'base_laser1_link', '100', u'__name:=base_laser1_broadcaster']]
[roslaunch][INFO] 2017-11-04 14:28:17,201: ... created process [base_laser1_broadcaster-1]
[roslaunch.pmon][INFO] 2017-11-04 14:28:17,201: ProcessMonitor.register[base_laser1_broadcaster-1]
[roslaunch.pmon][INFO] 2017-11-04 14:28:17,201: ProcessMonitor.register[base_laser1_broadcaster-1] complete
[roslaunch][INFO] 2017-11-04 14:28:17,201: ... registered process [base_laser1_broadcaster-1]
[roslaunch][INFO] 2017-11-04 14:28:17,201: process[base_laser1_broadcaster-1]: starting os process
[roslaunch][INFO] 2017-11-04 14:28:17,201: process[base_laser1_broadcaster-1]: start w/ args [[u'/opt/ros/indigo/lib/tf/static_transform_publisher', '0.61', '0', '0.396', '0', '0', '0', 'base_link', 'base_laser1_link', '100', u'__name:=base_laser1_broadcaster', u'__log:=/home/mdas/.ros/log/c7d78d4a-c18d-11e7-8b0b-f44d306c96a4/base_laser1_broadcaster-1.log']]
[roslaunch][INFO] 2017-11-04 14:28:17,201: process[base_laser1_broadcaster-1]: cwd will be [/home/mdas/.ros]
[roslaunch][INFO] 2017-11-04 14:28:17,203: process[base_laser1_broadcaster-1]: started with pid [10287]
[roslaunch][INFO] 2017-11-04 14:28:17,203: ... successfully launched [base_laser1_broadcaster-1]
[roslaunch][INFO] 2017-11-04 14:28:17,203: ... preparing to launch node of type [robot_state_publisher/robot_state_publisher]
[roslaunch][INFO] 2017-11-04 14:28:17,203: create_node_process: package[robot_state_publisher] type[robot_state_publisher] machine[Machine(name[] env_loader[None] address[localhost] ssh_port[22] user[None] assignable[True] timeout[10.0])] master_uri[http://localhost:11311]
[roslaunch][INFO] 2017-11-04 14:28:17,203: process[robot_state_publisher-2]: env[{'ROS_DISTRO': 'indigo', 'LESSOPEN': '| /usr/bin/lesspipe %s', 'SSH_CLIENT': '192.168.1.101 44158 22', 'CPATH': '/home/mdas/ros_ws/devel/include:/opt/ros/indigo/include', 'LOGNAME': 'mdas', 'USER': 'mdas', 'PATH': '/opt/ros/indigo/bin:/usr/local/sbin:/usr/local/bin:/usr/sbin:/usr/bin:/sbin:/bin:/usr/games:/usr/local/games', 'HOME': '/home/mdas', 'CMAKE_PREFIX_PATH': '/home/mdas/ros_ws/devel:/opt/ros/indigo', 'ROS_LOG_FILENAME': '/home/mdas/.ros/log/c7d78d4a-c18d-11e7-8b0b-f44d306c96a4/roslaunch-mdas-Meerkat-10266.log', 'LANG': 'en_US.UTF-8', 'TERM': 'xterm', 'SHELL': '/bin/bash', 'SHLVL': '1', 'QT_QPA_PLATFORMTHEME': 'appmenu-qt5', 'LD_LIBRARY_PATH': '/home/mdas/ros_ws/devel/lib:/opt/ros/indigo/lib', 'ROS_MASTER_URI': 'http://localhost:11311', 'XDG_RUNTIME_DIR': '/run/user/1000', 'PYTHONPATH': '/home/mdas/ros_ws/devel/lib/python2.7/dist-packages:/opt/ros/indigo/lib/python2.7/dist-packages', 'ROS_ROOT': '/opt/ros/indigo/share/ros', 'PKG_CONFIG_PATH': '/home/mdas/ros_ws/devel/lib/pkgconfig:/opt/ros/indigo/lib/pkgconfig', 'ROS_PACKAGE_PATH': '/home/mdas/ros_ws/src:/opt/ros/indigo/share:/opt/ros/indigo/stacks', 'ROS_WORKSPACE': '/home/mdas/ros_ws', 'XDG_SESSION_ID': '8', '_': '/opt/ros/indigo/bin/roslaunch', 'LS_COLORS': 'rs=0:di=01;34:ln=01;36:mh=00:pi=40;33:so=01;35:do=01;35:bd=40;33;01:cd=40;33;01:or=40;31;01:su=37;41:sg=30;43:ca=30;41:tw=30;42:ow=34;42:st=37;44:ex=01;32:*.tar=01;31:*.tgz=01;31:*.arj=01;31:*.taz=01;31:*.lzh=01;31:*.lzma=01;31:*.tlz=01;31:*.txz=01;31:*.zip=01;31:*.z=01;31:*.Z=01;31:*.dz=01;31:*.gz=01;31:*.lz=01;31:*.xz=01;31:*.bz2=01;31:*.bz=01;31:*.tbz=01;31:*.tbz2=01;31:*.tz=01;31:*.deb=01;31:*.rpm=01;31:*.jar=01;31:*.war=01;31:*.ear=01;31:*.sar=01;31:*.rar=01;31:*.ace=01;31:*.zoo=01;31:*.cpio=01;31:*.7z=01;31:*.rz=01;31:*.jpg=01;35:*.jpeg=01;35:*.gif=01;35:*.bmp=01;35:*.pbm=01;35:*.pgm=01;35:*.ppm=01;35:*.tga=01;35:*.xbm=01;35:*.xpm=01;35:*.tif=01;35:*.tiff=01;35:*.png=01;35:*.svg=01;35:*.svgz=01;35:*.mng=01;35:*.pcx=01;35:*.mov=01;35:*.mpg=01;35:*.mpeg=01;35:*.m2v=01;35:*.mkv=01;35:*.webm=01;35:*.ogm=01;35:*.mp4=01;35:*.m4v=01;35:*.mp4v=01;35:*.vob=01;35:*.qt=01;35:*.nuv=01;35:*.wmv=01;35:*.asf=01;35:*.rm=01;35:*.rmvb=01;35:*.flc=01;35:*.avi=01;35:*.fli=01;35:*.flv=01;35:*.gl=01;35:*.dl=01;35:*.xcf=01;35:*.xwd=01;35:*.yuv=01;35:*.cgm=01;35:*.emf=01;35:*.axv=01;35:*.anx=01;35:*.ogv=01;35:*.ogx=01;35:*.aac=00;36:*.au=00;36:*.flac=00;36:*.mid=00;36:*.midi=00;36:*.mka=00;36:*.mp3=00;36:*.mpc=00;36:*.ogg=00;36:*.ra=00;36:*.wav=00;36:*.axa=00;36:*.oga=00;36:*.spx=00;36:*.xspf=00;36:', 'LESSCLOSE': '/usr/bin/lesspipe %s %s', 'SSH_TTY': '/dev/pts/7', 'PWD': '/home/mdas', 'ROS_ETC_DIR': '/opt/ros/indigo/etc/ros', 'MAIL': '/var/mail/mdas', 'SSH_CONNECTION': '192.168.1.101 44158 192.168.1.113 22'}]
[roslaunch][INFO] 2017-11-04 14:28:17,204: process[robot_state_publisher-2]: args[[u'/opt/ros/indigo/lib/robot_state_publisher/robot_state_publisher', u'__name:=robot_state_publisher']]
[roslaunch][INFO] 2017-11-04 14:28:17,204: ... created process [robot_state_publisher-2]
[roslaunch.pmon][INFO] 2017-11-04 14:28:17,204: ProcessMonitor.register[robot_state_publisher-2]
[roslaunch.pmon][INFO] 2017-11-04 14:28:17,204: ProcessMonitor.register[robot_state_publisher-2] complete
[roslaunch][INFO] 2017-11-04 14:28:17,204: ... registered process [robot_state_publisher-2]
[roslaunch][INFO] 2017-11-04 14:28:17,204: process[robot_state_publisher-2]: starting os process
[roslaunch][INFO] 2017-11-04 14:28:17,205: process[robot_state_publisher-2]: start w/ args [[u'/opt/ros/indigo/lib/robot_state_publisher/robot_state_publisher', u'__name:=robot_state_publisher', u'__log:=/home/mdas/.ros/log/c7d78d4a-c18d-11e7-8b0b-f44d306c96a4/robot_state_publisher-2.log']]
[roslaunch][INFO] 2017-11-04 14:28:17,205: process[robot_state_publisher-2]: cwd will be [/home/mdas/.ros]
[roslaunch][INFO] 2017-11-04 14:28:17,206: process[robot_state_publisher-2]: started with pid [10288]
[roslaunch][INFO] 2017-11-04 14:28:17,207: ... successfully launched [robot_state_publisher-2]
[roslaunch][INFO] 2017-11-04 14:28:17,207: ... preparing to launch node of type [mapping_and_control/pub_des_state_startup]
[roslaunch][INFO] 2017-11-04 14:28:17,207: create_node_process: package[mapping_and_control] type[pub_des_state_startup] machine[Machine(name[] env_loader[None] address[localhost] ssh_port[22] user[None] assignable[True] timeout[10.0])] master_uri[http://localhost:11311]
[roslaunch][INFO] 2017-11-04 14:28:17,207: process[pub_des_state_startup-3]: env[{'ROS_DISTRO': 'indigo', 'LESSOPEN': '| /usr/bin/lesspipe %s', 'SSH_CLIENT': '192.168.1.101 44158 22', 'CPATH': '/home/mdas/ros_ws/devel/include:/opt/ros/indigo/include', 'LOGNAME': 'mdas', 'USER': 'mdas', 'PATH': '/opt/ros/indigo/bin:/usr/local/sbin:/usr/local/bin:/usr/sbin:/usr/bin:/sbin:/bin:/usr/games:/usr/local/games', 'HOME': '/home/mdas', 'CMAKE_PREFIX_PATH': '/home/mdas/ros_ws/devel:/opt/ros/indigo', 'ROS_LOG_FILENAME': '/home/mdas/.ros/log/c7d78d4a-c18d-11e7-8b0b-f44d306c96a4/roslaunch-mdas-Meerkat-10266.log', 'LANG': 'en_US.UTF-8', 'TERM': 'xterm', 'SHELL': '/bin/bash', 'SHLVL': '1', 'QT_QPA_PLATFORMTHEME': 'appmenu-qt5', 'LD_LIBRARY_PATH': '/home/mdas/ros_ws/devel/lib:/opt/ros/indigo/lib', 'ROS_MASTER_URI': 'http://localhost:11311', 'XDG_RUNTIME_DIR': '/run/user/1000', 'PYTHONPATH': '/home/mdas/ros_ws/devel/lib/python2.7/dist-packages:/opt/ros/indigo/lib/python2.7/dist-packages', 'ROS_ROOT': '/opt/ros/indigo/share/ros', 'PKG_CONFIG_PATH': '/home/mdas/ros_ws/devel/lib/pkgconfig:/opt/ros/indigo/lib/pkgconfig', 'ROS_PACKAGE_PATH': '/home/mdas/ros_ws/src:/opt/ros/indigo/share:/opt/ros/indigo/stacks', 'ROS_WORKSPACE': '/home/mdas/ros_ws', 'XDG_SESSION_ID': '8', '_': '/opt/ros/indigo/bin/roslaunch', 'LS_COLORS': 'rs=0:di=01;34:ln=01;36:mh=00:pi=40;33:so=01;35:do=01;35:bd=40;33;01:cd=40;33;01:or=40;31;01:su=37;41:sg=30;43:ca=30;41:tw=30;42:ow=34;42:st=37;44:ex=01;32:*.tar=01;31:*.tgz=01;31:*.arj=01;31:*.taz=01;31:*.lzh=01;31:*.lzma=01;31:*.tlz=01;31:*.txz=01;31:*.zip=01;31:*.z=01;31:*.Z=01;31:*.dz=01;31:*.gz=01;31:*.lz=01;31:*.xz=01;31:*.bz2=01;31:*.bz=01;31:*.tbz=01;31:*.tbz2=01;31:*.tz=01;31:*.deb=01;31:*.rpm=01;31:*.jar=01;31:*.war=01;31:*.ear=01;31:*.sar=01;31:*.rar=01;31:*.ace=01;31:*.zoo=01;31:*.cpio=01;31:*.7z=01;31:*.rz=01;31:*.jpg=01;35:*.jpeg=01;35:*.gif=01;35:*.bmp=01;35:*.pbm=01;35:*.pgm=01;35:*.ppm=01;35:*.tga=01;35:*.xbm=01;35:*.xpm=01;35:*.tif=01;35:*.tiff=01;35:*.png=01;35:*.svg=01;35:*.svgz=01;35:*.mng=01;35:*.pcx=01;35:*.mov=01;35:*.mpg=01;35:*.mpeg=01;35:*.m2v=01;35:*.mkv=01;35:*.webm=01;35:*.ogm=01;35:*.mp4=01;35:*.m4v=01;35:*.mp4v=01;35:*.vob=01;35:*.qt=01;35:*.nuv=01;35:*.wmv=01;35:*.asf=01;35:*.rm=01;35:*.rmvb=01;35:*.flc=01;35:*.avi=01;35:*.fli=01;35:*.flv=01;35:*.gl=01;35:*.dl=01;35:*.xcf=01;35:*.xwd=01;35:*.yuv=01;35:*.cgm=01;35:*.emf=01;35:*.axv=01;35:*.anx=01;35:*.ogv=01;35:*.ogx=01;35:*.aac=00;36:*.au=00;36:*.flac=00;36:*.mid=00;36:*.midi=00;36:*.mka=00;36:*.mp3=00;36:*.mpc=00;36:*.ogg=00;36:*.ra=00;36:*.wav=00;36:*.axa=00;36:*.oga=00;36:*.spx=00;36:*.xspf=00;36:', 'LESSCLOSE': '/usr/bin/lesspipe %s %s', 'SSH_TTY': '/dev/pts/7', 'PWD': '/home/mdas', 'ROS_ETC_DIR': '/opt/ros/indigo/etc/ros', 'MAIL': '/var/mail/mdas', 'SSH_CONNECTION': '192.168.1.101 44158 192.168.1.113 22'}]
[roslaunch][INFO] 2017-11-04 14:28:17,208: process[pub_des_state_startup-3]: args[[u'/home/mdas/ros_ws/devel/lib/mapping_and_control/pub_des_state_startup', u'__name:=pub_des_state_startup']]
[roslaunch][INFO] 2017-11-04 14:28:17,208: ... created process [pub_des_state_startup-3]
[roslaunch.pmon][INFO] 2017-11-04 14:28:17,209: ProcessMonitor.register[pub_des_state_startup-3]
[roslaunch.pmon][INFO] 2017-11-04 14:28:17,209: ProcessMonitor.register[pub_des_state_startup-3] complete
[roslaunch][INFO] 2017-11-04 14:28:17,209: ... registered process [pub_des_state_startup-3]
[roslaunch][INFO] 2017-11-04 14:28:17,209: process[pub_des_state_startup-3]: starting os process
[roslaunch][INFO] 2017-11-04 14:28:17,209: process[pub_des_state_startup-3]: start w/ args [[u'/home/mdas/ros_ws/devel/lib/mapping_and_control/pub_des_state_startup', u'__name:=pub_des_state_startup', u'__log:=/home/mdas/.ros/log/c7d78d4a-c18d-11e7-8b0b-f44d306c96a4/pub_des_state_startup-3.log']]
[roslaunch][INFO] 2017-11-04 14:28:17,209: process[pub_des_state_startup-3]: cwd will be [/home/mdas/.ros]
[roslaunch][INFO] 2017-11-04 14:28:17,211: process[pub_des_state_startup-3]: started with pid [10289]
[roslaunch][INFO] 2017-11-04 14:28:17,211: ... successfully launched [pub_des_state_startup-3]
[roslaunch][INFO] 2017-11-04 14:28:17,211: ... preparing to launch node of type [odom_tf/odom_tf]
[roslaunch][INFO] 2017-11-04 14:28:17,211: create_node_process: package[odom_tf] type[odom_tf] machine[Machine(name[] env_loader[None] address[localhost] ssh_port[22] user[None] assignable[True] timeout[10.0])] master_uri[http://localhost:11311]
[roslaunch][INFO] 2017-11-04 14:28:17,212: process[odom_tf-4]: env[{'ROS_DISTRO': 'indigo', 'LESSOPEN': '| /usr/bin/lesspipe %s', 'SSH_CLIENT': '192.168.1.101 44158 22', 'CPATH': '/home/mdas/ros_ws/devel/include:/opt/ros/indigo/include', 'LOGNAME': 'mdas', 'USER': 'mdas', 'PATH': '/opt/ros/indigo/bin:/usr/local/sbin:/usr/local/bin:/usr/sbin:/usr/bin:/sbin:/bin:/usr/games:/usr/local/games', 'HOME': '/home/mdas', 'CMAKE_PREFIX_PATH': '/home/mdas/ros_ws/devel:/opt/ros/indigo', 'ROS_LOG_FILENAME': '/home/mdas/.ros/log/c7d78d4a-c18d-11e7-8b0b-f44d306c96a4/roslaunch-mdas-Meerkat-10266.log', 'LANG': 'en_US.UTF-8', 'TERM': 'xterm', 'SHELL': '/bin/bash', 'SHLVL': '1', 'QT_QPA_PLATFORMTHEME': 'appmenu-qt5', 'LD_LIBRARY_PATH': '/home/mdas/ros_ws/devel/lib:/opt/ros/indigo/lib', 'ROS_MASTER_URI': 'http://localhost:11311', 'XDG_RUNTIME_DIR': '/run/user/1000', 'PYTHONPATH': '/home/mdas/ros_ws/devel/lib/python2.7/dist-packages:/opt/ros/indigo/lib/python2.7/dist-packages', 'ROS_ROOT': '/opt/ros/indigo/share/ros', 'PKG_CONFIG_PATH': '/home/mdas/ros_ws/devel/lib/pkgconfig:/opt/ros/indigo/lib/pkgconfig', 'ROS_PACKAGE_PATH': '/home/mdas/ros_ws/src:/opt/ros/indigo/share:/opt/ros/indigo/stacks', 'ROS_WORKSPACE': '/home/mdas/ros_ws', 'XDG_SESSION_ID': '8', '_': '/opt/ros/indigo/bin/roslaunch', 'LS_COLORS': 'rs=0:di=01;34:ln=01;36:mh=00:pi=40;33:so=01;35:do=01;35:bd=40;33;01:cd=40;33;01:or=40;31;01:su=37;41:sg=30;43:ca=30;41:tw=30;42:ow=34;42:st=37;44:ex=01;32:*.tar=01;31:*.tgz=01;31:*.arj=01;31:*.taz=01;31:*.lzh=01;31:*.lzma=01;31:*.tlz=01;31:*.txz=01;31:*.zip=01;31:*.z=01;31:*.Z=01;31:*.dz=01;31:*.gz=01;31:*.lz=01;31:*.xz=01;31:*.bz2=01;31:*.bz=01;31:*.tbz=01;31:*.tbz2=01;31:*.tz=01;31:*.deb=01;31:*.rpm=01;31:*.jar=01;31:*.war=01;31:*.ear=01;31:*.sar=01;31:*.rar=01;31:*.ace=01;31:*.zoo=01;31:*.cpio=01;31:*.7z=01;31:*.rz=01;31:*.jpg=01;35:*.jpeg=01;35:*.gif=01;35:*.bmp=01;35:*.pbm=01;35:*.pgm=01;35:*.ppm=01;35:*.tga=01;35:*.xbm=01;35:*.xpm=01;35:*.tif=01;35:*.tiff=01;35:*.png=01;35:*.svg=01;35:*.svgz=01;35:*.mng=01;35:*.pcx=01;35:*.mov=01;35:*.mpg=01;35:*.mpeg=01;35:*.m2v=01;35:*.mkv=01;35:*.webm=01;35:*.ogm=01;35:*.mp4=01;35:*.m4v=01;35:*.mp4v=01;35:*.vob=01;35:*.qt=01;35:*.nuv=01;35:*.wmv=01;35:*.asf=01;35:*.rm=01;35:*.rmvb=01;35:*.flc=01;35:*.avi=01;35:*.fli=01;35:*.flv=01;35:*.gl=01;35:*.dl=01;35:*.xcf=01;35:*.xwd=01;35:*.yuv=01;35:*.cgm=01;35:*.emf=01;35:*.axv=01;35:*.anx=01;35:*.ogv=01;35:*.ogx=01;35:*.aac=00;36:*.au=00;36:*.flac=00;36:*.mid=00;36:*.midi=00;36:*.mka=00;36:*.mp3=00;36:*.mpc=00;36:*.ogg=00;36:*.ra=00;36:*.wav=00;36:*.axa=00;36:*.oga=00;36:*.spx=00;36:*.xspf=00;36:', 'LESSCLOSE': '/usr/bin/lesspipe %s %s', 'SSH_TTY': '/dev/pts/7', 'PWD': '/home/mdas', 'ROS_ETC_DIR': '/opt/ros/indigo/etc/ros', 'MAIL': '/var/mail/mdas', 'SSH_CONNECTION': '192.168.1.101 44158 192.168.1.113 22'}]
[roslaunch][INFO] 2017-11-04 14:28:17,212: process[odom_tf-4]: args[[u'/home/mdas/ros_ws/devel/lib/odom_tf/odom_tf', u'__name:=odom_tf']]
[roslaunch][INFO] 2017-11-04 14:28:17,212: ... created process [odom_tf-4]
[roslaunch.pmon][INFO] 2017-11-04 14:28:17,212: ProcessMonitor.register[odom_tf-4]
[roslaunch.pmon][INFO] 2017-11-04 14:28:17,212: ProcessMonitor.register[odom_tf-4] complete
[roslaunch][INFO] 2017-11-04 14:28:17,212: ... registered process [odom_tf-4]
[roslaunch][INFO] 2017-11-04 14:28:17,212: process[odom_tf-4]: starting os process
[roslaunch][INFO] 2017-11-04 14:28:17,212: process[odom_tf-4]: start w/ args [[u'/home/mdas/ros_ws/devel/lib/odom_tf/odom_tf', u'__name:=odom_tf', u'__log:=/home/mdas/.ros/log/c7d78d4a-c18d-11e7-8b0b-f44d306c96a4/odom_tf-4.log']]
[roslaunch][INFO] 2017-11-04 14:28:17,212: process[odom_tf-4]: cwd will be [/home/mdas/.ros]
[roslaunch][INFO] 2017-11-04 14:28:17,215: process[odom_tf-4]: started with pid [10295]
[roslaunch][INFO] 2017-11-04 14:28:17,215: ... successfully launched [odom_tf-4]
[roslaunch][INFO] 2017-11-04 14:28:17,215: ... preparing to launch node of type [gmapping/slam_gmapping]
[roslaunch][INFO] 2017-11-04 14:28:17,216: create_node_process: package[gmapping] type[slam_gmapping] machine[Machine(name[] env_loader[None] address[localhost] ssh_port[22] user[None] assignable[True] timeout[10.0])] master_uri[http://localhost:11311]
[roslaunch][INFO] 2017-11-04 14:28:17,216: process[slam_gmapping-5]: env[{'ROS_DISTRO': 'indigo', 'LESSOPEN': '| /usr/bin/lesspipe %s', 'SSH_CLIENT': '192.168.1.101 44158 22', 'CPATH': '/home/mdas/ros_ws/devel/include:/opt/ros/indigo/include', 'LOGNAME': 'mdas', 'USER': 'mdas', 'PATH': '/opt/ros/indigo/bin:/usr/local/sbin:/usr/local/bin:/usr/sbin:/usr/bin:/sbin:/bin:/usr/games:/usr/local/games', 'HOME': '/home/mdas', 'CMAKE_PREFIX_PATH': '/home/mdas/ros_ws/devel:/opt/ros/indigo', 'ROS_LOG_FILENAME': '/home/mdas/.ros/log/c7d78d4a-c18d-11e7-8b0b-f44d306c96a4/roslaunch-mdas-Meerkat-10266.log', 'LANG': 'en_US.UTF-8', 'TERM': 'xterm', 'SHELL': '/bin/bash', 'SHLVL': '1', 'QT_QPA_PLATFORMTHEME': 'appmenu-qt5', 'LD_LIBRARY_PATH': '/home/mdas/ros_ws/devel/lib:/opt/ros/indigo/lib', 'ROS_MASTER_URI': 'http://localhost:11311', 'XDG_RUNTIME_DIR': '/run/user/1000', 'PYTHONPATH': '/home/mdas/ros_ws/devel/lib/python2.7/dist-packages:/opt/ros/indigo/lib/python2.7/dist-packages', 'ROS_ROOT': '/opt/ros/indigo/share/ros', 'PKG_CONFIG_PATH': '/home/mdas/ros_ws/devel/lib/pkgconfig:/opt/ros/indigo/lib/pkgconfig', 'ROS_PACKAGE_PATH': '/home/mdas/ros_ws/src:/opt/ros/indigo/share:/opt/ros/indigo/stacks', 'ROS_WORKSPACE': '/home/mdas/ros_ws', 'XDG_SESSION_ID': '8', '_': '/opt/ros/indigo/bin/roslaunch', 'LS_COLORS': 'rs=0:di=01;34:ln=01;36:mh=00:pi=40;33:so=01;35:do=01;35:bd=40;33;01:cd=40;33;01:or=40;31;01:su=37;41:sg=30;43:ca=30;41:tw=30;42:ow=34;42:st=37;44:ex=01;32:*.tar=01;31:*.tgz=01;31:*.arj=01;31:*.taz=01;31:*.lzh=01;31:*.lzma=01;31:*.tlz=01;31:*.txz=01;31:*.zip=01;31:*.z=01;31:*.Z=01;31:*.dz=01;31:*.gz=01;31:*.lz=01;31:*.xz=01;31:*.bz2=01;31:*.bz=01;31:*.tbz=01;31:*.tbz2=01;31:*.tz=01;31:*.deb=01;31:*.rpm=01;31:*.jar=01;31:*.war=01;31:*.ear=01;31:*.sar=01;31:*.rar=01;31:*.ace=01;31:*.zoo=01;31:*.cpio=01;31:*.7z=01;31:*.rz=01;31:*.jpg=01;35:*.jpeg=01;35:*.gif=01;35:*.bmp=01;35:*.pbm=01;35:*.pgm=01;35:*.ppm=01;35:*.tga=01;35:*.xbm=01;35:*.xpm=01;35:*.tif=01;35:*.tiff=01;35:*.png=01;35:*.svg=01;35:*.svgz=01;35:*.mng=01;35:*.pcx=01;35:*.mov=01;35:*.mpg=01;35:*.mpeg=01;35:*.m2v=01;35:*.mkv=01;35:*.webm=01;35:*.ogm=01;35:*.mp4=01;35:*.m4v=01;35:*.mp4v=01;35:*.vob=01;35:*.qt=01;35:*.nuv=01;35:*.wmv=01;35:*.asf=01;35:*.rm=01;35:*.rmvb=01;35:*.flc=01;35:*.avi=01;35:*.fli=01;35:*.flv=01;35:*.gl=01;35:*.dl=01;35:*.xcf=01;35:*.xwd=01;35:*.yuv=01;35:*.cgm=01;35:*.emf=01;35:*.axv=01;35:*.anx=01;35:*.ogv=01;35:*.ogx=01;35:*.aac=00;36:*.au=00;36:*.flac=00;36:*.mid=00;36:*.midi=00;36:*.mka=00;36:*.mp3=00;36:*.mpc=00;36:*.ogg=00;36:*.ra=00;36:*.wav=00;36:*.axa=00;36:*.oga=00;36:*.spx=00;36:*.xspf=00;36:', 'LESSCLOSE': '/usr/bin/lesspipe %s %s', 'SSH_TTY': '/dev/pts/7', 'PWD': '/home/mdas', 'ROS_ETC_DIR': '/opt/ros/indigo/etc/ros', 'MAIL': '/var/mail/mdas', 'SSH_CONNECTION': '192.168.1.101 44158 192.168.1.113 22'}]
[roslaunch][INFO] 2017-11-04 14:28:17,217: process[slam_gmapping-5]: args[[u'/opt/ros/indigo/lib/gmapping/slam_gmapping', 'scan:=/sensor_msgs/LaserScan', '_base_frame:=lidar_link', u'__name:=slam_gmapping']]
[roslaunch][INFO] 2017-11-04 14:28:17,217: ... created process [slam_gmapping-5]
[roslaunch.pmon][INFO] 2017-11-04 14:28:17,217: ProcessMonitor.register[slam_gmapping-5]
[roslaunch.pmon][INFO] 2017-11-04 14:28:17,217: ProcessMonitor.register[slam_gmapping-5] complete
[roslaunch][INFO] 2017-11-04 14:28:17,217: ... registered process [slam_gmapping-5]
[roslaunch][INFO] 2017-11-04 14:28:17,217: process[slam_gmapping-5]: starting os process
[roslaunch][INFO] 2017-11-04 14:28:17,217: process[slam_gmapping-5]: start w/ args [[u'/opt/ros/indigo/lib/gmapping/slam_gmapping', 'scan:=/sensor_msgs/LaserScan', '_base_frame:=lidar_link', u'__name:=slam_gmapping', u'__log:=/home/mdas/.ros/log/c7d78d4a-c18d-11e7-8b0b-f44d306c96a4/slam_gmapping-5.log']]
[roslaunch][INFO] 2017-11-04 14:28:17,217: process[slam_gmapping-5]: cwd will be [/home/mdas/.ros]
[roslaunch][INFO] 2017-11-04 14:28:17,220: process[slam_gmapping-5]: started with pid [10298]
[roslaunch][INFO] 2017-11-04 14:28:17,220: ... successfully launched [slam_gmapping-5]
[roslaunch][INFO] 2017-11-04 14:28:17,220: ... preparing to launch node of type [move_base/move_base]
[roslaunch][INFO] 2017-11-04 14:28:17,220: create_node_process: package[move_base] type[move_base] machine[Machine(name[] env_loader[None] address[localhost] ssh_port[22] user[None] assignable[True] timeout[10.0])] master_uri[http://localhost:11311]
[roslaunch][INFO] 2017-11-04 14:28:17,220: process[move_base-6]: env[{'ROS_DISTRO': 'indigo', 'LESSOPEN': '| /usr/bin/lesspipe %s', 'SSH_CLIENT': '192.168.1.101 44158 22', 'CPATH': '/home/mdas/ros_ws/devel/include:/opt/ros/indigo/include', 'LOGNAME': 'mdas', 'USER': 'mdas', 'PATH': '/opt/ros/indigo/bin:/usr/local/sbin:/usr/local/bin:/usr/sbin:/usr/bin:/sbin:/bin:/usr/games:/usr/local/games', 'HOME': '/home/mdas', 'CMAKE_PREFIX_PATH': '/home/mdas/ros_ws/devel:/opt/ros/indigo', 'ROS_LOG_FILENAME': '/home/mdas/.ros/log/c7d78d4a-c18d-11e7-8b0b-f44d306c96a4/roslaunch-mdas-Meerkat-10266.log', 'LANG': 'en_US.UTF-8', 'TERM': 'xterm', 'SHELL': '/bin/bash', 'SHLVL': '1', 'QT_QPA_PLATFORMTHEME': 'appmenu-qt5', 'LD_LIBRARY_PATH': '/home/mdas/ros_ws/devel/lib:/opt/ros/indigo/lib', 'ROS_MASTER_URI': 'http://localhost:11311', 'XDG_RUNTIME_DIR': '/run/user/1000', 'PYTHONPATH': '/home/mdas/ros_ws/devel/lib/python2.7/dist-packages:/opt/ros/indigo/lib/python2.7/dist-packages', 'ROS_ROOT': '/opt/ros/indigo/share/ros', 'PKG_CONFIG_PATH': '/home/mdas/ros_ws/devel/lib/pkgconfig:/opt/ros/indigo/lib/pkgconfig', 'ROS_PACKAGE_PATH': '/home/mdas/ros_ws/src:/opt/ros/indigo/share:/opt/ros/indigo/stacks', 'ROS_WORKSPACE': '/home/mdas/ros_ws', 'XDG_SESSION_ID': '8', '_': '/opt/ros/indigo/bin/roslaunch', 'LS_COLORS': 'rs=0:di=01;34:ln=01;36:mh=00:pi=40;33:so=01;35:do=01;35:bd=40;33;01:cd=40;33;01:or=40;31;01:su=37;41:sg=30;43:ca=30;41:tw=30;42:ow=34;42:st=37;44:ex=01;32:*.tar=01;31:*.tgz=01;31:*.arj=01;31:*.taz=01;31:*.lzh=01;31:*.lzma=01;31:*.tlz=01;31:*.txz=01;31:*.zip=01;31:*.z=01;31:*.Z=01;31:*.dz=01;31:*.gz=01;31:*.lz=01;31:*.xz=01;31:*.bz2=01;31:*.bz=01;31:*.tbz=01;31:*.tbz2=01;31:*.tz=01;31:*.deb=01;31:*.rpm=01;31:*.jar=01;31:*.war=01;31:*.ear=01;31:*.sar=01;31:*.rar=01;31:*.ace=01;31:*.zoo=01;31:*.cpio=01;31:*.7z=01;31:*.rz=01;31:*.jpg=01;35:*.jpeg=01;35:*.gif=01;35:*.bmp=01;35:*.pbm=01;35:*.pgm=01;35:*.ppm=01;35:*.tga=01;35:*.xbm=01;35:*.xpm=01;35:*.tif=01;35:*.tiff=01;35:*.png=01;35:*.svg=01;35:*.svgz=01;35:*.mng=01;35:*.pcx=01;35:*.mov=01;35:*.mpg=01;35:*.mpeg=01;35:*.m2v=01;35:*.mkv=01;35:*.webm=01;35:*.ogm=01;35:*.mp4=01;35:*.m4v=01;35:*.mp4v=01;35:*.vob=01;35:*.qt=01;35:*.nuv=01;35:*.wmv=01;35:*.asf=01;35:*.rm=01;35:*.rmvb=01;35:*.flc=01;35:*.avi=01;35:*.fli=01;35:*.flv=01;35:*.gl=01;35:*.dl=01;35:*.xcf=01;35:*.xwd=01;35:*.yuv=01;35:*.cgm=01;35:*.emf=01;35:*.axv=01;35:*.anx=01;35:*.ogv=01;35:*.ogx=01;35:*.aac=00;36:*.au=00;36:*.flac=00;36:*.mid=00;36:*.midi=00;36:*.mka=00;36:*.mp3=00;36:*.mpc=00;36:*.ogg=00;36:*.ra=00;36:*.wav=00;36:*.axa=00;36:*.oga=00;36:*.spx=00;36:*.xspf=00;36:', 'LESSCLOSE': '/usr/bin/lesspipe %s %s', 'SSH_TTY': '/dev/pts/7', 'PWD': '/home/mdas', 'ROS_ETC_DIR': '/opt/ros/indigo/etc/ros', 'MAIL': '/var/mail/mdas', 'SSH_CONNECTION': '192.168.1.101 44158 192.168.1.113 22'}]
[roslaunch][INFO] 2017-11-04 14:28:17,221: process[move_base-6]: args[[u'/opt/ros/indigo/lib/move_base/move_base', u'map:=/map', u'__name:=move_base']]
[roslaunch][INFO] 2017-11-04 14:28:17,221: ... created process [move_base-6]
[roslaunch.pmon][INFO] 2017-11-04 14:28:17,221: ProcessMonitor.register[move_base-6]
[roslaunch.pmon][INFO] 2017-11-04 14:28:17,222: ProcessMonitor.register[move_base-6] complete
[roslaunch][INFO] 2017-11-04 14:28:17,222: ... registered process [move_base-6]
[roslaunch][INFO] 2017-11-04 14:28:17,222: process[move_base-6]: starting os process
[roslaunch][INFO] 2017-11-04 14:28:17,222: process[move_base-6]: start w/ args [[u'/opt/ros/indigo/lib/move_base/move_base', u'map:=/map', u'__name:=move_base', u'__log:=/home/mdas/.ros/log/c7d78d4a-c18d-11e7-8b0b-f44d306c96a4/move_base-6.log']]
[roslaunch][INFO] 2017-11-04 14:28:17,222: process[move_base-6]: cwd will be [/home/mdas/.ros]
[roslaunch][INFO] 2017-11-04 14:28:17,227: process[move_base-6]: started with pid [10310]
[roslaunch][INFO] 2017-11-04 14:28:17,227: ... successfully launched [move_base-6]
[roslaunch][INFO] 2017-11-04 14:28:17,227: ... preparing to launch node of type [babs_nav/navigation_goals]
[roslaunch][INFO] 2017-11-04 14:28:17,228: create_node_process: package[babs_nav] type[navigation_goals] machine[Machine(name[] env_loader[None] address[localhost] ssh_port[22] user[None] assignable[True] timeout[10.0])] master_uri[http://localhost:11311]
[roslaunch][INFO] 2017-11-04 14:28:17,228: process[navigation_goals-7]: env[{'ROS_DISTRO': 'indigo', 'LESSOPEN': '| /usr/bin/lesspipe %s', 'SSH_CLIENT': '192.168.1.101 44158 22', 'CPATH': '/home/mdas/ros_ws/devel/include:/opt/ros/indigo/include', 'LOGNAME': 'mdas', 'USER': 'mdas', 'PATH': '/opt/ros/indigo/bin:/usr/local/sbin:/usr/local/bin:/usr/sbin:/usr/bin:/sbin:/bin:/usr/games:/usr/local/games', 'HOME': '/home/mdas', 'CMAKE_PREFIX_PATH': '/home/mdas/ros_ws/devel:/opt/ros/indigo', 'ROS_LOG_FILENAME': '/home/mdas/.ros/log/c7d78d4a-c18d-11e7-8b0b-f44d306c96a4/roslaunch-mdas-Meerkat-10266.log', 'LANG': 'en_US.UTF-8', 'TERM': 'xterm', 'SHELL': '/bin/bash', 'SHLVL': '1', 'QT_QPA_PLATFORMTHEME': 'appmenu-qt5', 'LD_LIBRARY_PATH': '/home/mdas/ros_ws/devel/lib:/opt/ros/indigo/lib', 'ROS_MASTER_URI': 'http://localhost:11311', 'XDG_RUNTIME_DIR': '/run/user/1000', 'PYTHONPATH': '/home/mdas/ros_ws/devel/lib/python2.7/dist-packages:/opt/ros/indigo/lib/python2.7/dist-packages', 'ROS_ROOT': '/opt/ros/indigo/share/ros', 'PKG_CONFIG_PATH': '/home/mdas/ros_ws/devel/lib/pkgconfig:/opt/ros/indigo/lib/pkgconfig', 'ROS_PACKAGE_PATH': '/home/mdas/ros_ws/src:/opt/ros/indigo/share:/opt/ros/indigo/stacks', 'ROS_WORKSPACE': '/home/mdas/ros_ws', 'XDG_SESSION_ID': '8', '_': '/opt/ros/indigo/bin/roslaunch', 'LS_COLORS': 'rs=0:di=01;34:ln=01;36:mh=00:pi=40;33:so=01;35:do=01;35:bd=40;33;01:cd=40;33;01:or=40;31;01:su=37;41:sg=30;43:ca=30;41:tw=30;42:ow=34;42:st=37;44:ex=01;32:*.tar=01;31:*.tgz=01;31:*.arj=01;31:*.taz=01;31:*.lzh=01;31:*.lzma=01;31:*.tlz=01;31:*.txz=01;31:*.zip=01;31:*.z=01;31:*.Z=01;31:*.dz=01;31:*.gz=01;31:*.lz=01;31:*.xz=01;31:*.bz2=01;31:*.bz=01;31:*.tbz=01;31:*.tbz2=01;31:*.tz=01;31:*.deb=01;31:*.rpm=01;31:*.jar=01;31:*.war=01;31:*.ear=01;31:*.sar=01;31:*.rar=01;31:*.ace=01;31:*.zoo=01;31:*.cpio=01;31:*.7z=01;31:*.rz=01;31:*.jpg=01;35:*.jpeg=01;35:*.gif=01;35:*.bmp=01;35:*.pbm=01;35:*.pgm=01;35:*.ppm=01;35:*.tga=01;35:*.xbm=01;35:*.xpm=01;35:*.tif=01;35:*.tiff=01;35:*.png=01;35:*.svg=01;35:*.svgz=01;35:*.mng=01;35:*.pcx=01;35:*.mov=01;35:*.mpg=01;35:*.mpeg=01;35:*.m2v=01;35:*.mkv=01;35:*.webm=01;35:*.ogm=01;35:*.mp4=01;35:*.m4v=01;35:*.mp4v=01;35:*.vob=01;35:*.qt=01;35:*.nuv=01;35:*.wmv=01;35:*.asf=01;35:*.rm=01;35:*.rmvb=01;35:*.flc=01;35:*.avi=01;35:*.fli=01;35:*.flv=01;35:*.gl=01;35:*.dl=01;35:*.xcf=01;35:*.xwd=01;35:*.yuv=01;35:*.cgm=01;35:*.emf=01;35:*.axv=01;35:*.anx=01;35:*.ogv=01;35:*.ogx=01;35:*.aac=00;36:*.au=00;36:*.flac=00;36:*.mid=00;36:*.midi=00;36:*.mka=00;36:*.mp3=00;36:*.mpc=00;36:*.ogg=00;36:*.ra=00;36:*.wav=00;36:*.axa=00;36:*.oga=00;36:*.spx=00;36:*.xspf=00;36:', 'LESSCLOSE': '/usr/bin/lesspipe %s %s', 'SSH_TTY': '/dev/pts/7', 'PWD': '/home/mdas', 'ROS_ETC_DIR': '/opt/ros/indigo/etc/ros', 'MAIL': '/var/mail/mdas', 'SSH_CONNECTION': '192.168.1.101 44158 192.168.1.113 22'}]
[roslaunch][INFO] 2017-11-04 14:28:17,229: process[navigation_goals-7]: args[[u'/home/mdas/ros_ws/devel/lib/babs_nav/navigation_goals', u'__name:=navigation_goals']]
[roslaunch][INFO] 2017-11-04 14:28:17,229: ... created process [navigation_goals-7]
[roslaunch.pmon][INFO] 2017-11-04 14:28:17,229: ProcessMonitor.register[navigation_goals-7]
[roslaunch.pmon][INFO] 2017-11-04 14:28:17,229: ProcessMonitor.register[navigation_goals-7] complete
[roslaunch][INFO] 2017-11-04 14:28:17,229: ... registered process [navigation_goals-7]
[roslaunch][INFO] 2017-11-04 14:28:17,229: process[navigation_goals-7]: starting os process
[roslaunch][INFO] 2017-11-04 14:28:17,229: process[navigation_goals-7]: start w/ args [[u'/home/mdas/ros_ws/devel/lib/babs_nav/navigation_goals', u'__name:=navigation_goals', u'__log:=/home/mdas/.ros/log/c7d78d4a-c18d-11e7-8b0b-f44d306c96a4/navigation_goals-7.log']]
[roslaunch][INFO] 2017-11-04 14:28:17,229: process[navigation_goals-7]: cwd will be [/home/mdas/.ros]
[roslaunch][INFO] 2017-11-04 14:28:17,231: process[navigation_goals-7]: started with pid [10320]
[roslaunch][INFO] 2017-11-04 14:28:17,231: ... successfully launched [navigation_goals-7]
[roslaunch][INFO] 2017-11-04 14:28:17,231: ... launch_nodes complete
[roslaunch.pmon][INFO] 2017-11-04 14:28:17,231: registrations completed <ProcessMonitor(ProcessMonitor-1, started daemon 140325201630976)>
[roslaunch.parent][INFO] 2017-11-04 14:28:17,231: ... roslaunch parent running, waiting for process exit
[roslaunch][INFO] 2017-11-04 14:28:17,231: spin
[roslaunch.pmon][INFO] 2017-11-04 14:31:09,165: ProcessMonitor.shutdown <ProcessMonitor(ProcessMonitor-1, started daemon 140325201630976)>
[roslaunch.pmon][INFO] 2017-11-04 14:31:09,230: ProcessMonitor._post_run <ProcessMonitor(ProcessMonitor-1, started daemon 140325201630976)>
[roslaunch.pmon][INFO] 2017-11-04 14:31:09,231: ProcessMonitor._post_run <ProcessMonitor(ProcessMonitor-1, started daemon 140325201630976)>: remaining procs are [<roslaunch.nodeprocess.LocalProcess object at 0x7fa002282c50>, <roslaunch.nodeprocess.LocalProcess object at 0x7fa002282790>, <roslaunch.nodeprocess.LocalProcess object at 0x7fa002282110>, <roslaunch.nodeprocess.LocalProcess object at 0x7fa001f20450>, <roslaunch.nodeprocess.LocalProcess object at 0x7fa001f205d0>, <roslaunch.nodeprocess.LocalProcess object at 0x7fa001f206d0>, <roslaunch.nodeprocess.LocalProcess object at 0x7fa001f20610>]
[roslaunch.pmon][INFO] 2017-11-04 14:31:09,231: ProcessMonitor exit: killing navigation_goals-7
[roslaunch][INFO] 2017-11-04 14:31:09,232: [navigation_goals-7] killing on exit
[roslaunch][INFO] 2017-11-04 14:31:09,233: process[navigation_goals-7]: killing os process with pid[10320] pgid[10320]
[roslaunch][INFO] 2017-11-04 14:31:09,233: [navigation_goals-7] sending SIGINT to pgid [10320]
[roslaunch][INFO] 2017-11-04 14:31:09,233: [navigation_goals-7] sent SIGINT to pgid [10320]
[roslaunch.pmon][INFO] 2017-11-04 14:31:09,232: ProcessMonitor exit: killing move_base-6
[roslaunch][INFO] 2017-11-04 14:31:09,234: [move_base-6] killing on exit
[roslaunch][INFO] 2017-11-04 14:31:09,234: process[move_base-6]: killing os process with pid[10310] pgid[10310]
[roslaunch.pmon][INFO] 2017-11-04 14:31:09,235: ProcessMonitor exit: killing slam_gmapping-5
[roslaunch][INFO] 2017-11-04 14:31:09,235: [move_base-6] sending SIGINT to pgid [10310]
[roslaunch.pmon][INFO] 2017-11-04 14:31:09,235: ProcessMonitor exit: killing odom_tf-4
[roslaunch][INFO] 2017-11-04 14:31:09,236: [slam_gmapping-5] killing on exit
[roslaunch.pmon][INFO] 2017-11-04 14:31:09,236: ProcessMonitor exit: killing pub_des_state_startup-3
[roslaunch][INFO] 2017-11-04 14:31:09,236: [move_base-6] sent SIGINT to pgid [10310]
[roslaunch][INFO] 2017-11-04 14:31:09,237: [odom_tf-4] killing on exit
[roslaunch.pmon][INFO] 2017-11-04 14:31:09,237: ProcessMonitor exit: killing robot_state_publisher-2
[roslaunch.pmon][INFO] 2017-11-04 14:31:09,238: ProcessMonitor exit: killing base_laser1_broadcaster-1
[roslaunch][INFO] 2017-11-04 14:31:09,239: [pub_des_state_startup-3] killing on exit
[roslaunch][INFO] 2017-11-04 14:31:09,239: process[slam_gmapping-5]: killing os process with pid[10298] pgid[10298]
[roslaunch][INFO] 2017-11-04 14:31:09,240: [robot_state_publisher-2] killing on exit
[roslaunch][INFO] 2017-11-04 14:31:09,241: [base_laser1_broadcaster-1] killing on exit
[roslaunch][INFO] 2017-11-04 14:31:09,241: process[odom_tf-4]: killing os process with pid[10295] pgid[10295]
[roslaunch][INFO] 2017-11-04 14:31:09,241: process[pub_des_state_startup-3]: killing os process with pid[10289] pgid[10289]
[roslaunch][INFO] 2017-11-04 14:31:09,241: [slam_gmapping-5] sending SIGINT to pgid [10298]
[roslaunch][INFO] 2017-11-04 14:31:09,242: process[robot_state_publisher-2]: killing os process with pid[10288] pgid[10288]
[roslaunch][INFO] 2017-11-04 14:31:09,242: [odom_tf-4] sending SIGINT to pgid [10295]
[roslaunch][INFO] 2017-11-04 14:31:09,242: process[base_laser1_broadcaster-1]: killing os process with pid[10287] pgid[10287]
[roslaunch][INFO] 2017-11-04 14:31:09,243: [pub_des_state_startup-3] sending SIGINT to pgid [10289]
[roslaunch][INFO] 2017-11-04 14:31:09,243: [slam_gmapping-5] sent SIGINT to pgid [10298]
[roslaunch][INFO] 2017-11-04 14:31:09,243: [robot_state_publisher-2] sending SIGINT to pgid [10288]
[roslaunch][INFO] 2017-11-04 14:31:09,244: [odom_tf-4] sent SIGINT to pgid [10295]
[roslaunch][INFO] 2017-11-04 14:31:09,244: [base_laser1_broadcaster-1] sending SIGINT to pgid [10287]
[roslaunch][INFO] 2017-11-04 14:31:09,244: [pub_des_state_startup-3] sent SIGINT to pgid [10289]
[roslaunch][INFO] 2017-11-04 14:31:09,244: [robot_state_publisher-2] sent SIGINT to pgid [10288]
[roslaunch][INFO] 2017-11-04 14:31:09,245: [base_laser1_broadcaster-1] sent SIGINT to pgid [10287]
[roslaunch][INFO] 2017-11-04 14:31:09,345: process[robot_state_publisher-2]: SIGINT killed with return value 0
[roslaunch][INFO] 2017-11-04 14:31:09,534: process[navigation_goals-7]: SIGINT killed with return value 0
[roslaunch][INFO] 2017-11-04 14:31:09,546: process[base_laser1_broadcaster-1]: SIGINT killed with return value 0
[roslaunch][INFO] 2017-11-04 14:31:09,646: process[pub_des_state_startup-3]: SIGINT killed with return value 0
[roslaunch][INFO] 2017-11-04 14:31:09,745: process[slam_gmapping-5]: SIGINT killed with return value 0
[roslaunch][INFO] 2017-11-04 14:31:09,840: process[move_base-6]: SIGINT killed with return value 1
[roslaunch][ERROR] 2017-11-04 14:31:24,267: [odom_tf-4] escalating to SIGTERM
[roslaunch][INFO] 2017-11-04 14:31:24,268: [odom_tf-4] sent SIGTERM to pgid [10295]
[roslaunch][INFO] 2017-11-04 14:31:24,269: process[odom_tf-4]: SIGTERM killed with return value -15
[roslaunch.pmon][INFO] 2017-11-04 14:31:24,270: ProcessMonitor exit: cleaning up data structures and signals
[roslaunch.pmon][INFO] 2017-11-04 14:31:24,270: ProcessMonitor exit: pmon has shutdown
[roslaunch][INFO] 2017-11-04 14:31:24,306: process monitor is done spinning, initiating full shutdown
[roslaunch][INFO] 2017-11-04 14:31:24,306: runner.stop()
[roslaunch][INFO] 2017-11-04 14:31:24,306: shutting down processing monitor...
[roslaunch][INFO] 2017-11-04 14:31:24,307: shutting down processing monitor <ProcessMonitor(ProcessMonitor-1, stopped daemon 140325201630976)>
[roslaunch.pmon][INFO] 2017-11-04 14:31:24,307: ProcessMonitor.shutdown <ProcessMonitor(ProcessMonitor-1, stopped daemon 140325201630976)>
[roslaunch][INFO] 2017-11-04 14:31:24,307: ... shutting down processing monitor complete
[roslaunch][INFO] 2017-11-04 14:31:24,307: done
[roslaunch.pmon][INFO] 2017-11-04 14:31:24,308: ProcessMonitor.shutdown <ProcessMonitor(ProcessMonitor-1, stopped daemon 140325201630976)>
[rospy.core][INFO] 2017-11-04 14:31:24,308: signal_shutdown [atexit]
