[roslaunch][INFO] 2017-11-04 10:42:17,642: Checking log directory for disk usage. This may take awhile.
Press Ctrl-C to interrupt
[roslaunch][INFO] 2017-11-04 10:42:17,644: Done checking log file disk usage. Usage is <1GB.
[roslaunch][INFO] 2017-11-04 10:42:17,644: roslaunch starting with args ['/opt/ros/indigo/bin/roslaunch', 'launchers', 'full_launch.launch']
[roslaunch][INFO] 2017-11-04 10:42:17,644: roslaunch env is {'ROS_DISTRO': 'indigo', 'LESSOPEN': '| /usr/bin/lesspipe %s', 'SSH_CLIENT': '192.168.1.110 49162 22', 'CPATH': '/home/mdas/ros_ws/devel/include:/opt/ros/indigo/include', 'LOGNAME': 'mdas', 'USER': 'mdas', 'PATH': '/opt/ros/indigo/bin:/usr/local/sbin:/usr/local/bin:/usr/sbin:/usr/bin:/sbin:/bin:/usr/games:/usr/local/games', 'HOME': '/home/mdas', 'CMAKE_PREFIX_PATH': '/home/mdas/ros_ws/devel:/opt/ros/indigo', 'LD_LIBRARY_PATH': '/home/mdas/ros_ws/devel/lib:/opt/ros/indigo/lib', 'LANG': 'en_US.UTF-8', 'TERM': 'xterm-256color', 'SHELL': '/bin/bash', 'SHLVL': '1', 'QT_QPA_PLATFORMTHEME': 'appmenu-qt5', 'ROS_LOG_FILENAME': '/home/mdas/.ros/log/5b0c3112-c16e-11e7-ab0b-f44d306c96a4/roslaunch-mdas-Meerkat-4663.log', 'ROS_ETC_DIR': '/opt/ros/indigo/etc/ros', 'XDG_RUNTIME_DIR': '/run/user/1000', 'PYTHONPATH': '/home/mdas/ros_ws/devel/lib/python2.7/dist-packages:/opt/ros/indigo/lib/python2.7/dist-packages', 'ROS_ROOT': '/opt/ros/indigo/share/ros', 'PKG_CONFIG_PATH': '/home/mdas/ros_ws/devel/lib/pkgconfig:/opt/ros/indigo/lib/pkgconfig', 'ROS_PACKAGE_PATH': '/home/mdas/ros_ws/src:/opt/ros/indigo/share:/opt/ros/indigo/stacks', 'ROS_WORKSPACE': '/home/mdas/ros_ws', 'XDG_SESSION_ID': '1', '_': '/opt/ros/indigo/bin/roslaunch', 'SSH_CONNECTION': '192.168.1.110 49162 192.168.1.113 22', 'LESSCLOSE': '/usr/bin/lesspipe %s %s', 'SSH_TTY': '/dev/pts/9', 'PWD': '/home/mdas', 'ROS_MASTER_URI': 'http://localhost:11311', 'MAIL': '/var/mail/mdas', 'LS_COLORS': 'rs=0:di=01;34:ln=01;36:mh=00:pi=40;33:so=01;35:do=01;35:bd=40;33;01:cd=40;33;01:or=40;31;01:su=37;41:sg=30;43:ca=30;41:tw=30;42:ow=34;42:st=37;44:ex=01;32:*.tar=01;31:*.tgz=01;31:*.arj=01;31:*.taz=01;31:*.lzh=01;31:*.lzma=01;31:*.tlz=01;31:*.txz=01;31:*.zip=01;31:*.z=01;31:*.Z=01;31:*.dz=01;31:*.gz=01;31:*.lz=01;31:*.xz=01;31:*.bz2=01;31:*.bz=01;31:*.tbz=01;31:*.tbz2=01;31:*.tz=01;31:*.deb=01;31:*.rpm=01;31:*.jar=01;31:*.war=01;31:*.ear=01;31:*.sar=01;31:*.rar=01;31:*.ace=01;31:*.zoo=01;31:*.cpio=01;31:*.7z=01;31:*.rz=01;31:*.jpg=01;35:*.jpeg=01;35:*.gif=01;35:*.bmp=01;35:*.pbm=01;35:*.pgm=01;35:*.ppm=01;35:*.tga=01;35:*.xbm=01;35:*.xpm=01;35:*.tif=01;35:*.tiff=01;35:*.png=01;35:*.svg=01;35:*.svgz=01;35:*.mng=01;35:*.pcx=01;35:*.mov=01;35:*.mpg=01;35:*.mpeg=01;35:*.m2v=01;35:*.mkv=01;35:*.webm=01;35:*.ogm=01;35:*.mp4=01;35:*.m4v=01;35:*.mp4v=01;35:*.vob=01;35:*.qt=01;35:*.nuv=01;35:*.wmv=01;35:*.asf=01;35:*.rm=01;35:*.rmvb=01;35:*.flc=01;35:*.avi=01;35:*.fli=01;35:*.flv=01;35:*.gl=01;35:*.dl=01;35:*.xcf=01;35:*.xwd=01;35:*.yuv=01;35:*.cgm=01;35:*.emf=01;35:*.axv=01;35:*.anx=01;35:*.ogv=01;35:*.ogx=01;35:*.aac=00;36:*.au=00;36:*.flac=00;36:*.mid=00;36:*.midi=00;36:*.mka=00;36:*.mp3=00;36:*.mpc=00;36:*.ogg=00;36:*.ra=00;36:*.wav=00;36:*.axa=00;36:*.oga=00;36:*.spx=00;36:*.xspf=00;36:'}
[roslaunch][INFO] 2017-11-04 10:42:17,645: starting in server mode
[roslaunch.parent][INFO] 2017-11-04 10:42:17,645: starting roslaunch parent run
[roslaunch][INFO] 2017-11-04 10:42:17,645: loading roscore config file /opt/ros/indigo/etc/ros/roscore.xml
[roslaunch][INFO] 2017-11-04 10:42:17,706: Added core node of type [rosout/rosout] in namespace [/]
[roslaunch.config][INFO] 2017-11-04 10:42:17,706: loading config file /home/mdas/ros_ws/src/launchers/full_launch.launch
[roslaunch][INFO] 2017-11-04 10:42:17,755: Added node of type [sicktoolbox_wrapper/sicklms] in namespace [/]
[roslaunch][INFO] 2017-11-04 10:42:17,756: Added node of type [novatel/novatel_node] in namespace [/]
[roslaunch][INFO] 2017-11-04 10:42:17,756: ... selected machine [] for node of type [sicktoolbox_wrapper/sicklms]
[roslaunch][INFO] 2017-11-04 10:42:17,756: ... selected machine [] for node of type [novatel/novatel_node]
[roslaunch.pmon][INFO] 2017-11-04 10:42:17,757: start_process_monitor: creating ProcessMonitor
[roslaunch.pmon][INFO] 2017-11-04 10:42:17,757: created process monitor <ProcessMonitor(ProcessMonitor-1, initial daemon)>
[roslaunch.pmon][INFO] 2017-11-04 10:42:17,757: start_process_monitor: ProcessMonitor started
[roslaunch.parent][INFO] 2017-11-04 10:42:17,757: starting parent XML-RPC server
[roslaunch.server][INFO] 2017-11-04 10:42:17,757: starting roslaunch XML-RPC server
[roslaunch.server][INFO] 2017-11-04 10:42:17,757: waiting for roslaunch XML-RPC server to initialize
[xmlrpc][INFO] 2017-11-04 10:42:17,757: XML-RPC server binding to 0.0.0.0:0
[xmlrpc][INFO] 2017-11-04 10:42:17,758: Started XML-RPC server [http://mdas-Meerkat:36525/]
[xmlrpc][INFO] 2017-11-04 10:42:17,758: xml rpc node: starting XML-RPC server
[roslaunch][INFO] 2017-11-04 10:42:17,769: started roslaunch server http://mdas-Meerkat:36525/
[roslaunch.parent][INFO] 2017-11-04 10:42:17,769: ... parent XML-RPC server started
[roslaunch][INFO] 2017-11-04 10:42:17,769: master.is_running[http://localhost:11311]
[roslaunch][INFO] 2017-11-04 10:42:17,769: auto-starting new master
[roslaunch][INFO] 2017-11-04 10:42:17,770: create_master_process: rosmaster, /opt/ros/indigo/share/ros, 11311, 3, None
[roslaunch][INFO] 2017-11-04 10:42:17,770: process[master]: launching with args [['rosmaster', '--core', '-p', '11311', '-w', '3']]
[roslaunch.pmon][INFO] 2017-11-04 10:42:17,770: ProcessMonitor.register[master]
[roslaunch.pmon][INFO] 2017-11-04 10:42:17,770: ProcessMonitor.register[master] complete
[roslaunch][INFO] 2017-11-04 10:42:17,770: process[master]: starting os process
[roslaunch][INFO] 2017-11-04 10:42:17,770: process[master]: start w/ args [['rosmaster', '--core', '-p', '11311', '-w', '3', '__log:=/home/mdas/.ros/log/5b0c3112-c16e-11e7-ab0b-f44d306c96a4/master.log']]
[roslaunch][INFO] 2017-11-04 10:42:17,770: process[master]: cwd will be [/home/mdas/.ros]
[roslaunch][INFO] 2017-11-04 10:42:17,771: process[master]: started with pid [4675]
[roslaunch][INFO] 2017-11-04 10:42:17,772: master.is_running[http://localhost:11311]
[roslaunch][INFO] 2017-11-04 10:42:17,872: master.is_running[http://localhost:11311]
[roslaunch][INFO] 2017-11-04 10:42:17,874: master.is_running[http://localhost:11311]
[roslaunch][INFO] 2017-11-04 10:42:17,874: ROS_MASTER_URI=http://localhost:11311
[roslaunch][INFO] 2017-11-04 10:42:17,875: setting /run_id to 5b0c3112-c16e-11e7-ab0b-f44d306c96a4
[roslaunch][INFO] 2017-11-04 10:42:17,876: setting /roslaunch/uris/host_mdas_meerkat__36525' to http://mdas-Meerkat:36525/
[roslaunch][INFO] 2017-11-04 10:42:17,877: ... preparing to launch node of type [rosout/rosout]
[roslaunch][INFO] 2017-11-04 10:42:17,877: create_node_process: package[rosout] type[rosout] machine[Machine(name[] env_loader[None] address[localhost] ssh_port[22] user[None] assignable[True] timeout[10.0])] master_uri[http://localhost:11311]
[roslaunch][INFO] 2017-11-04 10:42:17,877: process[rosout-1]: env[{'ROS_DISTRO': 'indigo', 'LESSOPEN': '| /usr/bin/lesspipe %s', 'SSH_CLIENT': '192.168.1.110 49162 22', 'CPATH': '/home/mdas/ros_ws/devel/include:/opt/ros/indigo/include', 'LOGNAME': 'mdas', 'USER': 'mdas', 'PATH': '/opt/ros/indigo/bin:/usr/local/sbin:/usr/local/bin:/usr/sbin:/usr/bin:/sbin:/bin:/usr/games:/usr/local/games', 'HOME': '/home/mdas', 'CMAKE_PREFIX_PATH': '/home/mdas/ros_ws/devel:/opt/ros/indigo', 'ROS_LOG_FILENAME': '/home/mdas/.ros/log/5b0c3112-c16e-11e7-ab0b-f44d306c96a4/roslaunch-mdas-Meerkat-4663.log', 'LANG': 'en_US.UTF-8', 'TERM': 'xterm-256color', 'SHELL': '/bin/bash', 'SHLVL': '1', 'QT_QPA_PLATFORMTHEME': 'appmenu-qt5', 'LD_LIBRARY_PATH': '/home/mdas/ros_ws/devel/lib:/opt/ros/indigo/lib', 'ROS_MASTER_URI': 'http://localhost:11311', 'XDG_RUNTIME_DIR': '/run/user/1000', 'PYTHONPATH': '/home/mdas/ros_ws/devel/lib/python2.7/dist-packages:/opt/ros/indigo/lib/python2.7/dist-packages', 'ROS_ROOT': '/opt/ros/indigo/share/ros', 'PKG_CONFIG_PATH': '/home/mdas/ros_ws/devel/lib/pkgconfig:/opt/ros/indigo/lib/pkgconfig', 'ROS_PACKAGE_PATH': '/home/mdas/ros_ws/src:/opt/ros/indigo/share:/opt/ros/indigo/stacks', 'ROS_WORKSPACE': '/home/mdas/ros_ws', 'XDG_SESSION_ID': '1', '_': '/opt/ros/indigo/bin/roslaunch', 'LS_COLORS': 'rs=0:di=01;34:ln=01;36:mh=00:pi=40;33:so=01;35:do=01;35:bd=40;33;01:cd=40;33;01:or=40;31;01:su=37;41:sg=30;43:ca=30;41:tw=30;42:ow=34;42:st=37;44:ex=01;32:*.tar=01;31:*.tgz=01;31:*.arj=01;31:*.taz=01;31:*.lzh=01;31:*.lzma=01;31:*.tlz=01;31:*.txz=01;31:*.zip=01;31:*.z=01;31:*.Z=01;31:*.dz=01;31:*.gz=01;31:*.lz=01;31:*.xz=01;31:*.bz2=01;31:*.bz=01;31:*.tbz=01;31:*.tbz2=01;31:*.tz=01;31:*.deb=01;31:*.rpm=01;31:*.jar=01;31:*.war=01;31:*.ear=01;31:*.sar=01;31:*.rar=01;31:*.ace=01;31:*.zoo=01;31:*.cpio=01;31:*.7z=01;31:*.rz=01;31:*.jpg=01;35:*.jpeg=01;35:*.gif=01;35:*.bmp=01;35:*.pbm=01;35:*.pgm=01;35:*.ppm=01;35:*.tga=01;35:*.xbm=01;35:*.xpm=01;35:*.tif=01;35:*.tiff=01;35:*.png=01;35:*.svg=01;35:*.svgz=01;35:*.mng=01;35:*.pcx=01;35:*.mov=01;35:*.mpg=01;35:*.mpeg=01;35:*.m2v=01;35:*.mkv=01;35:*.webm=01;35:*.ogm=01;35:*.mp4=01;35:*.m4v=01;35:*.mp4v=01;35:*.vob=01;35:*.qt=01;35:*.nuv=01;35:*.wmv=01;35:*.asf=01;35:*.rm=01;35:*.rmvb=01;35:*.flc=01;35:*.avi=01;35:*.fli=01;35:*.flv=01;35:*.gl=01;35:*.dl=01;35:*.xcf=01;35:*.xwd=01;35:*.yuv=01;35:*.cgm=01;35:*.emf=01;35:*.axv=01;35:*.anx=01;35:*.ogv=01;35:*.ogx=01;35:*.aac=00;36:*.au=00;36:*.flac=00;36:*.mid=00;36:*.midi=00;36:*.mka=00;36:*.mp3=00;36:*.mpc=00;36:*.ogg=00;36:*.ra=00;36:*.wav=00;36:*.axa=00;36:*.oga=00;36:*.spx=00;36:*.xspf=00;36:', 'LESSCLOSE': '/usr/bin/lesspipe %s %s', 'SSH_TTY': '/dev/pts/9', 'PWD': '/home/mdas', 'ROS_ETC_DIR': '/opt/ros/indigo/etc/ros', 'MAIL': '/var/mail/mdas', 'SSH_CONNECTION': '192.168.1.110 49162 192.168.1.113 22'}]
[roslaunch][INFO] 2017-11-04 10:42:17,927: process[rosout-1]: args[[u'/opt/ros/indigo/lib/rosout/rosout', u'__name:=rosout']]
[roslaunch][INFO] 2017-11-04 10:42:17,927: ... created process [rosout-1]
[roslaunch.pmon][INFO] 2017-11-04 10:42:17,927: ProcessMonitor.register[rosout-1]
[roslaunch.pmon][INFO] 2017-11-04 10:42:17,927: ProcessMonitor.register[rosout-1] complete
[roslaunch][INFO] 2017-11-04 10:42:17,927: ... registered process [rosout-1]
[roslaunch][INFO] 2017-11-04 10:42:17,927: process[rosout-1]: starting os process
[roslaunch][INFO] 2017-11-04 10:42:17,927: process[rosout-1]: start w/ args [[u'/opt/ros/indigo/lib/rosout/rosout', u'__name:=rosout', u'__log:=/home/mdas/.ros/log/5b0c3112-c16e-11e7-ab0b-f44d306c96a4/rosout-1.log']]
[roslaunch][INFO] 2017-11-04 10:42:17,927: process[rosout-1]: cwd will be [/home/mdas/.ros]
[roslaunch][INFO] 2017-11-04 10:42:17,929: process[rosout-1]: started with pid [4688]
[roslaunch][INFO] 2017-11-04 10:42:17,929: ... successfully launched [rosout-1]
[roslaunch][INFO] 2017-11-04 10:42:17,929: load_parameters starting ...
[roslaunch][INFO] 2017-11-04 10:42:17,934: ... load_parameters complete
[roslaunch][INFO] 2017-11-04 10:42:17,934: launch_nodes: launching local nodes ...
[roslaunch][INFO] 2017-11-04 10:42:17,934: ... preparing to launch node of type [sicktoolbox_wrapper/sicklms]
[roslaunch][INFO] 2017-11-04 10:42:17,934: create_node_process: package[sicktoolbox_wrapper] type[sicklms] machine[Machine(name[] env_loader[None] address[localhost] ssh_port[22] user[None] assignable[True] timeout[10.0])] master_uri[http://localhost:11311]
[roslaunch][INFO] 2017-11-04 10:42:17,934: process[base_laser1-2]: env[{'ROS_DISTRO': 'indigo', 'LESSOPEN': '| /usr/bin/lesspipe %s', 'SSH_CLIENT': '192.168.1.110 49162 22', 'CPATH': '/home/mdas/ros_ws/devel/include:/opt/ros/indigo/include', 'LOGNAME': 'mdas', 'USER': 'mdas', 'PATH': '/opt/ros/indigo/bin:/usr/local/sbin:/usr/local/bin:/usr/sbin:/usr/bin:/sbin:/bin:/usr/games:/usr/local/games', 'HOME': '/home/mdas', 'CMAKE_PREFIX_PATH': '/home/mdas/ros_ws/devel:/opt/ros/indigo', 'ROS_LOG_FILENAME': '/home/mdas/.ros/log/5b0c3112-c16e-11e7-ab0b-f44d306c96a4/roslaunch-mdas-Meerkat-4663.log', 'LANG': 'en_US.UTF-8', 'TERM': 'xterm-256color', 'SHELL': '/bin/bash', 'SHLVL': '1', 'QT_QPA_PLATFORMTHEME': 'appmenu-qt5', 'LD_LIBRARY_PATH': '/home/mdas/ros_ws/devel/lib:/opt/ros/indigo/lib', 'ROS_MASTER_URI': 'http://localhost:11311', 'XDG_RUNTIME_DIR': '/run/user/1000', 'PYTHONPATH': '/home/mdas/ros_ws/devel/lib/python2.7/dist-packages:/opt/ros/indigo/lib/python2.7/dist-packages', 'ROS_ROOT': '/opt/ros/indigo/share/ros', 'PKG_CONFIG_PATH': '/home/mdas/ros_ws/devel/lib/pkgconfig:/opt/ros/indigo/lib/pkgconfig', 'ROS_PACKAGE_PATH': '/home/mdas/ros_ws/src:/opt/ros/indigo/share:/opt/ros/indigo/stacks', 'ROS_WORKSPACE': '/home/mdas/ros_ws', 'XDG_SESSION_ID': '1', '_': '/opt/ros/indigo/bin/roslaunch', 'LS_COLORS': 'rs=0:di=01;34:ln=01;36:mh=00:pi=40;33:so=01;35:do=01;35:bd=40;33;01:cd=40;33;01:or=40;31;01:su=37;41:sg=30;43:ca=30;41:tw=30;42:ow=34;42:st=37;44:ex=01;32:*.tar=01;31:*.tgz=01;31:*.arj=01;31:*.taz=01;31:*.lzh=01;31:*.lzma=01;31:*.tlz=01;31:*.txz=01;31:*.zip=01;31:*.z=01;31:*.Z=01;31:*.dz=01;31:*.gz=01;31:*.lz=01;31:*.xz=01;31:*.bz2=01;31:*.bz=01;31:*.tbz=01;31:*.tbz2=01;31:*.tz=01;31:*.deb=01;31:*.rpm=01;31:*.jar=01;31:*.war=01;31:*.ear=01;31:*.sar=01;31:*.rar=01;31:*.ace=01;31:*.zoo=01;31:*.cpio=01;31:*.7z=01;31:*.rz=01;31:*.jpg=01;35:*.jpeg=01;35:*.gif=01;35:*.bmp=01;35:*.pbm=01;35:*.pgm=01;35:*.ppm=01;35:*.tga=01;35:*.xbm=01;35:*.xpm=01;35:*.tif=01;35:*.tiff=01;35:*.png=01;35:*.svg=01;35:*.svgz=01;35:*.mng=01;35:*.pcx=01;35:*.mov=01;35:*.mpg=01;35:*.mpeg=01;35:*.m2v=01;35:*.mkv=01;35:*.webm=01;35:*.ogm=01;35:*.mp4=01;35:*.m4v=01;35:*.mp4v=01;35:*.vob=01;35:*.qt=01;35:*.nuv=01;35:*.wmv=01;35:*.asf=01;35:*.rm=01;35:*.rmvb=01;35:*.flc=01;35:*.avi=01;35:*.fli=01;35:*.flv=01;35:*.gl=01;35:*.dl=01;35:*.xcf=01;35:*.xwd=01;35:*.yuv=01;35:*.cgm=01;35:*.emf=01;35:*.axv=01;35:*.anx=01;35:*.ogv=01;35:*.ogx=01;35:*.aac=00;36:*.au=00;36:*.flac=00;36:*.mid=00;36:*.midi=00;36:*.mka=00;36:*.mp3=00;36:*.mpc=00;36:*.ogg=00;36:*.ra=00;36:*.wav=00;36:*.axa=00;36:*.oga=00;36:*.spx=00;36:*.xspf=00;36:', 'LESSCLOSE': '/usr/bin/lesspipe %s %s', 'SSH_TTY': '/dev/pts/9', 'PWD': '/home/mdas', 'ROS_ETC_DIR': '/opt/ros/indigo/etc/ros', 'MAIL': '/var/mail/mdas', 'SSH_CONNECTION': '192.168.1.110 49162 192.168.1.113 22'}]
[roslaunch][INFO] 2017-11-04 10:42:17,935: process[base_laser1-2]: args[[u'/home/mdas/ros_ws/devel/lib/sicktoolbox_wrapper/sicklms', u'scan:=/sensor_msgs/LaserScan', u'__name:=base_laser1']]
[roslaunch][INFO] 2017-11-04 10:42:17,935: ... created process [base_laser1-2]
[roslaunch.pmon][INFO] 2017-11-04 10:42:17,935: ProcessMonitor.register[base_laser1-2]
[roslaunch.pmon][INFO] 2017-11-04 10:42:17,935: ProcessMonitor.register[base_laser1-2] complete
[roslaunch][INFO] 2017-11-04 10:42:17,935: ... registered process [base_laser1-2]
[roslaunch][INFO] 2017-11-04 10:42:17,935: process[base_laser1-2]: starting os process
[roslaunch][INFO] 2017-11-04 10:42:17,935: process[base_laser1-2]: start w/ args [[u'/home/mdas/ros_ws/devel/lib/sicktoolbox_wrapper/sicklms', u'scan:=/sensor_msgs/LaserScan', u'__name:=base_laser1', u'__log:=/home/mdas/.ros/log/5b0c3112-c16e-11e7-ab0b-f44d306c96a4/base_laser1-2.log']]
[roslaunch][INFO] 2017-11-04 10:42:17,936: process[base_laser1-2]: cwd will be [/home/mdas/.ros]
[roslaunch][INFO] 2017-11-04 10:42:17,937: process[base_laser1-2]: started with pid [4697]
[roslaunch][INFO] 2017-11-04 10:42:17,938: ... successfully launched [base_laser1-2]
[roslaunch][INFO] 2017-11-04 10:42:17,938: ... preparing to launch node of type [novatel/novatel_node]
[roslaunch][INFO] 2017-11-04 10:42:17,938: create_node_process: package[novatel] type[novatel_node] machine[Machine(name[] env_loader[None] address[localhost] ssh_port[22] user[None] assignable[True] timeout[10.0])] master_uri[http://localhost:11311]
[roslaunch][INFO] 2017-11-04 10:42:17,938: process[novatel_node-3]: env[{'ROS_DISTRO': 'indigo', 'LESSOPEN': '| /usr/bin/lesspipe %s', 'SSH_CLIENT': '192.168.1.110 49162 22', 'CPATH': '/home/mdas/ros_ws/devel/include:/opt/ros/indigo/include', 'LOGNAME': 'mdas', 'USER': 'mdas', 'PATH': '/opt/ros/indigo/bin:/usr/local/sbin:/usr/local/bin:/usr/sbin:/usr/bin:/sbin:/bin:/usr/games:/usr/local/games', 'HOME': '/home/mdas', 'CMAKE_PREFIX_PATH': '/home/mdas/ros_ws/devel:/opt/ros/indigo', 'ROS_LOG_FILENAME': '/home/mdas/.ros/log/5b0c3112-c16e-11e7-ab0b-f44d306c96a4/roslaunch-mdas-Meerkat-4663.log', 'LANG': 'en_US.UTF-8', 'TERM': 'xterm-256color', 'SHELL': '/bin/bash', 'SHLVL': '1', 'QT_QPA_PLATFORMTHEME': 'appmenu-qt5', 'LD_LIBRARY_PATH': '/home/mdas/ros_ws/devel/lib:/opt/ros/indigo/lib', 'ROS_MASTER_URI': 'http://localhost:11311', 'XDG_RUNTIME_DIR': '/run/user/1000', 'PYTHONPATH': '/home/mdas/ros_ws/devel/lib/python2.7/dist-packages:/opt/ros/indigo/lib/python2.7/dist-packages', 'ROS_ROOT': '/opt/ros/indigo/share/ros', 'PKG_CONFIG_PATH': '/home/mdas/ros_ws/devel/lib/pkgconfig:/opt/ros/indigo/lib/pkgconfig', 'ROS_PACKAGE_PATH': '/home/mdas/ros_ws/src:/opt/ros/indigo/share:/opt/ros/indigo/stacks', 'ROS_WORKSPACE': '/home/mdas/ros_ws', 'XDG_SESSION_ID': '1', '_': '/opt/ros/indigo/bin/roslaunch', 'LS_COLORS': 'rs=0:di=01;34:ln=01;36:mh=00:pi=40;33:so=01;35:do=01;35:bd=40;33;01:cd=40;33;01:or=40;31;01:su=37;41:sg=30;43:ca=30;41:tw=30;42:ow=34;42:st=37;44:ex=01;32:*.tar=01;31:*.tgz=01;31:*.arj=01;31:*.taz=01;31:*.lzh=01;31:*.lzma=01;31:*.tlz=01;31:*.txz=01;31:*.zip=01;31:*.z=01;31:*.Z=01;31:*.dz=01;31:*.gz=01;31:*.lz=01;31:*.xz=01;31:*.bz2=01;31:*.bz=01;31:*.tbz=01;31:*.tbz2=01;31:*.tz=01;31:*.deb=01;31:*.rpm=01;31:*.jar=01;31:*.war=01;31:*.ear=01;31:*.sar=01;31:*.rar=01;31:*.ace=01;31:*.zoo=01;31:*.cpio=01;31:*.7z=01;31:*.rz=01;31:*.jpg=01;35:*.jpeg=01;35:*.gif=01;35:*.bmp=01;35:*.pbm=01;35:*.pgm=01;35:*.ppm=01;35:*.tga=01;35:*.xbm=01;35:*.xpm=01;35:*.tif=01;35:*.tiff=01;35:*.png=01;35:*.svg=01;35:*.svgz=01;35:*.mng=01;35:*.pcx=01;35:*.mov=01;35:*.mpg=01;35:*.mpeg=01;35:*.m2v=01;35:*.mkv=01;35:*.webm=01;35:*.ogm=01;35:*.mp4=01;35:*.m4v=01;35:*.mp4v=01;35:*.vob=01;35:*.qt=01;35:*.nuv=01;35:*.wmv=01;35:*.asf=01;35:*.rm=01;35:*.rmvb=01;35:*.flc=01;35:*.avi=01;35:*.fli=01;35:*.flv=01;35:*.gl=01;35:*.dl=01;35:*.xcf=01;35:*.xwd=01;35:*.yuv=01;35:*.cgm=01;35:*.emf=01;35:*.axv=01;35:*.anx=01;35:*.ogv=01;35:*.ogx=01;35:*.aac=00;36:*.au=00;36:*.flac=00;36:*.mid=00;36:*.midi=00;36:*.mka=00;36:*.mp3=00;36:*.mpc=00;36:*.ogg=00;36:*.ra=00;36:*.wav=00;36:*.axa=00;36:*.oga=00;36:*.spx=00;36:*.xspf=00;36:', 'LESSCLOSE': '/usr/bin/lesspipe %s %s', 'SSH_TTY': '/dev/pts/9', 'PWD': '/home/mdas', 'ROS_ETC_DIR': '/opt/ros/indigo/etc/ros', 'MAIL': '/var/mail/mdas', 'SSH_CONNECTION': '192.168.1.110 49162 192.168.1.113 22'}]
[roslaunch][INFO] 2017-11-04 10:42:17,939: process[novatel_node-3]: args[[u'/home/mdas/ros_ws/devel/lib/novatel/novatel_node', u'__name:=novatel_node']]
[roslaunch][INFO] 2017-11-04 10:42:17,939: ... created process [novatel_node-3]
[roslaunch.pmon][INFO] 2017-11-04 10:42:17,940: ProcessMonitor.register[novatel_node-3]
[roslaunch.pmon][INFO] 2017-11-04 10:42:17,940: ProcessMonitor.register[novatel_node-3] complete
[roslaunch][INFO] 2017-11-04 10:42:17,940: ... registered process [novatel_node-3]
[roslaunch][INFO] 2017-11-04 10:42:17,940: process[novatel_node-3]: starting os process
[roslaunch][INFO] 2017-11-04 10:42:17,940: process[novatel_node-3]: start w/ args [[u'/home/mdas/ros_ws/devel/lib/novatel/novatel_node', u'__name:=novatel_node', u'__log:=/home/mdas/.ros/log/5b0c3112-c16e-11e7-ab0b-f44d306c96a4/novatel_node-3.log']]
[roslaunch][INFO] 2017-11-04 10:42:17,940: process[novatel_node-3]: cwd will be [/home/mdas/.ros]
[roslaunch][INFO] 2017-11-04 10:42:17,942: process[novatel_node-3]: started with pid [4703]
[roslaunch][INFO] 2017-11-04 10:42:17,942: ... successfully launched [novatel_node-3]
[roslaunch][INFO] 2017-11-04 10:42:17,942: ... launch_nodes complete
[roslaunch.pmon][INFO] 2017-11-04 10:42:17,942: registrations completed <ProcessMonitor(ProcessMonitor-1, started daemon 139866139019008)>
[roslaunch.parent][INFO] 2017-11-04 10:42:17,942: ... roslaunch parent running, waiting for process exit
[roslaunch][INFO] 2017-11-04 10:42:17,942: spin
[roslaunch][ERROR] 2017-11-04 10:42:18,259: [base_laser1-2] process has died [pid 4697, exit code 2, cmd /home/mdas/ros_ws/devel/lib/sicktoolbox_wrapper/sicklms scan:=/sensor_msgs/LaserScan __name:=base_laser1 __log:=/home/mdas/.ros/log/5b0c3112-c16e-11e7-ab0b-f44d306c96a4/base_laser1-2.log].
log file: /home/mdas/.ros/log/5b0c3112-c16e-11e7-ab0b-f44d306c96a4/base_laser1-2*.log
[roslaunch][INFO] 2017-11-04 10:42:18,260: [base_laser1-2] restarting process
[roslaunch][INFO] 2017-11-04 10:42:18,260: process[base_laser1-2]: restarting os process
[roslaunch][INFO] 2017-11-04 10:42:18,261: process[base_laser1-2]: start w/ args [[u'/home/mdas/ros_ws/devel/lib/sicktoolbox_wrapper/sicklms', u'scan:=/sensor_msgs/LaserScan', u'__name:=base_laser1', u'__log:=/home/mdas/.ros/log/5b0c3112-c16e-11e7-ab0b-f44d306c96a4/base_laser1-2.log']]
[roslaunch][INFO] 2017-11-04 10:42:18,261: process[base_laser1-2]: cwd will be [/home/mdas/.ros]
[roslaunch][INFO] 2017-11-04 10:42:18,268: process[base_laser1-2]: started with pid [4787]
[roslaunch][ERROR] 2017-11-04 10:42:18,671: [base_laser1-2] process has died [pid 4787, exit code 2, cmd /home/mdas/ros_ws/devel/lib/sicktoolbox_wrapper/sicklms scan:=/sensor_msgs/LaserScan __name:=base_laser1 __log:=/home/mdas/.ros/log/5b0c3112-c16e-11e7-ab0b-f44d306c96a4/base_laser1-2.log].
log file: /home/mdas/.ros/log/5b0c3112-c16e-11e7-ab0b-f44d306c96a4/base_laser1-2*.log
[roslaunch][INFO] 2017-11-04 10:42:18,672: [base_laser1-2] restarting process
[roslaunch][INFO] 2017-11-04 10:42:18,673: process[base_laser1-2]: restarting os process
[roslaunch][INFO] 2017-11-04 10:42:18,673: process[base_laser1-2]: start w/ args [[u'/home/mdas/ros_ws/devel/lib/sicktoolbox_wrapper/sicklms', u'scan:=/sensor_msgs/LaserScan', u'__name:=base_laser1', u'__log:=/home/mdas/.ros/log/5b0c3112-c16e-11e7-ab0b-f44d306c96a4/base_laser1-2.log']]
[roslaunch][INFO] 2017-11-04 10:42:18,674: process[base_laser1-2]: cwd will be [/home/mdas/.ros]
[roslaunch][INFO] 2017-11-04 10:42:18,681: process[base_laser1-2]: started with pid [4828]
[roslaunch][ERROR] 2017-11-04 10:42:19,083: [base_laser1-2] process has died [pid 4828, exit code 2, cmd /home/mdas/ros_ws/devel/lib/sicktoolbox_wrapper/sicklms scan:=/sensor_msgs/LaserScan __name:=base_laser1 __log:=/home/mdas/.ros/log/5b0c3112-c16e-11e7-ab0b-f44d306c96a4/base_laser1-2.log].
log file: /home/mdas/.ros/log/5b0c3112-c16e-11e7-ab0b-f44d306c96a4/base_laser1-2*.log
[roslaunch][INFO] 2017-11-04 10:42:19,084: [base_laser1-2] restarting process
[roslaunch][INFO] 2017-11-04 10:42:19,084: process[base_laser1-2]: restarting os process
[roslaunch][INFO] 2017-11-04 10:42:19,085: process[base_laser1-2]: start w/ args [[u'/home/mdas/ros_ws/devel/lib/sicktoolbox_wrapper/sicklms', u'scan:=/sensor_msgs/LaserScan', u'__name:=base_laser1', u'__log:=/home/mdas/.ros/log/5b0c3112-c16e-11e7-ab0b-f44d306c96a4/base_laser1-2.log']]
[roslaunch][INFO] 2017-11-04 10:42:19,086: process[base_laser1-2]: cwd will be [/home/mdas/.ros]
[roslaunch][INFO] 2017-11-04 10:42:19,093: process[base_laser1-2]: started with pid [4869]
[roslaunch][ERROR] 2017-11-04 10:42:19,496: [base_laser1-2] process has died [pid 4869, exit code 2, cmd /home/mdas/ros_ws/devel/lib/sicktoolbox_wrapper/sicklms scan:=/sensor_msgs/LaserScan __name:=base_laser1 __log:=/home/mdas/.ros/log/5b0c3112-c16e-11e7-ab0b-f44d306c96a4/base_laser1-2.log].
log file: /home/mdas/.ros/log/5b0c3112-c16e-11e7-ab0b-f44d306c96a4/base_laser1-2*.log
[roslaunch][INFO] 2017-11-04 10:42:19,497: [base_laser1-2] restarting process
[roslaunch][INFO] 2017-11-04 10:42:19,497: process[base_laser1-2]: restarting os process
[roslaunch][INFO] 2017-11-04 10:42:19,498: process[base_laser1-2]: start w/ args [[u'/home/mdas/ros_ws/devel/lib/sicktoolbox_wrapper/sicklms', u'scan:=/sensor_msgs/LaserScan', u'__name:=base_laser1', u'__log:=/home/mdas/.ros/log/5b0c3112-c16e-11e7-ab0b-f44d306c96a4/base_laser1-2.log']]
[roslaunch][INFO] 2017-11-04 10:42:19,498: process[base_laser1-2]: cwd will be [/home/mdas/.ros]
[roslaunch][INFO] 2017-11-04 10:42:19,505: process[base_laser1-2]: started with pid [4910]
[roslaunch][ERROR] 2017-11-04 10:42:19,808: [base_laser1-2] process has died [pid 4910, exit code 2, cmd /home/mdas/ros_ws/devel/lib/sicktoolbox_wrapper/sicklms scan:=/sensor_msgs/LaserScan __name:=base_laser1 __log:=/home/mdas/.ros/log/5b0c3112-c16e-11e7-ab0b-f44d306c96a4/base_laser1-2.log].
log file: /home/mdas/.ros/log/5b0c3112-c16e-11e7-ab0b-f44d306c96a4/base_laser1-2*.log
[roslaunch][INFO] 2017-11-04 10:42:19,809: [base_laser1-2] restarting process
[roslaunch][INFO] 2017-11-04 10:42:19,809: process[base_laser1-2]: restarting os process
[roslaunch][INFO] 2017-11-04 10:42:19,810: process[base_laser1-2]: start w/ args [[u'/home/mdas/ros_ws/devel/lib/sicktoolbox_wrapper/sicklms', u'scan:=/sensor_msgs/LaserScan', u'__name:=base_laser1', u'__log:=/home/mdas/.ros/log/5b0c3112-c16e-11e7-ab0b-f44d306c96a4/base_laser1-2.log']]
[roslaunch][INFO] 2017-11-04 10:42:19,810: process[base_laser1-2]: cwd will be [/home/mdas/.ros]
[roslaunch][INFO] 2017-11-04 10:42:19,817: process[base_laser1-2]: started with pid [4952]
[roslaunch][ERROR] 2017-11-04 10:42:20,120: [base_laser1-2] process has died [pid 4952, exit code 2, cmd /home/mdas/ros_ws/devel/lib/sicktoolbox_wrapper/sicklms scan:=/sensor_msgs/LaserScan __name:=base_laser1 __log:=/home/mdas/.ros/log/5b0c3112-c16e-11e7-ab0b-f44d306c96a4/base_laser1-2.log].
log file: /home/mdas/.ros/log/5b0c3112-c16e-11e7-ab0b-f44d306c96a4/base_laser1-2*.log
[roslaunch][INFO] 2017-11-04 10:42:20,121: [base_laser1-2] restarting process
[roslaunch][INFO] 2017-11-04 10:42:20,122: process[base_laser1-2]: restarting os process
[roslaunch][INFO] 2017-11-04 10:42:20,122: process[base_laser1-2]: start w/ args [[u'/home/mdas/ros_ws/devel/lib/sicktoolbox_wrapper/sicklms', u'scan:=/sensor_msgs/LaserScan', u'__name:=base_laser1', u'__log:=/home/mdas/.ros/log/5b0c3112-c16e-11e7-ab0b-f44d306c96a4/base_laser1-2.log']]
[roslaunch][INFO] 2017-11-04 10:42:20,123: process[base_laser1-2]: cwd will be [/home/mdas/.ros]
[roslaunch][INFO] 2017-11-04 10:42:20,130: process[base_laser1-2]: started with pid [4993]
[roslaunch][ERROR] 2017-11-04 10:42:20,432: [base_laser1-2] process has died [pid 4993, exit code 2, cmd /home/mdas/ros_ws/devel/lib/sicktoolbox_wrapper/sicklms scan:=/sensor_msgs/LaserScan __name:=base_laser1 __log:=/home/mdas/.ros/log/5b0c3112-c16e-11e7-ab0b-f44d306c96a4/base_laser1-2.log].
log file: /home/mdas/.ros/log/5b0c3112-c16e-11e7-ab0b-f44d306c96a4/base_laser1-2*.log
[roslaunch][INFO] 2017-11-04 10:42:20,433: [base_laser1-2] restarting process
[roslaunch][INFO] 2017-11-04 10:42:20,434: process[base_laser1-2]: restarting os process
[roslaunch][INFO] 2017-11-04 10:42:20,434: process[base_laser1-2]: start w/ args [[u'/home/mdas/ros_ws/devel/lib/sicktoolbox_wrapper/sicklms', u'scan:=/sensor_msgs/LaserScan', u'__name:=base_laser1', u'__log:=/home/mdas/.ros/log/5b0c3112-c16e-11e7-ab0b-f44d306c96a4/base_laser1-2.log']]
[roslaunch][INFO] 2017-11-04 10:42:20,435: process[base_laser1-2]: cwd will be [/home/mdas/.ros]
[roslaunch][INFO] 2017-11-04 10:42:20,442: process[base_laser1-2]: started with pid [5034]
[roslaunch][ERROR] 2017-11-04 10:42:20,744: [base_laser1-2] process has died [pid 5034, exit code 2, cmd /home/mdas/ros_ws/devel/lib/sicktoolbox_wrapper/sicklms scan:=/sensor_msgs/LaserScan __name:=base_laser1 __log:=/home/mdas/.ros/log/5b0c3112-c16e-11e7-ab0b-f44d306c96a4/base_laser1-2.log].
log file: /home/mdas/.ros/log/5b0c3112-c16e-11e7-ab0b-f44d306c96a4/base_laser1-2*.log
[roslaunch][INFO] 2017-11-04 10:42:20,745: [base_laser1-2] restarting process
[roslaunch][INFO] 2017-11-04 10:42:20,746: process[base_laser1-2]: restarting os process
[roslaunch][INFO] 2017-11-04 10:42:20,746: process[base_laser1-2]: start w/ args [[u'/home/mdas/ros_ws/devel/lib/sicktoolbox_wrapper/sicklms', u'scan:=/sensor_msgs/LaserScan', u'__name:=base_laser1', u'__log:=/home/mdas/.ros/log/5b0c3112-c16e-11e7-ab0b-f44d306c96a4/base_laser1-2.log']]
[roslaunch][INFO] 2017-11-04 10:42:20,747: process[base_laser1-2]: cwd will be [/home/mdas/.ros]
[roslaunch][INFO] 2017-11-04 10:42:20,754: process[base_laser1-2]: started with pid [5075]
[roslaunch][ERROR] 2017-11-04 10:42:21,157: [base_laser1-2] process has died [pid 5075, exit code 2, cmd /home/mdas/ros_ws/devel/lib/sicktoolbox_wrapper/sicklms scan:=/sensor_msgs/LaserScan __name:=base_laser1 __log:=/home/mdas/.ros/log/5b0c3112-c16e-11e7-ab0b-f44d306c96a4/base_laser1-2.log].
log file: /home/mdas/.ros/log/5b0c3112-c16e-11e7-ab0b-f44d306c96a4/base_laser1-2*.log
[roslaunch][INFO] 2017-11-04 10:42:21,158: [base_laser1-2] restarting process
[roslaunch][INFO] 2017-11-04 10:42:21,158: process[base_laser1-2]: restarting os process
[roslaunch][INFO] 2017-11-04 10:42:21,159: process[base_laser1-2]: start w/ args [[u'/home/mdas/ros_ws/devel/lib/sicktoolbox_wrapper/sicklms', u'scan:=/sensor_msgs/LaserScan', u'__name:=base_laser1', u'__log:=/home/mdas/.ros/log/5b0c3112-c16e-11e7-ab0b-f44d306c96a4/base_laser1-2.log']]
[roslaunch][INFO] 2017-11-04 10:42:21,159: process[base_laser1-2]: cwd will be [/home/mdas/.ros]
[roslaunch][INFO] 2017-11-04 10:42:21,166: process[base_laser1-2]: started with pid [5116]
[roslaunch][ERROR] 2017-11-04 10:42:21,569: [base_laser1-2] process has died [pid 5116, exit code 2, cmd /home/mdas/ros_ws/devel/lib/sicktoolbox_wrapper/sicklms scan:=/sensor_msgs/LaserScan __name:=base_laser1 __log:=/home/mdas/.ros/log/5b0c3112-c16e-11e7-ab0b-f44d306c96a4/base_laser1-2.log].
log file: /home/mdas/.ros/log/5b0c3112-c16e-11e7-ab0b-f44d306c96a4/base_laser1-2*.log
[roslaunch][INFO] 2017-11-04 10:42:21,570: [base_laser1-2] restarting process
[roslaunch][INFO] 2017-11-04 10:42:21,570: process[base_laser1-2]: restarting os process
[roslaunch][INFO] 2017-11-04 10:42:21,571: process[base_laser1-2]: start w/ args [[u'/home/mdas/ros_ws/devel/lib/sicktoolbox_wrapper/sicklms', u'scan:=/sensor_msgs/LaserScan', u'__name:=base_laser1', u'__log:=/home/mdas/.ros/log/5b0c3112-c16e-11e7-ab0b-f44d306c96a4/base_laser1-2.log']]
[roslaunch][INFO] 2017-11-04 10:42:21,571: process[base_laser1-2]: cwd will be [/home/mdas/.ros]
[roslaunch][INFO] 2017-11-04 10:42:21,578: process[base_laser1-2]: started with pid [5157]
[roslaunch][ERROR] 2017-11-04 10:42:21,981: [base_laser1-2] process has died [pid 5157, exit code 2, cmd /home/mdas/ros_ws/devel/lib/sicktoolbox_wrapper/sicklms scan:=/sensor_msgs/LaserScan __name:=base_laser1 __log:=/home/mdas/.ros/log/5b0c3112-c16e-11e7-ab0b-f44d306c96a4/base_laser1-2.log].
log file: /home/mdas/.ros/log/5b0c3112-c16e-11e7-ab0b-f44d306c96a4/base_laser1-2*.log
[roslaunch][INFO] 2017-11-04 10:42:21,982: [base_laser1-2] restarting process
[roslaunch][INFO] 2017-11-04 10:42:21,982: process[base_laser1-2]: restarting os process
[roslaunch][INFO] 2017-11-04 10:42:21,983: process[base_laser1-2]: start w/ args [[u'/home/mdas/ros_ws/devel/lib/sicktoolbox_wrapper/sicklms', u'scan:=/sensor_msgs/LaserScan', u'__name:=base_laser1', u'__log:=/home/mdas/.ros/log/5b0c3112-c16e-11e7-ab0b-f44d306c96a4/base_laser1-2.log']]
[roslaunch][INFO] 2017-11-04 10:42:21,983: process[base_laser1-2]: cwd will be [/home/mdas/.ros]
[roslaunch][INFO] 2017-11-04 10:42:21,990: process[base_laser1-2]: started with pid [5198]
[roslaunch][ERROR] 2017-11-04 10:42:22,293: [base_laser1-2] process has died [pid 5198, exit code 2, cmd /home/mdas/ros_ws/devel/lib/sicktoolbox_wrapper/sicklms scan:=/sensor_msgs/LaserScan __name:=base_laser1 __log:=/home/mdas/.ros/log/5b0c3112-c16e-11e7-ab0b-f44d306c96a4/base_laser1-2.log].
log file: /home/mdas/.ros/log/5b0c3112-c16e-11e7-ab0b-f44d306c96a4/base_laser1-2*.log
[roslaunch][INFO] 2017-11-04 10:42:22,294: [base_laser1-2] restarting process
[roslaunch][INFO] 2017-11-04 10:42:22,294: process[base_laser1-2]: restarting os process
[roslaunch][INFO] 2017-11-04 10:42:22,295: process[base_laser1-2]: start w/ args [[u'/home/mdas/ros_ws/devel/lib/sicktoolbox_wrapper/sicklms', u'scan:=/sensor_msgs/LaserScan', u'__name:=base_laser1', u'__log:=/home/mdas/.ros/log/5b0c3112-c16e-11e7-ab0b-f44d306c96a4/base_laser1-2.log']]
[roslaunch][INFO] 2017-11-04 10:42:22,295: process[base_laser1-2]: cwd will be [/home/mdas/.ros]
[roslaunch][INFO] 2017-11-04 10:42:22,302: process[base_laser1-2]: started with pid [5239]
[roslaunch][ERROR] 2017-11-04 10:42:22,605: [base_laser1-2] process has died [pid 5239, exit code 2, cmd /home/mdas/ros_ws/devel/lib/sicktoolbox_wrapper/sicklms scan:=/sensor_msgs/LaserScan __name:=base_laser1 __log:=/home/mdas/.ros/log/5b0c3112-c16e-11e7-ab0b-f44d306c96a4/base_laser1-2.log].
log file: /home/mdas/.ros/log/5b0c3112-c16e-11e7-ab0b-f44d306c96a4/base_laser1-2*.log
[roslaunch][INFO] 2017-11-04 10:42:22,606: [base_laser1-2] restarting process
[roslaunch][INFO] 2017-11-04 10:42:22,606: process[base_laser1-2]: restarting os process
[roslaunch][INFO] 2017-11-04 10:42:22,607: process[base_laser1-2]: start w/ args [[u'/home/mdas/ros_ws/devel/lib/sicktoolbox_wrapper/sicklms', u'scan:=/sensor_msgs/LaserScan', u'__name:=base_laser1', u'__log:=/home/mdas/.ros/log/5b0c3112-c16e-11e7-ab0b-f44d306c96a4/base_laser1-2.log']]
[roslaunch][INFO] 2017-11-04 10:42:22,607: process[base_laser1-2]: cwd will be [/home/mdas/.ros]
[roslaunch][INFO] 2017-11-04 10:42:22,614: process[base_laser1-2]: started with pid [5280]
[roslaunch][ERROR] 2017-11-04 10:42:22,917: [base_laser1-2] process has died [pid 5280, exit code 2, cmd /home/mdas/ros_ws/devel/lib/sicktoolbox_wrapper/sicklms scan:=/sensor_msgs/LaserScan __name:=base_laser1 __log:=/home/mdas/.ros/log/5b0c3112-c16e-11e7-ab0b-f44d306c96a4/base_laser1-2.log].
log file: /home/mdas/.ros/log/5b0c3112-c16e-11e7-ab0b-f44d306c96a4/base_laser1-2*.log
[roslaunch][INFO] 2017-11-04 10:42:22,918: [base_laser1-2] restarting process
[roslaunch][INFO] 2017-11-04 10:42:22,918: process[base_laser1-2]: restarting os process
[roslaunch][INFO] 2017-11-04 10:42:22,919: process[base_laser1-2]: start w/ args [[u'/home/mdas/ros_ws/devel/lib/sicktoolbox_wrapper/sicklms', u'scan:=/sensor_msgs/LaserScan', u'__name:=base_laser1', u'__log:=/home/mdas/.ros/log/5b0c3112-c16e-11e7-ab0b-f44d306c96a4/base_laser1-2.log']]
[roslaunch][INFO] 2017-11-04 10:42:22,919: process[base_laser1-2]: cwd will be [/home/mdas/.ros]
[roslaunch][INFO] 2017-11-04 10:42:22,926: process[base_laser1-2]: started with pid [5321]
[roslaunch][ERROR] 2017-11-04 10:42:23,228: [base_laser1-2] process has died [pid 5321, exit code 2, cmd /home/mdas/ros_ws/devel/lib/sicktoolbox_wrapper/sicklms scan:=/sensor_msgs/LaserScan __name:=base_laser1 __log:=/home/mdas/.ros/log/5b0c3112-c16e-11e7-ab0b-f44d306c96a4/base_laser1-2.log].
log file: /home/mdas/.ros/log/5b0c3112-c16e-11e7-ab0b-f44d306c96a4/base_laser1-2*.log
[roslaunch][INFO] 2017-11-04 10:42:23,229: [base_laser1-2] restarting process
[roslaunch][INFO] 2017-11-04 10:42:23,230: process[base_laser1-2]: restarting os process
[roslaunch][INFO] 2017-11-04 10:42:23,230: process[base_laser1-2]: start w/ args [[u'/home/mdas/ros_ws/devel/lib/sicktoolbox_wrapper/sicklms', u'scan:=/sensor_msgs/LaserScan', u'__name:=base_laser1', u'__log:=/home/mdas/.ros/log/5b0c3112-c16e-11e7-ab0b-f44d306c96a4/base_laser1-2.log']]
[roslaunch][INFO] 2017-11-04 10:42:23,231: process[base_laser1-2]: cwd will be [/home/mdas/.ros]
[roslaunch][INFO] 2017-11-04 10:42:23,239: process[base_laser1-2]: started with pid [5362]
[roslaunch][ERROR] 2017-11-04 10:42:23,541: [base_laser1-2] process has died [pid 5362, exit code 2, cmd /home/mdas/ros_ws/devel/lib/sicktoolbox_wrapper/sicklms scan:=/sensor_msgs/LaserScan __name:=base_laser1 __log:=/home/mdas/.ros/log/5b0c3112-c16e-11e7-ab0b-f44d306c96a4/base_laser1-2.log].
log file: /home/mdas/.ros/log/5b0c3112-c16e-11e7-ab0b-f44d306c96a4/base_laser1-2*.log
[roslaunch][INFO] 2017-11-04 10:42:23,542: [base_laser1-2] restarting process
[roslaunch][INFO] 2017-11-04 10:42:23,542: process[base_laser1-2]: restarting os process
[roslaunch][INFO] 2017-11-04 10:42:23,543: process[base_laser1-2]: start w/ args [[u'/home/mdas/ros_ws/devel/lib/sicktoolbox_wrapper/sicklms', u'scan:=/sensor_msgs/LaserScan', u'__name:=base_laser1', u'__log:=/home/mdas/.ros/log/5b0c3112-c16e-11e7-ab0b-f44d306c96a4/base_laser1-2.log']]
[roslaunch][INFO] 2017-11-04 10:42:23,544: process[base_laser1-2]: cwd will be [/home/mdas/.ros]
[roslaunch][INFO] 2017-11-04 10:42:23,551: process[base_laser1-2]: started with pid [5403]
[roslaunch][ERROR] 2017-11-04 10:42:23,853: [base_laser1-2] process has died [pid 5403, exit code 2, cmd /home/mdas/ros_ws/devel/lib/sicktoolbox_wrapper/sicklms scan:=/sensor_msgs/LaserScan __name:=base_laser1 __log:=/home/mdas/.ros/log/5b0c3112-c16e-11e7-ab0b-f44d306c96a4/base_laser1-2.log].
log file: /home/mdas/.ros/log/5b0c3112-c16e-11e7-ab0b-f44d306c96a4/base_laser1-2*.log
[roslaunch][INFO] 2017-11-04 10:42:23,854: [base_laser1-2] restarting process
[roslaunch][INFO] 2017-11-04 10:42:23,855: process[base_laser1-2]: restarting os process
[roslaunch][INFO] 2017-11-04 10:42:23,855: process[base_laser1-2]: start w/ args [[u'/home/mdas/ros_ws/devel/lib/sicktoolbox_wrapper/sicklms', u'scan:=/sensor_msgs/LaserScan', u'__name:=base_laser1', u'__log:=/home/mdas/.ros/log/5b0c3112-c16e-11e7-ab0b-f44d306c96a4/base_laser1-2.log']]
[roslaunch][INFO] 2017-11-04 10:42:23,856: process[base_laser1-2]: cwd will be [/home/mdas/.ros]
[roslaunch][INFO] 2017-11-04 10:42:23,863: process[base_laser1-2]: started with pid [5444]
[roslaunch][ERROR] 2017-11-04 10:42:24,166: [base_laser1-2] process has died [pid 5444, exit code 2, cmd /home/mdas/ros_ws/devel/lib/sicktoolbox_wrapper/sicklms scan:=/sensor_msgs/LaserScan __name:=base_laser1 __log:=/home/mdas/.ros/log/5b0c3112-c16e-11e7-ab0b-f44d306c96a4/base_laser1-2.log].
log file: /home/mdas/.ros/log/5b0c3112-c16e-11e7-ab0b-f44d306c96a4/base_laser1-2*.log
[roslaunch][INFO] 2017-11-04 10:42:24,166: [base_laser1-2] restarting process
[roslaunch][INFO] 2017-11-04 10:42:24,167: process[base_laser1-2]: restarting os process
[roslaunch][INFO] 2017-11-04 10:42:24,167: process[base_laser1-2]: start w/ args [[u'/home/mdas/ros_ws/devel/lib/sicktoolbox_wrapper/sicklms', u'scan:=/sensor_msgs/LaserScan', u'__name:=base_laser1', u'__log:=/home/mdas/.ros/log/5b0c3112-c16e-11e7-ab0b-f44d306c96a4/base_laser1-2.log']]
[roslaunch][INFO] 2017-11-04 10:42:24,168: process[base_laser1-2]: cwd will be [/home/mdas/.ros]
[roslaunch][INFO] 2017-11-04 10:42:24,175: process[base_laser1-2]: started with pid [5485]
[roslaunch][ERROR] 2017-11-04 10:42:24,478: [base_laser1-2] process has died [pid 5485, exit code 2, cmd /home/mdas/ros_ws/devel/lib/sicktoolbox_wrapper/sicklms scan:=/sensor_msgs/LaserScan __name:=base_laser1 __log:=/home/mdas/.ros/log/5b0c3112-c16e-11e7-ab0b-f44d306c96a4/base_laser1-2.log].
log file: /home/mdas/.ros/log/5b0c3112-c16e-11e7-ab0b-f44d306c96a4/base_laser1-2*.log
[roslaunch][INFO] 2017-11-04 10:42:24,478: [base_laser1-2] restarting process
[roslaunch][INFO] 2017-11-04 10:42:24,479: process[base_laser1-2]: restarting os process
[roslaunch][INFO] 2017-11-04 10:42:24,480: process[base_laser1-2]: start w/ args [[u'/home/mdas/ros_ws/devel/lib/sicktoolbox_wrapper/sicklms', u'scan:=/sensor_msgs/LaserScan', u'__name:=base_laser1', u'__log:=/home/mdas/.ros/log/5b0c3112-c16e-11e7-ab0b-f44d306c96a4/base_laser1-2.log']]
[roslaunch][INFO] 2017-11-04 10:42:24,480: process[base_laser1-2]: cwd will be [/home/mdas/.ros]
[roslaunch][INFO] 2017-11-04 10:42:24,487: process[base_laser1-2]: started with pid [5526]
[roslaunch][ERROR] 2017-11-04 10:42:24,890: [base_laser1-2] process has died [pid 5526, exit code 2, cmd /home/mdas/ros_ws/devel/lib/sicktoolbox_wrapper/sicklms scan:=/sensor_msgs/LaserScan __name:=base_laser1 __log:=/home/mdas/.ros/log/5b0c3112-c16e-11e7-ab0b-f44d306c96a4/base_laser1-2.log].
log file: /home/mdas/.ros/log/5b0c3112-c16e-11e7-ab0b-f44d306c96a4/base_laser1-2*.log
[roslaunch][INFO] 2017-11-04 10:42:24,891: [base_laser1-2] restarting process
[roslaunch][INFO] 2017-11-04 10:42:24,891: process[base_laser1-2]: restarting os process
[roslaunch][INFO] 2017-11-04 10:42:24,892: process[base_laser1-2]: start w/ args [[u'/home/mdas/ros_ws/devel/lib/sicktoolbox_wrapper/sicklms', u'scan:=/sensor_msgs/LaserScan', u'__name:=base_laser1', u'__log:=/home/mdas/.ros/log/5b0c3112-c16e-11e7-ab0b-f44d306c96a4/base_laser1-2.log']]
[roslaunch][INFO] 2017-11-04 10:42:24,892: process[base_laser1-2]: cwd will be [/home/mdas/.ros]
[roslaunch][INFO] 2017-11-04 10:42:24,899: process[base_laser1-2]: started with pid [5567]
[roslaunch][ERROR] 2017-11-04 10:42:25,301: [base_laser1-2] process has died [pid 5567, exit code 2, cmd /home/mdas/ros_ws/devel/lib/sicktoolbox_wrapper/sicklms scan:=/sensor_msgs/LaserScan __name:=base_laser1 __log:=/home/mdas/.ros/log/5b0c3112-c16e-11e7-ab0b-f44d306c96a4/base_laser1-2.log].
log file: /home/mdas/.ros/log/5b0c3112-c16e-11e7-ab0b-f44d306c96a4/base_laser1-2*.log
[roslaunch][INFO] 2017-11-04 10:42:25,302: [base_laser1-2] restarting process
[roslaunch][INFO] 2017-11-04 10:42:25,303: process[base_laser1-2]: restarting os process
[roslaunch][INFO] 2017-11-04 10:42:25,304: process[base_laser1-2]: start w/ args [[u'/home/mdas/ros_ws/devel/lib/sicktoolbox_wrapper/sicklms', u'scan:=/sensor_msgs/LaserScan', u'__name:=base_laser1', u'__log:=/home/mdas/.ros/log/5b0c3112-c16e-11e7-ab0b-f44d306c96a4/base_laser1-2.log']]
[roslaunch][INFO] 2017-11-04 10:42:25,304: process[base_laser1-2]: cwd will be [/home/mdas/.ros]
[roslaunch][INFO] 2017-11-04 10:42:25,311: process[base_laser1-2]: started with pid [5608]
[roslaunch][ERROR] 2017-11-04 10:42:25,614: [base_laser1-2] process has died [pid 5608, exit code 2, cmd /home/mdas/ros_ws/devel/lib/sicktoolbox_wrapper/sicklms scan:=/sensor_msgs/LaserScan __name:=base_laser1 __log:=/home/mdas/.ros/log/5b0c3112-c16e-11e7-ab0b-f44d306c96a4/base_laser1-2.log].
log file: /home/mdas/.ros/log/5b0c3112-c16e-11e7-ab0b-f44d306c96a4/base_laser1-2*.log
[roslaunch][INFO] 2017-11-04 10:42:25,614: [base_laser1-2] restarting process
[roslaunch][INFO] 2017-11-04 10:42:25,615: process[base_laser1-2]: restarting os process
[roslaunch][INFO] 2017-11-04 10:42:25,615: process[base_laser1-2]: start w/ args [[u'/home/mdas/ros_ws/devel/lib/sicktoolbox_wrapper/sicklms', u'scan:=/sensor_msgs/LaserScan', u'__name:=base_laser1', u'__log:=/home/mdas/.ros/log/5b0c3112-c16e-11e7-ab0b-f44d306c96a4/base_laser1-2.log']]
[roslaunch][INFO] 2017-11-04 10:42:25,616: process[base_laser1-2]: cwd will be [/home/mdas/.ros]
[roslaunch][INFO] 2017-11-04 10:42:25,623: process[base_laser1-2]: started with pid [5649]
[roslaunch][ERROR] 2017-11-04 10:42:25,925: [base_laser1-2] process has died [pid 5649, exit code 2, cmd /home/mdas/ros_ws/devel/lib/sicktoolbox_wrapper/sicklms scan:=/sensor_msgs/LaserScan __name:=base_laser1 __log:=/home/mdas/.ros/log/5b0c3112-c16e-11e7-ab0b-f44d306c96a4/base_laser1-2.log].
log file: /home/mdas/.ros/log/5b0c3112-c16e-11e7-ab0b-f44d306c96a4/base_laser1-2*.log
[roslaunch][INFO] 2017-11-04 10:42:25,925: [base_laser1-2] restarting process
[roslaunch][INFO] 2017-11-04 10:42:25,926: process[base_laser1-2]: restarting os process
[roslaunch][INFO] 2017-11-04 10:42:25,927: process[base_laser1-2]: start w/ args [[u'/home/mdas/ros_ws/devel/lib/sicktoolbox_wrapper/sicklms', u'scan:=/sensor_msgs/LaserScan', u'__name:=base_laser1', u'__log:=/home/mdas/.ros/log/5b0c3112-c16e-11e7-ab0b-f44d306c96a4/base_laser1-2.log']]
[roslaunch][INFO] 2017-11-04 10:42:25,927: process[base_laser1-2]: cwd will be [/home/mdas/.ros]
[roslaunch][INFO] 2017-11-04 10:42:25,933: process[base_laser1-2]: started with pid [5690]
[roslaunch][ERROR] 2017-11-04 10:42:26,235: [base_laser1-2] process has died [pid 5690, exit code 2, cmd /home/mdas/ros_ws/devel/lib/sicktoolbox_wrapper/sicklms scan:=/sensor_msgs/LaserScan __name:=base_laser1 __log:=/home/mdas/.ros/log/5b0c3112-c16e-11e7-ab0b-f44d306c96a4/base_laser1-2.log].
log file: /home/mdas/.ros/log/5b0c3112-c16e-11e7-ab0b-f44d306c96a4/base_laser1-2*.log
[roslaunch][INFO] 2017-11-04 10:42:26,236: [base_laser1-2] restarting process
[roslaunch][INFO] 2017-11-04 10:42:26,236: process[base_laser1-2]: restarting os process
[roslaunch][INFO] 2017-11-04 10:42:26,237: process[base_laser1-2]: start w/ args [[u'/home/mdas/ros_ws/devel/lib/sicktoolbox_wrapper/sicklms', u'scan:=/sensor_msgs/LaserScan', u'__name:=base_laser1', u'__log:=/home/mdas/.ros/log/5b0c3112-c16e-11e7-ab0b-f44d306c96a4/base_laser1-2.log']]
[roslaunch][INFO] 2017-11-04 10:42:26,237: process[base_laser1-2]: cwd will be [/home/mdas/.ros]
[roslaunch][INFO] 2017-11-04 10:42:26,244: process[base_laser1-2]: started with pid [5731]
[roslaunch][ERROR] 2017-11-04 10:42:26,547: [base_laser1-2] process has died [pid 5731, exit code 2, cmd /home/mdas/ros_ws/devel/lib/sicktoolbox_wrapper/sicklms scan:=/sensor_msgs/LaserScan __name:=base_laser1 __log:=/home/mdas/.ros/log/5b0c3112-c16e-11e7-ab0b-f44d306c96a4/base_laser1-2.log].
log file: /home/mdas/.ros/log/5b0c3112-c16e-11e7-ab0b-f44d306c96a4/base_laser1-2*.log
[roslaunch][INFO] 2017-11-04 10:42:26,548: [base_laser1-2] restarting process
[roslaunch][INFO] 2017-11-04 10:42:26,548: process[base_laser1-2]: restarting os process
[roslaunch][INFO] 2017-11-04 10:42:26,549: process[base_laser1-2]: start w/ args [[u'/home/mdas/ros_ws/devel/lib/sicktoolbox_wrapper/sicklms', u'scan:=/sensor_msgs/LaserScan', u'__name:=base_laser1', u'__log:=/home/mdas/.ros/log/5b0c3112-c16e-11e7-ab0b-f44d306c96a4/base_laser1-2.log']]
[roslaunch][INFO] 2017-11-04 10:42:26,549: process[base_laser1-2]: cwd will be [/home/mdas/.ros]
[roslaunch][INFO] 2017-11-04 10:42:26,556: process[base_laser1-2]: started with pid [5772]
[roslaunch][ERROR] 2017-11-04 10:42:26,859: [base_laser1-2] process has died [pid 5772, exit code 2, cmd /home/mdas/ros_ws/devel/lib/sicktoolbox_wrapper/sicklms scan:=/sensor_msgs/LaserScan __name:=base_laser1 __log:=/home/mdas/.ros/log/5b0c3112-c16e-11e7-ab0b-f44d306c96a4/base_laser1-2.log].
log file: /home/mdas/.ros/log/5b0c3112-c16e-11e7-ab0b-f44d306c96a4/base_laser1-2*.log
[roslaunch][INFO] 2017-11-04 10:42:26,860: [base_laser1-2] restarting process
[roslaunch][INFO] 2017-11-04 10:42:26,860: process[base_laser1-2]: restarting os process
[roslaunch][INFO] 2017-11-04 10:42:26,861: process[base_laser1-2]: start w/ args [[u'/home/mdas/ros_ws/devel/lib/sicktoolbox_wrapper/sicklms', u'scan:=/sensor_msgs/LaserScan', u'__name:=base_laser1', u'__log:=/home/mdas/.ros/log/5b0c3112-c16e-11e7-ab0b-f44d306c96a4/base_laser1-2.log']]
[roslaunch][INFO] 2017-11-04 10:42:26,861: process[base_laser1-2]: cwd will be [/home/mdas/.ros]
[roslaunch][INFO] 2017-11-04 10:42:26,869: process[base_laser1-2]: started with pid [5813]
[roslaunch][ERROR] 2017-11-04 10:42:27,171: [base_laser1-2] process has died [pid 5813, exit code 2, cmd /home/mdas/ros_ws/devel/lib/sicktoolbox_wrapper/sicklms scan:=/sensor_msgs/LaserScan __name:=base_laser1 __log:=/home/mdas/.ros/log/5b0c3112-c16e-11e7-ab0b-f44d306c96a4/base_laser1-2.log].
log file: /home/mdas/.ros/log/5b0c3112-c16e-11e7-ab0b-f44d306c96a4/base_laser1-2*.log
[roslaunch][INFO] 2017-11-04 10:42:27,171: [base_laser1-2] restarting process
[roslaunch][INFO] 2017-11-04 10:42:27,171: process[base_laser1-2]: restarting os process
[roslaunch][INFO] 2017-11-04 10:42:27,172: process[base_laser1-2]: start w/ args [[u'/home/mdas/ros_ws/devel/lib/sicktoolbox_wrapper/sicklms', u'scan:=/sensor_msgs/LaserScan', u'__name:=base_laser1', u'__log:=/home/mdas/.ros/log/5b0c3112-c16e-11e7-ab0b-f44d306c96a4/base_laser1-2.log']]
[roslaunch][INFO] 2017-11-04 10:42:27,172: process[base_laser1-2]: cwd will be [/home/mdas/.ros]
[roslaunch][INFO] 2017-11-04 10:42:27,177: process[base_laser1-2]: started with pid [5854]
[roslaunch.pmon][INFO] 2017-11-04 10:42:27,470: ProcessMonitor.shutdown <ProcessMonitor(ProcessMonitor-1, started daemon 139866139019008)>
[roslaunch.pmon][INFO] 2017-11-04 10:42:27,479: ProcessMonitor._post_run <ProcessMonitor(ProcessMonitor-1, started daemon 139866139019008)>
[roslaunch.pmon][INFO] 2017-11-04 10:42:27,480: ProcessMonitor._post_run <ProcessMonitor(ProcessMonitor-1, started daemon 139866139019008)>: remaining procs are [<roslaunch.nodeprocess.LocalProcess object at 0x7f352049aa10>, <roslaunch.nodeprocess.LocalProcess object at 0x7f35204ae090>, <roslaunch.nodeprocess.LocalProcess object at 0x7f351fab3e90>, <roslaunch.nodeprocess.LocalProcess object at 0x7f351fab3e50>]
[roslaunch.pmon][INFO] 2017-11-04 10:42:27,481: ProcessMonitor exit: killing novatel_node-3
[roslaunch][INFO] 2017-11-04 10:42:27,481: [novatel_node-3] killing on exit
[roslaunch][INFO] 2017-11-04 10:42:27,483: process[novatel_node-3]: killing os process with pid[4703] pgid[4703]
[roslaunch.pmon][INFO] 2017-11-04 10:42:27,483: ProcessMonitor exit: killing base_laser1-2
[roslaunch][INFO] 2017-11-04 10:42:27,484: [novatel_node-3] sending SIGINT to pgid [4703]
[roslaunch][INFO] 2017-11-04 10:42:27,484: [base_laser1-2] killing on exit
[roslaunch][INFO] 2017-11-04 10:42:27,486: [novatel_node-3] sent SIGINT to pgid [4703]
[roslaunch][INFO] 2017-11-04 10:42:28,792: process[novatel_node-3]: SIGINT killed with return value 0
[roslaunch.pmon][INFO] 2017-11-04 10:42:28,793: ProcessMonitor exit: killing rosout-1
[roslaunch][INFO] 2017-11-04 10:42:28,794: [rosout-1] killing on exit
[roslaunch][INFO] 2017-11-04 10:42:28,794: process[rosout-1]: killing os process with pid[4688] pgid[4688]
[roslaunch][INFO] 2017-11-04 10:42:28,795: [rosout-1] sending SIGINT to pgid [4688]
[roslaunch][INFO] 2017-11-04 10:42:28,795: [rosout-1] sent SIGINT to pgid [4688]
[roslaunch][INFO] 2017-11-04 10:42:29,096: process[rosout-1]: SIGINT killed with return value 0
[roslaunch.pmon][INFO] 2017-11-04 10:42:29,096: ProcessMonitor exit: killing master
[roslaunch][INFO] 2017-11-04 10:42:29,096: [master] killing on exit
[roslaunch][INFO] 2017-11-04 10:42:29,097: process[master]: killing os process with pid[4675] pgid[4675]
[roslaunch][INFO] 2017-11-04 10:42:29,097: [master] sending SIGINT to pgid [4675]
[roslaunch][INFO] 2017-11-04 10:42:29,097: [master] sent SIGINT to pgid [4675]
[roslaunch][INFO] 2017-11-04 10:42:29,298: process[master]: SIGINT killed with return value 0
[roslaunch.pmon][INFO] 2017-11-04 10:42:29,298: ProcessMonitor exit: cleaning up data structures and signals
[roslaunch.pmon][INFO] 2017-11-04 10:42:29,299: ProcessMonitor exit: pmon has shutdown
[roslaunch][INFO] 2017-11-04 10:42:29,345: process monitor is done spinning, initiating full shutdown
[roslaunch][INFO] 2017-11-04 10:42:29,345: runner.stop()
[roslaunch][INFO] 2017-11-04 10:42:29,345: shutting down processing monitor...
[roslaunch][INFO] 2017-11-04 10:42:29,346: shutting down processing monitor <ProcessMonitor(ProcessMonitor-1, stopped daemon 139866139019008)>
[roslaunch.pmon][INFO] 2017-11-04 10:42:29,346: ProcessMonitor.shutdown <ProcessMonitor(ProcessMonitor-1, stopped daemon 139866139019008)>
[roslaunch][INFO] 2017-11-04 10:42:29,346: ... shutting down processing monitor complete
[roslaunch][INFO] 2017-11-04 10:42:29,346: done
[roslaunch.pmon][INFO] 2017-11-04 10:42:29,347: ProcessMonitor.shutdown <ProcessMonitor(ProcessMonitor-1, stopped daemon 139866139019008)>
[rospy.core][INFO] 2017-11-04 10:42:29,347: signal_shutdown [atexit]
