[roslaunch][INFO] 2017-11-08 13:37:17,756: Checking log directory for disk usage. This may take awhile.
Press Ctrl-C to interrupt
[roslaunch][INFO] 2017-11-08 13:37:17,765: Done checking log file disk usage. Usage is <1GB.
[roslaunch][INFO] 2017-11-08 13:37:17,765: roslaunch starting with args ['/opt/ros/indigo/bin/roslaunch', 'launchers', 'full_launch.launch']
[roslaunch][INFO] 2017-11-08 13:37:17,765: roslaunch env is {'ROS_DISTRO': 'indigo', 'LESSOPEN': '| /usr/bin/lesspipe %s', 'SSH_CLIENT': '192.168.1.15 43500 22', 'CPATH': '/home/mdas/ros_ws/devel/include:/opt/ros/indigo/include', 'LOGNAME': 'mdas', 'USER': 'mdas', 'PATH': '/opt/ros/indigo/bin:/usr/local/sbin:/usr/local/bin:/usr/sbin:/usr/bin:/sbin:/bin:/usr/games:/usr/local/games', 'HOME': '/home/mdas', 'CMAKE_PREFIX_PATH': '/home/mdas/ros_ws/devel:/opt/ros/indigo', 'LD_LIBRARY_PATH': '/home/mdas/ros_ws/devel/lib:/opt/ros/indigo/lib', 'LANG': 'en_US.UTF-8', 'TERM': 'xterm', 'SHELL': '/bin/bash', 'SHLVL': '1', 'QT_QPA_PLATFORMTHEME': 'appmenu-qt5', 'ROS_LOG_FILENAME': '/home/mdas/.ros/log/d904c7bc-c4b3-11e7-8093-f44d306c96a4/roslaunch-mdas-Meerkat-1942.log', 'ROS_ETC_DIR': '/opt/ros/indigo/etc/ros', 'XDG_RUNTIME_DIR': '/run/user/1000', 'PYTHONPATH': '/home/mdas/ros_ws/devel/lib/python2.7/dist-packages:/opt/ros/indigo/lib/python2.7/dist-packages', 'ROS_ROOT': '/opt/ros/indigo/share/ros', 'PKG_CONFIG_PATH': '/home/mdas/ros_ws/devel/lib/pkgconfig:/opt/ros/indigo/lib/pkgconfig', 'ROS_PACKAGE_PATH': '/home/mdas/ros_ws/src:/opt/ros/indigo/share:/opt/ros/indigo/stacks', 'ROS_WORKSPACE': '/home/mdas/ros_ws', 'XDG_SESSION_ID': '1', '_': '/opt/ros/indigo/bin/roslaunch', 'SSH_CONNECTION': '192.168.1.15 43500 192.168.1.113 22', 'LESSCLOSE': '/usr/bin/lesspipe %s %s', 'SSH_TTY': '/dev/pts/6', 'PWD': '/home/mdas', 'ROS_MASTER_URI': 'http://localhost:11311', 'MAIL': '/var/mail/mdas', 'LS_COLORS': 'rs=0:di=01;34:ln=01;36:mh=00:pi=40;33:so=01;35:do=01;35:bd=40;33;01:cd=40;33;01:or=40;31;01:su=37;41:sg=30;43:ca=30;41:tw=30;42:ow=34;42:st=37;44:ex=01;32:*.tar=01;31:*.tgz=01;31:*.arj=01;31:*.taz=01;31:*.lzh=01;31:*.lzma=01;31:*.tlz=01;31:*.txz=01;31:*.zip=01;31:*.z=01;31:*.Z=01;31:*.dz=01;31:*.gz=01;31:*.lz=01;31:*.xz=01;31:*.bz2=01;31:*.bz=01;31:*.tbz=01;31:*.tbz2=01;31:*.tz=01;31:*.deb=01;31:*.rpm=01;31:*.jar=01;31:*.war=01;31:*.ear=01;31:*.sar=01;31:*.rar=01;31:*.ace=01;31:*.zoo=01;31:*.cpio=01;31:*.7z=01;31:*.rz=01;31:*.jpg=01;35:*.jpeg=01;35:*.gif=01;35:*.bmp=01;35:*.pbm=01;35:*.pgm=01;35:*.ppm=01;35:*.tga=01;35:*.xbm=01;35:*.xpm=01;35:*.tif=01;35:*.tiff=01;35:*.png=01;35:*.svg=01;35:*.svgz=01;35:*.mng=01;35:*.pcx=01;35:*.mov=01;35:*.mpg=01;35:*.mpeg=01;35:*.m2v=01;35:*.mkv=01;35:*.webm=01;35:*.ogm=01;35:*.mp4=01;35:*.m4v=01;35:*.mp4v=01;35:*.vob=01;35:*.qt=01;35:*.nuv=01;35:*.wmv=01;35:*.asf=01;35:*.rm=01;35:*.rmvb=01;35:*.flc=01;35:*.avi=01;35:*.fli=01;35:*.flv=01;35:*.gl=01;35:*.dl=01;35:*.xcf=01;35:*.xwd=01;35:*.yuv=01;35:*.cgm=01;35:*.emf=01;35:*.axv=01;35:*.anx=01;35:*.ogv=01;35:*.ogx=01;35:*.aac=00;36:*.au=00;36:*.flac=00;36:*.mid=00;36:*.midi=00;36:*.mka=00;36:*.mp3=00;36:*.mpc=00;36:*.ogg=00;36:*.ra=00;36:*.wav=00;36:*.axa=00;36:*.oga=00;36:*.spx=00;36:*.xspf=00;36:'}
[roslaunch][INFO] 2017-11-08 13:37:17,766: starting in server mode
[roslaunch.parent][INFO] 2017-11-08 13:37:17,766: starting roslaunch parent run
[roslaunch][INFO] 2017-11-08 13:37:17,766: loading roscore config file /opt/ros/indigo/etc/ros/roscore.xml
[roslaunch][INFO] 2017-11-08 13:37:17,827: Added core node of type [rosout/rosout] in namespace [/]
[roslaunch.config][INFO] 2017-11-08 13:37:17,827: loading config file /home/mdas/ros_ws/src/launchers/full_launch.launch
[roslaunch][INFO] 2017-11-08 13:37:17,877: Added node of type [sicktoolbox_wrapper/sicklms] in namespace [/]
[roslaunch][INFO] 2017-11-08 13:37:17,878: Added node of type [usb_cam/usb_cam_node] in namespace [/]
[roslaunch][INFO] 2017-11-08 13:37:17,879: Added node of type [novatel/novatel_node] in namespace [/]
[roslaunch][INFO] 2017-11-08 13:37:17,879: ... selected machine [] for node of type [sicktoolbox_wrapper/sicklms]
[roslaunch][INFO] 2017-11-08 13:37:17,880: ... selected machine [] for node of type [usb_cam/usb_cam_node]
[roslaunch][INFO] 2017-11-08 13:37:17,880: ... selected machine [] for node of type [novatel/novatel_node]
[roslaunch.pmon][INFO] 2017-11-08 13:37:17,880: start_process_monitor: creating ProcessMonitor
[roslaunch.pmon][INFO] 2017-11-08 13:37:17,880: created process monitor <ProcessMonitor(ProcessMonitor-1, initial daemon)>
[roslaunch.pmon][INFO] 2017-11-08 13:37:17,881: start_process_monitor: ProcessMonitor started
[roslaunch.parent][INFO] 2017-11-08 13:37:17,881: starting parent XML-RPC server
[roslaunch.server][INFO] 2017-11-08 13:37:17,881: starting roslaunch XML-RPC server
[roslaunch.server][INFO] 2017-11-08 13:37:17,881: waiting for roslaunch XML-RPC server to initialize
[xmlrpc][INFO] 2017-11-08 13:37:17,881: XML-RPC server binding to 0.0.0.0:0
[xmlrpc][INFO] 2017-11-08 13:37:17,881: Started XML-RPC server [http://mdas-Meerkat:38393/]
[xmlrpc][INFO] 2017-11-08 13:37:17,881: xml rpc node: starting XML-RPC server
[roslaunch][INFO] 2017-11-08 13:37:17,892: started roslaunch server http://mdas-Meerkat:38393/
[roslaunch.parent][INFO] 2017-11-08 13:37:17,892: ... parent XML-RPC server started
[roslaunch][INFO] 2017-11-08 13:37:17,893: master.is_running[http://localhost:11311]
[roslaunch][INFO] 2017-11-08 13:37:17,893: auto-starting new master
[roslaunch][INFO] 2017-11-08 13:37:17,893: create_master_process: rosmaster, /opt/ros/indigo/share/ros, 11311, 3, None
[roslaunch][INFO] 2017-11-08 13:37:17,893: process[master]: launching with args [['rosmaster', '--core', '-p', '11311', '-w', '3']]
[roslaunch.pmon][INFO] 2017-11-08 13:37:17,893: ProcessMonitor.register[master]
[roslaunch.pmon][INFO] 2017-11-08 13:37:17,893: ProcessMonitor.register[master] complete
[roslaunch][INFO] 2017-11-08 13:37:17,893: process[master]: starting os process
[roslaunch][INFO] 2017-11-08 13:37:17,893: process[master]: start w/ args [['rosmaster', '--core', '-p', '11311', '-w', '3', '__log:=/home/mdas/.ros/log/d904c7bc-c4b3-11e7-8093-f44d306c96a4/master.log']]
[roslaunch][INFO] 2017-11-08 13:37:17,893: process[master]: cwd will be [/home/mdas/.ros]
[roslaunch][INFO] 2017-11-08 13:37:17,895: process[master]: started with pid [1954]
[roslaunch][INFO] 2017-11-08 13:37:17,895: master.is_running[http://localhost:11311]
[roslaunch][INFO] 2017-11-08 13:37:17,996: master.is_running[http://localhost:11311]
[roslaunch][INFO] 2017-11-08 13:37:17,997: master.is_running[http://localhost:11311]
[roslaunch][INFO] 2017-11-08 13:37:17,998: ROS_MASTER_URI=http://localhost:11311
[roslaunch][INFO] 2017-11-08 13:37:17,999: setting /run_id to d904c7bc-c4b3-11e7-8093-f44d306c96a4
[roslaunch][INFO] 2017-11-08 13:37:18,000: setting /roslaunch/uris/host_mdas_meerkat__38393' to http://mdas-Meerkat:38393/
[roslaunch][INFO] 2017-11-08 13:37:18,001: ... preparing to launch node of type [rosout/rosout]
[roslaunch][INFO] 2017-11-08 13:37:18,001: create_node_process: package[rosout] type[rosout] machine[Machine(name[] env_loader[None] address[localhost] ssh_port[22] user[None] assignable[True] timeout[10.0])] master_uri[http://localhost:11311]
[roslaunch][INFO] 2017-11-08 13:37:18,001: process[rosout-1]: env[{'ROS_DISTRO': 'indigo', 'LESSOPEN': '| /usr/bin/lesspipe %s', 'SSH_CLIENT': '192.168.1.15 43500 22', 'CPATH': '/home/mdas/ros_ws/devel/include:/opt/ros/indigo/include', 'LOGNAME': 'mdas', 'USER': 'mdas', 'PATH': '/opt/ros/indigo/bin:/usr/local/sbin:/usr/local/bin:/usr/sbin:/usr/bin:/sbin:/bin:/usr/games:/usr/local/games', 'HOME': '/home/mdas', 'CMAKE_PREFIX_PATH': '/home/mdas/ros_ws/devel:/opt/ros/indigo', 'ROS_LOG_FILENAME': '/home/mdas/.ros/log/d904c7bc-c4b3-11e7-8093-f44d306c96a4/roslaunch-mdas-Meerkat-1942.log', 'LANG': 'en_US.UTF-8', 'TERM': 'xterm', 'SHELL': '/bin/bash', 'SHLVL': '1', 'QT_QPA_PLATFORMTHEME': 'appmenu-qt5', 'LD_LIBRARY_PATH': '/home/mdas/ros_ws/devel/lib:/opt/ros/indigo/lib', 'ROS_MASTER_URI': 'http://localhost:11311', 'XDG_RUNTIME_DIR': '/run/user/1000', 'PYTHONPATH': '/home/mdas/ros_ws/devel/lib/python2.7/dist-packages:/opt/ros/indigo/lib/python2.7/dist-packages', 'ROS_ROOT': '/opt/ros/indigo/share/ros', 'PKG_CONFIG_PATH': '/home/mdas/ros_ws/devel/lib/pkgconfig:/opt/ros/indigo/lib/pkgconfig', 'ROS_PACKAGE_PATH': '/home/mdas/ros_ws/src:/opt/ros/indigo/share:/opt/ros/indigo/stacks', 'ROS_WORKSPACE': '/home/mdas/ros_ws', 'XDG_SESSION_ID': '1', '_': '/opt/ros/indigo/bin/roslaunch', 'LS_COLORS': 'rs=0:di=01;34:ln=01;36:mh=00:pi=40;33:so=01;35:do=01;35:bd=40;33;01:cd=40;33;01:or=40;31;01:su=37;41:sg=30;43:ca=30;41:tw=30;42:ow=34;42:st=37;44:ex=01;32:*.tar=01;31:*.tgz=01;31:*.arj=01;31:*.taz=01;31:*.lzh=01;31:*.lzma=01;31:*.tlz=01;31:*.txz=01;31:*.zip=01;31:*.z=01;31:*.Z=01;31:*.dz=01;31:*.gz=01;31:*.lz=01;31:*.xz=01;31:*.bz2=01;31:*.bz=01;31:*.tbz=01;31:*.tbz2=01;31:*.tz=01;31:*.deb=01;31:*.rpm=01;31:*.jar=01;31:*.war=01;31:*.ear=01;31:*.sar=01;31:*.rar=01;31:*.ace=01;31:*.zoo=01;31:*.cpio=01;31:*.7z=01;31:*.rz=01;31:*.jpg=01;35:*.jpeg=01;35:*.gif=01;35:*.bmp=01;35:*.pbm=01;35:*.pgm=01;35:*.ppm=01;35:*.tga=01;35:*.xbm=01;35:*.xpm=01;35:*.tif=01;35:*.tiff=01;35:*.png=01;35:*.svg=01;35:*.svgz=01;35:*.mng=01;35:*.pcx=01;35:*.mov=01;35:*.mpg=01;35:*.mpeg=01;35:*.m2v=01;35:*.mkv=01;35:*.webm=01;35:*.ogm=01;35:*.mp4=01;35:*.m4v=01;35:*.mp4v=01;35:*.vob=01;35:*.qt=01;35:*.nuv=01;35:*.wmv=01;35:*.asf=01;35:*.rm=01;35:*.rmvb=01;35:*.flc=01;35:*.avi=01;35:*.fli=01;35:*.flv=01;35:*.gl=01;35:*.dl=01;35:*.xcf=01;35:*.xwd=01;35:*.yuv=01;35:*.cgm=01;35:*.emf=01;35:*.axv=01;35:*.anx=01;35:*.ogv=01;35:*.ogx=01;35:*.aac=00;36:*.au=00;36:*.flac=00;36:*.mid=00;36:*.midi=00;36:*.mka=00;36:*.mp3=00;36:*.mpc=00;36:*.ogg=00;36:*.ra=00;36:*.wav=00;36:*.axa=00;36:*.oga=00;36:*.spx=00;36:*.xspf=00;36:', 'LESSCLOSE': '/usr/bin/lesspipe %s %s', 'SSH_TTY': '/dev/pts/6', 'PWD': '/home/mdas', 'ROS_ETC_DIR': '/opt/ros/indigo/etc/ros', 'MAIL': '/var/mail/mdas', 'SSH_CONNECTION': '192.168.1.15 43500 192.168.1.113 22'}]
[roslaunch][INFO] 2017-11-08 13:37:18,052: process[rosout-1]: args[[u'/opt/ros/indigo/lib/rosout/rosout', u'__name:=rosout']]
[roslaunch][INFO] 2017-11-08 13:37:18,052: ... created process [rosout-1]
[roslaunch.pmon][INFO] 2017-11-08 13:37:18,052: ProcessMonitor.register[rosout-1]
[roslaunch.pmon][INFO] 2017-11-08 13:37:18,052: ProcessMonitor.register[rosout-1] complete
[roslaunch][INFO] 2017-11-08 13:37:18,052: ... registered process [rosout-1]
[roslaunch][INFO] 2017-11-08 13:37:18,052: process[rosout-1]: starting os process
[roslaunch][INFO] 2017-11-08 13:37:18,052: process[rosout-1]: start w/ args [[u'/opt/ros/indigo/lib/rosout/rosout', u'__name:=rosout', u'__log:=/home/mdas/.ros/log/d904c7bc-c4b3-11e7-8093-f44d306c96a4/rosout-1.log']]
[roslaunch][INFO] 2017-11-08 13:37:18,052: process[rosout-1]: cwd will be [/home/mdas/.ros]
[roslaunch][INFO] 2017-11-08 13:37:18,054: process[rosout-1]: started with pid [1967]
[roslaunch][INFO] 2017-11-08 13:37:18,054: ... successfully launched [rosout-1]
[roslaunch][INFO] 2017-11-08 13:37:18,055: load_parameters starting ...
[roslaunch][INFO] 2017-11-08 13:37:18,059: ... load_parameters complete
[roslaunch][INFO] 2017-11-08 13:37:18,060: launch_nodes: launching local nodes ...
[roslaunch][INFO] 2017-11-08 13:37:18,060: ... preparing to launch node of type [sicktoolbox_wrapper/sicklms]
[roslaunch][INFO] 2017-11-08 13:37:18,060: create_node_process: package[sicktoolbox_wrapper] type[sicklms] machine[Machine(name[] env_loader[None] address[localhost] ssh_port[22] user[None] assignable[True] timeout[10.0])] master_uri[http://localhost:11311]
[roslaunch][INFO] 2017-11-08 13:37:18,060: process[base_laser1-2]: env[{'ROS_DISTRO': 'indigo', 'LESSOPEN': '| /usr/bin/lesspipe %s', 'SSH_CLIENT': '192.168.1.15 43500 22', 'CPATH': '/home/mdas/ros_ws/devel/include:/opt/ros/indigo/include', 'LOGNAME': 'mdas', 'USER': 'mdas', 'PATH': '/opt/ros/indigo/bin:/usr/local/sbin:/usr/local/bin:/usr/sbin:/usr/bin:/sbin:/bin:/usr/games:/usr/local/games', 'HOME': '/home/mdas', 'CMAKE_PREFIX_PATH': '/home/mdas/ros_ws/devel:/opt/ros/indigo', 'ROS_LOG_FILENAME': '/home/mdas/.ros/log/d904c7bc-c4b3-11e7-8093-f44d306c96a4/roslaunch-mdas-Meerkat-1942.log', 'LANG': 'en_US.UTF-8', 'TERM': 'xterm', 'SHELL': '/bin/bash', 'SHLVL': '1', 'QT_QPA_PLATFORMTHEME': 'appmenu-qt5', 'LD_LIBRARY_PATH': '/home/mdas/ros_ws/devel/lib:/opt/ros/indigo/lib', 'ROS_MASTER_URI': 'http://localhost:11311', 'XDG_RUNTIME_DIR': '/run/user/1000', 'PYTHONPATH': '/home/mdas/ros_ws/devel/lib/python2.7/dist-packages:/opt/ros/indigo/lib/python2.7/dist-packages', 'ROS_ROOT': '/opt/ros/indigo/share/ros', 'PKG_CONFIG_PATH': '/home/mdas/ros_ws/devel/lib/pkgconfig:/opt/ros/indigo/lib/pkgconfig', 'ROS_PACKAGE_PATH': '/home/mdas/ros_ws/src:/opt/ros/indigo/share:/opt/ros/indigo/stacks', 'ROS_WORKSPACE': '/home/mdas/ros_ws', 'XDG_SESSION_ID': '1', '_': '/opt/ros/indigo/bin/roslaunch', 'LS_COLORS': 'rs=0:di=01;34:ln=01;36:mh=00:pi=40;33:so=01;35:do=01;35:bd=40;33;01:cd=40;33;01:or=40;31;01:su=37;41:sg=30;43:ca=30;41:tw=30;42:ow=34;42:st=37;44:ex=01;32:*.tar=01;31:*.tgz=01;31:*.arj=01;31:*.taz=01;31:*.lzh=01;31:*.lzma=01;31:*.tlz=01;31:*.txz=01;31:*.zip=01;31:*.z=01;31:*.Z=01;31:*.dz=01;31:*.gz=01;31:*.lz=01;31:*.xz=01;31:*.bz2=01;31:*.bz=01;31:*.tbz=01;31:*.tbz2=01;31:*.tz=01;31:*.deb=01;31:*.rpm=01;31:*.jar=01;31:*.war=01;31:*.ear=01;31:*.sar=01;31:*.rar=01;31:*.ace=01;31:*.zoo=01;31:*.cpio=01;31:*.7z=01;31:*.rz=01;31:*.jpg=01;35:*.jpeg=01;35:*.gif=01;35:*.bmp=01;35:*.pbm=01;35:*.pgm=01;35:*.ppm=01;35:*.tga=01;35:*.xbm=01;35:*.xpm=01;35:*.tif=01;35:*.tiff=01;35:*.png=01;35:*.svg=01;35:*.svgz=01;35:*.mng=01;35:*.pcx=01;35:*.mov=01;35:*.mpg=01;35:*.mpeg=01;35:*.m2v=01;35:*.mkv=01;35:*.webm=01;35:*.ogm=01;35:*.mp4=01;35:*.m4v=01;35:*.mp4v=01;35:*.vob=01;35:*.qt=01;35:*.nuv=01;35:*.wmv=01;35:*.asf=01;35:*.rm=01;35:*.rmvb=01;35:*.flc=01;35:*.avi=01;35:*.fli=01;35:*.flv=01;35:*.gl=01;35:*.dl=01;35:*.xcf=01;35:*.xwd=01;35:*.yuv=01;35:*.cgm=01;35:*.emf=01;35:*.axv=01;35:*.anx=01;35:*.ogv=01;35:*.ogx=01;35:*.aac=00;36:*.au=00;36:*.flac=00;36:*.mid=00;36:*.midi=00;36:*.mka=00;36:*.mp3=00;36:*.mpc=00;36:*.ogg=00;36:*.ra=00;36:*.wav=00;36:*.axa=00;36:*.oga=00;36:*.spx=00;36:*.xspf=00;36:', 'LESSCLOSE': '/usr/bin/lesspipe %s %s', 'SSH_TTY': '/dev/pts/6', 'PWD': '/home/mdas', 'ROS_ETC_DIR': '/opt/ros/indigo/etc/ros', 'MAIL': '/var/mail/mdas', 'SSH_CONNECTION': '192.168.1.15 43500 192.168.1.113 22'}]
[roslaunch][INFO] 2017-11-08 13:37:18,063: process[base_laser1-2]: args[[u'/home/mdas/ros_ws/devel/lib/sicktoolbox_wrapper/sicklms', u'scan:=/sensor_msgs/LaserScan', u'__name:=base_laser1']]
[roslaunch][INFO] 2017-11-08 13:37:18,063: ... created process [base_laser1-2]
[roslaunch.pmon][INFO] 2017-11-08 13:37:18,063: ProcessMonitor.register[base_laser1-2]
[roslaunch.pmon][INFO] 2017-11-08 13:37:18,063: ProcessMonitor.register[base_laser1-2] complete
[roslaunch][INFO] 2017-11-08 13:37:18,063: ... registered process [base_laser1-2]
[roslaunch][INFO] 2017-11-08 13:37:18,063: process[base_laser1-2]: starting os process
[roslaunch][INFO] 2017-11-08 13:37:18,063: process[base_laser1-2]: start w/ args [[u'/home/mdas/ros_ws/devel/lib/sicktoolbox_wrapper/sicklms', u'scan:=/sensor_msgs/LaserScan', u'__name:=base_laser1', u'__log:=/home/mdas/.ros/log/d904c7bc-c4b3-11e7-8093-f44d306c96a4/base_laser1-2.log']]
[roslaunch][INFO] 2017-11-08 13:37:18,063: process[base_laser1-2]: cwd will be [/home/mdas/.ros]
[roslaunch][INFO] 2017-11-08 13:37:18,066: process[base_laser1-2]: started with pid [1970]
[roslaunch][INFO] 2017-11-08 13:37:18,066: ... successfully launched [base_laser1-2]
[roslaunch][INFO] 2017-11-08 13:37:18,066: ... preparing to launch node of type [usb_cam/usb_cam_node]
[roslaunch][INFO] 2017-11-08 13:37:18,066: create_node_process: package[usb_cam] type[usb_cam_node] machine[Machine(name[] env_loader[None] address[localhost] ssh_port[22] user[None] assignable[True] timeout[10.0])] master_uri[http://localhost:11311]
[roslaunch][INFO] 2017-11-08 13:37:18,066: process[usb_cam_1-3]: env[{'ROS_DISTRO': 'indigo', 'LESSOPEN': '| /usr/bin/lesspipe %s', 'SSH_CLIENT': '192.168.1.15 43500 22', 'CPATH': '/home/mdas/ros_ws/devel/include:/opt/ros/indigo/include', 'LOGNAME': 'mdas', 'USER': 'mdas', 'PATH': '/opt/ros/indigo/bin:/usr/local/sbin:/usr/local/bin:/usr/sbin:/usr/bin:/sbin:/bin:/usr/games:/usr/local/games', 'HOME': '/home/mdas', 'CMAKE_PREFIX_PATH': '/home/mdas/ros_ws/devel:/opt/ros/indigo', 'ROS_LOG_FILENAME': '/home/mdas/.ros/log/d904c7bc-c4b3-11e7-8093-f44d306c96a4/roslaunch-mdas-Meerkat-1942.log', 'LANG': 'en_US.UTF-8', 'TERM': 'xterm', 'SHELL': '/bin/bash', 'SHLVL': '1', 'QT_QPA_PLATFORMTHEME': 'appmenu-qt5', 'LD_LIBRARY_PATH': '/home/mdas/ros_ws/devel/lib:/opt/ros/indigo/lib', 'ROS_MASTER_URI': 'http://localhost:11311', 'XDG_RUNTIME_DIR': '/run/user/1000', 'PYTHONPATH': '/home/mdas/ros_ws/devel/lib/python2.7/dist-packages:/opt/ros/indigo/lib/python2.7/dist-packages', 'ROS_ROOT': '/opt/ros/indigo/share/ros', 'PKG_CONFIG_PATH': '/home/mdas/ros_ws/devel/lib/pkgconfig:/opt/ros/indigo/lib/pkgconfig', 'ROS_PACKAGE_PATH': '/home/mdas/ros_ws/src:/opt/ros/indigo/share:/opt/ros/indigo/stacks', 'ROS_WORKSPACE': '/home/mdas/ros_ws', 'XDG_SESSION_ID': '1', '_': '/opt/ros/indigo/bin/roslaunch', 'LS_COLORS': 'rs=0:di=01;34:ln=01;36:mh=00:pi=40;33:so=01;35:do=01;35:bd=40;33;01:cd=40;33;01:or=40;31;01:su=37;41:sg=30;43:ca=30;41:tw=30;42:ow=34;42:st=37;44:ex=01;32:*.tar=01;31:*.tgz=01;31:*.arj=01;31:*.taz=01;31:*.lzh=01;31:*.lzma=01;31:*.tlz=01;31:*.txz=01;31:*.zip=01;31:*.z=01;31:*.Z=01;31:*.dz=01;31:*.gz=01;31:*.lz=01;31:*.xz=01;31:*.bz2=01;31:*.bz=01;31:*.tbz=01;31:*.tbz2=01;31:*.tz=01;31:*.deb=01;31:*.rpm=01;31:*.jar=01;31:*.war=01;31:*.ear=01;31:*.sar=01;31:*.rar=01;31:*.ace=01;31:*.zoo=01;31:*.cpio=01;31:*.7z=01;31:*.rz=01;31:*.jpg=01;35:*.jpeg=01;35:*.gif=01;35:*.bmp=01;35:*.pbm=01;35:*.pgm=01;35:*.ppm=01;35:*.tga=01;35:*.xbm=01;35:*.xpm=01;35:*.tif=01;35:*.tiff=01;35:*.png=01;35:*.svg=01;35:*.svgz=01;35:*.mng=01;35:*.pcx=01;35:*.mov=01;35:*.mpg=01;35:*.mpeg=01;35:*.m2v=01;35:*.mkv=01;35:*.webm=01;35:*.ogm=01;35:*.mp4=01;35:*.m4v=01;35:*.mp4v=01;35:*.vob=01;35:*.qt=01;35:*.nuv=01;35:*.wmv=01;35:*.asf=01;35:*.rm=01;35:*.rmvb=01;35:*.flc=01;35:*.avi=01;35:*.fli=01;35:*.flv=01;35:*.gl=01;35:*.dl=01;35:*.xcf=01;35:*.xwd=01;35:*.yuv=01;35:*.cgm=01;35:*.emf=01;35:*.axv=01;35:*.anx=01;35:*.ogv=01;35:*.ogx=01;35:*.aac=00;36:*.au=00;36:*.flac=00;36:*.mid=00;36:*.midi=00;36:*.mka=00;36:*.mp3=00;36:*.mpc=00;36:*.ogg=00;36:*.ra=00;36:*.wav=00;36:*.axa=00;36:*.oga=00;36:*.spx=00;36:*.xspf=00;36:', 'LESSCLOSE': '/usr/bin/lesspipe %s %s', 'SSH_TTY': '/dev/pts/6', 'PWD': '/home/mdas', 'ROS_ETC_DIR': '/opt/ros/indigo/etc/ros', 'MAIL': '/var/mail/mdas', 'SSH_CONNECTION': '192.168.1.15 43500 192.168.1.113 22'}]
[roslaunch][INFO] 2017-11-08 13:37:18,069: process[usb_cam_1-3]: args[[u'/home/mdas/ros_ws/devel/lib/usb_cam/usb_cam_node', u'__name:=usb_cam_1']]
[roslaunch][INFO] 2017-11-08 13:37:18,070: ... created process [usb_cam_1-3]
[roslaunch.pmon][INFO] 2017-11-08 13:37:18,070: ProcessMonitor.register[usb_cam_1-3]
[roslaunch.pmon][INFO] 2017-11-08 13:37:18,070: ProcessMonitor.register[usb_cam_1-3] complete
[roslaunch][INFO] 2017-11-08 13:37:18,070: ... registered process [usb_cam_1-3]
[roslaunch][INFO] 2017-11-08 13:37:18,070: process[usb_cam_1-3]: starting os process
[roslaunch][INFO] 2017-11-08 13:37:18,070: process[usb_cam_1-3]: start w/ args [[u'/home/mdas/ros_ws/devel/lib/usb_cam/usb_cam_node', u'__name:=usb_cam_1', u'__log:=/home/mdas/.ros/log/d904c7bc-c4b3-11e7-8093-f44d306c96a4/usb_cam_1-3.log']]
[roslaunch][INFO] 2017-11-08 13:37:18,070: process[usb_cam_1-3]: cwd will be [/home/mdas/.ros]
[roslaunch][INFO] 2017-11-08 13:37:18,072: process[usb_cam_1-3]: started with pid [1971]
[roslaunch][INFO] 2017-11-08 13:37:18,072: ... successfully launched [usb_cam_1-3]
[roslaunch][INFO] 2017-11-08 13:37:18,072: ... preparing to launch node of type [novatel/novatel_node]
[roslaunch][INFO] 2017-11-08 13:37:18,072: create_node_process: package[novatel] type[novatel_node] machine[Machine(name[] env_loader[None] address[localhost] ssh_port[22] user[None] assignable[True] timeout[10.0])] master_uri[http://localhost:11311]
[roslaunch][INFO] 2017-11-08 13:37:18,073: process[novatel_node-4]: env[{'ROS_DISTRO': 'indigo', 'LESSOPEN': '| /usr/bin/lesspipe %s', 'SSH_CLIENT': '192.168.1.15 43500 22', 'CPATH': '/home/mdas/ros_ws/devel/include:/opt/ros/indigo/include', 'LOGNAME': 'mdas', 'USER': 'mdas', 'PATH': '/opt/ros/indigo/bin:/usr/local/sbin:/usr/local/bin:/usr/sbin:/usr/bin:/sbin:/bin:/usr/games:/usr/local/games', 'HOME': '/home/mdas', 'CMAKE_PREFIX_PATH': '/home/mdas/ros_ws/devel:/opt/ros/indigo', 'ROS_LOG_FILENAME': '/home/mdas/.ros/log/d904c7bc-c4b3-11e7-8093-f44d306c96a4/roslaunch-mdas-Meerkat-1942.log', 'LANG': 'en_US.UTF-8', 'TERM': 'xterm', 'SHELL': '/bin/bash', 'SHLVL': '1', 'QT_QPA_PLATFORMTHEME': 'appmenu-qt5', 'LD_LIBRARY_PATH': '/home/mdas/ros_ws/devel/lib:/opt/ros/indigo/lib', 'ROS_MASTER_URI': 'http://localhost:11311', 'XDG_RUNTIME_DIR': '/run/user/1000', 'PYTHONPATH': '/home/mdas/ros_ws/devel/lib/python2.7/dist-packages:/opt/ros/indigo/lib/python2.7/dist-packages', 'ROS_ROOT': '/opt/ros/indigo/share/ros', 'PKG_CONFIG_PATH': '/home/mdas/ros_ws/devel/lib/pkgconfig:/opt/ros/indigo/lib/pkgconfig', 'ROS_PACKAGE_PATH': '/home/mdas/ros_ws/src:/opt/ros/indigo/share:/opt/ros/indigo/stacks', 'ROS_WORKSPACE': '/home/mdas/ros_ws', 'XDG_SESSION_ID': '1', '_': '/opt/ros/indigo/bin/roslaunch', 'LS_COLORS': 'rs=0:di=01;34:ln=01;36:mh=00:pi=40;33:so=01;35:do=01;35:bd=40;33;01:cd=40;33;01:or=40;31;01:su=37;41:sg=30;43:ca=30;41:tw=30;42:ow=34;42:st=37;44:ex=01;32:*.tar=01;31:*.tgz=01;31:*.arj=01;31:*.taz=01;31:*.lzh=01;31:*.lzma=01;31:*.tlz=01;31:*.txz=01;31:*.zip=01;31:*.z=01;31:*.Z=01;31:*.dz=01;31:*.gz=01;31:*.lz=01;31:*.xz=01;31:*.bz2=01;31:*.bz=01;31:*.tbz=01;31:*.tbz2=01;31:*.tz=01;31:*.deb=01;31:*.rpm=01;31:*.jar=01;31:*.war=01;31:*.ear=01;31:*.sar=01;31:*.rar=01;31:*.ace=01;31:*.zoo=01;31:*.cpio=01;31:*.7z=01;31:*.rz=01;31:*.jpg=01;35:*.jpeg=01;35:*.gif=01;35:*.bmp=01;35:*.pbm=01;35:*.pgm=01;35:*.ppm=01;35:*.tga=01;35:*.xbm=01;35:*.xpm=01;35:*.tif=01;35:*.tiff=01;35:*.png=01;35:*.svg=01;35:*.svgz=01;35:*.mng=01;35:*.pcx=01;35:*.mov=01;35:*.mpg=01;35:*.mpeg=01;35:*.m2v=01;35:*.mkv=01;35:*.webm=01;35:*.ogm=01;35:*.mp4=01;35:*.m4v=01;35:*.mp4v=01;35:*.vob=01;35:*.qt=01;35:*.nuv=01;35:*.wmv=01;35:*.asf=01;35:*.rm=01;35:*.rmvb=01;35:*.flc=01;35:*.avi=01;35:*.fli=01;35:*.flv=01;35:*.gl=01;35:*.dl=01;35:*.xcf=01;35:*.xwd=01;35:*.yuv=01;35:*.cgm=01;35:*.emf=01;35:*.axv=01;35:*.anx=01;35:*.ogv=01;35:*.ogx=01;35:*.aac=00;36:*.au=00;36:*.flac=00;36:*.mid=00;36:*.midi=00;36:*.mka=00;36:*.mp3=00;36:*.mpc=00;36:*.ogg=00;36:*.ra=00;36:*.wav=00;36:*.axa=00;36:*.oga=00;36:*.spx=00;36:*.xspf=00;36:', 'LESSCLOSE': '/usr/bin/lesspipe %s %s', 'SSH_TTY': '/dev/pts/6', 'PWD': '/home/mdas', 'ROS_ETC_DIR': '/opt/ros/indigo/etc/ros', 'MAIL': '/var/mail/mdas', 'SSH_CONNECTION': '192.168.1.15 43500 192.168.1.113 22'}]
[roslaunch][INFO] 2017-11-08 13:37:18,077: process[novatel_node-4]: args[[u'/home/mdas/ros_ws/devel/lib/novatel/novatel_node', u'__name:=novatel_node']]
[roslaunch][INFO] 2017-11-08 13:37:18,078: ... created process [novatel_node-4]
[roslaunch.pmon][INFO] 2017-11-08 13:37:18,078: ProcessMonitor.register[novatel_node-4]
[roslaunch.pmon][INFO] 2017-11-08 13:37:18,078: ProcessMonitor.register[novatel_node-4] complete
[roslaunch][INFO] 2017-11-08 13:37:18,078: ... registered process [novatel_node-4]
[roslaunch][INFO] 2017-11-08 13:37:18,078: process[novatel_node-4]: starting os process
[roslaunch][INFO] 2017-11-08 13:37:18,078: process[novatel_node-4]: start w/ args [[u'/home/mdas/ros_ws/devel/lib/novatel/novatel_node', u'__name:=novatel_node', u'__log:=/home/mdas/.ros/log/d904c7bc-c4b3-11e7-8093-f44d306c96a4/novatel_node-4.log']]
[roslaunch][INFO] 2017-11-08 13:37:18,078: process[novatel_node-4]: cwd will be [/home/mdas/.ros]
[roslaunch][INFO] 2017-11-08 13:37:18,080: process[novatel_node-4]: started with pid [1972]
[roslaunch][INFO] 2017-11-08 13:37:18,080: ... successfully launched [novatel_node-4]
[roslaunch][INFO] 2017-11-08 13:37:18,080: ... launch_nodes complete
[roslaunch.pmon][INFO] 2017-11-08 13:37:18,081: registrations completed <ProcessMonitor(ProcessMonitor-1, started daemon 140018850227968)>
[roslaunch.parent][INFO] 2017-11-08 13:37:18,081: ... roslaunch parent running, waiting for process exit
[roslaunch][INFO] 2017-11-08 13:37:18,081: spin
[roslaunch][ERROR] 2017-11-08 13:37:18,582: [usb_cam_1-3] process has died [pid 1971, exit code 1, cmd /home/mdas/ros_ws/devel/lib/usb_cam/usb_cam_node __name:=usb_cam_1 __log:=/home/mdas/.ros/log/d904c7bc-c4b3-11e7-8093-f44d306c96a4/usb_cam_1-3.log].
log file: /home/mdas/.ros/log/d904c7bc-c4b3-11e7-8093-f44d306c96a4/usb_cam_1-3*.log
[roslaunch.pmon][INFO] 2017-11-08 13:37:18,582: ProcessMonitor.unregister[usb_cam_1-3] starting
[roslaunch.pmon][INFO] 2017-11-08 13:37:18,583: ProcessMonitor.unregister[usb_cam_1-3] complete
[roslaunch.pmon][INFO] 2017-11-08 13:54:03,392: ProcessMonitor.shutdown <ProcessMonitor(ProcessMonitor-1, started daemon 140018850227968)>
[roslaunch.pmon][INFO] 2017-11-08 13:54:03,455: ProcessMonitor._post_run <ProcessMonitor(ProcessMonitor-1, started daemon 140018850227968)>
[roslaunch.pmon][INFO] 2017-11-08 13:54:03,455: ProcessMonitor._post_run <ProcessMonitor(ProcessMonitor-1, started daemon 140018850227968)>: remaining procs are [<roslaunch.nodeprocess.LocalProcess object at 0x7f58ae95ec90>, <roslaunch.nodeprocess.LocalProcess object at 0x7f58adfa90d0>, <roslaunch.nodeprocess.LocalProcess object at 0x7f58adf73ed0>, <roslaunch.nodeprocess.LocalProcess object at 0x7f58ae005050>]
[roslaunch.pmon][INFO] 2017-11-08 13:54:03,455: ProcessMonitor exit: killing novatel_node-4
[roslaunch][INFO] 2017-11-08 13:54:03,456: [novatel_node-4] killing on exit
[roslaunch.pmon][INFO] 2017-11-08 13:54:03,456: ProcessMonitor exit: killing base_laser1-2
[roslaunch][INFO] 2017-11-08 13:54:03,457: process[novatel_node-4]: killing os process with pid[1972] pgid[1972]
[roslaunch][INFO] 2017-11-08 13:54:03,457: [base_laser1-2] killing on exit
[roslaunch][INFO] 2017-11-08 13:54:03,458: [novatel_node-4] sending SIGINT to pgid [1972]
[roslaunch][INFO] 2017-11-08 13:54:03,458: process[base_laser1-2]: killing os process with pid[1970] pgid[1970]
[roslaunch][INFO] 2017-11-08 13:54:03,459: [novatel_node-4] sent SIGINT to pgid [1972]
[roslaunch][INFO] 2017-11-08 13:54:03,459: [base_laser1-2] sending SIGINT to pgid [1970]
[roslaunch][INFO] 2017-11-08 13:54:03,459: [base_laser1-2] sent SIGINT to pgid [1970]
[roslaunch][INFO] 2017-11-08 13:54:04,061: process[base_laser1-2]: SIGINT killed with return value 0
[roslaunch][INFO] 2017-11-08 13:54:04,161: process[novatel_node-4]: SIGINT killed with return value 0
[roslaunch.pmon][INFO] 2017-11-08 13:54:04,162: ProcessMonitor exit: killing rosout-1
[roslaunch][INFO] 2017-11-08 13:54:04,162: [rosout-1] killing on exit
[roslaunch][INFO] 2017-11-08 13:54:04,163: process[rosout-1]: killing os process with pid[1967] pgid[1967]
[roslaunch][INFO] 2017-11-08 13:54:04,163: [rosout-1] sending SIGINT to pgid [1967]
[roslaunch][INFO] 2017-11-08 13:54:04,164: [rosout-1] sent SIGINT to pgid [1967]
[roslaunch][INFO] 2017-11-08 13:54:04,464: process[rosout-1]: SIGINT killed with return value 0
[roslaunch.pmon][INFO] 2017-11-08 13:54:04,465: ProcessMonitor exit: killing master
[roslaunch][INFO] 2017-11-08 13:54:04,465: [master] killing on exit
[roslaunch][INFO] 2017-11-08 13:54:04,465: process[master]: killing os process with pid[1954] pgid[1954]
[roslaunch][INFO] 2017-11-08 13:54:04,465: [master] sending SIGINT to pgid [1954]
[roslaunch][INFO] 2017-11-08 13:54:04,465: [master] sent SIGINT to pgid [1954]
[roslaunch][INFO] 2017-11-08 13:54:04,666: process[master]: SIGINT killed with return value 0
[roslaunch.pmon][INFO] 2017-11-08 13:54:04,666: ProcessMonitor exit: cleaning up data structures and signals
[roslaunch.pmon][INFO] 2017-11-08 13:54:04,667: ProcessMonitor exit: pmon has shutdown
[roslaunch][INFO] 2017-11-08 13:54:04,713: process monitor is done spinning, initiating full shutdown
[roslaunch][INFO] 2017-11-08 13:54:04,714: runner.stop()
[roslaunch][INFO] 2017-11-08 13:54:04,714: shutting down processing monitor...
[roslaunch][INFO] 2017-11-08 13:54:04,714: shutting down processing monitor <ProcessMonitor(ProcessMonitor-1, stopped daemon 140018850227968)>
[roslaunch.pmon][INFO] 2017-11-08 13:54:04,714: ProcessMonitor.shutdown <ProcessMonitor(ProcessMonitor-1, stopped daemon 140018850227968)>
[roslaunch][INFO] 2017-11-08 13:54:04,715: ... shutting down processing monitor complete
[roslaunch][INFO] 2017-11-08 13:54:04,715: done
[roslaunch.pmon][INFO] 2017-11-08 13:54:04,715: ProcessMonitor.shutdown <ProcessMonitor(ProcessMonitor-1, stopped daemon 140018850227968)>
[rospy.core][INFO] 2017-11-08 13:54:04,716: signal_shutdown [atexit]
