[roslaunch][INFO] 2017-11-02 16:10:31,144: Checking log directory for disk usage. This may take awhile.
Press Ctrl-C to interrupt
[roslaunch][INFO] 2017-11-02 16:10:31,146: Done checking log file disk usage. Usage is <1GB.
[roslaunch][INFO] 2017-11-02 16:10:31,146: roslaunch starting with args ['/opt/ros/indigo/bin/roslaunch', 'sentry_urdf', 'start_rviz.launch']
[roslaunch][INFO] 2017-11-02 16:10:31,146: roslaunch env is {'MANDATORY_PATH': '/usr/share/gconf/ubuntu.mandatory.path', 'ROS_DISTRO': 'indigo', 'ROS_LOG_FILENAME': '/home/mdas/.ros/log/e076915a-c009-11e7-acc8-404a0358042c/roslaunch-mdas-Meerkat-11543.log', 'XDG_GREETER_DATA_DIR': '/var/lib/lightdm-data/mdas', 'GNOME_DESKTOP_SESSION_ID': 'this-is-deprecated', 'XDG_CURRENT_DESKTOP': 'Unity', 'UPSTART_EVENTS': 'started starting', 'LESSOPEN': '| /usr/bin/lesspipe %s', 'PKG_CONFIG_PATH': '/home/mdas/ros_ws/devel/lib/pkgconfig:/opt/ros/indigo/lib/pkgconfig', 'CPATH': '/home/mdas/ros_ws/devel/include:/opt/ros/indigo/include', 'LOGNAME': 'mdas', 'USER': 'mdas', 'PATH': '/opt/ros/indigo/bin:/usr/local/sbin:/usr/local/bin:/usr/sbin:/usr/bin:/sbin:/bin:/usr/games:/usr/local/games', 'XDG_VTNR': '7', 'GNOME_KEYRING_CONTROL': '/run/user/1000/keyring-j668jt', 'CMAKE_PREFIX_PATH': '/home/mdas/ros_ws/devel:/opt/ros/indigo', 'LD_LIBRARY_PATH': '/home/mdas/ros_ws/devel/lib:/opt/ros/indigo/lib', 'LANG': 'en_US.UTF-8', 'TERM': 'xterm', 'SHELL': '/bin/bash', 'XDG_SESSION_PATH': '/org/freedesktop/DisplayManager/Session0', 'XAUTHORITY': '/home/mdas/.Xauthority', 'LANGUAGE': 'en_US', 'COMPIZ_CONFIG_PROFILE': 'ubuntu', 'SHLVL': '1', 'LESSCLOSE': '/usr/bin/lesspipe %s %s', 'QT_QPA_PLATFORMTHEME': 'appmenu-qt5', 'JOB': 'gnome-session', 'TEXTDOMAIN': 'im-config', 'UPSTART_INSTANCE': '', 'CLUTTER_IM_MODULE': 'xim', 'WINDOWID': '56623116', 'SESSIONTYPE': 'gnome-session', 'XMODIFIERS': '@im=ibus', 'ROS_ETC_DIR': '/opt/ros/indigo/etc/ros', 'GPG_AGENT_INFO': '/run/user/1000/keyring-j668jt/gpg:0:1', 'HOME': '/home/mdas', 'QT4_IM_MODULE': 'xim', 'SELINUX_INIT': 'YES', 'XDG_RUNTIME_DIR': '/run/user/1000', 'INSTANCE': 'Unity', 'PYTHONPATH': '/home/mdas/ros_ws/devel/lib/python2.7/dist-packages:/opt/ros/indigo/lib/python2.7/dist-packages', 'SSH_AUTH_SOCK': '/run/user/1000/keyring-j668jt/ssh', 'VTE_VERSION': '3409', 'ROS_ROOT': '/opt/ros/indigo/share/ros', 'GDMSESSION': 'ubuntu', 'IM_CONFIG_PHASE': '1', 'UPSTART_JOB': 'unity-settings-daemon', 'TEXTDOMAINDIR': '/usr/share/locale/', 'GNOME_KEYRING_PID': '1479', 'XDG_SEAT_PATH': '/org/freedesktop/DisplayManager/Seat0', 'ROS_PACKAGE_PATH': '/home/mdas/ros_ws/src:/opt/ros/indigo/share:/opt/ros/indigo/stacks', 'ROS_WORKSPACE': '/home/mdas/ros_ws', 'XDG_SESSION_ID': 'c2', 'DBUS_SESSION_BUS_ADDRESS': 'unix:abstract=/tmp/dbus-YvCwNcBSW7', '_': '/opt/ros/indigo/bin/roslaunch', 'DEFAULTS_PATH': '/usr/share/gconf/ubuntu.default.path', 'GTK_IM_MODULE': 'ibus', 'DESKTOP_SESSION': 'ubuntu', 'UPSTART_SESSION': 'unix:abstract=/com/ubuntu/upstart-session/1000/1481', 'XDG_CONFIG_DIRS': '/etc/xdg/xdg-ubuntu:/usr/share/upstart/xdg:/etc/xdg', 'GTK_MODULES': 'overlay-scrollbar:unity-gtk-module', 'OLDPWD': '/home/mdas/ros_ws', 'GDM_LANG': 'en_US', 'XDG_DATA_DIRS': '/usr/share/ubuntu:/usr/share/gnome:/usr/local/share/:/usr/share/', 'PWD': '/home/mdas', 'QT_IM_MODULE': 'ibus', 'ROS_MASTER_URI': 'http://localhost:11311', 'COLORTERM': 'gnome-terminal', 'DISPLAY': ':0', 'LS_COLORS': 'rs=0:di=01;34:ln=01;36:mh=00:pi=40;33:so=01;35:do=01;35:bd=40;33;01:cd=40;33;01:or=40;31;01:su=37;41:sg=30;43:ca=30;41:tw=30;42:ow=34;42:st=37;44:ex=01;32:*.tar=01;31:*.tgz=01;31:*.arj=01;31:*.taz=01;31:*.lzh=01;31:*.lzma=01;31:*.tlz=01;31:*.txz=01;31:*.zip=01;31:*.z=01;31:*.Z=01;31:*.dz=01;31:*.gz=01;31:*.lz=01;31:*.xz=01;31:*.bz2=01;31:*.bz=01;31:*.tbz=01;31:*.tbz2=01;31:*.tz=01;31:*.deb=01;31:*.rpm=01;31:*.jar=01;31:*.war=01;31:*.ear=01;31:*.sar=01;31:*.rar=01;31:*.ace=01;31:*.zoo=01;31:*.cpio=01;31:*.7z=01;31:*.rz=01;31:*.jpg=01;35:*.jpeg=01;35:*.gif=01;35:*.bmp=01;35:*.pbm=01;35:*.pgm=01;35:*.ppm=01;35:*.tga=01;35:*.xbm=01;35:*.xpm=01;35:*.tif=01;35:*.tiff=01;35:*.png=01;35:*.svg=01;35:*.svgz=01;35:*.mng=01;35:*.pcx=01;35:*.mov=01;35:*.mpg=01;35:*.mpeg=01;35:*.m2v=01;35:*.mkv=01;35:*.webm=01;35:*.ogm=01;35:*.mp4=01;35:*.m4v=01;35:*.mp4v=01;35:*.vob=01;35:*.qt=01;35:*.nuv=01;35:*.wmv=01;35:*.asf=01;35:*.rm=01;35:*.rmvb=01;35:*.flc=01;35:*.avi=01;35:*.fli=01;35:*.flv=01;35:*.gl=01;35:*.dl=01;35:*.xcf=01;35:*.xwd=01;35:*.yuv=01;35:*.cgm=01;35:*.emf=01;35:*.axv=01;35:*.anx=01;35:*.ogv=01;35:*.ogx=01;35:*.aac=00;36:*.au=00;36:*.flac=00;36:*.mid=00;36:*.midi=00;36:*.mka=00;36:*.mp3=00;36:*.mpc=00;36:*.ogg=00;36:*.ra=00;36:*.wav=00;36:*.axa=00;36:*.oga=00;36:*.spx=00;36:*.xspf=00;36:', 'XDG_SEAT': 'seat0'}
[roslaunch][INFO] 2017-11-02 16:10:31,146: starting in server mode
[roslaunch.parent][INFO] 2017-11-02 16:10:31,146: starting roslaunch parent run
[roslaunch][INFO] 2017-11-02 16:10:31,146: loading roscore config file /opt/ros/indigo/etc/ros/roscore.xml
[roslaunch][INFO] 2017-11-02 16:10:31,211: Added core node of type [rosout/rosout] in namespace [/]
[roslaunch.config][INFO] 2017-11-02 16:10:31,211: loading config file /home/mdas/ros_ws/src/packages/high_level_control/sentry/sentry_urdf/launch/start_rviz.launch
[roslaunch][INFO] 2017-11-02 16:10:31,260: Added node of type [rviz/rviz] in namespace [/]
[roslaunch][INFO] 2017-11-02 16:10:31,260: ... selected machine [] for node of type [rviz/rviz]
[roslaunch.pmon][INFO] 2017-11-02 16:10:31,261: start_process_monitor: creating ProcessMonitor
[roslaunch.pmon][INFO] 2017-11-02 16:10:31,261: created process monitor <ProcessMonitor(ProcessMonitor-1, initial daemon)>
[roslaunch.pmon][INFO] 2017-11-02 16:10:31,261: start_process_monitor: ProcessMonitor started
[roslaunch.parent][INFO] 2017-11-02 16:10:31,261: starting parent XML-RPC server
[roslaunch.server][INFO] 2017-11-02 16:10:31,261: starting roslaunch XML-RPC server
[roslaunch.server][INFO] 2017-11-02 16:10:31,261: waiting for roslaunch XML-RPC server to initialize
[xmlrpc][INFO] 2017-11-02 16:10:31,262: XML-RPC server binding to 0.0.0.0:0
[xmlrpc][INFO] 2017-11-02 16:10:31,262: Started XML-RPC server [http://mdas-Meerkat:42327/]
[xmlrpc][INFO] 2017-11-02 16:10:31,262: xml rpc node: starting XML-RPC server
[roslaunch][INFO] 2017-11-02 16:10:31,273: started roslaunch server http://mdas-Meerkat:42327/
[roslaunch.parent][INFO] 2017-11-02 16:10:31,273: ... parent XML-RPC server started
[roslaunch][INFO] 2017-11-02 16:10:31,273: master.is_running[http://localhost:11311]
[roslaunch][INFO] 2017-11-02 16:10:31,274: auto-starting new master
[roslaunch][INFO] 2017-11-02 16:10:31,274: create_master_process: rosmaster, /opt/ros/indigo/share/ros, 11311, 3, None
[roslaunch][INFO] 2017-11-02 16:10:31,274: process[master]: launching with args [['rosmaster', '--core', '-p', '11311', '-w', '3']]
[roslaunch.pmon][INFO] 2017-11-02 16:10:31,274: ProcessMonitor.register[master]
[roslaunch.pmon][INFO] 2017-11-02 16:10:31,274: ProcessMonitor.register[master] complete
[roslaunch][INFO] 2017-11-02 16:10:31,274: process[master]: starting os process
[roslaunch][INFO] 2017-11-02 16:10:31,274: process[master]: start w/ args [['rosmaster', '--core', '-p', '11311', '-w', '3', '__log:=/home/mdas/.ros/log/e076915a-c009-11e7-acc8-404a0358042c/master.log']]
[roslaunch][INFO] 2017-11-02 16:10:31,274: process[master]: cwd will be [/home/mdas/.ros]
[roslaunch][INFO] 2017-11-02 16:10:31,276: process[master]: started with pid [11555]
[roslaunch][INFO] 2017-11-02 16:10:31,276: master.is_running[http://localhost:11311]
[roslaunch][INFO] 2017-11-02 16:10:31,377: master.is_running[http://localhost:11311]
[roslaunch][INFO] 2017-11-02 16:10:31,378: master.is_running[http://localhost:11311]
[roslaunch][INFO] 2017-11-02 16:10:31,379: ROS_MASTER_URI=http://localhost:11311
[roslaunch][INFO] 2017-11-02 16:10:31,380: setting /run_id to e076915a-c009-11e7-acc8-404a0358042c
[roslaunch][INFO] 2017-11-02 16:10:31,381: setting /roslaunch/uris/host_mdas_meerkat__42327' to http://mdas-Meerkat:42327/
[roslaunch][INFO] 2017-11-02 16:10:31,382: ... preparing to launch node of type [rosout/rosout]
[roslaunch][INFO] 2017-11-02 16:10:31,382: create_node_process: package[rosout] type[rosout] machine[Machine(name[] env_loader[None] address[localhost] ssh_port[22] user[None] assignable[True] timeout[10.0])] master_uri[http://localhost:11311]
[roslaunch][INFO] 2017-11-02 16:10:31,382: process[rosout-1]: env[{'WINDOWID': '56623116', 'QT_QPA_PLATFORMTHEME': 'appmenu-qt5', 'ROS_DISTRO': 'indigo', 'XDG_GREETER_DATA_DIR': '/var/lib/lightdm-data/mdas', 'GNOME_DESKTOP_SESSION_ID': 'this-is-deprecated', 'UPSTART_EVENTS': 'started starting', 'XDG_CURRENT_DESKTOP': 'Unity', 'XDG_SEAT_PATH': '/org/freedesktop/DisplayManager/Seat0', 'CPATH': '/home/mdas/ros_ws/devel/include:/opt/ros/indigo/include', 'LOGNAME': 'mdas', 'USER': 'mdas', 'PATH': '/opt/ros/indigo/bin:/usr/local/sbin:/usr/local/bin:/usr/sbin:/usr/bin:/sbin:/bin:/usr/games:/usr/local/games', 'XDG_VTNR': '7', 'GNOME_KEYRING_CONTROL': '/run/user/1000/keyring-j668jt', 'CMAKE_PREFIX_PATH': '/home/mdas/ros_ws/devel:/opt/ros/indigo', 'LD_LIBRARY_PATH': '/home/mdas/ros_ws/devel/lib:/opt/ros/indigo/lib', 'LANG': 'en_US.UTF-8', 'TERM': 'xterm', 'SHELL': '/bin/bash', 'XDG_SESSION_PATH': '/org/freedesktop/DisplayManager/Session0', 'XAUTHORITY': '/home/mdas/.Xauthority', 'LANGUAGE': 'en_US', 'SHLVL': '1', 'MANDATORY_PATH': '/usr/share/gconf/ubuntu.mandatory.path', 'JOB': 'gnome-session', 'ROS_LOG_FILENAME': '/home/mdas/.ros/log/e076915a-c009-11e7-acc8-404a0358042c/roslaunch-mdas-Meerkat-11543.log', 'UPSTART_INSTANCE': '', 'COMPIZ_CONFIG_PROFILE': 'ubuntu', 'TEXTDOMAIN': 'im-config', 'CLUTTER_IM_MODULE': 'xim', 'XMODIFIERS': '@im=ibus', 'ROS_MASTER_URI': 'http://localhost:11311', 'GPG_AGENT_INFO': '/run/user/1000/keyring-j668jt/gpg:0:1', 'HOME': '/home/mdas', 'QT4_IM_MODULE': 'xim', 'SELINUX_INIT': 'YES', 'SSH_AUTH_SOCK': '/run/user/1000/keyring-j668jt/ssh', 'XDG_RUNTIME_DIR': '/run/user/1000', 'PYTHONPATH': '/home/mdas/ros_ws/devel/lib/python2.7/dist-packages:/opt/ros/indigo/lib/python2.7/dist-packages', 'SESSIONTYPE': 'gnome-session', 'VTE_VERSION': '3409', 'ROS_ROOT': '/opt/ros/indigo/share/ros', 'GDMSESSION': 'ubuntu', 'IM_CONFIG_PHASE': '1', 'UPSTART_JOB': 'unity-settings-daemon', 'TEXTDOMAINDIR': '/usr/share/locale/', 'XDG_DATA_DIRS': '/usr/share/ubuntu:/usr/share/gnome:/usr/local/share/:/usr/share/', 'PKG_CONFIG_PATH': '/home/mdas/ros_ws/devel/lib/pkgconfig:/opt/ros/indigo/lib/pkgconfig', 'ROS_PACKAGE_PATH': '/home/mdas/ros_ws/src:/opt/ros/indigo/share:/opt/ros/indigo/stacks', 'LESSOPEN': '| /usr/bin/lesspipe %s', 'XDG_SESSION_ID': 'c2', 'DBUS_SESSION_BUS_ADDRESS': 'unix:abstract=/tmp/dbus-YvCwNcBSW7', '_': '/opt/ros/indigo/bin/roslaunch', 'DEFAULTS_PATH': '/usr/share/gconf/ubuntu.default.path', 'GTK_IM_MODULE': 'ibus', 'DESKTOP_SESSION': 'ubuntu', 'UPSTART_SESSION': 'unix:abstract=/com/ubuntu/upstart-session/1000/1481', 'LESSCLOSE': '/usr/bin/lesspipe %s %s', 'GNOME_KEYRING_PID': '1479', 'OLDPWD': '/home/mdas/ros_ws', 'LS_COLORS': 'rs=0:di=01;34:ln=01;36:mh=00:pi=40;33:so=01;35:do=01;35:bd=40;33;01:cd=40;33;01:or=40;31;01:su=37;41:sg=30;43:ca=30;41:tw=30;42:ow=34;42:st=37;44:ex=01;32:*.tar=01;31:*.tgz=01;31:*.arj=01;31:*.taz=01;31:*.lzh=01;31:*.lzma=01;31:*.tlz=01;31:*.txz=01;31:*.zip=01;31:*.z=01;31:*.Z=01;31:*.dz=01;31:*.gz=01;31:*.lz=01;31:*.xz=01;31:*.bz2=01;31:*.bz=01;31:*.tbz=01;31:*.tbz2=01;31:*.tz=01;31:*.deb=01;31:*.rpm=01;31:*.jar=01;31:*.war=01;31:*.ear=01;31:*.sar=01;31:*.rar=01;31:*.ace=01;31:*.zoo=01;31:*.cpio=01;31:*.7z=01;31:*.rz=01;31:*.jpg=01;35:*.jpeg=01;35:*.gif=01;35:*.bmp=01;35:*.pbm=01;35:*.pgm=01;35:*.ppm=01;35:*.tga=01;35:*.xbm=01;35:*.xpm=01;35:*.tif=01;35:*.tiff=01;35:*.png=01;35:*.svg=01;35:*.svgz=01;35:*.mng=01;35:*.pcx=01;35:*.mov=01;35:*.mpg=01;35:*.mpeg=01;35:*.m2v=01;35:*.mkv=01;35:*.webm=01;35:*.ogm=01;35:*.mp4=01;35:*.m4v=01;35:*.mp4v=01;35:*.vob=01;35:*.qt=01;35:*.nuv=01;35:*.wmv=01;35:*.asf=01;35:*.rm=01;35:*.rmvb=01;35:*.flc=01;35:*.avi=01;35:*.fli=01;35:*.flv=01;35:*.gl=01;35:*.dl=01;35:*.xcf=01;35:*.xwd=01;35:*.yuv=01;35:*.cgm=01;35:*.emf=01;35:*.axv=01;35:*.anx=01;35:*.ogv=01;35:*.ogx=01;35:*.aac=00;36:*.au=00;36:*.flac=00;36:*.mid=00;36:*.midi=00;36:*.mka=00;36:*.mp3=00;36:*.mpc=00;36:*.ogg=00;36:*.ra=00;36:*.wav=00;36:*.axa=00;36:*.oga=00;36:*.spx=00;36:*.xspf=00;36:', 'GDM_LANG': 'en_US', 'GTK_MODULES': 'overlay-scrollbar:unity-gtk-module', 'INSTANCE': 'Unity', 'PWD': '/home/mdas', 'QT_IM_MODULE': 'ibus', 'ROS_ETC_DIR': '/opt/ros/indigo/etc/ros', 'COLORTERM': 'gnome-terminal', 'DISPLAY': ':0', 'ROS_WORKSPACE': '/home/mdas/ros_ws', 'XDG_CONFIG_DIRS': '/etc/xdg/xdg-ubuntu:/usr/share/upstart/xdg:/etc/xdg', 'XDG_SEAT': 'seat0'}]
[roslaunch][INFO] 2017-11-02 16:10:31,435: process[rosout-1]: args[[u'/opt/ros/indigo/lib/rosout/rosout', u'__name:=rosout']]
[roslaunch][INFO] 2017-11-02 16:10:31,435: ... created process [rosout-1]
[roslaunch.pmon][INFO] 2017-11-02 16:10:31,435: ProcessMonitor.register[rosout-1]
[roslaunch.pmon][INFO] 2017-11-02 16:10:31,435: ProcessMonitor.register[rosout-1] complete
[roslaunch][INFO] 2017-11-02 16:10:31,435: ... registered process [rosout-1]
[roslaunch][INFO] 2017-11-02 16:10:31,435: process[rosout-1]: starting os process
[roslaunch][INFO] 2017-11-02 16:10:31,435: process[rosout-1]: start w/ args [[u'/opt/ros/indigo/lib/rosout/rosout', u'__name:=rosout', u'__log:=/home/mdas/.ros/log/e076915a-c009-11e7-acc8-404a0358042c/rosout-1.log']]
[roslaunch][INFO] 2017-11-02 16:10:31,435: process[rosout-1]: cwd will be [/home/mdas/.ros]
[roslaunch][INFO] 2017-11-02 16:10:31,437: process[rosout-1]: started with pid [11568]
[roslaunch][INFO] 2017-11-02 16:10:31,437: ... successfully launched [rosout-1]
[roslaunch][INFO] 2017-11-02 16:10:31,438: load_parameters starting ...
[roslaunch][INFO] 2017-11-02 16:10:31,440: ... load_parameters complete
[roslaunch][INFO] 2017-11-02 16:10:31,440: launch_nodes: launching local nodes ...
[roslaunch][INFO] 2017-11-02 16:10:31,440: ... preparing to launch node of type [rviz/rviz]
[roslaunch][INFO] 2017-11-02 16:10:31,440: create_node_process: package[rviz] type[rviz] machine[Machine(name[] env_loader[None] address[localhost] ssh_port[22] user[None] assignable[True] timeout[10.0])] master_uri[http://localhost:11311]
[roslaunch][INFO] 2017-11-02 16:10:31,440: process[rviz-2]: env[{'WINDOWID': '56623116', 'QT_QPA_PLATFORMTHEME': 'appmenu-qt5', 'ROS_DISTRO': 'indigo', 'XDG_GREETER_DATA_DIR': '/var/lib/lightdm-data/mdas', 'GNOME_DESKTOP_SESSION_ID': 'this-is-deprecated', 'UPSTART_EVENTS': 'started starting', 'XDG_CURRENT_DESKTOP': 'Unity', 'XDG_SEAT_PATH': '/org/freedesktop/DisplayManager/Seat0', 'CPATH': '/home/mdas/ros_ws/devel/include:/opt/ros/indigo/include', 'LOGNAME': 'mdas', 'USER': 'mdas', 'PATH': '/opt/ros/indigo/bin:/usr/local/sbin:/usr/local/bin:/usr/sbin:/usr/bin:/sbin:/bin:/usr/games:/usr/local/games', 'XDG_VTNR': '7', 'GNOME_KEYRING_CONTROL': '/run/user/1000/keyring-j668jt', 'CMAKE_PREFIX_PATH': '/home/mdas/ros_ws/devel:/opt/ros/indigo', 'LD_LIBRARY_PATH': '/home/mdas/ros_ws/devel/lib:/opt/ros/indigo/lib', 'LANG': 'en_US.UTF-8', 'TERM': 'xterm', 'SHELL': '/bin/bash', 'XDG_SESSION_PATH': '/org/freedesktop/DisplayManager/Session0', 'XAUTHORITY': '/home/mdas/.Xauthority', 'LANGUAGE': 'en_US', 'SHLVL': '1', 'MANDATORY_PATH': '/usr/share/gconf/ubuntu.mandatory.path', 'JOB': 'gnome-session', 'ROS_LOG_FILENAME': '/home/mdas/.ros/log/e076915a-c009-11e7-acc8-404a0358042c/roslaunch-mdas-Meerkat-11543.log', 'UPSTART_INSTANCE': '', 'COMPIZ_CONFIG_PROFILE': 'ubuntu', 'TEXTDOMAIN': 'im-config', 'CLUTTER_IM_MODULE': 'xim', 'XMODIFIERS': '@im=ibus', 'ROS_MASTER_URI': 'http://localhost:11311', 'GPG_AGENT_INFO': '/run/user/1000/keyring-j668jt/gpg:0:1', 'HOME': '/home/mdas', 'QT4_IM_MODULE': 'xim', 'SELINUX_INIT': 'YES', 'SSH_AUTH_SOCK': '/run/user/1000/keyring-j668jt/ssh', 'XDG_RUNTIME_DIR': '/run/user/1000', 'PYTHONPATH': '/home/mdas/ros_ws/devel/lib/python2.7/dist-packages:/opt/ros/indigo/lib/python2.7/dist-packages', 'SESSIONTYPE': 'gnome-session', 'VTE_VERSION': '3409', 'ROS_ROOT': '/opt/ros/indigo/share/ros', 'GDMSESSION': 'ubuntu', 'IM_CONFIG_PHASE': '1', 'UPSTART_JOB': 'unity-settings-daemon', 'TEXTDOMAINDIR': '/usr/share/locale/', 'XDG_DATA_DIRS': '/usr/share/ubuntu:/usr/share/gnome:/usr/local/share/:/usr/share/', 'PKG_CONFIG_PATH': '/home/mdas/ros_ws/devel/lib/pkgconfig:/opt/ros/indigo/lib/pkgconfig', 'ROS_PACKAGE_PATH': '/home/mdas/ros_ws/src:/opt/ros/indigo/share:/opt/ros/indigo/stacks', 'LESSOPEN': '| /usr/bin/lesspipe %s', 'XDG_SESSION_ID': 'c2', 'DBUS_SESSION_BUS_ADDRESS': 'unix:abstract=/tmp/dbus-YvCwNcBSW7', '_': '/opt/ros/indigo/bin/roslaunch', 'DEFAULTS_PATH': '/usr/share/gconf/ubuntu.default.path', 'GTK_IM_MODULE': 'ibus', 'DESKTOP_SESSION': 'ubuntu', 'UPSTART_SESSION': 'unix:abstract=/com/ubuntu/upstart-session/1000/1481', 'LESSCLOSE': '/usr/bin/lesspipe %s %s', 'GNOME_KEYRING_PID': '1479', 'OLDPWD': '/home/mdas/ros_ws', 'LS_COLORS': 'rs=0:di=01;34:ln=01;36:mh=00:pi=40;33:so=01;35:do=01;35:bd=40;33;01:cd=40;33;01:or=40;31;01:su=37;41:sg=30;43:ca=30;41:tw=30;42:ow=34;42:st=37;44:ex=01;32:*.tar=01;31:*.tgz=01;31:*.arj=01;31:*.taz=01;31:*.lzh=01;31:*.lzma=01;31:*.tlz=01;31:*.txz=01;31:*.zip=01;31:*.z=01;31:*.Z=01;31:*.dz=01;31:*.gz=01;31:*.lz=01;31:*.xz=01;31:*.bz2=01;31:*.bz=01;31:*.tbz=01;31:*.tbz2=01;31:*.tz=01;31:*.deb=01;31:*.rpm=01;31:*.jar=01;31:*.war=01;31:*.ear=01;31:*.sar=01;31:*.rar=01;31:*.ace=01;31:*.zoo=01;31:*.cpio=01;31:*.7z=01;31:*.rz=01;31:*.jpg=01;35:*.jpeg=01;35:*.gif=01;35:*.bmp=01;35:*.pbm=01;35:*.pgm=01;35:*.ppm=01;35:*.tga=01;35:*.xbm=01;35:*.xpm=01;35:*.tif=01;35:*.tiff=01;35:*.png=01;35:*.svg=01;35:*.svgz=01;35:*.mng=01;35:*.pcx=01;35:*.mov=01;35:*.mpg=01;35:*.mpeg=01;35:*.m2v=01;35:*.mkv=01;35:*.webm=01;35:*.ogm=01;35:*.mp4=01;35:*.m4v=01;35:*.mp4v=01;35:*.vob=01;35:*.qt=01;35:*.nuv=01;35:*.wmv=01;35:*.asf=01;35:*.rm=01;35:*.rmvb=01;35:*.flc=01;35:*.avi=01;35:*.fli=01;35:*.flv=01;35:*.gl=01;35:*.dl=01;35:*.xcf=01;35:*.xwd=01;35:*.yuv=01;35:*.cgm=01;35:*.emf=01;35:*.axv=01;35:*.anx=01;35:*.ogv=01;35:*.ogx=01;35:*.aac=00;36:*.au=00;36:*.flac=00;36:*.mid=00;36:*.midi=00;36:*.mka=00;36:*.mp3=00;36:*.mpc=00;36:*.ogg=00;36:*.ra=00;36:*.wav=00;36:*.axa=00;36:*.oga=00;36:*.spx=00;36:*.xspf=00;36:', 'GDM_LANG': 'en_US', 'GTK_MODULES': 'overlay-scrollbar:unity-gtk-module', 'INSTANCE': 'Unity', 'PWD': '/home/mdas', 'QT_IM_MODULE': 'ibus', 'ROS_ETC_DIR': '/opt/ros/indigo/etc/ros', 'COLORTERM': 'gnome-terminal', 'DISPLAY': ':0', 'ROS_WORKSPACE': '/home/mdas/ros_ws', 'XDG_CONFIG_DIRS': '/etc/xdg/xdg-ubuntu:/usr/share/upstart/xdg:/etc/xdg', 'XDG_SEAT': 'seat0'}]
[roslaunch][INFO] 2017-11-02 16:10:31,442: process[rviz-2]: args[[u'/opt/ros/indigo/lib/rviz/rviz', '-d', '/home/mdas/ros_ws/src/packages/high_level_control/sentry/sentry_urdf/rviz_config/sentry.rviz', u'__name:=rviz']]
[roslaunch][INFO] 2017-11-02 16:10:31,442: ... created process [rviz-2]
[roslaunch.pmon][INFO] 2017-11-02 16:10:31,442: ProcessMonitor.register[rviz-2]
[roslaunch.pmon][INFO] 2017-11-02 16:10:31,442: ProcessMonitor.register[rviz-2] complete
[roslaunch][INFO] 2017-11-02 16:10:31,442: ... registered process [rviz-2]
[roslaunch][INFO] 2017-11-02 16:10:31,442: process[rviz-2]: starting os process
[roslaunch][INFO] 2017-11-02 16:10:31,443: process[rviz-2]: start w/ args [[u'/opt/ros/indigo/lib/rviz/rviz', '-d', '/home/mdas/ros_ws/src/packages/high_level_control/sentry/sentry_urdf/rviz_config/sentry.rviz', u'__name:=rviz', u'__log:=/home/mdas/.ros/log/e076915a-c009-11e7-acc8-404a0358042c/rviz-2.log']]
[roslaunch][INFO] 2017-11-02 16:10:31,443: process[rviz-2]: cwd will be [/home/mdas/.ros]
[roslaunch][INFO] 2017-11-02 16:10:31,445: process[rviz-2]: started with pid [11575]
[roslaunch][INFO] 2017-11-02 16:10:31,445: ... successfully launched [rviz-2]
[roslaunch][INFO] 2017-11-02 16:10:31,445: ... launch_nodes complete
[roslaunch.pmon][INFO] 2017-11-02 16:10:31,445: registrations completed <ProcessMonitor(ProcessMonitor-1, started daemon 139699934340864)>
[roslaunch.parent][INFO] 2017-11-02 16:10:31,445: ... roslaunch parent running, waiting for process exit
[roslaunch][INFO] 2017-11-02 16:10:31,445: spin
[roslaunch.pmon][INFO] 2017-11-02 16:13:26,143: ProcessMonitor.shutdown <ProcessMonitor(ProcessMonitor-1, started daemon 139699934340864)>
[roslaunch.pmon][INFO] 2017-11-02 16:13:26,232: ProcessMonitor._post_run <ProcessMonitor(ProcessMonitor-1, started daemon 139699934340864)>
[roslaunch.pmon][INFO] 2017-11-02 16:13:26,233: ProcessMonitor._post_run <ProcessMonitor(ProcessMonitor-1, started daemon 139699934340864)>: remaining procs are [<roslaunch.nodeprocess.LocalProcess object at 0x7f0e6d1c4b10>, <roslaunch.nodeprocess.LocalProcess object at 0x7f0e6d1c4ed0>, <roslaunch.nodeprocess.LocalProcess object at 0x7f0e6d1c4f10>]
[roslaunch.pmon][INFO] 2017-11-02 16:13:26,234: ProcessMonitor exit: killing rviz-2
[roslaunch][INFO] 2017-11-02 16:13:26,237: [rviz-2] killing on exit
[roslaunch][INFO] 2017-11-02 16:13:26,239: process[rviz-2]: killing os process with pid[11575] pgid[11575]
[roslaunch][INFO] 2017-11-02 16:13:26,239: [rviz-2] sending SIGINT to pgid [11575]
[roslaunch][INFO] 2017-11-02 16:13:26,240: [rviz-2] sent SIGINT to pgid [11575]
[roslaunch][INFO] 2017-11-02 16:13:26,841: process[rviz-2]: SIGINT killed with return value 0
[roslaunch.pmon][INFO] 2017-11-02 16:13:26,842: ProcessMonitor exit: killing rosout-1
[roslaunch][INFO] 2017-11-02 16:13:26,842: [rosout-1] killing on exit
[roslaunch][INFO] 2017-11-02 16:13:26,843: process[rosout-1]: killing os process with pid[11568] pgid[11568]
[roslaunch][INFO] 2017-11-02 16:13:26,843: [rosout-1] sending SIGINT to pgid [11568]
[roslaunch][INFO] 2017-11-02 16:13:26,843: [rosout-1] sent SIGINT to pgid [11568]
[roslaunch][INFO] 2017-11-02 16:13:27,044: process[rosout-1]: SIGINT killed with return value 0
[roslaunch.pmon][INFO] 2017-11-02 16:13:27,044: ProcessMonitor exit: killing master
[roslaunch][INFO] 2017-11-02 16:13:27,044: [master] killing on exit
[roslaunch][INFO] 2017-11-02 16:13:27,044: process[master]: killing os process with pid[11555] pgid[11555]
[roslaunch][INFO] 2017-11-02 16:13:27,044: [master] sending SIGINT to pgid [11555]
[roslaunch][INFO] 2017-11-02 16:13:27,044: [master] sent SIGINT to pgid [11555]
[roslaunch][INFO] 2017-11-02 16:13:27,245: process[master]: SIGINT killed with return value 0
[roslaunch.pmon][INFO] 2017-11-02 16:13:27,245: ProcessMonitor exit: cleaning up data structures and signals
[roslaunch.pmon][INFO] 2017-11-02 16:13:27,246: ProcessMonitor exit: pmon has shutdown
[roslaunch][INFO] 2017-11-02 16:13:27,260: process monitor is done spinning, initiating full shutdown
[roslaunch][INFO] 2017-11-02 16:13:27,260: runner.stop()
[roslaunch][INFO] 2017-11-02 16:13:27,260: shutting down processing monitor...
[roslaunch][INFO] 2017-11-02 16:13:27,261: shutting down processing monitor <ProcessMonitor(ProcessMonitor-1, stopped daemon 139699934340864)>
[roslaunch.pmon][INFO] 2017-11-02 16:13:27,261: ProcessMonitor.shutdown <ProcessMonitor(ProcessMonitor-1, stopped daemon 139699934340864)>
[roslaunch][INFO] 2017-11-02 16:13:27,261: ... shutting down processing monitor complete
[roslaunch][INFO] 2017-11-02 16:13:27,261: done
[roslaunch.pmon][INFO] 2017-11-02 16:13:27,262: ProcessMonitor.shutdown <ProcessMonitor(ProcessMonitor-1, stopped daemon 139699934340864)>
[rospy.core][INFO] 2017-11-02 16:13:27,262: signal_shutdown [atexit]
