[roslaunch][INFO] 2017-11-10 10:56:31,273: Checking log directory for disk usage. This may take awhile.
Press Ctrl-C to interrupt
[roslaunch][INFO] 2017-11-10 10:56:31,276: Done checking log file disk usage. Usage is <1GB.
[roslaunch][INFO] 2017-11-10 10:56:31,276: roslaunch starting with args ['/opt/ros/indigo/bin/roslaunch', 'launchers', 'full_launch.launch']
[roslaunch][INFO] 2017-11-10 10:56:31,276: roslaunch env is {'ROS_DISTRO': 'indigo', 'LESSOPEN': '| /usr/bin/lesspipe %s', 'SSH_CLIENT': '192.168.1.30 53975 22', 'CPATH': '/home/mdas/ros_ws/devel/include:/opt/ros/indigo/include', 'LOGNAME': 'mdas', 'USER': 'mdas', 'PATH': '/opt/ros/indigo/bin:/usr/local/sbin:/usr/local/bin:/usr/sbin:/usr/bin:/sbin:/bin:/usr/games:/usr/local/games', 'HOME': '/home/mdas', 'CMAKE_PREFIX_PATH': '/home/mdas/ros_ws/devel:/opt/ros/indigo', 'LD_LIBRARY_PATH': '/home/mdas/ros_ws/devel/lib:/opt/ros/indigo/lib', 'LANG': 'en_US.UTF-8', 'TERM': 'xterm', 'SHELL': '/bin/bash', 'SHLVL': '1', 'QT_QPA_PLATFORMTHEME': 'appmenu-qt5', 'ROS_LOG_FILENAME': '/home/mdas/.ros/log/b818e542-c62f-11e7-b499-f44d306c96a4/roslaunch-mdas-Meerkat-4166.log', 'ROS_ETC_DIR': '/opt/ros/indigo/etc/ros', 'XDG_RUNTIME_DIR': '/run/user/1000', 'PYTHONPATH': '/home/mdas/ros_ws/devel/lib/python2.7/dist-packages:/opt/ros/indigo/lib/python2.7/dist-packages', 'ROS_ROOT': '/opt/ros/indigo/share/ros', 'PKG_CONFIG_PATH': '/home/mdas/ros_ws/devel/lib/pkgconfig:/opt/ros/indigo/lib/pkgconfig', 'ROS_PACKAGE_PATH': '/home/mdas/ros_ws/src:/opt/ros/indigo/share:/opt/ros/indigo/stacks', 'ROS_WORKSPACE': '/home/mdas/ros_ws', 'XDG_SESSION_ID': '3', '_': '/opt/ros/indigo/bin/roslaunch', 'SSH_CONNECTION': '192.168.1.30 53975 192.168.1.113 22', 'LESSCLOSE': '/usr/bin/lesspipe %s %s', 'SSH_TTY': '/dev/pts/6', 'PWD': '/home/mdas', 'ROS_MASTER_URI': 'http://localhost:11311', 'MAIL': '/var/mail/mdas', 'LS_COLORS': 'rs=0:di=01;34:ln=01;36:mh=00:pi=40;33:so=01;35:do=01;35:bd=40;33;01:cd=40;33;01:or=40;31;01:su=37;41:sg=30;43:ca=30;41:tw=30;42:ow=34;42:st=37;44:ex=01;32:*.tar=01;31:*.tgz=01;31:*.arj=01;31:*.taz=01;31:*.lzh=01;31:*.lzma=01;31:*.tlz=01;31:*.txz=01;31:*.zip=01;31:*.z=01;31:*.Z=01;31:*.dz=01;31:*.gz=01;31:*.lz=01;31:*.xz=01;31:*.bz2=01;31:*.bz=01;31:*.tbz=01;31:*.tbz2=01;31:*.tz=01;31:*.deb=01;31:*.rpm=01;31:*.jar=01;31:*.war=01;31:*.ear=01;31:*.sar=01;31:*.rar=01;31:*.ace=01;31:*.zoo=01;31:*.cpio=01;31:*.7z=01;31:*.rz=01;31:*.jpg=01;35:*.jpeg=01;35:*.gif=01;35:*.bmp=01;35:*.pbm=01;35:*.pgm=01;35:*.ppm=01;35:*.tga=01;35:*.xbm=01;35:*.xpm=01;35:*.tif=01;35:*.tiff=01;35:*.png=01;35:*.svg=01;35:*.svgz=01;35:*.mng=01;35:*.pcx=01;35:*.mov=01;35:*.mpg=01;35:*.mpeg=01;35:*.m2v=01;35:*.mkv=01;35:*.webm=01;35:*.ogm=01;35:*.mp4=01;35:*.m4v=01;35:*.mp4v=01;35:*.vob=01;35:*.qt=01;35:*.nuv=01;35:*.wmv=01;35:*.asf=01;35:*.rm=01;35:*.rmvb=01;35:*.flc=01;35:*.avi=01;35:*.fli=01;35:*.flv=01;35:*.gl=01;35:*.dl=01;35:*.xcf=01;35:*.xwd=01;35:*.yuv=01;35:*.cgm=01;35:*.emf=01;35:*.axv=01;35:*.anx=01;35:*.ogv=01;35:*.ogx=01;35:*.aac=00;36:*.au=00;36:*.flac=00;36:*.mid=00;36:*.midi=00;36:*.mka=00;36:*.mp3=00;36:*.mpc=00;36:*.ogg=00;36:*.ra=00;36:*.wav=00;36:*.axa=00;36:*.oga=00;36:*.spx=00;36:*.xspf=00;36:'}
[roslaunch][INFO] 2017-11-10 10:56:31,276: starting in server mode
[roslaunch.parent][INFO] 2017-11-10 10:56:31,276: starting roslaunch parent run
[roslaunch][INFO] 2017-11-10 10:56:31,276: loading roscore config file /opt/ros/indigo/etc/ros/roscore.xml
[roslaunch][INFO] 2017-11-10 10:56:31,337: Added core node of type [rosout/rosout] in namespace [/]
[roslaunch.config][INFO] 2017-11-10 10:56:31,338: loading config file /home/mdas/ros_ws/src/launchers/full_launch.launch
[roslaunch][INFO] 2017-11-10 10:56:31,387: Added node of type [sicktoolbox_wrapper/sicklms] in namespace [/]
[roslaunch][INFO] 2017-11-10 10:56:31,388: Added node of type [usb_cam/usb_cam_node] in namespace [/]
[roslaunch][INFO] 2017-11-10 10:56:31,388: Added node of type [novatel/novatel_node] in namespace [/]
[roslaunch][INFO] 2017-11-10 10:56:31,388: ... selected machine [] for node of type [sicktoolbox_wrapper/sicklms]
[roslaunch][INFO] 2017-11-10 10:56:31,389: ... selected machine [] for node of type [usb_cam/usb_cam_node]
[roslaunch][INFO] 2017-11-10 10:56:31,389: ... selected machine [] for node of type [novatel/novatel_node]
[roslaunch.pmon][INFO] 2017-11-10 10:56:31,389: start_process_monitor: creating ProcessMonitor
[roslaunch.pmon][INFO] 2017-11-10 10:56:31,389: created process monitor <ProcessMonitor(ProcessMonitor-1, initial daemon)>
[roslaunch.pmon][INFO] 2017-11-10 10:56:31,389: start_process_monitor: ProcessMonitor started
[roslaunch.parent][INFO] 2017-11-10 10:56:31,389: starting parent XML-RPC server
[roslaunch.server][INFO] 2017-11-10 10:56:31,390: starting roslaunch XML-RPC server
[roslaunch.server][INFO] 2017-11-10 10:56:31,390: waiting for roslaunch XML-RPC server to initialize
[xmlrpc][INFO] 2017-11-10 10:56:31,390: XML-RPC server binding to 0.0.0.0:0
[xmlrpc][INFO] 2017-11-10 10:56:31,390: Started XML-RPC server [http://mdas-Meerkat:34765/]
[xmlrpc][INFO] 2017-11-10 10:56:31,390: xml rpc node: starting XML-RPC server
[roslaunch][INFO] 2017-11-10 10:56:31,401: started roslaunch server http://mdas-Meerkat:34765/
[roslaunch.parent][INFO] 2017-11-10 10:56:31,401: ... parent XML-RPC server started
[roslaunch][INFO] 2017-11-10 10:56:31,401: master.is_running[http://localhost:11311]
[roslaunch][INFO] 2017-11-10 10:56:31,402: auto-starting new master
[roslaunch][INFO] 2017-11-10 10:56:31,402: create_master_process: rosmaster, /opt/ros/indigo/share/ros, 11311, 3, None
[roslaunch][INFO] 2017-11-10 10:56:31,402: process[master]: launching with args [['rosmaster', '--core', '-p', '11311', '-w', '3']]
[roslaunch.pmon][INFO] 2017-11-10 10:56:31,402: ProcessMonitor.register[master]
[roslaunch.pmon][INFO] 2017-11-10 10:56:31,402: ProcessMonitor.register[master] complete
[roslaunch][INFO] 2017-11-10 10:56:31,402: process[master]: starting os process
[roslaunch][INFO] 2017-11-10 10:56:31,402: process[master]: start w/ args [['rosmaster', '--core', '-p', '11311', '-w', '3', '__log:=/home/mdas/.ros/log/b818e542-c62f-11e7-b499-f44d306c96a4/master.log']]
[roslaunch][INFO] 2017-11-10 10:56:31,402: process[master]: cwd will be [/home/mdas/.ros]
[roslaunch][INFO] 2017-11-10 10:56:31,404: process[master]: started with pid [4178]
[roslaunch][INFO] 2017-11-10 10:56:31,404: master.is_running[http://localhost:11311]
[roslaunch][INFO] 2017-11-10 10:56:31,504: master.is_running[http://localhost:11311]
[roslaunch][INFO] 2017-11-10 10:56:31,506: master.is_running[http://localhost:11311]
[roslaunch][INFO] 2017-11-10 10:56:31,507: ROS_MASTER_URI=http://localhost:11311
[roslaunch][INFO] 2017-11-10 10:56:31,507: setting /run_id to b818e542-c62f-11e7-b499-f44d306c96a4
[roslaunch][INFO] 2017-11-10 10:56:31,508: setting /roslaunch/uris/host_mdas_meerkat__34765' to http://mdas-Meerkat:34765/
[roslaunch][INFO] 2017-11-10 10:56:31,509: ... preparing to launch node of type [rosout/rosout]
[roslaunch][INFO] 2017-11-10 10:56:31,510: create_node_process: package[rosout] type[rosout] machine[Machine(name[] env_loader[None] address[localhost] ssh_port[22] user[None] assignable[True] timeout[10.0])] master_uri[http://localhost:11311]
[roslaunch][INFO] 2017-11-10 10:56:31,510: process[rosout-1]: env[{'ROS_DISTRO': 'indigo', 'LESSOPEN': '| /usr/bin/lesspipe %s', 'SSH_CLIENT': '192.168.1.30 53975 22', 'CPATH': '/home/mdas/ros_ws/devel/include:/opt/ros/indigo/include', 'LOGNAME': 'mdas', 'USER': 'mdas', 'PATH': '/opt/ros/indigo/bin:/usr/local/sbin:/usr/local/bin:/usr/sbin:/usr/bin:/sbin:/bin:/usr/games:/usr/local/games', 'HOME': '/home/mdas', 'CMAKE_PREFIX_PATH': '/home/mdas/ros_ws/devel:/opt/ros/indigo', 'ROS_LOG_FILENAME': '/home/mdas/.ros/log/b818e542-c62f-11e7-b499-f44d306c96a4/roslaunch-mdas-Meerkat-4166.log', 'LANG': 'en_US.UTF-8', 'TERM': 'xterm', 'SHELL': '/bin/bash', 'SHLVL': '1', 'QT_QPA_PLATFORMTHEME': 'appmenu-qt5', 'LD_LIBRARY_PATH': '/home/mdas/ros_ws/devel/lib:/opt/ros/indigo/lib', 'ROS_MASTER_URI': 'http://localhost:11311', 'XDG_RUNTIME_DIR': '/run/user/1000', 'PYTHONPATH': '/home/mdas/ros_ws/devel/lib/python2.7/dist-packages:/opt/ros/indigo/lib/python2.7/dist-packages', 'ROS_ROOT': '/opt/ros/indigo/share/ros', 'PKG_CONFIG_PATH': '/home/mdas/ros_ws/devel/lib/pkgconfig:/opt/ros/indigo/lib/pkgconfig', 'ROS_PACKAGE_PATH': '/home/mdas/ros_ws/src:/opt/ros/indigo/share:/opt/ros/indigo/stacks', 'ROS_WORKSPACE': '/home/mdas/ros_ws', 'XDG_SESSION_ID': '3', '_': '/opt/ros/indigo/bin/roslaunch', 'LS_COLORS': 'rs=0:di=01;34:ln=01;36:mh=00:pi=40;33:so=01;35:do=01;35:bd=40;33;01:cd=40;33;01:or=40;31;01:su=37;41:sg=30;43:ca=30;41:tw=30;42:ow=34;42:st=37;44:ex=01;32:*.tar=01;31:*.tgz=01;31:*.arj=01;31:*.taz=01;31:*.lzh=01;31:*.lzma=01;31:*.tlz=01;31:*.txz=01;31:*.zip=01;31:*.z=01;31:*.Z=01;31:*.dz=01;31:*.gz=01;31:*.lz=01;31:*.xz=01;31:*.bz2=01;31:*.bz=01;31:*.tbz=01;31:*.tbz2=01;31:*.tz=01;31:*.deb=01;31:*.rpm=01;31:*.jar=01;31:*.war=01;31:*.ear=01;31:*.sar=01;31:*.rar=01;31:*.ace=01;31:*.zoo=01;31:*.cpio=01;31:*.7z=01;31:*.rz=01;31:*.jpg=01;35:*.jpeg=01;35:*.gif=01;35:*.bmp=01;35:*.pbm=01;35:*.pgm=01;35:*.ppm=01;35:*.tga=01;35:*.xbm=01;35:*.xpm=01;35:*.tif=01;35:*.tiff=01;35:*.png=01;35:*.svg=01;35:*.svgz=01;35:*.mng=01;35:*.pcx=01;35:*.mov=01;35:*.mpg=01;35:*.mpeg=01;35:*.m2v=01;35:*.mkv=01;35:*.webm=01;35:*.ogm=01;35:*.mp4=01;35:*.m4v=01;35:*.mp4v=01;35:*.vob=01;35:*.qt=01;35:*.nuv=01;35:*.wmv=01;35:*.asf=01;35:*.rm=01;35:*.rmvb=01;35:*.flc=01;35:*.avi=01;35:*.fli=01;35:*.flv=01;35:*.gl=01;35:*.dl=01;35:*.xcf=01;35:*.xwd=01;35:*.yuv=01;35:*.cgm=01;35:*.emf=01;35:*.axv=01;35:*.anx=01;35:*.ogv=01;35:*.ogx=01;35:*.aac=00;36:*.au=00;36:*.flac=00;36:*.mid=00;36:*.midi=00;36:*.mka=00;36:*.mp3=00;36:*.mpc=00;36:*.ogg=00;36:*.ra=00;36:*.wav=00;36:*.axa=00;36:*.oga=00;36:*.spx=00;36:*.xspf=00;36:', 'LESSCLOSE': '/usr/bin/lesspipe %s %s', 'SSH_TTY': '/dev/pts/6', 'PWD': '/home/mdas', 'ROS_ETC_DIR': '/opt/ros/indigo/etc/ros', 'MAIL': '/var/mail/mdas', 'SSH_CONNECTION': '192.168.1.30 53975 192.168.1.113 22'}]
[roslaunch][INFO] 2017-11-10 10:56:31,559: process[rosout-1]: args[[u'/opt/ros/indigo/lib/rosout/rosout', u'__name:=rosout']]
[roslaunch][INFO] 2017-11-10 10:56:31,560: ... created process [rosout-1]
[roslaunch.pmon][INFO] 2017-11-10 10:56:31,560: ProcessMonitor.register[rosout-1]
[roslaunch.pmon][INFO] 2017-11-10 10:56:31,560: ProcessMonitor.register[rosout-1] complete
[roslaunch][INFO] 2017-11-10 10:56:31,560: ... registered process [rosout-1]
[roslaunch][INFO] 2017-11-10 10:56:31,560: process[rosout-1]: starting os process
[roslaunch][INFO] 2017-11-10 10:56:31,560: process[rosout-1]: start w/ args [[u'/opt/ros/indigo/lib/rosout/rosout', u'__name:=rosout', u'__log:=/home/mdas/.ros/log/b818e542-c62f-11e7-b499-f44d306c96a4/rosout-1.log']]
[roslaunch][INFO] 2017-11-10 10:56:31,560: process[rosout-1]: cwd will be [/home/mdas/.ros]
[roslaunch][INFO] 2017-11-10 10:56:31,562: process[rosout-1]: started with pid [4191]
[roslaunch][INFO] 2017-11-10 10:56:31,562: ... successfully launched [rosout-1]
[roslaunch][INFO] 2017-11-10 10:56:31,562: load_parameters starting ...
[roslaunch][INFO] 2017-11-10 10:56:31,567: ... load_parameters complete
[roslaunch][INFO] 2017-11-10 10:56:31,568: launch_nodes: launching local nodes ...
[roslaunch][INFO] 2017-11-10 10:56:31,568: ... preparing to launch node of type [sicktoolbox_wrapper/sicklms]
[roslaunch][INFO] 2017-11-10 10:56:31,568: create_node_process: package[sicktoolbox_wrapper] type[sicklms] machine[Machine(name[] env_loader[None] address[localhost] ssh_port[22] user[None] assignable[True] timeout[10.0])] master_uri[http://localhost:11311]
[roslaunch][INFO] 2017-11-10 10:56:31,568: process[base_laser1-2]: env[{'ROS_DISTRO': 'indigo', 'LESSOPEN': '| /usr/bin/lesspipe %s', 'SSH_CLIENT': '192.168.1.30 53975 22', 'CPATH': '/home/mdas/ros_ws/devel/include:/opt/ros/indigo/include', 'LOGNAME': 'mdas', 'USER': 'mdas', 'PATH': '/opt/ros/indigo/bin:/usr/local/sbin:/usr/local/bin:/usr/sbin:/usr/bin:/sbin:/bin:/usr/games:/usr/local/games', 'HOME': '/home/mdas', 'CMAKE_PREFIX_PATH': '/home/mdas/ros_ws/devel:/opt/ros/indigo', 'ROS_LOG_FILENAME': '/home/mdas/.ros/log/b818e542-c62f-11e7-b499-f44d306c96a4/roslaunch-mdas-Meerkat-4166.log', 'LANG': 'en_US.UTF-8', 'TERM': 'xterm', 'SHELL': '/bin/bash', 'SHLVL': '1', 'QT_QPA_PLATFORMTHEME': 'appmenu-qt5', 'LD_LIBRARY_PATH': '/home/mdas/ros_ws/devel/lib:/opt/ros/indigo/lib', 'ROS_MASTER_URI': 'http://localhost:11311', 'XDG_RUNTIME_DIR': '/run/user/1000', 'PYTHONPATH': '/home/mdas/ros_ws/devel/lib/python2.7/dist-packages:/opt/ros/indigo/lib/python2.7/dist-packages', 'ROS_ROOT': '/opt/ros/indigo/share/ros', 'PKG_CONFIG_PATH': '/home/mdas/ros_ws/devel/lib/pkgconfig:/opt/ros/indigo/lib/pkgconfig', 'ROS_PACKAGE_PATH': '/home/mdas/ros_ws/src:/opt/ros/indigo/share:/opt/ros/indigo/stacks', 'ROS_WORKSPACE': '/home/mdas/ros_ws', 'XDG_SESSION_ID': '3', '_': '/opt/ros/indigo/bin/roslaunch', 'LS_COLORS': 'rs=0:di=01;34:ln=01;36:mh=00:pi=40;33:so=01;35:do=01;35:bd=40;33;01:cd=40;33;01:or=40;31;01:su=37;41:sg=30;43:ca=30;41:tw=30;42:ow=34;42:st=37;44:ex=01;32:*.tar=01;31:*.tgz=01;31:*.arj=01;31:*.taz=01;31:*.lzh=01;31:*.lzma=01;31:*.tlz=01;31:*.txz=01;31:*.zip=01;31:*.z=01;31:*.Z=01;31:*.dz=01;31:*.gz=01;31:*.lz=01;31:*.xz=01;31:*.bz2=01;31:*.bz=01;31:*.tbz=01;31:*.tbz2=01;31:*.tz=01;31:*.deb=01;31:*.rpm=01;31:*.jar=01;31:*.war=01;31:*.ear=01;31:*.sar=01;31:*.rar=01;31:*.ace=01;31:*.zoo=01;31:*.cpio=01;31:*.7z=01;31:*.rz=01;31:*.jpg=01;35:*.jpeg=01;35:*.gif=01;35:*.bmp=01;35:*.pbm=01;35:*.pgm=01;35:*.ppm=01;35:*.tga=01;35:*.xbm=01;35:*.xpm=01;35:*.tif=01;35:*.tiff=01;35:*.png=01;35:*.svg=01;35:*.svgz=01;35:*.mng=01;35:*.pcx=01;35:*.mov=01;35:*.mpg=01;35:*.mpeg=01;35:*.m2v=01;35:*.mkv=01;35:*.webm=01;35:*.ogm=01;35:*.mp4=01;35:*.m4v=01;35:*.mp4v=01;35:*.vob=01;35:*.qt=01;35:*.nuv=01;35:*.wmv=01;35:*.asf=01;35:*.rm=01;35:*.rmvb=01;35:*.flc=01;35:*.avi=01;35:*.fli=01;35:*.flv=01;35:*.gl=01;35:*.dl=01;35:*.xcf=01;35:*.xwd=01;35:*.yuv=01;35:*.cgm=01;35:*.emf=01;35:*.axv=01;35:*.anx=01;35:*.ogv=01;35:*.ogx=01;35:*.aac=00;36:*.au=00;36:*.flac=00;36:*.mid=00;36:*.midi=00;36:*.mka=00;36:*.mp3=00;36:*.mpc=00;36:*.ogg=00;36:*.ra=00;36:*.wav=00;36:*.axa=00;36:*.oga=00;36:*.spx=00;36:*.xspf=00;36:', 'LESSCLOSE': '/usr/bin/lesspipe %s %s', 'SSH_TTY': '/dev/pts/6', 'PWD': '/home/mdas', 'ROS_ETC_DIR': '/opt/ros/indigo/etc/ros', 'MAIL': '/var/mail/mdas', 'SSH_CONNECTION': '192.168.1.30 53975 192.168.1.113 22'}]
[roslaunch][INFO] 2017-11-10 10:56:31,569: process[base_laser1-2]: args[[u'/home/mdas/ros_ws/devel/lib/sicktoolbox_wrapper/sicklms', u'scan:=/sensor_msgs/LaserScan', u'__name:=base_laser1']]
[roslaunch][INFO] 2017-11-10 10:56:31,569: ... created process [base_laser1-2]
[roslaunch.pmon][INFO] 2017-11-10 10:56:31,569: ProcessMonitor.register[base_laser1-2]
[roslaunch.pmon][INFO] 2017-11-10 10:56:31,569: ProcessMonitor.register[base_laser1-2] complete
[roslaunch][INFO] 2017-11-10 10:56:31,569: ... registered process [base_laser1-2]
[roslaunch][INFO] 2017-11-10 10:56:31,569: process[base_laser1-2]: starting os process
[roslaunch][INFO] 2017-11-10 10:56:31,569: process[base_laser1-2]: start w/ args [[u'/home/mdas/ros_ws/devel/lib/sicktoolbox_wrapper/sicklms', u'scan:=/sensor_msgs/LaserScan', u'__name:=base_laser1', u'__log:=/home/mdas/.ros/log/b818e542-c62f-11e7-b499-f44d306c96a4/base_laser1-2.log']]
[roslaunch][INFO] 2017-11-10 10:56:31,569: process[base_laser1-2]: cwd will be [/home/mdas/.ros]
[roslaunch][INFO] 2017-11-10 10:56:31,571: process[base_laser1-2]: started with pid [4204]
[roslaunch][INFO] 2017-11-10 10:56:31,571: ... successfully launched [base_laser1-2]
[roslaunch][INFO] 2017-11-10 10:56:31,571: ... preparing to launch node of type [usb_cam/usb_cam_node]
[roslaunch][INFO] 2017-11-10 10:56:31,571: create_node_process: package[usb_cam] type[usb_cam_node] machine[Machine(name[] env_loader[None] address[localhost] ssh_port[22] user[None] assignable[True] timeout[10.0])] master_uri[http://localhost:11311]
[roslaunch][INFO] 2017-11-10 10:56:31,571: process[usb_cam_1-3]: env[{'ROS_DISTRO': 'indigo', 'LESSOPEN': '| /usr/bin/lesspipe %s', 'SSH_CLIENT': '192.168.1.30 53975 22', 'CPATH': '/home/mdas/ros_ws/devel/include:/opt/ros/indigo/include', 'LOGNAME': 'mdas', 'USER': 'mdas', 'PATH': '/opt/ros/indigo/bin:/usr/local/sbin:/usr/local/bin:/usr/sbin:/usr/bin:/sbin:/bin:/usr/games:/usr/local/games', 'HOME': '/home/mdas', 'CMAKE_PREFIX_PATH': '/home/mdas/ros_ws/devel:/opt/ros/indigo', 'ROS_LOG_FILENAME': '/home/mdas/.ros/log/b818e542-c62f-11e7-b499-f44d306c96a4/roslaunch-mdas-Meerkat-4166.log', 'LANG': 'en_US.UTF-8', 'TERM': 'xterm', 'SHELL': '/bin/bash', 'SHLVL': '1', 'QT_QPA_PLATFORMTHEME': 'appmenu-qt5', 'LD_LIBRARY_PATH': '/home/mdas/ros_ws/devel/lib:/opt/ros/indigo/lib', 'ROS_MASTER_URI': 'http://localhost:11311', 'XDG_RUNTIME_DIR': '/run/user/1000', 'PYTHONPATH': '/home/mdas/ros_ws/devel/lib/python2.7/dist-packages:/opt/ros/indigo/lib/python2.7/dist-packages', 'ROS_ROOT': '/opt/ros/indigo/share/ros', 'PKG_CONFIG_PATH': '/home/mdas/ros_ws/devel/lib/pkgconfig:/opt/ros/indigo/lib/pkgconfig', 'ROS_PACKAGE_PATH': '/home/mdas/ros_ws/src:/opt/ros/indigo/share:/opt/ros/indigo/stacks', 'ROS_WORKSPACE': '/home/mdas/ros_ws', 'XDG_SESSION_ID': '3', '_': '/opt/ros/indigo/bin/roslaunch', 'LS_COLORS': 'rs=0:di=01;34:ln=01;36:mh=00:pi=40;33:so=01;35:do=01;35:bd=40;33;01:cd=40;33;01:or=40;31;01:su=37;41:sg=30;43:ca=30;41:tw=30;42:ow=34;42:st=37;44:ex=01;32:*.tar=01;31:*.tgz=01;31:*.arj=01;31:*.taz=01;31:*.lzh=01;31:*.lzma=01;31:*.tlz=01;31:*.txz=01;31:*.zip=01;31:*.z=01;31:*.Z=01;31:*.dz=01;31:*.gz=01;31:*.lz=01;31:*.xz=01;31:*.bz2=01;31:*.bz=01;31:*.tbz=01;31:*.tbz2=01;31:*.tz=01;31:*.deb=01;31:*.rpm=01;31:*.jar=01;31:*.war=01;31:*.ear=01;31:*.sar=01;31:*.rar=01;31:*.ace=01;31:*.zoo=01;31:*.cpio=01;31:*.7z=01;31:*.rz=01;31:*.jpg=01;35:*.jpeg=01;35:*.gif=01;35:*.bmp=01;35:*.pbm=01;35:*.pgm=01;35:*.ppm=01;35:*.tga=01;35:*.xbm=01;35:*.xpm=01;35:*.tif=01;35:*.tiff=01;35:*.png=01;35:*.svg=01;35:*.svgz=01;35:*.mng=01;35:*.pcx=01;35:*.mov=01;35:*.mpg=01;35:*.mpeg=01;35:*.m2v=01;35:*.mkv=01;35:*.webm=01;35:*.ogm=01;35:*.mp4=01;35:*.m4v=01;35:*.mp4v=01;35:*.vob=01;35:*.qt=01;35:*.nuv=01;35:*.wmv=01;35:*.asf=01;35:*.rm=01;35:*.rmvb=01;35:*.flc=01;35:*.avi=01;35:*.fli=01;35:*.flv=01;35:*.gl=01;35:*.dl=01;35:*.xcf=01;35:*.xwd=01;35:*.yuv=01;35:*.cgm=01;35:*.emf=01;35:*.axv=01;35:*.anx=01;35:*.ogv=01;35:*.ogx=01;35:*.aac=00;36:*.au=00;36:*.flac=00;36:*.mid=00;36:*.midi=00;36:*.mka=00;36:*.mp3=00;36:*.mpc=00;36:*.ogg=00;36:*.ra=00;36:*.wav=00;36:*.axa=00;36:*.oga=00;36:*.spx=00;36:*.xspf=00;36:', 'LESSCLOSE': '/usr/bin/lesspipe %s %s', 'SSH_TTY': '/dev/pts/6', 'PWD': '/home/mdas', 'ROS_ETC_DIR': '/opt/ros/indigo/etc/ros', 'MAIL': '/var/mail/mdas', 'SSH_CONNECTION': '192.168.1.30 53975 192.168.1.113 22'}]
[roslaunch][INFO] 2017-11-10 10:56:31,572: process[usb_cam_1-3]: args[[u'/home/mdas/ros_ws/devel/lib/usb_cam/usb_cam_node', u'__name:=usb_cam_1']]
[roslaunch][INFO] 2017-11-10 10:56:31,572: ... created process [usb_cam_1-3]
[roslaunch.pmon][INFO] 2017-11-10 10:56:31,572: ProcessMonitor.register[usb_cam_1-3]
[roslaunch.pmon][INFO] 2017-11-10 10:56:31,572: ProcessMonitor.register[usb_cam_1-3] complete
[roslaunch][INFO] 2017-11-10 10:56:31,572: ... registered process [usb_cam_1-3]
[roslaunch][INFO] 2017-11-10 10:56:31,572: process[usb_cam_1-3]: starting os process
[roslaunch][INFO] 2017-11-10 10:56:31,572: process[usb_cam_1-3]: start w/ args [[u'/home/mdas/ros_ws/devel/lib/usb_cam/usb_cam_node', u'__name:=usb_cam_1', u'__log:=/home/mdas/.ros/log/b818e542-c62f-11e7-b499-f44d306c96a4/usb_cam_1-3.log']]
[roslaunch][INFO] 2017-11-10 10:56:31,572: process[usb_cam_1-3]: cwd will be [/home/mdas/.ros]
[roslaunch][INFO] 2017-11-10 10:56:31,575: process[usb_cam_1-3]: started with pid [4206]
[roslaunch][INFO] 2017-11-10 10:56:31,575: ... successfully launched [usb_cam_1-3]
[roslaunch][INFO] 2017-11-10 10:56:31,575: ... preparing to launch node of type [novatel/novatel_node]
[roslaunch][INFO] 2017-11-10 10:56:31,575: create_node_process: package[novatel] type[novatel_node] machine[Machine(name[] env_loader[None] address[localhost] ssh_port[22] user[None] assignable[True] timeout[10.0])] master_uri[http://localhost:11311]
[roslaunch][INFO] 2017-11-10 10:56:31,576: process[novatel_node-4]: env[{'ROS_DISTRO': 'indigo', 'LESSOPEN': '| /usr/bin/lesspipe %s', 'SSH_CLIENT': '192.168.1.30 53975 22', 'CPATH': '/home/mdas/ros_ws/devel/include:/opt/ros/indigo/include', 'LOGNAME': 'mdas', 'USER': 'mdas', 'PATH': '/opt/ros/indigo/bin:/usr/local/sbin:/usr/local/bin:/usr/sbin:/usr/bin:/sbin:/bin:/usr/games:/usr/local/games', 'HOME': '/home/mdas', 'CMAKE_PREFIX_PATH': '/home/mdas/ros_ws/devel:/opt/ros/indigo', 'ROS_LOG_FILENAME': '/home/mdas/.ros/log/b818e542-c62f-11e7-b499-f44d306c96a4/roslaunch-mdas-Meerkat-4166.log', 'LANG': 'en_US.UTF-8', 'TERM': 'xterm', 'SHELL': '/bin/bash', 'SHLVL': '1', 'QT_QPA_PLATFORMTHEME': 'appmenu-qt5', 'LD_LIBRARY_PATH': '/home/mdas/ros_ws/devel/lib:/opt/ros/indigo/lib', 'ROS_MASTER_URI': 'http://localhost:11311', 'XDG_RUNTIME_DIR': '/run/user/1000', 'PYTHONPATH': '/home/mdas/ros_ws/devel/lib/python2.7/dist-packages:/opt/ros/indigo/lib/python2.7/dist-packages', 'ROS_ROOT': '/opt/ros/indigo/share/ros', 'PKG_CONFIG_PATH': '/home/mdas/ros_ws/devel/lib/pkgconfig:/opt/ros/indigo/lib/pkgconfig', 'ROS_PACKAGE_PATH': '/home/mdas/ros_ws/src:/opt/ros/indigo/share:/opt/ros/indigo/stacks', 'ROS_WORKSPACE': '/home/mdas/ros_ws', 'XDG_SESSION_ID': '3', '_': '/opt/ros/indigo/bin/roslaunch', 'LS_COLORS': 'rs=0:di=01;34:ln=01;36:mh=00:pi=40;33:so=01;35:do=01;35:bd=40;33;01:cd=40;33;01:or=40;31;01:su=37;41:sg=30;43:ca=30;41:tw=30;42:ow=34;42:st=37;44:ex=01;32:*.tar=01;31:*.tgz=01;31:*.arj=01;31:*.taz=01;31:*.lzh=01;31:*.lzma=01;31:*.tlz=01;31:*.txz=01;31:*.zip=01;31:*.z=01;31:*.Z=01;31:*.dz=01;31:*.gz=01;31:*.lz=01;31:*.xz=01;31:*.bz2=01;31:*.bz=01;31:*.tbz=01;31:*.tbz2=01;31:*.tz=01;31:*.deb=01;31:*.rpm=01;31:*.jar=01;31:*.war=01;31:*.ear=01;31:*.sar=01;31:*.rar=01;31:*.ace=01;31:*.zoo=01;31:*.cpio=01;31:*.7z=01;31:*.rz=01;31:*.jpg=01;35:*.jpeg=01;35:*.gif=01;35:*.bmp=01;35:*.pbm=01;35:*.pgm=01;35:*.ppm=01;35:*.tga=01;35:*.xbm=01;35:*.xpm=01;35:*.tif=01;35:*.tiff=01;35:*.png=01;35:*.svg=01;35:*.svgz=01;35:*.mng=01;35:*.pcx=01;35:*.mov=01;35:*.mpg=01;35:*.mpeg=01;35:*.m2v=01;35:*.mkv=01;35:*.webm=01;35:*.ogm=01;35:*.mp4=01;35:*.m4v=01;35:*.mp4v=01;35:*.vob=01;35:*.qt=01;35:*.nuv=01;35:*.wmv=01;35:*.asf=01;35:*.rm=01;35:*.rmvb=01;35:*.flc=01;35:*.avi=01;35:*.fli=01;35:*.flv=01;35:*.gl=01;35:*.dl=01;35:*.xcf=01;35:*.xwd=01;35:*.yuv=01;35:*.cgm=01;35:*.emf=01;35:*.axv=01;35:*.anx=01;35:*.ogv=01;35:*.ogx=01;35:*.aac=00;36:*.au=00;36:*.flac=00;36:*.mid=00;36:*.midi=00;36:*.mka=00;36:*.mp3=00;36:*.mpc=00;36:*.ogg=00;36:*.ra=00;36:*.wav=00;36:*.axa=00;36:*.oga=00;36:*.spx=00;36:*.xspf=00;36:', 'LESSCLOSE': '/usr/bin/lesspipe %s %s', 'SSH_TTY': '/dev/pts/6', 'PWD': '/home/mdas', 'ROS_ETC_DIR': '/opt/ros/indigo/etc/ros', 'MAIL': '/var/mail/mdas', 'SSH_CONNECTION': '192.168.1.30 53975 192.168.1.113 22'}]
[roslaunch][INFO] 2017-11-10 10:56:31,577: process[novatel_node-4]: args[[u'/home/mdas/ros_ws/devel/lib/novatel/novatel_node', u'__name:=novatel_node']]
[roslaunch][INFO] 2017-11-10 10:56:31,577: ... created process [novatel_node-4]
[roslaunch.pmon][INFO] 2017-11-10 10:56:31,577: ProcessMonitor.register[novatel_node-4]
[roslaunch.pmon][INFO] 2017-11-10 10:56:31,577: ProcessMonitor.register[novatel_node-4] complete
[roslaunch][INFO] 2017-11-10 10:56:31,577: ... registered process [novatel_node-4]
[roslaunch][INFO] 2017-11-10 10:56:31,577: process[novatel_node-4]: starting os process
[roslaunch][INFO] 2017-11-10 10:56:31,578: process[novatel_node-4]: start w/ args [[u'/home/mdas/ros_ws/devel/lib/novatel/novatel_node', u'__name:=novatel_node', u'__log:=/home/mdas/.ros/log/b818e542-c62f-11e7-b499-f44d306c96a4/novatel_node-4.log']]
[roslaunch][INFO] 2017-11-10 10:56:31,578: process[novatel_node-4]: cwd will be [/home/mdas/.ros]
[roslaunch][INFO] 2017-11-10 10:56:31,579: process[novatel_node-4]: started with pid [4213]
[roslaunch][INFO] 2017-11-10 10:56:31,580: ... successfully launched [novatel_node-4]
[roslaunch][INFO] 2017-11-10 10:56:31,580: ... launch_nodes complete
[roslaunch.pmon][INFO] 2017-11-10 10:56:31,580: registrations completed <ProcessMonitor(ProcessMonitor-1, started daemon 139808616040192)>
[roslaunch.parent][INFO] 2017-11-10 10:56:31,580: ... roslaunch parent running, waiting for process exit
[roslaunch][INFO] 2017-11-10 10:56:31,580: spin
[roslaunch][ERROR] 2017-11-10 10:56:31,991: [base_laser1-2] process has died [pid 4204, exit code 2, cmd /home/mdas/ros_ws/devel/lib/sicktoolbox_wrapper/sicklms scan:=/sensor_msgs/LaserScan __name:=base_laser1 __log:=/home/mdas/.ros/log/b818e542-c62f-11e7-b499-f44d306c96a4/base_laser1-2.log].
log file: /home/mdas/.ros/log/b818e542-c62f-11e7-b499-f44d306c96a4/base_laser1-2*.log
[roslaunch][INFO] 2017-11-10 10:56:31,992: [base_laser1-2] restarting process
[roslaunch][INFO] 2017-11-10 10:56:31,993: process[base_laser1-2]: restarting os process
[roslaunch][INFO] 2017-11-10 10:56:31,994: process[base_laser1-2]: start w/ args [[u'/home/mdas/ros_ws/devel/lib/sicktoolbox_wrapper/sicklms', u'scan:=/sensor_msgs/LaserScan', u'__name:=base_laser1', u'__log:=/home/mdas/.ros/log/b818e542-c62f-11e7-b499-f44d306c96a4/base_laser1-2.log']]
[roslaunch][INFO] 2017-11-10 10:56:31,994: process[base_laser1-2]: cwd will be [/home/mdas/.ros]
[roslaunch][INFO] 2017-11-10 10:56:32,001: process[base_laser1-2]: started with pid [4343]
[roslaunch][ERROR] 2017-11-10 10:56:32,103: [usb_cam_1-3] process has died [pid 4206, exit code 1, cmd /home/mdas/ros_ws/devel/lib/usb_cam/usb_cam_node __name:=usb_cam_1 __log:=/home/mdas/.ros/log/b818e542-c62f-11e7-b499-f44d306c96a4/usb_cam_1-3.log].
log file: /home/mdas/.ros/log/b818e542-c62f-11e7-b499-f44d306c96a4/usb_cam_1-3*.log
[roslaunch.pmon][INFO] 2017-11-10 10:56:32,104: ProcessMonitor.unregister[usb_cam_1-3] starting
[roslaunch.pmon][INFO] 2017-11-10 10:56:32,104: ProcessMonitor.unregister[usb_cam_1-3] complete
[roslaunch][ERROR] 2017-11-10 10:56:32,405: [base_laser1-2] process has died [pid 4343, exit code 2, cmd /home/mdas/ros_ws/devel/lib/sicktoolbox_wrapper/sicklms scan:=/sensor_msgs/LaserScan __name:=base_laser1 __log:=/home/mdas/.ros/log/b818e542-c62f-11e7-b499-f44d306c96a4/base_laser1-2.log].
log file: /home/mdas/.ros/log/b818e542-c62f-11e7-b499-f44d306c96a4/base_laser1-2*.log
[roslaunch][INFO] 2017-11-10 10:56:32,406: [base_laser1-2] restarting process
[roslaunch][INFO] 2017-11-10 10:56:32,407: process[base_laser1-2]: restarting os process
[roslaunch][INFO] 2017-11-10 10:56:32,407: process[base_laser1-2]: start w/ args [[u'/home/mdas/ros_ws/devel/lib/sicktoolbox_wrapper/sicklms', u'scan:=/sensor_msgs/LaserScan', u'__name:=base_laser1', u'__log:=/home/mdas/.ros/log/b818e542-c62f-11e7-b499-f44d306c96a4/base_laser1-2.log']]
[roslaunch][INFO] 2017-11-10 10:56:32,408: process[base_laser1-2]: cwd will be [/home/mdas/.ros]
[roslaunch][INFO] 2017-11-10 10:56:32,414: process[base_laser1-2]: started with pid [4384]
[roslaunch][ERROR] 2017-11-10 10:56:32,816: [base_laser1-2] process has died [pid 4384, exit code 2, cmd /home/mdas/ros_ws/devel/lib/sicktoolbox_wrapper/sicklms scan:=/sensor_msgs/LaserScan __name:=base_laser1 __log:=/home/mdas/.ros/log/b818e542-c62f-11e7-b499-f44d306c96a4/base_laser1-2.log].
log file: /home/mdas/.ros/log/b818e542-c62f-11e7-b499-f44d306c96a4/base_laser1-2*.log
[roslaunch][INFO] 2017-11-10 10:56:32,817: [base_laser1-2] restarting process
[roslaunch][INFO] 2017-11-10 10:56:32,818: process[base_laser1-2]: restarting os process
[roslaunch][INFO] 2017-11-10 10:56:32,819: process[base_laser1-2]: start w/ args [[u'/home/mdas/ros_ws/devel/lib/sicktoolbox_wrapper/sicklms', u'scan:=/sensor_msgs/LaserScan', u'__name:=base_laser1', u'__log:=/home/mdas/.ros/log/b818e542-c62f-11e7-b499-f44d306c96a4/base_laser1-2.log']]
[roslaunch][INFO] 2017-11-10 10:56:32,819: process[base_laser1-2]: cwd will be [/home/mdas/.ros]
[roslaunch][INFO] 2017-11-10 10:56:32,826: process[base_laser1-2]: started with pid [4425]
[roslaunch][ERROR] 2017-11-10 10:56:33,229: [base_laser1-2] process has died [pid 4425, exit code 2, cmd /home/mdas/ros_ws/devel/lib/sicktoolbox_wrapper/sicklms scan:=/sensor_msgs/LaserScan __name:=base_laser1 __log:=/home/mdas/.ros/log/b818e542-c62f-11e7-b499-f44d306c96a4/base_laser1-2.log].
log file: /home/mdas/.ros/log/b818e542-c62f-11e7-b499-f44d306c96a4/base_laser1-2*.log
[roslaunch][INFO] 2017-11-10 10:56:33,229: [base_laser1-2] restarting process
[roslaunch][INFO] 2017-11-10 10:56:33,230: process[base_laser1-2]: restarting os process
[roslaunch][INFO] 2017-11-10 10:56:33,231: process[base_laser1-2]: start w/ args [[u'/home/mdas/ros_ws/devel/lib/sicktoolbox_wrapper/sicklms', u'scan:=/sensor_msgs/LaserScan', u'__name:=base_laser1', u'__log:=/home/mdas/.ros/log/b818e542-c62f-11e7-b499-f44d306c96a4/base_laser1-2.log']]
[roslaunch][INFO] 2017-11-10 10:56:33,231: process[base_laser1-2]: cwd will be [/home/mdas/.ros]
[roslaunch][INFO] 2017-11-10 10:56:33,238: process[base_laser1-2]: started with pid [4466]
[roslaunch][ERROR] 2017-11-10 10:56:33,440: [base_laser1-2] process has died [pid 4466, exit code 2, cmd /home/mdas/ros_ws/devel/lib/sicktoolbox_wrapper/sicklms scan:=/sensor_msgs/LaserScan __name:=base_laser1 __log:=/home/mdas/.ros/log/b818e542-c62f-11e7-b499-f44d306c96a4/base_laser1-2.log].
log file: /home/mdas/.ros/log/b818e542-c62f-11e7-b499-f44d306c96a4/base_laser1-2*.log
[roslaunch][INFO] 2017-11-10 10:56:33,441: [base_laser1-2] restarting process
[roslaunch][INFO] 2017-11-10 10:56:33,441: process[base_laser1-2]: restarting os process
[roslaunch][INFO] 2017-11-10 10:56:33,442: process[base_laser1-2]: start w/ args [[u'/home/mdas/ros_ws/devel/lib/sicktoolbox_wrapper/sicklms', u'scan:=/sensor_msgs/LaserScan', u'__name:=base_laser1', u'__log:=/home/mdas/.ros/log/b818e542-c62f-11e7-b499-f44d306c96a4/base_laser1-2.log']]
[roslaunch][INFO] 2017-11-10 10:56:33,442: process[base_laser1-2]: cwd will be [/home/mdas/.ros]
[roslaunch][INFO] 2017-11-10 10:56:33,448: process[base_laser1-2]: started with pid [4508]
[roslaunch][ERROR] 2017-11-10 10:56:33,852: [base_laser1-2] process has died [pid 4508, exit code 2, cmd /home/mdas/ros_ws/devel/lib/sicktoolbox_wrapper/sicklms scan:=/sensor_msgs/LaserScan __name:=base_laser1 __log:=/home/mdas/.ros/log/b818e542-c62f-11e7-b499-f44d306c96a4/base_laser1-2.log].
log file: /home/mdas/.ros/log/b818e542-c62f-11e7-b499-f44d306c96a4/base_laser1-2*.log
[roslaunch][INFO] 2017-11-10 10:56:33,852: [base_laser1-2] restarting process
[roslaunch][INFO] 2017-11-10 10:56:33,853: process[base_laser1-2]: restarting os process
[roslaunch][INFO] 2017-11-10 10:56:33,853: process[base_laser1-2]: start w/ args [[u'/home/mdas/ros_ws/devel/lib/sicktoolbox_wrapper/sicklms', u'scan:=/sensor_msgs/LaserScan', u'__name:=base_laser1', u'__log:=/home/mdas/.ros/log/b818e542-c62f-11e7-b499-f44d306c96a4/base_laser1-2.log']]
[roslaunch][INFO] 2017-11-10 10:56:33,854: process[base_laser1-2]: cwd will be [/home/mdas/.ros]
[roslaunch][INFO] 2017-11-10 10:56:33,861: process[base_laser1-2]: started with pid [4549]
[roslaunch][ERROR] 2017-11-10 10:56:34,264: [base_laser1-2] process has died [pid 4549, exit code 2, cmd /home/mdas/ros_ws/devel/lib/sicktoolbox_wrapper/sicklms scan:=/sensor_msgs/LaserScan __name:=base_laser1 __log:=/home/mdas/.ros/log/b818e542-c62f-11e7-b499-f44d306c96a4/base_laser1-2.log].
log file: /home/mdas/.ros/log/b818e542-c62f-11e7-b499-f44d306c96a4/base_laser1-2*.log
[roslaunch][INFO] 2017-11-10 10:56:34,264: [base_laser1-2] restarting process
[roslaunch][INFO] 2017-11-10 10:56:34,265: process[base_laser1-2]: restarting os process
[roslaunch][INFO] 2017-11-10 10:56:34,266: process[base_laser1-2]: start w/ args [[u'/home/mdas/ros_ws/devel/lib/sicktoolbox_wrapper/sicklms', u'scan:=/sensor_msgs/LaserScan', u'__name:=base_laser1', u'__log:=/home/mdas/.ros/log/b818e542-c62f-11e7-b499-f44d306c96a4/base_laser1-2.log']]
[roslaunch][INFO] 2017-11-10 10:56:34,266: process[base_laser1-2]: cwd will be [/home/mdas/.ros]
[roslaunch][INFO] 2017-11-10 10:56:34,273: process[base_laser1-2]: started with pid [4590]
[roslaunch][ERROR] 2017-11-10 10:56:34,576: [base_laser1-2] process has died [pid 4590, exit code 2, cmd /home/mdas/ros_ws/devel/lib/sicktoolbox_wrapper/sicklms scan:=/sensor_msgs/LaserScan __name:=base_laser1 __log:=/home/mdas/.ros/log/b818e542-c62f-11e7-b499-f44d306c96a4/base_laser1-2.log].
log file: /home/mdas/.ros/log/b818e542-c62f-11e7-b499-f44d306c96a4/base_laser1-2*.log
[roslaunch][INFO] 2017-11-10 10:56:34,576: [base_laser1-2] restarting process
[roslaunch][INFO] 2017-11-10 10:56:34,577: process[base_laser1-2]: restarting os process
[roslaunch][INFO] 2017-11-10 10:56:34,578: process[base_laser1-2]: start w/ args [[u'/home/mdas/ros_ws/devel/lib/sicktoolbox_wrapper/sicklms', u'scan:=/sensor_msgs/LaserScan', u'__name:=base_laser1', u'__log:=/home/mdas/.ros/log/b818e542-c62f-11e7-b499-f44d306c96a4/base_laser1-2.log']]
[roslaunch][INFO] 2017-11-10 10:56:34,578: process[base_laser1-2]: cwd will be [/home/mdas/.ros]
[roslaunch][INFO] 2017-11-10 10:56:34,585: process[base_laser1-2]: started with pid [4631]
[roslaunch][ERROR] 2017-11-10 10:56:34,988: [base_laser1-2] process has died [pid 4631, exit code 2, cmd /home/mdas/ros_ws/devel/lib/sicktoolbox_wrapper/sicklms scan:=/sensor_msgs/LaserScan __name:=base_laser1 __log:=/home/mdas/.ros/log/b818e542-c62f-11e7-b499-f44d306c96a4/base_laser1-2.log].
log file: /home/mdas/.ros/log/b818e542-c62f-11e7-b499-f44d306c96a4/base_laser1-2*.log
[roslaunch][INFO] 2017-11-10 10:56:34,989: [base_laser1-2] restarting process
[roslaunch][INFO] 2017-11-10 10:56:34,989: process[base_laser1-2]: restarting os process
[roslaunch][INFO] 2017-11-10 10:56:34,990: process[base_laser1-2]: start w/ args [[u'/home/mdas/ros_ws/devel/lib/sicktoolbox_wrapper/sicklms', u'scan:=/sensor_msgs/LaserScan', u'__name:=base_laser1', u'__log:=/home/mdas/.ros/log/b818e542-c62f-11e7-b499-f44d306c96a4/base_laser1-2.log']]
[roslaunch][INFO] 2017-11-10 10:56:34,990: process[base_laser1-2]: cwd will be [/home/mdas/.ros]
[roslaunch][INFO] 2017-11-10 10:56:34,997: process[base_laser1-2]: started with pid [4672]
[roslaunch.pmon][INFO] 2017-11-10 10:56:35,277: ProcessMonitor.shutdown <ProcessMonitor(ProcessMonitor-1, started daemon 139808616040192)>
[roslaunch.pmon][INFO] 2017-11-10 10:56:35,300: ProcessMonitor._post_run <ProcessMonitor(ProcessMonitor-1, started daemon 139808616040192)>
[roslaunch.pmon][INFO] 2017-11-10 10:56:35,301: ProcessMonitor._post_run <ProcessMonitor(ProcessMonitor-1, started daemon 139808616040192)>: remaining procs are [<roslaunch.nodeprocess.LocalProcess object at 0x7f27bba6c990>, <roslaunch.nodeprocess.LocalProcess object at 0x7f27bb0c60d0>, <roslaunch.nodeprocess.LocalProcess object at 0x7f27bb080ed0>, <roslaunch.nodeprocess.LocalProcess object at 0x7f27bb118050>]
[roslaunch.pmon][INFO] 2017-11-10 10:56:35,301: ProcessMonitor exit: killing novatel_node-4
[roslaunch][INFO] 2017-11-10 10:56:35,302: [novatel_node-4] killing on exit
[roslaunch][INFO] 2017-11-10 10:56:35,303: process[novatel_node-4]: killing os process with pid[4213] pgid[4213]
[roslaunch.pmon][INFO] 2017-11-10 10:56:35,303: ProcessMonitor exit: killing base_laser1-2
[roslaunch][INFO] 2017-11-10 10:56:35,304: [novatel_node-4] sending SIGINT to pgid [4213]
[roslaunch][INFO] 2017-11-10 10:56:35,305: [base_laser1-2] killing on exit
[roslaunch][INFO] 2017-11-10 10:56:35,306: [novatel_node-4] sent SIGINT to pgid [4213]
[roslaunch][INFO] 2017-11-10 10:56:35,307: process[base_laser1-2]: killing os process with pid[4672] pgid[4672]
[roslaunch][INFO] 2017-11-10 10:56:35,309: [base_laser1-2] sending SIGINT to pgid [4672]
[roslaunch][INFO] 2017-11-10 10:56:35,309: [base_laser1-2] sent SIGINT to pgid [4672]
[roslaunch][INFO] 2017-11-10 10:56:35,510: process[base_laser1-2]: SIGINT killed with return value 2
[roslaunch][INFO] 2017-11-10 10:56:36,713: process[novatel_node-4]: SIGINT killed with return value 0
[roslaunch.pmon][INFO] 2017-11-10 10:56:36,714: ProcessMonitor exit: killing rosout-1
[roslaunch][INFO] 2017-11-10 10:56:36,716: [rosout-1] killing on exit
[roslaunch][INFO] 2017-11-10 10:56:36,716: process[rosout-1]: killing os process with pid[4191] pgid[4191]
[roslaunch][INFO] 2017-11-10 10:56:36,717: [rosout-1] sending SIGINT to pgid [4191]
[roslaunch][INFO] 2017-11-10 10:56:36,717: [rosout-1] sent SIGINT to pgid [4191]
[roslaunch][INFO] 2017-11-10 10:56:37,018: process[rosout-1]: SIGINT killed with return value 0
[roslaunch.pmon][INFO] 2017-11-10 10:56:37,018: ProcessMonitor exit: killing master
[roslaunch][INFO] 2017-11-10 10:56:37,018: [master] killing on exit
[roslaunch][INFO] 2017-11-10 10:56:37,018: process[master]: killing os process with pid[4178] pgid[4178]
[roslaunch][INFO] 2017-11-10 10:56:37,019: [master] sending SIGINT to pgid [4178]
[roslaunch][INFO] 2017-11-10 10:56:37,019: [master] sent SIGINT to pgid [4178]
[roslaunch][INFO] 2017-11-10 10:56:37,220: process[master]: SIGINT killed with return value 0
[roslaunch.pmon][INFO] 2017-11-10 10:56:37,220: ProcessMonitor exit: cleaning up data structures and signals
[roslaunch.pmon][INFO] 2017-11-10 10:56:37,221: ProcessMonitor exit: pmon has shutdown
[roslaunch][INFO] 2017-11-10 10:56:37,252: process monitor is done spinning, initiating full shutdown
[roslaunch][INFO] 2017-11-10 10:56:37,252: runner.stop()
[roslaunch][INFO] 2017-11-10 10:56:37,252: shutting down processing monitor...
[roslaunch][INFO] 2017-11-10 10:56:37,253: shutting down processing monitor <ProcessMonitor(ProcessMonitor-1, stopped daemon 139808616040192)>
[roslaunch.pmon][INFO] 2017-11-10 10:56:37,253: ProcessMonitor.shutdown <ProcessMonitor(ProcessMonitor-1, stopped daemon 139808616040192)>
[roslaunch][INFO] 2017-11-10 10:56:37,253: ... shutting down processing monitor complete
[roslaunch][INFO] 2017-11-10 10:56:37,253: done
[roslaunch.pmon][INFO] 2017-11-10 10:56:37,254: ProcessMonitor.shutdown <ProcessMonitor(ProcessMonitor-1, stopped daemon 139808616040192)>
[rospy.core][INFO] 2017-11-10 10:56:37,255: signal_shutdown [atexit]
