[roslaunch][INFO] 2017-11-02 16:09:32,746: Checking log directory for disk usage. This may take awhile.
Press Ctrl-C to interrupt
[roslaunch][INFO] 2017-11-02 16:09:32,748: Done checking log file disk usage. Usage is <1GB.
[roslaunch][INFO] 2017-11-02 16:09:32,748: roslaunch starting with args ['/opt/ros/indigo/bin/roslaunch', 'launchers', 'full_launch.launch']
[roslaunch][INFO] 2017-11-02 16:09:32,748: roslaunch env is {'MANDATORY_PATH': '/usr/share/gconf/ubuntu.mandatory.path', 'ROS_DISTRO': 'indigo', 'ROS_LOG_FILENAME': '/home/mdas/.ros/log/bda7c216-c009-11e7-91b1-404a0358042c/roslaunch-mdas-Meerkat-11384.log', 'XDG_GREETER_DATA_DIR': '/var/lib/lightdm-data/mdas', 'GNOME_DESKTOP_SESSION_ID': 'this-is-deprecated', 'XDG_CURRENT_DESKTOP': 'Unity', 'UPSTART_EVENTS': 'started starting', 'LESSOPEN': '| /usr/bin/lesspipe %s', 'PKG_CONFIG_PATH': '/home/mdas/ros_ws/devel/lib/pkgconfig:/opt/ros/indigo/lib/pkgconfig', 'CPATH': '/home/mdas/ros_ws/devel/include:/opt/ros/indigo/include', 'LOGNAME': 'mdas', 'USER': 'mdas', 'PATH': '/opt/ros/indigo/bin:/usr/local/sbin:/usr/local/bin:/usr/sbin:/usr/bin:/sbin:/bin:/usr/games:/usr/local/games', 'XDG_VTNR': '7', 'GNOME_KEYRING_CONTROL': '/run/user/1000/keyring-j668jt', 'CMAKE_PREFIX_PATH': '/home/mdas/ros_ws/devel:/opt/ros/indigo', 'LD_LIBRARY_PATH': '/home/mdas/ros_ws/devel/lib:/opt/ros/indigo/lib', 'LANG': 'en_US.UTF-8', 'TERM': 'xterm', 'SHELL': '/bin/bash', 'XDG_SESSION_PATH': '/org/freedesktop/DisplayManager/Session0', 'XAUTHORITY': '/home/mdas/.Xauthority', 'LANGUAGE': 'en_US', 'COMPIZ_CONFIG_PROFILE': 'ubuntu', 'SHLVL': '1', 'LESSCLOSE': '/usr/bin/lesspipe %s %s', 'QT_QPA_PLATFORMTHEME': 'appmenu-qt5', 'JOB': 'gnome-session', 'TEXTDOMAIN': 'im-config', 'UPSTART_INSTANCE': '', 'CLUTTER_IM_MODULE': 'xim', 'WINDOWID': '56623116', 'SESSIONTYPE': 'gnome-session', 'XMODIFIERS': '@im=ibus', 'ROS_ETC_DIR': '/opt/ros/indigo/etc/ros', 'GPG_AGENT_INFO': '/run/user/1000/keyring-j668jt/gpg:0:1', 'HOME': '/home/mdas', 'QT4_IM_MODULE': 'xim', 'SELINUX_INIT': 'YES', 'XDG_RUNTIME_DIR': '/run/user/1000', 'INSTANCE': 'Unity', 'PYTHONPATH': '/home/mdas/ros_ws/devel/lib/python2.7/dist-packages:/opt/ros/indigo/lib/python2.7/dist-packages', 'SSH_AUTH_SOCK': '/run/user/1000/keyring-j668jt/ssh', 'VTE_VERSION': '3409', 'ROS_ROOT': '/opt/ros/indigo/share/ros', 'GDMSESSION': 'ubuntu', 'IM_CONFIG_PHASE': '1', 'UPSTART_JOB': 'unity-settings-daemon', 'TEXTDOMAINDIR': '/usr/share/locale/', 'GNOME_KEYRING_PID': '1479', 'XDG_SEAT_PATH': '/org/freedesktop/DisplayManager/Seat0', 'ROS_PACKAGE_PATH': '/home/mdas/ros_ws/src:/opt/ros/indigo/share:/opt/ros/indigo/stacks', 'ROS_WORKSPACE': '/home/mdas/ros_ws', 'XDG_SESSION_ID': 'c2', 'DBUS_SESSION_BUS_ADDRESS': 'unix:abstract=/tmp/dbus-YvCwNcBSW7', '_': '/opt/ros/indigo/bin/roslaunch', 'DEFAULTS_PATH': '/usr/share/gconf/ubuntu.default.path', 'GTK_IM_MODULE': 'ibus', 'DESKTOP_SESSION': 'ubuntu', 'UPSTART_SESSION': 'unix:abstract=/com/ubuntu/upstart-session/1000/1481', 'XDG_CONFIG_DIRS': '/etc/xdg/xdg-ubuntu:/usr/share/upstart/xdg:/etc/xdg', 'GTK_MODULES': 'overlay-scrollbar:unity-gtk-module', 'OLDPWD': '/home/mdas/ros_ws', 'GDM_LANG': 'en_US', 'XDG_DATA_DIRS': '/usr/share/ubuntu:/usr/share/gnome:/usr/local/share/:/usr/share/', 'PWD': '/home/mdas', 'QT_IM_MODULE': 'ibus', 'ROS_MASTER_URI': 'http://localhost:11311', 'COLORTERM': 'gnome-terminal', 'DISPLAY': ':0', 'LS_COLORS': 'rs=0:di=01;34:ln=01;36:mh=00:pi=40;33:so=01;35:do=01;35:bd=40;33;01:cd=40;33;01:or=40;31;01:su=37;41:sg=30;43:ca=30;41:tw=30;42:ow=34;42:st=37;44:ex=01;32:*.tar=01;31:*.tgz=01;31:*.arj=01;31:*.taz=01;31:*.lzh=01;31:*.lzma=01;31:*.tlz=01;31:*.txz=01;31:*.zip=01;31:*.z=01;31:*.Z=01;31:*.dz=01;31:*.gz=01;31:*.lz=01;31:*.xz=01;31:*.bz2=01;31:*.bz=01;31:*.tbz=01;31:*.tbz2=01;31:*.tz=01;31:*.deb=01;31:*.rpm=01;31:*.jar=01;31:*.war=01;31:*.ear=01;31:*.sar=01;31:*.rar=01;31:*.ace=01;31:*.zoo=01;31:*.cpio=01;31:*.7z=01;31:*.rz=01;31:*.jpg=01;35:*.jpeg=01;35:*.gif=01;35:*.bmp=01;35:*.pbm=01;35:*.pgm=01;35:*.ppm=01;35:*.tga=01;35:*.xbm=01;35:*.xpm=01;35:*.tif=01;35:*.tiff=01;35:*.png=01;35:*.svg=01;35:*.svgz=01;35:*.mng=01;35:*.pcx=01;35:*.mov=01;35:*.mpg=01;35:*.mpeg=01;35:*.m2v=01;35:*.mkv=01;35:*.webm=01;35:*.ogm=01;35:*.mp4=01;35:*.m4v=01;35:*.mp4v=01;35:*.vob=01;35:*.qt=01;35:*.nuv=01;35:*.wmv=01;35:*.asf=01;35:*.rm=01;35:*.rmvb=01;35:*.flc=01;35:*.avi=01;35:*.fli=01;35:*.flv=01;35:*.gl=01;35:*.dl=01;35:*.xcf=01;35:*.xwd=01;35:*.yuv=01;35:*.cgm=01;35:*.emf=01;35:*.axv=01;35:*.anx=01;35:*.ogv=01;35:*.ogx=01;35:*.aac=00;36:*.au=00;36:*.flac=00;36:*.mid=00;36:*.midi=00;36:*.mka=00;36:*.mp3=00;36:*.mpc=00;36:*.ogg=00;36:*.ra=00;36:*.wav=00;36:*.axa=00;36:*.oga=00;36:*.spx=00;36:*.xspf=00;36:', 'XDG_SEAT': 'seat0'}
[roslaunch][INFO] 2017-11-02 16:09:32,748: starting in server mode
[roslaunch.parent][INFO] 2017-11-02 16:09:32,748: starting roslaunch parent run
[roslaunch][INFO] 2017-11-02 16:09:32,749: loading roscore config file /opt/ros/indigo/etc/ros/roscore.xml
[roslaunch][INFO] 2017-11-02 16:09:32,815: Added core node of type [rosout/rosout] in namespace [/]
[roslaunch.config][INFO] 2017-11-02 16:09:32,815: loading config file /home/mdas/ros_ws/src/launchers/full_launch.launch
[roslaunch][INFO] 2017-11-02 16:09:32,865: Added node of type [sicktoolbox_wrapper/sicklms] in namespace [/]
[roslaunch][INFO] 2017-11-02 16:09:32,866: Added node of type [novatel/novatel_node] in namespace [/]
[roslaunch][INFO] 2017-11-02 16:09:32,879: Added node of type [razor_imu_9dof/imu_node.py] in namespace [/]
[roslaunch][INFO] 2017-11-02 16:09:32,879: ... selected machine [] for node of type [sicktoolbox_wrapper/sicklms]
[roslaunch][INFO] 2017-11-02 16:09:32,879: ... selected machine [] for node of type [novatel/novatel_node]
[roslaunch][INFO] 2017-11-02 16:09:32,879: ... selected machine [] for node of type [razor_imu_9dof/imu_node.py]
[roslaunch.pmon][INFO] 2017-11-02 16:09:32,880: start_process_monitor: creating ProcessMonitor
[roslaunch.pmon][INFO] 2017-11-02 16:09:32,880: created process monitor <ProcessMonitor(ProcessMonitor-1, initial daemon)>
[roslaunch.pmon][INFO] 2017-11-02 16:09:32,881: start_process_monitor: ProcessMonitor started
[roslaunch.parent][INFO] 2017-11-02 16:09:32,881: starting parent XML-RPC server
[roslaunch.server][INFO] 2017-11-02 16:09:32,881: starting roslaunch XML-RPC server
[roslaunch.server][INFO] 2017-11-02 16:09:32,882: waiting for roslaunch XML-RPC server to initialize
[xmlrpc][INFO] 2017-11-02 16:09:32,882: XML-RPC server binding to 0.0.0.0:0
[xmlrpc][INFO] 2017-11-02 16:09:32,882: Started XML-RPC server [http://mdas-Meerkat:36003/]
[xmlrpc][INFO] 2017-11-02 16:09:32,882: xml rpc node: starting XML-RPC server
[roslaunch][INFO] 2017-11-02 16:09:32,894: started roslaunch server http://mdas-Meerkat:36003/
[roslaunch.parent][INFO] 2017-11-02 16:09:32,895: ... parent XML-RPC server started
[roslaunch][INFO] 2017-11-02 16:09:32,895: master.is_running[http://localhost:11311]
[roslaunch][INFO] 2017-11-02 16:09:32,896: auto-starting new master
[roslaunch][INFO] 2017-11-02 16:09:32,896: create_master_process: rosmaster, /opt/ros/indigo/share/ros, 11311, 3, None
[roslaunch][INFO] 2017-11-02 16:09:32,896: process[master]: launching with args [['rosmaster', '--core', '-p', '11311', '-w', '3']]
[roslaunch.pmon][INFO] 2017-11-02 16:09:32,897: ProcessMonitor.register[master]
[roslaunch.pmon][INFO] 2017-11-02 16:09:32,897: ProcessMonitor.register[master] complete
[roslaunch][INFO] 2017-11-02 16:09:32,897: process[master]: starting os process
[roslaunch][INFO] 2017-11-02 16:09:32,897: process[master]: start w/ args [['rosmaster', '--core', '-p', '11311', '-w', '3', '__log:=/home/mdas/.ros/log/bda7c216-c009-11e7-91b1-404a0358042c/master.log']]
[roslaunch][INFO] 2017-11-02 16:09:32,897: process[master]: cwd will be [/home/mdas/.ros]
[roslaunch][INFO] 2017-11-02 16:09:32,901: process[master]: started with pid [11396]
[roslaunch][INFO] 2017-11-02 16:09:32,902: master.is_running[http://localhost:11311]
[roslaunch][INFO] 2017-11-02 16:09:33,003: master.is_running[http://localhost:11311]
[roslaunch][INFO] 2017-11-02 16:09:33,006: master.is_running[http://localhost:11311]
[roslaunch][INFO] 2017-11-02 16:09:33,008: ROS_MASTER_URI=http://localhost:11311
[roslaunch][INFO] 2017-11-02 16:09:33,010: setting /run_id to bda7c216-c009-11e7-91b1-404a0358042c
[roslaunch][INFO] 2017-11-02 16:09:33,012: setting /roslaunch/uris/host_mdas_meerkat__36003' to http://mdas-Meerkat:36003/
[roslaunch][INFO] 2017-11-02 16:09:33,016: ... preparing to launch node of type [rosout/rosout]
[roslaunch][INFO] 2017-11-02 16:09:33,016: create_node_process: package[rosout] type[rosout] machine[Machine(name[] env_loader[None] address[localhost] ssh_port[22] user[None] assignable[True] timeout[10.0])] master_uri[http://localhost:11311]
[roslaunch][INFO] 2017-11-02 16:09:33,016: process[rosout-1]: env[{'WINDOWID': '56623116', 'QT_QPA_PLATFORMTHEME': 'appmenu-qt5', 'ROS_DISTRO': 'indigo', 'XDG_GREETER_DATA_DIR': '/var/lib/lightdm-data/mdas', 'GNOME_DESKTOP_SESSION_ID': 'this-is-deprecated', 'UPSTART_EVENTS': 'started starting', 'XDG_CURRENT_DESKTOP': 'Unity', 'XDG_SEAT_PATH': '/org/freedesktop/DisplayManager/Seat0', 'CPATH': '/home/mdas/ros_ws/devel/include:/opt/ros/indigo/include', 'LOGNAME': 'mdas', 'USER': 'mdas', 'PATH': '/opt/ros/indigo/bin:/usr/local/sbin:/usr/local/bin:/usr/sbin:/usr/bin:/sbin:/bin:/usr/games:/usr/local/games', 'XDG_VTNR': '7', 'GNOME_KEYRING_CONTROL': '/run/user/1000/keyring-j668jt', 'CMAKE_PREFIX_PATH': '/home/mdas/ros_ws/devel:/opt/ros/indigo', 'LD_LIBRARY_PATH': '/home/mdas/ros_ws/devel/lib:/opt/ros/indigo/lib', 'LANG': 'en_US.UTF-8', 'TERM': 'xterm', 'SHELL': '/bin/bash', 'XDG_SESSION_PATH': '/org/freedesktop/DisplayManager/Session0', 'XAUTHORITY': '/home/mdas/.Xauthority', 'LANGUAGE': 'en_US', 'SHLVL': '1', 'MANDATORY_PATH': '/usr/share/gconf/ubuntu.mandatory.path', 'JOB': 'gnome-session', 'ROS_LOG_FILENAME': '/home/mdas/.ros/log/bda7c216-c009-11e7-91b1-404a0358042c/roslaunch-mdas-Meerkat-11384.log', 'UPSTART_INSTANCE': '', 'COMPIZ_CONFIG_PROFILE': 'ubuntu', 'TEXTDOMAIN': 'im-config', 'CLUTTER_IM_MODULE': 'xim', 'XMODIFIERS': '@im=ibus', 'ROS_MASTER_URI': 'http://localhost:11311', 'GPG_AGENT_INFO': '/run/user/1000/keyring-j668jt/gpg:0:1', 'HOME': '/home/mdas', 'QT4_IM_MODULE': 'xim', 'SELINUX_INIT': 'YES', 'SSH_AUTH_SOCK': '/run/user/1000/keyring-j668jt/ssh', 'XDG_RUNTIME_DIR': '/run/user/1000', 'PYTHONPATH': '/home/mdas/ros_ws/devel/lib/python2.7/dist-packages:/opt/ros/indigo/lib/python2.7/dist-packages', 'SESSIONTYPE': 'gnome-session', 'VTE_VERSION': '3409', 'ROS_ROOT': '/opt/ros/indigo/share/ros', 'GDMSESSION': 'ubuntu', 'IM_CONFIG_PHASE': '1', 'UPSTART_JOB': 'unity-settings-daemon', 'TEXTDOMAINDIR': '/usr/share/locale/', 'XDG_DATA_DIRS': '/usr/share/ubuntu:/usr/share/gnome:/usr/local/share/:/usr/share/', 'PKG_CONFIG_PATH': '/home/mdas/ros_ws/devel/lib/pkgconfig:/opt/ros/indigo/lib/pkgconfig', 'ROS_PACKAGE_PATH': '/home/mdas/ros_ws/src:/opt/ros/indigo/share:/opt/ros/indigo/stacks', 'LESSOPEN': '| /usr/bin/lesspipe %s', 'XDG_SESSION_ID': 'c2', 'DBUS_SESSION_BUS_ADDRESS': 'unix:abstract=/tmp/dbus-YvCwNcBSW7', '_': '/opt/ros/indigo/bin/roslaunch', 'DEFAULTS_PATH': '/usr/share/gconf/ubuntu.default.path', 'GTK_IM_MODULE': 'ibus', 'DESKTOP_SESSION': 'ubuntu', 'UPSTART_SESSION': 'unix:abstract=/com/ubuntu/upstart-session/1000/1481', 'LESSCLOSE': '/usr/bin/lesspipe %s %s', 'GNOME_KEYRING_PID': '1479', 'OLDPWD': '/home/mdas/ros_ws', 'LS_COLORS': 'rs=0:di=01;34:ln=01;36:mh=00:pi=40;33:so=01;35:do=01;35:bd=40;33;01:cd=40;33;01:or=40;31;01:su=37;41:sg=30;43:ca=30;41:tw=30;42:ow=34;42:st=37;44:ex=01;32:*.tar=01;31:*.tgz=01;31:*.arj=01;31:*.taz=01;31:*.lzh=01;31:*.lzma=01;31:*.tlz=01;31:*.txz=01;31:*.zip=01;31:*.z=01;31:*.Z=01;31:*.dz=01;31:*.gz=01;31:*.lz=01;31:*.xz=01;31:*.bz2=01;31:*.bz=01;31:*.tbz=01;31:*.tbz2=01;31:*.tz=01;31:*.deb=01;31:*.rpm=01;31:*.jar=01;31:*.war=01;31:*.ear=01;31:*.sar=01;31:*.rar=01;31:*.ace=01;31:*.zoo=01;31:*.cpio=01;31:*.7z=01;31:*.rz=01;31:*.jpg=01;35:*.jpeg=01;35:*.gif=01;35:*.bmp=01;35:*.pbm=01;35:*.pgm=01;35:*.ppm=01;35:*.tga=01;35:*.xbm=01;35:*.xpm=01;35:*.tif=01;35:*.tiff=01;35:*.png=01;35:*.svg=01;35:*.svgz=01;35:*.mng=01;35:*.pcx=01;35:*.mov=01;35:*.mpg=01;35:*.mpeg=01;35:*.m2v=01;35:*.mkv=01;35:*.webm=01;35:*.ogm=01;35:*.mp4=01;35:*.m4v=01;35:*.mp4v=01;35:*.vob=01;35:*.qt=01;35:*.nuv=01;35:*.wmv=01;35:*.asf=01;35:*.rm=01;35:*.rmvb=01;35:*.flc=01;35:*.avi=01;35:*.fli=01;35:*.flv=01;35:*.gl=01;35:*.dl=01;35:*.xcf=01;35:*.xwd=01;35:*.yuv=01;35:*.cgm=01;35:*.emf=01;35:*.axv=01;35:*.anx=01;35:*.ogv=01;35:*.ogx=01;35:*.aac=00;36:*.au=00;36:*.flac=00;36:*.mid=00;36:*.midi=00;36:*.mka=00;36:*.mp3=00;36:*.mpc=00;36:*.ogg=00;36:*.ra=00;36:*.wav=00;36:*.axa=00;36:*.oga=00;36:*.spx=00;36:*.xspf=00;36:', 'GDM_LANG': 'en_US', 'GTK_MODULES': 'overlay-scrollbar:unity-gtk-module', 'INSTANCE': 'Unity', 'PWD': '/home/mdas', 'QT_IM_MODULE': 'ibus', 'ROS_ETC_DIR': '/opt/ros/indigo/etc/ros', 'COLORTERM': 'gnome-terminal', 'DISPLAY': ':0', 'ROS_WORKSPACE': '/home/mdas/ros_ws', 'XDG_CONFIG_DIRS': '/etc/xdg/xdg-ubuntu:/usr/share/upstart/xdg:/etc/xdg', 'XDG_SEAT': 'seat0'}]
[roslaunch][INFO] 2017-11-02 16:09:33,086: process[rosout-1]: args[[u'/opt/ros/indigo/lib/rosout/rosout', u'__name:=rosout']]
[roslaunch][INFO] 2017-11-02 16:09:33,086: ... created process [rosout-1]
[roslaunch.pmon][INFO] 2017-11-02 16:09:33,086: ProcessMonitor.register[rosout-1]
[roslaunch.pmon][INFO] 2017-11-02 16:09:33,086: ProcessMonitor.register[rosout-1] complete
[roslaunch][INFO] 2017-11-02 16:09:33,086: ... registered process [rosout-1]
[roslaunch][INFO] 2017-11-02 16:09:33,086: process[rosout-1]: starting os process
[roslaunch][INFO] 2017-11-02 16:09:33,086: process[rosout-1]: start w/ args [[u'/opt/ros/indigo/lib/rosout/rosout', u'__name:=rosout', u'__log:=/home/mdas/.ros/log/bda7c216-c009-11e7-91b1-404a0358042c/rosout-1.log']]
[roslaunch][INFO] 2017-11-02 16:09:33,086: process[rosout-1]: cwd will be [/home/mdas/.ros]
[roslaunch][INFO] 2017-11-02 16:09:33,089: process[rosout-1]: started with pid [11409]
[roslaunch][INFO] 2017-11-02 16:09:33,089: ... successfully launched [rosout-1]
[roslaunch][INFO] 2017-11-02 16:09:33,089: load_parameters starting ...
[roslaunch][INFO] 2017-11-02 16:09:33,101: ... load_parameters complete
[roslaunch][INFO] 2017-11-02 16:09:33,101: launch_nodes: launching local nodes ...
[roslaunch][INFO] 2017-11-02 16:09:33,102: ... preparing to launch node of type [sicktoolbox_wrapper/sicklms]
[roslaunch][INFO] 2017-11-02 16:09:33,102: create_node_process: package[sicktoolbox_wrapper] type[sicklms] machine[Machine(name[] env_loader[None] address[localhost] ssh_port[22] user[None] assignable[True] timeout[10.0])] master_uri[http://localhost:11311]
[roslaunch][INFO] 2017-11-02 16:09:33,102: process[base_laser1-2]: env[{'WINDOWID': '56623116', 'QT_QPA_PLATFORMTHEME': 'appmenu-qt5', 'ROS_DISTRO': 'indigo', 'XDG_GREETER_DATA_DIR': '/var/lib/lightdm-data/mdas', 'GNOME_DESKTOP_SESSION_ID': 'this-is-deprecated', 'UPSTART_EVENTS': 'started starting', 'XDG_CURRENT_DESKTOP': 'Unity', 'XDG_SEAT_PATH': '/org/freedesktop/DisplayManager/Seat0', 'CPATH': '/home/mdas/ros_ws/devel/include:/opt/ros/indigo/include', 'LOGNAME': 'mdas', 'USER': 'mdas', 'PATH': '/opt/ros/indigo/bin:/usr/local/sbin:/usr/local/bin:/usr/sbin:/usr/bin:/sbin:/bin:/usr/games:/usr/local/games', 'XDG_VTNR': '7', 'GNOME_KEYRING_CONTROL': '/run/user/1000/keyring-j668jt', 'CMAKE_PREFIX_PATH': '/home/mdas/ros_ws/devel:/opt/ros/indigo', 'LD_LIBRARY_PATH': '/home/mdas/ros_ws/devel/lib:/opt/ros/indigo/lib', 'LANG': 'en_US.UTF-8', 'TERM': 'xterm', 'SHELL': '/bin/bash', 'XDG_SESSION_PATH': '/org/freedesktop/DisplayManager/Session0', 'XAUTHORITY': '/home/mdas/.Xauthority', 'LANGUAGE': 'en_US', 'SHLVL': '1', 'MANDATORY_PATH': '/usr/share/gconf/ubuntu.mandatory.path', 'JOB': 'gnome-session', 'ROS_LOG_FILENAME': '/home/mdas/.ros/log/bda7c216-c009-11e7-91b1-404a0358042c/roslaunch-mdas-Meerkat-11384.log', 'UPSTART_INSTANCE': '', 'COMPIZ_CONFIG_PROFILE': 'ubuntu', 'TEXTDOMAIN': 'im-config', 'CLUTTER_IM_MODULE': 'xim', 'XMODIFIERS': '@im=ibus', 'ROS_MASTER_URI': 'http://localhost:11311', 'GPG_AGENT_INFO': '/run/user/1000/keyring-j668jt/gpg:0:1', 'HOME': '/home/mdas', 'QT4_IM_MODULE': 'xim', 'SELINUX_INIT': 'YES', 'SSH_AUTH_SOCK': '/run/user/1000/keyring-j668jt/ssh', 'XDG_RUNTIME_DIR': '/run/user/1000', 'PYTHONPATH': '/home/mdas/ros_ws/devel/lib/python2.7/dist-packages:/opt/ros/indigo/lib/python2.7/dist-packages', 'SESSIONTYPE': 'gnome-session', 'VTE_VERSION': '3409', 'ROS_ROOT': '/opt/ros/indigo/share/ros', 'GDMSESSION': 'ubuntu', 'IM_CONFIG_PHASE': '1', 'UPSTART_JOB': 'unity-settings-daemon', 'TEXTDOMAINDIR': '/usr/share/locale/', 'XDG_DATA_DIRS': '/usr/share/ubuntu:/usr/share/gnome:/usr/local/share/:/usr/share/', 'PKG_CONFIG_PATH': '/home/mdas/ros_ws/devel/lib/pkgconfig:/opt/ros/indigo/lib/pkgconfig', 'ROS_PACKAGE_PATH': '/home/mdas/ros_ws/src:/opt/ros/indigo/share:/opt/ros/indigo/stacks', 'LESSOPEN': '| /usr/bin/lesspipe %s', 'XDG_SESSION_ID': 'c2', 'DBUS_SESSION_BUS_ADDRESS': 'unix:abstract=/tmp/dbus-YvCwNcBSW7', '_': '/opt/ros/indigo/bin/roslaunch', 'DEFAULTS_PATH': '/usr/share/gconf/ubuntu.default.path', 'GTK_IM_MODULE': 'ibus', 'DESKTOP_SESSION': 'ubuntu', 'UPSTART_SESSION': 'unix:abstract=/com/ubuntu/upstart-session/1000/1481', 'LESSCLOSE': '/usr/bin/lesspipe %s %s', 'GNOME_KEYRING_PID': '1479', 'OLDPWD': '/home/mdas/ros_ws', 'LS_COLORS': 'rs=0:di=01;34:ln=01;36:mh=00:pi=40;33:so=01;35:do=01;35:bd=40;33;01:cd=40;33;01:or=40;31;01:su=37;41:sg=30;43:ca=30;41:tw=30;42:ow=34;42:st=37;44:ex=01;32:*.tar=01;31:*.tgz=01;31:*.arj=01;31:*.taz=01;31:*.lzh=01;31:*.lzma=01;31:*.tlz=01;31:*.txz=01;31:*.zip=01;31:*.z=01;31:*.Z=01;31:*.dz=01;31:*.gz=01;31:*.lz=01;31:*.xz=01;31:*.bz2=01;31:*.bz=01;31:*.tbz=01;31:*.tbz2=01;31:*.tz=01;31:*.deb=01;31:*.rpm=01;31:*.jar=01;31:*.war=01;31:*.ear=01;31:*.sar=01;31:*.rar=01;31:*.ace=01;31:*.zoo=01;31:*.cpio=01;31:*.7z=01;31:*.rz=01;31:*.jpg=01;35:*.jpeg=01;35:*.gif=01;35:*.bmp=01;35:*.pbm=01;35:*.pgm=01;35:*.ppm=01;35:*.tga=01;35:*.xbm=01;35:*.xpm=01;35:*.tif=01;35:*.tiff=01;35:*.png=01;35:*.svg=01;35:*.svgz=01;35:*.mng=01;35:*.pcx=01;35:*.mov=01;35:*.mpg=01;35:*.mpeg=01;35:*.m2v=01;35:*.mkv=01;35:*.webm=01;35:*.ogm=01;35:*.mp4=01;35:*.m4v=01;35:*.mp4v=01;35:*.vob=01;35:*.qt=01;35:*.nuv=01;35:*.wmv=01;35:*.asf=01;35:*.rm=01;35:*.rmvb=01;35:*.flc=01;35:*.avi=01;35:*.fli=01;35:*.flv=01;35:*.gl=01;35:*.dl=01;35:*.xcf=01;35:*.xwd=01;35:*.yuv=01;35:*.cgm=01;35:*.emf=01;35:*.axv=01;35:*.anx=01;35:*.ogv=01;35:*.ogx=01;35:*.aac=00;36:*.au=00;36:*.flac=00;36:*.mid=00;36:*.midi=00;36:*.mka=00;36:*.mp3=00;36:*.mpc=00;36:*.ogg=00;36:*.ra=00;36:*.wav=00;36:*.axa=00;36:*.oga=00;36:*.spx=00;36:*.xspf=00;36:', 'GDM_LANG': 'en_US', 'GTK_MODULES': 'overlay-scrollbar:unity-gtk-module', 'INSTANCE': 'Unity', 'PWD': '/home/mdas', 'QT_IM_MODULE': 'ibus', 'ROS_ETC_DIR': '/opt/ros/indigo/etc/ros', 'COLORTERM': 'gnome-terminal', 'DISPLAY': ':0', 'ROS_WORKSPACE': '/home/mdas/ros_ws', 'XDG_CONFIG_DIRS': '/etc/xdg/xdg-ubuntu:/usr/share/upstart/xdg:/etc/xdg', 'XDG_SEAT': 'seat0'}]
[roslaunch][INFO] 2017-11-02 16:09:33,103: process[base_laser1-2]: args[[u'/home/mdas/ros_ws/devel/lib/sicktoolbox_wrapper/sicklms', u'scan:=/sensor_msgs/LaserScan', u'__name:=base_laser1']]
[roslaunch][INFO] 2017-11-02 16:09:33,103: ... created process [base_laser1-2]
[roslaunch.pmon][INFO] 2017-11-02 16:09:33,103: ProcessMonitor.register[base_laser1-2]
[roslaunch.pmon][INFO] 2017-11-02 16:09:33,103: ProcessMonitor.register[base_laser1-2] complete
[roslaunch][INFO] 2017-11-02 16:09:33,103: ... registered process [base_laser1-2]
[roslaunch][INFO] 2017-11-02 16:09:33,103: process[base_laser1-2]: starting os process
[roslaunch][INFO] 2017-11-02 16:09:33,103: process[base_laser1-2]: start w/ args [[u'/home/mdas/ros_ws/devel/lib/sicktoolbox_wrapper/sicklms', u'scan:=/sensor_msgs/LaserScan', u'__name:=base_laser1', u'__log:=/home/mdas/.ros/log/bda7c216-c009-11e7-91b1-404a0358042c/base_laser1-2.log']]
[roslaunch][INFO] 2017-11-02 16:09:33,103: process[base_laser1-2]: cwd will be [/home/mdas/.ros]
[roslaunch][INFO] 2017-11-02 16:09:33,105: process[base_laser1-2]: started with pid [11426]
[roslaunch][INFO] 2017-11-02 16:09:33,105: ... successfully launched [base_laser1-2]
[roslaunch][INFO] 2017-11-02 16:09:33,106: ... preparing to launch node of type [novatel/novatel_node]
[roslaunch][INFO] 2017-11-02 16:09:33,106: create_node_process: package[novatel] type[novatel_node] machine[Machine(name[] env_loader[None] address[localhost] ssh_port[22] user[None] assignable[True] timeout[10.0])] master_uri[http://localhost:11311]
[roslaunch][INFO] 2017-11-02 16:09:33,106: process[novatel_node-3]: env[{'WINDOWID': '56623116', 'QT_QPA_PLATFORMTHEME': 'appmenu-qt5', 'ROS_DISTRO': 'indigo', 'XDG_GREETER_DATA_DIR': '/var/lib/lightdm-data/mdas', 'GNOME_DESKTOP_SESSION_ID': 'this-is-deprecated', 'UPSTART_EVENTS': 'started starting', 'XDG_CURRENT_DESKTOP': 'Unity', 'XDG_SEAT_PATH': '/org/freedesktop/DisplayManager/Seat0', 'CPATH': '/home/mdas/ros_ws/devel/include:/opt/ros/indigo/include', 'LOGNAME': 'mdas', 'USER': 'mdas', 'PATH': '/opt/ros/indigo/bin:/usr/local/sbin:/usr/local/bin:/usr/sbin:/usr/bin:/sbin:/bin:/usr/games:/usr/local/games', 'XDG_VTNR': '7', 'GNOME_KEYRING_CONTROL': '/run/user/1000/keyring-j668jt', 'CMAKE_PREFIX_PATH': '/home/mdas/ros_ws/devel:/opt/ros/indigo', 'LD_LIBRARY_PATH': '/home/mdas/ros_ws/devel/lib:/opt/ros/indigo/lib', 'LANG': 'en_US.UTF-8', 'TERM': 'xterm', 'SHELL': '/bin/bash', 'XDG_SESSION_PATH': '/org/freedesktop/DisplayManager/Session0', 'XAUTHORITY': '/home/mdas/.Xauthority', 'LANGUAGE': 'en_US', 'SHLVL': '1', 'MANDATORY_PATH': '/usr/share/gconf/ubuntu.mandatory.path', 'JOB': 'gnome-session', 'ROS_LOG_FILENAME': '/home/mdas/.ros/log/bda7c216-c009-11e7-91b1-404a0358042c/roslaunch-mdas-Meerkat-11384.log', 'UPSTART_INSTANCE': '', 'COMPIZ_CONFIG_PROFILE': 'ubuntu', 'TEXTDOMAIN': 'im-config', 'CLUTTER_IM_MODULE': 'xim', 'XMODIFIERS': '@im=ibus', 'ROS_MASTER_URI': 'http://localhost:11311', 'GPG_AGENT_INFO': '/run/user/1000/keyring-j668jt/gpg:0:1', 'HOME': '/home/mdas', 'QT4_IM_MODULE': 'xim', 'SELINUX_INIT': 'YES', 'SSH_AUTH_SOCK': '/run/user/1000/keyring-j668jt/ssh', 'XDG_RUNTIME_DIR': '/run/user/1000', 'PYTHONPATH': '/home/mdas/ros_ws/devel/lib/python2.7/dist-packages:/opt/ros/indigo/lib/python2.7/dist-packages', 'SESSIONTYPE': 'gnome-session', 'VTE_VERSION': '3409', 'ROS_ROOT': '/opt/ros/indigo/share/ros', 'GDMSESSION': 'ubuntu', 'IM_CONFIG_PHASE': '1', 'UPSTART_JOB': 'unity-settings-daemon', 'TEXTDOMAINDIR': '/usr/share/locale/', 'XDG_DATA_DIRS': '/usr/share/ubuntu:/usr/share/gnome:/usr/local/share/:/usr/share/', 'PKG_CONFIG_PATH': '/home/mdas/ros_ws/devel/lib/pkgconfig:/opt/ros/indigo/lib/pkgconfig', 'ROS_PACKAGE_PATH': '/home/mdas/ros_ws/src:/opt/ros/indigo/share:/opt/ros/indigo/stacks', 'LESSOPEN': '| /usr/bin/lesspipe %s', 'XDG_SESSION_ID': 'c2', 'DBUS_SESSION_BUS_ADDRESS': 'unix:abstract=/tmp/dbus-YvCwNcBSW7', '_': '/opt/ros/indigo/bin/roslaunch', 'DEFAULTS_PATH': '/usr/share/gconf/ubuntu.default.path', 'GTK_IM_MODULE': 'ibus', 'DESKTOP_SESSION': 'ubuntu', 'UPSTART_SESSION': 'unix:abstract=/com/ubuntu/upstart-session/1000/1481', 'LESSCLOSE': '/usr/bin/lesspipe %s %s', 'GNOME_KEYRING_PID': '1479', 'OLDPWD': '/home/mdas/ros_ws', 'LS_COLORS': 'rs=0:di=01;34:ln=01;36:mh=00:pi=40;33:so=01;35:do=01;35:bd=40;33;01:cd=40;33;01:or=40;31;01:su=37;41:sg=30;43:ca=30;41:tw=30;42:ow=34;42:st=37;44:ex=01;32:*.tar=01;31:*.tgz=01;31:*.arj=01;31:*.taz=01;31:*.lzh=01;31:*.lzma=01;31:*.tlz=01;31:*.txz=01;31:*.zip=01;31:*.z=01;31:*.Z=01;31:*.dz=01;31:*.gz=01;31:*.lz=01;31:*.xz=01;31:*.bz2=01;31:*.bz=01;31:*.tbz=01;31:*.tbz2=01;31:*.tz=01;31:*.deb=01;31:*.rpm=01;31:*.jar=01;31:*.war=01;31:*.ear=01;31:*.sar=01;31:*.rar=01;31:*.ace=01;31:*.zoo=01;31:*.cpio=01;31:*.7z=01;31:*.rz=01;31:*.jpg=01;35:*.jpeg=01;35:*.gif=01;35:*.bmp=01;35:*.pbm=01;35:*.pgm=01;35:*.ppm=01;35:*.tga=01;35:*.xbm=01;35:*.xpm=01;35:*.tif=01;35:*.tiff=01;35:*.png=01;35:*.svg=01;35:*.svgz=01;35:*.mng=01;35:*.pcx=01;35:*.mov=01;35:*.mpg=01;35:*.mpeg=01;35:*.m2v=01;35:*.mkv=01;35:*.webm=01;35:*.ogm=01;35:*.mp4=01;35:*.m4v=01;35:*.mp4v=01;35:*.vob=01;35:*.qt=01;35:*.nuv=01;35:*.wmv=01;35:*.asf=01;35:*.rm=01;35:*.rmvb=01;35:*.flc=01;35:*.avi=01;35:*.fli=01;35:*.flv=01;35:*.gl=01;35:*.dl=01;35:*.xcf=01;35:*.xwd=01;35:*.yuv=01;35:*.cgm=01;35:*.emf=01;35:*.axv=01;35:*.anx=01;35:*.ogv=01;35:*.ogx=01;35:*.aac=00;36:*.au=00;36:*.flac=00;36:*.mid=00;36:*.midi=00;36:*.mka=00;36:*.mp3=00;36:*.mpc=00;36:*.ogg=00;36:*.ra=00;36:*.wav=00;36:*.axa=00;36:*.oga=00;36:*.spx=00;36:*.xspf=00;36:', 'GDM_LANG': 'en_US', 'GTK_MODULES': 'overlay-scrollbar:unity-gtk-module', 'INSTANCE': 'Unity', 'PWD': '/home/mdas', 'QT_IM_MODULE': 'ibus', 'ROS_ETC_DIR': '/opt/ros/indigo/etc/ros', 'COLORTERM': 'gnome-terminal', 'DISPLAY': ':0', 'ROS_WORKSPACE': '/home/mdas/ros_ws', 'XDG_CONFIG_DIRS': '/etc/xdg/xdg-ubuntu:/usr/share/upstart/xdg:/etc/xdg', 'XDG_SEAT': 'seat0'}]
[roslaunch][INFO] 2017-11-02 16:09:33,107: process[novatel_node-3]: args[[u'/home/mdas/ros_ws/devel/lib/novatel/novatel_node', u'__name:=novatel_node']]
[roslaunch][INFO] 2017-11-02 16:09:33,107: ... created process [novatel_node-3]
[roslaunch.pmon][INFO] 2017-11-02 16:09:33,107: ProcessMonitor.register[novatel_node-3]
[roslaunch.pmon][INFO] 2017-11-02 16:09:33,107: ProcessMonitor.register[novatel_node-3] complete
[roslaunch][INFO] 2017-11-02 16:09:33,107: ... registered process [novatel_node-3]
[roslaunch][INFO] 2017-11-02 16:09:33,107: process[novatel_node-3]: starting os process
[roslaunch][INFO] 2017-11-02 16:09:33,107: process[novatel_node-3]: start w/ args [[u'/home/mdas/ros_ws/devel/lib/novatel/novatel_node', u'__name:=novatel_node', u'__log:=/home/mdas/.ros/log/bda7c216-c009-11e7-91b1-404a0358042c/novatel_node-3.log']]
[roslaunch][INFO] 2017-11-02 16:09:33,107: process[novatel_node-3]: cwd will be [/home/mdas/.ros]
[roslaunch][INFO] 2017-11-02 16:09:33,109: process[novatel_node-3]: started with pid [11427]
[roslaunch][INFO] 2017-11-02 16:09:33,110: ... successfully launched [novatel_node-3]
[roslaunch][INFO] 2017-11-02 16:09:33,110: ... preparing to launch node of type [razor_imu_9dof/imu_node.py]
[roslaunch][INFO] 2017-11-02 16:09:33,110: create_node_process: package[razor_imu_9dof] type[imu_node.py] machine[Machine(name[] env_loader[None] address[localhost] ssh_port[22] user[None] assignable[True] timeout[10.0])] master_uri[http://localhost:11311]
[roslaunch][INFO] 2017-11-02 16:09:33,110: process[imu_node-4]: env[{'WINDOWID': '56623116', 'QT_QPA_PLATFORMTHEME': 'appmenu-qt5', 'ROS_DISTRO': 'indigo', 'XDG_GREETER_DATA_DIR': '/var/lib/lightdm-data/mdas', 'GNOME_DESKTOP_SESSION_ID': 'this-is-deprecated', 'UPSTART_EVENTS': 'started starting', 'XDG_CURRENT_DESKTOP': 'Unity', 'XDG_SEAT_PATH': '/org/freedesktop/DisplayManager/Seat0', 'CPATH': '/home/mdas/ros_ws/devel/include:/opt/ros/indigo/include', 'LOGNAME': 'mdas', 'USER': 'mdas', 'PATH': '/opt/ros/indigo/bin:/usr/local/sbin:/usr/local/bin:/usr/sbin:/usr/bin:/sbin:/bin:/usr/games:/usr/local/games', 'XDG_VTNR': '7', 'GNOME_KEYRING_CONTROL': '/run/user/1000/keyring-j668jt', 'CMAKE_PREFIX_PATH': '/home/mdas/ros_ws/devel:/opt/ros/indigo', 'LD_LIBRARY_PATH': '/home/mdas/ros_ws/devel/lib:/opt/ros/indigo/lib', 'LANG': 'en_US.UTF-8', 'TERM': 'xterm', 'SHELL': '/bin/bash', 'XDG_SESSION_PATH': '/org/freedesktop/DisplayManager/Session0', 'XAUTHORITY': '/home/mdas/.Xauthority', 'LANGUAGE': 'en_US', 'SHLVL': '1', 'MANDATORY_PATH': '/usr/share/gconf/ubuntu.mandatory.path', 'JOB': 'gnome-session', 'ROS_LOG_FILENAME': '/home/mdas/.ros/log/bda7c216-c009-11e7-91b1-404a0358042c/roslaunch-mdas-Meerkat-11384.log', 'UPSTART_INSTANCE': '', 'COMPIZ_CONFIG_PROFILE': 'ubuntu', 'TEXTDOMAIN': 'im-config', 'CLUTTER_IM_MODULE': 'xim', 'XMODIFIERS': '@im=ibus', 'ROS_MASTER_URI': 'http://localhost:11311', 'GPG_AGENT_INFO': '/run/user/1000/keyring-j668jt/gpg:0:1', 'HOME': '/home/mdas', 'QT4_IM_MODULE': 'xim', 'SELINUX_INIT': 'YES', 'SSH_AUTH_SOCK': '/run/user/1000/keyring-j668jt/ssh', 'XDG_RUNTIME_DIR': '/run/user/1000', 'PYTHONPATH': '/home/mdas/ros_ws/devel/lib/python2.7/dist-packages:/opt/ros/indigo/lib/python2.7/dist-packages', 'SESSIONTYPE': 'gnome-session', 'VTE_VERSION': '3409', 'ROS_ROOT': '/opt/ros/indigo/share/ros', 'GDMSESSION': 'ubuntu', 'IM_CONFIG_PHASE': '1', 'UPSTART_JOB': 'unity-settings-daemon', 'TEXTDOMAINDIR': '/usr/share/locale/', 'XDG_DATA_DIRS': '/usr/share/ubuntu:/usr/share/gnome:/usr/local/share/:/usr/share/', 'PKG_CONFIG_PATH': '/home/mdas/ros_ws/devel/lib/pkgconfig:/opt/ros/indigo/lib/pkgconfig', 'ROS_PACKAGE_PATH': '/home/mdas/ros_ws/src:/opt/ros/indigo/share:/opt/ros/indigo/stacks', 'LESSOPEN': '| /usr/bin/lesspipe %s', 'XDG_SESSION_ID': 'c2', 'DBUS_SESSION_BUS_ADDRESS': 'unix:abstract=/tmp/dbus-YvCwNcBSW7', '_': '/opt/ros/indigo/bin/roslaunch', 'DEFAULTS_PATH': '/usr/share/gconf/ubuntu.default.path', 'GTK_IM_MODULE': 'ibus', 'DESKTOP_SESSION': 'ubuntu', 'UPSTART_SESSION': 'unix:abstract=/com/ubuntu/upstart-session/1000/1481', 'LESSCLOSE': '/usr/bin/lesspipe %s %s', 'GNOME_KEYRING_PID': '1479', 'OLDPWD': '/home/mdas/ros_ws', 'LS_COLORS': 'rs=0:di=01;34:ln=01;36:mh=00:pi=40;33:so=01;35:do=01;35:bd=40;33;01:cd=40;33;01:or=40;31;01:su=37;41:sg=30;43:ca=30;41:tw=30;42:ow=34;42:st=37;44:ex=01;32:*.tar=01;31:*.tgz=01;31:*.arj=01;31:*.taz=01;31:*.lzh=01;31:*.lzma=01;31:*.tlz=01;31:*.txz=01;31:*.zip=01;31:*.z=01;31:*.Z=01;31:*.dz=01;31:*.gz=01;31:*.lz=01;31:*.xz=01;31:*.bz2=01;31:*.bz=01;31:*.tbz=01;31:*.tbz2=01;31:*.tz=01;31:*.deb=01;31:*.rpm=01;31:*.jar=01;31:*.war=01;31:*.ear=01;31:*.sar=01;31:*.rar=01;31:*.ace=01;31:*.zoo=01;31:*.cpio=01;31:*.7z=01;31:*.rz=01;31:*.jpg=01;35:*.jpeg=01;35:*.gif=01;35:*.bmp=01;35:*.pbm=01;35:*.pgm=01;35:*.ppm=01;35:*.tga=01;35:*.xbm=01;35:*.xpm=01;35:*.tif=01;35:*.tiff=01;35:*.png=01;35:*.svg=01;35:*.svgz=01;35:*.mng=01;35:*.pcx=01;35:*.mov=01;35:*.mpg=01;35:*.mpeg=01;35:*.m2v=01;35:*.mkv=01;35:*.webm=01;35:*.ogm=01;35:*.mp4=01;35:*.m4v=01;35:*.mp4v=01;35:*.vob=01;35:*.qt=01;35:*.nuv=01;35:*.wmv=01;35:*.asf=01;35:*.rm=01;35:*.rmvb=01;35:*.flc=01;35:*.avi=01;35:*.fli=01;35:*.flv=01;35:*.gl=01;35:*.dl=01;35:*.xcf=01;35:*.xwd=01;35:*.yuv=01;35:*.cgm=01;35:*.emf=01;35:*.axv=01;35:*.anx=01;35:*.ogv=01;35:*.ogx=01;35:*.aac=00;36:*.au=00;36:*.flac=00;36:*.mid=00;36:*.midi=00;36:*.mka=00;36:*.mp3=00;36:*.mpc=00;36:*.ogg=00;36:*.ra=00;36:*.wav=00;36:*.axa=00;36:*.oga=00;36:*.spx=00;36:*.xspf=00;36:', 'GDM_LANG': 'en_US', 'GTK_MODULES': 'overlay-scrollbar:unity-gtk-module', 'INSTANCE': 'Unity', 'PWD': '/home/mdas', 'QT_IM_MODULE': 'ibus', 'ROS_ETC_DIR': '/opt/ros/indigo/etc/ros', 'COLORTERM': 'gnome-terminal', 'DISPLAY': ':0', 'ROS_WORKSPACE': '/home/mdas/ros_ws', 'XDG_CONFIG_DIRS': '/etc/xdg/xdg-ubuntu:/usr/share/upstart/xdg:/etc/xdg', 'XDG_SEAT': 'seat0'}]
[roslaunch][INFO] 2017-11-02 16:09:33,112: process[imu_node-4]: args[[u'/home/mdas/ros_ws/src/packages/razor_imu_9dof/nodes/imu_node.py', u'__name:=imu_node']]
[roslaunch][INFO] 2017-11-02 16:09:33,112: ... created process [imu_node-4]
[roslaunch.pmon][INFO] 2017-11-02 16:09:33,112: ProcessMonitor.register[imu_node-4]
[roslaunch.pmon][INFO] 2017-11-02 16:09:33,112: ProcessMonitor.register[imu_node-4] complete
[roslaunch][INFO] 2017-11-02 16:09:33,112: ... registered process [imu_node-4]
[roslaunch][INFO] 2017-11-02 16:09:33,112: process[imu_node-4]: starting os process
[roslaunch][INFO] 2017-11-02 16:09:33,112: process[imu_node-4]: start w/ args [[u'/home/mdas/ros_ws/src/packages/razor_imu_9dof/nodes/imu_node.py', u'__name:=imu_node', u'__log:=/home/mdas/.ros/log/bda7c216-c009-11e7-91b1-404a0358042c/imu_node-4.log']]
[roslaunch][INFO] 2017-11-02 16:09:33,112: process[imu_node-4]: cwd will be [/home/mdas/.ros]
[roslaunch][INFO] 2017-11-02 16:09:33,115: process[imu_node-4]: started with pid [11436]
[roslaunch][INFO] 2017-11-02 16:09:33,115: ... successfully launched [imu_node-4]
[roslaunch][INFO] 2017-11-02 16:09:33,115: ... launch_nodes complete
[roslaunch.pmon][INFO] 2017-11-02 16:09:33,115: registrations completed <ProcessMonitor(ProcessMonitor-1, started daemon 139867571787520)>
[roslaunch.parent][INFO] 2017-11-02 16:09:33,115: ... roslaunch parent running, waiting for process exit
[roslaunch][INFO] 2017-11-02 16:09:33,115: spin
[roslaunch][ERROR] 2017-11-02 16:09:33,286: ================================================================================REQUIRED process [novatel_node-3] has died!
process has died [pid 11427, exit code -11, cmd /home/mdas/ros_ws/devel/lib/novatel/novatel_node __name:=novatel_node __log:=/home/mdas/.ros/log/bda7c216-c009-11e7-91b1-404a0358042c/novatel_node-3.log].
log file: /home/mdas/.ros/log/bda7c216-c009-11e7-91b1-404a0358042c/novatel_node-3*.log
Initiating shutdown!
================================================================================
[roslaunch.pmon][INFO] 2017-11-02 16:09:33,386: ProcessMonitor._post_run <ProcessMonitor(ProcessMonitor-1, started daemon 139867571787520)>
[roslaunch.pmon][INFO] 2017-11-02 16:09:33,387: ProcessMonitor._post_run <ProcessMonitor(ProcessMonitor-1, started daemon 139867571787520)>: remaining procs are [<roslaunch.nodeprocess.LocalProcess object at 0x7f3575af1d50>, <roslaunch.nodeprocess.LocalProcess object at 0x7f357512e190>, <roslaunch.nodeprocess.LocalProcess object at 0x7f3575af1ed0>, <roslaunch.nodeprocess.LocalProcess object at 0x7f35750ffe90>, <roslaunch.nodeprocess.LocalProcess object at 0x7f35750fff10>]
[roslaunch.pmon][INFO] 2017-11-02 16:09:33,387: ProcessMonitor exit: killing imu_node-4
[roslaunch.pmon][INFO] 2017-11-02 16:09:33,387: ProcessMonitor exit: killing novatel_node-3
[roslaunch][INFO] 2017-11-02 16:09:33,387: [imu_node-4] killing on exit
[roslaunch.pmon][INFO] 2017-11-02 16:09:33,387: ProcessMonitor exit: killing base_laser1-2
[roslaunch][INFO] 2017-11-02 16:09:33,387: [novatel_node-3] killing on exit
[roslaunch][INFO] 2017-11-02 16:09:33,387: process[imu_node-4]: killing os process with pid[11436] pgid[11436]
[roslaunch][INFO] 2017-11-02 16:09:33,388: [base_laser1-2] killing on exit
[roslaunch][INFO] 2017-11-02 16:09:33,388: [imu_node-4] sending SIGINT to pgid [11436]
[roslaunch][INFO] 2017-11-02 16:09:33,388: [imu_node-4] sent SIGINT to pgid [11436]
[roslaunch][INFO] 2017-11-02 16:09:33,388: process[base_laser1-2]: killing os process with pid[11426] pgid[11426]
[roslaunch][INFO] 2017-11-02 16:09:33,388: [base_laser1-2] sending SIGINT to pgid [11426]
[roslaunch][INFO] 2017-11-02 16:09:33,388: [base_laser1-2] sent SIGINT to pgid [11426]
[roslaunch][INFO] 2017-11-02 16:09:33,489: process[base_laser1-2]: SIGINT killed with return value 2
[roslaunch][INFO] 2017-11-02 16:09:33,589: process[imu_node-4]: SIGINT killed with return value 1
[roslaunch.pmon][INFO] 2017-11-02 16:09:33,589: ProcessMonitor exit: killing rosout-1
[roslaunch][INFO] 2017-11-02 16:09:33,589: [rosout-1] killing on exit
[roslaunch][INFO] 2017-11-02 16:09:33,589: process[rosout-1]: killing os process with pid[11409] pgid[11409]
[roslaunch][INFO] 2017-11-02 16:09:33,589: [rosout-1] sending SIGINT to pgid [11409]
[roslaunch][INFO] 2017-11-02 16:09:33,589: [rosout-1] sent SIGINT to pgid [11409]
[roslaunch][INFO] 2017-11-02 16:09:33,690: process[rosout-1]: SIGINT killed with return value 0
[roslaunch.pmon][INFO] 2017-11-02 16:09:33,691: ProcessMonitor exit: killing master
[roslaunch][INFO] 2017-11-02 16:09:33,691: [master] killing on exit
[roslaunch][INFO] 2017-11-02 16:09:33,691: process[master]: killing os process with pid[11396] pgid[11396]
[roslaunch][INFO] 2017-11-02 16:09:33,692: [master] sending SIGINT to pgid [11396]
[roslaunch][INFO] 2017-11-02 16:09:33,692: [master] sent SIGINT to pgid [11396]
[roslaunch][INFO] 2017-11-02 16:09:33,893: process[master]: SIGINT killed with return value 0
[roslaunch.pmon][INFO] 2017-11-02 16:09:33,893: ProcessMonitor exit: cleaning up data structures and signals
[roslaunch.pmon][INFO] 2017-11-02 16:09:33,894: ProcessMonitor exit: pmon has shutdown
[roslaunch][INFO] 2017-11-02 16:09:33,917: process monitor is done spinning, initiating full shutdown
[roslaunch][INFO] 2017-11-02 16:09:33,918: runner.stop()
[roslaunch][INFO] 2017-11-02 16:09:33,918: shutting down processing monitor...
[roslaunch][INFO] 2017-11-02 16:09:33,919: shutting down processing monitor <ProcessMonitor(ProcessMonitor-1, stopped daemon 139867571787520)>
[roslaunch.pmon][INFO] 2017-11-02 16:09:33,919: ProcessMonitor.shutdown <ProcessMonitor(ProcessMonitor-1, stopped daemon 139867571787520)>
[roslaunch][INFO] 2017-11-02 16:09:33,919: ... shutting down processing monitor complete
[roslaunch][INFO] 2017-11-02 16:09:33,919: done
[roslaunch.pmon][INFO] 2017-11-02 16:09:33,920: ProcessMonitor.shutdown <ProcessMonitor(ProcessMonitor-1, stopped daemon 139867571787520)>
[rospy.core][INFO] 2017-11-02 16:09:33,920: signal_shutdown [atexit]
