[roslaunch][INFO] 2017-11-04 14:16:54,541: Checking log directory for disk usage. This may take awhile.
Press Ctrl-C to interrupt
[roslaunch][INFO] 2017-11-04 14:16:54,543: Done checking log file disk usage. Usage is <1GB.
[roslaunch][INFO] 2017-11-04 14:16:54,543: roslaunch starting with args ['/opt/ros/indigo/bin/roslaunch', 'babs_nav', 'init_hw.launch']
[roslaunch][INFO] 2017-11-04 14:16:54,543: roslaunch env is {'ROS_DISTRO': 'indigo', 'LESSOPEN': '| /usr/bin/lesspipe %s', 'SSH_CLIENT': '192.168.1.101 43584 22', 'CPATH': '/home/mdas/ros_ws/devel/include:/opt/ros/indigo/include', 'LOGNAME': 'mdas', 'USER': 'mdas', 'PATH': '/opt/ros/indigo/bin:/usr/local/sbin:/usr/local/bin:/usr/sbin:/usr/bin:/sbin:/bin:/usr/games:/usr/local/games', 'HOME': '/home/mdas', 'CMAKE_PREFIX_PATH': '/home/mdas/ros_ws/devel:/opt/ros/indigo', 'LD_LIBRARY_PATH': '/home/mdas/ros_ws/devel/lib:/opt/ros/indigo/lib', 'LANG': 'en_US.UTF-8', 'TERM': 'xterm', 'SHELL': '/bin/bash', 'SHLVL': '1', 'QT_QPA_PLATFORMTHEME': 'appmenu-qt5', 'ROS_LOG_FILENAME': '/home/mdas/.ros/log/56470c74-c18c-11e7-8522-f44d306c96a4/roslaunch-mdas-Meerkat-3590.log', 'ROS_ETC_DIR': '/opt/ros/indigo/etc/ros', 'XDG_RUNTIME_DIR': '/run/user/1000', 'PYTHONPATH': '/home/mdas/ros_ws/devel/lib/python2.7/dist-packages:/opt/ros/indigo/lib/python2.7/dist-packages', 'ROS_ROOT': '/opt/ros/indigo/share/ros', 'PKG_CONFIG_PATH': '/home/mdas/ros_ws/devel/lib/pkgconfig:/opt/ros/indigo/lib/pkgconfig', 'ROS_PACKAGE_PATH': '/home/mdas/ros_ws/src:/opt/ros/indigo/share:/opt/ros/indigo/stacks', 'ROS_WORKSPACE': '/home/mdas/ros_ws', 'XDG_SESSION_ID': '4', '_': '/opt/ros/indigo/bin/roslaunch', 'SSH_CONNECTION': '192.168.1.101 43584 192.168.1.113 22', 'LESSCLOSE': '/usr/bin/lesspipe %s %s', 'SSH_TTY': '/dev/pts/7', 'PWD': '/home/mdas', 'ROS_MASTER_URI': 'http://localhost:11311', 'MAIL': '/var/mail/mdas', 'LS_COLORS': 'rs=0:di=01;34:ln=01;36:mh=00:pi=40;33:so=01;35:do=01;35:bd=40;33;01:cd=40;33;01:or=40;31;01:su=37;41:sg=30;43:ca=30;41:tw=30;42:ow=34;42:st=37;44:ex=01;32:*.tar=01;31:*.tgz=01;31:*.arj=01;31:*.taz=01;31:*.lzh=01;31:*.lzma=01;31:*.tlz=01;31:*.txz=01;31:*.zip=01;31:*.z=01;31:*.Z=01;31:*.dz=01;31:*.gz=01;31:*.lz=01;31:*.xz=01;31:*.bz2=01;31:*.bz=01;31:*.tbz=01;31:*.tbz2=01;31:*.tz=01;31:*.deb=01;31:*.rpm=01;31:*.jar=01;31:*.war=01;31:*.ear=01;31:*.sar=01;31:*.rar=01;31:*.ace=01;31:*.zoo=01;31:*.cpio=01;31:*.7z=01;31:*.rz=01;31:*.jpg=01;35:*.jpeg=01;35:*.gif=01;35:*.bmp=01;35:*.pbm=01;35:*.pgm=01;35:*.ppm=01;35:*.tga=01;35:*.xbm=01;35:*.xpm=01;35:*.tif=01;35:*.tiff=01;35:*.png=01;35:*.svg=01;35:*.svgz=01;35:*.mng=01;35:*.pcx=01;35:*.mov=01;35:*.mpg=01;35:*.mpeg=01;35:*.m2v=01;35:*.mkv=01;35:*.webm=01;35:*.ogm=01;35:*.mp4=01;35:*.m4v=01;35:*.mp4v=01;35:*.vob=01;35:*.qt=01;35:*.nuv=01;35:*.wmv=01;35:*.asf=01;35:*.rm=01;35:*.rmvb=01;35:*.flc=01;35:*.avi=01;35:*.fli=01;35:*.flv=01;35:*.gl=01;35:*.dl=01;35:*.xcf=01;35:*.xwd=01;35:*.yuv=01;35:*.cgm=01;35:*.emf=01;35:*.axv=01;35:*.anx=01;35:*.ogv=01;35:*.ogx=01;35:*.aac=00;36:*.au=00;36:*.flac=00;36:*.mid=00;36:*.midi=00;36:*.mka=00;36:*.mp3=00;36:*.mpc=00;36:*.ogg=00;36:*.ra=00;36:*.wav=00;36:*.axa=00;36:*.oga=00;36:*.spx=00;36:*.xspf=00;36:'}
[roslaunch][INFO] 2017-11-04 14:16:54,543: starting in server mode
[roslaunch.parent][INFO] 2017-11-04 14:16:54,543: starting roslaunch parent run
[roslaunch][INFO] 2017-11-04 14:16:54,544: loading roscore config file /opt/ros/indigo/etc/ros/roscore.xml
[roslaunch][INFO] 2017-11-04 14:16:54,604: Added core node of type [rosout/rosout] in namespace [/]
[roslaunch.config][INFO] 2017-11-04 14:16:54,604: loading config file /home/mdas/ros_ws/src/packages/high_level_control/sentry/babs_nav/launch/init_hw.launch
[roslaunch][INFO] 2017-11-04 14:16:54,964: Added node of type [tf/static_transform_publisher] in namespace [/]
[roslaunch][INFO] 2017-11-04 14:16:54,964: Added node of type [robot_state_publisher/robot_state_publisher] in namespace [/]
[roslaunch][INFO] 2017-11-04 14:16:54,965: Added node of type [mapping_and_control/pub_des_state_startup] in namespace [/]
[roslaunch][INFO] 2017-11-04 14:16:54,965: Added node of type [odom_tf/odom_tf] in namespace [/]
[roslaunch][INFO] 2017-11-04 14:16:54,965: Added node of type [gmapping/slam_gmapping] in namespace [/]
[roslaunch][INFO] 2017-11-04 14:16:54,979: Added node of type [move_base/move_base] in namespace [/]
[roslaunch][INFO] 2017-11-04 14:16:54,979: Added node of type [babs_nav/navigation_goals] in namespace [/]
[roslaunch][INFO] 2017-11-04 14:16:54,980: ... selected machine [] for node of type [tf/static_transform_publisher]
[roslaunch][INFO] 2017-11-04 14:16:54,980: ... selected machine [] for node of type [robot_state_publisher/robot_state_publisher]
[roslaunch][INFO] 2017-11-04 14:16:54,980: ... selected machine [] for node of type [mapping_and_control/pub_des_state_startup]
[roslaunch][INFO] 2017-11-04 14:16:54,980: ... selected machine [] for node of type [odom_tf/odom_tf]
[roslaunch][INFO] 2017-11-04 14:16:54,980: ... selected machine [] for node of type [gmapping/slam_gmapping]
[roslaunch][INFO] 2017-11-04 14:16:54,980: ... selected machine [] for node of type [move_base/move_base]
[roslaunch][INFO] 2017-11-04 14:16:54,980: ... selected machine [] for node of type [babs_nav/navigation_goals]
[roslaunch.pmon][INFO] 2017-11-04 14:16:54,980: start_process_monitor: creating ProcessMonitor
[roslaunch.pmon][INFO] 2017-11-04 14:16:54,980: created process monitor <ProcessMonitor(ProcessMonitor-1, initial daemon)>
[roslaunch.pmon][INFO] 2017-11-04 14:16:54,981: start_process_monitor: ProcessMonitor started
[roslaunch.parent][INFO] 2017-11-04 14:16:54,981: starting parent XML-RPC server
[roslaunch.server][INFO] 2017-11-04 14:16:54,981: starting roslaunch XML-RPC server
[roslaunch.server][INFO] 2017-11-04 14:16:54,981: waiting for roslaunch XML-RPC server to initialize
[xmlrpc][INFO] 2017-11-04 14:16:54,981: XML-RPC server binding to 0.0.0.0:0
[xmlrpc][INFO] 2017-11-04 14:16:54,981: Started XML-RPC server [http://mdas-Meerkat:36769/]
[xmlrpc][INFO] 2017-11-04 14:16:54,981: xml rpc node: starting XML-RPC server
[roslaunch][INFO] 2017-11-04 14:16:54,992: started roslaunch server http://mdas-Meerkat:36769/
[roslaunch.parent][INFO] 2017-11-04 14:16:54,992: ... parent XML-RPC server started
[roslaunch][INFO] 2017-11-04 14:16:54,993: master.is_running[http://localhost:11311]
[roslaunch][INFO] 2017-11-04 14:16:54,993: auto-starting new master
[roslaunch][INFO] 2017-11-04 14:16:54,993: create_master_process: rosmaster, /opt/ros/indigo/share/ros, 11311, 3, None
[roslaunch][INFO] 2017-11-04 14:16:54,993: process[master]: launching with args [['rosmaster', '--core', '-p', '11311', '-w', '3']]
[roslaunch.pmon][INFO] 2017-11-04 14:16:54,993: ProcessMonitor.register[master]
[roslaunch.pmon][INFO] 2017-11-04 14:16:54,993: ProcessMonitor.register[master] complete
[roslaunch][INFO] 2017-11-04 14:16:54,993: process[master]: starting os process
[roslaunch][INFO] 2017-11-04 14:16:54,993: process[master]: start w/ args [['rosmaster', '--core', '-p', '11311', '-w', '3', '__log:=/home/mdas/.ros/log/56470c74-c18c-11e7-8522-f44d306c96a4/master.log']]
[roslaunch][INFO] 2017-11-04 14:16:54,994: process[master]: cwd will be [/home/mdas/.ros]
[roslaunch][INFO] 2017-11-04 14:16:54,995: process[master]: started with pid [3605]
[roslaunch][INFO] 2017-11-04 14:16:54,995: master.is_running[http://localhost:11311]
[roslaunch][INFO] 2017-11-04 14:16:55,096: master.is_running[http://localhost:11311]
[roslaunch][INFO] 2017-11-04 14:16:55,097: master.is_running[http://localhost:11311]
[roslaunch][INFO] 2017-11-04 14:16:55,098: ROS_MASTER_URI=http://localhost:11311
[roslaunch][INFO] 2017-11-04 14:16:55,099: setting /run_id to 56470c74-c18c-11e7-8522-f44d306c96a4
[roslaunch][INFO] 2017-11-04 14:16:55,099: setting /roslaunch/uris/host_mdas_meerkat__36769' to http://mdas-Meerkat:36769/
[roslaunch][INFO] 2017-11-04 14:16:55,101: ... preparing to launch node of type [rosout/rosout]
[roslaunch][INFO] 2017-11-04 14:16:55,101: create_node_process: package[rosout] type[rosout] machine[Machine(name[] env_loader[None] address[localhost] ssh_port[22] user[None] assignable[True] timeout[10.0])] master_uri[http://localhost:11311]
[roslaunch][INFO] 2017-11-04 14:16:55,101: process[rosout-1]: env[{'ROS_DISTRO': 'indigo', 'LESSOPEN': '| /usr/bin/lesspipe %s', 'SSH_CLIENT': '192.168.1.101 43584 22', 'CPATH': '/home/mdas/ros_ws/devel/include:/opt/ros/indigo/include', 'LOGNAME': 'mdas', 'USER': 'mdas', 'PATH': '/opt/ros/indigo/bin:/usr/local/sbin:/usr/local/bin:/usr/sbin:/usr/bin:/sbin:/bin:/usr/games:/usr/local/games', 'HOME': '/home/mdas', 'CMAKE_PREFIX_PATH': '/home/mdas/ros_ws/devel:/opt/ros/indigo', 'ROS_LOG_FILENAME': '/home/mdas/.ros/log/56470c74-c18c-11e7-8522-f44d306c96a4/roslaunch-mdas-Meerkat-3590.log', 'LANG': 'en_US.UTF-8', 'TERM': 'xterm', 'SHELL': '/bin/bash', 'SHLVL': '1', 'QT_QPA_PLATFORMTHEME': 'appmenu-qt5', 'LD_LIBRARY_PATH': '/home/mdas/ros_ws/devel/lib:/opt/ros/indigo/lib', 'ROS_MASTER_URI': 'http://localhost:11311', 'XDG_RUNTIME_DIR': '/run/user/1000', 'PYTHONPATH': '/home/mdas/ros_ws/devel/lib/python2.7/dist-packages:/opt/ros/indigo/lib/python2.7/dist-packages', 'ROS_ROOT': '/opt/ros/indigo/share/ros', 'PKG_CONFIG_PATH': '/home/mdas/ros_ws/devel/lib/pkgconfig:/opt/ros/indigo/lib/pkgconfig', 'ROS_PACKAGE_PATH': '/home/mdas/ros_ws/src:/opt/ros/indigo/share:/opt/ros/indigo/stacks', 'ROS_WORKSPACE': '/home/mdas/ros_ws', 'XDG_SESSION_ID': '4', '_': '/opt/ros/indigo/bin/roslaunch', 'LS_COLORS': 'rs=0:di=01;34:ln=01;36:mh=00:pi=40;33:so=01;35:do=01;35:bd=40;33;01:cd=40;33;01:or=40;31;01:su=37;41:sg=30;43:ca=30;41:tw=30;42:ow=34;42:st=37;44:ex=01;32:*.tar=01;31:*.tgz=01;31:*.arj=01;31:*.taz=01;31:*.lzh=01;31:*.lzma=01;31:*.tlz=01;31:*.txz=01;31:*.zip=01;31:*.z=01;31:*.Z=01;31:*.dz=01;31:*.gz=01;31:*.lz=01;31:*.xz=01;31:*.bz2=01;31:*.bz=01;31:*.tbz=01;31:*.tbz2=01;31:*.tz=01;31:*.deb=01;31:*.rpm=01;31:*.jar=01;31:*.war=01;31:*.ear=01;31:*.sar=01;31:*.rar=01;31:*.ace=01;31:*.zoo=01;31:*.cpio=01;31:*.7z=01;31:*.rz=01;31:*.jpg=01;35:*.jpeg=01;35:*.gif=01;35:*.bmp=01;35:*.pbm=01;35:*.pgm=01;35:*.ppm=01;35:*.tga=01;35:*.xbm=01;35:*.xpm=01;35:*.tif=01;35:*.tiff=01;35:*.png=01;35:*.svg=01;35:*.svgz=01;35:*.mng=01;35:*.pcx=01;35:*.mov=01;35:*.mpg=01;35:*.mpeg=01;35:*.m2v=01;35:*.mkv=01;35:*.webm=01;35:*.ogm=01;35:*.mp4=01;35:*.m4v=01;35:*.mp4v=01;35:*.vob=01;35:*.qt=01;35:*.nuv=01;35:*.wmv=01;35:*.asf=01;35:*.rm=01;35:*.rmvb=01;35:*.flc=01;35:*.avi=01;35:*.fli=01;35:*.flv=01;35:*.gl=01;35:*.dl=01;35:*.xcf=01;35:*.xwd=01;35:*.yuv=01;35:*.cgm=01;35:*.emf=01;35:*.axv=01;35:*.anx=01;35:*.ogv=01;35:*.ogx=01;35:*.aac=00;36:*.au=00;36:*.flac=00;36:*.mid=00;36:*.midi=00;36:*.mka=00;36:*.mp3=00;36:*.mpc=00;36:*.ogg=00;36:*.ra=00;36:*.wav=00;36:*.axa=00;36:*.oga=00;36:*.spx=00;36:*.xspf=00;36:', 'LESSCLOSE': '/usr/bin/lesspipe %s %s', 'SSH_TTY': '/dev/pts/7', 'PWD': '/home/mdas', 'ROS_ETC_DIR': '/opt/ros/indigo/etc/ros', 'MAIL': '/var/mail/mdas', 'SSH_CONNECTION': '192.168.1.101 43584 192.168.1.113 22'}]
[roslaunch][INFO] 2017-11-04 14:16:55,150: process[rosout-1]: args[[u'/opt/ros/indigo/lib/rosout/rosout', u'__name:=rosout']]
[roslaunch][INFO] 2017-11-04 14:16:55,150: ... created process [rosout-1]
[roslaunch.pmon][INFO] 2017-11-04 14:16:55,150: ProcessMonitor.register[rosout-1]
[roslaunch.pmon][INFO] 2017-11-04 14:16:55,150: ProcessMonitor.register[rosout-1] complete
[roslaunch][INFO] 2017-11-04 14:16:55,150: ... registered process [rosout-1]
[roslaunch][INFO] 2017-11-04 14:16:55,150: process[rosout-1]: starting os process
[roslaunch][INFO] 2017-11-04 14:16:55,150: process[rosout-1]: start w/ args [[u'/opt/ros/indigo/lib/rosout/rosout', u'__name:=rosout', u'__log:=/home/mdas/.ros/log/56470c74-c18c-11e7-8522-f44d306c96a4/rosout-1.log']]
[roslaunch][INFO] 2017-11-04 14:16:55,150: process[rosout-1]: cwd will be [/home/mdas/.ros]
[roslaunch][INFO] 2017-11-04 14:16:55,152: process[rosout-1]: started with pid [3618]
[roslaunch][INFO] 2017-11-04 14:16:55,152: ... successfully launched [rosout-1]
[roslaunch][INFO] 2017-11-04 14:16:55,152: load_parameters starting ...
[roslaunch][INFO] 2017-11-04 14:16:55,174: ... load_parameters complete
[roslaunch][INFO] 2017-11-04 14:16:55,174: launch_nodes: launching local nodes ...
[roslaunch][INFO] 2017-11-04 14:16:55,174: ... preparing to launch node of type [tf/static_transform_publisher]
[roslaunch][INFO] 2017-11-04 14:16:55,174: create_node_process: package[tf] type[static_transform_publisher] machine[Machine(name[] env_loader[None] address[localhost] ssh_port[22] user[None] assignable[True] timeout[10.0])] master_uri[http://localhost:11311]
[roslaunch][INFO] 2017-11-04 14:16:55,174: process[base_laser1_broadcaster-2]: env[{'ROS_DISTRO': 'indigo', 'LESSOPEN': '| /usr/bin/lesspipe %s', 'SSH_CLIENT': '192.168.1.101 43584 22', 'CPATH': '/home/mdas/ros_ws/devel/include:/opt/ros/indigo/include', 'LOGNAME': 'mdas', 'USER': 'mdas', 'PATH': '/opt/ros/indigo/bin:/usr/local/sbin:/usr/local/bin:/usr/sbin:/usr/bin:/sbin:/bin:/usr/games:/usr/local/games', 'HOME': '/home/mdas', 'CMAKE_PREFIX_PATH': '/home/mdas/ros_ws/devel:/opt/ros/indigo', 'ROS_LOG_FILENAME': '/home/mdas/.ros/log/56470c74-c18c-11e7-8522-f44d306c96a4/roslaunch-mdas-Meerkat-3590.log', 'LANG': 'en_US.UTF-8', 'TERM': 'xterm', 'SHELL': '/bin/bash', 'SHLVL': '1', 'QT_QPA_PLATFORMTHEME': 'appmenu-qt5', 'LD_LIBRARY_PATH': '/home/mdas/ros_ws/devel/lib:/opt/ros/indigo/lib', 'ROS_MASTER_URI': 'http://localhost:11311', 'XDG_RUNTIME_DIR': '/run/user/1000', 'PYTHONPATH': '/home/mdas/ros_ws/devel/lib/python2.7/dist-packages:/opt/ros/indigo/lib/python2.7/dist-packages', 'ROS_ROOT': '/opt/ros/indigo/share/ros', 'PKG_CONFIG_PATH': '/home/mdas/ros_ws/devel/lib/pkgconfig:/opt/ros/indigo/lib/pkgconfig', 'ROS_PACKAGE_PATH': '/home/mdas/ros_ws/src:/opt/ros/indigo/share:/opt/ros/indigo/stacks', 'ROS_WORKSPACE': '/home/mdas/ros_ws', 'XDG_SESSION_ID': '4', '_': '/opt/ros/indigo/bin/roslaunch', 'LS_COLORS': 'rs=0:di=01;34:ln=01;36:mh=00:pi=40;33:so=01;35:do=01;35:bd=40;33;01:cd=40;33;01:or=40;31;01:su=37;41:sg=30;43:ca=30;41:tw=30;42:ow=34;42:st=37;44:ex=01;32:*.tar=01;31:*.tgz=01;31:*.arj=01;31:*.taz=01;31:*.lzh=01;31:*.lzma=01;31:*.tlz=01;31:*.txz=01;31:*.zip=01;31:*.z=01;31:*.Z=01;31:*.dz=01;31:*.gz=01;31:*.lz=01;31:*.xz=01;31:*.bz2=01;31:*.bz=01;31:*.tbz=01;31:*.tbz2=01;31:*.tz=01;31:*.deb=01;31:*.rpm=01;31:*.jar=01;31:*.war=01;31:*.ear=01;31:*.sar=01;31:*.rar=01;31:*.ace=01;31:*.zoo=01;31:*.cpio=01;31:*.7z=01;31:*.rz=01;31:*.jpg=01;35:*.jpeg=01;35:*.gif=01;35:*.bmp=01;35:*.pbm=01;35:*.pgm=01;35:*.ppm=01;35:*.tga=01;35:*.xbm=01;35:*.xpm=01;35:*.tif=01;35:*.tiff=01;35:*.png=01;35:*.svg=01;35:*.svgz=01;35:*.mng=01;35:*.pcx=01;35:*.mov=01;35:*.mpg=01;35:*.mpeg=01;35:*.m2v=01;35:*.mkv=01;35:*.webm=01;35:*.ogm=01;35:*.mp4=01;35:*.m4v=01;35:*.mp4v=01;35:*.vob=01;35:*.qt=01;35:*.nuv=01;35:*.wmv=01;35:*.asf=01;35:*.rm=01;35:*.rmvb=01;35:*.flc=01;35:*.avi=01;35:*.fli=01;35:*.flv=01;35:*.gl=01;35:*.dl=01;35:*.xcf=01;35:*.xwd=01;35:*.yuv=01;35:*.cgm=01;35:*.emf=01;35:*.axv=01;35:*.anx=01;35:*.ogv=01;35:*.ogx=01;35:*.aac=00;36:*.au=00;36:*.flac=00;36:*.mid=00;36:*.midi=00;36:*.mka=00;36:*.mp3=00;36:*.mpc=00;36:*.ogg=00;36:*.ra=00;36:*.wav=00;36:*.axa=00;36:*.oga=00;36:*.spx=00;36:*.xspf=00;36:', 'LESSCLOSE': '/usr/bin/lesspipe %s %s', 'SSH_TTY': '/dev/pts/7', 'PWD': '/home/mdas', 'ROS_ETC_DIR': '/opt/ros/indigo/etc/ros', 'MAIL': '/var/mail/mdas', 'SSH_CONNECTION': '192.168.1.101 43584 192.168.1.113 22'}]
[roslaunch][INFO] 2017-11-04 14:16:55,175: process[base_laser1_broadcaster-2]: args[[u'/opt/ros/indigo/lib/tf/static_transform_publisher', '0.61', '0', '0.396', '0', '0', '0', 'base_link', 'base_laser1_link', '100', u'__name:=base_laser1_broadcaster']]
[roslaunch][INFO] 2017-11-04 14:16:55,175: ... created process [base_laser1_broadcaster-2]
[roslaunch.pmon][INFO] 2017-11-04 14:16:55,175: ProcessMonitor.register[base_laser1_broadcaster-2]
[roslaunch.pmon][INFO] 2017-11-04 14:16:55,175: ProcessMonitor.register[base_laser1_broadcaster-2] complete
[roslaunch][INFO] 2017-11-04 14:16:55,175: ... registered process [base_laser1_broadcaster-2]
[roslaunch][INFO] 2017-11-04 14:16:55,175: process[base_laser1_broadcaster-2]: starting os process
[roslaunch][INFO] 2017-11-04 14:16:55,176: process[base_laser1_broadcaster-2]: start w/ args [[u'/opt/ros/indigo/lib/tf/static_transform_publisher', '0.61', '0', '0.396', '0', '0', '0', 'base_link', 'base_laser1_link', '100', u'__name:=base_laser1_broadcaster', u'__log:=/home/mdas/.ros/log/56470c74-c18c-11e7-8522-f44d306c96a4/base_laser1_broadcaster-2.log']]
[roslaunch][INFO] 2017-11-04 14:16:55,176: process[base_laser1_broadcaster-2]: cwd will be [/home/mdas/.ros]
[roslaunch][INFO] 2017-11-04 14:16:55,177: process[base_laser1_broadcaster-2]: started with pid [3635]
[roslaunch][INFO] 2017-11-04 14:16:55,177: ... successfully launched [base_laser1_broadcaster-2]
[roslaunch][INFO] 2017-11-04 14:16:55,177: ... preparing to launch node of type [robot_state_publisher/robot_state_publisher]
[roslaunch][INFO] 2017-11-04 14:16:55,178: create_node_process: package[robot_state_publisher] type[robot_state_publisher] machine[Machine(name[] env_loader[None] address[localhost] ssh_port[22] user[None] assignable[True] timeout[10.0])] master_uri[http://localhost:11311]
[roslaunch][INFO] 2017-11-04 14:16:55,178: process[robot_state_publisher-3]: env[{'ROS_DISTRO': 'indigo', 'LESSOPEN': '| /usr/bin/lesspipe %s', 'SSH_CLIENT': '192.168.1.101 43584 22', 'CPATH': '/home/mdas/ros_ws/devel/include:/opt/ros/indigo/include', 'LOGNAME': 'mdas', 'USER': 'mdas', 'PATH': '/opt/ros/indigo/bin:/usr/local/sbin:/usr/local/bin:/usr/sbin:/usr/bin:/sbin:/bin:/usr/games:/usr/local/games', 'HOME': '/home/mdas', 'CMAKE_PREFIX_PATH': '/home/mdas/ros_ws/devel:/opt/ros/indigo', 'ROS_LOG_FILENAME': '/home/mdas/.ros/log/56470c74-c18c-11e7-8522-f44d306c96a4/roslaunch-mdas-Meerkat-3590.log', 'LANG': 'en_US.UTF-8', 'TERM': 'xterm', 'SHELL': '/bin/bash', 'SHLVL': '1', 'QT_QPA_PLATFORMTHEME': 'appmenu-qt5', 'LD_LIBRARY_PATH': '/home/mdas/ros_ws/devel/lib:/opt/ros/indigo/lib', 'ROS_MASTER_URI': 'http://localhost:11311', 'XDG_RUNTIME_DIR': '/run/user/1000', 'PYTHONPATH': '/home/mdas/ros_ws/devel/lib/python2.7/dist-packages:/opt/ros/indigo/lib/python2.7/dist-packages', 'ROS_ROOT': '/opt/ros/indigo/share/ros', 'PKG_CONFIG_PATH': '/home/mdas/ros_ws/devel/lib/pkgconfig:/opt/ros/indigo/lib/pkgconfig', 'ROS_PACKAGE_PATH': '/home/mdas/ros_ws/src:/opt/ros/indigo/share:/opt/ros/indigo/stacks', 'ROS_WORKSPACE': '/home/mdas/ros_ws', 'XDG_SESSION_ID': '4', '_': '/opt/ros/indigo/bin/roslaunch', 'LS_COLORS': 'rs=0:di=01;34:ln=01;36:mh=00:pi=40;33:so=01;35:do=01;35:bd=40;33;01:cd=40;33;01:or=40;31;01:su=37;41:sg=30;43:ca=30;41:tw=30;42:ow=34;42:st=37;44:ex=01;32:*.tar=01;31:*.tgz=01;31:*.arj=01;31:*.taz=01;31:*.lzh=01;31:*.lzma=01;31:*.tlz=01;31:*.txz=01;31:*.zip=01;31:*.z=01;31:*.Z=01;31:*.dz=01;31:*.gz=01;31:*.lz=01;31:*.xz=01;31:*.bz2=01;31:*.bz=01;31:*.tbz=01;31:*.tbz2=01;31:*.tz=01;31:*.deb=01;31:*.rpm=01;31:*.jar=01;31:*.war=01;31:*.ear=01;31:*.sar=01;31:*.rar=01;31:*.ace=01;31:*.zoo=01;31:*.cpio=01;31:*.7z=01;31:*.rz=01;31:*.jpg=01;35:*.jpeg=01;35:*.gif=01;35:*.bmp=01;35:*.pbm=01;35:*.pgm=01;35:*.ppm=01;35:*.tga=01;35:*.xbm=01;35:*.xpm=01;35:*.tif=01;35:*.tiff=01;35:*.png=01;35:*.svg=01;35:*.svgz=01;35:*.mng=01;35:*.pcx=01;35:*.mov=01;35:*.mpg=01;35:*.mpeg=01;35:*.m2v=01;35:*.mkv=01;35:*.webm=01;35:*.ogm=01;35:*.mp4=01;35:*.m4v=01;35:*.mp4v=01;35:*.vob=01;35:*.qt=01;35:*.nuv=01;35:*.wmv=01;35:*.asf=01;35:*.rm=01;35:*.rmvb=01;35:*.flc=01;35:*.avi=01;35:*.fli=01;35:*.flv=01;35:*.gl=01;35:*.dl=01;35:*.xcf=01;35:*.xwd=01;35:*.yuv=01;35:*.cgm=01;35:*.emf=01;35:*.axv=01;35:*.anx=01;35:*.ogv=01;35:*.ogx=01;35:*.aac=00;36:*.au=00;36:*.flac=00;36:*.mid=00;36:*.midi=00;36:*.mka=00;36:*.mp3=00;36:*.mpc=00;36:*.ogg=00;36:*.ra=00;36:*.wav=00;36:*.axa=00;36:*.oga=00;36:*.spx=00;36:*.xspf=00;36:', 'LESSCLOSE': '/usr/bin/lesspipe %s %s', 'SSH_TTY': '/dev/pts/7', 'PWD': '/home/mdas', 'ROS_ETC_DIR': '/opt/ros/indigo/etc/ros', 'MAIL': '/var/mail/mdas', 'SSH_CONNECTION': '192.168.1.101 43584 192.168.1.113 22'}]
[roslaunch][INFO] 2017-11-04 14:16:55,179: process[robot_state_publisher-3]: args[[u'/opt/ros/indigo/lib/robot_state_publisher/robot_state_publisher', u'__name:=robot_state_publisher']]
[roslaunch][INFO] 2017-11-04 14:16:55,179: ... created process [robot_state_publisher-3]
[roslaunch.pmon][INFO] 2017-11-04 14:16:55,179: ProcessMonitor.register[robot_state_publisher-3]
[roslaunch.pmon][INFO] 2017-11-04 14:16:55,179: ProcessMonitor.register[robot_state_publisher-3] complete
[roslaunch][INFO] 2017-11-04 14:16:55,179: ... registered process [robot_state_publisher-3]
[roslaunch][INFO] 2017-11-04 14:16:55,179: process[robot_state_publisher-3]: starting os process
[roslaunch][INFO] 2017-11-04 14:16:55,179: process[robot_state_publisher-3]: start w/ args [[u'/opt/ros/indigo/lib/robot_state_publisher/robot_state_publisher', u'__name:=robot_state_publisher', u'__log:=/home/mdas/.ros/log/56470c74-c18c-11e7-8522-f44d306c96a4/robot_state_publisher-3.log']]
[roslaunch][INFO] 2017-11-04 14:16:55,179: process[robot_state_publisher-3]: cwd will be [/home/mdas/.ros]
[roslaunch][INFO] 2017-11-04 14:16:55,181: process[robot_state_publisher-3]: started with pid [3636]
[roslaunch][INFO] 2017-11-04 14:16:55,181: ... successfully launched [robot_state_publisher-3]
[roslaunch][INFO] 2017-11-04 14:16:55,181: ... preparing to launch node of type [mapping_and_control/pub_des_state_startup]
[roslaunch][INFO] 2017-11-04 14:16:55,181: create_node_process: package[mapping_and_control] type[pub_des_state_startup] machine[Machine(name[] env_loader[None] address[localhost] ssh_port[22] user[None] assignable[True] timeout[10.0])] master_uri[http://localhost:11311]
[roslaunch][INFO] 2017-11-04 14:16:55,181: process[pub_des_state_startup-4]: env[{'ROS_DISTRO': 'indigo', 'LESSOPEN': '| /usr/bin/lesspipe %s', 'SSH_CLIENT': '192.168.1.101 43584 22', 'CPATH': '/home/mdas/ros_ws/devel/include:/opt/ros/indigo/include', 'LOGNAME': 'mdas', 'USER': 'mdas', 'PATH': '/opt/ros/indigo/bin:/usr/local/sbin:/usr/local/bin:/usr/sbin:/usr/bin:/sbin:/bin:/usr/games:/usr/local/games', 'HOME': '/home/mdas', 'CMAKE_PREFIX_PATH': '/home/mdas/ros_ws/devel:/opt/ros/indigo', 'ROS_LOG_FILENAME': '/home/mdas/.ros/log/56470c74-c18c-11e7-8522-f44d306c96a4/roslaunch-mdas-Meerkat-3590.log', 'LANG': 'en_US.UTF-8', 'TERM': 'xterm', 'SHELL': '/bin/bash', 'SHLVL': '1', 'QT_QPA_PLATFORMTHEME': 'appmenu-qt5', 'LD_LIBRARY_PATH': '/home/mdas/ros_ws/devel/lib:/opt/ros/indigo/lib', 'ROS_MASTER_URI': 'http://localhost:11311', 'XDG_RUNTIME_DIR': '/run/user/1000', 'PYTHONPATH': '/home/mdas/ros_ws/devel/lib/python2.7/dist-packages:/opt/ros/indigo/lib/python2.7/dist-packages', 'ROS_ROOT': '/opt/ros/indigo/share/ros', 'PKG_CONFIG_PATH': '/home/mdas/ros_ws/devel/lib/pkgconfig:/opt/ros/indigo/lib/pkgconfig', 'ROS_PACKAGE_PATH': '/home/mdas/ros_ws/src:/opt/ros/indigo/share:/opt/ros/indigo/stacks', 'ROS_WORKSPACE': '/home/mdas/ros_ws', 'XDG_SESSION_ID': '4', '_': '/opt/ros/indigo/bin/roslaunch', 'LS_COLORS': 'rs=0:di=01;34:ln=01;36:mh=00:pi=40;33:so=01;35:do=01;35:bd=40;33;01:cd=40;33;01:or=40;31;01:su=37;41:sg=30;43:ca=30;41:tw=30;42:ow=34;42:st=37;44:ex=01;32:*.tar=01;31:*.tgz=01;31:*.arj=01;31:*.taz=01;31:*.lzh=01;31:*.lzma=01;31:*.tlz=01;31:*.txz=01;31:*.zip=01;31:*.z=01;31:*.Z=01;31:*.dz=01;31:*.gz=01;31:*.lz=01;31:*.xz=01;31:*.bz2=01;31:*.bz=01;31:*.tbz=01;31:*.tbz2=01;31:*.tz=01;31:*.deb=01;31:*.rpm=01;31:*.jar=01;31:*.war=01;31:*.ear=01;31:*.sar=01;31:*.rar=01;31:*.ace=01;31:*.zoo=01;31:*.cpio=01;31:*.7z=01;31:*.rz=01;31:*.jpg=01;35:*.jpeg=01;35:*.gif=01;35:*.bmp=01;35:*.pbm=01;35:*.pgm=01;35:*.ppm=01;35:*.tga=01;35:*.xbm=01;35:*.xpm=01;35:*.tif=01;35:*.tiff=01;35:*.png=01;35:*.svg=01;35:*.svgz=01;35:*.mng=01;35:*.pcx=01;35:*.mov=01;35:*.mpg=01;35:*.mpeg=01;35:*.m2v=01;35:*.mkv=01;35:*.webm=01;35:*.ogm=01;35:*.mp4=01;35:*.m4v=01;35:*.mp4v=01;35:*.vob=01;35:*.qt=01;35:*.nuv=01;35:*.wmv=01;35:*.asf=01;35:*.rm=01;35:*.rmvb=01;35:*.flc=01;35:*.avi=01;35:*.fli=01;35:*.flv=01;35:*.gl=01;35:*.dl=01;35:*.xcf=01;35:*.xwd=01;35:*.yuv=01;35:*.cgm=01;35:*.emf=01;35:*.axv=01;35:*.anx=01;35:*.ogv=01;35:*.ogx=01;35:*.aac=00;36:*.au=00;36:*.flac=00;36:*.mid=00;36:*.midi=00;36:*.mka=00;36:*.mp3=00;36:*.mpc=00;36:*.ogg=00;36:*.ra=00;36:*.wav=00;36:*.axa=00;36:*.oga=00;36:*.spx=00;36:*.xspf=00;36:', 'LESSCLOSE': '/usr/bin/lesspipe %s %s', 'SSH_TTY': '/dev/pts/7', 'PWD': '/home/mdas', 'ROS_ETC_DIR': '/opt/ros/indigo/etc/ros', 'MAIL': '/var/mail/mdas', 'SSH_CONNECTION': '192.168.1.101 43584 192.168.1.113 22'}]
[roslaunch][INFO] 2017-11-04 14:16:55,182: process[pub_des_state_startup-4]: args[[u'/home/mdas/ros_ws/devel/lib/mapping_and_control/pub_des_state_startup', u'__name:=pub_des_state_startup']]
[roslaunch][INFO] 2017-11-04 14:16:55,183: ... created process [pub_des_state_startup-4]
[roslaunch.pmon][INFO] 2017-11-04 14:16:55,183: ProcessMonitor.register[pub_des_state_startup-4]
[roslaunch.pmon][INFO] 2017-11-04 14:16:55,183: ProcessMonitor.register[pub_des_state_startup-4] complete
[roslaunch][INFO] 2017-11-04 14:16:55,183: ... registered process [pub_des_state_startup-4]
[roslaunch][INFO] 2017-11-04 14:16:55,183: process[pub_des_state_startup-4]: starting os process
[roslaunch][INFO] 2017-11-04 14:16:55,183: process[pub_des_state_startup-4]: start w/ args [[u'/home/mdas/ros_ws/devel/lib/mapping_and_control/pub_des_state_startup', u'__name:=pub_des_state_startup', u'__log:=/home/mdas/.ros/log/56470c74-c18c-11e7-8522-f44d306c96a4/pub_des_state_startup-4.log']]
[roslaunch][INFO] 2017-11-04 14:16:55,183: process[pub_des_state_startup-4]: cwd will be [/home/mdas/.ros]
[roslaunch][INFO] 2017-11-04 14:16:55,185: process[pub_des_state_startup-4]: started with pid [3637]
[roslaunch][INFO] 2017-11-04 14:16:55,185: ... successfully launched [pub_des_state_startup-4]
[roslaunch][INFO] 2017-11-04 14:16:55,185: ... preparing to launch node of type [odom_tf/odom_tf]
[roslaunch][INFO] 2017-11-04 14:16:55,186: create_node_process: package[odom_tf] type[odom_tf] machine[Machine(name[] env_loader[None] address[localhost] ssh_port[22] user[None] assignable[True] timeout[10.0])] master_uri[http://localhost:11311]
[roslaunch][INFO] 2017-11-04 14:16:55,186: process[odom_tf-5]: env[{'ROS_DISTRO': 'indigo', 'LESSOPEN': '| /usr/bin/lesspipe %s', 'SSH_CLIENT': '192.168.1.101 43584 22', 'CPATH': '/home/mdas/ros_ws/devel/include:/opt/ros/indigo/include', 'LOGNAME': 'mdas', 'USER': 'mdas', 'PATH': '/opt/ros/indigo/bin:/usr/local/sbin:/usr/local/bin:/usr/sbin:/usr/bin:/sbin:/bin:/usr/games:/usr/local/games', 'HOME': '/home/mdas', 'CMAKE_PREFIX_PATH': '/home/mdas/ros_ws/devel:/opt/ros/indigo', 'ROS_LOG_FILENAME': '/home/mdas/.ros/log/56470c74-c18c-11e7-8522-f44d306c96a4/roslaunch-mdas-Meerkat-3590.log', 'LANG': 'en_US.UTF-8', 'TERM': 'xterm', 'SHELL': '/bin/bash', 'SHLVL': '1', 'QT_QPA_PLATFORMTHEME': 'appmenu-qt5', 'LD_LIBRARY_PATH': '/home/mdas/ros_ws/devel/lib:/opt/ros/indigo/lib', 'ROS_MASTER_URI': 'http://localhost:11311', 'XDG_RUNTIME_DIR': '/run/user/1000', 'PYTHONPATH': '/home/mdas/ros_ws/devel/lib/python2.7/dist-packages:/opt/ros/indigo/lib/python2.7/dist-packages', 'ROS_ROOT': '/opt/ros/indigo/share/ros', 'PKG_CONFIG_PATH': '/home/mdas/ros_ws/devel/lib/pkgconfig:/opt/ros/indigo/lib/pkgconfig', 'ROS_PACKAGE_PATH': '/home/mdas/ros_ws/src:/opt/ros/indigo/share:/opt/ros/indigo/stacks', 'ROS_WORKSPACE': '/home/mdas/ros_ws', 'XDG_SESSION_ID': '4', '_': '/opt/ros/indigo/bin/roslaunch', 'LS_COLORS': 'rs=0:di=01;34:ln=01;36:mh=00:pi=40;33:so=01;35:do=01;35:bd=40;33;01:cd=40;33;01:or=40;31;01:su=37;41:sg=30;43:ca=30;41:tw=30;42:ow=34;42:st=37;44:ex=01;32:*.tar=01;31:*.tgz=01;31:*.arj=01;31:*.taz=01;31:*.lzh=01;31:*.lzma=01;31:*.tlz=01;31:*.txz=01;31:*.zip=01;31:*.z=01;31:*.Z=01;31:*.dz=01;31:*.gz=01;31:*.lz=01;31:*.xz=01;31:*.bz2=01;31:*.bz=01;31:*.tbz=01;31:*.tbz2=01;31:*.tz=01;31:*.deb=01;31:*.rpm=01;31:*.jar=01;31:*.war=01;31:*.ear=01;31:*.sar=01;31:*.rar=01;31:*.ace=01;31:*.zoo=01;31:*.cpio=01;31:*.7z=01;31:*.rz=01;31:*.jpg=01;35:*.jpeg=01;35:*.gif=01;35:*.bmp=01;35:*.pbm=01;35:*.pgm=01;35:*.ppm=01;35:*.tga=01;35:*.xbm=01;35:*.xpm=01;35:*.tif=01;35:*.tiff=01;35:*.png=01;35:*.svg=01;35:*.svgz=01;35:*.mng=01;35:*.pcx=01;35:*.mov=01;35:*.mpg=01;35:*.mpeg=01;35:*.m2v=01;35:*.mkv=01;35:*.webm=01;35:*.ogm=01;35:*.mp4=01;35:*.m4v=01;35:*.mp4v=01;35:*.vob=01;35:*.qt=01;35:*.nuv=01;35:*.wmv=01;35:*.asf=01;35:*.rm=01;35:*.rmvb=01;35:*.flc=01;35:*.avi=01;35:*.fli=01;35:*.flv=01;35:*.gl=01;35:*.dl=01;35:*.xcf=01;35:*.xwd=01;35:*.yuv=01;35:*.cgm=01;35:*.emf=01;35:*.axv=01;35:*.anx=01;35:*.ogv=01;35:*.ogx=01;35:*.aac=00;36:*.au=00;36:*.flac=00;36:*.mid=00;36:*.midi=00;36:*.mka=00;36:*.mp3=00;36:*.mpc=00;36:*.ogg=00;36:*.ra=00;36:*.wav=00;36:*.axa=00;36:*.oga=00;36:*.spx=00;36:*.xspf=00;36:', 'LESSCLOSE': '/usr/bin/lesspipe %s %s', 'SSH_TTY': '/dev/pts/7', 'PWD': '/home/mdas', 'ROS_ETC_DIR': '/opt/ros/indigo/etc/ros', 'MAIL': '/var/mail/mdas', 'SSH_CONNECTION': '192.168.1.101 43584 192.168.1.113 22'}]
[roslaunch][INFO] 2017-11-04 14:16:55,187: process[odom_tf-5]: args[[u'/home/mdas/ros_ws/devel/lib/odom_tf/odom_tf', u'__name:=odom_tf']]
[roslaunch][INFO] 2017-11-04 14:16:55,187: ... created process [odom_tf-5]
[roslaunch.pmon][INFO] 2017-11-04 14:16:55,187: ProcessMonitor.register[odom_tf-5]
[roslaunch.pmon][INFO] 2017-11-04 14:16:55,187: ProcessMonitor.register[odom_tf-5] complete
[roslaunch][INFO] 2017-11-04 14:16:55,187: ... registered process [odom_tf-5]
[roslaunch][INFO] 2017-11-04 14:16:55,187: process[odom_tf-5]: starting os process
[roslaunch][INFO] 2017-11-04 14:16:55,187: process[odom_tf-5]: start w/ args [[u'/home/mdas/ros_ws/devel/lib/odom_tf/odom_tf', u'__name:=odom_tf', u'__log:=/home/mdas/.ros/log/56470c74-c18c-11e7-8522-f44d306c96a4/odom_tf-5.log']]
[roslaunch][INFO] 2017-11-04 14:16:55,187: process[odom_tf-5]: cwd will be [/home/mdas/.ros]
[roslaunch][INFO] 2017-11-04 14:16:55,191: process[odom_tf-5]: started with pid [3646]
[roslaunch][INFO] 2017-11-04 14:16:55,191: ... successfully launched [odom_tf-5]
[roslaunch][INFO] 2017-11-04 14:16:55,192: ... preparing to launch node of type [gmapping/slam_gmapping]
[roslaunch][INFO] 2017-11-04 14:16:55,192: create_node_process: package[gmapping] type[slam_gmapping] machine[Machine(name[] env_loader[None] address[localhost] ssh_port[22] user[None] assignable[True] timeout[10.0])] master_uri[http://localhost:11311]
[roslaunch][INFO] 2017-11-04 14:16:55,192: process[slam_gmapping-6]: env[{'ROS_DISTRO': 'indigo', 'LESSOPEN': '| /usr/bin/lesspipe %s', 'SSH_CLIENT': '192.168.1.101 43584 22', 'CPATH': '/home/mdas/ros_ws/devel/include:/opt/ros/indigo/include', 'LOGNAME': 'mdas', 'USER': 'mdas', 'PATH': '/opt/ros/indigo/bin:/usr/local/sbin:/usr/local/bin:/usr/sbin:/usr/bin:/sbin:/bin:/usr/games:/usr/local/games', 'HOME': '/home/mdas', 'CMAKE_PREFIX_PATH': '/home/mdas/ros_ws/devel:/opt/ros/indigo', 'ROS_LOG_FILENAME': '/home/mdas/.ros/log/56470c74-c18c-11e7-8522-f44d306c96a4/roslaunch-mdas-Meerkat-3590.log', 'LANG': 'en_US.UTF-8', 'TERM': 'xterm', 'SHELL': '/bin/bash', 'SHLVL': '1', 'QT_QPA_PLATFORMTHEME': 'appmenu-qt5', 'LD_LIBRARY_PATH': '/home/mdas/ros_ws/devel/lib:/opt/ros/indigo/lib', 'ROS_MASTER_URI': 'http://localhost:11311', 'XDG_RUNTIME_DIR': '/run/user/1000', 'PYTHONPATH': '/home/mdas/ros_ws/devel/lib/python2.7/dist-packages:/opt/ros/indigo/lib/python2.7/dist-packages', 'ROS_ROOT': '/opt/ros/indigo/share/ros', 'PKG_CONFIG_PATH': '/home/mdas/ros_ws/devel/lib/pkgconfig:/opt/ros/indigo/lib/pkgconfig', 'ROS_PACKAGE_PATH': '/home/mdas/ros_ws/src:/opt/ros/indigo/share:/opt/ros/indigo/stacks', 'ROS_WORKSPACE': '/home/mdas/ros_ws', 'XDG_SESSION_ID': '4', '_': '/opt/ros/indigo/bin/roslaunch', 'LS_COLORS': 'rs=0:di=01;34:ln=01;36:mh=00:pi=40;33:so=01;35:do=01;35:bd=40;33;01:cd=40;33;01:or=40;31;01:su=37;41:sg=30;43:ca=30;41:tw=30;42:ow=34;42:st=37;44:ex=01;32:*.tar=01;31:*.tgz=01;31:*.arj=01;31:*.taz=01;31:*.lzh=01;31:*.lzma=01;31:*.tlz=01;31:*.txz=01;31:*.zip=01;31:*.z=01;31:*.Z=01;31:*.dz=01;31:*.gz=01;31:*.lz=01;31:*.xz=01;31:*.bz2=01;31:*.bz=01;31:*.tbz=01;31:*.tbz2=01;31:*.tz=01;31:*.deb=01;31:*.rpm=01;31:*.jar=01;31:*.war=01;31:*.ear=01;31:*.sar=01;31:*.rar=01;31:*.ace=01;31:*.zoo=01;31:*.cpio=01;31:*.7z=01;31:*.rz=01;31:*.jpg=01;35:*.jpeg=01;35:*.gif=01;35:*.bmp=01;35:*.pbm=01;35:*.pgm=01;35:*.ppm=01;35:*.tga=01;35:*.xbm=01;35:*.xpm=01;35:*.tif=01;35:*.tiff=01;35:*.png=01;35:*.svg=01;35:*.svgz=01;35:*.mng=01;35:*.pcx=01;35:*.mov=01;35:*.mpg=01;35:*.mpeg=01;35:*.m2v=01;35:*.mkv=01;35:*.webm=01;35:*.ogm=01;35:*.mp4=01;35:*.m4v=01;35:*.mp4v=01;35:*.vob=01;35:*.qt=01;35:*.nuv=01;35:*.wmv=01;35:*.asf=01;35:*.rm=01;35:*.rmvb=01;35:*.flc=01;35:*.avi=01;35:*.fli=01;35:*.flv=01;35:*.gl=01;35:*.dl=01;35:*.xcf=01;35:*.xwd=01;35:*.yuv=01;35:*.cgm=01;35:*.emf=01;35:*.axv=01;35:*.anx=01;35:*.ogv=01;35:*.ogx=01;35:*.aac=00;36:*.au=00;36:*.flac=00;36:*.mid=00;36:*.midi=00;36:*.mka=00;36:*.mp3=00;36:*.mpc=00;36:*.ogg=00;36:*.ra=00;36:*.wav=00;36:*.axa=00;36:*.oga=00;36:*.spx=00;36:*.xspf=00;36:', 'LESSCLOSE': '/usr/bin/lesspipe %s %s', 'SSH_TTY': '/dev/pts/7', 'PWD': '/home/mdas', 'ROS_ETC_DIR': '/opt/ros/indigo/etc/ros', 'MAIL': '/var/mail/mdas', 'SSH_CONNECTION': '192.168.1.101 43584 192.168.1.113 22'}]
[roslaunch][INFO] 2017-11-04 14:16:55,192: process[slam_gmapping-6]: args[[u'/opt/ros/indigo/lib/gmapping/slam_gmapping', 'scan:=/sensor_msgs/LaserScan', '_base_frame:=lidar_link', u'__name:=slam_gmapping']]
[roslaunch][INFO] 2017-11-04 14:16:55,192: ... created process [slam_gmapping-6]
[roslaunch.pmon][INFO] 2017-11-04 14:16:55,192: ProcessMonitor.register[slam_gmapping-6]
[roslaunch.pmon][INFO] 2017-11-04 14:16:55,193: ProcessMonitor.register[slam_gmapping-6] complete
[roslaunch][INFO] 2017-11-04 14:16:55,193: ... registered process [slam_gmapping-6]
[roslaunch][INFO] 2017-11-04 14:16:55,193: process[slam_gmapping-6]: starting os process
[roslaunch][INFO] 2017-11-04 14:16:55,193: process[slam_gmapping-6]: start w/ args [[u'/opt/ros/indigo/lib/gmapping/slam_gmapping', 'scan:=/sensor_msgs/LaserScan', '_base_frame:=lidar_link', u'__name:=slam_gmapping', u'__log:=/home/mdas/.ros/log/56470c74-c18c-11e7-8522-f44d306c96a4/slam_gmapping-6.log']]
[roslaunch][INFO] 2017-11-04 14:16:55,193: process[slam_gmapping-6]: cwd will be [/home/mdas/.ros]
[roslaunch][INFO] 2017-11-04 14:16:55,195: process[slam_gmapping-6]: started with pid [3650]
[roslaunch][INFO] 2017-11-04 14:16:55,195: ... successfully launched [slam_gmapping-6]
[roslaunch][INFO] 2017-11-04 14:16:55,195: ... preparing to launch node of type [move_base/move_base]
[roslaunch][INFO] 2017-11-04 14:16:55,195: create_node_process: package[move_base] type[move_base] machine[Machine(name[] env_loader[None] address[localhost] ssh_port[22] user[None] assignable[True] timeout[10.0])] master_uri[http://localhost:11311]
[roslaunch][INFO] 2017-11-04 14:16:55,196: process[move_base-7]: env[{'ROS_DISTRO': 'indigo', 'LESSOPEN': '| /usr/bin/lesspipe %s', 'SSH_CLIENT': '192.168.1.101 43584 22', 'CPATH': '/home/mdas/ros_ws/devel/include:/opt/ros/indigo/include', 'LOGNAME': 'mdas', 'USER': 'mdas', 'PATH': '/opt/ros/indigo/bin:/usr/local/sbin:/usr/local/bin:/usr/sbin:/usr/bin:/sbin:/bin:/usr/games:/usr/local/games', 'HOME': '/home/mdas', 'CMAKE_PREFIX_PATH': '/home/mdas/ros_ws/devel:/opt/ros/indigo', 'ROS_LOG_FILENAME': '/home/mdas/.ros/log/56470c74-c18c-11e7-8522-f44d306c96a4/roslaunch-mdas-Meerkat-3590.log', 'LANG': 'en_US.UTF-8', 'TERM': 'xterm', 'SHELL': '/bin/bash', 'SHLVL': '1', 'QT_QPA_PLATFORMTHEME': 'appmenu-qt5', 'LD_LIBRARY_PATH': '/home/mdas/ros_ws/devel/lib:/opt/ros/indigo/lib', 'ROS_MASTER_URI': 'http://localhost:11311', 'XDG_RUNTIME_DIR': '/run/user/1000', 'PYTHONPATH': '/home/mdas/ros_ws/devel/lib/python2.7/dist-packages:/opt/ros/indigo/lib/python2.7/dist-packages', 'ROS_ROOT': '/opt/ros/indigo/share/ros', 'PKG_CONFIG_PATH': '/home/mdas/ros_ws/devel/lib/pkgconfig:/opt/ros/indigo/lib/pkgconfig', 'ROS_PACKAGE_PATH': '/home/mdas/ros_ws/src:/opt/ros/indigo/share:/opt/ros/indigo/stacks', 'ROS_WORKSPACE': '/home/mdas/ros_ws', 'XDG_SESSION_ID': '4', '_': '/opt/ros/indigo/bin/roslaunch', 'LS_COLORS': 'rs=0:di=01;34:ln=01;36:mh=00:pi=40;33:so=01;35:do=01;35:bd=40;33;01:cd=40;33;01:or=40;31;01:su=37;41:sg=30;43:ca=30;41:tw=30;42:ow=34;42:st=37;44:ex=01;32:*.tar=01;31:*.tgz=01;31:*.arj=01;31:*.taz=01;31:*.lzh=01;31:*.lzma=01;31:*.tlz=01;31:*.txz=01;31:*.zip=01;31:*.z=01;31:*.Z=01;31:*.dz=01;31:*.gz=01;31:*.lz=01;31:*.xz=01;31:*.bz2=01;31:*.bz=01;31:*.tbz=01;31:*.tbz2=01;31:*.tz=01;31:*.deb=01;31:*.rpm=01;31:*.jar=01;31:*.war=01;31:*.ear=01;31:*.sar=01;31:*.rar=01;31:*.ace=01;31:*.zoo=01;31:*.cpio=01;31:*.7z=01;31:*.rz=01;31:*.jpg=01;35:*.jpeg=01;35:*.gif=01;35:*.bmp=01;35:*.pbm=01;35:*.pgm=01;35:*.ppm=01;35:*.tga=01;35:*.xbm=01;35:*.xpm=01;35:*.tif=01;35:*.tiff=01;35:*.png=01;35:*.svg=01;35:*.svgz=01;35:*.mng=01;35:*.pcx=01;35:*.mov=01;35:*.mpg=01;35:*.mpeg=01;35:*.m2v=01;35:*.mkv=01;35:*.webm=01;35:*.ogm=01;35:*.mp4=01;35:*.m4v=01;35:*.mp4v=01;35:*.vob=01;35:*.qt=01;35:*.nuv=01;35:*.wmv=01;35:*.asf=01;35:*.rm=01;35:*.rmvb=01;35:*.flc=01;35:*.avi=01;35:*.fli=01;35:*.flv=01;35:*.gl=01;35:*.dl=01;35:*.xcf=01;35:*.xwd=01;35:*.yuv=01;35:*.cgm=01;35:*.emf=01;35:*.axv=01;35:*.anx=01;35:*.ogv=01;35:*.ogx=01;35:*.aac=00;36:*.au=00;36:*.flac=00;36:*.mid=00;36:*.midi=00;36:*.mka=00;36:*.mp3=00;36:*.mpc=00;36:*.ogg=00;36:*.ra=00;36:*.wav=00;36:*.axa=00;36:*.oga=00;36:*.spx=00;36:*.xspf=00;36:', 'LESSCLOSE': '/usr/bin/lesspipe %s %s', 'SSH_TTY': '/dev/pts/7', 'PWD': '/home/mdas', 'ROS_ETC_DIR': '/opt/ros/indigo/etc/ros', 'MAIL': '/var/mail/mdas', 'SSH_CONNECTION': '192.168.1.101 43584 192.168.1.113 22'}]
[roslaunch][INFO] 2017-11-04 14:16:55,196: process[move_base-7]: args[[u'/opt/ros/indigo/lib/move_base/move_base', u'map:=/map', u'__name:=move_base']]
[roslaunch][INFO] 2017-11-04 14:16:55,197: ... created process [move_base-7]
[roslaunch.pmon][INFO] 2017-11-04 14:16:55,197: ProcessMonitor.register[move_base-7]
[roslaunch.pmon][INFO] 2017-11-04 14:16:55,197: ProcessMonitor.register[move_base-7] complete
[roslaunch][INFO] 2017-11-04 14:16:55,197: ... registered process [move_base-7]
[roslaunch][INFO] 2017-11-04 14:16:55,197: process[move_base-7]: starting os process
[roslaunch][INFO] 2017-11-04 14:16:55,197: process[move_base-7]: start w/ args [[u'/opt/ros/indigo/lib/move_base/move_base', u'map:=/map', u'__name:=move_base', u'__log:=/home/mdas/.ros/log/56470c74-c18c-11e7-8522-f44d306c96a4/move_base-7.log']]
[roslaunch][INFO] 2017-11-04 14:16:55,197: process[move_base-7]: cwd will be [/home/mdas/.ros]
[roslaunch][INFO] 2017-11-04 14:16:55,199: process[move_base-7]: started with pid [3659]
[roslaunch][INFO] 2017-11-04 14:16:55,199: ... successfully launched [move_base-7]
[roslaunch][INFO] 2017-11-04 14:16:55,199: ... preparing to launch node of type [babs_nav/navigation_goals]
[roslaunch][INFO] 2017-11-04 14:16:55,199: create_node_process: package[babs_nav] type[navigation_goals] machine[Machine(name[] env_loader[None] address[localhost] ssh_port[22] user[None] assignable[True] timeout[10.0])] master_uri[http://localhost:11311]
[roslaunch][INFO] 2017-11-04 14:16:55,199: process[navigation_goals-8]: env[{'ROS_DISTRO': 'indigo', 'LESSOPEN': '| /usr/bin/lesspipe %s', 'SSH_CLIENT': '192.168.1.101 43584 22', 'CPATH': '/home/mdas/ros_ws/devel/include:/opt/ros/indigo/include', 'LOGNAME': 'mdas', 'USER': 'mdas', 'PATH': '/opt/ros/indigo/bin:/usr/local/sbin:/usr/local/bin:/usr/sbin:/usr/bin:/sbin:/bin:/usr/games:/usr/local/games', 'HOME': '/home/mdas', 'CMAKE_PREFIX_PATH': '/home/mdas/ros_ws/devel:/opt/ros/indigo', 'ROS_LOG_FILENAME': '/home/mdas/.ros/log/56470c74-c18c-11e7-8522-f44d306c96a4/roslaunch-mdas-Meerkat-3590.log', 'LANG': 'en_US.UTF-8', 'TERM': 'xterm', 'SHELL': '/bin/bash', 'SHLVL': '1', 'QT_QPA_PLATFORMTHEME': 'appmenu-qt5', 'LD_LIBRARY_PATH': '/home/mdas/ros_ws/devel/lib:/opt/ros/indigo/lib', 'ROS_MASTER_URI': 'http://localhost:11311', 'XDG_RUNTIME_DIR': '/run/user/1000', 'PYTHONPATH': '/home/mdas/ros_ws/devel/lib/python2.7/dist-packages:/opt/ros/indigo/lib/python2.7/dist-packages', 'ROS_ROOT': '/opt/ros/indigo/share/ros', 'PKG_CONFIG_PATH': '/home/mdas/ros_ws/devel/lib/pkgconfig:/opt/ros/indigo/lib/pkgconfig', 'ROS_PACKAGE_PATH': '/home/mdas/ros_ws/src:/opt/ros/indigo/share:/opt/ros/indigo/stacks', 'ROS_WORKSPACE': '/home/mdas/ros_ws', 'XDG_SESSION_ID': '4', '_': '/opt/ros/indigo/bin/roslaunch', 'LS_COLORS': 'rs=0:di=01;34:ln=01;36:mh=00:pi=40;33:so=01;35:do=01;35:bd=40;33;01:cd=40;33;01:or=40;31;01:su=37;41:sg=30;43:ca=30;41:tw=30;42:ow=34;42:st=37;44:ex=01;32:*.tar=01;31:*.tgz=01;31:*.arj=01;31:*.taz=01;31:*.lzh=01;31:*.lzma=01;31:*.tlz=01;31:*.txz=01;31:*.zip=01;31:*.z=01;31:*.Z=01;31:*.dz=01;31:*.gz=01;31:*.lz=01;31:*.xz=01;31:*.bz2=01;31:*.bz=01;31:*.tbz=01;31:*.tbz2=01;31:*.tz=01;31:*.deb=01;31:*.rpm=01;31:*.jar=01;31:*.war=01;31:*.ear=01;31:*.sar=01;31:*.rar=01;31:*.ace=01;31:*.zoo=01;31:*.cpio=01;31:*.7z=01;31:*.rz=01;31:*.jpg=01;35:*.jpeg=01;35:*.gif=01;35:*.bmp=01;35:*.pbm=01;35:*.pgm=01;35:*.ppm=01;35:*.tga=01;35:*.xbm=01;35:*.xpm=01;35:*.tif=01;35:*.tiff=01;35:*.png=01;35:*.svg=01;35:*.svgz=01;35:*.mng=01;35:*.pcx=01;35:*.mov=01;35:*.mpg=01;35:*.mpeg=01;35:*.m2v=01;35:*.mkv=01;35:*.webm=01;35:*.ogm=01;35:*.mp4=01;35:*.m4v=01;35:*.mp4v=01;35:*.vob=01;35:*.qt=01;35:*.nuv=01;35:*.wmv=01;35:*.asf=01;35:*.rm=01;35:*.rmvb=01;35:*.flc=01;35:*.avi=01;35:*.fli=01;35:*.flv=01;35:*.gl=01;35:*.dl=01;35:*.xcf=01;35:*.xwd=01;35:*.yuv=01;35:*.cgm=01;35:*.emf=01;35:*.axv=01;35:*.anx=01;35:*.ogv=01;35:*.ogx=01;35:*.aac=00;36:*.au=00;36:*.flac=00;36:*.mid=00;36:*.midi=00;36:*.mka=00;36:*.mp3=00;36:*.mpc=00;36:*.ogg=00;36:*.ra=00;36:*.wav=00;36:*.axa=00;36:*.oga=00;36:*.spx=00;36:*.xspf=00;36:', 'LESSCLOSE': '/usr/bin/lesspipe %s %s', 'SSH_TTY': '/dev/pts/7', 'PWD': '/home/mdas', 'ROS_ETC_DIR': '/opt/ros/indigo/etc/ros', 'MAIL': '/var/mail/mdas', 'SSH_CONNECTION': '192.168.1.101 43584 192.168.1.113 22'}]
[roslaunch][INFO] 2017-11-04 14:16:55,200: process[navigation_goals-8]: args[[u'/home/mdas/ros_ws/devel/lib/babs_nav/navigation_goals', u'__name:=navigation_goals']]
[roslaunch][INFO] 2017-11-04 14:16:55,200: ... created process [navigation_goals-8]
[roslaunch.pmon][INFO] 2017-11-04 14:16:55,201: ProcessMonitor.register[navigation_goals-8]
[roslaunch.pmon][INFO] 2017-11-04 14:16:55,201: ProcessMonitor.register[navigation_goals-8] complete
[roslaunch][INFO] 2017-11-04 14:16:55,201: ... registered process [navigation_goals-8]
[roslaunch][INFO] 2017-11-04 14:16:55,201: process[navigation_goals-8]: starting os process
[roslaunch][INFO] 2017-11-04 14:16:55,201: process[navigation_goals-8]: start w/ args [[u'/home/mdas/ros_ws/devel/lib/babs_nav/navigation_goals', u'__name:=navigation_goals', u'__log:=/home/mdas/.ros/log/56470c74-c18c-11e7-8522-f44d306c96a4/navigation_goals-8.log']]
[roslaunch][INFO] 2017-11-04 14:16:55,201: process[navigation_goals-8]: cwd will be [/home/mdas/.ros]
[roslaunch][INFO] 2017-11-04 14:16:55,204: process[navigation_goals-8]: started with pid [3663]
[roslaunch][INFO] 2017-11-04 14:16:55,204: ... successfully launched [navigation_goals-8]
[roslaunch][INFO] 2017-11-04 14:16:55,204: ... launch_nodes complete
[roslaunch.pmon][INFO] 2017-11-04 14:16:55,204: registrations completed <ProcessMonitor(ProcessMonitor-1, started daemon 139839309129472)>
[roslaunch.parent][INFO] 2017-11-04 14:16:55,204: ... roslaunch parent running, waiting for process exit
[roslaunch][INFO] 2017-11-04 14:16:55,205: spin
[roslaunch.pmon][INFO] 2017-11-04 14:21:28,765: ProcessMonitor.shutdown <ProcessMonitor(ProcessMonitor-1, started daemon 139839309129472)>
[roslaunch.pmon][INFO] 2017-11-04 14:21:28,864: ProcessMonitor._post_run <ProcessMonitor(ProcessMonitor-1, started daemon 139839309129472)>
[roslaunch.pmon][INFO] 2017-11-04 14:21:28,864: ProcessMonitor._post_run <ProcessMonitor(ProcessMonitor-1, started daemon 139839309129472)>: remaining procs are [<roslaunch.nodeprocess.LocalProcess object at 0x7f2ee07d8bd0>, <roslaunch.nodeprocess.LocalProcess object at 0x7f2ee07d8f90>, <roslaunch.nodeprocess.LocalProcess object at 0x7f2ee08319d0>, <roslaunch.nodeprocess.LocalProcess object at 0x7f2ee0831950>, <roslaunch.nodeprocess.LocalProcess object at 0x7f2ee0831d10>, <roslaunch.nodeprocess.LocalProcess object at 0x7f2ee0831a50>, <roslaunch.nodeprocess.LocalProcess object at 0x7f2ee0831e90>, <roslaunch.nodeprocess.LocalProcess object at 0x7f2ee0831f90>, <roslaunch.nodeprocess.LocalProcess object at 0x7f2ee0831ed0>]
[roslaunch.pmon][INFO] 2017-11-04 14:21:28,864: ProcessMonitor exit: killing navigation_goals-8
[roslaunch][INFO] 2017-11-04 14:21:28,864: [navigation_goals-8] killing on exit
[roslaunch][INFO] 2017-11-04 14:21:28,864: process[navigation_goals-8]: killing os process with pid[3663] pgid[3663]
[roslaunch][INFO] 2017-11-04 14:21:28,864: [navigation_goals-8] sending SIGINT to pgid [3663]
[roslaunch][INFO] 2017-11-04 14:21:28,864: [navigation_goals-8] sent SIGINT to pgid [3663]
[roslaunch.pmon][INFO] 2017-11-04 14:21:28,864: ProcessMonitor exit: killing move_base-7
[roslaunch.pmon][INFO] 2017-11-04 14:21:28,865: ProcessMonitor exit: killing slam_gmapping-6
[roslaunch][INFO] 2017-11-04 14:21:28,865: [move_base-7] killing on exit
[roslaunch.pmon][INFO] 2017-11-04 14:21:28,865: ProcessMonitor exit: killing odom_tf-5
[roslaunch][INFO] 2017-11-04 14:21:28,865: [slam_gmapping-6] killing on exit
[roslaunch.pmon][INFO] 2017-11-04 14:21:28,865: ProcessMonitor exit: killing pub_des_state_startup-4
[roslaunch.pmon][INFO] 2017-11-04 14:21:28,865: ProcessMonitor exit: killing robot_state_publisher-3
[roslaunch.pmon][INFO] 2017-11-04 14:21:28,865: ProcessMonitor exit: killing base_laser1_broadcaster-2
[roslaunch][INFO] 2017-11-04 14:21:28,865: process[move_base-7]: killing os process with pid[3659] pgid[3659]
[roslaunch][INFO] 2017-11-04 14:21:28,865: [odom_tf-5] killing on exit
[roslaunch][INFO] 2017-11-04 14:21:28,866: process[slam_gmapping-6]: killing os process with pid[3650] pgid[3650]
[roslaunch][INFO] 2017-11-04 14:21:28,866: [pub_des_state_startup-4] killing on exit
[roslaunch][INFO] 2017-11-04 14:21:28,866: [robot_state_publisher-3] killing on exit
[roslaunch][INFO] 2017-11-04 14:21:28,866: [base_laser1_broadcaster-2] killing on exit
[roslaunch][INFO] 2017-11-04 14:21:28,866: [move_base-7] sending SIGINT to pgid [3659]
[roslaunch][INFO] 2017-11-04 14:21:28,866: [slam_gmapping-6] sending SIGINT to pgid [3650]
[roslaunch][INFO] 2017-11-04 14:21:28,866: process[odom_tf-5]: killing os process with pid[3646] pgid[3646]
[roslaunch][INFO] 2017-11-04 14:21:28,866: process[pub_des_state_startup-4]: killing os process with pid[3637] pgid[3637]
[roslaunch][INFO] 2017-11-04 14:21:28,866: process[robot_state_publisher-3]: killing os process with pid[3636] pgid[3636]
[roslaunch][INFO] 2017-11-04 14:21:28,867: [robot_state_publisher-3] sending SIGINT to pgid [3636]
[roslaunch][INFO] 2017-11-04 14:21:28,866: process[base_laser1_broadcaster-2]: killing os process with pid[3635] pgid[3635]
[roslaunch][INFO] 2017-11-04 14:21:28,867: [odom_tf-5] sending SIGINT to pgid [3646]
[roslaunch][INFO] 2017-11-04 14:21:28,867: [slam_gmapping-6] sent SIGINT to pgid [3650]
[roslaunch][INFO] 2017-11-04 14:21:28,867: [pub_des_state_startup-4] sending SIGINT to pgid [3637]
[roslaunch][INFO] 2017-11-04 14:21:28,867: [robot_state_publisher-3] sent SIGINT to pgid [3636]
[roslaunch][INFO] 2017-11-04 14:21:28,866: [move_base-7] sent SIGINT to pgid [3659]
[roslaunch][INFO] 2017-11-04 14:21:28,867: [base_laser1_broadcaster-2] sending SIGINT to pgid [3635]
[roslaunch][INFO] 2017-11-04 14:21:28,867: [odom_tf-5] sent SIGINT to pgid [3646]
[roslaunch][INFO] 2017-11-04 14:21:28,867: [pub_des_state_startup-4] sent SIGINT to pgid [3637]
[roslaunch][INFO] 2017-11-04 14:21:28,867: [base_laser1_broadcaster-2] sent SIGINT to pgid [3635]
[roslaunch][INFO] 2017-11-04 14:21:29,067: process[robot_state_publisher-3]: SIGINT killed with return value 0
[roslaunch][INFO] 2017-11-04 14:21:29,068: process[base_laser1_broadcaster-2]: SIGINT killed with return value 0
[roslaunch][INFO] 2017-11-04 14:21:29,165: process[navigation_goals-8]: SIGINT killed with return value 0
[roslaunch][INFO] 2017-11-04 14:21:29,168: process[pub_des_state_startup-4]: SIGINT killed with return value 0
[roslaunch][INFO] 2017-11-04 14:21:29,268: process[slam_gmapping-6]: SIGINT killed with return value 0
[roslaunch][INFO] 2017-11-04 14:21:29,368: process[move_base-7]: SIGINT killed with return value 1
[roslaunch][ERROR] 2017-11-04 14:21:43,906: [odom_tf-5] escalating to SIGTERM
[roslaunch][INFO] 2017-11-04 14:21:43,907: [odom_tf-5] sent SIGTERM to pgid [3646]
[roslaunch][INFO] 2017-11-04 14:21:44,108: process[odom_tf-5]: SIGTERM killed with return value -15
[roslaunch.pmon][INFO] 2017-11-04 14:21:44,109: ProcessMonitor exit: killing rosout-1
[roslaunch][INFO] 2017-11-04 14:21:44,109: [rosout-1] killing on exit
[roslaunch][INFO] 2017-11-04 14:21:44,110: process[rosout-1]: killing os process with pid[3618] pgid[3618]
[roslaunch][INFO] 2017-11-04 14:21:44,111: [rosout-1] sending SIGINT to pgid [3618]
[roslaunch][INFO] 2017-11-04 14:21:44,111: [rosout-1] sent SIGINT to pgid [3618]
[roslaunch][INFO] 2017-11-04 14:21:44,412: process[rosout-1]: SIGINT killed with return value 0
[roslaunch.pmon][INFO] 2017-11-04 14:21:44,412: ProcessMonitor exit: killing master
[roslaunch][INFO] 2017-11-04 14:21:44,412: [master] killing on exit
[roslaunch][INFO] 2017-11-04 14:21:44,413: process[master]: killing os process with pid[3605] pgid[3605]
[roslaunch][INFO] 2017-11-04 14:21:44,413: [master] sending SIGINT to pgid [3605]
[roslaunch][INFO] 2017-11-04 14:21:44,413: [master] sent SIGINT to pgid [3605]
[roslaunch][INFO] 2017-11-04 14:21:44,614: process[master]: SIGINT killed with return value 0
[roslaunch.pmon][INFO] 2017-11-04 14:21:44,615: ProcessMonitor exit: cleaning up data structures and signals
[roslaunch.pmon][INFO] 2017-11-04 14:21:44,615: ProcessMonitor exit: pmon has shutdown
[roslaunch][INFO] 2017-11-04 14:21:44,638: process monitor is done spinning, initiating full shutdown
[roslaunch][INFO] 2017-11-04 14:21:44,639: runner.stop()
[roslaunch][INFO] 2017-11-04 14:21:44,639: shutting down processing monitor...
[roslaunch][INFO] 2017-11-04 14:21:44,640: shutting down processing monitor <ProcessMonitor(ProcessMonitor-1, stopped daemon 139839309129472)>
[roslaunch.pmon][INFO] 2017-11-04 14:21:44,640: ProcessMonitor.shutdown <ProcessMonitor(ProcessMonitor-1, stopped daemon 139839309129472)>
[roslaunch][INFO] 2017-11-04 14:21:44,640: ... shutting down processing monitor complete
[roslaunch][INFO] 2017-11-04 14:21:44,640: done
[roslaunch.pmon][INFO] 2017-11-04 14:21:44,641: ProcessMonitor.shutdown <ProcessMonitor(ProcessMonitor-1, stopped daemon 139839309129472)>
[rospy.core][INFO] 2017-11-04 14:21:44,641: signal_shutdown [atexit]
