[rosmaster.main][INFO] 2018-07-06 12:28:45,646: initialization complete, waiting for shutdown
[rosmaster.main][INFO] 2018-07-06 12:28:45,646: Starting ROS Master Node
[xmlrpc][INFO] 2018-07-06 12:28:45,646: XML-RPC server binding to 0.0.0.0:11311
[xmlrpc][INFO] 2018-07-06 12:28:45,647: Started XML-RPC server [http://mdas-Meerkat:11311/]
[rosmaster.master][INFO] 2018-07-06 12:28:45,647: Master initialized: port[11311], uri[http://mdas-Meerkat:11311/]
[xmlrpc][INFO] 2018-07-06 12:28:45,647: xml rpc node: starting XML-RPC server
[rosmaster.master][INFO] 2018-07-06 12:28:45,674: +PARAM [/run_id] by /roslaunch
[rosmaster.master][INFO] 2018-07-06 12:28:45,675: +PARAM [/roslaunch/uris/host_mdas_meerkat__32969] by /roslaunch
[rosmaster.master][INFO] 2018-07-06 12:28:45,733: +PARAM [/novatel_node/psrpos_default_logs_period] by /roslaunch
[rosmaster.master][INFO] 2018-07-06 12:28:45,734: +PARAM [/rosdistro] by /roslaunch
[rosmaster.master][INFO] 2018-07-06 12:28:45,734: +PARAM [/novatel_node/baudrate] by /roslaunch
[rosmaster.master][INFO] 2018-07-06 12:28:45,734: +PARAM [/novatel_node/log_commands] by /roslaunch
[rosmaster.master][INFO] 2018-07-06 12:28:45,734: +PARAM [/rosversion] by /roslaunch
[rosmaster.master][INFO] 2018-07-06 12:28:45,734: +PARAM [/novatel_node/psrpos_topic] by /roslaunch
[rosmaster.master][INFO] 2018-07-06 12:28:45,734: +PARAM [/novatel_node/odom_topic] by /roslaunch
[rosmaster.master][INFO] 2018-07-06 12:28:45,734: +PARAM [/novatel_node/port] by /roslaunch
[rosmaster.master][INFO] 2018-07-06 12:28:45,734: +PARAM [/novatel_node/span_default_logs_period] by /roslaunch
[rosmaster.master][INFO] 2018-07-06 12:28:45,734: +PARAM [/novatel_node/ephem_log] by /roslaunch
[rosmaster.master][INFO] 2018-07-06 12:28:45,734: +PARAM [/novatel_node/range_default_logs_period] by /roslaunch
[rosmaster.master][INFO] 2018-07-06 12:28:45,734: +PARAM [/novatel_node/gps_default_logs_period] by /roslaunch
[rosmaster.master][INFO] 2018-07-06 12:28:45,760: +PUB [/rosout] /novatel_node http://mdas-Meerkat:43137/
[rosmaster.master][INFO] 2018-07-06 12:28:45,761: +SERVICE [/rosout/get_loggers] /rosout http://mdas-Meerkat:45001/
[rosmaster.master][INFO] 2018-07-06 12:28:45,761: +SERVICE [/novatel_node/get_loggers] /novatel_node http://mdas-Meerkat:43137/
[rosmaster.master][INFO] 2018-07-06 12:28:45,762: +SERVICE [/rosout/set_logger_level] /rosout http://mdas-Meerkat:45001/
[rosmaster.master][INFO] 2018-07-06 12:28:45,762: +SERVICE [/novatel_node/set_logger_level] /novatel_node http://mdas-Meerkat:43137/
[rosmaster.master][INFO] 2018-07-06 12:28:45,763: +PUB [/rosout_agg] /rosout http://mdas-Meerkat:45001/
[rosmaster.master][INFO] 2018-07-06 12:28:45,767: +SUB [/rosout] /rosout http://mdas-Meerkat:45001/
[rosmaster.master][INFO] 2018-07-06 12:28:45,773: +PUB [/gps_odom] /novatel_node http://mdas-Meerkat:43137/
[rosmaster.master][INFO] 2018-07-06 12:28:45,774: +PUB [/gps_fix] /novatel_node http://mdas-Meerkat:43137/
[rosmaster.master][INFO] 2018-07-06 12:28:45,774: +PUB [/ephemeris] /novatel_node http://mdas-Meerkat:43137/
[rosmaster.master][INFO] 2018-07-06 12:28:45,775: +PUB [/range] /novatel_node http://mdas-Meerkat:43137/
[rosmaster.master][INFO] 2018-07-06 12:28:45,775: +PUB [/gps_fix_psr] /novatel_node http://mdas-Meerkat:43137/
[rosmaster.master][INFO] 2018-07-06 12:28:45,775: +PUB [/novatel_node/gps_fix_ecef] /novatel_node http://mdas-Meerkat:43137/
[rosmaster.master][INFO] 2018-07-06 12:28:54,784: -PUB [/rosout] /novatel_node http://mdas-Meerkat:43137/
[rosmaster.master][INFO] 2018-07-06 12:28:54,785: -PUB [/gps_odom] /novatel_node http://mdas-Meerkat:43137/
[rosmaster.master][INFO] 2018-07-06 12:28:54,785: -PUB [/gps_fix] /novatel_node http://mdas-Meerkat:43137/
[rosmaster.master][INFO] 2018-07-06 12:28:54,786: -PUB [/ephemeris] /novatel_node http://mdas-Meerkat:43137/
[rosmaster.master][INFO] 2018-07-06 12:28:54,786: -PUB [/range] /novatel_node http://mdas-Meerkat:43137/
[rosmaster.master][INFO] 2018-07-06 12:28:54,787: -PUB [/gps_fix_psr] /novatel_node http://mdas-Meerkat:43137/
[rosmaster.master][INFO] 2018-07-06 12:28:54,787: -PUB [/novatel_node/gps_fix_ecef] /novatel_node http://mdas-Meerkat:43137/
[rosmaster.master][INFO] 2018-07-06 12:28:54,787: -SERVICE [/novatel_node/get_loggers] /novatel_node rosrpc://mdas-Meerkat:42215
[rosmaster.master][INFO] 2018-07-06 12:28:54,788: -SERVICE [/novatel_node/set_logger_level] /novatel_node rosrpc://mdas-Meerkat:42215
[rosmaster.master][INFO] 2018-07-06 12:28:54,877: publisherUpdate[/rosout] -> http://mdas-Meerkat:45001/
[rosmaster.master][INFO] 2018-07-06 12:28:55,581: -PUB [/rosout_agg] /rosout http://mdas-Meerkat:45001/
[rosmaster.master][INFO] 2018-07-06 12:28:55,582: -SUB [/rosout] /rosout http://mdas-Meerkat:45001/
[rosmaster.master][INFO] 2018-07-06 12:28:55,582: -SERVICE [/rosout/get_loggers] /rosout rosrpc://mdas-Meerkat:57367
[rosmaster.master][INFO] 2018-07-06 12:28:55,583: -SERVICE [/rosout/set_logger_level] /rosout rosrpc://mdas-Meerkat:57367
[rosmaster.main][INFO] 2018-07-06 12:28:55,604: keyboard interrupt, will exit
[rosmaster.main][INFO] 2018-07-06 12:28:55,604: stopping master...
[rospy.core][INFO] 2018-07-06 12:28:55,604: signal_shutdown [atexit]
