[roslaunch][INFO] 2018-07-06 12:28:45,467: Checking log directory for disk usage. This may take awhile.
Press Ctrl-C to interrupt
[roslaunch][INFO] 2018-07-06 12:28:45,483: Done checking log file disk usage. Usage is <1GB.
[roslaunch][INFO] 2018-07-06 12:28:45,483: roslaunch starting with args ['/opt/ros/indigo/bin/roslaunch', 'novatel', 'novatel_for_psr.launch']
[roslaunch][INFO] 2018-07-06 12:28:45,483: roslaunch env is {'LC_NUMERIC': 'en_US.UTF-8', 'ROS_DISTRO': 'indigo', 'LESSOPEN': '| /usr/bin/lesspipe %s', 'SSH_CLIENT': '192.168.1.130 37630 22', 'CPATH': '/home/mdas/ros_ws/devel/include:/opt/ros/indigo/include', 'LOGNAME': 'mdas', 'USER': 'mdas', 'HOME': '/home/mdas', 'LC_PAPER': 'en_US.UTF-8', 'PATH': '/opt/ros/indigo/bin:/usr/local/sbin:/usr/local/bin:/usr/sbin:/usr/bin:/sbin:/bin:/usr/games:/usr/local/games', 'CMAKE_PREFIX_PATH': '/home/mdas/ros_ws/devel:/opt/ros/indigo', 'LD_LIBRARY_PATH': '/home/mdas/ros_ws/devel/lib:/opt/ros/indigo/lib', 'LANG': 'en_US.UTF-8', 'TERM': 'xterm-256color', 'SHELL': '/bin/bash', 'LC_MONETARY': 'en_US.UTF-8', 'QT_QPA_PLATFORMTHEME': 'appmenu-qt5', 'ROS_LOG_FILENAME': '/home/mdas/.ros/log/a746d5b0-8139-11e8-9739-f44d306c96a4/roslaunch-mdas-Meerkat-2034.log', 'ROS_ETC_DIR': '/opt/ros/indigo/etc/ros', 'XDG_RUNTIME_DIR': '/run/user/1000', 'LC_ADDRESS': 'en_US.UTF-8', 'PYTHONPATH': '/home/mdas/ros_ws/devel/lib/python2.7/dist-packages:/opt/ros/indigo/lib/python2.7/dist-packages', 'SHLVL': '1', 'ROS_ROOT': '/opt/ros/indigo/share/ros', 'PKG_CONFIG_PATH': '/home/mdas/ros_ws/devel/lib/pkgconfig:/opt/ros/indigo/lib/pkgconfig', 'ROS_PACKAGE_PATH': '/home/mdas/ros_ws/src:/opt/ros/indigo/share:/opt/ros/indigo/stacks', 'ROS_WORKSPACE': '/home/mdas/ros_ws', 'XDG_SESSION_ID': '1', '_': '/opt/ros/indigo/bin/roslaunch', 'LC_IDENTIFICATION': 'en_US.UTF-8', 'SSH_CONNECTION': '192.168.1.130 37630 192.168.1.113 22', 'LESSCLOSE': '/usr/bin/lesspipe %s %s', 'SSH_TTY': '/dev/pts/7', 'OLDPWD': '/home/mdas/ros_ws/src/packages/novatel', 'LC_TELEPHONE': 'en_US.UTF-8', 'LC_MEASUREMENT': 'en_US.UTF-8', 'PWD': '/home/mdas/ros_ws/src/packages/novatel/launch', 'ROS_MASTER_URI': 'http://localhost:11311', 'LC_NAME': 'en_US.UTF-8', 'MAIL': '/var/mail/mdas', 'LC_TIME': 'en_US.UTF-8', 'LS_COLORS': 'rs=0:di=01;34:ln=01;36:mh=00:pi=40;33:so=01;35:do=01;35:bd=40;33;01:cd=40;33;01:or=40;31;01:su=37;41:sg=30;43:ca=30;41:tw=30;42:ow=34;42:st=37;44:ex=01;32:*.tar=01;31:*.tgz=01;31:*.arj=01;31:*.taz=01;31:*.lzh=01;31:*.lzma=01;31:*.tlz=01;31:*.txz=01;31:*.zip=01;31:*.z=01;31:*.Z=01;31:*.dz=01;31:*.gz=01;31:*.lz=01;31:*.xz=01;31:*.bz2=01;31:*.bz=01;31:*.tbz=01;31:*.tbz2=01;31:*.tz=01;31:*.deb=01;31:*.rpm=01;31:*.jar=01;31:*.war=01;31:*.ear=01;31:*.sar=01;31:*.rar=01;31:*.ace=01;31:*.zoo=01;31:*.cpio=01;31:*.7z=01;31:*.rz=01;31:*.jpg=01;35:*.jpeg=01;35:*.gif=01;35:*.bmp=01;35:*.pbm=01;35:*.pgm=01;35:*.ppm=01;35:*.tga=01;35:*.xbm=01;35:*.xpm=01;35:*.tif=01;35:*.tiff=01;35:*.png=01;35:*.svg=01;35:*.svgz=01;35:*.mng=01;35:*.pcx=01;35:*.mov=01;35:*.mpg=01;35:*.mpeg=01;35:*.m2v=01;35:*.mkv=01;35:*.webm=01;35:*.ogm=01;35:*.mp4=01;35:*.m4v=01;35:*.mp4v=01;35:*.vob=01;35:*.qt=01;35:*.nuv=01;35:*.wmv=01;35:*.asf=01;35:*.rm=01;35:*.rmvb=01;35:*.flc=01;35:*.avi=01;35:*.fli=01;35:*.flv=01;35:*.gl=01;35:*.dl=01;35:*.xcf=01;35:*.xwd=01;35:*.yuv=01;35:*.cgm=01;35:*.emf=01;35:*.axv=01;35:*.anx=01;35:*.ogv=01;35:*.ogx=01;35:*.aac=00;36:*.au=00;36:*.flac=00;36:*.mid=00;36:*.midi=00;36:*.mka=00;36:*.mp3=00;36:*.mpc=00;36:*.ogg=00;36:*.ra=00;36:*.wav=00;36:*.axa=00;36:*.oga=00;36:*.spx=00;36:*.xspf=00;36:'}
[roslaunch][INFO] 2018-07-06 12:28:45,483: starting in server mode
[roslaunch.parent][INFO] 2018-07-06 12:28:45,483: starting roslaunch parent run
[roslaunch][INFO] 2018-07-06 12:28:45,484: loading roscore config file /opt/ros/indigo/etc/ros/roscore.xml
[roslaunch][INFO] 2018-07-06 12:28:45,552: Added core node of type [rosout/rosout] in namespace [/]
[roslaunch.config][INFO] 2018-07-06 12:28:45,553: loading config file /home/mdas/ros_ws/src/packages/novatel/launch/novatel_for_psr.launch
[roslaunch][INFO] 2018-07-06 12:28:45,555: Added node of type [novatel/novatel_node] in namespace [/]
[roslaunch][INFO] 2018-07-06 12:28:45,555: ... selected machine [] for node of type [novatel/novatel_node]
[roslaunch.pmon][INFO] 2018-07-06 12:28:45,556: start_process_monitor: creating ProcessMonitor
[roslaunch.pmon][INFO] 2018-07-06 12:28:45,556: created process monitor <ProcessMonitor(ProcessMonitor-1, initial daemon)>
[roslaunch.pmon][INFO] 2018-07-06 12:28:45,556: start_process_monitor: ProcessMonitor started
[roslaunch.parent][INFO] 2018-07-06 12:28:45,556: starting parent XML-RPC server
[roslaunch.server][INFO] 2018-07-06 12:28:45,556: starting roslaunch XML-RPC server
[roslaunch.server][INFO] 2018-07-06 12:28:45,556: waiting for roslaunch XML-RPC server to initialize
[xmlrpc][INFO] 2018-07-06 12:28:45,557: XML-RPC server binding to 0.0.0.0:0
[xmlrpc][INFO] 2018-07-06 12:28:45,557: Started XML-RPC server [http://mdas-Meerkat:32969/]
[xmlrpc][INFO] 2018-07-06 12:28:45,557: xml rpc node: starting XML-RPC server
[roslaunch][INFO] 2018-07-06 12:28:45,567: started roslaunch server http://mdas-Meerkat:32969/
[roslaunch.parent][INFO] 2018-07-06 12:28:45,567: ... parent XML-RPC server started
[roslaunch][INFO] 2018-07-06 12:28:45,568: master.is_running[http://localhost:11311]
[roslaunch][INFO] 2018-07-06 12:28:45,568: auto-starting new master
[roslaunch][INFO] 2018-07-06 12:28:45,568: create_master_process: rosmaster, /opt/ros/indigo/share/ros, 11311, 3, None
[roslaunch][INFO] 2018-07-06 12:28:45,568: process[master]: launching with args [['rosmaster', '--core', '-p', '11311', '-w', '3']]
[roslaunch.pmon][INFO] 2018-07-06 12:28:45,568: ProcessMonitor.register[master]
[roslaunch.pmon][INFO] 2018-07-06 12:28:45,568: ProcessMonitor.register[master] complete
[roslaunch][INFO] 2018-07-06 12:28:45,568: process[master]: starting os process
[roslaunch][INFO] 2018-07-06 12:28:45,568: process[master]: start w/ args [['rosmaster', '--core', '-p', '11311', '-w', '3', '__log:=/home/mdas/.ros/log/a746d5b0-8139-11e8-9739-f44d306c96a4/master.log']]
[roslaunch][INFO] 2018-07-06 12:28:45,568: process[master]: cwd will be [/home/mdas/.ros]
[roslaunch][INFO] 2018-07-06 12:28:45,570: process[master]: started with pid [2046]
[roslaunch][INFO] 2018-07-06 12:28:45,570: master.is_running[http://localhost:11311]
[roslaunch][INFO] 2018-07-06 12:28:45,671: master.is_running[http://localhost:11311]
[roslaunch][INFO] 2018-07-06 12:28:45,672: master.is_running[http://localhost:11311]
[roslaunch][INFO] 2018-07-06 12:28:45,673: ROS_MASTER_URI=http://localhost:11311
[roslaunch][INFO] 2018-07-06 12:28:45,674: setting /run_id to a746d5b0-8139-11e8-9739-f44d306c96a4
[roslaunch][INFO] 2018-07-06 12:28:45,675: setting /roslaunch/uris/host_mdas_meerkat__32969' to http://mdas-Meerkat:32969/
[roslaunch][INFO] 2018-07-06 12:28:45,676: ... preparing to launch node of type [rosout/rosout]
[roslaunch][INFO] 2018-07-06 12:28:45,676: create_node_process: package[rosout] type[rosout] machine[Machine(name[] env_loader[None] address[localhost] ssh_port[22] user[None] assignable[True] timeout[10.0])] master_uri[http://localhost:11311]
[roslaunch][INFO] 2018-07-06 12:28:45,676: process[rosout-1]: env[{'LC_NUMERIC': 'en_US.UTF-8', 'ROS_DISTRO': 'indigo', 'LC_MEASUREMENT': 'en_US.UTF-8', 'LESSOPEN': '| /usr/bin/lesspipe %s', 'SSH_CLIENT': '192.168.1.130 37630 22', 'CPATH': '/home/mdas/ros_ws/devel/include:/opt/ros/indigo/include', 'LOGNAME': 'mdas', 'USER': 'mdas', 'HOME': '/home/mdas', 'LC_PAPER': 'en_US.UTF-8', 'PATH': '/opt/ros/indigo/bin:/usr/local/sbin:/usr/local/bin:/usr/sbin:/usr/bin:/sbin:/bin:/usr/games:/usr/local/games', 'CMAKE_PREFIX_PATH': '/home/mdas/ros_ws/devel:/opt/ros/indigo', 'ROS_LOG_FILENAME': '/home/mdas/.ros/log/a746d5b0-8139-11e8-9739-f44d306c96a4/roslaunch-mdas-Meerkat-2034.log', 'LANG': 'en_US.UTF-8', 'TERM': 'xterm-256color', 'SHELL': '/bin/bash', 'LC_MONETARY': 'en_US.UTF-8', 'QT_QPA_PLATFORMTHEME': 'appmenu-qt5', 'LD_LIBRARY_PATH': '/home/mdas/ros_ws/devel/lib:/opt/ros/indigo/lib', 'ROS_MASTER_URI': 'http://localhost:11311', 'XDG_RUNTIME_DIR': '/run/user/1000', 'LC_ADDRESS': 'en_US.UTF-8', 'PYTHONPATH': '/home/mdas/ros_ws/devel/lib/python2.7/dist-packages:/opt/ros/indigo/lib/python2.7/dist-packages', 'ROS_ROOT': '/opt/ros/indigo/share/ros', 'PKG_CONFIG_PATH': '/home/mdas/ros_ws/devel/lib/pkgconfig:/opt/ros/indigo/lib/pkgconfig', 'ROS_PACKAGE_PATH': '/home/mdas/ros_ws/src:/opt/ros/indigo/share:/opt/ros/indigo/stacks', 'ROS_WORKSPACE': '/home/mdas/ros_ws', 'XDG_SESSION_ID': '1', '_': '/opt/ros/indigo/bin/roslaunch', 'LC_IDENTIFICATION': 'en_US.UTF-8', 'LS_COLORS': 'rs=0:di=01;34:ln=01;36:mh=00:pi=40;33:so=01;35:do=01;35:bd=40;33;01:cd=40;33;01:or=40;31;01:su=37;41:sg=30;43:ca=30;41:tw=30;42:ow=34;42:st=37;44:ex=01;32:*.tar=01;31:*.tgz=01;31:*.arj=01;31:*.taz=01;31:*.lzh=01;31:*.lzma=01;31:*.tlz=01;31:*.txz=01;31:*.zip=01;31:*.z=01;31:*.Z=01;31:*.dz=01;31:*.gz=01;31:*.lz=01;31:*.xz=01;31:*.bz2=01;31:*.bz=01;31:*.tbz=01;31:*.tbz2=01;31:*.tz=01;31:*.deb=01;31:*.rpm=01;31:*.jar=01;31:*.war=01;31:*.ear=01;31:*.sar=01;31:*.rar=01;31:*.ace=01;31:*.zoo=01;31:*.cpio=01;31:*.7z=01;31:*.rz=01;31:*.jpg=01;35:*.jpeg=01;35:*.gif=01;35:*.bmp=01;35:*.pbm=01;35:*.pgm=01;35:*.ppm=01;35:*.tga=01;35:*.xbm=01;35:*.xpm=01;35:*.tif=01;35:*.tiff=01;35:*.png=01;35:*.svg=01;35:*.svgz=01;35:*.mng=01;35:*.pcx=01;35:*.mov=01;35:*.mpg=01;35:*.mpeg=01;35:*.m2v=01;35:*.mkv=01;35:*.webm=01;35:*.ogm=01;35:*.mp4=01;35:*.m4v=01;35:*.mp4v=01;35:*.vob=01;35:*.qt=01;35:*.nuv=01;35:*.wmv=01;35:*.asf=01;35:*.rm=01;35:*.rmvb=01;35:*.flc=01;35:*.avi=01;35:*.fli=01;35:*.flv=01;35:*.gl=01;35:*.dl=01;35:*.xcf=01;35:*.xwd=01;35:*.yuv=01;35:*.cgm=01;35:*.emf=01;35:*.axv=01;35:*.anx=01;35:*.ogv=01;35:*.ogx=01;35:*.aac=00;36:*.au=00;36:*.flac=00;36:*.mid=00;36:*.midi=00;36:*.mka=00;36:*.mp3=00;36:*.mpc=00;36:*.ogg=00;36:*.ra=00;36:*.wav=00;36:*.axa=00;36:*.oga=00;36:*.spx=00;36:*.xspf=00;36:', 'LESSCLOSE': '/usr/bin/lesspipe %s %s', 'SSH_TTY': '/dev/pts/7', 'OLDPWD': '/home/mdas/ros_ws/src/packages/novatel', 'LC_TELEPHONE': 'en_US.UTF-8', 'SHLVL': '1', 'PWD': '/home/mdas/ros_ws/src/packages/novatel/launch', 'ROS_ETC_DIR': '/opt/ros/indigo/etc/ros', 'LC_NAME': 'en_US.UTF-8', 'MAIL': '/var/mail/mdas', 'LC_TIME': 'en_US.UTF-8', 'SSH_CONNECTION': '192.168.1.130 37630 192.168.1.113 22'}]
[roslaunch][INFO] 2018-07-06 12:28:45,728: process[rosout-1]: args[[u'/opt/ros/indigo/lib/rosout/rosout', u'__name:=rosout']]
[roslaunch][INFO] 2018-07-06 12:28:45,728: ... created process [rosout-1]
[roslaunch.pmon][INFO] 2018-07-06 12:28:45,728: ProcessMonitor.register[rosout-1]
[roslaunch.pmon][INFO] 2018-07-06 12:28:45,728: ProcessMonitor.register[rosout-1] complete
[roslaunch][INFO] 2018-07-06 12:28:45,729: ... registered process [rosout-1]
[roslaunch][INFO] 2018-07-06 12:28:45,729: process[rosout-1]: starting os process
[roslaunch][INFO] 2018-07-06 12:28:45,729: process[rosout-1]: start w/ args [[u'/opt/ros/indigo/lib/rosout/rosout', u'__name:=rosout', u'__log:=/home/mdas/.ros/log/a746d5b0-8139-11e8-9739-f44d306c96a4/rosout-1.log']]
[roslaunch][INFO] 2018-07-06 12:28:45,729: process[rosout-1]: cwd will be [/home/mdas/.ros]
[roslaunch][INFO] 2018-07-06 12:28:45,731: process[rosout-1]: started with pid [2059]
[roslaunch][INFO] 2018-07-06 12:28:45,731: ... successfully launched [rosout-1]
[roslaunch][INFO] 2018-07-06 12:28:45,731: load_parameters starting ...
[roslaunch][INFO] 2018-07-06 12:28:45,735: ... load_parameters complete
[roslaunch][INFO] 2018-07-06 12:28:45,735: launch_nodes: launching local nodes ...
[roslaunch][INFO] 2018-07-06 12:28:45,735: ... preparing to launch node of type [novatel/novatel_node]
[roslaunch][INFO] 2018-07-06 12:28:45,735: create_node_process: package[novatel] type[novatel_node] machine[Machine(name[] env_loader[None] address[localhost] ssh_port[22] user[None] assignable[True] timeout[10.0])] master_uri[http://localhost:11311]
[roslaunch][INFO] 2018-07-06 12:28:45,735: process[novatel_node-2]: env[{'LC_NUMERIC': 'en_US.UTF-8', 'ROS_DISTRO': 'indigo', 'LC_MEASUREMENT': 'en_US.UTF-8', 'LESSOPEN': '| /usr/bin/lesspipe %s', 'SSH_CLIENT': '192.168.1.130 37630 22', 'CPATH': '/home/mdas/ros_ws/devel/include:/opt/ros/indigo/include', 'LOGNAME': 'mdas', 'USER': 'mdas', 'HOME': '/home/mdas', 'LC_PAPER': 'en_US.UTF-8', 'PATH': '/opt/ros/indigo/bin:/usr/local/sbin:/usr/local/bin:/usr/sbin:/usr/bin:/sbin:/bin:/usr/games:/usr/local/games', 'CMAKE_PREFIX_PATH': '/home/mdas/ros_ws/devel:/opt/ros/indigo', 'ROS_LOG_FILENAME': '/home/mdas/.ros/log/a746d5b0-8139-11e8-9739-f44d306c96a4/roslaunch-mdas-Meerkat-2034.log', 'LANG': 'en_US.UTF-8', 'TERM': 'xterm-256color', 'SHELL': '/bin/bash', 'LC_MONETARY': 'en_US.UTF-8', 'QT_QPA_PLATFORMTHEME': 'appmenu-qt5', 'LD_LIBRARY_PATH': '/home/mdas/ros_ws/devel/lib:/opt/ros/indigo/lib', 'ROS_MASTER_URI': 'http://localhost:11311', 'XDG_RUNTIME_DIR': '/run/user/1000', 'LC_ADDRESS': 'en_US.UTF-8', 'PYTHONPATH': '/home/mdas/ros_ws/devel/lib/python2.7/dist-packages:/opt/ros/indigo/lib/python2.7/dist-packages', 'ROS_ROOT': '/opt/ros/indigo/share/ros', 'PKG_CONFIG_PATH': '/home/mdas/ros_ws/devel/lib/pkgconfig:/opt/ros/indigo/lib/pkgconfig', 'ROS_PACKAGE_PATH': '/home/mdas/ros_ws/src:/opt/ros/indigo/share:/opt/ros/indigo/stacks', 'ROS_WORKSPACE': '/home/mdas/ros_ws', 'XDG_SESSION_ID': '1', '_': '/opt/ros/indigo/bin/roslaunch', 'LC_IDENTIFICATION': 'en_US.UTF-8', 'LS_COLORS': 'rs=0:di=01;34:ln=01;36:mh=00:pi=40;33:so=01;35:do=01;35:bd=40;33;01:cd=40;33;01:or=40;31;01:su=37;41:sg=30;43:ca=30;41:tw=30;42:ow=34;42:st=37;44:ex=01;32:*.tar=01;31:*.tgz=01;31:*.arj=01;31:*.taz=01;31:*.lzh=01;31:*.lzma=01;31:*.tlz=01;31:*.txz=01;31:*.zip=01;31:*.z=01;31:*.Z=01;31:*.dz=01;31:*.gz=01;31:*.lz=01;31:*.xz=01;31:*.bz2=01;31:*.bz=01;31:*.tbz=01;31:*.tbz2=01;31:*.tz=01;31:*.deb=01;31:*.rpm=01;31:*.jar=01;31:*.war=01;31:*.ear=01;31:*.sar=01;31:*.rar=01;31:*.ace=01;31:*.zoo=01;31:*.cpio=01;31:*.7z=01;31:*.rz=01;31:*.jpg=01;35:*.jpeg=01;35:*.gif=01;35:*.bmp=01;35:*.pbm=01;35:*.pgm=01;35:*.ppm=01;35:*.tga=01;35:*.xbm=01;35:*.xpm=01;35:*.tif=01;35:*.tiff=01;35:*.png=01;35:*.svg=01;35:*.svgz=01;35:*.mng=01;35:*.pcx=01;35:*.mov=01;35:*.mpg=01;35:*.mpeg=01;35:*.m2v=01;35:*.mkv=01;35:*.webm=01;35:*.ogm=01;35:*.mp4=01;35:*.m4v=01;35:*.mp4v=01;35:*.vob=01;35:*.qt=01;35:*.nuv=01;35:*.wmv=01;35:*.asf=01;35:*.rm=01;35:*.rmvb=01;35:*.flc=01;35:*.avi=01;35:*.fli=01;35:*.flv=01;35:*.gl=01;35:*.dl=01;35:*.xcf=01;35:*.xwd=01;35:*.yuv=01;35:*.cgm=01;35:*.emf=01;35:*.axv=01;35:*.anx=01;35:*.ogv=01;35:*.ogx=01;35:*.aac=00;36:*.au=00;36:*.flac=00;36:*.mid=00;36:*.midi=00;36:*.mka=00;36:*.mp3=00;36:*.mpc=00;36:*.ogg=00;36:*.ra=00;36:*.wav=00;36:*.axa=00;36:*.oga=00;36:*.spx=00;36:*.xspf=00;36:', 'LESSCLOSE': '/usr/bin/lesspipe %s %s', 'SSH_TTY': '/dev/pts/7', 'OLDPWD': '/home/mdas/ros_ws/src/packages/novatel', 'LC_TELEPHONE': 'en_US.UTF-8', 'SHLVL': '1', 'PWD': '/home/mdas/ros_ws/src/packages/novatel/launch', 'ROS_ETC_DIR': '/opt/ros/indigo/etc/ros', 'LC_NAME': 'en_US.UTF-8', 'MAIL': '/var/mail/mdas', 'LC_TIME': 'en_US.UTF-8', 'SSH_CONNECTION': '192.168.1.130 37630 192.168.1.113 22'}]
[roslaunch][INFO] 2018-07-06 12:28:45,736: process[novatel_node-2]: args[[u'/home/mdas/ros_ws/devel/lib/novatel/novatel_node', u'__name:=novatel_node']]
[roslaunch][INFO] 2018-07-06 12:28:45,736: ... created process [novatel_node-2]
[roslaunch.pmon][INFO] 2018-07-06 12:28:45,737: ProcessMonitor.register[novatel_node-2]
[roslaunch.pmon][INFO] 2018-07-06 12:28:45,737: ProcessMonitor.register[novatel_node-2] complete
[roslaunch][INFO] 2018-07-06 12:28:45,737: ... registered process [novatel_node-2]
[roslaunch][INFO] 2018-07-06 12:28:45,737: process[novatel_node-2]: starting os process
[roslaunch][INFO] 2018-07-06 12:28:45,737: process[novatel_node-2]: start w/ args [[u'/home/mdas/ros_ws/devel/lib/novatel/novatel_node', u'__name:=novatel_node', u'__log:=/home/mdas/.ros/log/a746d5b0-8139-11e8-9739-f44d306c96a4/novatel_node-2.log']]
[roslaunch][INFO] 2018-07-06 12:28:45,737: process[novatel_node-2]: cwd will be [/home/mdas/.ros]
[roslaunch][INFO] 2018-07-06 12:28:45,739: process[novatel_node-2]: started with pid [2062]
[roslaunch][INFO] 2018-07-06 12:28:45,739: ... successfully launched [novatel_node-2]
[roslaunch][INFO] 2018-07-06 12:28:45,739: ... launch_nodes complete
[roslaunch.pmon][INFO] 2018-07-06 12:28:45,739: registrations completed <ProcessMonitor(ProcessMonitor-1, started daemon 140346242041600)>
[roslaunch.parent][INFO] 2018-07-06 12:28:45,739: ... roslaunch parent running, waiting for process exit
[roslaunch][INFO] 2018-07-06 12:28:45,739: spin
[roslaunch.pmon][INFO] 2018-07-06 12:28:54,540: ProcessMonitor.shutdown <ProcessMonitor(ProcessMonitor-1, started daemon 140346242041600)>
[roslaunch.pmon][INFO] 2018-07-06 12:28:54,591: ProcessMonitor._post_run <ProcessMonitor(ProcessMonitor-1, started daemon 140346242041600)>
[roslaunch.pmon][INFO] 2018-07-06 12:28:54,592: ProcessMonitor._post_run <ProcessMonitor(ProcessMonitor-1, started daemon 140346242041600)>: remaining procs are [<roslaunch.nodeprocess.LocalProcess object at 0x7fa4e8997a50>, <roslaunch.nodeprocess.LocalProcess object at 0x7fa4e8997e90>, <roslaunch.nodeprocess.LocalProcess object at 0x7fa4e6668950>]
[roslaunch.pmon][INFO] 2018-07-06 12:28:54,593: ProcessMonitor exit: killing novatel_node-2
[roslaunch][INFO] 2018-07-06 12:28:54,594: [novatel_node-2] killing on exit
[roslaunch][INFO] 2018-07-06 12:28:54,595: process[novatel_node-2]: killing os process with pid[2062] pgid[2062]
[roslaunch][INFO] 2018-07-06 12:28:54,596: [novatel_node-2] sending SIGINT to pgid [2062]
[roslaunch][INFO] 2018-07-06 12:28:54,597: [novatel_node-2] sent SIGINT to pgid [2062]
[roslaunch][INFO] 2018-07-06 12:28:55,300: process[novatel_node-2]: SIGINT killed with return value 0
[roslaunch.pmon][INFO] 2018-07-06 12:28:55,301: ProcessMonitor exit: killing rosout-1
[roslaunch][INFO] 2018-07-06 12:28:55,301: [rosout-1] killing on exit
[roslaunch][INFO] 2018-07-06 12:28:55,302: process[rosout-1]: killing os process with pid[2059] pgid[2059]
[roslaunch][INFO] 2018-07-06 12:28:55,302: [rosout-1] sending SIGINT to pgid [2059]
[roslaunch][INFO] 2018-07-06 12:28:55,302: [rosout-1] sent SIGINT to pgid [2059]
[roslaunch][INFO] 2018-07-06 12:28:55,603: process[rosout-1]: SIGINT killed with return value 0
[roslaunch.pmon][INFO] 2018-07-06 12:28:55,603: ProcessMonitor exit: killing master
[roslaunch][INFO] 2018-07-06 12:28:55,603: [master] killing on exit
[roslaunch][INFO] 2018-07-06 12:28:55,604: process[master]: killing os process with pid[2046] pgid[2046]
[roslaunch][INFO] 2018-07-06 12:28:55,604: [master] sending SIGINT to pgid [2046]
[roslaunch][INFO] 2018-07-06 12:28:55,604: [master] sent SIGINT to pgid [2046]
[roslaunch][INFO] 2018-07-06 12:28:55,805: process[master]: SIGINT killed with return value 0
[roslaunch.pmon][INFO] 2018-07-06 12:28:55,805: ProcessMonitor exit: cleaning up data structures and signals
[roslaunch.pmon][INFO] 2018-07-06 12:28:55,806: ProcessMonitor exit: pmon has shutdown
[roslaunch][INFO] 2018-07-06 12:28:55,810: process monitor is done spinning, initiating full shutdown
[roslaunch][INFO] 2018-07-06 12:28:55,811: runner.stop()
[roslaunch][INFO] 2018-07-06 12:28:55,811: shutting down processing monitor...
[roslaunch][INFO] 2018-07-06 12:28:55,811: shutting down processing monitor <ProcessMonitor(ProcessMonitor-1, stopped daemon 140346242041600)>
[roslaunch.pmon][INFO] 2018-07-06 12:28:55,812: ProcessMonitor.shutdown <ProcessMonitor(ProcessMonitor-1, stopped daemon 140346242041600)>
[roslaunch][INFO] 2018-07-06 12:28:55,812: ... shutting down processing monitor complete
[roslaunch][INFO] 2018-07-06 12:28:55,812: done
[roslaunch.pmon][INFO] 2018-07-06 12:28:55,813: ProcessMonitor.shutdown <ProcessMonitor(ProcessMonitor-1, stopped daemon 140346242041600)>
[rospy.core][INFO] 2018-07-06 12:28:55,813: signal_shutdown [atexit]
