[rosmaster.main][INFO] 2017-11-09 15:25:45,078: initialization complete, waiting for shutdown
[rosmaster.main][INFO] 2017-11-09 15:25:45,078: Starting ROS Master Node
[xmlrpc][INFO] 2017-11-09 15:25:45,079: XML-RPC server binding to 0.0.0.0:11311
[xmlrpc][INFO] 2017-11-09 15:25:45,079: Started XML-RPC server [http://mdas-Meerkat:11311/]
[xmlrpc][INFO] 2017-11-09 15:25:45,079: xml rpc node: starting XML-RPC server
[rosmaster.master][INFO] 2017-11-09 15:25:45,079: Master initialized: port[11311], uri[http://mdas-Meerkat:11311/]
[rosmaster.master][INFO] 2017-11-09 15:25:45,104: +PARAM [/run_id] by /roslaunch
[rosmaster.master][INFO] 2017-11-09 15:25:45,105: +PARAM [/roslaunch/uris/host_mdas_meerkat__43187] by /roslaunch
[rosmaster.master][INFO] 2017-11-09 15:25:45,164: +PARAM [/rosversion] by /roslaunch
[rosmaster.master][INFO] 2017-11-09 15:25:45,164: +PARAM [/rosdistro] by /roslaunch
[rosmaster.master][INFO] 2017-11-09 15:25:45,168: +SERVICE [/rosout/get_loggers] /rosout http://mdas-Meerkat:40309/
[rosmaster.master][INFO] 2017-11-09 15:25:45,168: +SERVICE [/rosout/set_logger_level] /rosout http://mdas-Meerkat:40309/
[rosmaster.master][INFO] 2017-11-09 15:25:45,169: +PUB [/rosout_agg] /rosout http://mdas-Meerkat:40309/
[rosmaster.master][INFO] 2017-11-09 15:25:45,171: +SUB [/rosout] /rosout http://mdas-Meerkat:40309/
[rosmaster.master][INFO] 2017-11-09 15:26:02,690: +PUB [/rosout] /play_1510259162689019168 http://mdas-Meerkat:43777/
[rosmaster.master][INFO] 2017-11-09 15:26:02,691: +SERVICE [/play_1510259162689019168/get_loggers] /play_1510259162689019168 http://mdas-Meerkat:43777/
[rosmaster.master][INFO] 2017-11-09 15:26:02,691: +SERVICE [/play_1510259162689019168/set_logger_level] /play_1510259162689019168 http://mdas-Meerkat:43777/
[rosmaster.master][INFO] 2017-11-09 15:26:02,692: +PUB [/clock] /play_1510259162689019168 http://mdas-Meerkat:43777/
[rosmaster.master][INFO] 2017-11-09 15:26:02,693: -PUB [/clock] /play_1510259162689019168 http://mdas-Meerkat:43777/
[rosmaster.master][INFO] 2017-11-09 15:26:02,743: publisherUpdate[/rosout] -> http://mdas-Meerkat:40309/
[rosmaster.master][INFO] 2017-11-09 15:26:02,848: -PUB [/rosout] /play_1510259162689019168 http://mdas-Meerkat:43777/
[rosmaster.master][INFO] 2017-11-09 15:26:02,851: -SERVICE [/play_1510259162689019168/get_loggers] /play_1510259162689019168 rosrpc://mdas-Meerkat:51949
[rosmaster.master][INFO] 2017-11-09 15:26:02,854: -SERVICE [/play_1510259162689019168/set_logger_level] /play_1510259162689019168 rosrpc://mdas-Meerkat:51949
[rosmaster.master][INFO] 2017-11-09 15:26:02,944: publisherUpdate[/rosout] -> http://mdas-Meerkat:40309/
[rosmaster.master][INFO] 2017-11-09 15:26:24,402: +PUB [/rosout] /play_1510259184400944855 http://mdas-Meerkat:35689/
[rosmaster.master][INFO] 2017-11-09 15:26:24,403: +SERVICE [/play_1510259184400944855/get_loggers] /play_1510259184400944855 http://mdas-Meerkat:35689/
[rosmaster.master][INFO] 2017-11-09 15:26:24,403: +SERVICE [/play_1510259184400944855/set_logger_level] /play_1510259184400944855 http://mdas-Meerkat:35689/
[rosmaster.master][INFO] 2017-11-09 15:26:24,404: +PUB [/clock] /play_1510259184400944855 http://mdas-Meerkat:35689/
[rosmaster.master][INFO] 2017-11-09 15:26:24,411: +PUB [/motion_mode] /play_1510259184400944855 http://mdas-Meerkat:35689/
[rosmaster.master][INFO] 2017-11-09 15:26:24,412: +PUB [/sensor_msgs/LaserScan] /play_1510259184400944855 http://mdas-Meerkat:35689/
[rosmaster.master][INFO] 2017-11-09 15:26:24,412: +PUB [/usb_cam_1/camera_info] /play_1510259184400944855 http://mdas-Meerkat:35689/
[rosmaster.master][INFO] 2017-11-09 15:26:24,413: +PUB [/desState] /play_1510259184400944855 http://mdas-Meerkat:35689/
[rosmaster.master][INFO] 2017-11-09 15:26:24,413: +PUB [/tf] /play_1510259184400944855 http://mdas-Meerkat:35689/
[rosmaster.master][INFO] 2017-11-09 15:26:24,413: publisherUpdate[/rosout] -> http://mdas-Meerkat:40309/
[rosmaster.master][INFO] 2017-11-09 15:26:24,414: +PUB [/rosout_agg] /play_1510259184400944855 http://mdas-Meerkat:35689/
[rosmaster.master][INFO] 2017-11-09 15:26:24,414: +PUB [/diagnostics] /play_1510259184400944855 http://mdas-Meerkat:35689/
[rosmaster.master][INFO] 2017-11-09 15:26:24,415: +PUB [/usb_cam_1/image_raw] /play_1510259184400944855 http://mdas-Meerkat:35689/
[rosmaster.master][INFO] 2017-11-09 15:26:24,415: +PUB [/gps_fix] /play_1510259184400944855 http://mdas-Meerkat:35689/
[rosmaster.master][INFO] 2017-11-09 15:26:24,416: +PUB [/gps_odom] /play_1510259184400944855 http://mdas-Meerkat:35689/
[rosmaster.master][INFO] 2017-11-09 15:26:24,417: +PUB [/gps_fix_psr] /play_1510259184400944855 http://mdas-Meerkat:35689/
[rosmaster.master][INFO] 2017-11-09 15:26:27,926: -PUB [/rosout] /play_1510259184400944855 http://mdas-Meerkat:35689/
[rosmaster.master][INFO] 2017-11-09 15:26:27,929: -PUB [/clock] /play_1510259184400944855 http://mdas-Meerkat:35689/
[rosmaster.master][INFO] 2017-11-09 15:26:27,929: publisherUpdate[/rosout] -> http://mdas-Meerkat:40309/
[rosmaster.master][INFO] 2017-11-09 15:26:27,933: -PUB [/motion_mode] /play_1510259184400944855 http://mdas-Meerkat:35689/
[rosmaster.master][INFO] 2017-11-09 15:26:27,936: -PUB [/sensor_msgs/LaserScan] /play_1510259184400944855 http://mdas-Meerkat:35689/
[rosmaster.master][INFO] 2017-11-09 15:26:27,939: -PUB [/usb_cam_1/camera_info] /play_1510259184400944855 http://mdas-Meerkat:35689/
[rosmaster.master][INFO] 2017-11-09 15:26:27,941: -PUB [/desState] /play_1510259184400944855 http://mdas-Meerkat:35689/
[rosmaster.master][INFO] 2017-11-09 15:26:27,944: -PUB [/tf] /play_1510259184400944855 http://mdas-Meerkat:35689/
[rosmaster.master][INFO] 2017-11-09 15:26:27,946: -PUB [/rosout_agg] /play_1510259184400944855 http://mdas-Meerkat:35689/
[rosmaster.master][INFO] 2017-11-09 15:26:27,948: -PUB [/diagnostics] /play_1510259184400944855 http://mdas-Meerkat:35689/
[rosmaster.master][INFO] 2017-11-09 15:26:27,950: -PUB [/usb_cam_1/image_raw] /play_1510259184400944855 http://mdas-Meerkat:35689/
[rosmaster.master][INFO] 2017-11-09 15:26:27,953: -PUB [/gps_fix] /play_1510259184400944855 http://mdas-Meerkat:35689/
[rosmaster.master][INFO] 2017-11-09 15:26:27,955: -PUB [/gps_odom] /play_1510259184400944855 http://mdas-Meerkat:35689/
[rosmaster.master][INFO] 2017-11-09 15:26:27,957: -PUB [/gps_fix_psr] /play_1510259184400944855 http://mdas-Meerkat:35689/
[rosmaster.master][INFO] 2017-11-09 15:26:27,959: -SERVICE [/play_1510259184400944855/get_loggers] /play_1510259184400944855 rosrpc://mdas-Meerkat:50677
[rosmaster.master][INFO] 2017-11-09 15:26:27,961: -SERVICE [/play_1510259184400944855/set_logger_level] /play_1510259184400944855 rosrpc://mdas-Meerkat:50677
[rosmaster.master][INFO] 2017-11-09 15:26:47,572: +PUB [/rosout] /rviz_1510259207570136713 http://mdas-Meerkat:43913/
[rosmaster.master][INFO] 2017-11-09 15:26:47,572: +SERVICE [/rviz_1510259207570136713/get_loggers] /rviz_1510259207570136713 http://mdas-Meerkat:43913/
[rosmaster.master][INFO] 2017-11-09 15:26:47,572: +SERVICE [/rviz_1510259207570136713/set_logger_level] /rviz_1510259207570136713 http://mdas-Meerkat:43913/
[rosmaster.master][INFO] 2017-11-09 15:26:47,589: publisherUpdate[/rosout] -> http://mdas-Meerkat:40309/
[rosmaster.master][INFO] 2017-11-09 15:26:48,125: +SUB [/tf] /rviz_1510259207570136713 http://mdas-Meerkat:43913/
[rosmaster.master][INFO] 2017-11-09 15:26:48,132: +SUB [/tf_static] /rviz_1510259207570136713 http://mdas-Meerkat:43913/
[rosmaster.master][INFO] 2017-11-09 15:26:48,202: +PUB [/initialpose] /rviz_1510259207570136713 http://mdas-Meerkat:43913/
[rosmaster.master][INFO] 2017-11-09 15:26:48,203: +PUB [/goal] /rviz_1510259207570136713 http://mdas-Meerkat:43913/
[rosmaster.master][INFO] 2017-11-09 15:26:48,228: -PUB [/goal] /rviz_1510259207570136713 http://mdas-Meerkat:43913/
[rosmaster.master][INFO] 2017-11-09 15:26:48,228: -PUB [/initialpose] /rviz_1510259207570136713 http://mdas-Meerkat:43913/
[rosmaster.master][INFO] 2017-11-09 15:26:48,231: +PUB [/initialpose] /rviz_1510259207570136713 http://mdas-Meerkat:43913/
[rosmaster.master][INFO] 2017-11-09 15:26:48,232: +PUB [/goal] /rviz_1510259207570136713 http://mdas-Meerkat:43913/
[rosmaster.master][INFO] 2017-11-09 15:26:48,233: +PUB [/move_base_simple/goal] /rviz_1510259207570136713 http://mdas-Meerkat:43913/
[rosmaster.master][INFO] 2017-11-09 15:26:48,233: -PUB [/goal] /rviz_1510259207570136713 http://mdas-Meerkat:43913/
[rosmaster.master][INFO] 2017-11-09 15:26:48,234: +PUB [/clicked_point] /rviz_1510259207570136713 http://mdas-Meerkat:43913/
[rosmaster.master][INFO] 2017-11-09 15:26:48,253: +SERVICE [/rviz_1510259207570136713/reload_shaders] /rviz_1510259207570136713 http://mdas-Meerkat:43913/
[rosmaster.master][INFO] 2017-11-09 15:27:07,165: -PUB [/clicked_point] /rviz_1510259207570136713 http://mdas-Meerkat:43913/
[rosmaster.master][INFO] 2017-11-09 15:27:07,169: -PUB [/move_base_simple/goal] /rviz_1510259207570136713 http://mdas-Meerkat:43913/
[rosmaster.master][INFO] 2017-11-09 15:27:07,173: -PUB [/initialpose] /rviz_1510259207570136713 http://mdas-Meerkat:43913/
[rosmaster.master][INFO] 2017-11-09 15:27:07,184: -SUB [/tf_static] /rviz_1510259207570136713 http://mdas-Meerkat:43913/
[rosmaster.master][INFO] 2017-11-09 15:27:07,189: -SUB [/tf] /rviz_1510259207570136713 http://mdas-Meerkat:43913/
[rosmaster.master][INFO] 2017-11-09 15:27:07,196: -SERVICE [/rviz_1510259207570136713/reload_shaders] /rviz_1510259207570136713 rosrpc://mdas-Meerkat:58057
[rosmaster.master][INFO] 2017-11-09 15:27:07,230: -PUB [/rosout] /rviz_1510259207570136713 http://mdas-Meerkat:43913/
[rosmaster.master][INFO] 2017-11-09 15:27:07,231: -SERVICE [/rviz_1510259207570136713/get_loggers] /rviz_1510259207570136713 rosrpc://mdas-Meerkat:58057
[rosmaster.master][INFO] 2017-11-09 15:27:07,232: -SERVICE [/rviz_1510259207570136713/set_logger_level] /rviz_1510259207570136713 rosrpc://mdas-Meerkat:58057
[rosmaster.master][INFO] 2017-11-09 15:27:07,329: publisherUpdate[/rosout] -> http://mdas-Meerkat:40309/
[rosmaster.master][INFO] 2017-11-09 15:27:13,146: -PUB [/rosout_agg] /rosout http://mdas-Meerkat:40309/
[rosmaster.master][INFO] 2017-11-09 15:27:13,146: -SUB [/rosout] /rosout http://mdas-Meerkat:40309/
[rosmaster.master][INFO] 2017-11-09 15:27:13,147: -SERVICE [/rosout/get_loggers] /rosout rosrpc://mdas-Meerkat:42293
[rosmaster.master][INFO] 2017-11-09 15:27:13,147: -SERVICE [/rosout/set_logger_level] /rosout rosrpc://mdas-Meerkat:42293
[rosmaster.main][INFO] 2017-11-09 15:27:13,242: keyboard interrupt, will exit
[rosmaster.main][INFO] 2017-11-09 15:27:13,242: stopping master...
[rospy.core][INFO] 2017-11-09 15:27:13,243: signal_shutdown [atexit]
