

1510259145.169409654  Node Startup
1510259184.404844453 INFO [/tmp/binarydeb/ros-indigo-rosbag-1.11.21/src/player.cpp:125(Player::publish) [topics: /rosout, /clock] Opening 2017-11-04-14-38-29.bag
1509820709.438284257 INFO [/tmp/binarydeb/ros-indigo-rosbag-1.11.21/src/recorder.cpp:211(shared_ptr<ros::Subscriber> rosbag::Recorder::subscribe) [topics: /rosout] Subscribing to /rosout
1509820709.440799824 INFO [/tmp/binarydeb/ros-indigo-rosbag-1.11.21/src/recorder.cpp:211(shared_ptr<ros::Subscriber> rosbag::Recorder::subscribe) [topics: /rosout] Subscribing to /gps_odom
1509820709.442833305 INFO [/tmp/binarydeb/ros-indigo-rosbag-1.11.21/src/recorder.cpp:211(shared_ptr<ros::Subscriber> rosbag::Recorder::subscribe) [topics: /rosout] Subscribing to /gps_fix_psr
1509820709.444902958 INFO [/tmp/binarydeb/ros-indigo-rosbag-1.11.21/src/recorder.cpp:211(shared_ptr<ros::Subscriber> rosbag::Recorder::subscribe) [topics: /rosout] Subscribing to /range
1509820709.446922698 INFO [/tmp/binarydeb/ros-indigo-rosbag-1.11.21/src/recorder.cpp:211(shared_ptr<ros::Subscriber> rosbag::Recorder::subscribe) [topics: /rosout] Subscribing to /tf
1509820709.449077097 INFO [/tmp/binarydeb/ros-indigo-rosbag-1.11.21/src/recorder.cpp:211(shared_ptr<ros::Subscriber> rosbag::Recorder::subscribe) [topics: /rosout] Subscribing to /desState
1509820709.451210602 INFO [/tmp/binarydeb/ros-indigo-rosbag-1.11.21/src/recorder.cpp:211(shared_ptr<ros::Subscriber> rosbag::Recorder::subscribe) [topics: /rosout] Subscribing to /usb_cam_1/image_raw
1509820709.453721707 INFO [/tmp/binarydeb/ros-indigo-rosbag-1.11.21/src/recorder.cpp:211(shared_ptr<ros::Subscriber> rosbag::Recorder::subscribe) [topics: /rosout] Subscribing to /move_base/goal
1509820709.455807264 INFO [/tmp/binarydeb/ros-indigo-rosbag-1.11.21/src/recorder.cpp:211(shared_ptr<ros::Subscriber> rosbag::Recorder::subscribe) [topics: /rosout] Subscribing to /cmd_vel
1509820709.458231179 INFO [/tmp/binarydeb/ros-indigo-rosbag-1.11.21/src/recorder.cpp:211(shared_ptr<ros::Subscriber> rosbag::Recorder::subscribe) [topics: /rosout] Subscribing to /desPsi
1509820709.460737970 INFO [/tmp/binarydeb/ros-indigo-rosbag-1.11.21/src/recorder.cpp:211(shared_ptr<ros::Subscriber> rosbag::Recorder::subscribe) [topics: /rosout] Subscribing to /slam_gmapping/entropy
1509820436.842474244 INFO [/home/mdas/ros_ws/src/sicktoolbox_wrapper/ros/sicklms/sicklms.cpp:283(main) [topics: /rosout, /diagnostics, /sensor_msgs/LaserScan] Measuring units setup not requested or identical to actual ('Centimeters (cm)')
1509820440.064637499 INFO [/home/mdas/ros_ws/src/packages/novatel/src/novatel_node.cpp:55(handleInfoMessages) [topics: /rosout, /gps_odom, /gps_fix, /ephemeris, /range, /gps_fix_psr, /novatel_node/gps_fix_ecef] Ack received for requested log: PSRPOSB ONTIME 1.00
1509820436.456338187 WARN [/home/mdas/ros_ws/src/packages/usb_cams/src/usb_cam.cpp:1206(UsbCam::set_v4l_parameter) [topics: /rosout, /usb_cam_1/image_raw, /usb_cam_1/camera_info] sh: 1: v4l2-ctl: not found

1509820497.577705684 WARN [/tmp/binarydeb/ros-indigo-kdl-parser-1.11.14/src/kdl_parser.cpp:197(treeFromUrdfModel) [topics: /rosout] The root link base_link has an inertia specified in the URDF, but KDL does not support a root link with an inertia.  As a workaround, you can add an extra dummy link to your URDF.
1509820497.604399772 INFO [/home/mdas/ros_ws/src/packages/high_level_control/sentry/mapping_and_control/src/pub_des_state.cpp:61(initializeServices) [topics: /rosout, /tf, /desState, /desPsi, /motion_mode] Initializing Services
1509820709.214139925 WARN [/home/mdas/ros_ws/src/packages/high_level_control/sentry/odom_tf/src/odom_tf_fncs.cpp:26(OdomTf) [topics: /rosout, /tf] Could not find a connection between 'odom' and 'base_link' because they are not part of the same tree.Tf has two or more unconnected trees.; retrying!...
1509820709.584906657 WARN [/tmp/binarydeb/ros-indigo-costmap-2d-1.12.13/src/costmap_2d_ros.cpp:93(Costmap2DROS::Costmap2DROS) [topics: /rosout, /cmd_vel, /move_base/current_goal, /move_base/goal] Timed out waiting for transform from base_link to map to become available before running costmap, tf error: Could not find a connection between 'map' and 'base_link' because they are not part of the same tree.Tf has two or more unconnected trees.. canTransform returned after 0.100865 timeout was 0.1.
1509820692.675736953 WARN [/opt/ros/indigo/include/tf/message_filter.h:496(MessageFilter<M>::checkFailures) [topics: /rosout, /tf, /slam_gmapping/entropy, /map, /map_metadata] MessageFilter [target=odom ]: Dropped 100.00% of messages so far. Please turn the [ros.gmapping.message_notifier] rosconsole logger to DEBUG for more information.
1509820709.714344073 WARN [/home/mdas/ros_ws/src/packages/high_level_control/sentry/odom_tf/src/odom_tf_fncs.cpp:26(OdomTf) [topics: /rosout, /tf] Could not find a connection between 'odom' and 'base_link' because they are not part of the same tree.Tf has two or more unconnected trees.; retrying!...
1509820710.214654702 WARN [/home/mdas/ros_ws/src/packages/high_level_control/sentry/odom_tf/src/odom_tf_fncs.cpp:26(OdomTf) [topics: /rosout, /tf] Could not find a connection between 'odom' and 'base_link' because they are not part of the same tree.Tf has two or more unconnected trees.; retrying!...
1509820710.714992527 WARN [/home/mdas/ros_ws/src/packages/high_level_control/sentry/odom_tf/src/odom_tf_fncs.cpp:26(OdomTf) [topics: /rosout, /tf] Could not find a connection between 'odom' and 'base_link' because they are not part of the same tree.Tf has two or more unconnected trees.; retrying!...
1509820711.215237780 WARN [/home/mdas/ros_ws/src/packages/high_level_control/sentry/odom_tf/src/odom_tf_fncs.cpp:26(OdomTf) [topics: /rosout, /tf] Could not find a connection between 'odom' and 'base_link' because they are not part of the same tree.Tf has two or more unconnected trees.; retrying!...
1509820711.715509696 WARN [/home/mdas/ros_ws/src/packages/high_level_control/sentry/odom_tf/src/odom_tf_fncs.cpp:26(OdomTf) [topics: /rosout, /tf] Could not find a connection between 'odom' and 'base_link' because they are not part of the same tree.Tf has two or more unconnected trees.; retrying!...
1509820712.215717167 WARN [/home/mdas/ros_ws/src/packages/high_level_control/sentry/odom_tf/src/odom_tf_fncs.cpp:26(OdomTf) [topics: /rosout, /tf] Could not find a connection between 'odom' and 'base_link' because they are not part of the same tree.Tf has two or more unconnected trees.; retrying!...
1510259208.097829433 INFO [/tmp/binarydeb/ros-indigo-rviz-1.11.18/src/rviz/ogre_helpers/render_system.cpp:438(RenderWindow* rviz::RenderSystem::makeRenderWindow) [topics: /rosout] Stereo is NOT SUPPORTED
