
	*** Attempting to initialize the Sick LMS...
	Attempting to open device @ /dev/sensor-sick_lidar
		Device opened!
	Attempting to start buffer monitor...
		Buffer monitor started!
	Attempting to set requested baud rate...
[33m[ WARN] [1509816963.576095360]: Shutdown request received.[0m
[33m[ WARN] [1509816963.576244978]: Reason given for shutdown: [new node registered with same name][0m
	Failed to set requested baud rate...
	Attempting to detect LMS baud rate...
		Checking 19200bps...

	*** Attempting to initialize the Sick LMS...
	Attempting to open device @ /dev/sensor-sick_lidar
		Device opened!
	Attempting to start buffer monitor...
		Buffer monitor started!
	Attempting to set requested baud rate...
	Failed to set requested baud rate...
	Attempting to detect LMS baud rate...
		Checking 19200bps...
		Checking 38400bps...
