[roslaunch][INFO] 2017-11-04 13:37:10,300: Checking log directory for disk usage. This may take awhile.
Press Ctrl-C to interrupt
[roslaunch][INFO] 2017-11-04 13:37:10,302: Done checking log file disk usage. Usage is <1GB.
[roslaunch][INFO] 2017-11-04 13:37:10,303: roslaunch starting with args ['/opt/ros/indigo/bin/roslaunch', 'launchers', 'full_launch.launch']
[roslaunch][INFO] 2017-11-04 13:37:10,303: roslaunch env is {'ROS_DISTRO': 'indigo', 'LESSOPEN': '| /usr/bin/lesspipe %s', 'SSH_CLIENT': '192.168.1.110 52660 22', 'CPATH': '/home/mdas/ros_ws/devel/include:/opt/ros/indigo/include', 'LOGNAME': 'mdas', 'USER': 'mdas', 'PATH': '/opt/ros/indigo/bin:/usr/local/sbin:/usr/local/bin:/usr/sbin:/usr/bin:/sbin:/bin:/usr/games:/usr/local/games', 'HOME': '/home/mdas', 'CMAKE_PREFIX_PATH': '/home/mdas/ros_ws/devel:/opt/ros/indigo', 'LD_LIBRARY_PATH': '/home/mdas/ros_ws/devel/lib:/opt/ros/indigo/lib', 'LANG': 'en_US.UTF-8', 'TERM': 'xterm-256color', 'SHELL': '/bin/bash', 'SHLVL': '1', 'QT_QPA_PLATFORMTHEME': 'appmenu-qt5', 'ROS_LOG_FILENAME': '/home/mdas/.ros/log/28f044f0-c184-11e7-977d-404a0358042c/roslaunch-mdas-Meerkat-7689.log', 'ROS_ETC_DIR': '/opt/ros/indigo/etc/ros', 'XDG_RUNTIME_DIR': '/run/user/1000', 'PYTHONPATH': '/home/mdas/ros_ws/devel/lib/python2.7/dist-packages:/opt/ros/indigo/lib/python2.7/dist-packages', 'ROS_ROOT': '/opt/ros/indigo/share/ros', 'PKG_CONFIG_PATH': '/home/mdas/ros_ws/devel/lib/pkgconfig:/opt/ros/indigo/lib/pkgconfig', 'ROS_PACKAGE_PATH': '/home/mdas/ros_ws/src:/opt/ros/indigo/share:/opt/ros/indigo/stacks', 'ROS_WORKSPACE': '/home/mdas/ros_ws', 'XDG_SESSION_ID': '1', '_': '/opt/ros/indigo/bin/roslaunch', 'SSH_CONNECTION': '192.168.1.110 52660 192.168.1.113 22', 'LESSCLOSE': '/usr/bin/lesspipe %s %s', 'SSH_TTY': '/dev/pts/28', 'PWD': '/home/mdas', 'ROS_MASTER_URI': 'http://localhost:11311', 'MAIL': '/var/mail/mdas', 'LS_COLORS': 'rs=0:di=01;34:ln=01;36:mh=00:pi=40;33:so=01;35:do=01;35:bd=40;33;01:cd=40;33;01:or=40;31;01:su=37;41:sg=30;43:ca=30;41:tw=30;42:ow=34;42:st=37;44:ex=01;32:*.tar=01;31:*.tgz=01;31:*.arj=01;31:*.taz=01;31:*.lzh=01;31:*.lzma=01;31:*.tlz=01;31:*.txz=01;31:*.zip=01;31:*.z=01;31:*.Z=01;31:*.dz=01;31:*.gz=01;31:*.lz=01;31:*.xz=01;31:*.bz2=01;31:*.bz=01;31:*.tbz=01;31:*.tbz2=01;31:*.tz=01;31:*.deb=01;31:*.rpm=01;31:*.jar=01;31:*.war=01;31:*.ear=01;31:*.sar=01;31:*.rar=01;31:*.ace=01;31:*.zoo=01;31:*.cpio=01;31:*.7z=01;31:*.rz=01;31:*.jpg=01;35:*.jpeg=01;35:*.gif=01;35:*.bmp=01;35:*.pbm=01;35:*.pgm=01;35:*.ppm=01;35:*.tga=01;35:*.xbm=01;35:*.xpm=01;35:*.tif=01;35:*.tiff=01;35:*.png=01;35:*.svg=01;35:*.svgz=01;35:*.mng=01;35:*.pcx=01;35:*.mov=01;35:*.mpg=01;35:*.mpeg=01;35:*.m2v=01;35:*.mkv=01;35:*.webm=01;35:*.ogm=01;35:*.mp4=01;35:*.m4v=01;35:*.mp4v=01;35:*.vob=01;35:*.qt=01;35:*.nuv=01;35:*.wmv=01;35:*.asf=01;35:*.rm=01;35:*.rmvb=01;35:*.flc=01;35:*.avi=01;35:*.fli=01;35:*.flv=01;35:*.gl=01;35:*.dl=01;35:*.xcf=01;35:*.xwd=01;35:*.yuv=01;35:*.cgm=01;35:*.emf=01;35:*.axv=01;35:*.anx=01;35:*.ogv=01;35:*.ogx=01;35:*.aac=00;36:*.au=00;36:*.flac=00;36:*.mid=00;36:*.midi=00;36:*.mka=00;36:*.mp3=00;36:*.mpc=00;36:*.ogg=00;36:*.ra=00;36:*.wav=00;36:*.axa=00;36:*.oga=00;36:*.spx=00;36:*.xspf=00;36:'}
[roslaunch][INFO] 2017-11-04 13:37:10,303: starting in server mode
[roslaunch.parent][INFO] 2017-11-04 13:37:10,303: starting roslaunch parent run
[roslaunch][INFO] 2017-11-04 13:37:10,303: loading roscore config file /opt/ros/indigo/etc/ros/roscore.xml
[roslaunch][INFO] 2017-11-04 13:37:10,367: Added core node of type [rosout/rosout] in namespace [/]
[roslaunch.config][INFO] 2017-11-04 13:37:10,367: loading config file /home/mdas/ros_ws/src/launchers/full_launch.launch
[roslaunch][INFO] 2017-11-04 13:37:10,418: Added node of type [sicktoolbox_wrapper/sicklms] in namespace [/]
[roslaunch][INFO] 2017-11-04 13:37:10,419: Added node of type [novatel/novatel_node] in namespace [/]
[roslaunch][INFO] 2017-11-04 13:37:10,419: ... selected machine [] for node of type [sicktoolbox_wrapper/sicklms]
[roslaunch][INFO] 2017-11-04 13:37:10,419: ... selected machine [] for node of type [novatel/novatel_node]
[roslaunch.pmon][INFO] 2017-11-04 13:37:10,419: start_process_monitor: creating ProcessMonitor
[roslaunch.pmon][INFO] 2017-11-04 13:37:10,419: created process monitor <ProcessMonitor(ProcessMonitor-1, initial daemon)>
[roslaunch.pmon][INFO] 2017-11-04 13:37:10,419: start_process_monitor: ProcessMonitor started
[roslaunch.parent][INFO] 2017-11-04 13:37:10,419: starting parent XML-RPC server
[roslaunch.server][INFO] 2017-11-04 13:37:10,420: starting roslaunch XML-RPC server
[roslaunch.server][INFO] 2017-11-04 13:37:10,420: waiting for roslaunch XML-RPC server to initialize
[xmlrpc][INFO] 2017-11-04 13:37:10,420: XML-RPC server binding to 0.0.0.0:0
[xmlrpc][INFO] 2017-11-04 13:37:10,420: Started XML-RPC server [http://mdas-Meerkat:46801/]
[xmlrpc][INFO] 2017-11-04 13:37:10,420: xml rpc node: starting XML-RPC server
[roslaunch][INFO] 2017-11-04 13:37:10,431: started roslaunch server http://mdas-Meerkat:46801/
[roslaunch.parent][INFO] 2017-11-04 13:37:10,431: ... parent XML-RPC server started
[roslaunch][INFO] 2017-11-04 13:37:10,431: master.is_running[http://localhost:11311]
[roslaunch][INFO] 2017-11-04 13:37:10,432: master.is_running[http://localhost:11311]
[roslaunch][INFO] 2017-11-04 13:37:10,433: ROS_MASTER_URI=http://localhost:11311
[roslaunch][INFO] 2017-11-04 13:37:10,434: setting /roslaunch/uris/host_mdas_meerkat__46801' to http://mdas-Meerkat:46801/
[roslaunch][INFO] 2017-11-04 13:37:10,435: load_parameters starting ...
[roslaunch][INFO] 2017-11-04 13:37:10,438: ... load_parameters complete
[roslaunch][INFO] 2017-11-04 13:37:10,439: launch_nodes: launching local nodes ...
[roslaunch][INFO] 2017-11-04 13:37:10,439: ... preparing to launch node of type [sicktoolbox_wrapper/sicklms]
[roslaunch][INFO] 2017-11-04 13:37:10,439: create_node_process: package[sicktoolbox_wrapper] type[sicklms] machine[Machine(name[] env_loader[None] address[localhost] ssh_port[22] user[None] assignable[True] timeout[10.0])] master_uri[http://localhost:11311]
[roslaunch][INFO] 2017-11-04 13:37:10,439: process[base_laser1-1]: env[{'ROS_DISTRO': 'indigo', 'LESSOPEN': '| /usr/bin/lesspipe %s', 'SSH_CLIENT': '192.168.1.110 52660 22', 'CPATH': '/home/mdas/ros_ws/devel/include:/opt/ros/indigo/include', 'LOGNAME': 'mdas', 'USER': 'mdas', 'PATH': '/opt/ros/indigo/bin:/usr/local/sbin:/usr/local/bin:/usr/sbin:/usr/bin:/sbin:/bin:/usr/games:/usr/local/games', 'HOME': '/home/mdas', 'CMAKE_PREFIX_PATH': '/home/mdas/ros_ws/devel:/opt/ros/indigo', 'ROS_LOG_FILENAME': '/home/mdas/.ros/log/28f044f0-c184-11e7-977d-404a0358042c/roslaunch-mdas-Meerkat-7689.log', 'LANG': 'en_US.UTF-8', 'TERM': 'xterm-256color', 'SHELL': '/bin/bash', 'SHLVL': '1', 'QT_QPA_PLATFORMTHEME': 'appmenu-qt5', 'LD_LIBRARY_PATH': '/home/mdas/ros_ws/devel/lib:/opt/ros/indigo/lib', 'ROS_MASTER_URI': 'http://localhost:11311', 'XDG_RUNTIME_DIR': '/run/user/1000', 'PYTHONPATH': '/home/mdas/ros_ws/devel/lib/python2.7/dist-packages:/opt/ros/indigo/lib/python2.7/dist-packages', 'ROS_ROOT': '/opt/ros/indigo/share/ros', 'PKG_CONFIG_PATH': '/home/mdas/ros_ws/devel/lib/pkgconfig:/opt/ros/indigo/lib/pkgconfig', 'ROS_PACKAGE_PATH': '/home/mdas/ros_ws/src:/opt/ros/indigo/share:/opt/ros/indigo/stacks', 'ROS_WORKSPACE': '/home/mdas/ros_ws', 'XDG_SESSION_ID': '1', '_': '/opt/ros/indigo/bin/roslaunch', 'LS_COLORS': 'rs=0:di=01;34:ln=01;36:mh=00:pi=40;33:so=01;35:do=01;35:bd=40;33;01:cd=40;33;01:or=40;31;01:su=37;41:sg=30;43:ca=30;41:tw=30;42:ow=34;42:st=37;44:ex=01;32:*.tar=01;31:*.tgz=01;31:*.arj=01;31:*.taz=01;31:*.lzh=01;31:*.lzma=01;31:*.tlz=01;31:*.txz=01;31:*.zip=01;31:*.z=01;31:*.Z=01;31:*.dz=01;31:*.gz=01;31:*.lz=01;31:*.xz=01;31:*.bz2=01;31:*.bz=01;31:*.tbz=01;31:*.tbz2=01;31:*.tz=01;31:*.deb=01;31:*.rpm=01;31:*.jar=01;31:*.war=01;31:*.ear=01;31:*.sar=01;31:*.rar=01;31:*.ace=01;31:*.zoo=01;31:*.cpio=01;31:*.7z=01;31:*.rz=01;31:*.jpg=01;35:*.jpeg=01;35:*.gif=01;35:*.bmp=01;35:*.pbm=01;35:*.pgm=01;35:*.ppm=01;35:*.tga=01;35:*.xbm=01;35:*.xpm=01;35:*.tif=01;35:*.tiff=01;35:*.png=01;35:*.svg=01;35:*.svgz=01;35:*.mng=01;35:*.pcx=01;35:*.mov=01;35:*.mpg=01;35:*.mpeg=01;35:*.m2v=01;35:*.mkv=01;35:*.webm=01;35:*.ogm=01;35:*.mp4=01;35:*.m4v=01;35:*.mp4v=01;35:*.vob=01;35:*.qt=01;35:*.nuv=01;35:*.wmv=01;35:*.asf=01;35:*.rm=01;35:*.rmvb=01;35:*.flc=01;35:*.avi=01;35:*.fli=01;35:*.flv=01;35:*.gl=01;35:*.dl=01;35:*.xcf=01;35:*.xwd=01;35:*.yuv=01;35:*.cgm=01;35:*.emf=01;35:*.axv=01;35:*.anx=01;35:*.ogv=01;35:*.ogx=01;35:*.aac=00;36:*.au=00;36:*.flac=00;36:*.mid=00;36:*.midi=00;36:*.mka=00;36:*.mp3=00;36:*.mpc=00;36:*.ogg=00;36:*.ra=00;36:*.wav=00;36:*.axa=00;36:*.oga=00;36:*.spx=00;36:*.xspf=00;36:', 'LESSCLOSE': '/usr/bin/lesspipe %s %s', 'SSH_TTY': '/dev/pts/28', 'PWD': '/home/mdas', 'ROS_ETC_DIR': '/opt/ros/indigo/etc/ros', 'MAIL': '/var/mail/mdas', 'SSH_CONNECTION': '192.168.1.110 52660 192.168.1.113 22'}]
[roslaunch][INFO] 2017-11-04 13:37:10,489: process[base_laser1-1]: args[[u'/home/mdas/ros_ws/devel/lib/sicktoolbox_wrapper/sicklms', u'scan:=/sensor_msgs/LaserScan', u'__name:=base_laser1']]
[roslaunch][INFO] 2017-11-04 13:37:10,489: ... created process [base_laser1-1]
[roslaunch.pmon][INFO] 2017-11-04 13:37:10,489: ProcessMonitor.register[base_laser1-1]
[roslaunch.pmon][INFO] 2017-11-04 13:37:10,489: ProcessMonitor.register[base_laser1-1] complete
[roslaunch][INFO] 2017-11-04 13:37:10,489: ... registered process [base_laser1-1]
[roslaunch][INFO] 2017-11-04 13:37:10,489: process[base_laser1-1]: starting os process
[roslaunch][INFO] 2017-11-04 13:37:10,489: process[base_laser1-1]: start w/ args [[u'/home/mdas/ros_ws/devel/lib/sicktoolbox_wrapper/sicklms', u'scan:=/sensor_msgs/LaserScan', u'__name:=base_laser1', u'__log:=/home/mdas/.ros/log/28f044f0-c184-11e7-977d-404a0358042c/base_laser1-1.log']]
[roslaunch][INFO] 2017-11-04 13:37:10,489: process[base_laser1-1]: cwd will be [/home/mdas/.ros]
[roslaunch][INFO] 2017-11-04 13:37:10,491: process[base_laser1-1]: started with pid [7707]
[roslaunch][INFO] 2017-11-04 13:37:10,491: ... successfully launched [base_laser1-1]
[roslaunch][INFO] 2017-11-04 13:37:10,491: ... preparing to launch node of type [novatel/novatel_node]
[roslaunch][INFO] 2017-11-04 13:37:10,491: create_node_process: package[novatel] type[novatel_node] machine[Machine(name[] env_loader[None] address[localhost] ssh_port[22] user[None] assignable[True] timeout[10.0])] master_uri[http://localhost:11311]
[roslaunch][INFO] 2017-11-04 13:37:10,491: process[novatel_node-2]: env[{'ROS_DISTRO': 'indigo', 'LESSOPEN': '| /usr/bin/lesspipe %s', 'SSH_CLIENT': '192.168.1.110 52660 22', 'CPATH': '/home/mdas/ros_ws/devel/include:/opt/ros/indigo/include', 'LOGNAME': 'mdas', 'USER': 'mdas', 'PATH': '/opt/ros/indigo/bin:/usr/local/sbin:/usr/local/bin:/usr/sbin:/usr/bin:/sbin:/bin:/usr/games:/usr/local/games', 'HOME': '/home/mdas', 'CMAKE_PREFIX_PATH': '/home/mdas/ros_ws/devel:/opt/ros/indigo', 'ROS_LOG_FILENAME': '/home/mdas/.ros/log/28f044f0-c184-11e7-977d-404a0358042c/roslaunch-mdas-Meerkat-7689.log', 'LANG': 'en_US.UTF-8', 'TERM': 'xterm-256color', 'SHELL': '/bin/bash', 'SHLVL': '1', 'QT_QPA_PLATFORMTHEME': 'appmenu-qt5', 'LD_LIBRARY_PATH': '/home/mdas/ros_ws/devel/lib:/opt/ros/indigo/lib', 'ROS_MASTER_URI': 'http://localhost:11311', 'XDG_RUNTIME_DIR': '/run/user/1000', 'PYTHONPATH': '/home/mdas/ros_ws/devel/lib/python2.7/dist-packages:/opt/ros/indigo/lib/python2.7/dist-packages', 'ROS_ROOT': '/opt/ros/indigo/share/ros', 'PKG_CONFIG_PATH': '/home/mdas/ros_ws/devel/lib/pkgconfig:/opt/ros/indigo/lib/pkgconfig', 'ROS_PACKAGE_PATH': '/home/mdas/ros_ws/src:/opt/ros/indigo/share:/opt/ros/indigo/stacks', 'ROS_WORKSPACE': '/home/mdas/ros_ws', 'XDG_SESSION_ID': '1', '_': '/opt/ros/indigo/bin/roslaunch', 'LS_COLORS': 'rs=0:di=01;34:ln=01;36:mh=00:pi=40;33:so=01;35:do=01;35:bd=40;33;01:cd=40;33;01:or=40;31;01:su=37;41:sg=30;43:ca=30;41:tw=30;42:ow=34;42:st=37;44:ex=01;32:*.tar=01;31:*.tgz=01;31:*.arj=01;31:*.taz=01;31:*.lzh=01;31:*.lzma=01;31:*.tlz=01;31:*.txz=01;31:*.zip=01;31:*.z=01;31:*.Z=01;31:*.dz=01;31:*.gz=01;31:*.lz=01;31:*.xz=01;31:*.bz2=01;31:*.bz=01;31:*.tbz=01;31:*.tbz2=01;31:*.tz=01;31:*.deb=01;31:*.rpm=01;31:*.jar=01;31:*.war=01;31:*.ear=01;31:*.sar=01;31:*.rar=01;31:*.ace=01;31:*.zoo=01;31:*.cpio=01;31:*.7z=01;31:*.rz=01;31:*.jpg=01;35:*.jpeg=01;35:*.gif=01;35:*.bmp=01;35:*.pbm=01;35:*.pgm=01;35:*.ppm=01;35:*.tga=01;35:*.xbm=01;35:*.xpm=01;35:*.tif=01;35:*.tiff=01;35:*.png=01;35:*.svg=01;35:*.svgz=01;35:*.mng=01;35:*.pcx=01;35:*.mov=01;35:*.mpg=01;35:*.mpeg=01;35:*.m2v=01;35:*.mkv=01;35:*.webm=01;35:*.ogm=01;35:*.mp4=01;35:*.m4v=01;35:*.mp4v=01;35:*.vob=01;35:*.qt=01;35:*.nuv=01;35:*.wmv=01;35:*.asf=01;35:*.rm=01;35:*.rmvb=01;35:*.flc=01;35:*.avi=01;35:*.fli=01;35:*.flv=01;35:*.gl=01;35:*.dl=01;35:*.xcf=01;35:*.xwd=01;35:*.yuv=01;35:*.cgm=01;35:*.emf=01;35:*.axv=01;35:*.anx=01;35:*.ogv=01;35:*.ogx=01;35:*.aac=00;36:*.au=00;36:*.flac=00;36:*.mid=00;36:*.midi=00;36:*.mka=00;36:*.mp3=00;36:*.mpc=00;36:*.ogg=00;36:*.ra=00;36:*.wav=00;36:*.axa=00;36:*.oga=00;36:*.spx=00;36:*.xspf=00;36:', 'LESSCLOSE': '/usr/bin/lesspipe %s %s', 'SSH_TTY': '/dev/pts/28', 'PWD': '/home/mdas', 'ROS_ETC_DIR': '/opt/ros/indigo/etc/ros', 'MAIL': '/var/mail/mdas', 'SSH_CONNECTION': '192.168.1.110 52660 192.168.1.113 22'}]
[roslaunch][INFO] 2017-11-04 13:37:10,492: process[novatel_node-2]: args[[u'/home/mdas/ros_ws/devel/lib/novatel/novatel_node', u'__name:=novatel_node']]
[roslaunch][INFO] 2017-11-04 13:37:10,492: ... created process [novatel_node-2]
[roslaunch.pmon][INFO] 2017-11-04 13:37:10,492: ProcessMonitor.register[novatel_node-2]
[roslaunch.pmon][INFO] 2017-11-04 13:37:10,492: ProcessMonitor.register[novatel_node-2] complete
[roslaunch][INFO] 2017-11-04 13:37:10,492: ... registered process [novatel_node-2]
[roslaunch][INFO] 2017-11-04 13:37:10,492: process[novatel_node-2]: starting os process
[roslaunch][INFO] 2017-11-04 13:37:10,492: process[novatel_node-2]: start w/ args [[u'/home/mdas/ros_ws/devel/lib/novatel/novatel_node', u'__name:=novatel_node', u'__log:=/home/mdas/.ros/log/28f044f0-c184-11e7-977d-404a0358042c/novatel_node-2.log']]
[roslaunch][INFO] 2017-11-04 13:37:10,493: process[novatel_node-2]: cwd will be [/home/mdas/.ros]
[roslaunch][INFO] 2017-11-04 13:37:10,494: process[novatel_node-2]: started with pid [7708]
[roslaunch][INFO] 2017-11-04 13:37:10,494: ... successfully launched [novatel_node-2]
[roslaunch][INFO] 2017-11-04 13:37:10,494: ... launch_nodes complete
[roslaunch.pmon][INFO] 2017-11-04 13:37:10,495: registrations completed <ProcessMonitor(ProcessMonitor-1, started daemon 140170405340928)>
[roslaunch.parent][INFO] 2017-11-04 13:37:10,495: ... roslaunch parent running, waiting for process exit
[roslaunch][INFO] 2017-11-04 13:37:10,495: spin
[roslaunch.pmon][INFO] 2017-11-04 13:37:44,742: ProcessMonitor.shutdown <ProcessMonitor(ProcessMonitor-1, started daemon 140170405340928)>
[roslaunch.pmon][INFO] 2017-11-04 13:37:44,791: ProcessMonitor._post_run <ProcessMonitor(ProcessMonitor-1, started daemon 140170405340928)>
[roslaunch.pmon][INFO] 2017-11-04 13:37:44,792: ProcessMonitor._post_run <ProcessMonitor(ProcessMonitor-1, started daemon 140170405340928)>: remaining procs are [<roslaunch.nodeprocess.LocalProcess object at 0x7f7bf797e790>, <roslaunch.nodeprocess.LocalProcess object at 0x7f7bf797e8d0>]
[roslaunch.pmon][INFO] 2017-11-04 13:37:44,794: ProcessMonitor exit: killing novatel_node-2
[roslaunch][INFO] 2017-11-04 13:37:44,794: [novatel_node-2] killing on exit
[roslaunch.pmon][INFO] 2017-11-04 13:37:44,795: ProcessMonitor exit: killing base_laser1-1
[roslaunch][INFO] 2017-11-04 13:37:44,796: process[novatel_node-2]: killing os process with pid[7708] pgid[7708]
[roslaunch][INFO] 2017-11-04 13:37:44,796: [base_laser1-1] killing on exit
[roslaunch][INFO] 2017-11-04 13:37:44,796: [novatel_node-2] sending SIGINT to pgid [7708]
[roslaunch][INFO] 2017-11-04 13:37:44,797: process[base_laser1-1]: killing os process with pid[7707] pgid[7707]
[roslaunch][INFO] 2017-11-04 13:37:44,798: [novatel_node-2] sent SIGINT to pgid [7708]
[roslaunch][INFO] 2017-11-04 13:37:44,798: [base_laser1-1] sending SIGINT to pgid [7707]
[roslaunch][INFO] 2017-11-04 13:37:44,799: [base_laser1-1] sent SIGINT to pgid [7707]
[roslaunch][ERROR] 2017-11-04 13:37:59,825: [novatel_node-2] escalating to SIGTERM
[roslaunch][INFO] 2017-11-04 13:37:59,825: [novatel_node-2] sent SIGTERM to pgid [7708]
[roslaunch][ERROR] 2017-11-04 13:37:59,826: [base_laser1-1] escalating to SIGTERM
[roslaunch][INFO] 2017-11-04 13:37:59,826: [base_laser1-1] sent SIGTERM to pgid [7707]
[roslaunch][INFO] 2017-11-04 13:38:00,026: process[novatel_node-2]: SIGTERM killed with return value -15
[roslaunch][INFO] 2017-11-04 13:38:00,027: process[base_laser1-1]: SIGTERM killed with return value -15
[roslaunch.pmon][INFO] 2017-11-04 13:38:00,028: ProcessMonitor exit: cleaning up data structures and signals
[roslaunch.pmon][INFO] 2017-11-04 13:38:00,028: ProcessMonitor exit: pmon has shutdown
[roslaunch][INFO] 2017-11-04 13:38:00,040: process monitor is done spinning, initiating full shutdown
[roslaunch][INFO] 2017-11-04 13:38:00,041: runner.stop()
[roslaunch][INFO] 2017-11-04 13:38:00,041: shutting down processing monitor...
[roslaunch][INFO] 2017-11-04 13:38:00,041: shutting down processing monitor <ProcessMonitor(ProcessMonitor-1, stopped daemon 140170405340928)>
[roslaunch.pmon][INFO] 2017-11-04 13:38:00,041: ProcessMonitor.shutdown <ProcessMonitor(ProcessMonitor-1, stopped daemon 140170405340928)>
[roslaunch][INFO] 2017-11-04 13:38:00,041: ... shutting down processing monitor complete
[roslaunch][INFO] 2017-11-04 13:38:00,041: done
[roslaunch.pmon][INFO] 2017-11-04 13:38:00,042: ProcessMonitor.shutdown <ProcessMonitor(ProcessMonitor-1, stopped daemon 140170405340928)>
[rospy.core][INFO] 2017-11-04 13:38:00,042: signal_shutdown [atexit]
