[roslaunch][INFO] 2017-11-04 13:41:33,913: Checking log directory for disk usage. This may take awhile.
Press Ctrl-C to interrupt
[roslaunch][INFO] 2017-11-04 13:41:33,916: Done checking log file disk usage. Usage is <1GB.
[roslaunch][INFO] 2017-11-04 13:41:33,916: roslaunch starting with args ['/opt/ros/indigo/bin/roslaunch', 'novatel', 'novatel_for_psr.launch']
[roslaunch][INFO] 2017-11-04 13:41:33,916: roslaunch env is {'MANDATORY_PATH': '/usr/share/gconf/ubuntu.mandatory.path', 'ROS_DISTRO': 'indigo', 'ROS_LOG_FILENAME': '/home/mdas/.ros/log/6648eaf2-c187-11e7-8f35-f44d306c96a4/roslaunch-mdas-Meerkat-10843.log', 'XDG_GREETER_DATA_DIR': '/var/lib/lightdm-data/mdas', 'GNOME_DESKTOP_SESSION_ID': 'this-is-deprecated', 'XDG_CURRENT_DESKTOP': 'Unity', 'LESSOPEN': '| /usr/bin/lesspipe %s', 'PKG_CONFIG_PATH': '/home/mdas/ros_ws/devel/lib/pkgconfig:/opt/ros/indigo/lib/pkgconfig', 'CPATH': '/home/mdas/ros_ws/devel/include:/opt/ros/indigo/include', 'LOGNAME': 'mdas', 'WINDOWID': '25165835', 'PATH': '/opt/ros/indigo/bin:/usr/local/sbin:/usr/local/bin:/usr/sbin:/usr/bin:/sbin:/bin:/usr/games:/usr/local/games', 'XDG_VTNR': '7', 'GNOME_KEYRING_CONTROL': '/run/user/1000/keyring-DTXmjC', 'CMAKE_PREFIX_PATH': '/home/mdas/ros_ws/devel:/opt/ros/indigo', 'LD_LIBRARY_PATH': '/home/mdas/ros_ws/devel/lib:/opt/ros/indigo/lib', 'LANG': 'en_US.UTF-8', 'TERM': 'xterm', 'SHELL': '/bin/bash', 'XDG_SESSION_PATH': '/org/freedesktop/DisplayManager/Session0', 'XAUTHORITY': '/home/mdas/.Xauthority', 'LANGUAGE': 'en_US', 'SESSION_MANAGER': 'local/mdas-Meerkat:@/tmp/.ICE-unix/1896,unix/mdas-Meerkat:/tmp/.ICE-unix/1896', 'SHLVL': '1', 'LESSCLOSE': '/usr/bin/lesspipe %s %s', 'QT_QPA_PLATFORMTHEME': 'appmenu-qt5', 'JOB': 'dbus', 'TEXTDOMAIN': 'im-config', 'QT4_IM_MODULE': 'xim', 'CLUTTER_IM_MODULE': 'xim', 'SESSION': 'ubuntu', 'SESSIONTYPE': 'gnome-session', 'XMODIFIERS': '@im=ibus', 'ROS_ETC_DIR': '/opt/ros/indigo/etc/ros', 'GPG_AGENT_INFO': '/run/user/1000/keyring-DTXmjC/gpg:0:1', 'HOME': '/home/mdas', 'SELINUX_INIT': 'YES', 'COMPIZ_BIN_PATH': '/usr/bin/', 'XDG_RUNTIME_DIR': '/run/user/1000', 'INSTANCE': '', 'PYTHONPATH': '/home/mdas/ros_ws/devel/lib/python2.7/dist-packages:/opt/ros/indigo/lib/python2.7/dist-packages', 'COMPIZ_CONFIG_PROFILE': 'ubuntu', 'SSH_AUTH_SOCK': '/run/user/1000/keyring-DTXmjC/ssh', 'VTE_VERSION': '3409', 'ROS_ROOT': '/opt/ros/indigo/share/ros', 'GDMSESSION': 'ubuntu', 'IM_CONFIG_PHASE': '1', 'TEXTDOMAINDIR': '/usr/share/locale/', 'GNOME_KEYRING_PID': '1736', 'XDG_SEAT_PATH': '/org/freedesktop/DisplayManager/Seat0', 'ROS_PACKAGE_PATH': '/home/mdas/ros_ws/src:/opt/ros/indigo/share:/opt/ros/indigo/stacks', 'ROS_WORKSPACE': '/home/mdas/ros_ws', 'XDG_SESSION_ID': 'c2', 'DBUS_SESSION_BUS_ADDRESS': 'unix:abstract=/tmp/dbus-bOfvLB0lxC', '_': '/opt/ros/indigo/bin/roslaunch', 'DEFAULTS_PATH': '/usr/share/gconf/ubuntu.default.path', 'GTK_IM_MODULE': 'ibus', 'DESKTOP_SESSION': 'ubuntu', 'UPSTART_SESSION': 'unix:abstract=/com/ubuntu/upstart-session/1000/1742', 'XDG_CONFIG_DIRS': '/etc/xdg/xdg-ubuntu:/usr/share/upstart/xdg:/etc/xdg', 'GTK_MODULES': 'overlay-scrollbar:unity-gtk-module', 'XDG_SEAT': 'seat0', 'OLDPWD': '/home/mdas', 'GDM_LANG': 'en_US', 'XDG_DATA_DIRS': '/usr/share/ubuntu:/usr/share/gnome:/usr/local/share/:/usr/share/', 'PWD': '/home/mdas/ros_ws', 'QT_IM_MODULE': 'ibus', 'ROS_MASTER_URI': 'http://localhost:11311', 'COLORTERM': 'gnome-terminal', 'DISPLAY': ':0', 'XDG_MENU_PREFIX': 'gnome-', 'LS_COLORS': 'rs=0:di=01;34:ln=01;36:mh=00:pi=40;33:so=01;35:do=01;35:bd=40;33;01:cd=40;33;01:or=40;31;01:su=37;41:sg=30;43:ca=30;41:tw=30;42:ow=34;42:st=37;44:ex=01;32:*.tar=01;31:*.tgz=01;31:*.arj=01;31:*.taz=01;31:*.lzh=01;31:*.lzma=01;31:*.tlz=01;31:*.txz=01;31:*.zip=01;31:*.z=01;31:*.Z=01;31:*.dz=01;31:*.gz=01;31:*.lz=01;31:*.xz=01;31:*.bz2=01;31:*.bz=01;31:*.tbz=01;31:*.tbz2=01;31:*.tz=01;31:*.deb=01;31:*.rpm=01;31:*.jar=01;31:*.war=01;31:*.ear=01;31:*.sar=01;31:*.rar=01;31:*.ace=01;31:*.zoo=01;31:*.cpio=01;31:*.7z=01;31:*.rz=01;31:*.jpg=01;35:*.jpeg=01;35:*.gif=01;35:*.bmp=01;35:*.pbm=01;35:*.pgm=01;35:*.ppm=01;35:*.tga=01;35:*.xbm=01;35:*.xpm=01;35:*.tif=01;35:*.tiff=01;35:*.png=01;35:*.svg=01;35:*.svgz=01;35:*.mng=01;35:*.pcx=01;35:*.mov=01;35:*.mpg=01;35:*.mpeg=01;35:*.m2v=01;35:*.mkv=01;35:*.webm=01;35:*.ogm=01;35:*.mp4=01;35:*.m4v=01;35:*.mp4v=01;35:*.vob=01;35:*.qt=01;35:*.nuv=01;35:*.wmv=01;35:*.asf=01;35:*.rm=01;35:*.rmvb=01;35:*.flc=01;35:*.avi=01;35:*.fli=01;35:*.flv=01;35:*.gl=01;35:*.dl=01;35:*.xcf=01;35:*.xwd=01;35:*.yuv=01;35:*.cgm=01;35:*.emf=01;35:*.axv=01;35:*.anx=01;35:*.ogv=01;35:*.ogx=01;35:*.aac=00;36:*.au=00;36:*.flac=00;36:*.mid=00;36:*.midi=00;36:*.mka=00;36:*.mp3=00;36:*.mpc=00;36:*.ogg=00;36:*.ra=00;36:*.wav=00;36:*.axa=00;36:*.oga=00;36:*.spx=00;36:*.xspf=00;36:', 'USER': 'mdas'}
[roslaunch][INFO] 2017-11-04 13:41:33,916: starting in server mode
[roslaunch.parent][INFO] 2017-11-04 13:41:33,916: starting roslaunch parent run
[roslaunch][INFO] 2017-11-04 13:41:33,916: loading roscore config file /opt/ros/indigo/etc/ros/roscore.xml
[roslaunch][INFO] 2017-11-04 13:41:33,981: Added core node of type [rosout/rosout] in namespace [/]
[roslaunch.config][INFO] 2017-11-04 13:41:33,981: loading config file /home/mdas/ros_ws/src/packages/novatel/launch/novatel_for_psr.launch
[roslaunch][INFO] 2017-11-04 13:41:33,982: Added node of type [novatel/novatel_node] in namespace [/]
[roslaunch][INFO] 2017-11-04 13:41:33,982: ... selected machine [] for node of type [novatel/novatel_node]
[roslaunch.pmon][INFO] 2017-11-04 13:41:33,983: start_process_monitor: creating ProcessMonitor
[roslaunch.pmon][INFO] 2017-11-04 13:41:33,983: created process monitor <ProcessMonitor(ProcessMonitor-1, initial daemon)>
[roslaunch.pmon][INFO] 2017-11-04 13:41:33,983: start_process_monitor: ProcessMonitor started
[roslaunch.parent][INFO] 2017-11-04 13:41:33,983: starting parent XML-RPC server
[roslaunch.server][INFO] 2017-11-04 13:41:33,983: starting roslaunch XML-RPC server
[roslaunch.server][INFO] 2017-11-04 13:41:33,983: waiting for roslaunch XML-RPC server to initialize
[xmlrpc][INFO] 2017-11-04 13:41:33,983: XML-RPC server binding to 0.0.0.0:0
[xmlrpc][INFO] 2017-11-04 13:41:33,983: Started XML-RPC server [http://mdas-Meerkat:39677/]
[xmlrpc][INFO] 2017-11-04 13:41:33,984: xml rpc node: starting XML-RPC server
[roslaunch][INFO] 2017-11-04 13:41:33,995: started roslaunch server http://mdas-Meerkat:39677/
[roslaunch.parent][INFO] 2017-11-04 13:41:33,995: ... parent XML-RPC server started
[roslaunch][INFO] 2017-11-04 13:41:33,995: master.is_running[http://localhost:11311]
[roslaunch][INFO] 2017-11-04 13:41:33,995: auto-starting new master
[roslaunch][INFO] 2017-11-04 13:41:33,996: create_master_process: rosmaster, /opt/ros/indigo/share/ros, 11311, 3, None
[roslaunch][INFO] 2017-11-04 13:41:33,996: process[master]: launching with args [['rosmaster', '--core', '-p', '11311', '-w', '3']]
[roslaunch.pmon][INFO] 2017-11-04 13:41:33,996: ProcessMonitor.register[master]
[roslaunch.pmon][INFO] 2017-11-04 13:41:33,996: ProcessMonitor.register[master] complete
[roslaunch][INFO] 2017-11-04 13:41:33,996: process[master]: starting os process
[roslaunch][INFO] 2017-11-04 13:41:33,996: process[master]: start w/ args [['rosmaster', '--core', '-p', '11311', '-w', '3', '__log:=/home/mdas/.ros/log/6648eaf2-c187-11e7-8f35-f44d306c96a4/master.log']]
[roslaunch][INFO] 2017-11-04 13:41:33,996: process[master]: cwd will be [/home/mdas/.ros]
[roslaunch][INFO] 2017-11-04 13:41:33,997: process[master]: started with pid [10855]
[roslaunch][INFO] 2017-11-04 13:41:33,998: master.is_running[http://localhost:11311]
[roslaunch][INFO] 2017-11-04 13:41:34,098: master.is_running[http://localhost:11311]
[roslaunch][INFO] 2017-11-04 13:41:34,100: master.is_running[http://localhost:11311]
[roslaunch][INFO] 2017-11-04 13:41:34,100: ROS_MASTER_URI=http://localhost:11311
[roslaunch][INFO] 2017-11-04 13:41:34,101: setting /run_id to 6648eaf2-c187-11e7-8f35-f44d306c96a4
[roslaunch][INFO] 2017-11-04 13:41:34,102: setting /roslaunch/uris/host_mdas_meerkat__39677' to http://mdas-Meerkat:39677/
[roslaunch][INFO] 2017-11-04 13:41:34,103: ... preparing to launch node of type [rosout/rosout]
[roslaunch][INFO] 2017-11-04 13:41:34,103: create_node_process: package[rosout] type[rosout] machine[Machine(name[] env_loader[None] address[localhost] ssh_port[22] user[None] assignable[True] timeout[10.0])] master_uri[http://localhost:11311]
[roslaunch][INFO] 2017-11-04 13:41:34,103: process[rosout-1]: env[{'QT_QPA_PLATFORMTHEME': 'appmenu-qt5', 'ROS_DISTRO': 'indigo', 'XDG_GREETER_DATA_DIR': '/var/lib/lightdm-data/mdas', 'GNOME_DESKTOP_SESSION_ID': 'this-is-deprecated', 'XDG_CURRENT_DESKTOP': 'Unity', 'XDG_SEAT_PATH': '/org/freedesktop/DisplayManager/Seat0', 'CPATH': '/home/mdas/ros_ws/devel/include:/opt/ros/indigo/include', 'LOGNAME': 'mdas', 'XDG_SEAT': 'seat0', 'PATH': '/opt/ros/indigo/bin:/usr/local/sbin:/usr/local/bin:/usr/sbin:/usr/bin:/sbin:/bin:/usr/games:/usr/local/games', 'XDG_VTNR': '7', 'GNOME_KEYRING_CONTROL': '/run/user/1000/keyring-DTXmjC', 'CMAKE_PREFIX_PATH': '/home/mdas/ros_ws/devel:/opt/ros/indigo', 'LD_LIBRARY_PATH': '/home/mdas/ros_ws/devel/lib:/opt/ros/indigo/lib', 'LANG': 'en_US.UTF-8', 'TERM': 'xterm', 'SHELL': '/bin/bash', 'XDG_SESSION_PATH': '/org/freedesktop/DisplayManager/Session0', 'XAUTHORITY': '/home/mdas/.Xauthority', 'LANGUAGE': 'en_US', 'SESSION_MANAGER': 'local/mdas-Meerkat:@/tmp/.ICE-unix/1896,unix/mdas-Meerkat:/tmp/.ICE-unix/1896', 'SHLVL': '1', 'MANDATORY_PATH': '/usr/share/gconf/ubuntu.mandatory.path', 'CLUTTER_IM_MODULE': 'xim', 'ROS_LOG_FILENAME': '/home/mdas/.ros/log/6648eaf2-c187-11e7-8f35-f44d306c96a4/roslaunch-mdas-Meerkat-10843.log', 'TEXTDOMAIN': 'im-config', 'JOB': 'dbus', 'WINDOWID': '25165835', 'SESSIONTYPE': 'gnome-session', 'XMODIFIERS': '@im=ibus', 'ROS_MASTER_URI': 'http://localhost:11311', 'GPG_AGENT_INFO': '/run/user/1000/keyring-DTXmjC/gpg:0:1', 'HOME': '/home/mdas', 'QT4_IM_MODULE': 'xim', 'SELINUX_INIT': 'YES', 'SSH_AUTH_SOCK': '/run/user/1000/keyring-DTXmjC/ssh', 'XDG_RUNTIME_DIR': '/run/user/1000', 'GTK_IM_MODULE': 'ibus', 'PYTHONPATH': '/home/mdas/ros_ws/devel/lib/python2.7/dist-packages:/opt/ros/indigo/lib/python2.7/dist-packages', 'COMPIZ_CONFIG_PROFILE': 'ubuntu', 'COMPIZ_BIN_PATH': '/usr/bin/', 'VTE_VERSION': '3409', 'ROS_ROOT': '/opt/ros/indigo/share/ros', 'GDMSESSION': 'ubuntu', 'IM_CONFIG_PHASE': '1', 'TEXTDOMAINDIR': '/usr/share/locale/', 'XDG_DATA_DIRS': '/usr/share/ubuntu:/usr/share/gnome:/usr/local/share/:/usr/share/', 'PKG_CONFIG_PATH': '/home/mdas/ros_ws/devel/lib/pkgconfig:/opt/ros/indigo/lib/pkgconfig', 'ROS_PACKAGE_PATH': '/home/mdas/ros_ws/src:/opt/ros/indigo/share:/opt/ros/indigo/stacks', 'LESSOPEN': '| /usr/bin/lesspipe %s', 'XDG_SESSION_ID': 'c2', 'DBUS_SESSION_BUS_ADDRESS': 'unix:abstract=/tmp/dbus-bOfvLB0lxC', '_': '/opt/ros/indigo/bin/roslaunch', 'DEFAULTS_PATH': '/usr/share/gconf/ubuntu.default.path', 'SESSION': 'ubuntu', 'DESKTOP_SESSION': 'ubuntu', 'UPSTART_SESSION': 'unix:abstract=/com/ubuntu/upstart-session/1000/1742', 'LESSCLOSE': '/usr/bin/lesspipe %s %s', 'GNOME_KEYRING_PID': '1736', 'OLDPWD': '/home/mdas', 'LS_COLORS': 'rs=0:di=01;34:ln=01;36:mh=00:pi=40;33:so=01;35:do=01;35:bd=40;33;01:cd=40;33;01:or=40;31;01:su=37;41:sg=30;43:ca=30;41:tw=30;42:ow=34;42:st=37;44:ex=01;32:*.tar=01;31:*.tgz=01;31:*.arj=01;31:*.taz=01;31:*.lzh=01;31:*.lzma=01;31:*.tlz=01;31:*.txz=01;31:*.zip=01;31:*.z=01;31:*.Z=01;31:*.dz=01;31:*.gz=01;31:*.lz=01;31:*.xz=01;31:*.bz2=01;31:*.bz=01;31:*.tbz=01;31:*.tbz2=01;31:*.tz=01;31:*.deb=01;31:*.rpm=01;31:*.jar=01;31:*.war=01;31:*.ear=01;31:*.sar=01;31:*.rar=01;31:*.ace=01;31:*.zoo=01;31:*.cpio=01;31:*.7z=01;31:*.rz=01;31:*.jpg=01;35:*.jpeg=01;35:*.gif=01;35:*.bmp=01;35:*.pbm=01;35:*.pgm=01;35:*.ppm=01;35:*.tga=01;35:*.xbm=01;35:*.xpm=01;35:*.tif=01;35:*.tiff=01;35:*.png=01;35:*.svg=01;35:*.svgz=01;35:*.mng=01;35:*.pcx=01;35:*.mov=01;35:*.mpg=01;35:*.mpeg=01;35:*.m2v=01;35:*.mkv=01;35:*.webm=01;35:*.ogm=01;35:*.mp4=01;35:*.m4v=01;35:*.mp4v=01;35:*.vob=01;35:*.qt=01;35:*.nuv=01;35:*.wmv=01;35:*.asf=01;35:*.rm=01;35:*.rmvb=01;35:*.flc=01;35:*.avi=01;35:*.fli=01;35:*.flv=01;35:*.gl=01;35:*.dl=01;35:*.xcf=01;35:*.xwd=01;35:*.yuv=01;35:*.cgm=01;35:*.emf=01;35:*.axv=01;35:*.anx=01;35:*.ogv=01;35:*.ogx=01;35:*.aac=00;36:*.au=00;36:*.flac=00;36:*.mid=00;36:*.midi=00;36:*.mka=00;36:*.mp3=00;36:*.mpc=00;36:*.ogg=00;36:*.ra=00;36:*.wav=00;36:*.axa=00;36:*.oga=00;36:*.spx=00;36:*.xspf=00;36:', 'GDM_LANG': 'en_US', 'GTK_MODULES': 'overlay-scrollbar:unity-gtk-module', 'INSTANCE': '', 'PWD': '/home/mdas/ros_ws', 'QT_IM_MODULE': 'ibus', 'ROS_ETC_DIR': '/opt/ros/indigo/etc/ros', 'COLORTERM': 'gnome-terminal', 'DISPLAY': ':0', 'XDG_MENU_PREFIX': 'gnome-', 'ROS_WORKSPACE': '/home/mdas/ros_ws', 'XDG_CONFIG_DIRS': '/etc/xdg/xdg-ubuntu:/usr/share/upstart/xdg:/etc/xdg', 'USER': 'mdas'}]
[roslaunch][INFO] 2017-11-04 13:41:34,156: process[rosout-1]: args[[u'/opt/ros/indigo/lib/rosout/rosout', u'__name:=rosout']]
[roslaunch][INFO] 2017-11-04 13:41:34,156: ... created process [rosout-1]
[roslaunch.pmon][INFO] 2017-11-04 13:41:34,156: ProcessMonitor.register[rosout-1]
[roslaunch.pmon][INFO] 2017-11-04 13:41:34,156: ProcessMonitor.register[rosout-1] complete
[roslaunch][INFO] 2017-11-04 13:41:34,156: ... registered process [rosout-1]
[roslaunch][INFO] 2017-11-04 13:41:34,156: process[rosout-1]: starting os process
[roslaunch][INFO] 2017-11-04 13:41:34,156: process[rosout-1]: start w/ args [[u'/opt/ros/indigo/lib/rosout/rosout', u'__name:=rosout', u'__log:=/home/mdas/.ros/log/6648eaf2-c187-11e7-8f35-f44d306c96a4/rosout-1.log']]
[roslaunch][INFO] 2017-11-04 13:41:34,156: process[rosout-1]: cwd will be [/home/mdas/.ros]
[roslaunch][INFO] 2017-11-04 13:41:34,158: process[rosout-1]: started with pid [10868]
[roslaunch][INFO] 2017-11-04 13:41:34,158: ... successfully launched [rosout-1]
[roslaunch][INFO] 2017-11-04 13:41:34,158: load_parameters starting ...
[roslaunch][INFO] 2017-11-04 13:41:34,164: ... load_parameters complete
[roslaunch][INFO] 2017-11-04 13:41:34,164: launch_nodes: launching local nodes ...
[roslaunch][INFO] 2017-11-04 13:41:34,164: ... preparing to launch node of type [novatel/novatel_node]
[roslaunch][INFO] 2017-11-04 13:41:34,164: create_node_process: package[novatel] type[novatel_node] machine[Machine(name[] env_loader[None] address[localhost] ssh_port[22] user[None] assignable[True] timeout[10.0])] master_uri[http://localhost:11311]
[roslaunch][INFO] 2017-11-04 13:41:34,165: process[novatel_node-2]: env[{'QT_QPA_PLATFORMTHEME': 'appmenu-qt5', 'ROS_DISTRO': 'indigo', 'XDG_GREETER_DATA_DIR': '/var/lib/lightdm-data/mdas', 'GNOME_DESKTOP_SESSION_ID': 'this-is-deprecated', 'XDG_CURRENT_DESKTOP': 'Unity', 'XDG_SEAT_PATH': '/org/freedesktop/DisplayManager/Seat0', 'CPATH': '/home/mdas/ros_ws/devel/include:/opt/ros/indigo/include', 'LOGNAME': 'mdas', 'XDG_SEAT': 'seat0', 'PATH': '/opt/ros/indigo/bin:/usr/local/sbin:/usr/local/bin:/usr/sbin:/usr/bin:/sbin:/bin:/usr/games:/usr/local/games', 'XDG_VTNR': '7', 'GNOME_KEYRING_CONTROL': '/run/user/1000/keyring-DTXmjC', 'CMAKE_PREFIX_PATH': '/home/mdas/ros_ws/devel:/opt/ros/indigo', 'LD_LIBRARY_PATH': '/home/mdas/ros_ws/devel/lib:/opt/ros/indigo/lib', 'LANG': 'en_US.UTF-8', 'TERM': 'xterm', 'SHELL': '/bin/bash', 'XDG_SESSION_PATH': '/org/freedesktop/DisplayManager/Session0', 'XAUTHORITY': '/home/mdas/.Xauthority', 'LANGUAGE': 'en_US', 'SESSION_MANAGER': 'local/mdas-Meerkat:@/tmp/.ICE-unix/1896,unix/mdas-Meerkat:/tmp/.ICE-unix/1896', 'SHLVL': '1', 'MANDATORY_PATH': '/usr/share/gconf/ubuntu.mandatory.path', 'CLUTTER_IM_MODULE': 'xim', 'ROS_LOG_FILENAME': '/home/mdas/.ros/log/6648eaf2-c187-11e7-8f35-f44d306c96a4/roslaunch-mdas-Meerkat-10843.log', 'TEXTDOMAIN': 'im-config', 'JOB': 'dbus', 'WINDOWID': '25165835', 'SESSIONTYPE': 'gnome-session', 'XMODIFIERS': '@im=ibus', 'ROS_MASTER_URI': 'http://localhost:11311', 'GPG_AGENT_INFO': '/run/user/1000/keyring-DTXmjC/gpg:0:1', 'HOME': '/home/mdas', 'QT4_IM_MODULE': 'xim', 'SELINUX_INIT': 'YES', 'SSH_AUTH_SOCK': '/run/user/1000/keyring-DTXmjC/ssh', 'XDG_RUNTIME_DIR': '/run/user/1000', 'GTK_IM_MODULE': 'ibus', 'PYTHONPATH': '/home/mdas/ros_ws/devel/lib/python2.7/dist-packages:/opt/ros/indigo/lib/python2.7/dist-packages', 'COMPIZ_CONFIG_PROFILE': 'ubuntu', 'COMPIZ_BIN_PATH': '/usr/bin/', 'VTE_VERSION': '3409', 'ROS_ROOT': '/opt/ros/indigo/share/ros', 'GDMSESSION': 'ubuntu', 'IM_CONFIG_PHASE': '1', 'TEXTDOMAINDIR': '/usr/share/locale/', 'XDG_DATA_DIRS': '/usr/share/ubuntu:/usr/share/gnome:/usr/local/share/:/usr/share/', 'PKG_CONFIG_PATH': '/home/mdas/ros_ws/devel/lib/pkgconfig:/opt/ros/indigo/lib/pkgconfig', 'ROS_PACKAGE_PATH': '/home/mdas/ros_ws/src:/opt/ros/indigo/share:/opt/ros/indigo/stacks', 'LESSOPEN': '| /usr/bin/lesspipe %s', 'XDG_SESSION_ID': 'c2', 'DBUS_SESSION_BUS_ADDRESS': 'unix:abstract=/tmp/dbus-bOfvLB0lxC', '_': '/opt/ros/indigo/bin/roslaunch', 'DEFAULTS_PATH': '/usr/share/gconf/ubuntu.default.path', 'SESSION': 'ubuntu', 'DESKTOP_SESSION': 'ubuntu', 'UPSTART_SESSION': 'unix:abstract=/com/ubuntu/upstart-session/1000/1742', 'LESSCLOSE': '/usr/bin/lesspipe %s %s', 'GNOME_KEYRING_PID': '1736', 'OLDPWD': '/home/mdas', 'LS_COLORS': 'rs=0:di=01;34:ln=01;36:mh=00:pi=40;33:so=01;35:do=01;35:bd=40;33;01:cd=40;33;01:or=40;31;01:su=37;41:sg=30;43:ca=30;41:tw=30;42:ow=34;42:st=37;44:ex=01;32:*.tar=01;31:*.tgz=01;31:*.arj=01;31:*.taz=01;31:*.lzh=01;31:*.lzma=01;31:*.tlz=01;31:*.txz=01;31:*.zip=01;31:*.z=01;31:*.Z=01;31:*.dz=01;31:*.gz=01;31:*.lz=01;31:*.xz=01;31:*.bz2=01;31:*.bz=01;31:*.tbz=01;31:*.tbz2=01;31:*.tz=01;31:*.deb=01;31:*.rpm=01;31:*.jar=01;31:*.war=01;31:*.ear=01;31:*.sar=01;31:*.rar=01;31:*.ace=01;31:*.zoo=01;31:*.cpio=01;31:*.7z=01;31:*.rz=01;31:*.jpg=01;35:*.jpeg=01;35:*.gif=01;35:*.bmp=01;35:*.pbm=01;35:*.pgm=01;35:*.ppm=01;35:*.tga=01;35:*.xbm=01;35:*.xpm=01;35:*.tif=01;35:*.tiff=01;35:*.png=01;35:*.svg=01;35:*.svgz=01;35:*.mng=01;35:*.pcx=01;35:*.mov=01;35:*.mpg=01;35:*.mpeg=01;35:*.m2v=01;35:*.mkv=01;35:*.webm=01;35:*.ogm=01;35:*.mp4=01;35:*.m4v=01;35:*.mp4v=01;35:*.vob=01;35:*.qt=01;35:*.nuv=01;35:*.wmv=01;35:*.asf=01;35:*.rm=01;35:*.rmvb=01;35:*.flc=01;35:*.avi=01;35:*.fli=01;35:*.flv=01;35:*.gl=01;35:*.dl=01;35:*.xcf=01;35:*.xwd=01;35:*.yuv=01;35:*.cgm=01;35:*.emf=01;35:*.axv=01;35:*.anx=01;35:*.ogv=01;35:*.ogx=01;35:*.aac=00;36:*.au=00;36:*.flac=00;36:*.mid=00;36:*.midi=00;36:*.mka=00;36:*.mp3=00;36:*.mpc=00;36:*.ogg=00;36:*.ra=00;36:*.wav=00;36:*.axa=00;36:*.oga=00;36:*.spx=00;36:*.xspf=00;36:', 'GDM_LANG': 'en_US', 'GTK_MODULES': 'overlay-scrollbar:unity-gtk-module', 'INSTANCE': '', 'PWD': '/home/mdas/ros_ws', 'QT_IM_MODULE': 'ibus', 'ROS_ETC_DIR': '/opt/ros/indigo/etc/ros', 'COLORTERM': 'gnome-terminal', 'DISPLAY': ':0', 'XDG_MENU_PREFIX': 'gnome-', 'ROS_WORKSPACE': '/home/mdas/ros_ws', 'XDG_CONFIG_DIRS': '/etc/xdg/xdg-ubuntu:/usr/share/upstart/xdg:/etc/xdg', 'USER': 'mdas'}]
[roslaunch][INFO] 2017-11-04 13:41:34,166: process[novatel_node-2]: args[[u'/home/mdas/ros_ws/devel/lib/novatel/novatel_node', u'__name:=novatel_node']]
[roslaunch][INFO] 2017-11-04 13:41:34,166: ... created process [novatel_node-2]
[roslaunch.pmon][INFO] 2017-11-04 13:41:34,166: ProcessMonitor.register[novatel_node-2]
[roslaunch.pmon][INFO] 2017-11-04 13:41:34,166: ProcessMonitor.register[novatel_node-2] complete
[roslaunch][INFO] 2017-11-04 13:41:34,166: ... registered process [novatel_node-2]
[roslaunch][INFO] 2017-11-04 13:41:34,166: process[novatel_node-2]: starting os process
[roslaunch][INFO] 2017-11-04 13:41:34,166: process[novatel_node-2]: start w/ args [[u'/home/mdas/ros_ws/devel/lib/novatel/novatel_node', u'__name:=novatel_node', u'__log:=/home/mdas/.ros/log/6648eaf2-c187-11e7-8f35-f44d306c96a4/novatel_node-2.log']]
[roslaunch][INFO] 2017-11-04 13:41:34,166: process[novatel_node-2]: cwd will be [/home/mdas/.ros]
[roslaunch][INFO] 2017-11-04 13:41:34,168: process[novatel_node-2]: started with pid [10876]
[roslaunch][INFO] 2017-11-04 13:41:34,168: ... successfully launched [novatel_node-2]
[roslaunch][INFO] 2017-11-04 13:41:34,168: ... launch_nodes complete
[roslaunch.pmon][INFO] 2017-11-04 13:41:34,168: registrations completed <ProcessMonitor(ProcessMonitor-1, started daemon 140371238971136)>
[roslaunch.parent][INFO] 2017-11-04 13:41:34,168: ... roslaunch parent running, waiting for process exit
[roslaunch][INFO] 2017-11-04 13:41:34,168: spin
[roslaunch.pmon][INFO] 2017-11-04 13:41:40,870: ProcessMonitor.shutdown <ProcessMonitor(ProcessMonitor-1, started daemon 140371238971136)>
[roslaunch.pmon][INFO] 2017-11-04 13:41:40,913: ProcessMonitor._post_run <ProcessMonitor(ProcessMonitor-1, started daemon 140371238971136)>
[roslaunch.pmon][INFO] 2017-11-04 13:41:40,913: ProcessMonitor._post_run <ProcessMonitor(ProcessMonitor-1, started daemon 140371238971136)>: remaining procs are [<roslaunch.nodeprocess.LocalProcess object at 0x7faab9f9bc10>, <roslaunch.nodeprocess.LocalProcess object at 0x7faaba8b2210>, <roslaunch.nodeprocess.LocalProcess object at 0x7faab84eaf90>]
[roslaunch.pmon][INFO] 2017-11-04 13:41:40,914: ProcessMonitor exit: killing novatel_node-2
[roslaunch][INFO] 2017-11-04 13:41:40,915: [novatel_node-2] killing on exit
[roslaunch][INFO] 2017-11-04 13:41:40,918: process[novatel_node-2]: killing os process with pid[10876] pgid[10876]
[roslaunch][INFO] 2017-11-04 13:41:40,918: [novatel_node-2] sending SIGINT to pgid [10876]
[roslaunch][INFO] 2017-11-04 13:41:40,919: [novatel_node-2] sent SIGINT to pgid [10876]
[roslaunch][INFO] 2017-11-04 13:41:41,521: process[novatel_node-2]: SIGINT killed with return value 0
[roslaunch.pmon][INFO] 2017-11-04 13:41:41,522: ProcessMonitor exit: killing rosout-1
[roslaunch][INFO] 2017-11-04 13:41:41,522: [rosout-1] killing on exit
[roslaunch][INFO] 2017-11-04 13:41:41,523: process[rosout-1]: killing os process with pid[10868] pgid[10868]
[roslaunch][INFO] 2017-11-04 13:41:41,523: [rosout-1] sending SIGINT to pgid [10868]
[roslaunch][INFO] 2017-11-04 13:41:41,523: [rosout-1] sent SIGINT to pgid [10868]
[roslaunch][INFO] 2017-11-04 13:41:41,724: process[rosout-1]: SIGINT killed with return value 0
[roslaunch.pmon][INFO] 2017-11-04 13:41:41,724: ProcessMonitor exit: killing master
[roslaunch][INFO] 2017-11-04 13:41:41,724: [master] killing on exit
[roslaunch][INFO] 2017-11-04 13:41:41,724: process[master]: killing os process with pid[10855] pgid[10855]
[roslaunch][INFO] 2017-11-04 13:41:41,725: [master] sending SIGINT to pgid [10855]
[roslaunch][INFO] 2017-11-04 13:41:41,725: [master] sent SIGINT to pgid [10855]
[roslaunch][INFO] 2017-11-04 13:41:41,925: process[master]: SIGINT killed with return value 0
[roslaunch.pmon][INFO] 2017-11-04 13:41:41,926: ProcessMonitor exit: cleaning up data structures and signals
[roslaunch.pmon][INFO] 2017-11-04 13:41:41,926: ProcessMonitor exit: pmon has shutdown
[roslaunch][INFO] 2017-11-04 13:41:41,938: process monitor is done spinning, initiating full shutdown
[roslaunch][INFO] 2017-11-04 13:41:41,939: runner.stop()
[roslaunch][INFO] 2017-11-04 13:41:41,939: shutting down processing monitor...
[roslaunch][INFO] 2017-11-04 13:41:41,940: shutting down processing monitor <ProcessMonitor(ProcessMonitor-1, stopped daemon 140371238971136)>
[roslaunch.pmon][INFO] 2017-11-04 13:41:41,940: ProcessMonitor.shutdown <ProcessMonitor(ProcessMonitor-1, stopped daemon 140371238971136)>
[roslaunch][INFO] 2017-11-04 13:41:41,941: ... shutting down processing monitor complete
[roslaunch][INFO] 2017-11-04 13:41:41,942: done
[roslaunch.pmon][INFO] 2017-11-04 13:41:41,942: ProcessMonitor.shutdown <ProcessMonitor(ProcessMonitor-1, stopped daemon 140371238971136)>
[rospy.core][INFO] 2017-11-04 13:41:41,943: signal_shutdown [atexit]
