[roslaunch][INFO] 2017-11-04 14:32:47,626: Checking log directory for disk usage. This may take awhile.
Press Ctrl-C to interrupt
[roslaunch][INFO] 2017-11-04 14:32:47,629: Done checking log file disk usage. Usage is <1GB.
[roslaunch][INFO] 2017-11-04 14:32:47,629: roslaunch starting with args ['/opt/ros/indigo/bin/roslaunch', 'launchers', 'full_launch.launch']
[roslaunch][INFO] 2017-11-04 14:32:47,629: roslaunch env is {'ROS_DISTRO': 'indigo', 'LESSOPEN': '| /usr/bin/lesspipe %s', 'SSH_CLIENT': '192.168.1.101 44156 22', 'CPATH': '/home/mdas/ros_ws/devel/include:/opt/ros/indigo/include', 'LOGNAME': 'mdas', 'USER': 'mdas', 'PATH': '/opt/ros/indigo/bin:/usr/local/sbin:/usr/local/bin:/usr/sbin:/usr/bin:/sbin:/bin:/usr/games:/usr/local/games', 'HOME': '/home/mdas', 'CMAKE_PREFIX_PATH': '/home/mdas/ros_ws/devel:/opt/ros/indigo', 'LD_LIBRARY_PATH': '/home/mdas/ros_ws/devel/lib:/opt/ros/indigo/lib', 'LANG': 'en_US.UTF-8', 'TERM': 'xterm', 'SHELL': '/bin/bash', 'SHLVL': '1', 'QT_QPA_PLATFORMTHEME': 'appmenu-qt5', 'ROS_LOG_FILENAME': '/home/mdas/.ros/log/8e5c3556-c18e-11e7-a24d-f44d306c96a4/roslaunch-mdas-Meerkat-12103.log', 'ROS_ETC_DIR': '/opt/ros/indigo/etc/ros', 'XDG_RUNTIME_DIR': '/run/user/1000', 'PYTHONPATH': '/home/mdas/ros_ws/devel/lib/python2.7/dist-packages:/opt/ros/indigo/lib/python2.7/dist-packages', 'ROS_ROOT': '/opt/ros/indigo/share/ros', 'PKG_CONFIG_PATH': '/home/mdas/ros_ws/devel/lib/pkgconfig:/opt/ros/indigo/lib/pkgconfig', 'ROS_PACKAGE_PATH': '/home/mdas/ros_ws/src:/opt/ros/indigo/share:/opt/ros/indigo/stacks', 'ROS_WORKSPACE': '/home/mdas/ros_ws', 'XDG_SESSION_ID': '7', '_': '/opt/ros/indigo/bin/roslaunch', 'SSH_CONNECTION': '192.168.1.101 44156 192.168.1.113 22', 'LESSCLOSE': '/usr/bin/lesspipe %s %s', 'SSH_TTY': '/dev/pts/0', 'PWD': '/home/mdas', 'ROS_MASTER_URI': 'http://localhost:11311', 'MAIL': '/var/mail/mdas', 'LS_COLORS': 'rs=0:di=01;34:ln=01;36:mh=00:pi=40;33:so=01;35:do=01;35:bd=40;33;01:cd=40;33;01:or=40;31;01:su=37;41:sg=30;43:ca=30;41:tw=30;42:ow=34;42:st=37;44:ex=01;32:*.tar=01;31:*.tgz=01;31:*.arj=01;31:*.taz=01;31:*.lzh=01;31:*.lzma=01;31:*.tlz=01;31:*.txz=01;31:*.zip=01;31:*.z=01;31:*.Z=01;31:*.dz=01;31:*.gz=01;31:*.lz=01;31:*.xz=01;31:*.bz2=01;31:*.bz=01;31:*.tbz=01;31:*.tbz2=01;31:*.tz=01;31:*.deb=01;31:*.rpm=01;31:*.jar=01;31:*.war=01;31:*.ear=01;31:*.sar=01;31:*.rar=01;31:*.ace=01;31:*.zoo=01;31:*.cpio=01;31:*.7z=01;31:*.rz=01;31:*.jpg=01;35:*.jpeg=01;35:*.gif=01;35:*.bmp=01;35:*.pbm=01;35:*.pgm=01;35:*.ppm=01;35:*.tga=01;35:*.xbm=01;35:*.xpm=01;35:*.tif=01;35:*.tiff=01;35:*.png=01;35:*.svg=01;35:*.svgz=01;35:*.mng=01;35:*.pcx=01;35:*.mov=01;35:*.mpg=01;35:*.mpeg=01;35:*.m2v=01;35:*.mkv=01;35:*.webm=01;35:*.ogm=01;35:*.mp4=01;35:*.m4v=01;35:*.mp4v=01;35:*.vob=01;35:*.qt=01;35:*.nuv=01;35:*.wmv=01;35:*.asf=01;35:*.rm=01;35:*.rmvb=01;35:*.flc=01;35:*.avi=01;35:*.fli=01;35:*.flv=01;35:*.gl=01;35:*.dl=01;35:*.xcf=01;35:*.xwd=01;35:*.yuv=01;35:*.cgm=01;35:*.emf=01;35:*.axv=01;35:*.anx=01;35:*.ogv=01;35:*.ogx=01;35:*.aac=00;36:*.au=00;36:*.flac=00;36:*.mid=00;36:*.midi=00;36:*.mka=00;36:*.mp3=00;36:*.mpc=00;36:*.ogg=00;36:*.ra=00;36:*.wav=00;36:*.axa=00;36:*.oga=00;36:*.spx=00;36:*.xspf=00;36:'}
[roslaunch][INFO] 2017-11-04 14:32:47,629: starting in server mode
[roslaunch.parent][INFO] 2017-11-04 14:32:47,629: starting roslaunch parent run
[roslaunch][INFO] 2017-11-04 14:32:47,630: loading roscore config file /opt/ros/indigo/etc/ros/roscore.xml
[roslaunch][INFO] 2017-11-04 14:32:47,693: Added core node of type [rosout/rosout] in namespace [/]
[roslaunch.config][INFO] 2017-11-04 14:32:47,693: loading config file /home/mdas/ros_ws/src/launchers/full_launch.launch
[roslaunch][INFO] 2017-11-04 14:32:47,743: Added node of type [sicktoolbox_wrapper/sicklms] in namespace [/]
[roslaunch][INFO] 2017-11-04 14:32:47,744: Added node of type [usb_cam/usb_cam_node] in namespace [/]
[roslaunch][INFO] 2017-11-04 14:32:47,745: Added node of type [novatel/novatel_node] in namespace [/]
[roslaunch][INFO] 2017-11-04 14:32:47,745: ... selected machine [] for node of type [sicktoolbox_wrapper/sicklms]
[roslaunch][INFO] 2017-11-04 14:32:47,745: ... selected machine [] for node of type [usb_cam/usb_cam_node]
[roslaunch][INFO] 2017-11-04 14:32:47,745: ... selected machine [] for node of type [novatel/novatel_node]
[roslaunch.pmon][INFO] 2017-11-04 14:32:47,746: start_process_monitor: creating ProcessMonitor
[roslaunch.pmon][INFO] 2017-11-04 14:32:47,746: created process monitor <ProcessMonitor(ProcessMonitor-1, initial daemon)>
[roslaunch.pmon][INFO] 2017-11-04 14:32:47,746: start_process_monitor: ProcessMonitor started
[roslaunch.parent][INFO] 2017-11-04 14:32:47,746: starting parent XML-RPC server
[roslaunch.server][INFO] 2017-11-04 14:32:47,746: starting roslaunch XML-RPC server
[roslaunch.server][INFO] 2017-11-04 14:32:47,746: waiting for roslaunch XML-RPC server to initialize
[xmlrpc][INFO] 2017-11-04 14:32:47,746: XML-RPC server binding to 0.0.0.0:0
[xmlrpc][INFO] 2017-11-04 14:32:47,746: Started XML-RPC server [http://mdas-Meerkat:39899/]
[xmlrpc][INFO] 2017-11-04 14:32:47,746: xml rpc node: starting XML-RPC server
[roslaunch][INFO] 2017-11-04 14:32:47,757: started roslaunch server http://mdas-Meerkat:39899/
[roslaunch.parent][INFO] 2017-11-04 14:32:47,757: ... parent XML-RPC server started
[roslaunch][INFO] 2017-11-04 14:32:47,757: master.is_running[http://localhost:11311]
[roslaunch][INFO] 2017-11-04 14:32:47,758: auto-starting new master
[roslaunch][INFO] 2017-11-04 14:32:47,758: create_master_process: rosmaster, /opt/ros/indigo/share/ros, 11311, 3, None
[roslaunch][INFO] 2017-11-04 14:32:47,758: process[master]: launching with args [['rosmaster', '--core', '-p', '11311', '-w', '3']]
[roslaunch.pmon][INFO] 2017-11-04 14:32:47,758: ProcessMonitor.register[master]
[roslaunch.pmon][INFO] 2017-11-04 14:32:47,758: ProcessMonitor.register[master] complete
[roslaunch][INFO] 2017-11-04 14:32:47,758: process[master]: starting os process
[roslaunch][INFO] 2017-11-04 14:32:47,758: process[master]: start w/ args [['rosmaster', '--core', '-p', '11311', '-w', '3', '__log:=/home/mdas/.ros/log/8e5c3556-c18e-11e7-a24d-f44d306c96a4/master.log']]
[roslaunch][INFO] 2017-11-04 14:32:47,758: process[master]: cwd will be [/home/mdas/.ros]
[roslaunch][INFO] 2017-11-04 14:32:47,760: process[master]: started with pid [12115]
[roslaunch][INFO] 2017-11-04 14:32:47,760: master.is_running[http://localhost:11311]
[roslaunch][INFO] 2017-11-04 14:32:47,860: master.is_running[http://localhost:11311]
[roslaunch][INFO] 2017-11-04 14:32:47,862: master.is_running[http://localhost:11311]
[roslaunch][INFO] 2017-11-04 14:32:47,862: ROS_MASTER_URI=http://localhost:11311
[roslaunch][INFO] 2017-11-04 14:32:47,863: setting /run_id to 8e5c3556-c18e-11e7-a24d-f44d306c96a4
[roslaunch][INFO] 2017-11-04 14:32:47,864: setting /roslaunch/uris/host_mdas_meerkat__39899' to http://mdas-Meerkat:39899/
[roslaunch][INFO] 2017-11-04 14:32:47,865: ... preparing to launch node of type [rosout/rosout]
[roslaunch][INFO] 2017-11-04 14:32:47,865: create_node_process: package[rosout] type[rosout] machine[Machine(name[] env_loader[None] address[localhost] ssh_port[22] user[None] assignable[True] timeout[10.0])] master_uri[http://localhost:11311]
[roslaunch][INFO] 2017-11-04 14:32:47,866: process[rosout-1]: env[{'ROS_DISTRO': 'indigo', 'LESSOPEN': '| /usr/bin/lesspipe %s', 'SSH_CLIENT': '192.168.1.101 44156 22', 'CPATH': '/home/mdas/ros_ws/devel/include:/opt/ros/indigo/include', 'LOGNAME': 'mdas', 'USER': 'mdas', 'PATH': '/opt/ros/indigo/bin:/usr/local/sbin:/usr/local/bin:/usr/sbin:/usr/bin:/sbin:/bin:/usr/games:/usr/local/games', 'HOME': '/home/mdas', 'CMAKE_PREFIX_PATH': '/home/mdas/ros_ws/devel:/opt/ros/indigo', 'ROS_LOG_FILENAME': '/home/mdas/.ros/log/8e5c3556-c18e-11e7-a24d-f44d306c96a4/roslaunch-mdas-Meerkat-12103.log', 'LANG': 'en_US.UTF-8', 'TERM': 'xterm', 'SHELL': '/bin/bash', 'SHLVL': '1', 'QT_QPA_PLATFORMTHEME': 'appmenu-qt5', 'LD_LIBRARY_PATH': '/home/mdas/ros_ws/devel/lib:/opt/ros/indigo/lib', 'ROS_MASTER_URI': 'http://localhost:11311', 'XDG_RUNTIME_DIR': '/run/user/1000', 'PYTHONPATH': '/home/mdas/ros_ws/devel/lib/python2.7/dist-packages:/opt/ros/indigo/lib/python2.7/dist-packages', 'ROS_ROOT': '/opt/ros/indigo/share/ros', 'PKG_CONFIG_PATH': '/home/mdas/ros_ws/devel/lib/pkgconfig:/opt/ros/indigo/lib/pkgconfig', 'ROS_PACKAGE_PATH': '/home/mdas/ros_ws/src:/opt/ros/indigo/share:/opt/ros/indigo/stacks', 'ROS_WORKSPACE': '/home/mdas/ros_ws', 'XDG_SESSION_ID': '7', '_': '/opt/ros/indigo/bin/roslaunch', 'LS_COLORS': 'rs=0:di=01;34:ln=01;36:mh=00:pi=40;33:so=01;35:do=01;35:bd=40;33;01:cd=40;33;01:or=40;31;01:su=37;41:sg=30;43:ca=30;41:tw=30;42:ow=34;42:st=37;44:ex=01;32:*.tar=01;31:*.tgz=01;31:*.arj=01;31:*.taz=01;31:*.lzh=01;31:*.lzma=01;31:*.tlz=01;31:*.txz=01;31:*.zip=01;31:*.z=01;31:*.Z=01;31:*.dz=01;31:*.gz=01;31:*.lz=01;31:*.xz=01;31:*.bz2=01;31:*.bz=01;31:*.tbz=01;31:*.tbz2=01;31:*.tz=01;31:*.deb=01;31:*.rpm=01;31:*.jar=01;31:*.war=01;31:*.ear=01;31:*.sar=01;31:*.rar=01;31:*.ace=01;31:*.zoo=01;31:*.cpio=01;31:*.7z=01;31:*.rz=01;31:*.jpg=01;35:*.jpeg=01;35:*.gif=01;35:*.bmp=01;35:*.pbm=01;35:*.pgm=01;35:*.ppm=01;35:*.tga=01;35:*.xbm=01;35:*.xpm=01;35:*.tif=01;35:*.tiff=01;35:*.png=01;35:*.svg=01;35:*.svgz=01;35:*.mng=01;35:*.pcx=01;35:*.mov=01;35:*.mpg=01;35:*.mpeg=01;35:*.m2v=01;35:*.mkv=01;35:*.webm=01;35:*.ogm=01;35:*.mp4=01;35:*.m4v=01;35:*.mp4v=01;35:*.vob=01;35:*.qt=01;35:*.nuv=01;35:*.wmv=01;35:*.asf=01;35:*.rm=01;35:*.rmvb=01;35:*.flc=01;35:*.avi=01;35:*.fli=01;35:*.flv=01;35:*.gl=01;35:*.dl=01;35:*.xcf=01;35:*.xwd=01;35:*.yuv=01;35:*.cgm=01;35:*.emf=01;35:*.axv=01;35:*.anx=01;35:*.ogv=01;35:*.ogx=01;35:*.aac=00;36:*.au=00;36:*.flac=00;36:*.mid=00;36:*.midi=00;36:*.mka=00;36:*.mp3=00;36:*.mpc=00;36:*.ogg=00;36:*.ra=00;36:*.wav=00;36:*.axa=00;36:*.oga=00;36:*.spx=00;36:*.xspf=00;36:', 'LESSCLOSE': '/usr/bin/lesspipe %s %s', 'SSH_TTY': '/dev/pts/0', 'PWD': '/home/mdas', 'ROS_ETC_DIR': '/opt/ros/indigo/etc/ros', 'MAIL': '/var/mail/mdas', 'SSH_CONNECTION': '192.168.1.101 44156 192.168.1.113 22'}]
[roslaunch][INFO] 2017-11-04 14:32:47,916: process[rosout-1]: args[[u'/opt/ros/indigo/lib/rosout/rosout', u'__name:=rosout']]
[roslaunch][INFO] 2017-11-04 14:32:47,916: ... created process [rosout-1]
[roslaunch.pmon][INFO] 2017-11-04 14:32:47,916: ProcessMonitor.register[rosout-1]
[roslaunch.pmon][INFO] 2017-11-04 14:32:47,916: ProcessMonitor.register[rosout-1] complete
[roslaunch][INFO] 2017-11-04 14:32:47,916: ... registered process [rosout-1]
[roslaunch][INFO] 2017-11-04 14:32:47,916: process[rosout-1]: starting os process
[roslaunch][INFO] 2017-11-04 14:32:47,916: process[rosout-1]: start w/ args [[u'/opt/ros/indigo/lib/rosout/rosout', u'__name:=rosout', u'__log:=/home/mdas/.ros/log/8e5c3556-c18e-11e7-a24d-f44d306c96a4/rosout-1.log']]
[roslaunch][INFO] 2017-11-04 14:32:47,916: process[rosout-1]: cwd will be [/home/mdas/.ros]
[roslaunch][INFO] 2017-11-04 14:32:47,918: process[rosout-1]: started with pid [12128]
[roslaunch][INFO] 2017-11-04 14:32:47,918: ... successfully launched [rosout-1]
[roslaunch][INFO] 2017-11-04 14:32:47,918: load_parameters starting ...
[roslaunch][INFO] 2017-11-04 14:32:47,923: ... load_parameters complete
[roslaunch][INFO] 2017-11-04 14:32:47,924: launch_nodes: launching local nodes ...
[roslaunch][INFO] 2017-11-04 14:32:47,924: ... preparing to launch node of type [sicktoolbox_wrapper/sicklms]
[roslaunch][INFO] 2017-11-04 14:32:47,924: create_node_process: package[sicktoolbox_wrapper] type[sicklms] machine[Machine(name[] env_loader[None] address[localhost] ssh_port[22] user[None] assignable[True] timeout[10.0])] master_uri[http://localhost:11311]
[roslaunch][INFO] 2017-11-04 14:32:47,924: process[base_laser1-2]: env[{'ROS_DISTRO': 'indigo', 'LESSOPEN': '| /usr/bin/lesspipe %s', 'SSH_CLIENT': '192.168.1.101 44156 22', 'CPATH': '/home/mdas/ros_ws/devel/include:/opt/ros/indigo/include', 'LOGNAME': 'mdas', 'USER': 'mdas', 'PATH': '/opt/ros/indigo/bin:/usr/local/sbin:/usr/local/bin:/usr/sbin:/usr/bin:/sbin:/bin:/usr/games:/usr/local/games', 'HOME': '/home/mdas', 'CMAKE_PREFIX_PATH': '/home/mdas/ros_ws/devel:/opt/ros/indigo', 'ROS_LOG_FILENAME': '/home/mdas/.ros/log/8e5c3556-c18e-11e7-a24d-f44d306c96a4/roslaunch-mdas-Meerkat-12103.log', 'LANG': 'en_US.UTF-8', 'TERM': 'xterm', 'SHELL': '/bin/bash', 'SHLVL': '1', 'QT_QPA_PLATFORMTHEME': 'appmenu-qt5', 'LD_LIBRARY_PATH': '/home/mdas/ros_ws/devel/lib:/opt/ros/indigo/lib', 'ROS_MASTER_URI': 'http://localhost:11311', 'XDG_RUNTIME_DIR': '/run/user/1000', 'PYTHONPATH': '/home/mdas/ros_ws/devel/lib/python2.7/dist-packages:/opt/ros/indigo/lib/python2.7/dist-packages', 'ROS_ROOT': '/opt/ros/indigo/share/ros', 'PKG_CONFIG_PATH': '/home/mdas/ros_ws/devel/lib/pkgconfig:/opt/ros/indigo/lib/pkgconfig', 'ROS_PACKAGE_PATH': '/home/mdas/ros_ws/src:/opt/ros/indigo/share:/opt/ros/indigo/stacks', 'ROS_WORKSPACE': '/home/mdas/ros_ws', 'XDG_SESSION_ID': '7', '_': '/opt/ros/indigo/bin/roslaunch', 'LS_COLORS': 'rs=0:di=01;34:ln=01;36:mh=00:pi=40;33:so=01;35:do=01;35:bd=40;33;01:cd=40;33;01:or=40;31;01:su=37;41:sg=30;43:ca=30;41:tw=30;42:ow=34;42:st=37;44:ex=01;32:*.tar=01;31:*.tgz=01;31:*.arj=01;31:*.taz=01;31:*.lzh=01;31:*.lzma=01;31:*.tlz=01;31:*.txz=01;31:*.zip=01;31:*.z=01;31:*.Z=01;31:*.dz=01;31:*.gz=01;31:*.lz=01;31:*.xz=01;31:*.bz2=01;31:*.bz=01;31:*.tbz=01;31:*.tbz2=01;31:*.tz=01;31:*.deb=01;31:*.rpm=01;31:*.jar=01;31:*.war=01;31:*.ear=01;31:*.sar=01;31:*.rar=01;31:*.ace=01;31:*.zoo=01;31:*.cpio=01;31:*.7z=01;31:*.rz=01;31:*.jpg=01;35:*.jpeg=01;35:*.gif=01;35:*.bmp=01;35:*.pbm=01;35:*.pgm=01;35:*.ppm=01;35:*.tga=01;35:*.xbm=01;35:*.xpm=01;35:*.tif=01;35:*.tiff=01;35:*.png=01;35:*.svg=01;35:*.svgz=01;35:*.mng=01;35:*.pcx=01;35:*.mov=01;35:*.mpg=01;35:*.mpeg=01;35:*.m2v=01;35:*.mkv=01;35:*.webm=01;35:*.ogm=01;35:*.mp4=01;35:*.m4v=01;35:*.mp4v=01;35:*.vob=01;35:*.qt=01;35:*.nuv=01;35:*.wmv=01;35:*.asf=01;35:*.rm=01;35:*.rmvb=01;35:*.flc=01;35:*.avi=01;35:*.fli=01;35:*.flv=01;35:*.gl=01;35:*.dl=01;35:*.xcf=01;35:*.xwd=01;35:*.yuv=01;35:*.cgm=01;35:*.emf=01;35:*.axv=01;35:*.anx=01;35:*.ogv=01;35:*.ogx=01;35:*.aac=00;36:*.au=00;36:*.flac=00;36:*.mid=00;36:*.midi=00;36:*.mka=00;36:*.mp3=00;36:*.mpc=00;36:*.ogg=00;36:*.ra=00;36:*.wav=00;36:*.axa=00;36:*.oga=00;36:*.spx=00;36:*.xspf=00;36:', 'LESSCLOSE': '/usr/bin/lesspipe %s %s', 'SSH_TTY': '/dev/pts/0', 'PWD': '/home/mdas', 'ROS_ETC_DIR': '/opt/ros/indigo/etc/ros', 'MAIL': '/var/mail/mdas', 'SSH_CONNECTION': '192.168.1.101 44156 192.168.1.113 22'}]
[roslaunch][INFO] 2017-11-04 14:32:47,924: process[base_laser1-2]: args[[u'/home/mdas/ros_ws/devel/lib/sicktoolbox_wrapper/sicklms', u'scan:=/sensor_msgs/LaserScan', u'__name:=base_laser1']]
[roslaunch][INFO] 2017-11-04 14:32:47,925: ... created process [base_laser1-2]
[roslaunch.pmon][INFO] 2017-11-04 14:32:47,925: ProcessMonitor.register[base_laser1-2]
[roslaunch.pmon][INFO] 2017-11-04 14:32:47,925: ProcessMonitor.register[base_laser1-2] complete
[roslaunch][INFO] 2017-11-04 14:32:47,925: ... registered process [base_laser1-2]
[roslaunch][INFO] 2017-11-04 14:32:47,925: process[base_laser1-2]: starting os process
[roslaunch][INFO] 2017-11-04 14:32:47,925: process[base_laser1-2]: start w/ args [[u'/home/mdas/ros_ws/devel/lib/sicktoolbox_wrapper/sicklms', u'scan:=/sensor_msgs/LaserScan', u'__name:=base_laser1', u'__log:=/home/mdas/.ros/log/8e5c3556-c18e-11e7-a24d-f44d306c96a4/base_laser1-2.log']]
[roslaunch][INFO] 2017-11-04 14:32:47,925: process[base_laser1-2]: cwd will be [/home/mdas/.ros]
[roslaunch][INFO] 2017-11-04 14:32:47,927: process[base_laser1-2]: started with pid [12139]
[roslaunch][INFO] 2017-11-04 14:32:47,927: ... successfully launched [base_laser1-2]
[roslaunch][INFO] 2017-11-04 14:32:47,927: ... preparing to launch node of type [usb_cam/usb_cam_node]
[roslaunch][INFO] 2017-11-04 14:32:47,927: create_node_process: package[usb_cam] type[usb_cam_node] machine[Machine(name[] env_loader[None] address[localhost] ssh_port[22] user[None] assignable[True] timeout[10.0])] master_uri[http://localhost:11311]
[roslaunch][INFO] 2017-11-04 14:32:47,927: process[usb_cam_1-3]: env[{'ROS_DISTRO': 'indigo', 'LESSOPEN': '| /usr/bin/lesspipe %s', 'SSH_CLIENT': '192.168.1.101 44156 22', 'CPATH': '/home/mdas/ros_ws/devel/include:/opt/ros/indigo/include', 'LOGNAME': 'mdas', 'USER': 'mdas', 'PATH': '/opt/ros/indigo/bin:/usr/local/sbin:/usr/local/bin:/usr/sbin:/usr/bin:/sbin:/bin:/usr/games:/usr/local/games', 'HOME': '/home/mdas', 'CMAKE_PREFIX_PATH': '/home/mdas/ros_ws/devel:/opt/ros/indigo', 'ROS_LOG_FILENAME': '/home/mdas/.ros/log/8e5c3556-c18e-11e7-a24d-f44d306c96a4/roslaunch-mdas-Meerkat-12103.log', 'LANG': 'en_US.UTF-8', 'TERM': 'xterm', 'SHELL': '/bin/bash', 'SHLVL': '1', 'QT_QPA_PLATFORMTHEME': 'appmenu-qt5', 'LD_LIBRARY_PATH': '/home/mdas/ros_ws/devel/lib:/opt/ros/indigo/lib', 'ROS_MASTER_URI': 'http://localhost:11311', 'XDG_RUNTIME_DIR': '/run/user/1000', 'PYTHONPATH': '/home/mdas/ros_ws/devel/lib/python2.7/dist-packages:/opt/ros/indigo/lib/python2.7/dist-packages', 'ROS_ROOT': '/opt/ros/indigo/share/ros', 'PKG_CONFIG_PATH': '/home/mdas/ros_ws/devel/lib/pkgconfig:/opt/ros/indigo/lib/pkgconfig', 'ROS_PACKAGE_PATH': '/home/mdas/ros_ws/src:/opt/ros/indigo/share:/opt/ros/indigo/stacks', 'ROS_WORKSPACE': '/home/mdas/ros_ws', 'XDG_SESSION_ID': '7', '_': '/opt/ros/indigo/bin/roslaunch', 'LS_COLORS': 'rs=0:di=01;34:ln=01;36:mh=00:pi=40;33:so=01;35:do=01;35:bd=40;33;01:cd=40;33;01:or=40;31;01:su=37;41:sg=30;43:ca=30;41:tw=30;42:ow=34;42:st=37;44:ex=01;32:*.tar=01;31:*.tgz=01;31:*.arj=01;31:*.taz=01;31:*.lzh=01;31:*.lzma=01;31:*.tlz=01;31:*.txz=01;31:*.zip=01;31:*.z=01;31:*.Z=01;31:*.dz=01;31:*.gz=01;31:*.lz=01;31:*.xz=01;31:*.bz2=01;31:*.bz=01;31:*.tbz=01;31:*.tbz2=01;31:*.tz=01;31:*.deb=01;31:*.rpm=01;31:*.jar=01;31:*.war=01;31:*.ear=01;31:*.sar=01;31:*.rar=01;31:*.ace=01;31:*.zoo=01;31:*.cpio=01;31:*.7z=01;31:*.rz=01;31:*.jpg=01;35:*.jpeg=01;35:*.gif=01;35:*.bmp=01;35:*.pbm=01;35:*.pgm=01;35:*.ppm=01;35:*.tga=01;35:*.xbm=01;35:*.xpm=01;35:*.tif=01;35:*.tiff=01;35:*.png=01;35:*.svg=01;35:*.svgz=01;35:*.mng=01;35:*.pcx=01;35:*.mov=01;35:*.mpg=01;35:*.mpeg=01;35:*.m2v=01;35:*.mkv=01;35:*.webm=01;35:*.ogm=01;35:*.mp4=01;35:*.m4v=01;35:*.mp4v=01;35:*.vob=01;35:*.qt=01;35:*.nuv=01;35:*.wmv=01;35:*.asf=01;35:*.rm=01;35:*.rmvb=01;35:*.flc=01;35:*.avi=01;35:*.fli=01;35:*.flv=01;35:*.gl=01;35:*.dl=01;35:*.xcf=01;35:*.xwd=01;35:*.yuv=01;35:*.cgm=01;35:*.emf=01;35:*.axv=01;35:*.anx=01;35:*.ogv=01;35:*.ogx=01;35:*.aac=00;36:*.au=00;36:*.flac=00;36:*.mid=00;36:*.midi=00;36:*.mka=00;36:*.mp3=00;36:*.mpc=00;36:*.ogg=00;36:*.ra=00;36:*.wav=00;36:*.axa=00;36:*.oga=00;36:*.spx=00;36:*.xspf=00;36:', 'LESSCLOSE': '/usr/bin/lesspipe %s %s', 'SSH_TTY': '/dev/pts/0', 'PWD': '/home/mdas', 'ROS_ETC_DIR': '/opt/ros/indigo/etc/ros', 'MAIL': '/var/mail/mdas', 'SSH_CONNECTION': '192.168.1.101 44156 192.168.1.113 22'}]
[roslaunch][INFO] 2017-11-04 14:32:47,928: process[usb_cam_1-3]: args[[u'/home/mdas/ros_ws/devel/lib/usb_cam/usb_cam_node', u'__name:=usb_cam_1']]
[roslaunch][INFO] 2017-11-04 14:32:47,928: ... created process [usb_cam_1-3]
[roslaunch.pmon][INFO] 2017-11-04 14:32:47,928: ProcessMonitor.register[usb_cam_1-3]
[roslaunch.pmon][INFO] 2017-11-04 14:32:47,928: ProcessMonitor.register[usb_cam_1-3] complete
[roslaunch][INFO] 2017-11-04 14:32:47,928: ... registered process [usb_cam_1-3]
[roslaunch][INFO] 2017-11-04 14:32:47,928: process[usb_cam_1-3]: starting os process
[roslaunch][INFO] 2017-11-04 14:32:47,928: process[usb_cam_1-3]: start w/ args [[u'/home/mdas/ros_ws/devel/lib/usb_cam/usb_cam_node', u'__name:=usb_cam_1', u'__log:=/home/mdas/.ros/log/8e5c3556-c18e-11e7-a24d-f44d306c96a4/usb_cam_1-3.log']]
[roslaunch][INFO] 2017-11-04 14:32:47,928: process[usb_cam_1-3]: cwd will be [/home/mdas/.ros]
[roslaunch][INFO] 2017-11-04 14:32:47,930: process[usb_cam_1-3]: started with pid [12144]
[roslaunch][INFO] 2017-11-04 14:32:47,930: ... successfully launched [usb_cam_1-3]
[roslaunch][INFO] 2017-11-04 14:32:47,931: ... preparing to launch node of type [novatel/novatel_node]
[roslaunch][INFO] 2017-11-04 14:32:47,931: create_node_process: package[novatel] type[novatel_node] machine[Machine(name[] env_loader[None] address[localhost] ssh_port[22] user[None] assignable[True] timeout[10.0])] master_uri[http://localhost:11311]
[roslaunch][INFO] 2017-11-04 14:32:47,931: process[novatel_node-4]: env[{'ROS_DISTRO': 'indigo', 'LESSOPEN': '| /usr/bin/lesspipe %s', 'SSH_CLIENT': '192.168.1.101 44156 22', 'CPATH': '/home/mdas/ros_ws/devel/include:/opt/ros/indigo/include', 'LOGNAME': 'mdas', 'USER': 'mdas', 'PATH': '/opt/ros/indigo/bin:/usr/local/sbin:/usr/local/bin:/usr/sbin:/usr/bin:/sbin:/bin:/usr/games:/usr/local/games', 'HOME': '/home/mdas', 'CMAKE_PREFIX_PATH': '/home/mdas/ros_ws/devel:/opt/ros/indigo', 'ROS_LOG_FILENAME': '/home/mdas/.ros/log/8e5c3556-c18e-11e7-a24d-f44d306c96a4/roslaunch-mdas-Meerkat-12103.log', 'LANG': 'en_US.UTF-8', 'TERM': 'xterm', 'SHELL': '/bin/bash', 'SHLVL': '1', 'QT_QPA_PLATFORMTHEME': 'appmenu-qt5', 'LD_LIBRARY_PATH': '/home/mdas/ros_ws/devel/lib:/opt/ros/indigo/lib', 'ROS_MASTER_URI': 'http://localhost:11311', 'XDG_RUNTIME_DIR': '/run/user/1000', 'PYTHONPATH': '/home/mdas/ros_ws/devel/lib/python2.7/dist-packages:/opt/ros/indigo/lib/python2.7/dist-packages', 'ROS_ROOT': '/opt/ros/indigo/share/ros', 'PKG_CONFIG_PATH': '/home/mdas/ros_ws/devel/lib/pkgconfig:/opt/ros/indigo/lib/pkgconfig', 'ROS_PACKAGE_PATH': '/home/mdas/ros_ws/src:/opt/ros/indigo/share:/opt/ros/indigo/stacks', 'ROS_WORKSPACE': '/home/mdas/ros_ws', 'XDG_SESSION_ID': '7', '_': '/opt/ros/indigo/bin/roslaunch', 'LS_COLORS': 'rs=0:di=01;34:ln=01;36:mh=00:pi=40;33:so=01;35:do=01;35:bd=40;33;01:cd=40;33;01:or=40;31;01:su=37;41:sg=30;43:ca=30;41:tw=30;42:ow=34;42:st=37;44:ex=01;32:*.tar=01;31:*.tgz=01;31:*.arj=01;31:*.taz=01;31:*.lzh=01;31:*.lzma=01;31:*.tlz=01;31:*.txz=01;31:*.zip=01;31:*.z=01;31:*.Z=01;31:*.dz=01;31:*.gz=01;31:*.lz=01;31:*.xz=01;31:*.bz2=01;31:*.bz=01;31:*.tbz=01;31:*.tbz2=01;31:*.tz=01;31:*.deb=01;31:*.rpm=01;31:*.jar=01;31:*.war=01;31:*.ear=01;31:*.sar=01;31:*.rar=01;31:*.ace=01;31:*.zoo=01;31:*.cpio=01;31:*.7z=01;31:*.rz=01;31:*.jpg=01;35:*.jpeg=01;35:*.gif=01;35:*.bmp=01;35:*.pbm=01;35:*.pgm=01;35:*.ppm=01;35:*.tga=01;35:*.xbm=01;35:*.xpm=01;35:*.tif=01;35:*.tiff=01;35:*.png=01;35:*.svg=01;35:*.svgz=01;35:*.mng=01;35:*.pcx=01;35:*.mov=01;35:*.mpg=01;35:*.mpeg=01;35:*.m2v=01;35:*.mkv=01;35:*.webm=01;35:*.ogm=01;35:*.mp4=01;35:*.m4v=01;35:*.mp4v=01;35:*.vob=01;35:*.qt=01;35:*.nuv=01;35:*.wmv=01;35:*.asf=01;35:*.rm=01;35:*.rmvb=01;35:*.flc=01;35:*.avi=01;35:*.fli=01;35:*.flv=01;35:*.gl=01;35:*.dl=01;35:*.xcf=01;35:*.xwd=01;35:*.yuv=01;35:*.cgm=01;35:*.emf=01;35:*.axv=01;35:*.anx=01;35:*.ogv=01;35:*.ogx=01;35:*.aac=00;36:*.au=00;36:*.flac=00;36:*.mid=00;36:*.midi=00;36:*.mka=00;36:*.mp3=00;36:*.mpc=00;36:*.ogg=00;36:*.ra=00;36:*.wav=00;36:*.axa=00;36:*.oga=00;36:*.spx=00;36:*.xspf=00;36:', 'LESSCLOSE': '/usr/bin/lesspipe %s %s', 'SSH_TTY': '/dev/pts/0', 'PWD': '/home/mdas', 'ROS_ETC_DIR': '/opt/ros/indigo/etc/ros', 'MAIL': '/var/mail/mdas', 'SSH_CONNECTION': '192.168.1.101 44156 192.168.1.113 22'}]
[roslaunch][INFO] 2017-11-04 14:32:47,932: process[novatel_node-4]: args[[u'/home/mdas/ros_ws/devel/lib/novatel/novatel_node', u'__name:=novatel_node']]
[roslaunch][INFO] 2017-11-04 14:32:47,932: ... created process [novatel_node-4]
[roslaunch.pmon][INFO] 2017-11-04 14:32:47,932: ProcessMonitor.register[novatel_node-4]
[roslaunch.pmon][INFO] 2017-11-04 14:32:47,932: ProcessMonitor.register[novatel_node-4] complete
[roslaunch][INFO] 2017-11-04 14:32:47,932: ... registered process [novatel_node-4]
[roslaunch][INFO] 2017-11-04 14:32:47,932: process[novatel_node-4]: starting os process
[roslaunch][INFO] 2017-11-04 14:32:47,932: process[novatel_node-4]: start w/ args [[u'/home/mdas/ros_ws/devel/lib/novatel/novatel_node', u'__name:=novatel_node', u'__log:=/home/mdas/.ros/log/8e5c3556-c18e-11e7-a24d-f44d306c96a4/novatel_node-4.log']]
[roslaunch][INFO] 2017-11-04 14:32:47,932: process[novatel_node-4]: cwd will be [/home/mdas/.ros]
[roslaunch][INFO] 2017-11-04 14:32:47,934: process[novatel_node-4]: started with pid [12145]
[roslaunch][INFO] 2017-11-04 14:32:47,934: ... successfully launched [novatel_node-4]
[roslaunch][INFO] 2017-11-04 14:32:47,934: ... launch_nodes complete
[roslaunch.pmon][INFO] 2017-11-04 14:32:47,934: registrations completed <ProcessMonitor(ProcessMonitor-1, started daemon 140120733234944)>
[roslaunch.parent][INFO] 2017-11-04 14:32:47,934: ... roslaunch parent running, waiting for process exit
[roslaunch][INFO] 2017-11-04 14:32:47,934: spin
[roslaunch.pmon][INFO] 2017-11-04 14:32:50,809: ProcessMonitor.shutdown <ProcessMonitor(ProcessMonitor-1, started daemon 140120733234944)>
[roslaunch.pmon][INFO] 2017-11-04 14:32:50,853: ProcessMonitor._post_run <ProcessMonitor(ProcessMonitor-1, started daemon 140120733234944)>
[roslaunch.pmon][INFO] 2017-11-04 14:32:50,853: ProcessMonitor._post_run <ProcessMonitor(ProcessMonitor-1, started daemon 140120733234944)>: remaining procs are [<roslaunch.nodeprocess.LocalProcess object at 0x7f7067493750>, <roslaunch.nodeprocess.LocalProcess object at 0x7f7066adc0d0>, <roslaunch.nodeprocess.LocalProcess object at 0x7f7066aa7ed0>, <roslaunch.nodeprocess.LocalProcess object at 0x7f7066adc1d0>, <roslaunch.nodeprocess.LocalProcess object at 0x7f7066b3a050>]
[roslaunch.pmon][INFO] 2017-11-04 14:32:50,854: ProcessMonitor exit: killing novatel_node-4
[roslaunch][INFO] 2017-11-04 14:32:50,855: [novatel_node-4] killing on exit
[roslaunch][INFO] 2017-11-04 14:32:50,855: process[novatel_node-4]: killing os process with pid[12145] pgid[12145]
[roslaunch.pmon][INFO] 2017-11-04 14:32:50,856: ProcessMonitor exit: killing usb_cam_1-3
[roslaunch][INFO] 2017-11-04 14:32:50,856: [novatel_node-4] sending SIGINT to pgid [12145]
[roslaunch.pmon][INFO] 2017-11-04 14:32:50,856: ProcessMonitor exit: killing base_laser1-2
[roslaunch][INFO] 2017-11-04 14:32:50,857: [usb_cam_1-3] killing on exit
[roslaunch][INFO] 2017-11-04 14:32:50,858: [novatel_node-4] sent SIGINT to pgid [12145]
[roslaunch][INFO] 2017-11-04 14:32:50,859: [base_laser1-2] killing on exit
[roslaunch][INFO] 2017-11-04 14:32:50,860: process[usb_cam_1-3]: killing os process with pid[12144] pgid[12144]
[roslaunch][INFO] 2017-11-04 14:32:50,860: [usb_cam_1-3] sending SIGINT to pgid [12144]
[roslaunch][INFO] 2017-11-04 14:32:50,861: process[base_laser1-2]: killing os process with pid[12139] pgid[12139]
[roslaunch][INFO] 2017-11-04 14:32:50,861: [usb_cam_1-3] sent SIGINT to pgid [12144]
[roslaunch][INFO] 2017-11-04 14:32:50,862: [base_laser1-2] sending SIGINT to pgid [12139]
[roslaunch][INFO] 2017-11-04 14:32:50,862: [base_laser1-2] sent SIGINT to pgid [12139]
[roslaunch][INFO] 2017-11-04 14:32:51,463: process[usb_cam_1-3]: SIGINT killed with return value 1
[roslaunch][INFO] 2017-11-04 14:33:00,278: process[novatel_node-4]: SIGINT killed with return value 0
[roslaunch][ERROR] 2017-11-04 14:33:05,888: [base_laser1-2] escalating to SIGTERM
[roslaunch][INFO] 2017-11-04 14:33:05,889: [base_laser1-2] sent SIGTERM to pgid [12139]
[roslaunch][INFO] 2017-11-04 14:33:05,891: process[base_laser1-2]: SIGTERM killed with return value -15
[roslaunch.pmon][INFO] 2017-11-04 14:33:05,891: ProcessMonitor exit: killing rosout-1
[roslaunch][INFO] 2017-11-04 14:33:05,892: [rosout-1] killing on exit
[roslaunch][INFO] 2017-11-04 14:33:05,892: process[rosout-1]: killing os process with pid[12128] pgid[12128]
[roslaunch][INFO] 2017-11-04 14:33:05,892: [rosout-1] sending SIGINT to pgid [12128]
[roslaunch][INFO] 2017-11-04 14:33:05,893: [rosout-1] sent SIGINT to pgid [12128]
[roslaunch][INFO] 2017-11-04 14:33:06,093: process[rosout-1]: SIGINT killed with return value 0
[roslaunch.pmon][INFO] 2017-11-04 14:33:06,093: ProcessMonitor exit: killing master
[roslaunch][INFO] 2017-11-04 14:33:06,093: [master] killing on exit
[roslaunch][INFO] 2017-11-04 14:33:06,093: process[master]: killing os process with pid[12115] pgid[12115]
[roslaunch][INFO] 2017-11-04 14:33:06,093: [master] sending SIGINT to pgid [12115]
[roslaunch][INFO] 2017-11-04 14:33:06,093: [master] sent SIGINT to pgid [12115]
[roslaunch][INFO] 2017-11-04 14:33:06,294: process[master]: SIGINT killed with return value 0
[roslaunch.pmon][INFO] 2017-11-04 14:33:06,294: ProcessMonitor exit: cleaning up data structures and signals
[roslaunch.pmon][INFO] 2017-11-04 14:33:06,295: ProcessMonitor exit: pmon has shutdown
[roslaunch][INFO] 2017-11-04 14:33:06,317: process monitor is done spinning, initiating full shutdown
[roslaunch][INFO] 2017-11-04 14:33:06,318: runner.stop()
[roslaunch][INFO] 2017-11-04 14:33:06,318: shutting down processing monitor...
[roslaunch][INFO] 2017-11-04 14:33:06,318: shutting down processing monitor <ProcessMonitor(ProcessMonitor-1, stopped daemon 140120733234944)>
[roslaunch.pmon][INFO] 2017-11-04 14:33:06,318: ProcessMonitor.shutdown <ProcessMonitor(ProcessMonitor-1, stopped daemon 140120733234944)>
[roslaunch][INFO] 2017-11-04 14:33:06,318: ... shutting down processing monitor complete
[roslaunch][INFO] 2017-11-04 14:33:06,319: done
[roslaunch.pmon][INFO] 2017-11-04 14:33:06,319: ProcessMonitor.shutdown <ProcessMonitor(ProcessMonitor-1, stopped daemon 140120733234944)>
[rospy.core][INFO] 2017-11-04 14:33:06,319: signal_shutdown [atexit]
