[roslaunch][INFO] 2017-11-08 13:21:47,479: Checking log directory for disk usage. This may take awhile.
Press Ctrl-C to interrupt
[roslaunch][INFO] 2017-11-08 13:21:47,482: Done checking log file disk usage. Usage is <1GB.
[roslaunch][INFO] 2017-11-08 13:21:47,482: roslaunch starting with args ['/opt/ros/indigo/bin/roslaunch', 'launchers', 'full_launch.launch']
[roslaunch][INFO] 2017-11-08 13:21:47,482: roslaunch env is {'ROS_DISTRO': 'indigo', 'LESSOPEN': '| /usr/bin/lesspipe %s', 'SSH_CLIENT': '192.168.1.15 43298 22', 'CPATH': '/home/mdas/ros_ws/devel/include:/opt/ros/indigo/include', 'LOGNAME': 'mdas', 'USER': 'mdas', 'PATH': '/opt/ros/indigo/bin:/usr/local/sbin:/usr/local/bin:/usr/sbin:/usr/bin:/sbin:/bin:/usr/games:/usr/local/games', 'HOME': '/home/mdas', 'CMAKE_PREFIX_PATH': '/home/mdas/ros_ws/devel:/opt/ros/indigo', 'LD_LIBRARY_PATH': '/home/mdas/ros_ws/devel/lib:/opt/ros/indigo/lib', 'LANG': 'en_US.UTF-8', 'TERM': 'xterm', 'SHELL': '/bin/bash', 'SHLVL': '1', 'QT_QPA_PLATFORMTHEME': 'appmenu-qt5', 'ROS_LOG_FILENAME': '/home/mdas/.ros/log/ae88eae2-c4b1-11e7-b1c4-f44d306c96a4/roslaunch-mdas-Meerkat-4028.log', 'ROS_ETC_DIR': '/opt/ros/indigo/etc/ros', 'XDG_RUNTIME_DIR': '/run/user/1000', 'PYTHONPATH': '/home/mdas/ros_ws/devel/lib/python2.7/dist-packages:/opt/ros/indigo/lib/python2.7/dist-packages', 'ROS_ROOT': '/opt/ros/indigo/share/ros', 'PKG_CONFIG_PATH': '/home/mdas/ros_ws/devel/lib/pkgconfig:/opt/ros/indigo/lib/pkgconfig', 'ROS_PACKAGE_PATH': '/home/mdas/ros_ws/src:/opt/ros/indigo/share:/opt/ros/indigo/stacks', 'ROS_WORKSPACE': '/home/mdas/ros_ws', 'XDG_SESSION_ID': '1', '_': '/opt/ros/indigo/bin/roslaunch', 'SSH_CONNECTION': '192.168.1.15 43298 192.168.1.113 22', 'LESSCLOSE': '/usr/bin/lesspipe %s %s', 'SSH_TTY': '/dev/pts/1', 'OLDPWD': '/home/mdas/ros_ws/src', 'PWD': '/home/mdas/ros_ws/src/launchers', 'ROS_MASTER_URI': 'http://localhost:11311', 'MAIL': '/var/mail/mdas', 'LS_COLORS': 'rs=0:di=01;34:ln=01;36:mh=00:pi=40;33:so=01;35:do=01;35:bd=40;33;01:cd=40;33;01:or=40;31;01:su=37;41:sg=30;43:ca=30;41:tw=30;42:ow=34;42:st=37;44:ex=01;32:*.tar=01;31:*.tgz=01;31:*.arj=01;31:*.taz=01;31:*.lzh=01;31:*.lzma=01;31:*.tlz=01;31:*.txz=01;31:*.zip=01;31:*.z=01;31:*.Z=01;31:*.dz=01;31:*.gz=01;31:*.lz=01;31:*.xz=01;31:*.bz2=01;31:*.bz=01;31:*.tbz=01;31:*.tbz2=01;31:*.tz=01;31:*.deb=01;31:*.rpm=01;31:*.jar=01;31:*.war=01;31:*.ear=01;31:*.sar=01;31:*.rar=01;31:*.ace=01;31:*.zoo=01;31:*.cpio=01;31:*.7z=01;31:*.rz=01;31:*.jpg=01;35:*.jpeg=01;35:*.gif=01;35:*.bmp=01;35:*.pbm=01;35:*.pgm=01;35:*.ppm=01;35:*.tga=01;35:*.xbm=01;35:*.xpm=01;35:*.tif=01;35:*.tiff=01;35:*.png=01;35:*.svg=01;35:*.svgz=01;35:*.mng=01;35:*.pcx=01;35:*.mov=01;35:*.mpg=01;35:*.mpeg=01;35:*.m2v=01;35:*.mkv=01;35:*.webm=01;35:*.ogm=01;35:*.mp4=01;35:*.m4v=01;35:*.mp4v=01;35:*.vob=01;35:*.qt=01;35:*.nuv=01;35:*.wmv=01;35:*.asf=01;35:*.rm=01;35:*.rmvb=01;35:*.flc=01;35:*.avi=01;35:*.fli=01;35:*.flv=01;35:*.gl=01;35:*.dl=01;35:*.xcf=01;35:*.xwd=01;35:*.yuv=01;35:*.cgm=01;35:*.emf=01;35:*.axv=01;35:*.anx=01;35:*.ogv=01;35:*.ogx=01;35:*.aac=00;36:*.au=00;36:*.flac=00;36:*.mid=00;36:*.midi=00;36:*.mka=00;36:*.mp3=00;36:*.mpc=00;36:*.ogg=00;36:*.ra=00;36:*.wav=00;36:*.axa=00;36:*.oga=00;36:*.spx=00;36:*.xspf=00;36:'}
[roslaunch][INFO] 2017-11-08 13:21:47,482: starting in server mode
[roslaunch.parent][INFO] 2017-11-08 13:21:47,482: starting roslaunch parent run
[roslaunch][INFO] 2017-11-08 13:21:47,482: loading roscore config file /opt/ros/indigo/etc/ros/roscore.xml
[roslaunch][INFO] 2017-11-08 13:21:47,543: Added core node of type [rosout/rosout] in namespace [/]
[roslaunch.config][INFO] 2017-11-08 13:21:47,543: loading config file /home/mdas/ros_ws/src/launchers/full_launch.launch
[roslaunch][INFO] 2017-11-08 13:21:47,592: Added node of type [sicktoolbox_wrapper/sicklms] in namespace [/]
[roslaunch][INFO] 2017-11-08 13:21:47,592: Added node of type [usb_cam/usb_cam_node] in namespace [/]
[roslaunch][INFO] 2017-11-08 13:21:47,593: Added node of type [novatel/novatel_node] in namespace [/]
[roslaunch][INFO] 2017-11-08 13:21:47,593: ... selected machine [] for node of type [sicktoolbox_wrapper/sicklms]
[roslaunch][INFO] 2017-11-08 13:21:47,593: ... selected machine [] for node of type [usb_cam/usb_cam_node]
[roslaunch][INFO] 2017-11-08 13:21:47,594: ... selected machine [] for node of type [novatel/novatel_node]
[roslaunch.pmon][INFO] 2017-11-08 13:21:47,594: start_process_monitor: creating ProcessMonitor
[roslaunch.pmon][INFO] 2017-11-08 13:21:47,594: created process monitor <ProcessMonitor(ProcessMonitor-1, initial daemon)>
[roslaunch.pmon][INFO] 2017-11-08 13:21:47,594: start_process_monitor: ProcessMonitor started
[roslaunch.parent][INFO] 2017-11-08 13:21:47,594: starting parent XML-RPC server
[roslaunch.server][INFO] 2017-11-08 13:21:47,594: starting roslaunch XML-RPC server
[roslaunch.server][INFO] 2017-11-08 13:21:47,594: waiting for roslaunch XML-RPC server to initialize
[xmlrpc][INFO] 2017-11-08 13:21:47,595: XML-RPC server binding to 0.0.0.0:0
[xmlrpc][INFO] 2017-11-08 13:21:47,595: Started XML-RPC server [http://mdas-Meerkat:42815/]
[xmlrpc][INFO] 2017-11-08 13:21:47,595: xml rpc node: starting XML-RPC server
[roslaunch][INFO] 2017-11-08 13:21:47,606: started roslaunch server http://mdas-Meerkat:42815/
[roslaunch.parent][INFO] 2017-11-08 13:21:47,606: ... parent XML-RPC server started
[roslaunch][INFO] 2017-11-08 13:21:47,606: master.is_running[http://localhost:11311]
[roslaunch][INFO] 2017-11-08 13:21:47,607: auto-starting new master
[roslaunch][INFO] 2017-11-08 13:21:47,607: create_master_process: rosmaster, /opt/ros/indigo/share/ros, 11311, 3, None
[roslaunch][INFO] 2017-11-08 13:21:47,607: process[master]: launching with args [['rosmaster', '--core', '-p', '11311', '-w', '3']]
[roslaunch.pmon][INFO] 2017-11-08 13:21:47,607: ProcessMonitor.register[master]
[roslaunch.pmon][INFO] 2017-11-08 13:21:47,607: ProcessMonitor.register[master] complete
[roslaunch][INFO] 2017-11-08 13:21:47,607: process[master]: starting os process
[roslaunch][INFO] 2017-11-08 13:21:47,607: process[master]: start w/ args [['rosmaster', '--core', '-p', '11311', '-w', '3', '__log:=/home/mdas/.ros/log/ae88eae2-c4b1-11e7-b1c4-f44d306c96a4/master.log']]
[roslaunch][INFO] 2017-11-08 13:21:47,607: process[master]: cwd will be [/home/mdas/.ros]
[roslaunch][INFO] 2017-11-08 13:21:47,608: process[master]: started with pid [4040]
[roslaunch][INFO] 2017-11-08 13:21:47,609: master.is_running[http://localhost:11311]
[roslaunch][INFO] 2017-11-08 13:21:47,709: master.is_running[http://localhost:11311]
[roslaunch][INFO] 2017-11-08 13:21:47,710: master.is_running[http://localhost:11311]
[roslaunch][INFO] 2017-11-08 13:21:47,711: ROS_MASTER_URI=http://localhost:11311
[roslaunch][INFO] 2017-11-08 13:21:47,712: setting /run_id to ae88eae2-c4b1-11e7-b1c4-f44d306c96a4
[roslaunch][INFO] 2017-11-08 13:21:47,713: setting /roslaunch/uris/host_mdas_meerkat__42815' to http://mdas-Meerkat:42815/
[roslaunch][INFO] 2017-11-08 13:21:47,714: ... preparing to launch node of type [rosout/rosout]
[roslaunch][INFO] 2017-11-08 13:21:47,714: create_node_process: package[rosout] type[rosout] machine[Machine(name[] env_loader[None] address[localhost] ssh_port[22] user[None] assignable[True] timeout[10.0])] master_uri[http://localhost:11311]
[roslaunch][INFO] 2017-11-08 13:21:47,714: process[rosout-1]: env[{'ROS_DISTRO': 'indigo', 'LESSOPEN': '| /usr/bin/lesspipe %s', 'SSH_CLIENT': '192.168.1.15 43298 22', 'CPATH': '/home/mdas/ros_ws/devel/include:/opt/ros/indigo/include', 'LOGNAME': 'mdas', 'USER': 'mdas', 'PATH': '/opt/ros/indigo/bin:/usr/local/sbin:/usr/local/bin:/usr/sbin:/usr/bin:/sbin:/bin:/usr/games:/usr/local/games', 'HOME': '/home/mdas', 'CMAKE_PREFIX_PATH': '/home/mdas/ros_ws/devel:/opt/ros/indigo', 'ROS_LOG_FILENAME': '/home/mdas/.ros/log/ae88eae2-c4b1-11e7-b1c4-f44d306c96a4/roslaunch-mdas-Meerkat-4028.log', 'LANG': 'en_US.UTF-8', 'TERM': 'xterm', 'SHELL': '/bin/bash', 'SHLVL': '1', 'QT_QPA_PLATFORMTHEME': 'appmenu-qt5', 'LD_LIBRARY_PATH': '/home/mdas/ros_ws/devel/lib:/opt/ros/indigo/lib', 'ROS_MASTER_URI': 'http://localhost:11311', 'XDG_RUNTIME_DIR': '/run/user/1000', 'PYTHONPATH': '/home/mdas/ros_ws/devel/lib/python2.7/dist-packages:/opt/ros/indigo/lib/python2.7/dist-packages', 'ROS_ROOT': '/opt/ros/indigo/share/ros', 'PKG_CONFIG_PATH': '/home/mdas/ros_ws/devel/lib/pkgconfig:/opt/ros/indigo/lib/pkgconfig', 'ROS_PACKAGE_PATH': '/home/mdas/ros_ws/src:/opt/ros/indigo/share:/opt/ros/indigo/stacks', 'ROS_WORKSPACE': '/home/mdas/ros_ws', 'XDG_SESSION_ID': '1', '_': '/opt/ros/indigo/bin/roslaunch', 'LS_COLORS': 'rs=0:di=01;34:ln=01;36:mh=00:pi=40;33:so=01;35:do=01;35:bd=40;33;01:cd=40;33;01:or=40;31;01:su=37;41:sg=30;43:ca=30;41:tw=30;42:ow=34;42:st=37;44:ex=01;32:*.tar=01;31:*.tgz=01;31:*.arj=01;31:*.taz=01;31:*.lzh=01;31:*.lzma=01;31:*.tlz=01;31:*.txz=01;31:*.zip=01;31:*.z=01;31:*.Z=01;31:*.dz=01;31:*.gz=01;31:*.lz=01;31:*.xz=01;31:*.bz2=01;31:*.bz=01;31:*.tbz=01;31:*.tbz2=01;31:*.tz=01;31:*.deb=01;31:*.rpm=01;31:*.jar=01;31:*.war=01;31:*.ear=01;31:*.sar=01;31:*.rar=01;31:*.ace=01;31:*.zoo=01;31:*.cpio=01;31:*.7z=01;31:*.rz=01;31:*.jpg=01;35:*.jpeg=01;35:*.gif=01;35:*.bmp=01;35:*.pbm=01;35:*.pgm=01;35:*.ppm=01;35:*.tga=01;35:*.xbm=01;35:*.xpm=01;35:*.tif=01;35:*.tiff=01;35:*.png=01;35:*.svg=01;35:*.svgz=01;35:*.mng=01;35:*.pcx=01;35:*.mov=01;35:*.mpg=01;35:*.mpeg=01;35:*.m2v=01;35:*.mkv=01;35:*.webm=01;35:*.ogm=01;35:*.mp4=01;35:*.m4v=01;35:*.mp4v=01;35:*.vob=01;35:*.qt=01;35:*.nuv=01;35:*.wmv=01;35:*.asf=01;35:*.rm=01;35:*.rmvb=01;35:*.flc=01;35:*.avi=01;35:*.fli=01;35:*.flv=01;35:*.gl=01;35:*.dl=01;35:*.xcf=01;35:*.xwd=01;35:*.yuv=01;35:*.cgm=01;35:*.emf=01;35:*.axv=01;35:*.anx=01;35:*.ogv=01;35:*.ogx=01;35:*.aac=00;36:*.au=00;36:*.flac=00;36:*.mid=00;36:*.midi=00;36:*.mka=00;36:*.mp3=00;36:*.mpc=00;36:*.ogg=00;36:*.ra=00;36:*.wav=00;36:*.axa=00;36:*.oga=00;36:*.spx=00;36:*.xspf=00;36:', 'LESSCLOSE': '/usr/bin/lesspipe %s %s', 'SSH_TTY': '/dev/pts/1', 'OLDPWD': '/home/mdas/ros_ws/src', 'PWD': '/home/mdas/ros_ws/src/launchers', 'ROS_ETC_DIR': '/opt/ros/indigo/etc/ros', 'MAIL': '/var/mail/mdas', 'SSH_CONNECTION': '192.168.1.15 43298 192.168.1.113 22'}]
[roslaunch][INFO] 2017-11-08 13:21:47,763: process[rosout-1]: args[[u'/opt/ros/indigo/lib/rosout/rosout', u'__name:=rosout']]
[roslaunch][INFO] 2017-11-08 13:21:47,763: ... created process [rosout-1]
[roslaunch.pmon][INFO] 2017-11-08 13:21:47,765: ProcessMonitor.register[rosout-1]
[roslaunch.pmon][INFO] 2017-11-08 13:21:47,765: ProcessMonitor.register[rosout-1] complete
[roslaunch][INFO] 2017-11-08 13:21:47,765: ... registered process [rosout-1]
[roslaunch][INFO] 2017-11-08 13:21:47,765: process[rosout-1]: starting os process
[roslaunch][INFO] 2017-11-08 13:21:47,765: process[rosout-1]: start w/ args [[u'/opt/ros/indigo/lib/rosout/rosout', u'__name:=rosout', u'__log:=/home/mdas/.ros/log/ae88eae2-c4b1-11e7-b1c4-f44d306c96a4/rosout-1.log']]
[roslaunch][INFO] 2017-11-08 13:21:47,765: process[rosout-1]: cwd will be [/home/mdas/.ros]
[roslaunch][INFO] 2017-11-08 13:21:47,767: process[rosout-1]: started with pid [4053]
[roslaunch][INFO] 2017-11-08 13:21:47,767: ... successfully launched [rosout-1]
[roslaunch][INFO] 2017-11-08 13:21:47,767: load_parameters starting ...
[roslaunch][INFO] 2017-11-08 13:21:47,772: ... load_parameters complete
[roslaunch][INFO] 2017-11-08 13:21:47,772: launch_nodes: launching local nodes ...
[roslaunch][INFO] 2017-11-08 13:21:47,772: ... preparing to launch node of type [sicktoolbox_wrapper/sicklms]
[roslaunch][INFO] 2017-11-08 13:21:47,772: create_node_process: package[sicktoolbox_wrapper] type[sicklms] machine[Machine(name[] env_loader[None] address[localhost] ssh_port[22] user[None] assignable[True] timeout[10.0])] master_uri[http://localhost:11311]
[roslaunch][INFO] 2017-11-08 13:21:47,773: process[base_laser1-2]: env[{'ROS_DISTRO': 'indigo', 'LESSOPEN': '| /usr/bin/lesspipe %s', 'SSH_CLIENT': '192.168.1.15 43298 22', 'CPATH': '/home/mdas/ros_ws/devel/include:/opt/ros/indigo/include', 'LOGNAME': 'mdas', 'USER': 'mdas', 'PATH': '/opt/ros/indigo/bin:/usr/local/sbin:/usr/local/bin:/usr/sbin:/usr/bin:/sbin:/bin:/usr/games:/usr/local/games', 'HOME': '/home/mdas', 'CMAKE_PREFIX_PATH': '/home/mdas/ros_ws/devel:/opt/ros/indigo', 'ROS_LOG_FILENAME': '/home/mdas/.ros/log/ae88eae2-c4b1-11e7-b1c4-f44d306c96a4/roslaunch-mdas-Meerkat-4028.log', 'LANG': 'en_US.UTF-8', 'TERM': 'xterm', 'SHELL': '/bin/bash', 'SHLVL': '1', 'QT_QPA_PLATFORMTHEME': 'appmenu-qt5', 'LD_LIBRARY_PATH': '/home/mdas/ros_ws/devel/lib:/opt/ros/indigo/lib', 'ROS_MASTER_URI': 'http://localhost:11311', 'XDG_RUNTIME_DIR': '/run/user/1000', 'PYTHONPATH': '/home/mdas/ros_ws/devel/lib/python2.7/dist-packages:/opt/ros/indigo/lib/python2.7/dist-packages', 'ROS_ROOT': '/opt/ros/indigo/share/ros', 'PKG_CONFIG_PATH': '/home/mdas/ros_ws/devel/lib/pkgconfig:/opt/ros/indigo/lib/pkgconfig', 'ROS_PACKAGE_PATH': '/home/mdas/ros_ws/src:/opt/ros/indigo/share:/opt/ros/indigo/stacks', 'ROS_WORKSPACE': '/home/mdas/ros_ws', 'XDG_SESSION_ID': '1', '_': '/opt/ros/indigo/bin/roslaunch', 'LS_COLORS': 'rs=0:di=01;34:ln=01;36:mh=00:pi=40;33:so=01;35:do=01;35:bd=40;33;01:cd=40;33;01:or=40;31;01:su=37;41:sg=30;43:ca=30;41:tw=30;42:ow=34;42:st=37;44:ex=01;32:*.tar=01;31:*.tgz=01;31:*.arj=01;31:*.taz=01;31:*.lzh=01;31:*.lzma=01;31:*.tlz=01;31:*.txz=01;31:*.zip=01;31:*.z=01;31:*.Z=01;31:*.dz=01;31:*.gz=01;31:*.lz=01;31:*.xz=01;31:*.bz2=01;31:*.bz=01;31:*.tbz=01;31:*.tbz2=01;31:*.tz=01;31:*.deb=01;31:*.rpm=01;31:*.jar=01;31:*.war=01;31:*.ear=01;31:*.sar=01;31:*.rar=01;31:*.ace=01;31:*.zoo=01;31:*.cpio=01;31:*.7z=01;31:*.rz=01;31:*.jpg=01;35:*.jpeg=01;35:*.gif=01;35:*.bmp=01;35:*.pbm=01;35:*.pgm=01;35:*.ppm=01;35:*.tga=01;35:*.xbm=01;35:*.xpm=01;35:*.tif=01;35:*.tiff=01;35:*.png=01;35:*.svg=01;35:*.svgz=01;35:*.mng=01;35:*.pcx=01;35:*.mov=01;35:*.mpg=01;35:*.mpeg=01;35:*.m2v=01;35:*.mkv=01;35:*.webm=01;35:*.ogm=01;35:*.mp4=01;35:*.m4v=01;35:*.mp4v=01;35:*.vob=01;35:*.qt=01;35:*.nuv=01;35:*.wmv=01;35:*.asf=01;35:*.rm=01;35:*.rmvb=01;35:*.flc=01;35:*.avi=01;35:*.fli=01;35:*.flv=01;35:*.gl=01;35:*.dl=01;35:*.xcf=01;35:*.xwd=01;35:*.yuv=01;35:*.cgm=01;35:*.emf=01;35:*.axv=01;35:*.anx=01;35:*.ogv=01;35:*.ogx=01;35:*.aac=00;36:*.au=00;36:*.flac=00;36:*.mid=00;36:*.midi=00;36:*.mka=00;36:*.mp3=00;36:*.mpc=00;36:*.ogg=00;36:*.ra=00;36:*.wav=00;36:*.axa=00;36:*.oga=00;36:*.spx=00;36:*.xspf=00;36:', 'LESSCLOSE': '/usr/bin/lesspipe %s %s', 'SSH_TTY': '/dev/pts/1', 'OLDPWD': '/home/mdas/ros_ws/src', 'PWD': '/home/mdas/ros_ws/src/launchers', 'ROS_ETC_DIR': '/opt/ros/indigo/etc/ros', 'MAIL': '/var/mail/mdas', 'SSH_CONNECTION': '192.168.1.15 43298 192.168.1.113 22'}]
[roslaunch][INFO] 2017-11-08 13:21:47,773: process[base_laser1-2]: args[[u'/home/mdas/ros_ws/devel/lib/sicktoolbox_wrapper/sicklms', u'scan:=/sensor_msgs/LaserScan', u'__name:=base_laser1']]
[roslaunch][INFO] 2017-11-08 13:21:47,773: ... created process [base_laser1-2]
[roslaunch.pmon][INFO] 2017-11-08 13:21:47,773: ProcessMonitor.register[base_laser1-2]
[roslaunch.pmon][INFO] 2017-11-08 13:21:47,773: ProcessMonitor.register[base_laser1-2] complete
[roslaunch][INFO] 2017-11-08 13:21:47,773: ... registered process [base_laser1-2]
[roslaunch][INFO] 2017-11-08 13:21:47,773: process[base_laser1-2]: starting os process
[roslaunch][INFO] 2017-11-08 13:21:47,774: process[base_laser1-2]: start w/ args [[u'/home/mdas/ros_ws/devel/lib/sicktoolbox_wrapper/sicklms', u'scan:=/sensor_msgs/LaserScan', u'__name:=base_laser1', u'__log:=/home/mdas/.ros/log/ae88eae2-c4b1-11e7-b1c4-f44d306c96a4/base_laser1-2.log']]
[roslaunch][INFO] 2017-11-08 13:21:47,774: process[base_laser1-2]: cwd will be [/home/mdas/.ros]
[roslaunch][INFO] 2017-11-08 13:21:47,775: process[base_laser1-2]: started with pid [4065]
[roslaunch][INFO] 2017-11-08 13:21:47,775: ... successfully launched [base_laser1-2]
[roslaunch][INFO] 2017-11-08 13:21:47,776: ... preparing to launch node of type [usb_cam/usb_cam_node]
[roslaunch][INFO] 2017-11-08 13:21:47,776: create_node_process: package[usb_cam] type[usb_cam_node] machine[Machine(name[] env_loader[None] address[localhost] ssh_port[22] user[None] assignable[True] timeout[10.0])] master_uri[http://localhost:11311]
[roslaunch][INFO] 2017-11-08 13:21:47,776: process[usb_cam_1-3]: env[{'ROS_DISTRO': 'indigo', 'LESSOPEN': '| /usr/bin/lesspipe %s', 'SSH_CLIENT': '192.168.1.15 43298 22', 'CPATH': '/home/mdas/ros_ws/devel/include:/opt/ros/indigo/include', 'LOGNAME': 'mdas', 'USER': 'mdas', 'PATH': '/opt/ros/indigo/bin:/usr/local/sbin:/usr/local/bin:/usr/sbin:/usr/bin:/sbin:/bin:/usr/games:/usr/local/games', 'HOME': '/home/mdas', 'CMAKE_PREFIX_PATH': '/home/mdas/ros_ws/devel:/opt/ros/indigo', 'ROS_LOG_FILENAME': '/home/mdas/.ros/log/ae88eae2-c4b1-11e7-b1c4-f44d306c96a4/roslaunch-mdas-Meerkat-4028.log', 'LANG': 'en_US.UTF-8', 'TERM': 'xterm', 'SHELL': '/bin/bash', 'SHLVL': '1', 'QT_QPA_PLATFORMTHEME': 'appmenu-qt5', 'LD_LIBRARY_PATH': '/home/mdas/ros_ws/devel/lib:/opt/ros/indigo/lib', 'ROS_MASTER_URI': 'http://localhost:11311', 'XDG_RUNTIME_DIR': '/run/user/1000', 'PYTHONPATH': '/home/mdas/ros_ws/devel/lib/python2.7/dist-packages:/opt/ros/indigo/lib/python2.7/dist-packages', 'ROS_ROOT': '/opt/ros/indigo/share/ros', 'PKG_CONFIG_PATH': '/home/mdas/ros_ws/devel/lib/pkgconfig:/opt/ros/indigo/lib/pkgconfig', 'ROS_PACKAGE_PATH': '/home/mdas/ros_ws/src:/opt/ros/indigo/share:/opt/ros/indigo/stacks', 'ROS_WORKSPACE': '/home/mdas/ros_ws', 'XDG_SESSION_ID': '1', '_': '/opt/ros/indigo/bin/roslaunch', 'LS_COLORS': 'rs=0:di=01;34:ln=01;36:mh=00:pi=40;33:so=01;35:do=01;35:bd=40;33;01:cd=40;33;01:or=40;31;01:su=37;41:sg=30;43:ca=30;41:tw=30;42:ow=34;42:st=37;44:ex=01;32:*.tar=01;31:*.tgz=01;31:*.arj=01;31:*.taz=01;31:*.lzh=01;31:*.lzma=01;31:*.tlz=01;31:*.txz=01;31:*.zip=01;31:*.z=01;31:*.Z=01;31:*.dz=01;31:*.gz=01;31:*.lz=01;31:*.xz=01;31:*.bz2=01;31:*.bz=01;31:*.tbz=01;31:*.tbz2=01;31:*.tz=01;31:*.deb=01;31:*.rpm=01;31:*.jar=01;31:*.war=01;31:*.ear=01;31:*.sar=01;31:*.rar=01;31:*.ace=01;31:*.zoo=01;31:*.cpio=01;31:*.7z=01;31:*.rz=01;31:*.jpg=01;35:*.jpeg=01;35:*.gif=01;35:*.bmp=01;35:*.pbm=01;35:*.pgm=01;35:*.ppm=01;35:*.tga=01;35:*.xbm=01;35:*.xpm=01;35:*.tif=01;35:*.tiff=01;35:*.png=01;35:*.svg=01;35:*.svgz=01;35:*.mng=01;35:*.pcx=01;35:*.mov=01;35:*.mpg=01;35:*.mpeg=01;35:*.m2v=01;35:*.mkv=01;35:*.webm=01;35:*.ogm=01;35:*.mp4=01;35:*.m4v=01;35:*.mp4v=01;35:*.vob=01;35:*.qt=01;35:*.nuv=01;35:*.wmv=01;35:*.asf=01;35:*.rm=01;35:*.rmvb=01;35:*.flc=01;35:*.avi=01;35:*.fli=01;35:*.flv=01;35:*.gl=01;35:*.dl=01;35:*.xcf=01;35:*.xwd=01;35:*.yuv=01;35:*.cgm=01;35:*.emf=01;35:*.axv=01;35:*.anx=01;35:*.ogv=01;35:*.ogx=01;35:*.aac=00;36:*.au=00;36:*.flac=00;36:*.mid=00;36:*.midi=00;36:*.mka=00;36:*.mp3=00;36:*.mpc=00;36:*.ogg=00;36:*.ra=00;36:*.wav=00;36:*.axa=00;36:*.oga=00;36:*.spx=00;36:*.xspf=00;36:', 'LESSCLOSE': '/usr/bin/lesspipe %s %s', 'SSH_TTY': '/dev/pts/1', 'OLDPWD': '/home/mdas/ros_ws/src', 'PWD': '/home/mdas/ros_ws/src/launchers', 'ROS_ETC_DIR': '/opt/ros/indigo/etc/ros', 'MAIL': '/var/mail/mdas', 'SSH_CONNECTION': '192.168.1.15 43298 192.168.1.113 22'}]
[roslaunch][INFO] 2017-11-08 13:21:47,776: process[usb_cam_1-3]: args[[u'/home/mdas/ros_ws/devel/lib/usb_cam/usb_cam_node', u'__name:=usb_cam_1']]
[roslaunch][INFO] 2017-11-08 13:21:47,777: ... created process [usb_cam_1-3]
[roslaunch.pmon][INFO] 2017-11-08 13:21:47,777: ProcessMonitor.register[usb_cam_1-3]
[roslaunch.pmon][INFO] 2017-11-08 13:21:47,777: ProcessMonitor.register[usb_cam_1-3] complete
[roslaunch][INFO] 2017-11-08 13:21:47,777: ... registered process [usb_cam_1-3]
[roslaunch][INFO] 2017-11-08 13:21:47,777: process[usb_cam_1-3]: starting os process
[roslaunch][INFO] 2017-11-08 13:21:47,777: process[usb_cam_1-3]: start w/ args [[u'/home/mdas/ros_ws/devel/lib/usb_cam/usb_cam_node', u'__name:=usb_cam_1', u'__log:=/home/mdas/.ros/log/ae88eae2-c4b1-11e7-b1c4-f44d306c96a4/usb_cam_1-3.log']]
[roslaunch][INFO] 2017-11-08 13:21:47,777: process[usb_cam_1-3]: cwd will be [/home/mdas/.ros]
[roslaunch][INFO] 2017-11-08 13:21:47,778: process[usb_cam_1-3]: started with pid [4071]
[roslaunch][INFO] 2017-11-08 13:21:47,779: ... successfully launched [usb_cam_1-3]
[roslaunch][INFO] 2017-11-08 13:21:47,779: ... preparing to launch node of type [novatel/novatel_node]
[roslaunch][INFO] 2017-11-08 13:21:47,779: create_node_process: package[novatel] type[novatel_node] machine[Machine(name[] env_loader[None] address[localhost] ssh_port[22] user[None] assignable[True] timeout[10.0])] master_uri[http://localhost:11311]
[roslaunch][INFO] 2017-11-08 13:21:47,779: process[novatel_node-4]: env[{'ROS_DISTRO': 'indigo', 'LESSOPEN': '| /usr/bin/lesspipe %s', 'SSH_CLIENT': '192.168.1.15 43298 22', 'CPATH': '/home/mdas/ros_ws/devel/include:/opt/ros/indigo/include', 'LOGNAME': 'mdas', 'USER': 'mdas', 'PATH': '/opt/ros/indigo/bin:/usr/local/sbin:/usr/local/bin:/usr/sbin:/usr/bin:/sbin:/bin:/usr/games:/usr/local/games', 'HOME': '/home/mdas', 'CMAKE_PREFIX_PATH': '/home/mdas/ros_ws/devel:/opt/ros/indigo', 'ROS_LOG_FILENAME': '/home/mdas/.ros/log/ae88eae2-c4b1-11e7-b1c4-f44d306c96a4/roslaunch-mdas-Meerkat-4028.log', 'LANG': 'en_US.UTF-8', 'TERM': 'xterm', 'SHELL': '/bin/bash', 'SHLVL': '1', 'QT_QPA_PLATFORMTHEME': 'appmenu-qt5', 'LD_LIBRARY_PATH': '/home/mdas/ros_ws/devel/lib:/opt/ros/indigo/lib', 'ROS_MASTER_URI': 'http://localhost:11311', 'XDG_RUNTIME_DIR': '/run/user/1000', 'PYTHONPATH': '/home/mdas/ros_ws/devel/lib/python2.7/dist-packages:/opt/ros/indigo/lib/python2.7/dist-packages', 'ROS_ROOT': '/opt/ros/indigo/share/ros', 'PKG_CONFIG_PATH': '/home/mdas/ros_ws/devel/lib/pkgconfig:/opt/ros/indigo/lib/pkgconfig', 'ROS_PACKAGE_PATH': '/home/mdas/ros_ws/src:/opt/ros/indigo/share:/opt/ros/indigo/stacks', 'ROS_WORKSPACE': '/home/mdas/ros_ws', 'XDG_SESSION_ID': '1', '_': '/opt/ros/indigo/bin/roslaunch', 'LS_COLORS': 'rs=0:di=01;34:ln=01;36:mh=00:pi=40;33:so=01;35:do=01;35:bd=40;33;01:cd=40;33;01:or=40;31;01:su=37;41:sg=30;43:ca=30;41:tw=30;42:ow=34;42:st=37;44:ex=01;32:*.tar=01;31:*.tgz=01;31:*.arj=01;31:*.taz=01;31:*.lzh=01;31:*.lzma=01;31:*.tlz=01;31:*.txz=01;31:*.zip=01;31:*.z=01;31:*.Z=01;31:*.dz=01;31:*.gz=01;31:*.lz=01;31:*.xz=01;31:*.bz2=01;31:*.bz=01;31:*.tbz=01;31:*.tbz2=01;31:*.tz=01;31:*.deb=01;31:*.rpm=01;31:*.jar=01;31:*.war=01;31:*.ear=01;31:*.sar=01;31:*.rar=01;31:*.ace=01;31:*.zoo=01;31:*.cpio=01;31:*.7z=01;31:*.rz=01;31:*.jpg=01;35:*.jpeg=01;35:*.gif=01;35:*.bmp=01;35:*.pbm=01;35:*.pgm=01;35:*.ppm=01;35:*.tga=01;35:*.xbm=01;35:*.xpm=01;35:*.tif=01;35:*.tiff=01;35:*.png=01;35:*.svg=01;35:*.svgz=01;35:*.mng=01;35:*.pcx=01;35:*.mov=01;35:*.mpg=01;35:*.mpeg=01;35:*.m2v=01;35:*.mkv=01;35:*.webm=01;35:*.ogm=01;35:*.mp4=01;35:*.m4v=01;35:*.mp4v=01;35:*.vob=01;35:*.qt=01;35:*.nuv=01;35:*.wmv=01;35:*.asf=01;35:*.rm=01;35:*.rmvb=01;35:*.flc=01;35:*.avi=01;35:*.fli=01;35:*.flv=01;35:*.gl=01;35:*.dl=01;35:*.xcf=01;35:*.xwd=01;35:*.yuv=01;35:*.cgm=01;35:*.emf=01;35:*.axv=01;35:*.anx=01;35:*.ogv=01;35:*.ogx=01;35:*.aac=00;36:*.au=00;36:*.flac=00;36:*.mid=00;36:*.midi=00;36:*.mka=00;36:*.mp3=00;36:*.mpc=00;36:*.ogg=00;36:*.ra=00;36:*.wav=00;36:*.axa=00;36:*.oga=00;36:*.spx=00;36:*.xspf=00;36:', 'LESSCLOSE': '/usr/bin/lesspipe %s %s', 'SSH_TTY': '/dev/pts/1', 'OLDPWD': '/home/mdas/ros_ws/src', 'PWD': '/home/mdas/ros_ws/src/launchers', 'ROS_ETC_DIR': '/opt/ros/indigo/etc/ros', 'MAIL': '/var/mail/mdas', 'SSH_CONNECTION': '192.168.1.15 43298 192.168.1.113 22'}]
[roslaunch][INFO] 2017-11-08 13:21:47,780: process[novatel_node-4]: args[[u'/home/mdas/ros_ws/devel/lib/novatel/novatel_node', u'__name:=novatel_node']]
[roslaunch][INFO] 2017-11-08 13:21:47,781: ... created process [novatel_node-4]
[roslaunch.pmon][INFO] 2017-11-08 13:21:47,781: ProcessMonitor.register[novatel_node-4]
[roslaunch.pmon][INFO] 2017-11-08 13:21:47,781: ProcessMonitor.register[novatel_node-4] complete
[roslaunch][INFO] 2017-11-08 13:21:47,781: ... registered process [novatel_node-4]
[roslaunch][INFO] 2017-11-08 13:21:47,781: process[novatel_node-4]: starting os process
[roslaunch][INFO] 2017-11-08 13:21:47,781: process[novatel_node-4]: start w/ args [[u'/home/mdas/ros_ws/devel/lib/novatel/novatel_node', u'__name:=novatel_node', u'__log:=/home/mdas/.ros/log/ae88eae2-c4b1-11e7-b1c4-f44d306c96a4/novatel_node-4.log']]
[roslaunch][INFO] 2017-11-08 13:21:47,781: process[novatel_node-4]: cwd will be [/home/mdas/.ros]
[roslaunch][INFO] 2017-11-08 13:21:47,783: process[novatel_node-4]: started with pid [4077]
[roslaunch][INFO] 2017-11-08 13:21:47,783: ... successfully launched [novatel_node-4]
[roslaunch][INFO] 2017-11-08 13:21:47,784: ... launch_nodes complete
[roslaunch.pmon][INFO] 2017-11-08 13:21:47,784: registrations completed <ProcessMonitor(ProcessMonitor-1, started daemon 140475890018048)>
[roslaunch.parent][INFO] 2017-11-08 13:21:47,784: ... roslaunch parent running, waiting for process exit
[roslaunch][INFO] 2017-11-08 13:21:47,784: spin
[roslaunch][ERROR] 2017-11-08 13:21:48,196: [usb_cam_1-3] process has died [pid 4071, exit code 1, cmd /home/mdas/ros_ws/devel/lib/usb_cam/usb_cam_node __name:=usb_cam_1 __log:=/home/mdas/.ros/log/ae88eae2-c4b1-11e7-b1c4-f44d306c96a4/usb_cam_1-3.log].
log file: /home/mdas/.ros/log/ae88eae2-c4b1-11e7-b1c4-f44d306c96a4/usb_cam_1-3*.log
[roslaunch.pmon][INFO] 2017-11-08 13:21:48,196: ProcessMonitor.unregister[usb_cam_1-3] starting
[roslaunch.pmon][INFO] 2017-11-08 13:21:48,197: ProcessMonitor.unregister[usb_cam_1-3] complete
[roslaunch.pmon][INFO] 2017-11-08 13:23:06,580: ProcessMonitor.shutdown <ProcessMonitor(ProcessMonitor-1, started daemon 140475890018048)>
[roslaunch.pmon][INFO] 2017-11-08 13:23:06,678: ProcessMonitor._post_run <ProcessMonitor(ProcessMonitor-1, started daemon 140475890018048)>
[roslaunch.pmon][INFO] 2017-11-08 13:23:06,678: ProcessMonitor._post_run <ProcessMonitor(ProcessMonitor-1, started daemon 140475890018048)>: remaining procs are [<roslaunch.nodeprocess.LocalProcess object at 0x7fc317a68a50>, <roslaunch.nodeprocess.LocalProcess object at 0x7fc317ac50d0>, <roslaunch.nodeprocess.LocalProcess object at 0x7fc317a8cf10>, <roslaunch.nodeprocess.LocalProcess object at 0x7fc317af0090>]
[roslaunch.pmon][INFO] 2017-11-08 13:23:06,679: ProcessMonitor exit: killing novatel_node-4
[roslaunch.pmon][INFO] 2017-11-08 13:23:06,680: ProcessMonitor exit: killing base_laser1-2
[roslaunch][INFO] 2017-11-08 13:23:06,680: [novatel_node-4] killing on exit
[roslaunch][INFO] 2017-11-08 13:23:06,681: [base_laser1-2] killing on exit
[roslaunch][INFO] 2017-11-08 13:23:06,682: process[novatel_node-4]: killing os process with pid[4077] pgid[4077]
[roslaunch][INFO] 2017-11-08 13:23:06,682: [novatel_node-4] sending SIGINT to pgid [4077]
[roslaunch][INFO] 2017-11-08 13:23:06,682: process[base_laser1-2]: killing os process with pid[4065] pgid[4065]
[roslaunch][INFO] 2017-11-08 13:23:06,683: [novatel_node-4] sent SIGINT to pgid [4077]
[roslaunch][INFO] 2017-11-08 13:23:06,684: [base_laser1-2] sending SIGINT to pgid [4065]
[roslaunch][INFO] 2017-11-08 13:23:06,685: [base_laser1-2] sent SIGINT to pgid [4065]
[roslaunch][INFO] 2017-11-08 13:23:07,185: process[novatel_node-4]: SIGINT killed with return value 0
[roslaunch][INFO] 2017-11-08 13:23:07,386: process[base_laser1-2]: SIGINT killed with return value 0
[roslaunch.pmon][INFO] 2017-11-08 13:23:07,387: ProcessMonitor exit: killing rosout-1
[roslaunch][INFO] 2017-11-08 13:23:07,388: [rosout-1] killing on exit
[roslaunch][INFO] 2017-11-08 13:23:07,388: process[rosout-1]: killing os process with pid[4053] pgid[4053]
[roslaunch][INFO] 2017-11-08 13:23:07,388: [rosout-1] sending SIGINT to pgid [4053]
[roslaunch][INFO] 2017-11-08 13:23:07,388: [rosout-1] sent SIGINT to pgid [4053]
[roslaunch][INFO] 2017-11-08 13:23:07,589: process[rosout-1]: SIGINT killed with return value 0
[roslaunch.pmon][INFO] 2017-11-08 13:23:07,589: ProcessMonitor exit: killing master
[roslaunch][INFO] 2017-11-08 13:23:07,589: [master] killing on exit
[roslaunch][INFO] 2017-11-08 13:23:07,589: process[master]: killing os process with pid[4040] pgid[4040]
[roslaunch][INFO] 2017-11-08 13:23:07,590: [master] sending SIGINT to pgid [4040]
[roslaunch][INFO] 2017-11-08 13:23:07,590: [master] sent SIGINT to pgid [4040]
[roslaunch][INFO] 2017-11-08 13:23:07,790: process[master]: SIGINT killed with return value 0
[roslaunch.pmon][INFO] 2017-11-08 13:23:07,791: ProcessMonitor exit: cleaning up data structures and signals
[roslaunch.pmon][INFO] 2017-11-08 13:23:07,791: ProcessMonitor exit: pmon has shutdown
[roslaunch][INFO] 2017-11-08 13:23:07,798: process monitor is done spinning, initiating full shutdown
[roslaunch][INFO] 2017-11-08 13:23:07,798: runner.stop()
[roslaunch][INFO] 2017-11-08 13:23:07,799: shutting down processing monitor...
[roslaunch][INFO] 2017-11-08 13:23:07,799: shutting down processing monitor <ProcessMonitor(ProcessMonitor-1, stopped daemon 140475890018048)>
[roslaunch.pmon][INFO] 2017-11-08 13:23:07,799: ProcessMonitor.shutdown <ProcessMonitor(ProcessMonitor-1, stopped daemon 140475890018048)>
[roslaunch][INFO] 2017-11-08 13:23:07,800: ... shutting down processing monitor complete
[roslaunch][INFO] 2017-11-08 13:23:07,800: done
[roslaunch.pmon][INFO] 2017-11-08 13:23:07,800: ProcessMonitor.shutdown <ProcessMonitor(ProcessMonitor-1, stopped daemon 140475890018048)>
[rospy.core][INFO] 2017-11-08 13:23:07,801: signal_shutdown [atexit]
