[roslaunch][INFO] 2017-11-03 16:11:05,922: Checking log directory for disk usage. This may take awhile.
Press Ctrl-C to interrupt
[roslaunch][INFO] 2017-11-03 16:11:05,924: Done checking log file disk usage. Usage is <1GB.
[roslaunch][INFO] 2017-11-03 16:11:05,925: roslaunch starting with args ['/opt/ros/indigo/bin/roslaunch', 'launchers', 'full_launch.launch']
[roslaunch][INFO] 2017-11-03 16:11:05,925: roslaunch env is {'MANDATORY_PATH': '/usr/share/gconf/ubuntu.mandatory.path', 'ROS_DISTRO': 'indigo', 'ROS_LOG_FILENAME': '/home/mdas/.ros/log/1f9b1cce-c0d3-11e7-8b16-f44d306c96a4/roslaunch-mdas-Meerkat-21692.log', 'XDG_GREETER_DATA_DIR': '/var/lib/lightdm-data/mdas', 'GNOME_DESKTOP_SESSION_ID': 'this-is-deprecated', 'XDG_CURRENT_DESKTOP': 'Unity', 'LESSOPEN': '| /usr/bin/lesspipe %s', 'PKG_CONFIG_PATH': '/home/mdas/ros_ws/devel/lib/pkgconfig:/opt/ros/indigo/lib/pkgconfig', 'CPATH': '/home/mdas/ros_ws/devel/include:/opt/ros/indigo/include', 'LOGNAME': 'mdas', 'WINDOWID': '18874379', 'PATH': '/opt/ros/indigo/bin:/usr/local/sbin:/usr/local/bin:/usr/sbin:/usr/bin:/sbin:/bin:/usr/games:/usr/local/games', 'XDG_VTNR': '7', 'GNOME_KEYRING_CONTROL': '/run/user/1000/keyring-3R8fQe', 'CMAKE_PREFIX_PATH': '/home/mdas/ros_ws/devel:/opt/ros/indigo', 'LD_LIBRARY_PATH': '/home/mdas/ros_ws/devel/lib:/opt/ros/indigo/lib', 'LANG': 'en_US.UTF-8', 'TERM': 'xterm', 'SHELL': '/bin/bash', 'XDG_SESSION_PATH': '/org/freedesktop/DisplayManager/Session0', 'XAUTHORITY': '/home/mdas/.Xauthority', 'LANGUAGE': 'en_US', 'SESSION_MANAGER': 'local/mdas-Meerkat:@/tmp/.ICE-unix/1895,unix/mdas-Meerkat:/tmp/.ICE-unix/1895', 'SHLVL': '1', 'LESSCLOSE': '/usr/bin/lesspipe %s %s', 'QT_QPA_PLATFORMTHEME': 'appmenu-qt5', 'JOB': 'dbus', 'TEXTDOMAIN': 'im-config', 'QT4_IM_MODULE': 'xim', 'CLUTTER_IM_MODULE': 'xim', 'SESSION': 'ubuntu', 'SESSIONTYPE': 'gnome-session', 'XMODIFIERS': '@im=ibus', 'ROS_ETC_DIR': '/opt/ros/indigo/etc/ros', 'GPG_AGENT_INFO': '/run/user/1000/keyring-3R8fQe/gpg:0:1', 'HOME': '/home/mdas', 'SELINUX_INIT': 'YES', 'COMPIZ_BIN_PATH': '/usr/bin/', 'XDG_RUNTIME_DIR': '/run/user/1000', 'INSTANCE': '', 'PYTHONPATH': '/home/mdas/ros_ws/devel/lib/python2.7/dist-packages:/opt/ros/indigo/lib/python2.7/dist-packages', 'COMPIZ_CONFIG_PROFILE': 'ubuntu', 'SSH_AUTH_SOCK': '/run/user/1000/keyring-3R8fQe/ssh', 'VTE_VERSION': '3409', 'ROS_ROOT': '/opt/ros/indigo/share/ros', 'GDMSESSION': 'ubuntu', 'IM_CONFIG_PHASE': '1', 'TEXTDOMAINDIR': '/usr/share/locale/', 'GNOME_KEYRING_PID': '1740', 'XDG_SEAT_PATH': '/org/freedesktop/DisplayManager/Seat0', 'ROS_PACKAGE_PATH': '/home/mdas/ros_ws/src:/opt/ros/indigo/share:/opt/ros/indigo/stacks', 'ROS_WORKSPACE': '/home/mdas/ros_ws', 'XDG_SESSION_ID': 'c2', 'DBUS_SESSION_BUS_ADDRESS': 'unix:abstract=/tmp/dbus-pWUC31J2VO', '_': '/opt/ros/indigo/bin/roslaunch', 'DEFAULTS_PATH': '/usr/share/gconf/ubuntu.default.path', 'GTK_IM_MODULE': 'ibus', 'DESKTOP_SESSION': 'ubuntu', 'UPSTART_SESSION': 'unix:abstract=/com/ubuntu/upstart-session/1000/1742', 'XDG_CONFIG_DIRS': '/etc/xdg/xdg-ubuntu:/usr/share/upstart/xdg:/etc/xdg', 'GTK_MODULES': 'overlay-scrollbar:unity-gtk-module', 'XDG_SEAT': 'seat0', 'OLDPWD': '/home/mdas', 'GDM_LANG': 'en_US', 'XDG_DATA_DIRS': '/usr/share/ubuntu:/usr/share/gnome:/usr/local/share/:/usr/share/', 'PWD': '/home/mdas/ros_ws', 'QT_IM_MODULE': 'ibus', 'ROS_MASTER_URI': 'http://localhost:11311', 'COLORTERM': 'gnome-terminal', 'DISPLAY': ':0', 'XDG_MENU_PREFIX': 'gnome-', 'LS_COLORS': 'rs=0:di=01;34:ln=01;36:mh=00:pi=40;33:so=01;35:do=01;35:bd=40;33;01:cd=40;33;01:or=40;31;01:su=37;41:sg=30;43:ca=30;41:tw=30;42:ow=34;42:st=37;44:ex=01;32:*.tar=01;31:*.tgz=01;31:*.arj=01;31:*.taz=01;31:*.lzh=01;31:*.lzma=01;31:*.tlz=01;31:*.txz=01;31:*.zip=01;31:*.z=01;31:*.Z=01;31:*.dz=01;31:*.gz=01;31:*.lz=01;31:*.xz=01;31:*.bz2=01;31:*.bz=01;31:*.tbz=01;31:*.tbz2=01;31:*.tz=01;31:*.deb=01;31:*.rpm=01;31:*.jar=01;31:*.war=01;31:*.ear=01;31:*.sar=01;31:*.rar=01;31:*.ace=01;31:*.zoo=01;31:*.cpio=01;31:*.7z=01;31:*.rz=01;31:*.jpg=01;35:*.jpeg=01;35:*.gif=01;35:*.bmp=01;35:*.pbm=01;35:*.pgm=01;35:*.ppm=01;35:*.tga=01;35:*.xbm=01;35:*.xpm=01;35:*.tif=01;35:*.tiff=01;35:*.png=01;35:*.svg=01;35:*.svgz=01;35:*.mng=01;35:*.pcx=01;35:*.mov=01;35:*.mpg=01;35:*.mpeg=01;35:*.m2v=01;35:*.mkv=01;35:*.webm=01;35:*.ogm=01;35:*.mp4=01;35:*.m4v=01;35:*.mp4v=01;35:*.vob=01;35:*.qt=01;35:*.nuv=01;35:*.wmv=01;35:*.asf=01;35:*.rm=01;35:*.rmvb=01;35:*.flc=01;35:*.avi=01;35:*.fli=01;35:*.flv=01;35:*.gl=01;35:*.dl=01;35:*.xcf=01;35:*.xwd=01;35:*.yuv=01;35:*.cgm=01;35:*.emf=01;35:*.axv=01;35:*.anx=01;35:*.ogv=01;35:*.ogx=01;35:*.aac=00;36:*.au=00;36:*.flac=00;36:*.mid=00;36:*.midi=00;36:*.mka=00;36:*.mp3=00;36:*.mpc=00;36:*.ogg=00;36:*.ra=00;36:*.wav=00;36:*.axa=00;36:*.oga=00;36:*.spx=00;36:*.xspf=00;36:', 'USER': 'mdas'}
[roslaunch][INFO] 2017-11-03 16:11:05,925: starting in server mode
[roslaunch.parent][INFO] 2017-11-03 16:11:05,925: starting roslaunch parent run
[roslaunch][INFO] 2017-11-03 16:11:05,925: loading roscore config file /opt/ros/indigo/etc/ros/roscore.xml
[roslaunch][INFO] 2017-11-03 16:11:05,990: Added core node of type [rosout/rosout] in namespace [/]
[roslaunch.config][INFO] 2017-11-03 16:11:05,990: loading config file /home/mdas/ros_ws/src/launchers/full_launch.launch
[roslaunch][INFO] 2017-11-03 16:11:06,039: Added node of type [sicktoolbox_wrapper/sicklms] in namespace [/]
[roslaunch][INFO] 2017-11-03 16:11:06,040: Added node of type [novatel/novatel_node] in namespace [/]
[roslaunch][INFO] 2017-11-03 16:11:06,040: ... selected machine [] for node of type [sicktoolbox_wrapper/sicklms]
[roslaunch][INFO] 2017-11-03 16:11:06,040: ... selected machine [] for node of type [novatel/novatel_node]
[roslaunch.pmon][INFO] 2017-11-03 16:11:06,041: start_process_monitor: creating ProcessMonitor
[roslaunch.pmon][INFO] 2017-11-03 16:11:06,041: created process monitor <ProcessMonitor(ProcessMonitor-1, initial daemon)>
[roslaunch.pmon][INFO] 2017-11-03 16:11:06,041: start_process_monitor: ProcessMonitor started
[roslaunch.parent][INFO] 2017-11-03 16:11:06,041: starting parent XML-RPC server
[roslaunch.server][INFO] 2017-11-03 16:11:06,041: starting roslaunch XML-RPC server
[roslaunch.server][INFO] 2017-11-03 16:11:06,041: waiting for roslaunch XML-RPC server to initialize
[xmlrpc][INFO] 2017-11-03 16:11:06,041: XML-RPC server binding to 0.0.0.0:0
[xmlrpc][INFO] 2017-11-03 16:11:06,041: Started XML-RPC server [http://mdas-Meerkat:38275/]
[xmlrpc][INFO] 2017-11-03 16:11:06,041: xml rpc node: starting XML-RPC server
[roslaunch][INFO] 2017-11-03 16:11:06,053: started roslaunch server http://mdas-Meerkat:38275/
[roslaunch.parent][INFO] 2017-11-03 16:11:06,053: ... parent XML-RPC server started
[roslaunch][INFO] 2017-11-03 16:11:06,053: master.is_running[http://localhost:11311]
[roslaunch][INFO] 2017-11-03 16:11:06,053: auto-starting new master
[roslaunch][INFO] 2017-11-03 16:11:06,053: create_master_process: rosmaster, /opt/ros/indigo/share/ros, 11311, 3, None
[roslaunch][INFO] 2017-11-03 16:11:06,053: process[master]: launching with args [['rosmaster', '--core', '-p', '11311', '-w', '3']]
[roslaunch.pmon][INFO] 2017-11-03 16:11:06,054: ProcessMonitor.register[master]
[roslaunch.pmon][INFO] 2017-11-03 16:11:06,054: ProcessMonitor.register[master] complete
[roslaunch][INFO] 2017-11-03 16:11:06,054: process[master]: starting os process
[roslaunch][INFO] 2017-11-03 16:11:06,054: process[master]: start w/ args [['rosmaster', '--core', '-p', '11311', '-w', '3', '__log:=/home/mdas/.ros/log/1f9b1cce-c0d3-11e7-8b16-f44d306c96a4/master.log']]
[roslaunch][INFO] 2017-11-03 16:11:06,054: process[master]: cwd will be [/home/mdas/.ros]
[roslaunch][INFO] 2017-11-03 16:11:06,055: process[master]: started with pid [21704]
[roslaunch][INFO] 2017-11-03 16:11:06,056: master.is_running[http://localhost:11311]
[roslaunch][INFO] 2017-11-03 16:11:06,156: master.is_running[http://localhost:11311]
[roslaunch][INFO] 2017-11-03 16:11:06,158: master.is_running[http://localhost:11311]
[roslaunch][INFO] 2017-11-03 16:11:06,159: ROS_MASTER_URI=http://localhost:11311
[roslaunch][INFO] 2017-11-03 16:11:06,159: setting /run_id to 1f9b1cce-c0d3-11e7-8b16-f44d306c96a4
[roslaunch][INFO] 2017-11-03 16:11:06,160: setting /roslaunch/uris/host_mdas_meerkat__38275' to http://mdas-Meerkat:38275/
[roslaunch][INFO] 2017-11-03 16:11:06,161: ... preparing to launch node of type [rosout/rosout]
[roslaunch][INFO] 2017-11-03 16:11:06,162: create_node_process: package[rosout] type[rosout] machine[Machine(name[] env_loader[None] address[localhost] ssh_port[22] user[None] assignable[True] timeout[10.0])] master_uri[http://localhost:11311]
[roslaunch][INFO] 2017-11-03 16:11:06,162: process[rosout-1]: env[{'QT_QPA_PLATFORMTHEME': 'appmenu-qt5', 'ROS_DISTRO': 'indigo', 'XDG_GREETER_DATA_DIR': '/var/lib/lightdm-data/mdas', 'GNOME_DESKTOP_SESSION_ID': 'this-is-deprecated', 'XDG_CURRENT_DESKTOP': 'Unity', 'XDG_SEAT_PATH': '/org/freedesktop/DisplayManager/Seat0', 'CPATH': '/home/mdas/ros_ws/devel/include:/opt/ros/indigo/include', 'LOGNAME': 'mdas', 'XDG_SEAT': 'seat0', 'PATH': '/opt/ros/indigo/bin:/usr/local/sbin:/usr/local/bin:/usr/sbin:/usr/bin:/sbin:/bin:/usr/games:/usr/local/games', 'XDG_VTNR': '7', 'GNOME_KEYRING_CONTROL': '/run/user/1000/keyring-3R8fQe', 'CMAKE_PREFIX_PATH': '/home/mdas/ros_ws/devel:/opt/ros/indigo', 'LD_LIBRARY_PATH': '/home/mdas/ros_ws/devel/lib:/opt/ros/indigo/lib', 'LANG': 'en_US.UTF-8', 'TERM': 'xterm', 'SHELL': '/bin/bash', 'XDG_SESSION_PATH': '/org/freedesktop/DisplayManager/Session0', 'XAUTHORITY': '/home/mdas/.Xauthority', 'LANGUAGE': 'en_US', 'SESSION_MANAGER': 'local/mdas-Meerkat:@/tmp/.ICE-unix/1895,unix/mdas-Meerkat:/tmp/.ICE-unix/1895', 'SHLVL': '1', 'MANDATORY_PATH': '/usr/share/gconf/ubuntu.mandatory.path', 'CLUTTER_IM_MODULE': 'xim', 'ROS_LOG_FILENAME': '/home/mdas/.ros/log/1f9b1cce-c0d3-11e7-8b16-f44d306c96a4/roslaunch-mdas-Meerkat-21692.log', 'TEXTDOMAIN': 'im-config', 'JOB': 'dbus', 'WINDOWID': '18874379', 'SESSIONTYPE': 'gnome-session', 'XMODIFIERS': '@im=ibus', 'ROS_MASTER_URI': 'http://localhost:11311', 'GPG_AGENT_INFO': '/run/user/1000/keyring-3R8fQe/gpg:0:1', 'HOME': '/home/mdas', 'QT4_IM_MODULE': 'xim', 'SELINUX_INIT': 'YES', 'SSH_AUTH_SOCK': '/run/user/1000/keyring-3R8fQe/ssh', 'XDG_RUNTIME_DIR': '/run/user/1000', 'GTK_IM_MODULE': 'ibus', 'PYTHONPATH': '/home/mdas/ros_ws/devel/lib/python2.7/dist-packages:/opt/ros/indigo/lib/python2.7/dist-packages', 'COMPIZ_CONFIG_PROFILE': 'ubuntu', 'COMPIZ_BIN_PATH': '/usr/bin/', 'VTE_VERSION': '3409', 'ROS_ROOT': '/opt/ros/indigo/share/ros', 'GDMSESSION': 'ubuntu', 'IM_CONFIG_PHASE': '1', 'TEXTDOMAINDIR': '/usr/share/locale/', 'XDG_DATA_DIRS': '/usr/share/ubuntu:/usr/share/gnome:/usr/local/share/:/usr/share/', 'PKG_CONFIG_PATH': '/home/mdas/ros_ws/devel/lib/pkgconfig:/opt/ros/indigo/lib/pkgconfig', 'ROS_PACKAGE_PATH': '/home/mdas/ros_ws/src:/opt/ros/indigo/share:/opt/ros/indigo/stacks', 'LESSOPEN': '| /usr/bin/lesspipe %s', 'XDG_SESSION_ID': 'c2', 'DBUS_SESSION_BUS_ADDRESS': 'unix:abstract=/tmp/dbus-pWUC31J2VO', '_': '/opt/ros/indigo/bin/roslaunch', 'DEFAULTS_PATH': '/usr/share/gconf/ubuntu.default.path', 'SESSION': 'ubuntu', 'DESKTOP_SESSION': 'ubuntu', 'UPSTART_SESSION': 'unix:abstract=/com/ubuntu/upstart-session/1000/1742', 'LESSCLOSE': '/usr/bin/lesspipe %s %s', 'GNOME_KEYRING_PID': '1740', 'OLDPWD': '/home/mdas', 'LS_COLORS': 'rs=0:di=01;34:ln=01;36:mh=00:pi=40;33:so=01;35:do=01;35:bd=40;33;01:cd=40;33;01:or=40;31;01:su=37;41:sg=30;43:ca=30;41:tw=30;42:ow=34;42:st=37;44:ex=01;32:*.tar=01;31:*.tgz=01;31:*.arj=01;31:*.taz=01;31:*.lzh=01;31:*.lzma=01;31:*.tlz=01;31:*.txz=01;31:*.zip=01;31:*.z=01;31:*.Z=01;31:*.dz=01;31:*.gz=01;31:*.lz=01;31:*.xz=01;31:*.bz2=01;31:*.bz=01;31:*.tbz=01;31:*.tbz2=01;31:*.tz=01;31:*.deb=01;31:*.rpm=01;31:*.jar=01;31:*.war=01;31:*.ear=01;31:*.sar=01;31:*.rar=01;31:*.ace=01;31:*.zoo=01;31:*.cpio=01;31:*.7z=01;31:*.rz=01;31:*.jpg=01;35:*.jpeg=01;35:*.gif=01;35:*.bmp=01;35:*.pbm=01;35:*.pgm=01;35:*.ppm=01;35:*.tga=01;35:*.xbm=01;35:*.xpm=01;35:*.tif=01;35:*.tiff=01;35:*.png=01;35:*.svg=01;35:*.svgz=01;35:*.mng=01;35:*.pcx=01;35:*.mov=01;35:*.mpg=01;35:*.mpeg=01;35:*.m2v=01;35:*.mkv=01;35:*.webm=01;35:*.ogm=01;35:*.mp4=01;35:*.m4v=01;35:*.mp4v=01;35:*.vob=01;35:*.qt=01;35:*.nuv=01;35:*.wmv=01;35:*.asf=01;35:*.rm=01;35:*.rmvb=01;35:*.flc=01;35:*.avi=01;35:*.fli=01;35:*.flv=01;35:*.gl=01;35:*.dl=01;35:*.xcf=01;35:*.xwd=01;35:*.yuv=01;35:*.cgm=01;35:*.emf=01;35:*.axv=01;35:*.anx=01;35:*.ogv=01;35:*.ogx=01;35:*.aac=00;36:*.au=00;36:*.flac=00;36:*.mid=00;36:*.midi=00;36:*.mka=00;36:*.mp3=00;36:*.mpc=00;36:*.ogg=00;36:*.ra=00;36:*.wav=00;36:*.axa=00;36:*.oga=00;36:*.spx=00;36:*.xspf=00;36:', 'GDM_LANG': 'en_US', 'GTK_MODULES': 'overlay-scrollbar:unity-gtk-module', 'INSTANCE': '', 'PWD': '/home/mdas/ros_ws', 'QT_IM_MODULE': 'ibus', 'ROS_ETC_DIR': '/opt/ros/indigo/etc/ros', 'COLORTERM': 'gnome-terminal', 'DISPLAY': ':0', 'XDG_MENU_PREFIX': 'gnome-', 'ROS_WORKSPACE': '/home/mdas/ros_ws', 'XDG_CONFIG_DIRS': '/etc/xdg/xdg-ubuntu:/usr/share/upstart/xdg:/etc/xdg', 'USER': 'mdas'}]
[roslaunch][INFO] 2017-11-03 16:11:06,214: process[rosout-1]: args[[u'/opt/ros/indigo/lib/rosout/rosout', u'__name:=rosout']]
[roslaunch][INFO] 2017-11-03 16:11:06,214: ... created process [rosout-1]
[roslaunch.pmon][INFO] 2017-11-03 16:11:06,214: ProcessMonitor.register[rosout-1]
[roslaunch.pmon][INFO] 2017-11-03 16:11:06,214: ProcessMonitor.register[rosout-1] complete
[roslaunch][INFO] 2017-11-03 16:11:06,214: ... registered process [rosout-1]
[roslaunch][INFO] 2017-11-03 16:11:06,214: process[rosout-1]: starting os process
[roslaunch][INFO] 2017-11-03 16:11:06,214: process[rosout-1]: start w/ args [[u'/opt/ros/indigo/lib/rosout/rosout', u'__name:=rosout', u'__log:=/home/mdas/.ros/log/1f9b1cce-c0d3-11e7-8b16-f44d306c96a4/rosout-1.log']]
[roslaunch][INFO] 2017-11-03 16:11:06,215: process[rosout-1]: cwd will be [/home/mdas/.ros]
[roslaunch][INFO] 2017-11-03 16:11:06,216: process[rosout-1]: started with pid [21717]
[roslaunch][INFO] 2017-11-03 16:11:06,217: ... successfully launched [rosout-1]
[roslaunch][INFO] 2017-11-03 16:11:06,217: load_parameters starting ...
[roslaunch][INFO] 2017-11-03 16:11:06,223: ... load_parameters complete
[roslaunch][INFO] 2017-11-03 16:11:06,224: launch_nodes: launching local nodes ...
[roslaunch][INFO] 2017-11-03 16:11:06,224: ... preparing to launch node of type [sicktoolbox_wrapper/sicklms]
[roslaunch][INFO] 2017-11-03 16:11:06,224: create_node_process: package[sicktoolbox_wrapper] type[sicklms] machine[Machine(name[] env_loader[None] address[localhost] ssh_port[22] user[None] assignable[True] timeout[10.0])] master_uri[http://localhost:11311]
[roslaunch][INFO] 2017-11-03 16:11:06,224: process[base_laser1-2]: env[{'QT_QPA_PLATFORMTHEME': 'appmenu-qt5', 'ROS_DISTRO': 'indigo', 'XDG_GREETER_DATA_DIR': '/var/lib/lightdm-data/mdas', 'GNOME_DESKTOP_SESSION_ID': 'this-is-deprecated', 'XDG_CURRENT_DESKTOP': 'Unity', 'XDG_SEAT_PATH': '/org/freedesktop/DisplayManager/Seat0', 'CPATH': '/home/mdas/ros_ws/devel/include:/opt/ros/indigo/include', 'LOGNAME': 'mdas', 'XDG_SEAT': 'seat0', 'PATH': '/opt/ros/indigo/bin:/usr/local/sbin:/usr/local/bin:/usr/sbin:/usr/bin:/sbin:/bin:/usr/games:/usr/local/games', 'XDG_VTNR': '7', 'GNOME_KEYRING_CONTROL': '/run/user/1000/keyring-3R8fQe', 'CMAKE_PREFIX_PATH': '/home/mdas/ros_ws/devel:/opt/ros/indigo', 'LD_LIBRARY_PATH': '/home/mdas/ros_ws/devel/lib:/opt/ros/indigo/lib', 'LANG': 'en_US.UTF-8', 'TERM': 'xterm', 'SHELL': '/bin/bash', 'XDG_SESSION_PATH': '/org/freedesktop/DisplayManager/Session0', 'XAUTHORITY': '/home/mdas/.Xauthority', 'LANGUAGE': 'en_US', 'SESSION_MANAGER': 'local/mdas-Meerkat:@/tmp/.ICE-unix/1895,unix/mdas-Meerkat:/tmp/.ICE-unix/1895', 'SHLVL': '1', 'MANDATORY_PATH': '/usr/share/gconf/ubuntu.mandatory.path', 'CLUTTER_IM_MODULE': 'xim', 'ROS_LOG_FILENAME': '/home/mdas/.ros/log/1f9b1cce-c0d3-11e7-8b16-f44d306c96a4/roslaunch-mdas-Meerkat-21692.log', 'TEXTDOMAIN': 'im-config', 'JOB': 'dbus', 'WINDOWID': '18874379', 'SESSIONTYPE': 'gnome-session', 'XMODIFIERS': '@im=ibus', 'ROS_MASTER_URI': 'http://localhost:11311', 'GPG_AGENT_INFO': '/run/user/1000/keyring-3R8fQe/gpg:0:1', 'HOME': '/home/mdas', 'QT4_IM_MODULE': 'xim', 'SELINUX_INIT': 'YES', 'SSH_AUTH_SOCK': '/run/user/1000/keyring-3R8fQe/ssh', 'XDG_RUNTIME_DIR': '/run/user/1000', 'GTK_IM_MODULE': 'ibus', 'PYTHONPATH': '/home/mdas/ros_ws/devel/lib/python2.7/dist-packages:/opt/ros/indigo/lib/python2.7/dist-packages', 'COMPIZ_CONFIG_PROFILE': 'ubuntu', 'COMPIZ_BIN_PATH': '/usr/bin/', 'VTE_VERSION': '3409', 'ROS_ROOT': '/opt/ros/indigo/share/ros', 'GDMSESSION': 'ubuntu', 'IM_CONFIG_PHASE': '1', 'TEXTDOMAINDIR': '/usr/share/locale/', 'XDG_DATA_DIRS': '/usr/share/ubuntu:/usr/share/gnome:/usr/local/share/:/usr/share/', 'PKG_CONFIG_PATH': '/home/mdas/ros_ws/devel/lib/pkgconfig:/opt/ros/indigo/lib/pkgconfig', 'ROS_PACKAGE_PATH': '/home/mdas/ros_ws/src:/opt/ros/indigo/share:/opt/ros/indigo/stacks', 'LESSOPEN': '| /usr/bin/lesspipe %s', 'XDG_SESSION_ID': 'c2', 'DBUS_SESSION_BUS_ADDRESS': 'unix:abstract=/tmp/dbus-pWUC31J2VO', '_': '/opt/ros/indigo/bin/roslaunch', 'DEFAULTS_PATH': '/usr/share/gconf/ubuntu.default.path', 'SESSION': 'ubuntu', 'DESKTOP_SESSION': 'ubuntu', 'UPSTART_SESSION': 'unix:abstract=/com/ubuntu/upstart-session/1000/1742', 'LESSCLOSE': '/usr/bin/lesspipe %s %s', 'GNOME_KEYRING_PID': '1740', 'OLDPWD': '/home/mdas', 'LS_COLORS': 'rs=0:di=01;34:ln=01;36:mh=00:pi=40;33:so=01;35:do=01;35:bd=40;33;01:cd=40;33;01:or=40;31;01:su=37;41:sg=30;43:ca=30;41:tw=30;42:ow=34;42:st=37;44:ex=01;32:*.tar=01;31:*.tgz=01;31:*.arj=01;31:*.taz=01;31:*.lzh=01;31:*.lzma=01;31:*.tlz=01;31:*.txz=01;31:*.zip=01;31:*.z=01;31:*.Z=01;31:*.dz=01;31:*.gz=01;31:*.lz=01;31:*.xz=01;31:*.bz2=01;31:*.bz=01;31:*.tbz=01;31:*.tbz2=01;31:*.tz=01;31:*.deb=01;31:*.rpm=01;31:*.jar=01;31:*.war=01;31:*.ear=01;31:*.sar=01;31:*.rar=01;31:*.ace=01;31:*.zoo=01;31:*.cpio=01;31:*.7z=01;31:*.rz=01;31:*.jpg=01;35:*.jpeg=01;35:*.gif=01;35:*.bmp=01;35:*.pbm=01;35:*.pgm=01;35:*.ppm=01;35:*.tga=01;35:*.xbm=01;35:*.xpm=01;35:*.tif=01;35:*.tiff=01;35:*.png=01;35:*.svg=01;35:*.svgz=01;35:*.mng=01;35:*.pcx=01;35:*.mov=01;35:*.mpg=01;35:*.mpeg=01;35:*.m2v=01;35:*.mkv=01;35:*.webm=01;35:*.ogm=01;35:*.mp4=01;35:*.m4v=01;35:*.mp4v=01;35:*.vob=01;35:*.qt=01;35:*.nuv=01;35:*.wmv=01;35:*.asf=01;35:*.rm=01;35:*.rmvb=01;35:*.flc=01;35:*.avi=01;35:*.fli=01;35:*.flv=01;35:*.gl=01;35:*.dl=01;35:*.xcf=01;35:*.xwd=01;35:*.yuv=01;35:*.cgm=01;35:*.emf=01;35:*.axv=01;35:*.anx=01;35:*.ogv=01;35:*.ogx=01;35:*.aac=00;36:*.au=00;36:*.flac=00;36:*.mid=00;36:*.midi=00;36:*.mka=00;36:*.mp3=00;36:*.mpc=00;36:*.ogg=00;36:*.ra=00;36:*.wav=00;36:*.axa=00;36:*.oga=00;36:*.spx=00;36:*.xspf=00;36:', 'GDM_LANG': 'en_US', 'GTK_MODULES': 'overlay-scrollbar:unity-gtk-module', 'INSTANCE': '', 'PWD': '/home/mdas/ros_ws', 'QT_IM_MODULE': 'ibus', 'ROS_ETC_DIR': '/opt/ros/indigo/etc/ros', 'COLORTERM': 'gnome-terminal', 'DISPLAY': ':0', 'XDG_MENU_PREFIX': 'gnome-', 'ROS_WORKSPACE': '/home/mdas/ros_ws', 'XDG_CONFIG_DIRS': '/etc/xdg/xdg-ubuntu:/usr/share/upstart/xdg:/etc/xdg', 'USER': 'mdas'}]
[roslaunch][INFO] 2017-11-03 16:11:06,224: process[base_laser1-2]: args[[u'/home/mdas/ros_ws/devel/lib/sicktoolbox_wrapper/sicklms', u'scan:=/sensor_msgs/LaserScan', u'__name:=base_laser1']]
[roslaunch][INFO] 2017-11-03 16:11:06,225: ... created process [base_laser1-2]
[roslaunch.pmon][INFO] 2017-11-03 16:11:06,225: ProcessMonitor.register[base_laser1-2]
[roslaunch.pmon][INFO] 2017-11-03 16:11:06,225: ProcessMonitor.register[base_laser1-2] complete
[roslaunch][INFO] 2017-11-03 16:11:06,225: ... registered process [base_laser1-2]
[roslaunch][INFO] 2017-11-03 16:11:06,225: process[base_laser1-2]: starting os process
[roslaunch][INFO] 2017-11-03 16:11:06,225: process[base_laser1-2]: start w/ args [[u'/home/mdas/ros_ws/devel/lib/sicktoolbox_wrapper/sicklms', u'scan:=/sensor_msgs/LaserScan', u'__name:=base_laser1', u'__log:=/home/mdas/.ros/log/1f9b1cce-c0d3-11e7-8b16-f44d306c96a4/base_laser1-2.log']]
[roslaunch][INFO] 2017-11-03 16:11:06,225: process[base_laser1-2]: cwd will be [/home/mdas/.ros]
[roslaunch][INFO] 2017-11-03 16:11:06,227: process[base_laser1-2]: started with pid [21727]
[roslaunch][INFO] 2017-11-03 16:11:06,227: ... successfully launched [base_laser1-2]
[roslaunch][INFO] 2017-11-03 16:11:06,227: ... preparing to launch node of type [novatel/novatel_node]
[roslaunch][INFO] 2017-11-03 16:11:06,227: create_node_process: package[novatel] type[novatel_node] machine[Machine(name[] env_loader[None] address[localhost] ssh_port[22] user[None] assignable[True] timeout[10.0])] master_uri[http://localhost:11311]
[roslaunch][INFO] 2017-11-03 16:11:06,227: process[novatel_node-3]: env[{'QT_QPA_PLATFORMTHEME': 'appmenu-qt5', 'ROS_DISTRO': 'indigo', 'XDG_GREETER_DATA_DIR': '/var/lib/lightdm-data/mdas', 'GNOME_DESKTOP_SESSION_ID': 'this-is-deprecated', 'XDG_CURRENT_DESKTOP': 'Unity', 'XDG_SEAT_PATH': '/org/freedesktop/DisplayManager/Seat0', 'CPATH': '/home/mdas/ros_ws/devel/include:/opt/ros/indigo/include', 'LOGNAME': 'mdas', 'XDG_SEAT': 'seat0', 'PATH': '/opt/ros/indigo/bin:/usr/local/sbin:/usr/local/bin:/usr/sbin:/usr/bin:/sbin:/bin:/usr/games:/usr/local/games', 'XDG_VTNR': '7', 'GNOME_KEYRING_CONTROL': '/run/user/1000/keyring-3R8fQe', 'CMAKE_PREFIX_PATH': '/home/mdas/ros_ws/devel:/opt/ros/indigo', 'LD_LIBRARY_PATH': '/home/mdas/ros_ws/devel/lib:/opt/ros/indigo/lib', 'LANG': 'en_US.UTF-8', 'TERM': 'xterm', 'SHELL': '/bin/bash', 'XDG_SESSION_PATH': '/org/freedesktop/DisplayManager/Session0', 'XAUTHORITY': '/home/mdas/.Xauthority', 'LANGUAGE': 'en_US', 'SESSION_MANAGER': 'local/mdas-Meerkat:@/tmp/.ICE-unix/1895,unix/mdas-Meerkat:/tmp/.ICE-unix/1895', 'SHLVL': '1', 'MANDATORY_PATH': '/usr/share/gconf/ubuntu.mandatory.path', 'CLUTTER_IM_MODULE': 'xim', 'ROS_LOG_FILENAME': '/home/mdas/.ros/log/1f9b1cce-c0d3-11e7-8b16-f44d306c96a4/roslaunch-mdas-Meerkat-21692.log', 'TEXTDOMAIN': 'im-config', 'JOB': 'dbus', 'WINDOWID': '18874379', 'SESSIONTYPE': 'gnome-session', 'XMODIFIERS': '@im=ibus', 'ROS_MASTER_URI': 'http://localhost:11311', 'GPG_AGENT_INFO': '/run/user/1000/keyring-3R8fQe/gpg:0:1', 'HOME': '/home/mdas', 'QT4_IM_MODULE': 'xim', 'SELINUX_INIT': 'YES', 'SSH_AUTH_SOCK': '/run/user/1000/keyring-3R8fQe/ssh', 'XDG_RUNTIME_DIR': '/run/user/1000', 'GTK_IM_MODULE': 'ibus', 'PYTHONPATH': '/home/mdas/ros_ws/devel/lib/python2.7/dist-packages:/opt/ros/indigo/lib/python2.7/dist-packages', 'COMPIZ_CONFIG_PROFILE': 'ubuntu', 'COMPIZ_BIN_PATH': '/usr/bin/', 'VTE_VERSION': '3409', 'ROS_ROOT': '/opt/ros/indigo/share/ros', 'GDMSESSION': 'ubuntu', 'IM_CONFIG_PHASE': '1', 'TEXTDOMAINDIR': '/usr/share/locale/', 'XDG_DATA_DIRS': '/usr/share/ubuntu:/usr/share/gnome:/usr/local/share/:/usr/share/', 'PKG_CONFIG_PATH': '/home/mdas/ros_ws/devel/lib/pkgconfig:/opt/ros/indigo/lib/pkgconfig', 'ROS_PACKAGE_PATH': '/home/mdas/ros_ws/src:/opt/ros/indigo/share:/opt/ros/indigo/stacks', 'LESSOPEN': '| /usr/bin/lesspipe %s', 'XDG_SESSION_ID': 'c2', 'DBUS_SESSION_BUS_ADDRESS': 'unix:abstract=/tmp/dbus-pWUC31J2VO', '_': '/opt/ros/indigo/bin/roslaunch', 'DEFAULTS_PATH': '/usr/share/gconf/ubuntu.default.path', 'SESSION': 'ubuntu', 'DESKTOP_SESSION': 'ubuntu', 'UPSTART_SESSION': 'unix:abstract=/com/ubuntu/upstart-session/1000/1742', 'LESSCLOSE': '/usr/bin/lesspipe %s %s', 'GNOME_KEYRING_PID': '1740', 'OLDPWD': '/home/mdas', 'LS_COLORS': 'rs=0:di=01;34:ln=01;36:mh=00:pi=40;33:so=01;35:do=01;35:bd=40;33;01:cd=40;33;01:or=40;31;01:su=37;41:sg=30;43:ca=30;41:tw=30;42:ow=34;42:st=37;44:ex=01;32:*.tar=01;31:*.tgz=01;31:*.arj=01;31:*.taz=01;31:*.lzh=01;31:*.lzma=01;31:*.tlz=01;31:*.txz=01;31:*.zip=01;31:*.z=01;31:*.Z=01;31:*.dz=01;31:*.gz=01;31:*.lz=01;31:*.xz=01;31:*.bz2=01;31:*.bz=01;31:*.tbz=01;31:*.tbz2=01;31:*.tz=01;31:*.deb=01;31:*.rpm=01;31:*.jar=01;31:*.war=01;31:*.ear=01;31:*.sar=01;31:*.rar=01;31:*.ace=01;31:*.zoo=01;31:*.cpio=01;31:*.7z=01;31:*.rz=01;31:*.jpg=01;35:*.jpeg=01;35:*.gif=01;35:*.bmp=01;35:*.pbm=01;35:*.pgm=01;35:*.ppm=01;35:*.tga=01;35:*.xbm=01;35:*.xpm=01;35:*.tif=01;35:*.tiff=01;35:*.png=01;35:*.svg=01;35:*.svgz=01;35:*.mng=01;35:*.pcx=01;35:*.mov=01;35:*.mpg=01;35:*.mpeg=01;35:*.m2v=01;35:*.mkv=01;35:*.webm=01;35:*.ogm=01;35:*.mp4=01;35:*.m4v=01;35:*.mp4v=01;35:*.vob=01;35:*.qt=01;35:*.nuv=01;35:*.wmv=01;35:*.asf=01;35:*.rm=01;35:*.rmvb=01;35:*.flc=01;35:*.avi=01;35:*.fli=01;35:*.flv=01;35:*.gl=01;35:*.dl=01;35:*.xcf=01;35:*.xwd=01;35:*.yuv=01;35:*.cgm=01;35:*.emf=01;35:*.axv=01;35:*.anx=01;35:*.ogv=01;35:*.ogx=01;35:*.aac=00;36:*.au=00;36:*.flac=00;36:*.mid=00;36:*.midi=00;36:*.mka=00;36:*.mp3=00;36:*.mpc=00;36:*.ogg=00;36:*.ra=00;36:*.wav=00;36:*.axa=00;36:*.oga=00;36:*.spx=00;36:*.xspf=00;36:', 'GDM_LANG': 'en_US', 'GTK_MODULES': 'overlay-scrollbar:unity-gtk-module', 'INSTANCE': '', 'PWD': '/home/mdas/ros_ws', 'QT_IM_MODULE': 'ibus', 'ROS_ETC_DIR': '/opt/ros/indigo/etc/ros', 'COLORTERM': 'gnome-terminal', 'DISPLAY': ':0', 'XDG_MENU_PREFIX': 'gnome-', 'ROS_WORKSPACE': '/home/mdas/ros_ws', 'XDG_CONFIG_DIRS': '/etc/xdg/xdg-ubuntu:/usr/share/upstart/xdg:/etc/xdg', 'USER': 'mdas'}]
[roslaunch][INFO] 2017-11-03 16:11:06,228: process[novatel_node-3]: args[[u'/home/mdas/ros_ws/devel/lib/novatel/novatel_node', u'__name:=novatel_node']]
[roslaunch][INFO] 2017-11-03 16:11:06,228: ... created process [novatel_node-3]
[roslaunch.pmon][INFO] 2017-11-03 16:11:06,228: ProcessMonitor.register[novatel_node-3]
[roslaunch.pmon][INFO] 2017-11-03 16:11:06,229: ProcessMonitor.register[novatel_node-3] complete
[roslaunch][INFO] 2017-11-03 16:11:06,229: ... registered process [novatel_node-3]
[roslaunch][INFO] 2017-11-03 16:11:06,229: process[novatel_node-3]: starting os process
[roslaunch][INFO] 2017-11-03 16:11:06,229: process[novatel_node-3]: start w/ args [[u'/home/mdas/ros_ws/devel/lib/novatel/novatel_node', u'__name:=novatel_node', u'__log:=/home/mdas/.ros/log/1f9b1cce-c0d3-11e7-8b16-f44d306c96a4/novatel_node-3.log']]
[roslaunch][INFO] 2017-11-03 16:11:06,229: process[novatel_node-3]: cwd will be [/home/mdas/.ros]
[roslaunch][INFO] 2017-11-03 16:11:06,231: process[novatel_node-3]: started with pid [21734]
[roslaunch][INFO] 2017-11-03 16:11:06,231: ... successfully launched [novatel_node-3]
[roslaunch][INFO] 2017-11-03 16:11:06,231: ... launch_nodes complete
[roslaunch.pmon][INFO] 2017-11-03 16:11:06,231: registrations completed <ProcessMonitor(ProcessMonitor-1, started daemon 139729484150528)>
[roslaunch.parent][INFO] 2017-11-03 16:11:06,231: ... roslaunch parent running, waiting for process exit
[roslaunch][INFO] 2017-11-03 16:11:06,231: spin
[roslaunch][ERROR] 2017-11-03 16:11:06,643: [base_laser1-2] process has died [pid 21727, exit code 2, cmd /home/mdas/ros_ws/devel/lib/sicktoolbox_wrapper/sicklms scan:=/sensor_msgs/LaserScan __name:=base_laser1 __log:=/home/mdas/.ros/log/1f9b1cce-c0d3-11e7-8b16-f44d306c96a4/base_laser1-2.log].
log file: /home/mdas/.ros/log/1f9b1cce-c0d3-11e7-8b16-f44d306c96a4/base_laser1-2*.log
[roslaunch][INFO] 2017-11-03 16:11:06,644: [base_laser1-2] restarting process
[roslaunch][INFO] 2017-11-03 16:11:06,644: process[base_laser1-2]: restarting os process
[roslaunch][INFO] 2017-11-03 16:11:06,645: process[base_laser1-2]: start w/ args [[u'/home/mdas/ros_ws/devel/lib/sicktoolbox_wrapper/sicklms', u'scan:=/sensor_msgs/LaserScan', u'__name:=base_laser1', u'__log:=/home/mdas/.ros/log/1f9b1cce-c0d3-11e7-8b16-f44d306c96a4/base_laser1-2.log']]
[roslaunch][INFO] 2017-11-03 16:11:06,645: process[base_laser1-2]: cwd will be [/home/mdas/.ros]
[roslaunch][INFO] 2017-11-03 16:11:06,652: process[base_laser1-2]: started with pid [21816]
[roslaunch][ERROR] 2017-11-03 16:11:07,055: [base_laser1-2] process has died [pid 21816, exit code 2, cmd /home/mdas/ros_ws/devel/lib/sicktoolbox_wrapper/sicklms scan:=/sensor_msgs/LaserScan __name:=base_laser1 __log:=/home/mdas/.ros/log/1f9b1cce-c0d3-11e7-8b16-f44d306c96a4/base_laser1-2.log].
log file: /home/mdas/.ros/log/1f9b1cce-c0d3-11e7-8b16-f44d306c96a4/base_laser1-2*.log
[roslaunch][INFO] 2017-11-03 16:11:07,056: [base_laser1-2] restarting process
[roslaunch][INFO] 2017-11-03 16:11:07,057: process[base_laser1-2]: restarting os process
[roslaunch][INFO] 2017-11-03 16:11:07,057: process[base_laser1-2]: start w/ args [[u'/home/mdas/ros_ws/devel/lib/sicktoolbox_wrapper/sicklms', u'scan:=/sensor_msgs/LaserScan', u'__name:=base_laser1', u'__log:=/home/mdas/.ros/log/1f9b1cce-c0d3-11e7-8b16-f44d306c96a4/base_laser1-2.log']]
[roslaunch][INFO] 2017-11-03 16:11:07,058: process[base_laser1-2]: cwd will be [/home/mdas/.ros]
[roslaunch][INFO] 2017-11-03 16:11:07,065: process[base_laser1-2]: started with pid [21857]
[roslaunch][ERROR] 2017-11-03 16:11:07,368: [base_laser1-2] process has died [pid 21857, exit code 2, cmd /home/mdas/ros_ws/devel/lib/sicktoolbox_wrapper/sicklms scan:=/sensor_msgs/LaserScan __name:=base_laser1 __log:=/home/mdas/.ros/log/1f9b1cce-c0d3-11e7-8b16-f44d306c96a4/base_laser1-2.log].
log file: /home/mdas/.ros/log/1f9b1cce-c0d3-11e7-8b16-f44d306c96a4/base_laser1-2*.log
[roslaunch][INFO] 2017-11-03 16:11:07,369: [base_laser1-2] restarting process
[roslaunch][INFO] 2017-11-03 16:11:07,369: process[base_laser1-2]: restarting os process
[roslaunch][INFO] 2017-11-03 16:11:07,370: process[base_laser1-2]: start w/ args [[u'/home/mdas/ros_ws/devel/lib/sicktoolbox_wrapper/sicklms', u'scan:=/sensor_msgs/LaserScan', u'__name:=base_laser1', u'__log:=/home/mdas/.ros/log/1f9b1cce-c0d3-11e7-8b16-f44d306c96a4/base_laser1-2.log']]
[roslaunch][INFO] 2017-11-03 16:11:07,370: process[base_laser1-2]: cwd will be [/home/mdas/.ros]
[roslaunch][INFO] 2017-11-03 16:11:07,377: process[base_laser1-2]: started with pid [21898]
[roslaunch][ERROR] 2017-11-03 16:11:07,680: [base_laser1-2] process has died [pid 21898, exit code 2, cmd /home/mdas/ros_ws/devel/lib/sicktoolbox_wrapper/sicklms scan:=/sensor_msgs/LaserScan __name:=base_laser1 __log:=/home/mdas/.ros/log/1f9b1cce-c0d3-11e7-8b16-f44d306c96a4/base_laser1-2.log].
log file: /home/mdas/.ros/log/1f9b1cce-c0d3-11e7-8b16-f44d306c96a4/base_laser1-2*.log
[roslaunch][INFO] 2017-11-03 16:11:07,680: [base_laser1-2] restarting process
[roslaunch][INFO] 2017-11-03 16:11:07,681: process[base_laser1-2]: restarting os process
[roslaunch][INFO] 2017-11-03 16:11:07,682: process[base_laser1-2]: start w/ args [[u'/home/mdas/ros_ws/devel/lib/sicktoolbox_wrapper/sicklms', u'scan:=/sensor_msgs/LaserScan', u'__name:=base_laser1', u'__log:=/home/mdas/.ros/log/1f9b1cce-c0d3-11e7-8b16-f44d306c96a4/base_laser1-2.log']]
[roslaunch][INFO] 2017-11-03 16:11:07,682: process[base_laser1-2]: cwd will be [/home/mdas/.ros]
[roslaunch][INFO] 2017-11-03 16:11:07,689: process[base_laser1-2]: started with pid [21939]
[roslaunch][ERROR] 2017-11-03 16:11:08,093: [base_laser1-2] process has died [pid 21939, exit code 2, cmd /home/mdas/ros_ws/devel/lib/sicktoolbox_wrapper/sicklms scan:=/sensor_msgs/LaserScan __name:=base_laser1 __log:=/home/mdas/.ros/log/1f9b1cce-c0d3-11e7-8b16-f44d306c96a4/base_laser1-2.log].
log file: /home/mdas/.ros/log/1f9b1cce-c0d3-11e7-8b16-f44d306c96a4/base_laser1-2*.log
[roslaunch][INFO] 2017-11-03 16:11:08,093: [base_laser1-2] restarting process
[roslaunch][INFO] 2017-11-03 16:11:08,094: process[base_laser1-2]: restarting os process
[roslaunch][INFO] 2017-11-03 16:11:08,094: process[base_laser1-2]: start w/ args [[u'/home/mdas/ros_ws/devel/lib/sicktoolbox_wrapper/sicklms', u'scan:=/sensor_msgs/LaserScan', u'__name:=base_laser1', u'__log:=/home/mdas/.ros/log/1f9b1cce-c0d3-11e7-8b16-f44d306c96a4/base_laser1-2.log']]
[roslaunch][INFO] 2017-11-03 16:11:08,095: process[base_laser1-2]: cwd will be [/home/mdas/.ros]
[roslaunch][INFO] 2017-11-03 16:11:08,102: process[base_laser1-2]: started with pid [21981]
[roslaunch][ERROR] 2017-11-03 16:11:08,405: [base_laser1-2] process has died [pid 21981, exit code 2, cmd /home/mdas/ros_ws/devel/lib/sicktoolbox_wrapper/sicklms scan:=/sensor_msgs/LaserScan __name:=base_laser1 __log:=/home/mdas/.ros/log/1f9b1cce-c0d3-11e7-8b16-f44d306c96a4/base_laser1-2.log].
log file: /home/mdas/.ros/log/1f9b1cce-c0d3-11e7-8b16-f44d306c96a4/base_laser1-2*.log
[roslaunch][INFO] 2017-11-03 16:11:08,406: [base_laser1-2] restarting process
[roslaunch][INFO] 2017-11-03 16:11:08,406: process[base_laser1-2]: restarting os process
[roslaunch][INFO] 2017-11-03 16:11:08,407: process[base_laser1-2]: start w/ args [[u'/home/mdas/ros_ws/devel/lib/sicktoolbox_wrapper/sicklms', u'scan:=/sensor_msgs/LaserScan', u'__name:=base_laser1', u'__log:=/home/mdas/.ros/log/1f9b1cce-c0d3-11e7-8b16-f44d306c96a4/base_laser1-2.log']]
[roslaunch][INFO] 2017-11-03 16:11:08,407: process[base_laser1-2]: cwd will be [/home/mdas/.ros]
[roslaunch][INFO] 2017-11-03 16:11:08,415: process[base_laser1-2]: started with pid [22022]
[roslaunch][ERROR] 2017-11-03 16:11:08,818: [base_laser1-2] process has died [pid 22022, exit code 2, cmd /home/mdas/ros_ws/devel/lib/sicktoolbox_wrapper/sicklms scan:=/sensor_msgs/LaserScan __name:=base_laser1 __log:=/home/mdas/.ros/log/1f9b1cce-c0d3-11e7-8b16-f44d306c96a4/base_laser1-2.log].
log file: /home/mdas/.ros/log/1f9b1cce-c0d3-11e7-8b16-f44d306c96a4/base_laser1-2*.log
[roslaunch][INFO] 2017-11-03 16:11:08,819: [base_laser1-2] restarting process
[roslaunch][INFO] 2017-11-03 16:11:08,820: process[base_laser1-2]: restarting os process
[roslaunch][INFO] 2017-11-03 16:11:08,820: process[base_laser1-2]: start w/ args [[u'/home/mdas/ros_ws/devel/lib/sicktoolbox_wrapper/sicklms', u'scan:=/sensor_msgs/LaserScan', u'__name:=base_laser1', u'__log:=/home/mdas/.ros/log/1f9b1cce-c0d3-11e7-8b16-f44d306c96a4/base_laser1-2.log']]
[roslaunch][INFO] 2017-11-03 16:11:08,821: process[base_laser1-2]: cwd will be [/home/mdas/.ros]
[roslaunch][INFO] 2017-11-03 16:11:08,828: process[base_laser1-2]: started with pid [22063]
[roslaunch][ERROR] 2017-11-03 16:11:09,332: [base_laser1-2] process has died [pid 22063, exit code 2, cmd /home/mdas/ros_ws/devel/lib/sicktoolbox_wrapper/sicklms scan:=/sensor_msgs/LaserScan __name:=base_laser1 __log:=/home/mdas/.ros/log/1f9b1cce-c0d3-11e7-8b16-f44d306c96a4/base_laser1-2.log].
log file: /home/mdas/.ros/log/1f9b1cce-c0d3-11e7-8b16-f44d306c96a4/base_laser1-2*.log
[roslaunch][INFO] 2017-11-03 16:11:09,333: [base_laser1-2] restarting process
[roslaunch][INFO] 2017-11-03 16:11:09,333: process[base_laser1-2]: restarting os process
[roslaunch][INFO] 2017-11-03 16:11:09,334: process[base_laser1-2]: start w/ args [[u'/home/mdas/ros_ws/devel/lib/sicktoolbox_wrapper/sicklms', u'scan:=/sensor_msgs/LaserScan', u'__name:=base_laser1', u'__log:=/home/mdas/.ros/log/1f9b1cce-c0d3-11e7-8b16-f44d306c96a4/base_laser1-2.log']]
[roslaunch][INFO] 2017-11-03 16:11:09,334: process[base_laser1-2]: cwd will be [/home/mdas/.ros]
[roslaunch][INFO] 2017-11-03 16:11:09,341: process[base_laser1-2]: started with pid [22104]
[roslaunch.pmon][INFO] 2017-11-03 16:11:09,655: ProcessMonitor.shutdown <ProcessMonitor(ProcessMonitor-1, started daemon 139729484150528)>
[roslaunch.pmon][INFO] 2017-11-03 16:11:09,744: ProcessMonitor._post_run <ProcessMonitor(ProcessMonitor-1, started daemon 139729484150528)>
[roslaunch.pmon][INFO] 2017-11-03 16:11:09,745: ProcessMonitor._post_run <ProcessMonitor(ProcessMonitor-1, started daemon 139729484150528)>: remaining procs are [<roslaunch.nodeprocess.LocalProcess object at 0x7f154e6beb90>, <roslaunch.nodeprocess.LocalProcess object at 0x7f154f070150>, <roslaunch.nodeprocess.LocalProcess object at 0x7f154e6e5b10>, <roslaunch.nodeprocess.LocalProcess object at 0x7f154e6e5f90>]
[roslaunch.pmon][INFO] 2017-11-03 16:11:09,746: ProcessMonitor exit: killing novatel_node-3
[roslaunch][INFO] 2017-11-03 16:11:09,747: [novatel_node-3] killing on exit
[roslaunch.pmon][INFO] 2017-11-03 16:11:09,749: ProcessMonitor exit: killing base_laser1-2
[roslaunch][INFO] 2017-11-03 16:11:09,751: [base_laser1-2] killing on exit
[roslaunch][INFO] 2017-11-03 16:11:09,751: process[novatel_node-3]: killing os process with pid[21734] pgid[21734]
[roslaunch][INFO] 2017-11-03 16:11:09,753: process[base_laser1-2]: killing os process with pid[22104] pgid[22104]
[roslaunch][INFO] 2017-11-03 16:11:09,754: [novatel_node-3] sending SIGINT to pgid [21734]
[roslaunch][INFO] 2017-11-03 16:11:09,754: [base_laser1-2] sending SIGINT to pgid [22104]
[roslaunch][INFO] 2017-11-03 16:11:09,754: [novatel_node-3] sent SIGINT to pgid [21734]
[roslaunch][INFO] 2017-11-03 16:11:09,755: [base_laser1-2] sent SIGINT to pgid [22104]
[roslaunch][INFO] 2017-11-03 16:11:09,857: process[base_laser1-2]: SIGINT killed with return value 2
[roslaunch][INFO] 2017-11-03 16:11:11,161: process[novatel_node-3]: SIGINT killed with return value 0
[roslaunch.pmon][INFO] 2017-11-03 16:11:11,162: ProcessMonitor exit: killing rosout-1
[roslaunch][INFO] 2017-11-03 16:11:11,164: [rosout-1] killing on exit
[roslaunch][INFO] 2017-11-03 16:11:11,164: process[rosout-1]: killing os process with pid[21717] pgid[21717]
[roslaunch][INFO] 2017-11-03 16:11:11,165: [rosout-1] sending SIGINT to pgid [21717]
[roslaunch][INFO] 2017-11-03 16:11:11,165: [rosout-1] sent SIGINT to pgid [21717]
[roslaunch][INFO] 2017-11-03 16:11:11,466: process[rosout-1]: SIGINT killed with return value 0
[roslaunch.pmon][INFO] 2017-11-03 16:11:11,466: ProcessMonitor exit: killing master
[roslaunch][INFO] 2017-11-03 16:11:11,467: [master] killing on exit
[roslaunch][INFO] 2017-11-03 16:11:11,467: process[master]: killing os process with pid[21704] pgid[21704]
[roslaunch][INFO] 2017-11-03 16:11:11,467: [master] sending SIGINT to pgid [21704]
[roslaunch][INFO] 2017-11-03 16:11:11,468: [master] sent SIGINT to pgid [21704]
[roslaunch][INFO] 2017-11-03 16:11:11,669: process[master]: SIGINT killed with return value 0
[roslaunch.pmon][INFO] 2017-11-03 16:11:11,669: ProcessMonitor exit: cleaning up data structures and signals
[roslaunch.pmon][INFO] 2017-11-03 16:11:11,670: ProcessMonitor exit: pmon has shutdown
[roslaunch][INFO] 2017-11-03 16:11:11,679: process monitor is done spinning, initiating full shutdown
[roslaunch][INFO] 2017-11-03 16:11:11,680: runner.stop()
[roslaunch][INFO] 2017-11-03 16:11:11,680: shutting down processing monitor...
[roslaunch][INFO] 2017-11-03 16:11:11,680: shutting down processing monitor <ProcessMonitor(ProcessMonitor-1, stopped daemon 139729484150528)>
[roslaunch.pmon][INFO] 2017-11-03 16:11:11,681: ProcessMonitor.shutdown <ProcessMonitor(ProcessMonitor-1, stopped daemon 139729484150528)>
[roslaunch][INFO] 2017-11-03 16:11:11,681: ... shutting down processing monitor complete
[roslaunch][INFO] 2017-11-03 16:11:11,681: done
[roslaunch.pmon][INFO] 2017-11-03 16:11:11,682: ProcessMonitor.shutdown <ProcessMonitor(ProcessMonitor-1, stopped daemon 139729484150528)>
[rospy.core][INFO] 2017-11-03 16:11:11,682: signal_shutdown [atexit]
