

1510167261.709285963  Node Startup
1510167261.747803734 INFO [/home/mdas/ros_ws/src/packages/novatel/src/novatel_node.cpp:55(handleInfoMessages) [topics: /rosout, /gps_odom, /gps_fix, /ephemeris, /range, /gps_fix_psr, /novatel_node/gps_fix_ecef] Serial port: /dev/sensor-gps opened successfully.

1510167262.350402956 INFO [/home/mdas/ros_ws/src/sicktoolbox_wrapper/ros/sicklms/sicklms.cpp:253(main) [topics: /rosout, /diagnostics, /sensor_msgs/LaserScan] Setting variant to (0, 1.000000)
1510167262.350622040 WARN [/home/mdas/ros_ws/src/sicktoolbox_wrapper/ros/sicklms/sicklms.cpp:266(main) [topics: /rosout, /diagnostics, /sensor_msgs/LaserScan] Unable to set scan angle. Using 180 instead of 0.
1510167262.350673873 WARN [/home/mdas/ros_ws/src/sicktoolbox_wrapper/ros/sicklms/sicklms.cpp:270(main) [topics: /rosout, /diagnostics, /sensor_msgs/LaserScan] Unable to set resolution. Using 5.000000e-01 instead of 1.000000e+00.
1510167262.748110459 INFO [/home/mdas/ros_ws/src/packages/novatel/src/novatel_node.cpp:55(handleInfoMessages) [topics: /rosout, /gps_odom, /gps_fix, /ephemeris, /range, /gps_fix_psr, /novatel_node/gps_fix_ecef] Searching for Novatel receiver...

1510167263.395998831 INFO [/home/mdas/ros_ws/src/packages/novatel/src/novatel_node.cpp:55(handleInfoMessages) [topics: /rosout, /gps_odom, /gps_fix, /ephemeris, /range, /gps_fix_psr, /novatel_node/gps_fix_ecef] Found Novatel receiver.
	Model: "WAASHPB"
	Serial Number: "SAS06209044"
	Hardware version: "LBg2-3.04-X2T"
	Software version: "2.312"

Receiver capabilities:
	L2: -
	Raw measurements: -
	RTK: -
	SPAN: -
	GLONASS: -

1510167263.396267425 INFO [/home/mdas/ros_ws/src/packages/novatel/src/novatel_node.cpp:491(run) [topics: /rosout, /gps_odom, /gps_fix, /ephemeris, /range, /gps_fix_psr, /novatel_node/gps_fix_ecef] Requesting default GPS messages: BESTUTMB, BESTVELB
1510167263.396398924 INFO [/home/mdas/ros_ws/src/packages/novatel/src/novatel_node.cpp:55(handleInfoMessages) [topics: /rosout, /gps_odom, /gps_fix, /ephemeris, /range, /gps_fix_psr, /novatel_node/gps_fix_ecef] Started read thread.
1510167263.396518445 INFO [/home/mdas/ros_ws/src/packages/novatel/src/novatel_node.cpp:55(handleInfoMessages) [topics: /rosout, /gps_odom, /gps_fix, /ephemeris, /range, /gps_fix_psr, /novatel_node/gps_fix_ecef] LOG BESTUTMB ONTIME 1.00

1510167264.137769225 INFO [/home/mdas/ros_ws/src/packages/novatel/src/novatel_node.cpp:55(handleInfoMessages) [topics: /rosout, /gps_odom, /gps_fix, /ephemeris, /range, /gps_fix_psr, /novatel_node/gps_fix_ecef] RECEIVED AN ACK.
1510167264.137911142 INFO [/home/mdas/ros_ws/src/packages/novatel/src/novatel_node.cpp:55(handleInfoMessages) [topics: /rosout, /gps_odom, /gps_fix, /ephemeris, /range, /gps_fix_psr, /novatel_node/gps_fix_ecef] Ack received for requested log: BESTUTMB ONTIME 1.00
1510167264.138032616 INFO [/home/mdas/ros_ws/src/packages/novatel/src/novatel_node.cpp:55(handleInfoMessages) [topics: /rosout, /gps_odom, /gps_fix, /ephemeris, /range, /gps_fix_psr, /novatel_node/gps_fix_ecef] LOG BESTVELB ONTIME 1.00

1510167264.868223097 INFO [/home/mdas/ros_ws/src/packages/novatel/src/novatel_node.cpp:55(handleInfoMessages) [topics: /rosout, /gps_odom, /gps_fix, /ephemeris, /range, /gps_fix_psr, /novatel_node/gps_fix_ecef] RECEIVED AN ACK.
1510167264.868339702 INFO [/home/mdas/ros_ws/src/packages/novatel/src/novatel_node.cpp:55(handleInfoMessages) [topics: /rosout, /gps_odom, /gps_fix, /ephemeris, /range, /gps_fix_psr, /novatel_node/gps_fix_ecef] Ack received for requested log: BESTVELB ONTIME 1.00
1510167264.868495340 INFO [/home/mdas/ros_ws/src/packages/novatel/src/novatel_node.cpp:55(handleInfoMessages) [topics: /rosout, /gps_odom, /gps_fix, /ephemeris, /range, /gps_fix_psr, /novatel_node/gps_fix_ecef] LOG PSRPOSB ONTIME 1.00

1510167265.599571473 INFO [/home/mdas/ros_ws/src/packages/novatel/src/novatel_node.cpp:55(handleInfoMessages) [topics: /rosout, /gps_odom, /gps_fix, /ephemeris, /range, /gps_fix_psr, /novatel_node/gps_fix_ecef] RECEIVED AN ACK.
1510167265.599807606 INFO [/home/mdas/ros_ws/src/packages/novatel/src/novatel_node.cpp:55(handleInfoMessages) [topics: /rosout, /gps_odom, /gps_fix, /ephemeris, /range, /gps_fix_psr, /novatel_node/gps_fix_ecef] Ack received for requested log: PSRPOSB ONTIME 1.00
1510167387.562007254 INFO [/tmp/binarydeb/ros-indigo-rosbag-1.11.21/src/recorder.cpp:211(shared_ptr<ros::Subscriber> rosbag::Recorder::subscribe) [topics: /rosout] Subscribing to /novatel_node/gps_fix_ecef
1510167262.350737460 INFO [/home/mdas/ros_ws/src/sicktoolbox_wrapper/ros/sicklms/sicklms.cpp:283(main) [topics: /rosout, /diagnostics, /sensor_msgs/LaserScan] Measuring units setup not requested or identical to actual ('Centimeters (cm)')
1510167430.689301420 ERROR [/home/mdas/ros_ws/src/sicktoolbox_wrapper/ros/sicklms/sicklms.cpp:404(main) [topics: /rosout, /diagnostics, /sensor_msgs/LaserScan] Unknown error.
1510167443.007859816 ERROR [/home/mdas/ros_ws/src/sicktoolbox_wrapper/ros/sicklms/sicklms.cpp:352(main) [topics: /rosout, /diagnostics, /sensor_msgs/LaserScan] Initialize failed! are you using the correct device path?
